<?xml version="1.0" encoding="UTF-8"?>
<!-- Generated by org.testng.reporters.JUnitXMLReporter -->
<testsuite hostname="Hitesh-Mac-Mini.local" name="Regression Testing" tests="55" failures="5" timestamp="5 Dec 2016 13:57:49 GMT" time="1929.305" errors="0">
  <testcase name="@AfterClass closeApp" time="0.0" classname="com.eduven.testcase.WordSearchListPageTestCases">
    <failure type="org.openqa.selenium.WebDriverException" message="An unknown server-side error occurred while processing the command. (Original error: Instruments crashed on startup) (WARNING: The server did not provide any stacktrace information)
Command duration or timeout: 112.69 seconds
Build info: version: &amp;apos;2.51.0&amp;apos;, revision: &amp;apos;1af067d&amp;apos;, time: &amp;apos;2016-02-05 19:15:17&amp;apos;
System info: host: &amp;apos;Hitesh-Mac-Mini.local&amp;apos;, ip: &amp;apos;10.30.30.97&amp;apos;, os.name: &amp;apos;Mac OS X&amp;apos;, os.arch: &amp;apos;x86_64&amp;apos;, os.version: &amp;apos;10.11.6&amp;apos;, java.version: &amp;apos;1.8.0_74&amp;apos;
Driver info: io.appium.java_client.ios.IOSDriver
Capabilities [{app=/Users/hiteshbhardwaj/Desktop/Automation/app/DictionaryFrameworkIos/realestate/LD_Real_Estate.ipa, networkConnectionEnabled=false, warnings={}, appiumVersion=1.4.13, databaseEnabled=false, deviceName=Tester (9.3.5), platform=UNIX, desired={app=/Users/hiteshbhardwaj/Desktop/Automation/app/DictionaryFrameworkIos/realestate/LD_Real_Estate.ipa, appiumVersion=1.4.13, platformVersion=9.2, automationName=Appium, udid=7bcb4358baa692ac8207ca4db28eaacc80a14498, platformName=iOS, deviceName=Tester (9.3.5), platform=IOS}, platformVersion=9.2, webStorageEnabled=false, locationContextEnabled=false, automationName=Appium, browserName=iOS, takesScreenshot=true, javascriptEnabled=true, udid=7bcb4358baa692ac8207ca4db28eaacc80a14498, platformName=iOS}]
Session ID: cd0d4b85-5cee-4715-8018-3c9bc4b562f3">
      <![CDATA[org.openqa.selenium.WebDriverException: An unknown server-side error occurred while processing the command. (Original error: Instruments crashed on startup) (WARNING: The server did not provide any stacktrace information)
Command duration or timeout: 112.69 seconds
Build info: version: '2.51.0', revision: '1af067d', time: '2016-02-05 19:15:17'
System info: host: 'Hitesh-Mac-Mini.local', ip: '10.30.30.97', os.name: 'Mac OS X', os.arch: 'x86_64', os.version: '10.11.6', java.version: '1.8.0_74'
Driver info: io.appium.java_client.ios.IOSDriver
Capabilities [{app=/Users/hiteshbhardwaj/Desktop/Automation/app/DictionaryFrameworkIos/realestate/LD_Real_Estate.ipa, networkConnectionEnabled=false, warnings={}, appiumVersion=1.4.13, databaseEnabled=false, deviceName=Tester (9.3.5), platform=UNIX, desired={app=/Users/hiteshbhardwaj/Desktop/Automation/app/DictionaryFrameworkIos/realestate/LD_Real_Estate.ipa, appiumVersion=1.4.13, platformVersion=9.2, automationName=Appium, udid=7bcb4358baa692ac8207ca4db28eaacc80a14498, platformName=iOS, deviceName=Tester (9.3.5), platform=IOS}, platformVersion=9.2, webStorageEnabled=false, locationContextEnabled=false, automationName=Appium, browserName=iOS, takesScreenshot=true, javascriptEnabled=true, udid=7bcb4358baa692ac8207ca4db28eaacc80a14498, platformName=iOS}]
Session ID: cd0d4b85-5cee-4715-8018-3c9bc4b562f3
	at sun.reflect.NativeConstructorAccessorImpl.newInstance0(Native Method)
	at sun.reflect.NativeConstructorAccessorImpl.newInstance(NativeConstructorAccessorImpl.java:62)
	at sun.reflect.DelegatingConstructorAccessorImpl.newInstance(DelegatingConstructorAccessorImpl.java:45)
	at java.lang.reflect.Constructor.newInstance(Constructor.java:423)
	at org.openqa.selenium.remote.ErrorHandler.createThrowable(ErrorHandler.java:206)
	at org.openqa.selenium.remote.ErrorHandler.throwIfResponseFailed(ErrorHandler.java:158)
	at org.openqa.selenium.remote.RemoteWebDriver.execute(RemoteWebDriver.java:678)
	at io.appium.java_client.DefaultGenericMobileDriver.execute(DefaultGenericMobileDriver.java:43)
	at io.appium.java_client.AppiumDriver.execute(AppiumDriver.java:216)
	at io.appium.java_client.AppiumDriver.resetApp(AppiumDriver.java:227)
	at com.eduven.utils.Reusables.terminatesAppInstance(Reusables.java:467)
	at com.eduven.testcase.WordSearchListPageTestCases.closeApp(WordSearchListPageTestCases.java:91)
	at sun.reflect.NativeMethodAccessorImpl.invoke0(Native Method)
	at sun.reflect.NativeMethodAccessorImpl.invoke(NativeMethodAccessorImpl.java:62)
	at sun.reflect.DelegatingMethodAccessorImpl.invoke(DelegatingMethodAccessorImpl.java:43)
	at java.lang.reflect.Method.invoke(Method.java:498)
	at org.testng.internal.MethodInvocationHelper.invokeMethod(MethodInvocationHelper.java:85)
	at org.testng.internal.Invoker.invokeConfigurationMethod(Invoker.java:510)
	at org.testng.internal.Invoker.invokeConfigurations(Invoker.java:211)
	at org.testng.internal.Invoker.invokeConfigurations(Invoker.java:138)
	at org.testng.internal.TestMethodWorker.invokeAfterClassMethods(TestMethodWorker.java:220)
	at org.testng.internal.TestMethodWorker.run(TestMethodWorker.java:111)
	at org.testng.TestRunner.privateRun(TestRunner.java:774)
	at org.testng.TestRunner.run(TestRunner.java:624)
	at org.testng.SuiteRunner.runTest(SuiteRunner.java:359)
	at org.testng.SuiteRunner.runSequentially(SuiteRunner.java:354)
	at org.testng.SuiteRunner.privateRun(SuiteRunner.java:312)
	at org.testng.SuiteRunner.run(SuiteRunner.java:261)
	at org.testng.SuiteRunnerWorker.runSuite(SuiteRunnerWorker.java:52)
	at org.testng.SuiteRunnerWorker.run(SuiteRunnerWorker.java:86)
	at org.testng.TestNG.runSuitesSequentially(TestNG.java:1215)
	at org.testng.TestNG.runSuitesLocally(TestNG.java:1140)
	at org.testng.TestNG.run(TestNG.java:1048)
	at com.eduven.utils.RunTestng.main(RunTestng.java:59)
]]>
    </failure>
  </testcase> <!-- @AfterClass closeApp -->
  <testcase name="@AfterMethod tearDown" time="0.0" classname="com.eduven.testcase.TermDetailPageTestCases">
    <failure type="org.openqa.selenium.remote.SessionNotFoundException" message="
Command duration or timeout: 4 milliseconds
Build info: version: &amp;apos;2.51.0&amp;apos;, revision: &amp;apos;1af067d&amp;apos;, time: &amp;apos;2016-02-05 19:15:17&amp;apos;
System info: host: &amp;apos;Hitesh-Mac-Mini.local&amp;apos;, ip: &amp;apos;10.30.30.97&amp;apos;, os.name: &amp;apos;Mac OS X&amp;apos;, os.arch: &amp;apos;x86_64&amp;apos;, os.version: &amp;apos;10.11.6&amp;apos;, java.version: &amp;apos;1.8.0_74&amp;apos;
Driver info: io.appium.java_client.ios.IOSDriver
Capabilities [{app=/Users/hiteshbhardwaj/Desktop/Automation/app/DictionaryFrameworkIos/realestate/LD_Real_Estate.ipa, networkConnectionEnabled=false, warnings={}, appiumVersion=1.4.13, databaseEnabled=false, deviceName=Tester (9.3.5), platform=UNIX, desired={app=/Users/hiteshbhardwaj/Desktop/Automation/app/DictionaryFrameworkIos/realestate/LD_Real_Estate.ipa, appiumVersion=1.4.13, platformVersion=9.2, automationName=Appium, udid=7bcb4358baa692ac8207ca4db28eaacc80a14498, platformName=iOS, deviceName=Tester (9.3.5), platform=IOS}, platformVersion=9.2, webStorageEnabled=false, locationContextEnabled=false, automationName=Appium, browserName=iOS, takesScreenshot=true, javascriptEnabled=true, udid=7bcb4358baa692ac8207ca4db28eaacc80a14498, platformName=iOS}]
Session ID: cd0d4b85-5cee-4715-8018-3c9bc4b562f3">
      <![CDATA[org.openqa.selenium.remote.SessionNotFoundException: 
Command duration or timeout: 4 milliseconds
Build info: version: '2.51.0', revision: '1af067d', time: '2016-02-05 19:15:17'
System info: host: 'Hitesh-Mac-Mini.local', ip: '10.30.30.97', os.name: 'Mac OS X', os.arch: 'x86_64', os.version: '10.11.6', java.version: '1.8.0_74'
Driver info: io.appium.java_client.ios.IOSDriver
Capabilities [{app=/Users/hiteshbhardwaj/Desktop/Automation/app/DictionaryFrameworkIos/realestate/LD_Real_Estate.ipa, networkConnectionEnabled=false, warnings={}, appiumVersion=1.4.13, databaseEnabled=false, deviceName=Tester (9.3.5), platform=UNIX, desired={app=/Users/hiteshbhardwaj/Desktop/Automation/app/DictionaryFrameworkIos/realestate/LD_Real_Estate.ipa, appiumVersion=1.4.13, platformVersion=9.2, automationName=Appium, udid=7bcb4358baa692ac8207ca4db28eaacc80a14498, platformName=iOS, deviceName=Tester (9.3.5), platform=IOS}, platformVersion=9.2, webStorageEnabled=false, locationContextEnabled=false, automationName=Appium, browserName=iOS, takesScreenshot=true, javascriptEnabled=true, udid=7bcb4358baa692ac8207ca4db28eaacc80a14498, platformName=iOS}]
Session ID: cd0d4b85-5cee-4715-8018-3c9bc4b562f3
	at sun.reflect.NativeConstructorAccessorImpl.newInstance0(Native Method)
	at sun.reflect.NativeConstructorAccessorImpl.newInstance(NativeConstructorAccessorImpl.java:62)
	at sun.reflect.DelegatingConstructorAccessorImpl.newInstance(DelegatingConstructorAccessorImpl.java:45)
	at java.lang.reflect.Constructor.newInstance(Constructor.java:423)
	at org.openqa.selenium.remote.ErrorHandler.createThrowable(ErrorHandler.java:206)
	at org.openqa.selenium.remote.ErrorHandler.throwIfResponseFailed(ErrorHandler.java:164)
	at org.openqa.selenium.remote.RemoteWebDriver.execute(RemoteWebDriver.java:678)
	at io.appium.java_client.DefaultGenericMobileDriver.execute(DefaultGenericMobileDriver.java:43)
	at io.appium.java_client.AppiumDriver.execute(AppiumDriver.java:216)
	at org.openqa.selenium.remote.RemoteWebDriver.getScreenshotAs(RemoteWebDriver.java:335)
	at com.eduven.utils.ScreenShot.takesScreenShotCapture(ScreenShot.java:22)
	at com.eduven.testcase.TermDetailPageTestCases.tearDown(TermDetailPageTestCases.java:104)
	at sun.reflect.NativeMethodAccessorImpl.invoke0(Native Method)
	at sun.reflect.NativeMethodAccessorImpl.invoke(NativeMethodAccessorImpl.java:62)
	at sun.reflect.DelegatingMethodAccessorImpl.invoke(DelegatingMethodAccessorImpl.java:43)
	at java.lang.reflect.Method.invoke(Method.java:498)
	at org.testng.internal.MethodInvocationHelper.invokeMethod(MethodInvocationHelper.java:85)
	at org.testng.internal.Invoker.invokeConfigurationMethod(Invoker.java:510)
	at org.testng.internal.Invoker.invokeConfigurations(Invoker.java:211)
	at org.testng.internal.Invoker.invokeMethod(Invoker.java:703)
	at org.testng.internal.Invoker.invokeTestMethod(Invoker.java:816)
	at org.testng.internal.Invoker.invokeTestMethods(Invoker.java:1124)
	at org.testng.internal.TestMethodWorker.invokeTestMethods(TestMethodWorker.java:125)
	at org.testng.internal.TestMethodWorker.run(TestMethodWorker.java:108)
	at org.testng.TestRunner.privateRun(TestRunner.java:774)
	at org.testng.TestRunner.run(TestRunner.java:624)
	at org.testng.SuiteRunner.runTest(SuiteRunner.java:359)
	at org.testng.SuiteRunner.runSequentially(SuiteRunner.java:354)
	at org.testng.SuiteRunner.privateRun(SuiteRunner.java:312)
	at org.testng.SuiteRunner.run(SuiteRunner.java:261)
	at org.testng.SuiteRunnerWorker.runSuite(SuiteRunnerWorker.java:52)
	at org.testng.SuiteRunnerWorker.run(SuiteRunnerWorker.java:86)
	at org.testng.TestNG.runSuitesSequentially(TestNG.java:1215)
	at org.testng.TestNG.runSuitesLocally(TestNG.java:1140)
	at org.testng.TestNG.run(TestNG.java:1048)
	at com.eduven.utils.RunTestng.main(RunTestng.java:59)
]]>
    </failure>
  </testcase> <!-- @AfterMethod tearDown -->
  <testcase name="@AfterMethod tearDown" time="0.0" classname="com.eduven.testcase.TermDetailPageTestCases">
    <skipped/>
  </testcase> <!-- @AfterMethod tearDown -->
  <testcase name="@AfterMethod tearDown" time="0.0" classname="com.eduven.testcase.TermDetailPageTestCases">
    <skipped/>
  </testcase> <!-- @AfterMethod tearDown -->
  <testcase name="@AfterMethod tearDown" time="0.0" classname="com.eduven.testcase.TermDetailPageTestCases">
    <skipped/>
  </testcase> <!-- @AfterMethod tearDown -->
  <testcase name="@AfterMethod tearDown" time="0.0" classname="com.eduven.testcase.TermDetailPageTestCases">
    <skipped/>
  </testcase> <!-- @AfterMethod tearDown -->
  <testcase name="@AfterMethod tearDown" time="0.0" classname="com.eduven.testcase.TermDetailPageTestCases">
    <skipped/>
  </testcase> <!-- @AfterMethod tearDown -->
  <testcase name="@AfterMethod tearDown" time="0.0" classname="com.eduven.testcase.TermDetailPageTestCases">
    <skipped/>
  </testcase> <!-- @AfterMethod tearDown -->
  <testcase name="@AfterMethod tearDown" time="0.0" classname="com.eduven.testcase.TermDetailPageTestCases">
    <skipped/>
  </testcase> <!-- @AfterMethod tearDown -->
  <testcase name="@AfterMethod tearDown" time="0.0" classname="com.eduven.testcase.TermDetailPageTestCases">
    <skipped/>
  </testcase> <!-- @AfterMethod tearDown -->
  <testcase name="@AfterClass closeApp" time="0.0" classname="com.eduven.testcase.TermDetailPageTestCases">
    <skipped/>
  </testcase> <!-- @AfterClass closeApp -->
  <testcase name="@AfterMethod tearDown" time="0.0" classname="com.eduven.testcase.EduBankPageTestCases">
    <failure type="org.openqa.selenium.remote.SessionNotFoundException" message="
Command duration or timeout: 4 milliseconds
Build info: version: &amp;apos;2.51.0&amp;apos;, revision: &amp;apos;1af067d&amp;apos;, time: &amp;apos;2016-02-05 19:15:17&amp;apos;
System info: host: &amp;apos;Hitesh-Mac-Mini.local&amp;apos;, ip: &amp;apos;10.30.30.97&amp;apos;, os.name: &amp;apos;Mac OS X&amp;apos;, os.arch: &amp;apos;x86_64&amp;apos;, os.version: &amp;apos;10.11.6&amp;apos;, java.version: &amp;apos;1.8.0_74&amp;apos;
Driver info: io.appium.java_client.ios.IOSDriver
Capabilities [{app=/Users/hiteshbhardwaj/Desktop/Automation/app/DictionaryFrameworkIos/realestate/LD_Real_Estate.ipa, networkConnectionEnabled=false, warnings={}, appiumVersion=1.4.13, databaseEnabled=false, deviceName=Tester (9.3.5), platform=UNIX, desired={app=/Users/hiteshbhardwaj/Desktop/Automation/app/DictionaryFrameworkIos/realestate/LD_Real_Estate.ipa, appiumVersion=1.4.13, platformVersion=9.2, automationName=Appium, udid=7bcb4358baa692ac8207ca4db28eaacc80a14498, platformName=iOS, deviceName=Tester (9.3.5), platform=IOS}, platformVersion=9.2, webStorageEnabled=false, locationContextEnabled=false, automationName=Appium, browserName=iOS, takesScreenshot=true, javascriptEnabled=true, udid=7bcb4358baa692ac8207ca4db28eaacc80a14498, platformName=iOS}]
Session ID: cd0d4b85-5cee-4715-8018-3c9bc4b562f3">
      <![CDATA[org.openqa.selenium.remote.SessionNotFoundException: 
Command duration or timeout: 4 milliseconds
Build info: version: '2.51.0', revision: '1af067d', time: '2016-02-05 19:15:17'
System info: host: 'Hitesh-Mac-Mini.local', ip: '10.30.30.97', os.name: 'Mac OS X', os.arch: 'x86_64', os.version: '10.11.6', java.version: '1.8.0_74'
Driver info: io.appium.java_client.ios.IOSDriver
Capabilities [{app=/Users/hiteshbhardwaj/Desktop/Automation/app/DictionaryFrameworkIos/realestate/LD_Real_Estate.ipa, networkConnectionEnabled=false, warnings={}, appiumVersion=1.4.13, databaseEnabled=false, deviceName=Tester (9.3.5), platform=UNIX, desired={app=/Users/hiteshbhardwaj/Desktop/Automation/app/DictionaryFrameworkIos/realestate/LD_Real_Estate.ipa, appiumVersion=1.4.13, platformVersion=9.2, automationName=Appium, udid=7bcb4358baa692ac8207ca4db28eaacc80a14498, platformName=iOS, deviceName=Tester (9.3.5), platform=IOS}, platformVersion=9.2, webStorageEnabled=false, locationContextEnabled=false, automationName=Appium, browserName=iOS, takesScreenshot=true, javascriptEnabled=true, udid=7bcb4358baa692ac8207ca4db28eaacc80a14498, platformName=iOS}]
Session ID: cd0d4b85-5cee-4715-8018-3c9bc4b562f3
	at sun.reflect.NativeConstructorAccessorImpl.newInstance0(Native Method)
	at sun.reflect.NativeConstructorAccessorImpl.newInstance(NativeConstructorAccessorImpl.java:62)
	at sun.reflect.DelegatingConstructorAccessorImpl.newInstance(DelegatingConstructorAccessorImpl.java:45)
	at java.lang.reflect.Constructor.newInstance(Constructor.java:423)
	at org.openqa.selenium.remote.ErrorHandler.createThrowable(ErrorHandler.java:206)
	at org.openqa.selenium.remote.ErrorHandler.throwIfResponseFailed(ErrorHandler.java:164)
	at org.openqa.selenium.remote.RemoteWebDriver.execute(RemoteWebDriver.java:678)
	at io.appium.java_client.DefaultGenericMobileDriver.execute(DefaultGenericMobileDriver.java:43)
	at io.appium.java_client.AppiumDriver.execute(AppiumDriver.java:216)
	at org.openqa.selenium.remote.RemoteWebDriver.getScreenshotAs(RemoteWebDriver.java:335)
	at com.eduven.utils.ScreenShot.takesScreenShotCapture(ScreenShot.java:22)
	at com.eduven.testcase.EduBankPageTestCases.tearDown(EduBankPageTestCases.java:105)
	at sun.reflect.NativeMethodAccessorImpl.invoke0(Native Method)
	at sun.reflect.NativeMethodAccessorImpl.invoke(NativeMethodAccessorImpl.java:62)
	at sun.reflect.DelegatingMethodAccessorImpl.invoke(DelegatingMethodAccessorImpl.java:43)
	at java.lang.reflect.Method.invoke(Method.java:498)
	at org.testng.internal.MethodInvocationHelper.invokeMethod(MethodInvocationHelper.java:85)
	at org.testng.internal.Invoker.invokeConfigurationMethod(Invoker.java:510)
	at org.testng.internal.Invoker.invokeConfigurations(Invoker.java:211)
	at org.testng.internal.Invoker.invokeMethod(Invoker.java:703)
	at org.testng.internal.Invoker.invokeTestMethod(Invoker.java:816)
	at org.testng.internal.Invoker.invokeTestMethods(Invoker.java:1124)
	at org.testng.internal.TestMethodWorker.invokeTestMethods(TestMethodWorker.java:125)
	at org.testng.internal.TestMethodWorker.run(TestMethodWorker.java:108)
	at org.testng.TestRunner.privateRun(TestRunner.java:774)
	at org.testng.TestRunner.run(TestRunner.java:624)
	at org.testng.SuiteRunner.runTest(SuiteRunner.java:359)
	at org.testng.SuiteRunner.runSequentially(SuiteRunner.java:354)
	at org.testng.SuiteRunner.privateRun(SuiteRunner.java:312)
	at org.testng.SuiteRunner.run(SuiteRunner.java:261)
	at org.testng.SuiteRunnerWorker.runSuite(SuiteRunnerWorker.java:52)
	at org.testng.SuiteRunnerWorker.run(SuiteRunnerWorker.java:86)
	at org.testng.TestNG.runSuitesSequentially(TestNG.java:1215)
	at org.testng.TestNG.runSuitesLocally(TestNG.java:1140)
	at org.testng.TestNG.run(TestNG.java:1048)
	at com.eduven.utils.RunTestng.main(RunTestng.java:59)
]]>
    </failure>
  </testcase> <!-- @AfterMethod tearDown -->
  <testcase name="@AfterMethod tearDown" time="0.0" classname="com.eduven.testcase.EduBankPageTestCases">
    <skipped/>
  </testcase> <!-- @AfterMethod tearDown -->
  <testcase name="@AfterMethod tearDown" time="0.0" classname="com.eduven.testcase.EduBankPageTestCases">
    <skipped/>
  </testcase> <!-- @AfterMethod tearDown -->
  <testcase name="@AfterMethod tearDown" time="0.0" classname="com.eduven.testcase.EduBankPageTestCases">
    <skipped/>
  </testcase> <!-- @AfterMethod tearDown -->
  <testcase name="@AfterMethod tearDown" time="0.0" classname="com.eduven.testcase.EduBankPageTestCases">
    <skipped/>
  </testcase> <!-- @AfterMethod tearDown -->
  <testcase name="@AfterMethod tearDown" time="0.0" classname="com.eduven.testcase.EduBankPageTestCases">
    <skipped/>
  </testcase> <!-- @AfterMethod tearDown -->
  <testcase name="@AfterMethod tearDown" time="0.0" classname="com.eduven.testcase.EduBankPageTestCases">
    <skipped/>
  </testcase> <!-- @AfterMethod tearDown -->
  <testcase name="@AfterMethod tearDown" time="0.0" classname="com.eduven.testcase.EduBankPageTestCases">
    <skipped/>
  </testcase> <!-- @AfterMethod tearDown -->
  <testcase name="@AfterMethod tearDown" time="0.0" classname="com.eduven.testcase.EduBankPageTestCases">
    <skipped/>
  </testcase> <!-- @AfterMethod tearDown -->
  <testcase name="@AfterMethod tearDown" time="0.0" classname="com.eduven.testcase.EduBankPageTestCases">
    <skipped/>
  </testcase> <!-- @AfterMethod tearDown -->
  <testcase name="@AfterMethod tearDown" time="0.0" classname="com.eduven.testcase.EduBankPageTestCases">
    <skipped/>
  </testcase> <!-- @AfterMethod tearDown -->
  <testcase name="@AfterClass closeApp" time="0.0" classname="com.eduven.testcase.EduBankPageTestCases">
    <skipped/>
  </testcase> <!-- @AfterClass closeApp -->
  <testcase name="@AfterMethod tearDown" time="0.0" classname="com.eduven.testcase.EvMenuPageTestCases">
    <failure type="org.openqa.selenium.remote.SessionNotFoundException" message="
Command duration or timeout: 5 milliseconds
Build info: version: &amp;apos;2.51.0&amp;apos;, revision: &amp;apos;1af067d&amp;apos;, time: &amp;apos;2016-02-05 19:15:17&amp;apos;
System info: host: &amp;apos;Hitesh-Mac-Mini.local&amp;apos;, ip: &amp;apos;10.30.30.97&amp;apos;, os.name: &amp;apos;Mac OS X&amp;apos;, os.arch: &amp;apos;x86_64&amp;apos;, os.version: &amp;apos;10.11.6&amp;apos;, java.version: &amp;apos;1.8.0_74&amp;apos;
Driver info: io.appium.java_client.ios.IOSDriver
Capabilities [{app=/Users/hiteshbhardwaj/Desktop/Automation/app/DictionaryFrameworkIos/realestate/LD_Real_Estate.ipa, networkConnectionEnabled=false, warnings={}, appiumVersion=1.4.13, databaseEnabled=false, deviceName=Tester (9.3.5), platform=UNIX, desired={app=/Users/hiteshbhardwaj/Desktop/Automation/app/DictionaryFrameworkIos/realestate/LD_Real_Estate.ipa, appiumVersion=1.4.13, platformVersion=9.2, automationName=Appium, udid=7bcb4358baa692ac8207ca4db28eaacc80a14498, platformName=iOS, deviceName=Tester (9.3.5), platform=IOS}, platformVersion=9.2, webStorageEnabled=false, locationContextEnabled=false, automationName=Appium, browserName=iOS, takesScreenshot=true, javascriptEnabled=true, udid=7bcb4358baa692ac8207ca4db28eaacc80a14498, platformName=iOS}]
Session ID: cd0d4b85-5cee-4715-8018-3c9bc4b562f3">
      <![CDATA[org.openqa.selenium.remote.SessionNotFoundException: 
Command duration or timeout: 5 milliseconds
Build info: version: '2.51.0', revision: '1af067d', time: '2016-02-05 19:15:17'
System info: host: 'Hitesh-Mac-Mini.local', ip: '10.30.30.97', os.name: 'Mac OS X', os.arch: 'x86_64', os.version: '10.11.6', java.version: '1.8.0_74'
Driver info: io.appium.java_client.ios.IOSDriver
Capabilities [{app=/Users/hiteshbhardwaj/Desktop/Automation/app/DictionaryFrameworkIos/realestate/LD_Real_Estate.ipa, networkConnectionEnabled=false, warnings={}, appiumVersion=1.4.13, databaseEnabled=false, deviceName=Tester (9.3.5), platform=UNIX, desired={app=/Users/hiteshbhardwaj/Desktop/Automation/app/DictionaryFrameworkIos/realestate/LD_Real_Estate.ipa, appiumVersion=1.4.13, platformVersion=9.2, automationName=Appium, udid=7bcb4358baa692ac8207ca4db28eaacc80a14498, platformName=iOS, deviceName=Tester (9.3.5), platform=IOS}, platformVersion=9.2, webStorageEnabled=false, locationContextEnabled=false, automationName=Appium, browserName=iOS, takesScreenshot=true, javascriptEnabled=true, udid=7bcb4358baa692ac8207ca4db28eaacc80a14498, platformName=iOS}]
Session ID: cd0d4b85-5cee-4715-8018-3c9bc4b562f3
	at sun.reflect.NativeConstructorAccessorImpl.newInstance0(Native Method)
	at sun.reflect.NativeConstructorAccessorImpl.newInstance(NativeConstructorAccessorImpl.java:62)
	at sun.reflect.DelegatingConstructorAccessorImpl.newInstance(DelegatingConstructorAccessorImpl.java:45)
	at java.lang.reflect.Constructor.newInstance(Constructor.java:423)
	at org.openqa.selenium.remote.ErrorHandler.createThrowable(ErrorHandler.java:206)
	at org.openqa.selenium.remote.ErrorHandler.throwIfResponseFailed(ErrorHandler.java:164)
	at org.openqa.selenium.remote.RemoteWebDriver.execute(RemoteWebDriver.java:678)
	at io.appium.java_client.DefaultGenericMobileDriver.execute(DefaultGenericMobileDriver.java:43)
	at io.appium.java_client.AppiumDriver.execute(AppiumDriver.java:216)
	at org.openqa.selenium.remote.RemoteWebDriver.getScreenshotAs(RemoteWebDriver.java:335)
	at com.eduven.utils.ScreenShot.takesScreenShotCapture(ScreenShot.java:22)
	at com.eduven.testcase.EvMenuPageTestCases.tearDown(EvMenuPageTestCases.java:105)
	at sun.reflect.NativeMethodAccessorImpl.invoke0(Native Method)
	at sun.reflect.NativeMethodAccessorImpl.invoke(NativeMethodAccessorImpl.java:62)
	at sun.reflect.DelegatingMethodAccessorImpl.invoke(DelegatingMethodAccessorImpl.java:43)
	at java.lang.reflect.Method.invoke(Method.java:498)
	at org.testng.internal.MethodInvocationHelper.invokeMethod(MethodInvocationHelper.java:85)
	at org.testng.internal.Invoker.invokeConfigurationMethod(Invoker.java:510)
	at org.testng.internal.Invoker.invokeConfigurations(Invoker.java:211)
	at org.testng.internal.Invoker.invokeMethod(Invoker.java:703)
	at org.testng.internal.Invoker.invokeTestMethod(Invoker.java:816)
	at org.testng.internal.Invoker.invokeTestMethods(Invoker.java:1124)
	at org.testng.internal.TestMethodWorker.invokeTestMethods(TestMethodWorker.java:125)
	at org.testng.internal.TestMethodWorker.run(TestMethodWorker.java:108)
	at org.testng.TestRunner.privateRun(TestRunner.java:774)
	at org.testng.TestRunner.run(TestRunner.java:624)
	at org.testng.SuiteRunner.runTest(SuiteRunner.java:359)
	at org.testng.SuiteRunner.runSequentially(SuiteRunner.java:354)
	at org.testng.SuiteRunner.privateRun(SuiteRunner.java:312)
	at org.testng.SuiteRunner.run(SuiteRunner.java:261)
	at org.testng.SuiteRunnerWorker.runSuite(SuiteRunnerWorker.java:52)
	at org.testng.SuiteRunnerWorker.run(SuiteRunnerWorker.java:86)
	at org.testng.TestNG.runSuitesSequentially(TestNG.java:1215)
	at org.testng.TestNG.runSuitesLocally(TestNG.java:1140)
	at org.testng.TestNG.run(TestNG.java:1048)
	at com.eduven.utils.RunTestng.main(RunTestng.java:59)
]]>
    </failure>
  </testcase> <!-- @AfterMethod tearDown -->
  <testcase name="@AfterMethod tearDown" time="0.0" classname="com.eduven.testcase.EvMenuPageTestCases">
    <skipped/>
  </testcase> <!-- @AfterMethod tearDown -->
  <testcase name="@AfterMethod tearDown" time="0.0" classname="com.eduven.testcase.EvMenuPageTestCases">
    <skipped/>
  </testcase> <!-- @AfterMethod tearDown -->
  <testcase name="@AfterMethod tearDown" time="0.0" classname="com.eduven.testcase.EvMenuPageTestCases">
    <skipped/>
  </testcase> <!-- @AfterMethod tearDown -->
  <testcase name="@AfterMethod tearDown" time="0.0" classname="com.eduven.testcase.EvMenuPageTestCases">
    <skipped/>
  </testcase> <!-- @AfterMethod tearDown -->
  <testcase name="@AfterMethod tearDown" time="0.0" classname="com.eduven.testcase.EvMenuPageTestCases">
    <skipped/>
  </testcase> <!-- @AfterMethod tearDown -->
  <testcase name="@AfterMethod tearDown" time="0.0" classname="com.eduven.testcase.EvMenuPageTestCases">
    <skipped/>
  </testcase> <!-- @AfterMethod tearDown -->
  <testcase name="@AfterMethod tearDown" time="0.0" classname="com.eduven.testcase.EvMenuPageTestCases">
    <skipped/>
  </testcase> <!-- @AfterMethod tearDown -->
  <testcase name="@AfterMethod tearDown" time="0.0" classname="com.eduven.testcase.EvMenuPageTestCases">
    <skipped/>
  </testcase> <!-- @AfterMethod tearDown -->
  <testcase name="@AfterMethod tearDown" time="0.0" classname="com.eduven.testcase.EvMenuPageTestCases">
    <skipped/>
  </testcase> <!-- @AfterMethod tearDown -->
  <testcase name="@AfterMethod tearDown" time="0.0" classname="com.eduven.testcase.EvMenuPageTestCases">
    <skipped/>
  </testcase> <!-- @AfterMethod tearDown -->
  <testcase name="@AfterClass closeApp" time="0.0" classname="com.eduven.testcase.EvMenuPageTestCases">
    <skipped/>
  </testcase> <!-- @AfterClass closeApp -->
  <testcase name="@AfterMethod tearDown" time="0.0" classname="com.eduven.testcase.ContributePageTestCases">
    <failure type="org.openqa.selenium.remote.SessionNotFoundException" message="
Command duration or timeout: 7 milliseconds
Build info: version: &amp;apos;2.51.0&amp;apos;, revision: &amp;apos;1af067d&amp;apos;, time: &amp;apos;2016-02-05 19:15:17&amp;apos;
System info: host: &amp;apos;Hitesh-Mac-Mini.local&amp;apos;, ip: &amp;apos;10.30.30.97&amp;apos;, os.name: &amp;apos;Mac OS X&amp;apos;, os.arch: &amp;apos;x86_64&amp;apos;, os.version: &amp;apos;10.11.6&amp;apos;, java.version: &amp;apos;1.8.0_74&amp;apos;
Driver info: io.appium.java_client.ios.IOSDriver
Capabilities [{app=/Users/hiteshbhardwaj/Desktop/Automation/app/DictionaryFrameworkIos/realestate/LD_Real_Estate.ipa, networkConnectionEnabled=false, warnings={}, appiumVersion=1.4.13, databaseEnabled=false, deviceName=Tester (9.3.5), platform=UNIX, desired={app=/Users/hiteshbhardwaj/Desktop/Automation/app/DictionaryFrameworkIos/realestate/LD_Real_Estate.ipa, appiumVersion=1.4.13, platformVersion=9.2, automationName=Appium, udid=7bcb4358baa692ac8207ca4db28eaacc80a14498, platformName=iOS, deviceName=Tester (9.3.5), platform=IOS}, platformVersion=9.2, webStorageEnabled=false, locationContextEnabled=false, automationName=Appium, browserName=iOS, takesScreenshot=true, javascriptEnabled=true, udid=7bcb4358baa692ac8207ca4db28eaacc80a14498, platformName=iOS}]
Session ID: cd0d4b85-5cee-4715-8018-3c9bc4b562f3">
      <![CDATA[org.openqa.selenium.remote.SessionNotFoundException: 
Command duration or timeout: 7 milliseconds
Build info: version: '2.51.0', revision: '1af067d', time: '2016-02-05 19:15:17'
System info: host: 'Hitesh-Mac-Mini.local', ip: '10.30.30.97', os.name: 'Mac OS X', os.arch: 'x86_64', os.version: '10.11.6', java.version: '1.8.0_74'
Driver info: io.appium.java_client.ios.IOSDriver
Capabilities [{app=/Users/hiteshbhardwaj/Desktop/Automation/app/DictionaryFrameworkIos/realestate/LD_Real_Estate.ipa, networkConnectionEnabled=false, warnings={}, appiumVersion=1.4.13, databaseEnabled=false, deviceName=Tester (9.3.5), platform=UNIX, desired={app=/Users/hiteshbhardwaj/Desktop/Automation/app/DictionaryFrameworkIos/realestate/LD_Real_Estate.ipa, appiumVersion=1.4.13, platformVersion=9.2, automationName=Appium, udid=7bcb4358baa692ac8207ca4db28eaacc80a14498, platformName=iOS, deviceName=Tester (9.3.5), platform=IOS}, platformVersion=9.2, webStorageEnabled=false, locationContextEnabled=false, automationName=Appium, browserName=iOS, takesScreenshot=true, javascriptEnabled=true, udid=7bcb4358baa692ac8207ca4db28eaacc80a14498, platformName=iOS}]
Session ID: cd0d4b85-5cee-4715-8018-3c9bc4b562f3
	at sun.reflect.NativeConstructorAccessorImpl.newInstance0(Native Method)
	at sun.reflect.NativeConstructorAccessorImpl.newInstance(NativeConstructorAccessorImpl.java:62)
	at sun.reflect.DelegatingConstructorAccessorImpl.newInstance(DelegatingConstructorAccessorImpl.java:45)
	at java.lang.reflect.Constructor.newInstance(Constructor.java:423)
	at org.openqa.selenium.remote.ErrorHandler.createThrowable(ErrorHandler.java:206)
	at org.openqa.selenium.remote.ErrorHandler.throwIfResponseFailed(ErrorHandler.java:164)
	at org.openqa.selenium.remote.RemoteWebDriver.execute(RemoteWebDriver.java:678)
	at io.appium.java_client.DefaultGenericMobileDriver.execute(DefaultGenericMobileDriver.java:43)
	at io.appium.java_client.AppiumDriver.execute(AppiumDriver.java:216)
	at org.openqa.selenium.remote.RemoteWebDriver.getScreenshotAs(RemoteWebDriver.java:335)
	at com.eduven.utils.ScreenShot.takesScreenShotCapture(ScreenShot.java:22)
	at com.eduven.testcase.ContributePageTestCases.tearDown(ContributePageTestCases.java:64)
	at sun.reflect.NativeMethodAccessorImpl.invoke0(Native Method)
	at sun.reflect.NativeMethodAccessorImpl.invoke(NativeMethodAccessorImpl.java:62)
	at sun.reflect.DelegatingMethodAccessorImpl.invoke(DelegatingMethodAccessorImpl.java:43)
	at java.lang.reflect.Method.invoke(Method.java:498)
	at org.testng.internal.MethodInvocationHelper.invokeMethod(MethodInvocationHelper.java:85)
	at org.testng.internal.Invoker.invokeConfigurationMethod(Invoker.java:510)
	at org.testng.internal.Invoker.invokeConfigurations(Invoker.java:211)
	at org.testng.internal.Invoker.invokeMethod(Invoker.java:703)
	at org.testng.internal.Invoker.invokeTestMethod(Invoker.java:816)
	at org.testng.internal.Invoker.invokeTestMethods(Invoker.java:1124)
	at org.testng.internal.TestMethodWorker.invokeTestMethods(TestMethodWorker.java:125)
	at org.testng.internal.TestMethodWorker.run(TestMethodWorker.java:108)
	at org.testng.TestRunner.privateRun(TestRunner.java:774)
	at org.testng.TestRunner.run(TestRunner.java:624)
	at org.testng.SuiteRunner.runTest(SuiteRunner.java:359)
	at org.testng.SuiteRunner.runSequentially(SuiteRunner.java:354)
	at org.testng.SuiteRunner.privateRun(SuiteRunner.java:312)
	at org.testng.SuiteRunner.run(SuiteRunner.java:261)
	at org.testng.SuiteRunnerWorker.runSuite(SuiteRunnerWorker.java:52)
	at org.testng.SuiteRunnerWorker.run(SuiteRunnerWorker.java:86)
	at org.testng.TestNG.runSuitesSequentially(TestNG.java:1215)
	at org.testng.TestNG.runSuitesLocally(TestNG.java:1140)
	at org.testng.TestNG.run(TestNG.java:1048)
	at com.eduven.utils.RunTestng.main(RunTestng.java:59)
]]>
    </failure>
  </testcase> <!-- @AfterMethod tearDown -->
  <testcase name="@AfterMethod tearDown" time="0.0" classname="com.eduven.testcase.ContributePageTestCases">
    <skipped/>
  </testcase> <!-- @AfterMethod tearDown -->
  <testcase name="@AfterMethod tearDown" time="0.0" classname="com.eduven.testcase.ContributePageTestCases">
    <skipped/>
  </testcase> <!-- @AfterMethod tearDown -->
  <testcase name="@AfterMethod tearDown" time="0.0" classname="com.eduven.testcase.ContributePageTestCases">
    <skipped/>
  </testcase> <!-- @AfterMethod tearDown -->
  <testcase name="@AfterMethod tearDown" time="0.0" classname="com.eduven.testcase.ContributePageTestCases">
    <skipped/>
  </testcase> <!-- @AfterMethod tearDown -->
  <testcase name="@AfterMethod tearDown" time="0.0" classname="com.eduven.testcase.ContributePageTestCases">
    <skipped/>
  </testcase> <!-- @AfterMethod tearDown -->
  <testcase name="@AfterClass closeApp" time="0.0" classname="com.eduven.testcase.ContributePageTestCases">
    <skipped/>
  </testcase> <!-- @AfterClass closeApp -->
  <testcase name="@AfterMethod tearDown" time="0.0" classname="com.eduven.testcase.InAppPurchaseTestCases">
    <failure type="org.openqa.selenium.remote.SessionNotFoundException" message="
Command duration or timeout: 4 milliseconds
Build info: version: &amp;apos;2.51.0&amp;apos;, revision: &amp;apos;1af067d&amp;apos;, time: &amp;apos;2016-02-05 19:15:17&amp;apos;
System info: host: &amp;apos;Hitesh-Mac-Mini.local&amp;apos;, ip: &amp;apos;10.30.30.97&amp;apos;, os.name: &amp;apos;Mac OS X&amp;apos;, os.arch: &amp;apos;x86_64&amp;apos;, os.version: &amp;apos;10.11.6&amp;apos;, java.version: &amp;apos;1.8.0_74&amp;apos;
Driver info: io.appium.java_client.ios.IOSDriver
Capabilities [{app=/Users/hiteshbhardwaj/Desktop/Automation/app/DictionaryFrameworkIos/realestate/LD_Real_Estate.ipa, networkConnectionEnabled=false, warnings={}, appiumVersion=1.4.13, databaseEnabled=false, deviceName=Tester (9.3.5), platform=UNIX, desired={app=/Users/hiteshbhardwaj/Desktop/Automation/app/DictionaryFrameworkIos/realestate/LD_Real_Estate.ipa, appiumVersion=1.4.13, platformVersion=9.2, automationName=Appium, udid=7bcb4358baa692ac8207ca4db28eaacc80a14498, platformName=iOS, deviceName=Tester (9.3.5), platform=IOS}, platformVersion=9.2, webStorageEnabled=false, locationContextEnabled=false, automationName=Appium, browserName=iOS, takesScreenshot=true, javascriptEnabled=true, udid=7bcb4358baa692ac8207ca4db28eaacc80a14498, platformName=iOS}]
Session ID: cd0d4b85-5cee-4715-8018-3c9bc4b562f3">
      <![CDATA[org.openqa.selenium.remote.SessionNotFoundException: 
Command duration or timeout: 4 milliseconds
Build info: version: '2.51.0', revision: '1af067d', time: '2016-02-05 19:15:17'
System info: host: 'Hitesh-Mac-Mini.local', ip: '10.30.30.97', os.name: 'Mac OS X', os.arch: 'x86_64', os.version: '10.11.6', java.version: '1.8.0_74'
Driver info: io.appium.java_client.ios.IOSDriver
Capabilities [{app=/Users/hiteshbhardwaj/Desktop/Automation/app/DictionaryFrameworkIos/realestate/LD_Real_Estate.ipa, networkConnectionEnabled=false, warnings={}, appiumVersion=1.4.13, databaseEnabled=false, deviceName=Tester (9.3.5), platform=UNIX, desired={app=/Users/hiteshbhardwaj/Desktop/Automation/app/DictionaryFrameworkIos/realestate/LD_Real_Estate.ipa, appiumVersion=1.4.13, platformVersion=9.2, automationName=Appium, udid=7bcb4358baa692ac8207ca4db28eaacc80a14498, platformName=iOS, deviceName=Tester (9.3.5), platform=IOS}, platformVersion=9.2, webStorageEnabled=false, locationContextEnabled=false, automationName=Appium, browserName=iOS, takesScreenshot=true, javascriptEnabled=true, udid=7bcb4358baa692ac8207ca4db28eaacc80a14498, platformName=iOS}]
Session ID: cd0d4b85-5cee-4715-8018-3c9bc4b562f3
	at sun.reflect.NativeConstructorAccessorImpl.newInstance0(Native Method)
	at sun.reflect.NativeConstructorAccessorImpl.newInstance(NativeConstructorAccessorImpl.java:62)
	at sun.reflect.DelegatingConstructorAccessorImpl.newInstance(DelegatingConstructorAccessorImpl.java:45)
	at java.lang.reflect.Constructor.newInstance(Constructor.java:423)
	at org.openqa.selenium.remote.ErrorHandler.createThrowable(ErrorHandler.java:206)
	at org.openqa.selenium.remote.ErrorHandler.throwIfResponseFailed(ErrorHandler.java:164)
	at org.openqa.selenium.remote.RemoteWebDriver.execute(RemoteWebDriver.java:678)
	at io.appium.java_client.DefaultGenericMobileDriver.execute(DefaultGenericMobileDriver.java:43)
	at io.appium.java_client.AppiumDriver.execute(AppiumDriver.java:216)
	at org.openqa.selenium.remote.RemoteWebDriver.getScreenshotAs(RemoteWebDriver.java:335)
	at com.eduven.utils.ScreenShot.takesScreenShotCapture(ScreenShot.java:22)
	at com.eduven.testcase.InAppPurchaseTestCases.tearDown(InAppPurchaseTestCases.java:56)
	at sun.reflect.NativeMethodAccessorImpl.invoke0(Native Method)
	at sun.reflect.NativeMethodAccessorImpl.invoke(NativeMethodAccessorImpl.java:62)
	at sun.reflect.DelegatingMethodAccessorImpl.invoke(DelegatingMethodAccessorImpl.java:43)
	at java.lang.reflect.Method.invoke(Method.java:498)
	at org.testng.internal.MethodInvocationHelper.invokeMethod(MethodInvocationHelper.java:85)
	at org.testng.internal.Invoker.invokeConfigurationMethod(Invoker.java:510)
	at org.testng.internal.Invoker.invokeConfigurations(Invoker.java:211)
	at org.testng.internal.Invoker.invokeMethod(Invoker.java:703)
	at org.testng.internal.Invoker.invokeTestMethod(Invoker.java:816)
	at org.testng.internal.Invoker.invokeTestMethods(Invoker.java:1124)
	at org.testng.internal.TestMethodWorker.invokeTestMethods(TestMethodWorker.java:125)
	at org.testng.internal.TestMethodWorker.run(TestMethodWorker.java:108)
	at org.testng.TestRunner.privateRun(TestRunner.java:774)
	at org.testng.TestRunner.run(TestRunner.java:624)
	at org.testng.SuiteRunner.runTest(SuiteRunner.java:359)
	at org.testng.SuiteRunner.runSequentially(SuiteRunner.java:354)
	at org.testng.SuiteRunner.privateRun(SuiteRunner.java:312)
	at org.testng.SuiteRunner.run(SuiteRunner.java:261)
	at org.testng.SuiteRunnerWorker.runSuite(SuiteRunnerWorker.java:52)
	at org.testng.SuiteRunnerWorker.run(SuiteRunnerWorker.java:86)
	at org.testng.TestNG.runSuitesSequentially(TestNG.java:1215)
	at org.testng.TestNG.runSuitesLocally(TestNG.java:1140)
	at org.testng.TestNG.run(TestNG.java:1048)
	at com.eduven.utils.RunTestng.main(RunTestng.java:59)
]]>
    </failure>
  </testcase> <!-- @AfterMethod tearDown -->
  <testcase name="@AfterMethod tearDown" time="0.0" classname="com.eduven.testcase.InAppPurchaseTestCases">
    <skipped/>
  </testcase> <!-- @AfterMethod tearDown -->
  <testcase name="@AfterMethod tearDown" time="0.0" classname="com.eduven.testcase.InAppPurchaseTestCases">
    <skipped/>
  </testcase> <!-- @AfterMethod tearDown -->
  <testcase name="@AfterMethod tearDown" time="0.0" classname="com.eduven.testcase.InAppPurchaseTestCases">
    <skipped/>
  </testcase> <!-- @AfterMethod tearDown -->
  <testcase name="@AfterClass closeApp" time="0.0" classname="com.eduven.testcase.InAppPurchaseTestCases">
    <skipped/>
  </testcase> <!-- @AfterClass closeApp -->
  <testcase name="verifyElementOnHomePageTest" time="38.794" classname="com.eduven.testcase.HomePageTestCases"/>
  <testcase name="homePageSearchBoxTest" time="89.661" classname="com.eduven.testcase.HomePageTestCases"/>
  <testcase name="homePageCategoryTest" time="9.317" classname="com.eduven.testcase.HomePageTestCases"/>
  <testcase name="homePageMoreAppsTest" time="16.907" classname="com.eduven.testcase.HomePageTestCases"/>
  <testcase name="homePageQuizTest" time="10.804" classname="com.eduven.testcase.HomePageTestCases"/>
  <testcase name="NavigateToCategoryPageTest" time="19.882" classname="com.eduven.testcase.CategoriesPageTestCases"/>
  <testcase name="verifyFooterElementTest" time="12.663" classname="com.eduven.testcase.CategoriesPageTestCases"/>
  <testcase name="verifyCategoryNameListTest" time="186.626" classname="com.eduven.testcase.CategoriesPageTestCases"/>
  <testcase name="navigateToTermPageTest" time="88.908" classname="com.eduven.testcase.WordSearchListPageTestCases"/>
  <testcase name="verifyFooterElementsTest" time="12.566" classname="com.eduven.testcase.WordSearchListPageTestCases"/>
  <testcase name="verifySearchRelatedTest" time="84.831" classname="com.eduven.testcase.WordSearchListPageTestCases"/>
  <testcase name="verifyWrongSearchTest" time="694.373" classname="com.eduven.testcase.WordSearchListPageTestCases"/>
  <testcase name="verifySearchWordByIndexTest" time="0.0" classname="com.eduven.testcase.WordSearchListPageTestCases"/>
  <testcase name="verifyTermNameListTest" time="507.724" classname="com.eduven.testcase.WordSearchListPageTestCases"/>
  <testcase name="navigateTermPageTest" time="1.015" classname="com.eduven.testcase.TermDetailPageTestCases">
    <failure type="org.openqa.selenium.remote.SessionNotFoundException" message="
Command duration or timeout: 7 milliseconds
Build info: version: &amp;apos;2.51.0&amp;apos;, revision: &amp;apos;1af067d&amp;apos;, time: &amp;apos;2016-02-05 19:15:17&amp;apos;
System info: host: &amp;apos;Hitesh-Mac-Mini.local&amp;apos;, ip: &amp;apos;10.30.30.97&amp;apos;, os.name: &amp;apos;Mac OS X&amp;apos;, os.arch: &amp;apos;x86_64&amp;apos;, os.version: &amp;apos;10.11.6&amp;apos;, java.version: &amp;apos;1.8.0_74&amp;apos;
Driver info: io.appium.java_client.ios.IOSDriver
Capabilities [{app=/Users/hiteshbhardwaj/Desktop/Automation/app/DictionaryFrameworkIos/realestate/LD_Real_Estate.ipa, networkConnectionEnabled=false, warnings={}, appiumVersion=1.4.13, databaseEnabled=false, deviceName=Tester (9.3.5), platform=UNIX, desired={app=/Users/hiteshbhardwaj/Desktop/Automation/app/DictionaryFrameworkIos/realestate/LD_Real_Estate.ipa, appiumVersion=1.4.13, platformVersion=9.2, automationName=Appium, udid=7bcb4358baa692ac8207ca4db28eaacc80a14498, platformName=iOS, deviceName=Tester (9.3.5), platform=IOS}, platformVersion=9.2, webStorageEnabled=false, locationContextEnabled=false, automationName=Appium, browserName=iOS, takesScreenshot=true, javascriptEnabled=true, udid=7bcb4358baa692ac8207ca4db28eaacc80a14498, platformName=iOS}]
Session ID: cd0d4b85-5cee-4715-8018-3c9bc4b562f3
*** Element info: {Using=id, value=Categories_button}">
      <![CDATA[org.openqa.selenium.remote.SessionNotFoundException: 
Command duration or timeout: 7 milliseconds
Build info: version: '2.51.0', revision: '1af067d', time: '2016-02-05 19:15:17'
System info: host: 'Hitesh-Mac-Mini.local', ip: '10.30.30.97', os.name: 'Mac OS X', os.arch: 'x86_64', os.version: '10.11.6', java.version: '1.8.0_74'
Driver info: io.appium.java_client.ios.IOSDriver
Capabilities [{app=/Users/hiteshbhardwaj/Desktop/Automation/app/DictionaryFrameworkIos/realestate/LD_Real_Estate.ipa, networkConnectionEnabled=false, warnings={}, appiumVersion=1.4.13, databaseEnabled=false, deviceName=Tester (9.3.5), platform=UNIX, desired={app=/Users/hiteshbhardwaj/Desktop/Automation/app/DictionaryFrameworkIos/realestate/LD_Real_Estate.ipa, appiumVersion=1.4.13, platformVersion=9.2, automationName=Appium, udid=7bcb4358baa692ac8207ca4db28eaacc80a14498, platformName=iOS, deviceName=Tester (9.3.5), platform=IOS}, platformVersion=9.2, webStorageEnabled=false, locationContextEnabled=false, automationName=Appium, browserName=iOS, takesScreenshot=true, javascriptEnabled=true, udid=7bcb4358baa692ac8207ca4db28eaacc80a14498, platformName=iOS}]
Session ID: cd0d4b85-5cee-4715-8018-3c9bc4b562f3
*** Element info: {Using=id, value=Categories_button}
	at sun.reflect.NativeConstructorAccessorImpl.newInstance0(Native Method)
	at sun.reflect.NativeConstructorAccessorImpl.newInstance(NativeConstructorAccessorImpl.java:62)
	at sun.reflect.DelegatingConstructorAccessorImpl.newInstance(DelegatingConstructorAccessorImpl.java:45)
	at java.lang.reflect.Constructor.newInstance(Constructor.java:423)
	at org.openqa.selenium.remote.ErrorHandler.createThrowable(ErrorHandler.java:206)
	at org.openqa.selenium.remote.ErrorHandler.throwIfResponseFailed(ErrorHandler.java:164)
	at org.openqa.selenium.remote.RemoteWebDriver.execute(RemoteWebDriver.java:678)
	at io.appium.java_client.DefaultGenericMobileDriver.execute(DefaultGenericMobileDriver.java:43)
	at io.appium.java_client.AppiumDriver.execute(AppiumDriver.java:1)
	at io.appium.java_client.ios.IOSDriver.execute(IOSDriver.java:1)
	at org.openqa.selenium.remote.RemoteWebDriver.findElement(RemoteWebDriver.java:363)
	at org.openqa.selenium.remote.RemoteWebDriver.findElementById(RemoteWebDriver.java:413)
	at io.appium.java_client.DefaultGenericMobileDriver.findElementById(DefaultGenericMobileDriver.java:59)
	at io.appium.java_client.AppiumDriver.findElementById(AppiumDriver.java:1)
	at io.appium.java_client.ios.IOSDriver.findElementById(IOSDriver.java:1)
	at org.openqa.selenium.By$ById.findElement(By.java:218)
	at org.openqa.selenium.remote.RemoteWebDriver.findElement(RemoteWebDriver.java:355)
	at io.appium.java_client.DefaultGenericMobileDriver.findElement(DefaultGenericMobileDriver.java:51)
	at io.appium.java_client.AppiumDriver.findElement(AppiumDriver.java:1)
	at io.appium.java_client.ios.IOSDriver.findElement(IOSDriver.java:1)
	at com.eduven.utils.Reusables.getIOSElement(Reusables.java:581)
	at com.eduven.modules.Categories.categoryInstance(Categories.java:33)
	at com.eduven.modules.Categories.navigateToCategoryPage(Categories.java:47)
	at com.eduven.testcase.TermDetailPageTestCases.navigateTermPageTest(TermDetailPageTestCases.java:28)
	at sun.reflect.NativeMethodAccessorImpl.invoke0(Native Method)
	at sun.reflect.NativeMethodAccessorImpl.invoke(NativeMethodAccessorImpl.java:62)
	at sun.reflect.DelegatingMethodAccessorImpl.invoke(DelegatingMethodAccessorImpl.java:43)
	at java.lang.reflect.Method.invoke(Method.java:498)
	at org.testng.internal.MethodInvocationHelper.invokeMethod(MethodInvocationHelper.java:85)
	at org.testng.internal.Invoker.invokeMethod(Invoker.java:639)
	at org.testng.internal.Invoker.invokeTestMethod(Invoker.java:816)
	at org.testng.internal.Invoker.invokeTestMethods(Invoker.java:1124)
	at org.testng.internal.TestMethodWorker.invokeTestMethods(TestMethodWorker.java:125)
	at org.testng.internal.TestMethodWorker.run(TestMethodWorker.java:108)
	at org.testng.TestRunner.privateRun(TestRunner.java:774)
	at org.testng.TestRunner.run(TestRunner.java:624)
	at org.testng.SuiteRunner.runTest(SuiteRunner.java:359)
	at org.testng.SuiteRunner.runSequentially(SuiteRunner.java:354)
	at org.testng.SuiteRunner.privateRun(SuiteRunner.java:312)
	at org.testng.SuiteRunner.run(SuiteRunner.java:261)
	at org.testng.SuiteRunnerWorker.runSuite(SuiteRunnerWorker.java:52)
	at org.testng.SuiteRunnerWorker.run(SuiteRunnerWorker.java:86)
	at org.testng.TestNG.runSuitesSequentially(TestNG.java:1215)
	at org.testng.TestNG.runSuitesLocally(TestNG.java:1140)
	at org.testng.TestNG.run(TestNG.java:1048)
	at com.eduven.utils.RunTestng.main(RunTestng.java:59)
]]>
    </failure>
  </testcase> <!-- navigateTermPageTest -->
  <testcase name="navigateToTermDetailPageTest" time="0.0" classname="com.eduven.testcase.TermDetailPageTestCases">
    <skipped/>
  </testcase> <!-- navigateToTermDetailPageTest -->
  <testcase name="verifyPremiumTermOnDetailPageTest" time="0.0" classname="com.eduven.testcase.TermDetailPageTestCases">
    <skipped/>
  </testcase> <!-- verifyPremiumTermOnDetailPageTest -->
  <testcase name="verifyFreeTermOnDetailPageTest" time="0.0" classname="com.eduven.testcase.TermDetailPageTestCases">
    <skipped/>
  </testcase> <!-- verifyFreeTermOnDetailPageTest -->
  <testcase name="verifyContributeTitleAndDescriptionTest" time="0.0" classname="com.eduven.testcase.TermDetailPageTestCases">
    <skipped/>
  </testcase> <!-- verifyContributeTitleAndDescriptionTest -->
  <testcase name="verifyTermNameAfterNextClickTest" time="0.0" classname="com.eduven.testcase.TermDetailPageTestCases">
    <skipped/>
  </testcase> <!-- verifyTermNameAfterNextClickTest -->
  <testcase name="verifyTermNameAfterPrevClickTest" time="0.0" classname="com.eduven.testcase.TermDetailPageTestCases">
    <skipped/>
  </testcase> <!-- verifyTermNameAfterPrevClickTest -->
  <testcase name="verifySpeakAudioTest" time="0.001" classname="com.eduven.testcase.TermDetailPageTestCases">
    <skipped/>
  </testcase> <!-- verifySpeakAudioTest -->
  <testcase name="verifyAutoPlayAudioTest" time="0.0" classname="com.eduven.testcase.TermDetailPageTestCases">
    <skipped/>
  </testcase> <!-- verifyAutoPlayAudioTest -->
  <testcase name="removeAllAddedTermInEdubankCategoryTest" time="1.011" classname="com.eduven.testcase.EduBankPageTestCases">
    <failure type="org.openqa.selenium.remote.SessionNotFoundException" message="
Command duration or timeout: 6 milliseconds
Build info: version: &amp;apos;2.51.0&amp;apos;, revision: &amp;apos;1af067d&amp;apos;, time: &amp;apos;2016-02-05 19:15:17&amp;apos;
System info: host: &amp;apos;Hitesh-Mac-Mini.local&amp;apos;, ip: &amp;apos;10.30.30.97&amp;apos;, os.name: &amp;apos;Mac OS X&amp;apos;, os.arch: &amp;apos;x86_64&amp;apos;, os.version: &amp;apos;10.11.6&amp;apos;, java.version: &amp;apos;1.8.0_74&amp;apos;
Driver info: io.appium.java_client.ios.IOSDriver
Capabilities [{app=/Users/hiteshbhardwaj/Desktop/Automation/app/DictionaryFrameworkIos/realestate/LD_Real_Estate.ipa, networkConnectionEnabled=false, warnings={}, appiumVersion=1.4.13, databaseEnabled=false, deviceName=Tester (9.3.5), platform=UNIX, desired={app=/Users/hiteshbhardwaj/Desktop/Automation/app/DictionaryFrameworkIos/realestate/LD_Real_Estate.ipa, appiumVersion=1.4.13, platformVersion=9.2, automationName=Appium, udid=7bcb4358baa692ac8207ca4db28eaacc80a14498, platformName=iOS, deviceName=Tester (9.3.5), platform=IOS}, platformVersion=9.2, webStorageEnabled=false, locationContextEnabled=false, automationName=Appium, browserName=iOS, takesScreenshot=true, javascriptEnabled=true, udid=7bcb4358baa692ac8207ca4db28eaacc80a14498, platformName=iOS}]
Session ID: cd0d4b85-5cee-4715-8018-3c9bc4b562f3
*** Element info: {Using=id, value=Categories_button}">
      <![CDATA[org.openqa.selenium.remote.SessionNotFoundException: 
Command duration or timeout: 6 milliseconds
Build info: version: '2.51.0', revision: '1af067d', time: '2016-02-05 19:15:17'
System info: host: 'Hitesh-Mac-Mini.local', ip: '10.30.30.97', os.name: 'Mac OS X', os.arch: 'x86_64', os.version: '10.11.6', java.version: '1.8.0_74'
Driver info: io.appium.java_client.ios.IOSDriver
Capabilities [{app=/Users/hiteshbhardwaj/Desktop/Automation/app/DictionaryFrameworkIos/realestate/LD_Real_Estate.ipa, networkConnectionEnabled=false, warnings={}, appiumVersion=1.4.13, databaseEnabled=false, deviceName=Tester (9.3.5), platform=UNIX, desired={app=/Users/hiteshbhardwaj/Desktop/Automation/app/DictionaryFrameworkIos/realestate/LD_Real_Estate.ipa, appiumVersion=1.4.13, platformVersion=9.2, automationName=Appium, udid=7bcb4358baa692ac8207ca4db28eaacc80a14498, platformName=iOS, deviceName=Tester (9.3.5), platform=IOS}, platformVersion=9.2, webStorageEnabled=false, locationContextEnabled=false, automationName=Appium, browserName=iOS, takesScreenshot=true, javascriptEnabled=true, udid=7bcb4358baa692ac8207ca4db28eaacc80a14498, platformName=iOS}]
Session ID: cd0d4b85-5cee-4715-8018-3c9bc4b562f3
*** Element info: {Using=id, value=Categories_button}
	at sun.reflect.NativeConstructorAccessorImpl.newInstance0(Native Method)
	at sun.reflect.NativeConstructorAccessorImpl.newInstance(NativeConstructorAccessorImpl.java:62)
	at sun.reflect.DelegatingConstructorAccessorImpl.newInstance(DelegatingConstructorAccessorImpl.java:45)
	at java.lang.reflect.Constructor.newInstance(Constructor.java:423)
	at org.openqa.selenium.remote.ErrorHandler.createThrowable(ErrorHandler.java:206)
	at org.openqa.selenium.remote.ErrorHandler.throwIfResponseFailed(ErrorHandler.java:164)
	at org.openqa.selenium.remote.RemoteWebDriver.execute(RemoteWebDriver.java:678)
	at io.appium.java_client.DefaultGenericMobileDriver.execute(DefaultGenericMobileDriver.java:43)
	at io.appium.java_client.AppiumDriver.execute(AppiumDriver.java:1)
	at io.appium.java_client.ios.IOSDriver.execute(IOSDriver.java:1)
	at org.openqa.selenium.remote.RemoteWebDriver.findElement(RemoteWebDriver.java:363)
	at org.openqa.selenium.remote.RemoteWebDriver.findElementById(RemoteWebDriver.java:413)
	at io.appium.java_client.DefaultGenericMobileDriver.findElementById(DefaultGenericMobileDriver.java:59)
	at io.appium.java_client.AppiumDriver.findElementById(AppiumDriver.java:1)
	at io.appium.java_client.ios.IOSDriver.findElementById(IOSDriver.java:1)
	at org.openqa.selenium.By$ById.findElement(By.java:218)
	at org.openqa.selenium.remote.RemoteWebDriver.findElement(RemoteWebDriver.java:355)
	at io.appium.java_client.DefaultGenericMobileDriver.findElement(DefaultGenericMobileDriver.java:51)
	at io.appium.java_client.AppiumDriver.findElement(AppiumDriver.java:1)
	at io.appium.java_client.ios.IOSDriver.findElement(IOSDriver.java:1)
	at com.eduven.utils.Reusables.getIOSElement(Reusables.java:581)
	at com.eduven.modules.Categories.categoryInstance(Categories.java:33)
	at com.eduven.modules.Categories.navigateToCategoryPage(Categories.java:47)
	at com.eduven.testcase.EduBankPageTestCases.removeAllAddedTermInEdubankCategoryTest(EduBankPageTestCases.java:31)
	at sun.reflect.NativeMethodAccessorImpl.invoke0(Native Method)
	at sun.reflect.NativeMethodAccessorImpl.invoke(NativeMethodAccessorImpl.java:62)
	at sun.reflect.DelegatingMethodAccessorImpl.invoke(DelegatingMethodAccessorImpl.java:43)
	at java.lang.reflect.Method.invoke(Method.java:498)
	at org.testng.internal.MethodInvocationHelper.invokeMethod(MethodInvocationHelper.java:85)
	at org.testng.internal.Invoker.invokeMethod(Invoker.java:639)
	at org.testng.internal.Invoker.invokeTestMethod(Invoker.java:816)
	at org.testng.internal.Invoker.invokeTestMethods(Invoker.java:1124)
	at org.testng.internal.TestMethodWorker.invokeTestMethods(TestMethodWorker.java:125)
	at org.testng.internal.TestMethodWorker.run(TestMethodWorker.java:108)
	at org.testng.TestRunner.privateRun(TestRunner.java:774)
	at org.testng.TestRunner.run(TestRunner.java:624)
	at org.testng.SuiteRunner.runTest(SuiteRunner.java:359)
	at org.testng.SuiteRunner.runSequentially(SuiteRunner.java:354)
	at org.testng.SuiteRunner.privateRun(SuiteRunner.java:312)
	at org.testng.SuiteRunner.run(SuiteRunner.java:261)
	at org.testng.SuiteRunnerWorker.runSuite(SuiteRunnerWorker.java:52)
	at org.testng.SuiteRunnerWorker.run(SuiteRunnerWorker.java:86)
	at org.testng.TestNG.runSuitesSequentially(TestNG.java:1215)
	at org.testng.TestNG.runSuitesLocally(TestNG.java:1140)
	at org.testng.TestNG.run(TestNG.java:1048)
	at com.eduven.utils.RunTestng.main(RunTestng.java:59)
]]>
    </failure>
  </testcase> <!-- removeAllAddedTermInEdubankCategoryTest -->
  <testcase name="navigationToTermDetailPageTest" time="0.0" classname="com.eduven.testcase.EduBankPageTestCases">
    <skipped/>
  </testcase> <!-- navigationToTermDetailPageTest -->
  <testcase name="navigationToEditEdubankPageTest" time="0.0" classname="com.eduven.testcase.EduBankPageTestCases">
    <skipped/>
  </testcase> <!-- navigationToEditEdubankPageTest -->
  <testcase name="eduBankAddTermToEdubankCategoryTest" time="0.0" classname="com.eduven.testcase.EduBankPageTestCases">
    <skipped/>
  </testcase> <!-- eduBankAddTermToEdubankCategoryTest -->
  <testcase name="eduBankAddDuplicateCategoryToEdubankTest" time="0.0" classname="com.eduven.testcase.EduBankPageTestCases">
    <skipped/>
  </testcase> <!-- eduBankAddDuplicateCategoryToEdubankTest -->
  <testcase name="eduBankDeleteNewlyAddTermInEdubankCategoryTest" time="0.0" classname="com.eduven.testcase.EduBankPageTestCases">
    <skipped/>
  </testcase> <!-- eduBankDeleteNewlyAddTermInEdubankCategoryTest -->
  <testcase name="eduBankCreateNewCategoryInEdubankTest" time="0.0" classname="com.eduven.testcase.EduBankPageTestCases">
    <skipped/>
  </testcase> <!-- eduBankCreateNewCategoryInEdubankTest -->
  <testcase name="eduBankVerifyNewlyCreatedCategoryInEdubankTest" time="0.0" classname="com.eduven.testcase.EduBankPageTestCases">
    <skipped/>
  </testcase> <!-- eduBankVerifyNewlyCreatedCategoryInEdubankTest -->
  <testcase name="eduBankRenameAddedCategoryInEubankTest" time="0.0" classname="com.eduven.testcase.EduBankPageTestCases">
    <skipped/>
  </testcase> <!-- eduBankRenameAddedCategoryInEubankTest -->
  <testcase name="eduBankVerifyRenameCategoryInEdubankTest" time="0.0" classname="com.eduven.testcase.EduBankPageTestCases">
    <skipped/>
  </testcase> <!-- eduBankVerifyRenameCategoryInEdubankTest -->
  <testcase name="eduBankDeleteRenameCategoryFromEdubankTest" time="0.0" classname="com.eduven.testcase.EduBankPageTestCases">
    <skipped/>
  </testcase> <!-- eduBankDeleteRenameCategoryFromEdubankTest -->
  <testcase name="navigateToEvmenuTest" time="1.016" classname="com.eduven.testcase.EvMenuPageTestCases">
    <failure type="org.openqa.selenium.remote.SessionNotFoundException" message="
Command duration or timeout: 6 milliseconds
Build info: version: &amp;apos;2.51.0&amp;apos;, revision: &amp;apos;1af067d&amp;apos;, time: &amp;apos;2016-02-05 19:15:17&amp;apos;
System info: host: &amp;apos;Hitesh-Mac-Mini.local&amp;apos;, ip: &amp;apos;10.30.30.97&amp;apos;, os.name: &amp;apos;Mac OS X&amp;apos;, os.arch: &amp;apos;x86_64&amp;apos;, os.version: &amp;apos;10.11.6&amp;apos;, java.version: &amp;apos;1.8.0_74&amp;apos;
Driver info: io.appium.java_client.ios.IOSDriver
Capabilities [{app=/Users/hiteshbhardwaj/Desktop/Automation/app/DictionaryFrameworkIos/realestate/LD_Real_Estate.ipa, networkConnectionEnabled=false, warnings={}, appiumVersion=1.4.13, databaseEnabled=false, deviceName=Tester (9.3.5), platform=UNIX, desired={app=/Users/hiteshbhardwaj/Desktop/Automation/app/DictionaryFrameworkIos/realestate/LD_Real_Estate.ipa, appiumVersion=1.4.13, platformVersion=9.2, automationName=Appium, udid=7bcb4358baa692ac8207ca4db28eaacc80a14498, platformName=iOS, deviceName=Tester (9.3.5), platform=IOS}, platformVersion=9.2, webStorageEnabled=false, locationContextEnabled=false, automationName=Appium, browserName=iOS, takesScreenshot=true, javascriptEnabled=true, udid=7bcb4358baa692ac8207ca4db28eaacc80a14498, platformName=iOS}]
Session ID: cd0d4b85-5cee-4715-8018-3c9bc4b562f3
*** Element info: {Using=id, value=Categories_button}">
      <![CDATA[org.openqa.selenium.remote.SessionNotFoundException: 
Command duration or timeout: 6 milliseconds
Build info: version: '2.51.0', revision: '1af067d', time: '2016-02-05 19:15:17'
System info: host: 'Hitesh-Mac-Mini.local', ip: '10.30.30.97', os.name: 'Mac OS X', os.arch: 'x86_64', os.version: '10.11.6', java.version: '1.8.0_74'
Driver info: io.appium.java_client.ios.IOSDriver
Capabilities [{app=/Users/hiteshbhardwaj/Desktop/Automation/app/DictionaryFrameworkIos/realestate/LD_Real_Estate.ipa, networkConnectionEnabled=false, warnings={}, appiumVersion=1.4.13, databaseEnabled=false, deviceName=Tester (9.3.5), platform=UNIX, desired={app=/Users/hiteshbhardwaj/Desktop/Automation/app/DictionaryFrameworkIos/realestate/LD_Real_Estate.ipa, appiumVersion=1.4.13, platformVersion=9.2, automationName=Appium, udid=7bcb4358baa692ac8207ca4db28eaacc80a14498, platformName=iOS, deviceName=Tester (9.3.5), platform=IOS}, platformVersion=9.2, webStorageEnabled=false, locationContextEnabled=false, automationName=Appium, browserName=iOS, takesScreenshot=true, javascriptEnabled=true, udid=7bcb4358baa692ac8207ca4db28eaacc80a14498, platformName=iOS}]
Session ID: cd0d4b85-5cee-4715-8018-3c9bc4b562f3
*** Element info: {Using=id, value=Categories_button}
	at sun.reflect.NativeConstructorAccessorImpl.newInstance0(Native Method)
	at sun.reflect.NativeConstructorAccessorImpl.newInstance(NativeConstructorAccessorImpl.java:62)
	at sun.reflect.DelegatingConstructorAccessorImpl.newInstance(DelegatingConstructorAccessorImpl.java:45)
	at java.lang.reflect.Constructor.newInstance(Constructor.java:423)
	at org.openqa.selenium.remote.ErrorHandler.createThrowable(ErrorHandler.java:206)
	at org.openqa.selenium.remote.ErrorHandler.throwIfResponseFailed(ErrorHandler.java:164)
	at org.openqa.selenium.remote.RemoteWebDriver.execute(RemoteWebDriver.java:678)
	at io.appium.java_client.DefaultGenericMobileDriver.execute(DefaultGenericMobileDriver.java:43)
	at io.appium.java_client.AppiumDriver.execute(AppiumDriver.java:1)
	at io.appium.java_client.ios.IOSDriver.execute(IOSDriver.java:1)
	at org.openqa.selenium.remote.RemoteWebDriver.findElement(RemoteWebDriver.java:363)
	at org.openqa.selenium.remote.RemoteWebDriver.findElementById(RemoteWebDriver.java:413)
	at io.appium.java_client.DefaultGenericMobileDriver.findElementById(DefaultGenericMobileDriver.java:59)
	at io.appium.java_client.AppiumDriver.findElementById(AppiumDriver.java:1)
	at io.appium.java_client.ios.IOSDriver.findElementById(IOSDriver.java:1)
	at org.openqa.selenium.By$ById.findElement(By.java:218)
	at org.openqa.selenium.remote.RemoteWebDriver.findElement(RemoteWebDriver.java:355)
	at io.appium.java_client.DefaultGenericMobileDriver.findElement(DefaultGenericMobileDriver.java:51)
	at io.appium.java_client.AppiumDriver.findElement(AppiumDriver.java:1)
	at io.appium.java_client.ios.IOSDriver.findElement(IOSDriver.java:1)
	at com.eduven.utils.Reusables.getIOSElement(Reusables.java:581)
	at com.eduven.modules.Categories.categoryInstance(Categories.java:33)
	at com.eduven.modules.Categories.navigateToCategoryPage(Categories.java:47)
	at com.eduven.testcase.EvMenuPageTestCases.navigateToEvmenuTest(EvMenuPageTestCases.java:20)
	at sun.reflect.NativeMethodAccessorImpl.invoke0(Native Method)
	at sun.reflect.NativeMethodAccessorImpl.invoke(NativeMethodAccessorImpl.java:62)
	at sun.reflect.DelegatingMethodAccessorImpl.invoke(DelegatingMethodAccessorImpl.java:43)
	at java.lang.reflect.Method.invoke(Method.java:498)
	at org.testng.internal.MethodInvocationHelper.invokeMethod(MethodInvocationHelper.java:85)
	at org.testng.internal.Invoker.invokeMethod(Invoker.java:639)
	at org.testng.internal.Invoker.invokeTestMethod(Invoker.java:816)
	at org.testng.internal.Invoker.invokeTestMethods(Invoker.java:1124)
	at org.testng.internal.TestMethodWorker.invokeTestMethods(TestMethodWorker.java:125)
	at org.testng.internal.TestMethodWorker.run(TestMethodWorker.java:108)
	at org.testng.TestRunner.privateRun(TestRunner.java:774)
	at org.testng.TestRunner.run(TestRunner.java:624)
	at org.testng.SuiteRunner.runTest(SuiteRunner.java:359)
	at org.testng.SuiteRunner.runSequentially(SuiteRunner.java:354)
	at org.testng.SuiteRunner.privateRun(SuiteRunner.java:312)
	at org.testng.SuiteRunner.run(SuiteRunner.java:261)
	at org.testng.SuiteRunnerWorker.runSuite(SuiteRunnerWorker.java:52)
	at org.testng.SuiteRunnerWorker.run(SuiteRunnerWorker.java:86)
	at org.testng.TestNG.runSuitesSequentially(TestNG.java:1215)
	at org.testng.TestNG.runSuitesLocally(TestNG.java:1140)
	at org.testng.TestNG.run(TestNG.java:1048)
	at com.eduven.utils.RunTestng.main(RunTestng.java:59)
]]>
    </failure>
  </testcase> <!-- navigateToEvmenuTest -->
  <testcase name="verifyMoreAppsTest" time="0.0" classname="com.eduven.testcase.EvMenuPageTestCases">
    <skipped/>
  </testcase> <!-- verifyMoreAppsTest -->
  <testcase name="verifyInformationAndSupprotForDisclaimerTest" time="0.0" classname="com.eduven.testcase.EvMenuPageTestCases">
    <skipped/>
  </testcase> <!-- verifyInformationAndSupprotForDisclaimerTest -->
  <testcase name="verifyInformationAndSupprotForPrivacyPolicyTest" time="0.001" classname="com.eduven.testcase.EvMenuPageTestCases">
    <skipped/>
  </testcase> <!-- verifyInformationAndSupprotForPrivacyPolicyTest -->
  <testcase name="verifyInformationAndSupprotForTermsAndConditionsTest" time="0.0" classname="com.eduven.testcase.EvMenuPageTestCases">
    <skipped/>
  </testcase> <!-- verifyInformationAndSupprotForTermsAndConditionsTest -->
  <testcase name="evmenuShareAppTest" time="0.0" classname="com.eduven.testcase.EvMenuPageTestCases">
    <skipped/>
  </testcase> <!-- evmenuShareAppTest -->
  <testcase name="evmenuLoginFacebookTest" time="0.0" classname="com.eduven.testcase.EvMenuPageTestCases">
    <skipped/>
  </testcase> <!-- evmenuLoginFacebookTest -->
  <testcase name="evmenuSelectAudienceTest" time="0.0" classname="com.eduven.testcase.EvMenuPageTestCases">
    <skipped/>
  </testcase> <!-- evmenuSelectAudienceTest -->
  <testcase name="evmenuFacebookMessageSharingTest" time="0.0" classname="com.eduven.testcase.EvMenuPageTestCases">
    <skipped/>
  </testcase> <!-- evmenuFacebookMessageSharingTest -->
  <testcase name="rateThisAppTest" time="0.0" classname="com.eduven.testcase.EvMenuPageTestCases">
    <skipped/>
  </testcase> <!-- rateThisAppTest -->
  <testcase name="verifyInformationAndSupprotForGetInTouchTest" time="0.0" classname="com.eduven.testcase.EvMenuPageTestCases">
    <skipped/>
  </testcase> <!-- verifyInformationAndSupprotForGetInTouchTest -->
  <testcase name="navigateToCategoryPageTest" time="1.006" classname="com.eduven.testcase.ContributePageTestCases">
    <failure type="org.openqa.selenium.remote.SessionNotFoundException" message="
Command duration or timeout: 5 milliseconds
Build info: version: &amp;apos;2.51.0&amp;apos;, revision: &amp;apos;1af067d&amp;apos;, time: &amp;apos;2016-02-05 19:15:17&amp;apos;
System info: host: &amp;apos;Hitesh-Mac-Mini.local&amp;apos;, ip: &amp;apos;10.30.30.97&amp;apos;, os.name: &amp;apos;Mac OS X&amp;apos;, os.arch: &amp;apos;x86_64&amp;apos;, os.version: &amp;apos;10.11.6&amp;apos;, java.version: &amp;apos;1.8.0_74&amp;apos;
Driver info: io.appium.java_client.ios.IOSDriver
Capabilities [{app=/Users/hiteshbhardwaj/Desktop/Automation/app/DictionaryFrameworkIos/realestate/LD_Real_Estate.ipa, networkConnectionEnabled=false, warnings={}, appiumVersion=1.4.13, databaseEnabled=false, deviceName=Tester (9.3.5), platform=UNIX, desired={app=/Users/hiteshbhardwaj/Desktop/Automation/app/DictionaryFrameworkIos/realestate/LD_Real_Estate.ipa, appiumVersion=1.4.13, platformVersion=9.2, automationName=Appium, udid=7bcb4358baa692ac8207ca4db28eaacc80a14498, platformName=iOS, deviceName=Tester (9.3.5), platform=IOS}, platformVersion=9.2, webStorageEnabled=false, locationContextEnabled=false, automationName=Appium, browserName=iOS, takesScreenshot=true, javascriptEnabled=true, udid=7bcb4358baa692ac8207ca4db28eaacc80a14498, platformName=iOS}]
Session ID: cd0d4b85-5cee-4715-8018-3c9bc4b562f3
*** Element info: {Using=id, value=Categories_button}">
      <![CDATA[org.openqa.selenium.remote.SessionNotFoundException: 
Command duration or timeout: 5 milliseconds
Build info: version: '2.51.0', revision: '1af067d', time: '2016-02-05 19:15:17'
System info: host: 'Hitesh-Mac-Mini.local', ip: '10.30.30.97', os.name: 'Mac OS X', os.arch: 'x86_64', os.version: '10.11.6', java.version: '1.8.0_74'
Driver info: io.appium.java_client.ios.IOSDriver
Capabilities [{app=/Users/hiteshbhardwaj/Desktop/Automation/app/DictionaryFrameworkIos/realestate/LD_Real_Estate.ipa, networkConnectionEnabled=false, warnings={}, appiumVersion=1.4.13, databaseEnabled=false, deviceName=Tester (9.3.5), platform=UNIX, desired={app=/Users/hiteshbhardwaj/Desktop/Automation/app/DictionaryFrameworkIos/realestate/LD_Real_Estate.ipa, appiumVersion=1.4.13, platformVersion=9.2, automationName=Appium, udid=7bcb4358baa692ac8207ca4db28eaacc80a14498, platformName=iOS, deviceName=Tester (9.3.5), platform=IOS}, platformVersion=9.2, webStorageEnabled=false, locationContextEnabled=false, automationName=Appium, browserName=iOS, takesScreenshot=true, javascriptEnabled=true, udid=7bcb4358baa692ac8207ca4db28eaacc80a14498, platformName=iOS}]
Session ID: cd0d4b85-5cee-4715-8018-3c9bc4b562f3
*** Element info: {Using=id, value=Categories_button}
	at sun.reflect.NativeConstructorAccessorImpl.newInstance0(Native Method)
	at sun.reflect.NativeConstructorAccessorImpl.newInstance(NativeConstructorAccessorImpl.java:62)
	at sun.reflect.DelegatingConstructorAccessorImpl.newInstance(DelegatingConstructorAccessorImpl.java:45)
	at java.lang.reflect.Constructor.newInstance(Constructor.java:423)
	at org.openqa.selenium.remote.ErrorHandler.createThrowable(ErrorHandler.java:206)
	at org.openqa.selenium.remote.ErrorHandler.throwIfResponseFailed(ErrorHandler.java:164)
	at org.openqa.selenium.remote.RemoteWebDriver.execute(RemoteWebDriver.java:678)
	at io.appium.java_client.DefaultGenericMobileDriver.execute(DefaultGenericMobileDriver.java:43)
	at io.appium.java_client.AppiumDriver.execute(AppiumDriver.java:1)
	at io.appium.java_client.ios.IOSDriver.execute(IOSDriver.java:1)
	at org.openqa.selenium.remote.RemoteWebDriver.findElement(RemoteWebDriver.java:363)
	at org.openqa.selenium.remote.RemoteWebDriver.findElementById(RemoteWebDriver.java:413)
	at io.appium.java_client.DefaultGenericMobileDriver.findElementById(DefaultGenericMobileDriver.java:59)
	at io.appium.java_client.AppiumDriver.findElementById(AppiumDriver.java:1)
	at io.appium.java_client.ios.IOSDriver.findElementById(IOSDriver.java:1)
	at org.openqa.selenium.By$ById.findElement(By.java:218)
	at org.openqa.selenium.remote.RemoteWebDriver.findElement(RemoteWebDriver.java:355)
	at io.appium.java_client.DefaultGenericMobileDriver.findElement(DefaultGenericMobileDriver.java:51)
	at io.appium.java_client.AppiumDriver.findElement(AppiumDriver.java:1)
	at io.appium.java_client.ios.IOSDriver.findElement(IOSDriver.java:1)
	at com.eduven.utils.Reusables.getIOSElement(Reusables.java:581)
	at com.eduven.modules.Categories.categoryInstance(Categories.java:33)
	at com.eduven.modules.Categories.navigateToCategoryPage(Categories.java:47)
	at com.eduven.testcase.ContributePageTestCases.navigateToCategoryPageTest(ContributePageTestCases.java:20)
	at sun.reflect.NativeMethodAccessorImpl.invoke0(Native Method)
	at sun.reflect.NativeMethodAccessorImpl.invoke(NativeMethodAccessorImpl.java:62)
	at sun.reflect.DelegatingMethodAccessorImpl.invoke(DelegatingMethodAccessorImpl.java:43)
	at java.lang.reflect.Method.invoke(Method.java:498)
	at org.testng.internal.MethodInvocationHelper.invokeMethod(MethodInvocationHelper.java:85)
	at org.testng.internal.Invoker.invokeMethod(Invoker.java:639)
	at org.testng.internal.Invoker.invokeTestMethod(Invoker.java:816)
	at org.testng.internal.Invoker.invokeTestMethods(Invoker.java:1124)
	at org.testng.internal.TestMethodWorker.invokeTestMethods(TestMethodWorker.java:125)
	at org.testng.internal.TestMethodWorker.run(TestMethodWorker.java:108)
	at org.testng.TestRunner.privateRun(TestRunner.java:774)
	at org.testng.TestRunner.run(TestRunner.java:624)
	at org.testng.SuiteRunner.runTest(SuiteRunner.java:359)
	at org.testng.SuiteRunner.runSequentially(SuiteRunner.java:354)
	at org.testng.SuiteRunner.privateRun(SuiteRunner.java:312)
	at org.testng.SuiteRunner.run(SuiteRunner.java:261)
	at org.testng.SuiteRunnerWorker.runSuite(SuiteRunnerWorker.java:52)
	at org.testng.SuiteRunnerWorker.run(SuiteRunnerWorker.java:86)
	at org.testng.TestNG.runSuitesSequentially(TestNG.java:1215)
	at org.testng.TestNG.runSuitesLocally(TestNG.java:1140)
	at org.testng.TestNG.run(TestNG.java:1048)
	at com.eduven.utils.RunTestng.main(RunTestng.java:59)
]]>
    </failure>
  </testcase> <!-- navigateToCategoryPageTest -->
  <testcase name="navigateToTheContributePageTest" time="0.0" classname="com.eduven.testcase.ContributePageTestCases">
    <skipped/>
  </testcase> <!-- navigateToTheContributePageTest -->
  <testcase name="verifyContributeNowWithoutTextTest" time="0.0" classname="com.eduven.testcase.ContributePageTestCases">
    <skipped/>
  </testcase> <!-- verifyContributeNowWithoutTextTest -->
  <testcase name="verifyTitleTextTest" time="0.0" classname="com.eduven.testcase.ContributePageTestCases">
    <skipped/>
  </testcase> <!-- verifyTitleTextTest -->
  <testcase name="verifyDescriptionTextTest" time="0.0" classname="com.eduven.testcase.ContributePageTestCases">
    <skipped/>
  </testcase> <!-- verifyDescriptionTextTest -->
  <testcase name="verifyTitleAnsDescriptionTextTest" time="0.0" classname="com.eduven.testcase.ContributePageTestCases">
    <skipped/>
  </testcase> <!-- verifyTitleAnsDescriptionTextTest -->
  <testcase name="navigateToTermPageTest" time="1.008" classname="com.eduven.testcase.InAppPurchaseTestCases">
    <failure type="org.openqa.selenium.remote.SessionNotFoundException" message="
Command duration or timeout: 6 milliseconds
Build info: version: &amp;apos;2.51.0&amp;apos;, revision: &amp;apos;1af067d&amp;apos;, time: &amp;apos;2016-02-05 19:15:17&amp;apos;
System info: host: &amp;apos;Hitesh-Mac-Mini.local&amp;apos;, ip: &amp;apos;10.30.30.97&amp;apos;, os.name: &amp;apos;Mac OS X&amp;apos;, os.arch: &amp;apos;x86_64&amp;apos;, os.version: &amp;apos;10.11.6&amp;apos;, java.version: &amp;apos;1.8.0_74&amp;apos;
Driver info: io.appium.java_client.ios.IOSDriver
Capabilities [{app=/Users/hiteshbhardwaj/Desktop/Automation/app/DictionaryFrameworkIos/realestate/LD_Real_Estate.ipa, networkConnectionEnabled=false, warnings={}, appiumVersion=1.4.13, databaseEnabled=false, deviceName=Tester (9.3.5), platform=UNIX, desired={app=/Users/hiteshbhardwaj/Desktop/Automation/app/DictionaryFrameworkIos/realestate/LD_Real_Estate.ipa, appiumVersion=1.4.13, platformVersion=9.2, automationName=Appium, udid=7bcb4358baa692ac8207ca4db28eaacc80a14498, platformName=iOS, deviceName=Tester (9.3.5), platform=IOS}, platformVersion=9.2, webStorageEnabled=false, locationContextEnabled=false, automationName=Appium, browserName=iOS, takesScreenshot=true, javascriptEnabled=true, udid=7bcb4358baa692ac8207ca4db28eaacc80a14498, platformName=iOS}]
Session ID: cd0d4b85-5cee-4715-8018-3c9bc4b562f3
*** Element info: {Using=id, value=Categories_button}">
      <![CDATA[org.openqa.selenium.remote.SessionNotFoundException: 
Command duration or timeout: 6 milliseconds
Build info: version: '2.51.0', revision: '1af067d', time: '2016-02-05 19:15:17'
System info: host: 'Hitesh-Mac-Mini.local', ip: '10.30.30.97', os.name: 'Mac OS X', os.arch: 'x86_64', os.version: '10.11.6', java.version: '1.8.0_74'
Driver info: io.appium.java_client.ios.IOSDriver
Capabilities [{app=/Users/hiteshbhardwaj/Desktop/Automation/app/DictionaryFrameworkIos/realestate/LD_Real_Estate.ipa, networkConnectionEnabled=false, warnings={}, appiumVersion=1.4.13, databaseEnabled=false, deviceName=Tester (9.3.5), platform=UNIX, desired={app=/Users/hiteshbhardwaj/Desktop/Automation/app/DictionaryFrameworkIos/realestate/LD_Real_Estate.ipa, appiumVersion=1.4.13, platformVersion=9.2, automationName=Appium, udid=7bcb4358baa692ac8207ca4db28eaacc80a14498, platformName=iOS, deviceName=Tester (9.3.5), platform=IOS}, platformVersion=9.2, webStorageEnabled=false, locationContextEnabled=false, automationName=Appium, browserName=iOS, takesScreenshot=true, javascriptEnabled=true, udid=7bcb4358baa692ac8207ca4db28eaacc80a14498, platformName=iOS}]
Session ID: cd0d4b85-5cee-4715-8018-3c9bc4b562f3
*** Element info: {Using=id, value=Categories_button}
	at sun.reflect.NativeConstructorAccessorImpl.newInstance0(Native Method)
	at sun.reflect.NativeConstructorAccessorImpl.newInstance(NativeConstructorAccessorImpl.java:62)
	at sun.reflect.DelegatingConstructorAccessorImpl.newInstance(DelegatingConstructorAccessorImpl.java:45)
	at java.lang.reflect.Constructor.newInstance(Constructor.java:423)
	at org.openqa.selenium.remote.ErrorHandler.createThrowable(ErrorHandler.java:206)
	at org.openqa.selenium.remote.ErrorHandler.throwIfResponseFailed(ErrorHandler.java:164)
	at org.openqa.selenium.remote.RemoteWebDriver.execute(RemoteWebDriver.java:678)
	at io.appium.java_client.DefaultGenericMobileDriver.execute(DefaultGenericMobileDriver.java:43)
	at io.appium.java_client.AppiumDriver.execute(AppiumDriver.java:1)
	at io.appium.java_client.ios.IOSDriver.execute(IOSDriver.java:1)
	at org.openqa.selenium.remote.RemoteWebDriver.findElement(RemoteWebDriver.java:363)
	at org.openqa.selenium.remote.RemoteWebDriver.findElementById(RemoteWebDriver.java:413)
	at io.appium.java_client.DefaultGenericMobileDriver.findElementById(DefaultGenericMobileDriver.java:59)
	at io.appium.java_client.AppiumDriver.findElementById(AppiumDriver.java:1)
	at io.appium.java_client.ios.IOSDriver.findElementById(IOSDriver.java:1)
	at org.openqa.selenium.By$ById.findElement(By.java:218)
	at org.openqa.selenium.remote.RemoteWebDriver.findElement(RemoteWebDriver.java:355)
	at io.appium.java_client.DefaultGenericMobileDriver.findElement(DefaultGenericMobileDriver.java:51)
	at io.appium.java_client.AppiumDriver.findElement(AppiumDriver.java:1)
	at io.appium.java_client.ios.IOSDriver.findElement(IOSDriver.java:1)
	at com.eduven.utils.Reusables.getIOSElement(Reusables.java:581)
	at com.eduven.modules.Categories.categoryInstance(Categories.java:33)
	at com.eduven.modules.Categories.navigateToCategoryPage(Categories.java:47)
	at com.eduven.testcase.InAppPurchaseTestCases.navigateToTermPageTest(InAppPurchaseTestCases.java:24)
	at sun.reflect.NativeMethodAccessorImpl.invoke0(Native Method)
	at sun.reflect.NativeMethodAccessorImpl.invoke(NativeMethodAccessorImpl.java:62)
	at sun.reflect.DelegatingMethodAccessorImpl.invoke(DelegatingMethodAccessorImpl.java:43)
	at java.lang.reflect.Method.invoke(Method.java:498)
	at org.testng.internal.MethodInvocationHelper.invokeMethod(MethodInvocationHelper.java:85)
	at org.testng.internal.Invoker.invokeMethod(Invoker.java:639)
	at org.testng.internal.Invoker.invokeTestMethod(Invoker.java:816)
	at org.testng.internal.Invoker.invokeTestMethods(Invoker.java:1124)
	at org.testng.internal.TestMethodWorker.invokeTestMethods(TestMethodWorker.java:125)
	at org.testng.internal.TestMethodWorker.run(TestMethodWorker.java:108)
	at org.testng.TestRunner.privateRun(TestRunner.java:774)
	at org.testng.TestRunner.run(TestRunner.java:624)
	at org.testng.SuiteRunner.runTest(SuiteRunner.java:359)
	at org.testng.SuiteRunner.runSequentially(SuiteRunner.java:354)
	at org.testng.SuiteRunner.privateRun(SuiteRunner.java:312)
	at org.testng.SuiteRunner.run(SuiteRunner.java:261)
	at org.testng.SuiteRunnerWorker.runSuite(SuiteRunnerWorker.java:52)
	at org.testng.SuiteRunnerWorker.run(SuiteRunnerWorker.java:86)
	at org.testng.TestNG.runSuitesSequentially(TestNG.java:1215)
	at org.testng.TestNG.runSuitesLocally(TestNG.java:1140)
	at org.testng.TestNG.run(TestNG.java:1048)
	at com.eduven.utils.RunTestng.main(RunTestng.java:59)
]]>
    </failure>
  </testcase> <!-- navigateToTermPageTest -->
  <testcase name="verifyLockTermBeforePurchaseTest" time="0.0" classname="com.eduven.testcase.InAppPurchaseTestCases">
    <skipped/>
  </testcase> <!-- verifyLockTermBeforePurchaseTest -->
  <testcase name="inAppPurchaseTest" time="0.0" classname="com.eduven.testcase.InAppPurchaseTestCases">
    <skipped/>
  </testcase> <!-- inAppPurchaseTest -->
  <testcase name="verifyLockTermAfterPurchaseTest" time="0.0" classname="com.eduven.testcase.InAppPurchaseTestCases">
    <skipped/>
  </testcase> <!-- verifyLockTermAfterPurchaseTest -->
</testsuite> <!-- Regression Testing -->
