<html>
<head>
<title>TestNG:  Regression Testing</title>
<link href="../testng.css" rel="stylesheet" type="text/css" />
<link href="../my-testng.css" rel="stylesheet" type="text/css" />

<style type="text/css">
.log { display: none;} 
.stack-trace { display: none;} 
</style>
<script type="text/javascript">
<!--
function flip(e) {
  current = e.style.display;
  if (current == 'block') {
    e.style.display = 'none';
    return 0;
  }
  else {
    e.style.display = 'block';
    return 1;
  }
}

function toggleBox(szDivId, elem, msg1, msg2)
{
  var res = -1;  if (document.getElementById) {
    res = flip(document.getElementById(szDivId));
  }
  else if (document.all) {
    // this is the way old msie versions work
    res = flip(document.all[szDivId]);
  }
  if(elem) {
    if(res == 0) elem.innerHTML = msg1; else elem.innerHTML = msg2;
  }

}

function toggleAllBoxes() {
  if (document.getElementsByTagName) {
    d = document.getElementsByTagName('div');
    for (i = 0; i < d.length; i++) {
      if (d[i].className == 'log') {
        flip(d[i]);
      }
    }
  }
}

// -->
</script>

</head>
<body>
<h2 align='center'>Regression Testing</h2><table border='1' align="center">
<tr>
<td>Tests passed/Failed/Skipped:</td><td>120/2/0</td>
</tr><tr>
<td>Started on:</td><td>Mon Oct 24 16:44:57 IST 2016</td>
</tr>
<tr><td>Total time:</td><td>11008 seconds (11008634 ms)</td>
</tr><tr>
<td>Included groups:</td><td></td>
</tr><tr>
<td>Excluded groups:</td><td></td>
</tr>
</table><p/>
<small><i>(Hover the method name to see the test class name)</i></small><p/>
<table width='100%' border='1' class='invocation-failed'>
<tr><td colspan='4' align='center'><b>FAILED CONFIGURATIONS</b></td></tr>
<tr><td><b>Test method</b></td>
<td width="30%"><b>Exception</b></td>
<td width="10%"><b>Time (seconds)</b></td>
<td><b>Instance</b></td>
</tr>
<tr>
<td title='com.eduven.testcase.CheckInterstetialBeforePurchase.tearDown()'><b>tearDown</b><br>Test class: com.eduven.testcase.CheckInterstetialBeforePurchase</td>
<td><div><pre>java.lang.IllegalArgumentException: wrong number of arguments
	at sun.reflect.NativeMethodAccessorImpl.invoke0(Native Method)
	at sun.reflect.NativeMethodAccessorImpl.invoke(NativeMethodAccessorImpl.java:62)
	at sun.reflect.DelegatingMethodAccessorImpl.invoke(DelegatingMethodAccessorImpl.java:43)
	at java.lang.reflect.Method.invoke(Method.java:498)
	at org.testng.internal.MethodInvocationHelper.invokeMethod(MethodInvocationHelper.java:85)
	at org.testng.internal.Invoker.invokeConfigurationMethod(Invoker.java:510)
	at org.testng.internal.Invoker.invokeConfigurations(Invoker.java:211)
	at org.testng.internal.Invoker.invokeConfigurations(Invoker.java:138)
	at org.testng.TestRunner.afterRun(TestRunner.java:1023)
	at org.testng.TestRunner.run(TestRunner.java:628)
	at org.testng.SuiteRunner.runTest(SuiteRunner.java:359)
	at org.testng.SuiteRunner.runSequentially(SuiteRunner.java:354)
	at org.testng.SuiteRunner.privateRun(SuiteRunner.java:312)
	at org.testng.SuiteRunner.run(SuiteRunner.java:261)
	at org.testng.SuiteRunnerWorker.runSuite(SuiteRunnerWorker.java:52)
	at org.testng.SuiteRunnerWorker.run(SuiteRunnerWorker.java:86)
	at org.testng.TestNG.runSuitesSequentially(TestNG.java:1215)
	at org.testng.TestNG.runSuitesLocally(TestNG.java:1140)
	at org.testng.TestNG.run(TestNG.java:1048)
	at com.eduven.utils.RunTestng.main(RunTestng.java:62)
</pre></div><a href='#' onClick='toggleBox("stack-trace582300198", this, "Click to show all stack frames", "Click to hide stack frames")'>Click to show all stack frames</a>
<div class='stack-trace' id='stack-trace582300198'><pre>java.lang.IllegalArgumentException: wrong number of arguments
	at sun.reflect.NativeMethodAccessorImpl.invoke0(Native Method)
	at sun.reflect.NativeMethodAccessorImpl.invoke(NativeMethodAccessorImpl.java:62)
	at sun.reflect.DelegatingMethodAccessorImpl.invoke(DelegatingMethodAccessorImpl.java:43)
	at java.lang.reflect.Method.invoke(Method.java:498)
	at org.testng.internal.MethodInvocationHelper.invokeMethod(MethodInvocationHelper.java:85)
	at org.testng.internal.Invoker.invokeConfigurationMethod(Invoker.java:510)
	at org.testng.internal.Invoker.invokeConfigurations(Invoker.java:211)
	at org.testng.internal.Invoker.invokeConfigurations(Invoker.java:138)
	at org.testng.TestRunner.afterRun(TestRunner.java:1023)
	at org.testng.TestRunner.run(TestRunner.java:628)
	at org.testng.SuiteRunner.runTest(SuiteRunner.java:359)
	at org.testng.SuiteRunner.runSequentially(SuiteRunner.java:354)
	at org.testng.SuiteRunner.privateRun(SuiteRunner.java:312)
	at org.testng.SuiteRunner.run(SuiteRunner.java:261)
	at org.testng.SuiteRunnerWorker.runSuite(SuiteRunnerWorker.java:52)
	at org.testng.SuiteRunnerWorker.run(SuiteRunnerWorker.java:86)
	at org.testng.TestNG.runSuitesSequentially(TestNG.java:1215)
	at org.testng.TestNG.runSuitesLocally(TestNG.java:1140)
	at org.testng.TestNG.run(TestNG.java:1048)
	at com.eduven.utils.RunTestng.main(RunTestng.java:62)
</pre></div></td>
<td>0</td>
<td>null</td></tr>
</table><p>
<table width='100%' border='1' class='invocation-skipped'>
<tr><td colspan='4' align='center'><b>SKIPPED CONFIGURATIONS</b></td></tr>
<tr><td><b>Test method</b></td>
<td width="30%"><b>Exception</b></td>
<td width="10%"><b>Time (seconds)</b></td>
<td><b>Instance</b></td>
</tr>
<tr>
<td title='com.eduven.testcase.CheckInterstetialBeforePurchase.tearDown()'><b>tearDown</b><br>Test class: com.eduven.testcase.CheckInterstetialBeforePurchase</td>
<td></td>
<td>0</td>
<td>null</td></tr>
</table><p>
<table width='100%' border='1' class='invocation-failed'>
<tr><td colspan='4' align='center'><b>FAILED TESTS</b></td></tr>
<tr><td><b>Test method</b></td>
<td width="30%"><b>Exception</b></td>
<td width="10%"><b>Time (seconds)</b></td>
<td><b>Instance</b></td>
</tr>
<tr>
<td title='com.eduven.testcase.SearchPageTestCases.search_word_test()'><b>search_word_test</b><br>Test class: com.eduven.testcase.SearchPageTestCases</td>
<td><div><pre>org.openqa.selenium.TimeoutException: Timed out after 60 seconds waiting for visibility of element located by By.id: com.eduven.ld.lang.german:id/et_search_text
Build info: version: &apos;2.51.0&apos;, revision: &apos;1af067d&apos;, time: &apos;2016-02-05 19:11:55&apos;
System info: host: &apos;Bhardwaj.local&apos;, ip: &apos;192.168.2.1&apos;, os.name: &apos;Mac OS X&apos;, os.arch: &apos;x86_64&apos;, os.version: &apos;10.11.6&apos;, java.version: &apos;1.8.0_74&apos;
Driver info: io.appium.java_client.android.AndroidDriver
Capabilities [{app=/Users/hiteshbhardwaj/Desktop/Automation/app/LanguagesForAndroid/German/app-german-debug.apk, appPackage=com.eduven.ld.lang.german, networkConnectionEnabled=true, warnings={}, appiumVersion=1.4.13, databaseEnabled=false, deviceName=TA9330G5QE, platform=LINUX, appActivity=com.eduven.ld.lang.activity.SplashActivity, desired={app=/Users/hiteshbhardwaj/Desktop/Automation/app/LanguagesForAndroid/German/app-german-debug.apk, appPackage=com.eduven.ld.lang.german, appActivity=com.eduven.ld.lang.activity.SplashActivity, newCommandTimeout=2000, platformVersion=6.0.1, appiumVersion=1.4.13, automationName=Appium, platformName=Android, deviceName=TA9330G5QE}, newCommandTimeout=2000, platformVersion=5.1, webStorageEnabled=false, locationContextEnabled=false, automationName=Appium, browserName=Android, takesScreenshot=true, javascriptEnabled=true, platformName=Android}]
Session ID: 68e081a8-e486-4de0-8c59-728a6fd59700
	at org.openqa.selenium.support.ui.WebDriverWait.timeoutException(WebDriverWait.java:80)
	at org.openqa.selenium.support.ui.FluentWait.until(FluentWait.java:261)
	at com.eduven.utils.Reusables.waitForElement(Reusables.java:76)
	at com.eduven.modules.Search.searchWord(Search.java:70)
	at com.eduven.testcase.SearchPageTestCases.search_word_test(SearchPageTestCases.java:59)
	at sun.reflect.NativeMethodAccessorImpl.invoke0(Native Method)
	at sun.reflect.NativeMethodAccessorImpl.invoke(NativeMethodAccessorImpl.java:62)
	at sun.reflect.DelegatingMethodAccessorImpl.invoke(DelegatingMethodAccessorImpl.java:43)
	at java.lang.reflect.Method.invoke(Method.java:498)
	at org.testng.internal.MethodInvocationHelper.invokeMethod(MethodInvocationHelper.java:85)
	at org.testng.internal.Invoker.invokeMethod(Invoker.java:639)
	at org.testng.internal.Invoker.invokeTestMethod(Invoker.java:816)
	at org.testng.internal.Invoker.invokeTestMethods(Invoker.java:1124)
	at org.testng.internal.TestMethodWorker.invokeTestMethods(TestMethodWorker.java:125)
	at org.testng.internal.TestMethodWorker.run(TestMethodWorker.java:108)
	at org.testng.TestRunner.privateRun(TestRunner.java:774)
	at org.testng.TestRunner.run(TestRunner.java:624)
	at org.testng.SuiteRunner.runTest(SuiteRunner.java:359)
	at org.testng.SuiteRunner.runSequentially(SuiteRunner.java:354)
	at org.testng.SuiteRunner.privateRun(SuiteRunner.java:312)
	at org.testng.SuiteRunner.run(SuiteRunner.java:261)
	at org.testng.SuiteRunnerWorker.runSuite(SuiteRunnerWorker.java:52)
	at org.testng.SuiteRunnerWorker.run(SuiteRunnerWorker.java:86)
	at org.testng.TestNG.runSuitesSequentially(TestNG.java:1215)
	at org.testng.TestNG.runSuitesLocally(TestNG.java:1140)
	at org.testng.TestNG.run(TestNG.java:1048)
	at com.eduven.utils.RunTestng.main(RunTestng.java:62)
Caused by: org.openqa.selenium.NoSuchElementException: An element could not be located on the page using the given search parameters. (WARNING: The server did not provide any stacktrace information)
Command duration or timeout: 20.17 seconds
For documentation on this error, please visit: http://seleniumhq.org/exceptions/no_such_element.html
Build info: version: &apos;2.51.0&apos;, revision: &apos;1af067d&apos;, time: &apos;2016-02-05 19:11:55&apos;
System info: host: &apos;Bhardwaj.local&apos;, ip: &apos;192.168.2.1&apos;, os.name: &apos;Mac OS X&apos;, os.arch: &apos;x86_64&apos;, os.version: &apos;10.11.6&apos;, java.version: &apos;1.8.0_74&apos;
Driver info: io.appium.java_client.android.AndroidDriver
Capabilities [{app=/Users/hiteshbhardwaj/Desktop/Automation/app/LanguagesForAndroid/German/app-german-debug.apk, appPackage=com.eduven.ld.lang.german, networkConnectionEnabled=true, warnings={}, appiumVersion=1.4.13, databaseEnabled=false, deviceName=TA9330G5QE, platform=LINUX, appActivity=com.eduven.ld.lang.activity.SplashActivity, desired={app=/Users/hiteshbhardwaj/Desktop/Automation/app/LanguagesForAndroid/German/app-german-debug.apk, appPackage=com.eduven.ld.lang.german, appActivity=com.eduven.ld.lang.activity.SplashActivity, newCommandTimeout=2000, platformVersion=6.0.1, appiumVersion=1.4.13, automationName=Appium, platformName=Android, deviceName=TA9330G5QE}, newCommandTimeout=2000, platformVersion=5.1, webStorageEnabled=false, locationContextEnabled=false, automationName=Appium, browserName=Android, takesScreenshot=true, javascriptEnabled=true, platformName=Android}]
Session ID: 68e081a8-e486-4de0-8c59-728a6fd59700
*** Element info: {Using=id, value=com.eduven.ld.lang.german:id/et_search_text}
	at sun.reflect.GeneratedConstructorAccessor51.newInstance(Unknown Source)
	at sun.reflect.DelegatingConstructorAccessorImpl.newInstance(DelegatingConstructorAccessorImpl.java:45)
	at java.lang.reflect.Constructor.newInstance(Constructor.java:423)
	at org.openqa.selenium.remote.ErrorHandler.createThrowable(ErrorHandler.java:206)
	at org.openqa.selenium.remote.ErrorHandler.throwIfResponseFailed(ErrorHandler.java:158)
	at org.openqa.selenium.remote.RemoteWebDriver.execute(RemoteWebDriver.java:678)
	at io.appium.java_client.DefaultGenericMobileDriver.execute(DefaultGenericMobileDriver.java:43)
	at io.appium.java_client.AppiumDriver.execute(AppiumDriver.java:1)
	at io.appium.java_client.android.AndroidDriver.execute(AndroidDriver.java:1)
	at org.openqa.selenium.remote.RemoteWebDriver.findElement(RemoteWebDriver.java:363)
	at org.openqa.selenium.remote.RemoteWebDriver.findElementById(RemoteWebDriver.java:413)
	at io.appium.java_client.DefaultGenericMobileDriver.findElementById(DefaultGenericMobileDriver.java:59)
	at io.appium.java_client.AppiumDriver.findElementById(AppiumDriver.java:1)
	at io.appium.java_client.android.AndroidDriver.findElementById(AndroidDriver.java:1)
	at org.openqa.selenium.By$ById.findElement(By.java:218)
	at org.openqa.selenium.remote.RemoteWebDriver.findElement(RemoteWebDriver.java:355)
	at io.appium.java_client.DefaultGenericMobileDriver.findElement(DefaultGenericMobileDriver.java:51)
	at io.appium.java_client.AppiumDriver.findElement(AppiumDriver.java:1)
	at io.appium.java_client.android.AndroidDriver.findElement(AndroidDriver.java:1)
	at org.openqa.selenium.support.ui.ExpectedConditions.findElement(ExpectedConditions.java:911)
	at org.openqa.selenium.support.ui.ExpectedConditions.access$0(ExpectedConditions.java:909)
	at org.openqa.selenium.support.ui.ExpectedConditions$7.apply(ExpectedConditions.java:205)
	at org.openqa.selenium.support.ui.ExpectedConditions$7.apply(ExpectedConditions.java:1)
	at org.openqa.selenium.support.ui.FluentWait.until(FluentWait.java:238)
	... 25 more
</pre></div><a href='#' onClick='toggleBox("stack-trace1252540239", this, "Click to show all stack frames", "Click to hide stack frames")'>Click to show all stack frames</a>
<div class='stack-trace' id='stack-trace1252540239'><pre>org.openqa.selenium.TimeoutException: Timed out after 60 seconds waiting for visibility of element located by By.id: com.eduven.ld.lang.german:id/et_search_text
Build info: version: &apos;2.51.0&apos;, revision: &apos;1af067d&apos;, time: &apos;2016-02-05 19:11:55&apos;
System info: host: &apos;Bhardwaj.local&apos;, ip: &apos;192.168.2.1&apos;, os.name: &apos;Mac OS X&apos;, os.arch: &apos;x86_64&apos;, os.version: &apos;10.11.6&apos;, java.version: &apos;1.8.0_74&apos;
Driver info: io.appium.java_client.android.AndroidDriver
Capabilities [{app=/Users/hiteshbhardwaj/Desktop/Automation/app/LanguagesForAndroid/German/app-german-debug.apk, appPackage=com.eduven.ld.lang.german, networkConnectionEnabled=true, warnings={}, appiumVersion=1.4.13, databaseEnabled=false, deviceName=TA9330G5QE, platform=LINUX, appActivity=com.eduven.ld.lang.activity.SplashActivity, desired={app=/Users/hiteshbhardwaj/Desktop/Automation/app/LanguagesForAndroid/German/app-german-debug.apk, appPackage=com.eduven.ld.lang.german, appActivity=com.eduven.ld.lang.activity.SplashActivity, newCommandTimeout=2000, platformVersion=6.0.1, appiumVersion=1.4.13, automationName=Appium, platformName=Android, deviceName=TA9330G5QE}, newCommandTimeout=2000, platformVersion=5.1, webStorageEnabled=false, locationContextEnabled=false, automationName=Appium, browserName=Android, takesScreenshot=true, javascriptEnabled=true, platformName=Android}]
Session ID: 68e081a8-e486-4de0-8c59-728a6fd59700
	at org.openqa.selenium.support.ui.WebDriverWait.timeoutException(WebDriverWait.java:80)
	at org.openqa.selenium.support.ui.FluentWait.until(FluentWait.java:261)
	at com.eduven.utils.Reusables.waitForElement(Reusables.java:76)
	at com.eduven.modules.Search.searchWord(Search.java:70)
	at com.eduven.testcase.SearchPageTestCases.search_word_test(SearchPageTestCases.java:59)
	at sun.reflect.NativeMethodAccessorImpl.invoke0(Native Method)
	at sun.reflect.NativeMethodAccessorImpl.invoke(NativeMethodAccessorImpl.java:62)
	at sun.reflect.DelegatingMethodAccessorImpl.invoke(DelegatingMethodAccessorImpl.java:43)
	at java.lang.reflect.Method.invoke(Method.java:498)
	at org.testng.internal.MethodInvocationHelper.invokeMethod(MethodInvocationHelper.java:85)
	at org.testng.internal.Invoker.invokeMethod(Invoker.java:639)
	at org.testng.internal.Invoker.invokeTestMethod(Invoker.java:816)
	at org.testng.internal.Invoker.invokeTestMethods(Invoker.java:1124)
	at org.testng.internal.TestMethodWorker.invokeTestMethods(TestMethodWorker.java:125)
	at org.testng.internal.TestMethodWorker.run(TestMethodWorker.java:108)
	at org.testng.TestRunner.privateRun(TestRunner.java:774)
	at org.testng.TestRunner.run(TestRunner.java:624)
	at org.testng.SuiteRunner.runTest(SuiteRunner.java:359)
	at org.testng.SuiteRunner.runSequentially(SuiteRunner.java:354)
	at org.testng.SuiteRunner.privateRun(SuiteRunner.java:312)
	at org.testng.SuiteRunner.run(SuiteRunner.java:261)
	at org.testng.SuiteRunnerWorker.runSuite(SuiteRunnerWorker.java:52)
	at org.testng.SuiteRunnerWorker.run(SuiteRunnerWorker.java:86)
	at org.testng.TestNG.runSuitesSequentially(TestNG.java:1215)
	at org.testng.TestNG.runSuitesLocally(TestNG.java:1140)
	at org.testng.TestNG.run(TestNG.java:1048)
	at com.eduven.utils.RunTestng.main(RunTestng.java:62)
Caused by: org.openqa.selenium.NoSuchElementException: An element could not be located on the page using the given search parameters. (WARNING: The server did not provide any stacktrace information)
Command duration or timeout: 20.17 seconds
For documentation on this error, please visit: http://seleniumhq.org/exceptions/no_such_element.html
Build info: version: &apos;2.51.0&apos;, revision: &apos;1af067d&apos;, time: &apos;2016-02-05 19:11:55&apos;
System info: host: &apos;Bhardwaj.local&apos;, ip: &apos;192.168.2.1&apos;, os.name: &apos;Mac OS X&apos;, os.arch: &apos;x86_64&apos;, os.version: &apos;10.11.6&apos;, java.version: &apos;1.8.0_74&apos;
Driver info: io.appium.java_client.android.AndroidDriver
Capabilities [{app=/Users/hiteshbhardwaj/Desktop/Automation/app/LanguagesForAndroid/German/app-german-debug.apk, appPackage=com.eduven.ld.lang.german, networkConnectionEnabled=true, warnings={}, appiumVersion=1.4.13, databaseEnabled=false, deviceName=TA9330G5QE, platform=LINUX, appActivity=com.eduven.ld.lang.activity.SplashActivity, desired={app=/Users/hiteshbhardwaj/Desktop/Automation/app/LanguagesForAndroid/German/app-german-debug.apk, appPackage=com.eduven.ld.lang.german, appActivity=com.eduven.ld.lang.activity.SplashActivity, newCommandTimeout=2000, platformVersion=6.0.1, appiumVersion=1.4.13, automationName=Appium, platformName=Android, deviceName=TA9330G5QE}, newCommandTimeout=2000, platformVersion=5.1, webStorageEnabled=false, locationContextEnabled=false, automationName=Appium, browserName=Android, takesScreenshot=true, javascriptEnabled=true, platformName=Android}]
Session ID: 68e081a8-e486-4de0-8c59-728a6fd59700
*** Element info: {Using=id, value=com.eduven.ld.lang.german:id/et_search_text}
	at sun.reflect.GeneratedConstructorAccessor51.newInstance(Unknown Source)
	at sun.reflect.DelegatingConstructorAccessorImpl.newInstance(DelegatingConstructorAccessorImpl.java:45)
	at java.lang.reflect.Constructor.newInstance(Constructor.java:423)
	at org.openqa.selenium.remote.ErrorHandler.createThrowable(ErrorHandler.java:206)
	at org.openqa.selenium.remote.ErrorHandler.throwIfResponseFailed(ErrorHandler.java:158)
	at org.openqa.selenium.remote.RemoteWebDriver.execute(RemoteWebDriver.java:678)
	at io.appium.java_client.DefaultGenericMobileDriver.execute(DefaultGenericMobileDriver.java:43)
	at io.appium.java_client.AppiumDriver.execute(AppiumDriver.java:1)
	at io.appium.java_client.android.AndroidDriver.execute(AndroidDriver.java:1)
	at org.openqa.selenium.remote.RemoteWebDriver.findElement(RemoteWebDriver.java:363)
	at org.openqa.selenium.remote.RemoteWebDriver.findElementById(RemoteWebDriver.java:413)
	at io.appium.java_client.DefaultGenericMobileDriver.findElementById(DefaultGenericMobileDriver.java:59)
	at io.appium.java_client.AppiumDriver.findElementById(AppiumDriver.java:1)
	at io.appium.java_client.android.AndroidDriver.findElementById(AndroidDriver.java:1)
	at org.openqa.selenium.By$ById.findElement(By.java:218)
	at org.openqa.selenium.remote.RemoteWebDriver.findElement(RemoteWebDriver.java:355)
	at io.appium.java_client.DefaultGenericMobileDriver.findElement(DefaultGenericMobileDriver.java:51)
	at io.appium.java_client.AppiumDriver.findElement(AppiumDriver.java:1)
	at io.appium.java_client.android.AndroidDriver.findElement(AndroidDriver.java:1)
	at org.openqa.selenium.support.ui.ExpectedConditions.findElement(ExpectedConditions.java:911)
	at org.openqa.selenium.support.ui.ExpectedConditions.access$0(ExpectedConditions.java:909)
	at org.openqa.selenium.support.ui.ExpectedConditions$7.apply(ExpectedConditions.java:205)
	at org.openqa.selenium.support.ui.ExpectedConditions$7.apply(ExpectedConditions.java:1)
	at org.openqa.selenium.support.ui.FluentWait.until(FluentWait.java:238)
	... 25 more
</pre></div></td>
<td>61</td>
<td>com.eduven.testcase.SearchPageTestCases@3eb738bb</td></tr>
<tr>
<td title='com.eduven.testcase.EvMenuPageTestCases.verifyRateThisAppTest()'><b>verifyRateThisAppTest</b><br>Test class: com.eduven.testcase.EvMenuPageTestCases</td>
<td><div><pre>org.openqa.selenium.TimeoutException: Timed out after 60 seconds waiting for visibility of element located by By.xpath: //*[@content-desc=&apos;More options&apos;]
Build info: version: &apos;2.51.0&apos;, revision: &apos;1af067d&apos;, time: &apos;2016-02-05 19:11:55&apos;
System info: host: &apos;Bhardwaj.local&apos;, ip: &apos;192.168.2.1&apos;, os.name: &apos;Mac OS X&apos;, os.arch: &apos;x86_64&apos;, os.version: &apos;10.11.6&apos;, java.version: &apos;1.8.0_74&apos;
Driver info: io.appium.java_client.android.AndroidDriver
Capabilities [{app=/Users/hiteshbhardwaj/Desktop/Automation/app/LanguagesForAndroid/German/app-german-debug.apk, appPackage=com.eduven.ld.lang.german, networkConnectionEnabled=true, warnings={}, appiumVersion=1.4.13, databaseEnabled=false, deviceName=TA9330G5QE, platform=LINUX, appActivity=com.eduven.ld.lang.activity.SplashActivity, desired={app=/Users/hiteshbhardwaj/Desktop/Automation/app/LanguagesForAndroid/German/app-german-debug.apk, appPackage=com.eduven.ld.lang.german, appActivity=com.eduven.ld.lang.activity.SplashActivity, newCommandTimeout=2000, platformVersion=6.0.1, appiumVersion=1.4.13, automationName=Appium, platformName=Android, deviceName=TA9330G5QE}, newCommandTimeout=2000, platformVersion=5.1, webStorageEnabled=false, locationContextEnabled=false, automationName=Appium, browserName=Android, takesScreenshot=true, javascriptEnabled=true, platformName=Android}]
Session ID: 68e081a8-e486-4de0-8c59-728a6fd59700
	at org.openqa.selenium.support.ui.WebDriverWait.timeoutException(WebDriverWait.java:80)
	at org.openqa.selenium.support.ui.FluentWait.until(FluentWait.java:261)
	at com.eduven.utils.Reusables.waitForElement(Reusables.java:76)
	at com.eduven.modules.EvMenu.navigateToEvMenuPage(EvMenu.java:114)
	at com.eduven.modules.EvMenu.navigateToSettingPage(EvMenu.java:128)
	at com.eduven.modules.EvMenu.navigateToRateThisApp(EvMenu.java:458)
	at com.eduven.testcase.EvMenuPageTestCases.verifyRateThisAppTest(EvMenuPageTestCases.java:190)
	at sun.reflect.NativeMethodAccessorImpl.invoke0(Native Method)
	at sun.reflect.NativeMethodAccessorImpl.invoke(NativeMethodAccessorImpl.java:62)
	at sun.reflect.DelegatingMethodAccessorImpl.invoke(DelegatingMethodAccessorImpl.java:43)
	at java.lang.reflect.Method.invoke(Method.java:498)
	at org.testng.internal.MethodInvocationHelper.invokeMethod(MethodInvocationHelper.java:85)
	at org.testng.internal.Invoker.invokeMethod(Invoker.java:639)
	at org.testng.internal.Invoker.invokeTestMethod(Invoker.java:816)
	at org.testng.internal.Invoker.invokeTestMethods(Invoker.java:1124)
	at org.testng.internal.TestMethodWorker.invokeTestMethods(TestMethodWorker.java:125)
	at org.testng.internal.TestMethodWorker.run(TestMethodWorker.java:108)
	at org.testng.TestRunner.privateRun(TestRunner.java:774)
	at org.testng.TestRunner.run(TestRunner.java:624)
	at org.testng.SuiteRunner.runTest(SuiteRunner.java:359)
	at org.testng.SuiteRunner.runSequentially(SuiteRunner.java:354)
	at org.testng.SuiteRunner.privateRun(SuiteRunner.java:312)
	at org.testng.SuiteRunner.run(SuiteRunner.java:261)
	at org.testng.SuiteRunnerWorker.runSuite(SuiteRunnerWorker.java:52)
	at org.testng.SuiteRunnerWorker.run(SuiteRunnerWorker.java:86)
	at org.testng.TestNG.runSuitesSequentially(TestNG.java:1215)
	at org.testng.TestNG.runSuitesLocally(TestNG.java:1140)
	at org.testng.TestNG.run(TestNG.java:1048)
	at com.eduven.utils.RunTestng.main(RunTestng.java:62)
Caused by: org.openqa.selenium.NoSuchElementException: An element could not be located on the page using the given search parameters. (WARNING: The server did not provide any stacktrace information)
Command duration or timeout: 20.17 seconds
For documentation on this error, please visit: http://seleniumhq.org/exceptions/no_such_element.html
Build info: version: &apos;2.51.0&apos;, revision: &apos;1af067d&apos;, time: &apos;2016-02-05 19:11:55&apos;
System info: host: &apos;Bhardwaj.local&apos;, ip: &apos;192.168.2.1&apos;, os.name: &apos;Mac OS X&apos;, os.arch: &apos;x86_64&apos;, os.version: &apos;10.11.6&apos;, java.version: &apos;1.8.0_74&apos;
Driver info: io.appium.java_client.android.AndroidDriver
Capabilities [{app=/Users/hiteshbhardwaj/Desktop/Automation/app/LanguagesForAndroid/German/app-german-debug.apk, appPackage=com.eduven.ld.lang.german, networkConnectionEnabled=true, warnings={}, appiumVersion=1.4.13, databaseEnabled=false, deviceName=TA9330G5QE, platform=LINUX, appActivity=com.eduven.ld.lang.activity.SplashActivity, desired={app=/Users/hiteshbhardwaj/Desktop/Automation/app/LanguagesForAndroid/German/app-german-debug.apk, appPackage=com.eduven.ld.lang.german, appActivity=com.eduven.ld.lang.activity.SplashActivity, newCommandTimeout=2000, platformVersion=6.0.1, appiumVersion=1.4.13, automationName=Appium, platformName=Android, deviceName=TA9330G5QE}, newCommandTimeout=2000, platformVersion=5.1, webStorageEnabled=false, locationContextEnabled=false, automationName=Appium, browserName=Android, takesScreenshot=true, javascriptEnabled=true, platformName=Android}]
Session ID: 68e081a8-e486-4de0-8c59-728a6fd59700
*** Element info: {Using=xpath, value=//*[@content-desc=&apos;More options&apos;]}
	at sun.reflect.GeneratedConstructorAccessor51.newInstance(Unknown Source)
	at sun.reflect.DelegatingConstructorAccessorImpl.newInstance(DelegatingConstructorAccessorImpl.java:45)
	at java.lang.reflect.Constructor.newInstance(Constructor.java:423)
	at org.openqa.selenium.remote.ErrorHandler.createThrowable(ErrorHandler.java:206)
	at org.openqa.selenium.remote.ErrorHandler.throwIfResponseFailed(ErrorHandler.java:158)
	at org.openqa.selenium.remote.RemoteWebDriver.execute(RemoteWebDriver.java:678)
	at io.appium.java_client.DefaultGenericMobileDriver.execute(DefaultGenericMobileDriver.java:43)
	at io.appium.java_client.AppiumDriver.execute(AppiumDriver.java:1)
	at io.appium.java_client.android.AndroidDriver.execute(AndroidDriver.java:1)
	at org.openqa.selenium.remote.RemoteWebDriver.findElement(RemoteWebDriver.java:363)
	at org.openqa.selenium.remote.RemoteWebDriver.findElementByXPath(RemoteWebDriver.java:500)
	at io.appium.java_client.DefaultGenericMobileDriver.findElementByXPath(DefaultGenericMobileDriver.java:129)
	at io.appium.java_client.AppiumDriver.findElementByXPath(AppiumDriver.java:1)
	at io.appium.java_client.android.AndroidDriver.findElementByXPath(AndroidDriver.java:1)
	at org.openqa.selenium.By$ByXPath.findElement(By.java:361)
	at org.openqa.selenium.remote.RemoteWebDriver.findElement(RemoteWebDriver.java:355)
	at io.appium.java_client.DefaultGenericMobileDriver.findElement(DefaultGenericMobileDriver.java:51)
	at io.appium.java_client.AppiumDriver.findElement(AppiumDriver.java:1)
	at io.appium.java_client.android.AndroidDriver.findElement(AndroidDriver.java:1)
	at org.openqa.selenium.support.ui.ExpectedConditions.findElement(ExpectedConditions.java:911)
	at org.openqa.selenium.support.ui.ExpectedConditions.access$0(ExpectedConditions.java:909)
	at org.openqa.selenium.support.ui.ExpectedConditions$7.apply(ExpectedConditions.java:205)
	at org.openqa.selenium.support.ui.ExpectedConditions$7.apply(ExpectedConditions.java:1)
	at org.openqa.selenium.support.ui.FluentWait.until(FluentWait.java:238)
	... 27 more
</pre></div><a href='#' onClick='toggleBox("stack-trace1348916831", this, "Click to show all stack frames", "Click to hide stack frames")'>Click to show all stack frames</a>
<div class='stack-trace' id='stack-trace1348916831'><pre>org.openqa.selenium.TimeoutException: Timed out after 60 seconds waiting for visibility of element located by By.xpath: //*[@content-desc=&apos;More options&apos;]
Build info: version: &apos;2.51.0&apos;, revision: &apos;1af067d&apos;, time: &apos;2016-02-05 19:11:55&apos;
System info: host: &apos;Bhardwaj.local&apos;, ip: &apos;192.168.2.1&apos;, os.name: &apos;Mac OS X&apos;, os.arch: &apos;x86_64&apos;, os.version: &apos;10.11.6&apos;, java.version: &apos;1.8.0_74&apos;
Driver info: io.appium.java_client.android.AndroidDriver
Capabilities [{app=/Users/hiteshbhardwaj/Desktop/Automation/app/LanguagesForAndroid/German/app-german-debug.apk, appPackage=com.eduven.ld.lang.german, networkConnectionEnabled=true, warnings={}, appiumVersion=1.4.13, databaseEnabled=false, deviceName=TA9330G5QE, platform=LINUX, appActivity=com.eduven.ld.lang.activity.SplashActivity, desired={app=/Users/hiteshbhardwaj/Desktop/Automation/app/LanguagesForAndroid/German/app-german-debug.apk, appPackage=com.eduven.ld.lang.german, appActivity=com.eduven.ld.lang.activity.SplashActivity, newCommandTimeout=2000, platformVersion=6.0.1, appiumVersion=1.4.13, automationName=Appium, platformName=Android, deviceName=TA9330G5QE}, newCommandTimeout=2000, platformVersion=5.1, webStorageEnabled=false, locationContextEnabled=false, automationName=Appium, browserName=Android, takesScreenshot=true, javascriptEnabled=true, platformName=Android}]
Session ID: 68e081a8-e486-4de0-8c59-728a6fd59700
	at org.openqa.selenium.support.ui.WebDriverWait.timeoutException(WebDriverWait.java:80)
	at org.openqa.selenium.support.ui.FluentWait.until(FluentWait.java:261)
	at com.eduven.utils.Reusables.waitForElement(Reusables.java:76)
	at com.eduven.modules.EvMenu.navigateToEvMenuPage(EvMenu.java:114)
	at com.eduven.modules.EvMenu.navigateToSettingPage(EvMenu.java:128)
	at com.eduven.modules.EvMenu.navigateToRateThisApp(EvMenu.java:458)
	at com.eduven.testcase.EvMenuPageTestCases.verifyRateThisAppTest(EvMenuPageTestCases.java:190)
	at sun.reflect.NativeMethodAccessorImpl.invoke0(Native Method)
	at sun.reflect.NativeMethodAccessorImpl.invoke(NativeMethodAccessorImpl.java:62)
	at sun.reflect.DelegatingMethodAccessorImpl.invoke(DelegatingMethodAccessorImpl.java:43)
	at java.lang.reflect.Method.invoke(Method.java:498)
	at org.testng.internal.MethodInvocationHelper.invokeMethod(MethodInvocationHelper.java:85)
	at org.testng.internal.Invoker.invokeMethod(Invoker.java:639)
	at org.testng.internal.Invoker.invokeTestMethod(Invoker.java:816)
	at org.testng.internal.Invoker.invokeTestMethods(Invoker.java:1124)
	at org.testng.internal.TestMethodWorker.invokeTestMethods(TestMethodWorker.java:125)
	at org.testng.internal.TestMethodWorker.run(TestMethodWorker.java:108)
	at org.testng.TestRunner.privateRun(TestRunner.java:774)
	at org.testng.TestRunner.run(TestRunner.java:624)
	at org.testng.SuiteRunner.runTest(SuiteRunner.java:359)
	at org.testng.SuiteRunner.runSequentially(SuiteRunner.java:354)
	at org.testng.SuiteRunner.privateRun(SuiteRunner.java:312)
	at org.testng.SuiteRunner.run(SuiteRunner.java:261)
	at org.testng.SuiteRunnerWorker.runSuite(SuiteRunnerWorker.java:52)
	at org.testng.SuiteRunnerWorker.run(SuiteRunnerWorker.java:86)
	at org.testng.TestNG.runSuitesSequentially(TestNG.java:1215)
	at org.testng.TestNG.runSuitesLocally(TestNG.java:1140)
	at org.testng.TestNG.run(TestNG.java:1048)
	at com.eduven.utils.RunTestng.main(RunTestng.java:62)
Caused by: org.openqa.selenium.NoSuchElementException: An element could not be located on the page using the given search parameters. (WARNING: The server did not provide any stacktrace information)
Command duration or timeout: 20.17 seconds
For documentation on this error, please visit: http://seleniumhq.org/exceptions/no_such_element.html
Build info: version: &apos;2.51.0&apos;, revision: &apos;1af067d&apos;, time: &apos;2016-02-05 19:11:55&apos;
System info: host: &apos;Bhardwaj.local&apos;, ip: &apos;192.168.2.1&apos;, os.name: &apos;Mac OS X&apos;, os.arch: &apos;x86_64&apos;, os.version: &apos;10.11.6&apos;, java.version: &apos;1.8.0_74&apos;
Driver info: io.appium.java_client.android.AndroidDriver
Capabilities [{app=/Users/hiteshbhardwaj/Desktop/Automation/app/LanguagesForAndroid/German/app-german-debug.apk, appPackage=com.eduven.ld.lang.german, networkConnectionEnabled=true, warnings={}, appiumVersion=1.4.13, databaseEnabled=false, deviceName=TA9330G5QE, platform=LINUX, appActivity=com.eduven.ld.lang.activity.SplashActivity, desired={app=/Users/hiteshbhardwaj/Desktop/Automation/app/LanguagesForAndroid/German/app-german-debug.apk, appPackage=com.eduven.ld.lang.german, appActivity=com.eduven.ld.lang.activity.SplashActivity, newCommandTimeout=2000, platformVersion=6.0.1, appiumVersion=1.4.13, automationName=Appium, platformName=Android, deviceName=TA9330G5QE}, newCommandTimeout=2000, platformVersion=5.1, webStorageEnabled=false, locationContextEnabled=false, automationName=Appium, browserName=Android, takesScreenshot=true, javascriptEnabled=true, platformName=Android}]
Session ID: 68e081a8-e486-4de0-8c59-728a6fd59700
*** Element info: {Using=xpath, value=//*[@content-desc=&apos;More options&apos;]}
	at sun.reflect.GeneratedConstructorAccessor51.newInstance(Unknown Source)
	at sun.reflect.DelegatingConstructorAccessorImpl.newInstance(DelegatingConstructorAccessorImpl.java:45)
	at java.lang.reflect.Constructor.newInstance(Constructor.java:423)
	at org.openqa.selenium.remote.ErrorHandler.createThrowable(ErrorHandler.java:206)
	at org.openqa.selenium.remote.ErrorHandler.throwIfResponseFailed(ErrorHandler.java:158)
	at org.openqa.selenium.remote.RemoteWebDriver.execute(RemoteWebDriver.java:678)
	at io.appium.java_client.DefaultGenericMobileDriver.execute(DefaultGenericMobileDriver.java:43)
	at io.appium.java_client.AppiumDriver.execute(AppiumDriver.java:1)
	at io.appium.java_client.android.AndroidDriver.execute(AndroidDriver.java:1)
	at org.openqa.selenium.remote.RemoteWebDriver.findElement(RemoteWebDriver.java:363)
	at org.openqa.selenium.remote.RemoteWebDriver.findElementByXPath(RemoteWebDriver.java:500)
	at io.appium.java_client.DefaultGenericMobileDriver.findElementByXPath(DefaultGenericMobileDriver.java:129)
	at io.appium.java_client.AppiumDriver.findElementByXPath(AppiumDriver.java:1)
	at io.appium.java_client.android.AndroidDriver.findElementByXPath(AndroidDriver.java:1)
	at org.openqa.selenium.By$ByXPath.findElement(By.java:361)
	at org.openqa.selenium.remote.RemoteWebDriver.findElement(RemoteWebDriver.java:355)
	at io.appium.java_client.DefaultGenericMobileDriver.findElement(DefaultGenericMobileDriver.java:51)
	at io.appium.java_client.AppiumDriver.findElement(AppiumDriver.java:1)
	at io.appium.java_client.android.AndroidDriver.findElement(AndroidDriver.java:1)
	at org.openqa.selenium.support.ui.ExpectedConditions.findElement(ExpectedConditions.java:911)
	at org.openqa.selenium.support.ui.ExpectedConditions.access$0(ExpectedConditions.java:909)
	at org.openqa.selenium.support.ui.ExpectedConditions$7.apply(ExpectedConditions.java:205)
	at org.openqa.selenium.support.ui.ExpectedConditions$7.apply(ExpectedConditions.java:1)
	at org.openqa.selenium.support.ui.FluentWait.until(FluentWait.java:238)
	... 27 more
</pre></div></td>
<td>62</td>
<td>com.eduven.testcase.EvMenuPageTestCases@1e800aaa</td></tr>
</table><p>
<table width='100%' border='1' class='invocation-passed'>
<tr><td colspan='4' align='center'><b>PASSED TESTS</b></td></tr>
<tr><td><b>Test method</b></td>
<td width="30%"><b>Exception</b></td>
<td width="10%"><b>Time (seconds)</b></td>
<td><b>Instance</b></td>
</tr>
<tr>
<td title='com.eduven.testcase.EduBankPageTestCases.addTermInEdubankForQuicklistTest()'><b>addTermInEdubankForQuicklistTest</b><br>Test class: com.eduven.testcase.EduBankPageTestCases</td>
<td></td>
<td>10</td>
<td>com.eduven.testcase.EduBankPageTestCases@233795b6</td></tr>
<tr>
<td title='com.eduven.testcase.EduBankPageTestCases.addTermInEdubankTest()'><b>addTermInEdubankTest</b><br>Test class: com.eduven.testcase.EduBankPageTestCases</td>
<td></td>
<td>6</td>
<td>com.eduven.testcase.EduBankPageTestCases@233795b6</td></tr>
<tr>
<td title='com.eduven.testcase.EvMenuPageTestCases.app_sharing_message_test()'><b>app_sharing_message_test</b><br>Test class: com.eduven.testcase.EvMenuPageTestCases</td>
<td></td>
<td>37</td>
<td>com.eduven.testcase.EvMenuPageTestCases@1e800aaa</td></tr>
<tr>
<td title='com.eduven.testcase.EvMenuPageTestCases.categorySettingPageTest()'><b>categorySettingPageTest</b><br>Test class: com.eduven.testcase.EvMenuPageTestCases</td>
<td></td>
<td>363</td>
<td>com.eduven.testcase.EvMenuPageTestCases@1e800aaa</td></tr>
<tr>
<td title='com.eduven.testcase.EvMenuPageTestCases.checkAllCategoryInCategorySettingTest()'><b>checkAllCategoryInCategorySettingTest</b><br>Test class: com.eduven.testcase.EvMenuPageTestCases</td>
<td></td>
<td>275</td>
<td>com.eduven.testcase.EvMenuPageTestCases@1e800aaa</td></tr>
<tr>
<td title='com.eduven.testcase.ThirtyPercentageFeatureTestCase.checkFirstTermAsUnlockTermTest()'><b>checkFirstTermAsUnlockTermTest</b><br>Test class: com.eduven.testcase.ThirtyPercentageFeatureTestCase</td>
<td></td>
<td>2703</td>
<td>com.eduven.testcase.ThirtyPercentageFeatureTestCase@3cd3e762</td></tr>
<tr>
<td title='com.eduven.testcase.ThirtyPercentageFeatureTestCase.check_thirty_percentage_feature_test()'><b>check_thirty_percentage_feature_test</b><br>Test class: com.eduven.testcase.ThirtyPercentageFeatureTestCase</td>
<td></td>
<td>0</td>
<td>com.eduven.testcase.ThirtyPercentageFeatureTestCase@3cd3e762</td></tr>
<tr>
<td title='com.eduven.testcase.AutoPlayPageTestCases.getFirstTermNameBeforeStartTest()'><b>getFirstTermNameBeforeStartTest</b><br>Test class: com.eduven.testcase.AutoPlayPageTestCases</td>
<td></td>
<td>0</td>
<td>com.eduven.testcase.AutoPlayPageTestCases@9d5509a</td></tr>
<tr>
<td title='com.eduven.testcase.EvMenuPageTestCases.getInTouchPageTest()'><b>getInTouchPageTest</b><br>Test class: com.eduven.testcase.EvMenuPageTestCases</td>
<td></td>
<td>43</td>
<td>com.eduven.testcase.EvMenuPageTestCases@1e800aaa</td></tr>
<tr>
<td title='com.eduven.testcase.AutoPlayPageTestCases.handlingRateAppPopupTest()'><b>handlingRateAppPopupTest</b><br>Test class: com.eduven.testcase.AutoPlayPageTestCases</td>
<td></td>
<td>0</td>
<td>com.eduven.testcase.AutoPlayPageTestCases@9d5509a</td></tr>
<tr>
<td title='com.eduven.testcase.CheckInterstetialBeforePurchase.handlingRateAppPopupTest()'><b>handlingRateAppPopupTest</b><br>Test class: com.eduven.testcase.CheckInterstetialBeforePurchase</td>
<td></td>
<td>0</td>
<td>com.eduven.testcase.CheckInterstetialBeforePurchase@3b0090a4</td></tr>
<tr>
<td title='com.eduven.testcase.AutoPlayPageTestCases.increaseDelayTimeTest()'><b>increaseDelayTimeTest</b><br>Test class: com.eduven.testcase.AutoPlayPageTestCases</td>
<td></td>
<td>20</td>
<td>com.eduven.testcase.AutoPlayPageTestCases@9d5509a</td></tr>
<tr>
<td title='com.eduven.testcase.CategoryPageTestCases.installAppAndLanguageSelectionTest()'><b>installAppAndLanguageSelectionTest</b><br>Test class: com.eduven.testcase.CategoryPageTestCases</td>
<td></td>
<td>47</td>
<td>com.eduven.testcase.CategoryPageTestCases@f5958c9</td></tr>
<tr>
<td title='com.eduven.testcase.EduBankPageTestCases.installAppAndLanguageSelectionTest()'><b>installAppAndLanguageSelectionTest</b><br>Test class: com.eduven.testcase.EduBankPageTestCases</td>
<td></td>
<td>42</td>
<td>com.eduven.testcase.EduBankPageTestCases@233795b6</td></tr>
<tr>
<td title='com.eduven.testcase.GamesPageTestCases.installAppAndLanguageSelectionTest()'><b>installAppAndLanguageSelectionTest</b><br>Test class: com.eduven.testcase.GamesPageTestCases</td>
<td></td>
<td>42</td>
<td>com.eduven.testcase.GamesPageTestCases@5bda8e08</td></tr>
<tr>
<td title='com.eduven.testcase.EvMenuPageTestCases.installAppAndLanguageSelectionTest()'><b>installAppAndLanguageSelectionTest</b><br>Test class: com.eduven.testcase.EvMenuPageTestCases</td>
<td></td>
<td>44</td>
<td>com.eduven.testcase.EvMenuPageTestCases@1e800aaa</td></tr>
<tr>
<td title='com.eduven.testcase.TermListPageTestCases.installAppAndLanguageSelectionTest()'><b>installAppAndLanguageSelectionTest</b><br>Test class: com.eduven.testcase.TermListPageTestCases</td>
<td></td>
<td>43</td>
<td>com.eduven.testcase.TermListPageTestCases@185a6e9</td></tr>
<tr>
<td title='com.eduven.testcase.AutoPlayPageTestCases.installAppAndLanguageSelectionTest()'><b>installAppAndLanguageSelectionTest</b><br>Test class: com.eduven.testcase.AutoPlayPageTestCases</td>
<td></td>
<td>43</td>
<td>com.eduven.testcase.AutoPlayPageTestCases@9d5509a</td></tr>
<tr>
<td title='com.eduven.testcase.NetworkRelatedTestCases.installAppAndLanguageSelectionTest()'><b>installAppAndLanguageSelectionTest</b><br>Test class: com.eduven.testcase.NetworkRelatedTestCases</td>
<td></td>
<td>42</td>
<td>com.eduven.testcase.NetworkRelatedTestCases@179ece50</td></tr>
<tr>
<td title='com.eduven.testcase.CheckInterstetialBeforePurchase.installAppAndLanguageSelectionTest()'><b>installAppAndLanguageSelectionTest</b><br>Test class: com.eduven.testcase.CheckInterstetialBeforePurchase</td>
<td></td>
<td>43</td>
<td>com.eduven.testcase.CheckInterstetialBeforePurchase@3b0090a4</td></tr>
<tr>
<td title='com.eduven.testcase.ThirtyPercentageFeatureTestCase.installAppAndLanguageSelectionTest()'><b>installAppAndLanguageSelectionTest</b><br>Test class: com.eduven.testcase.ThirtyPercentageFeatureTestCase</td>
<td></td>
<td>43</td>
<td>com.eduven.testcase.ThirtyPercentageFeatureTestCase@3cd3e762</td></tr>
<tr>
<td title='com.eduven.testcase.PurchaseTestCases.installAppAndLanguageSelectionTest()'><b>installAppAndLanguageSelectionTest</b><br>Test class: com.eduven.testcase.PurchaseTestCases</td>
<td></td>
<td>44</td>
<td>com.eduven.testcase.PurchaseTestCases@1fa121e2</td></tr>
<tr>
<td title='com.eduven.testcase.HomePageTestCases.install_app_and_language_selection_test()'><b>install_app_and_language_selection_test</b><br>Test class: com.eduven.testcase.HomePageTestCases</td>
<td></td>
<td>118</td>
<td>com.eduven.testcase.HomePageTestCases@77c2494c</td></tr>
<tr>
<td title='com.eduven.testcase.SearchPageTestCases.install_app_and_language_selection_test()'><b>install_app_and_language_selection_test</b><br>Test class: com.eduven.testcase.SearchPageTestCases</td>
<td></td>
<td>43</td>
<td>com.eduven.testcase.SearchPageTestCases@3eb738bb</td></tr>
<tr>
<td title='com.eduven.testcase.QuickListPageTestCases.install_app_and_language_selection_test()'><b>install_app_and_language_selection_test</b><br>Test class: com.eduven.testcase.QuickListPageTestCases</td>
<td></td>
<td>43</td>
<td>com.eduven.testcase.QuickListPageTestCases@6f03482</td></tr>
<tr>
<td title='com.eduven.testcase.SwitchLanguagePageTestCases.install_app_and_language_selection_test()'><b>install_app_and_language_selection_test</b><br>Test class: com.eduven.testcase.SwitchLanguagePageTestCases</td>
<td></td>
<td>43</td>
<td>com.eduven.testcase.SwitchLanguagePageTestCases@7eac9008</td></tr>
<tr>
<td title='com.eduven.testcase.EvMenuPageTestCases.login_into_social_site_test()'><b>login_into_social_site_test</b><br>Test class: com.eduven.testcase.EvMenuPageTestCases</td>
<td></td>
<td>64</td>
<td>com.eduven.testcase.EvMenuPageTestCases@1e800aaa</td></tr>
<tr>
<td title='com.eduven.testcase.EvMenuPageTestCases.navigateContributePageTest()'><b>navigateContributePageTest</b><br>Test class: com.eduven.testcase.EvMenuPageTestCases</td>
<td></td>
<td>6</td>
<td>com.eduven.testcase.EvMenuPageTestCases@1e800aaa</td></tr>
<tr>
<td title='com.eduven.testcase.EvMenuPageTestCases.navigateToAppListPageTest()'><b>navigateToAppListPageTest</b><br>Test class: com.eduven.testcase.EvMenuPageTestCases</td>
<td></td>
<td>4</td>
<td>com.eduven.testcase.EvMenuPageTestCases@1e800aaa</td></tr>
<tr>
<td title='com.eduven.testcase.TermListPageTestCases.navigateToEditTermPageTest()'><b>navigateToEditTermPageTest</b><br>Test class: com.eduven.testcase.TermListPageTestCases</td>
<td></td>
<td>252</td>
<td>com.eduven.testcase.TermListPageTestCases@185a6e9</td></tr>
<tr>
<td title='com.eduven.testcase.EduBankPageTestCases.navigateToEdubankQuicklistTest()'><b>navigateToEdubankQuicklistTest</b><br>Test class: com.eduven.testcase.EduBankPageTestCases</td>
<td></td>
<td>49</td>
<td>com.eduven.testcase.EduBankPageTestCases@233795b6</td></tr>
<tr>
<td title='com.eduven.testcase.EduBankPageTestCases.navigateToEdubankTest()'><b>navigateToEdubankTest</b><br>Test class: com.eduven.testcase.EduBankPageTestCases</td>
<td></td>
<td>49</td>
<td>com.eduven.testcase.EduBankPageTestCases@233795b6</td></tr>
<tr>
<td title='com.eduven.testcase.EduBankPageTestCases.navigateToEquicklistPageTest()'><b>navigateToEquicklistPageTest</b><br>Test class: com.eduven.testcase.EduBankPageTestCases</td>
<td></td>
<td>8</td>
<td>com.eduven.testcase.EduBankPageTestCases@233795b6</td></tr>
<tr>
<td title='com.eduven.testcase.GamesPageTestCases.navigateToGaemPageTest()'><b>navigateToGaemPageTest</b><br>Test class: com.eduven.testcase.GamesPageTestCases</td>
<td></td>
<td>9</td>
<td>com.eduven.testcase.GamesPageTestCases@5bda8e08</td></tr>
<tr>
<td title='com.eduven.testcase.EvMenuPageTestCases.navigateToMoreAppsPageTest()'><b>navigateToMoreAppsPageTest</b><br>Test class: com.eduven.testcase.EvMenuPageTestCases</td>
<td></td>
<td>7</td>
<td>com.eduven.testcase.EvMenuPageTestCases@1e800aaa</td></tr>
<tr>
<td title='com.eduven.testcase.EduBankPageTestCases.navigateToQuicklistTermPageTest()'><b>navigateToQuicklistTermPageTest</b><br>Test class: com.eduven.testcase.EduBankPageTestCases</td>
<td></td>
<td>30</td>
<td>com.eduven.testcase.EduBankPageTestCases@233795b6</td></tr>
<tr>
<td title='com.eduven.testcase.EduBankPageTestCases.navigateToTermPageTest()'><b>navigateToTermPageTest</b><br>Test class: com.eduven.testcase.EduBankPageTestCases</td>
<td></td>
<td>178</td>
<td>com.eduven.testcase.EduBankPageTestCases@233795b6</td></tr>
<tr>
<td title='com.eduven.testcase.EvMenuPageTestCases.navigate_to_app_sharing_test()'><b>navigate_to_app_sharing_test</b><br>Test class: com.eduven.testcase.EvMenuPageTestCases</td>
<td></td>
<td>12</td>
<td>com.eduven.testcase.EvMenuPageTestCases@1e800aaa</td></tr>
<tr>
<td title='com.eduven.testcase.PurchaseTestCases.navigate_to_buy_test()'><b>navigate_to_buy_test</b><br>Test class: com.eduven.testcase.PurchaseTestCases</td>
<td></td>
<td>4</td>
<td>com.eduven.testcase.PurchaseTestCases@1fa121e2</td></tr>
<tr>
<td title='com.eduven.testcase.QuickListPageTestCases.navigate_to_quick_list_term_test()'><b>navigate_to_quick_list_term_test</b><br>Test class: com.eduven.testcase.QuickListPageTestCases</td>
<td></td>
<td>53</td>
<td>com.eduven.testcase.QuickListPageTestCases@6f03482</td></tr>
<tr>
<td title='com.eduven.testcase.SwitchLanguagePageTestCases.navigate_to_quick_list_term_test()'><b>navigate_to_quick_list_term_test</b><br>Test class: com.eduven.testcase.SwitchLanguagePageTestCases</td>
<td></td>
<td>5</td>
<td>com.eduven.testcase.SwitchLanguagePageTestCases@7eac9008</td></tr>
<tr>
<td title='com.eduven.testcase.QuickListPageTestCases.navigate_to_quick_list_test()'><b>navigate_to_quick_list_test</b><br>Test class: com.eduven.testcase.QuickListPageTestCases</td>
<td></td>
<td>6</td>
<td>com.eduven.testcase.QuickListPageTestCases@6f03482</td></tr>
<tr>
<td title='com.eduven.testcase.SwitchLanguagePageTestCases.navigate_to_quick_list_test()'><b>navigate_to_quick_list_test</b><br>Test class: com.eduven.testcase.SwitchLanguagePageTestCases</td>
<td></td>
<td>5</td>
<td>com.eduven.testcase.SwitchLanguagePageTestCases@7eac9008</td></tr>
<tr>
<td title='com.eduven.testcase.SearchPageTestCases.navigate_to_search_page_test()'><b>navigate_to_search_page_test</b><br>Test class: com.eduven.testcase.SearchPageTestCases</td>
<td></td>
<td>2</td>
<td>com.eduven.testcase.SearchPageTestCases@3eb738bb</td></tr>
<tr>
<td title='com.eduven.testcase.SwitchLanguagePageTestCases.navigate_to_switch_lingo_page_test()'><b>navigate_to_switch_lingo_page_test</b><br>Test class: com.eduven.testcase.SwitchLanguagePageTestCases</td>
<td></td>
<td>12</td>
<td>com.eduven.testcase.SwitchLanguagePageTestCases@7eac9008</td></tr>
<tr>
<td title='com.eduven.testcase.PurchaseTestCases.premium_word_purchase_test()'><b>premium_word_purchase_test</b><br>Test class: com.eduven.testcase.PurchaseTestCases</td>
<td></td>
<td>47</td>
<td>com.eduven.testcase.PurchaseTestCases@1fa121e2</td></tr>
<tr>
<td title='com.eduven.testcase.SwitchLanguagePageTestCases.purchase_native_langugae_test()'><b>purchase_native_langugae_test</b><br>Test class: com.eduven.testcase.SwitchLanguagePageTestCases</td>
<td></td>
<td>20</td>
<td>com.eduven.testcase.SwitchLanguagePageTestCases@7eac9008</td></tr>
<tr>
<td title='com.eduven.testcase.GamesPageTestCases.questionCountTest()'><b>questionCountTest</b><br>Test class: com.eduven.testcase.GamesPageTestCases</td>
<td></td>
<td>1</td>
<td>com.eduven.testcase.GamesPageTestCases@5bda8e08</td></tr>
<tr>
<td title='com.eduven.testcase.EduBankPageTestCases.removeAllTermsFromEdubankForQuicklistTest()'><b>removeAllTermsFromEdubankForQuicklistTest</b><br>Test class: com.eduven.testcase.EduBankPageTestCases</td>
<td></td>
<td>1</td>
<td>com.eduven.testcase.EduBankPageTestCases@233795b6</td></tr>
<tr>
<td title='com.eduven.testcase.EduBankPageTestCases.removeAllTermsFromEdubankTest()'><b>removeAllTermsFromEdubankTest</b><br>Test class: com.eduven.testcase.EduBankPageTestCases</td>
<td></td>
<td>2</td>
<td>com.eduven.testcase.EduBankPageTestCases@233795b6</td></tr>
<tr>
<td title='com.eduven.testcase.EduBankPageTestCases.removeTermsFromEdubankForQuicklistTest()'><b>removeTermsFromEdubankForQuicklistTest</b><br>Test class: com.eduven.testcase.EduBankPageTestCases</td>
<td></td>
<td>4</td>
<td>com.eduven.testcase.EduBankPageTestCases@233795b6</td></tr>
<tr>
<td title='com.eduven.testcase.EduBankPageTestCases.remove_terms_from_Edubank_test()'><b>remove_terms_from_Edubank_test</b><br>Test class: com.eduven.testcase.EduBankPageTestCases</td>
<td></td>
<td>4</td>
<td>com.eduven.testcase.EduBankPageTestCases@233795b6</td></tr>
<tr>
<td title='com.eduven.testcase.SearchPageTestCases.search_page_audio_test()'><b>search_page_audio_test</b><br>Test class: com.eduven.testcase.SearchPageTestCases</td>
<td></td>
<td>4</td>
<td>com.eduven.testcase.SearchPageTestCases@3eb738bb</td></tr>
<tr>
<td title='com.eduven.testcase.SearchPageTestCases.search_word_for_Unlock_term_test()'><b>search_word_for_Unlock_term_test</b><br>Test class: com.eduven.testcase.SearchPageTestCases</td>
<td></td>
<td>61</td>
<td>com.eduven.testcase.SearchPageTestCases@3eb738bb</td></tr>
<tr>
<td title='com.eduven.testcase.GamesPageTestCases.selectGameFromGameListTest()'><b>selectGameFromGameListTest</b><br>Test class: com.eduven.testcase.GamesPageTestCases</td>
<td></td>
<td>4</td>
<td>com.eduven.testcase.GamesPageTestCases@5bda8e08</td></tr>
<tr>
<td title='com.eduven.testcase.AutoPlayPageTestCases.selectRandomCategoryTest()'><b>selectRandomCategoryTest</b><br>Test class: com.eduven.testcase.AutoPlayPageTestCases</td>
<td></td>
<td>129</td>
<td>com.eduven.testcase.AutoPlayPageTestCases@9d5509a</td></tr>
<tr>
<td title='com.eduven.testcase.GamesPageTestCases.selectRandomOptionForQuestionTest()'><b>selectRandomOptionForQuestionTest</b><br>Test class: com.eduven.testcase.GamesPageTestCases</td>
<td></td>
<td>11</td>
<td>com.eduven.testcase.GamesPageTestCases@5bda8e08</td></tr>
<tr>
<td title='com.eduven.testcase.GamesPageTestCases.startGameTest()'><b>startGameTest</b><br>Test class: com.eduven.testcase.GamesPageTestCases</td>
<td></td>
<td>1</td>
<td>com.eduven.testcase.GamesPageTestCases@5bda8e08</td></tr>
<tr>
<td title='com.eduven.testcase.AutoPlayPageTestCases.startTurboPlayTest()'><b>startTurboPlayTest</b><br>Test class: com.eduven.testcase.AutoPlayPageTestCases</td>
<td></td>
<td>1</td>
<td>com.eduven.testcase.AutoPlayPageTestCases@9d5509a</td></tr>
<tr>
<td title='com.eduven.testcase.SwitchLanguagePageTestCases.switch_lingo_change_base_language_test()'><b>switch_lingo_change_base_language_test</b><br>Test class: com.eduven.testcase.SwitchLanguagePageTestCases</td>
<td></td>
<td>22</td>
<td>com.eduven.testcase.SwitchLanguagePageTestCases@7eac9008</td></tr>
<tr>
<td title='com.eduven.testcase.NetworkRelatedTestCases.turnOnNetworkConnectionTest()'><b>turnOnNetworkConnectionTest</b><br>Test class: com.eduven.testcase.NetworkRelatedTestCases</td>
<td></td>
<td>28</td>
<td>com.eduven.testcase.NetworkRelatedTestCases@179ece50</td></tr>
<tr>
<td title='com.eduven.testcase.NetworkRelatedTestCases.turnoffNetworkConnectionTest()'><b>turnoffNetworkConnectionTest</b><br>Test class: com.eduven.testcase.NetworkRelatedTestCases</td>
<td></td>
<td>23</td>
<td>com.eduven.testcase.NetworkRelatedTestCases@179ece50</td></tr>
<tr>
<td title='com.eduven.testcase.EduBankPageTestCases.verifyAddedTermInEdubankAfterRemoveOneTermTest()'><b>verifyAddedTermInEdubankAfterRemoveOneTermTest</b><br>Test class: com.eduven.testcase.EduBankPageTestCases</td>
<td></td>
<td>23</td>
<td>com.eduven.testcase.EduBankPageTestCases@233795b6</td></tr>
<tr>
<td title='com.eduven.testcase.EduBankPageTestCases.verifyAddedTermInEdubankForQuicklistAfterRemoveOnTermTest()'><b>verifyAddedTermInEdubankForQuicklistAfterRemoveOnTermTest</b><br>Test class: com.eduven.testcase.EduBankPageTestCases</td>
<td></td>
<td>23</td>
<td>com.eduven.testcase.EduBankPageTestCases@233795b6</td></tr>
<tr>
<td title='com.eduven.testcase.EduBankPageTestCases.verifyAddedTermInEdubankForQuicklistTest()'><b>verifyAddedTermInEdubankForQuicklistTest</b><br>Test class: com.eduven.testcase.EduBankPageTestCases</td>
<td></td>
<td>6</td>
<td>com.eduven.testcase.EduBankPageTestCases@233795b6</td></tr>
<tr>
<td title='com.eduven.testcase.EduBankPageTestCases.verifyAddedTermInEdubankTest()'><b>verifyAddedTermInEdubankTest</b><br>Test class: com.eduven.testcase.EduBankPageTestCases</td>
<td></td>
<td>6</td>
<td>com.eduven.testcase.EduBankPageTestCases@233795b6</td></tr>
<tr>
<td title='com.eduven.testcase.GamesPageTestCases.verifyAttemptedQuestionOnScoreBoardTest()'><b>verifyAttemptedQuestionOnScoreBoardTest</b><br>Test class: com.eduven.testcase.GamesPageTestCases</td>
<td></td>
<td>0</td>
<td>com.eduven.testcase.GamesPageTestCases@5bda8e08</td></tr>
<tr>
<td title='com.eduven.testcase.AutoPlayPageTestCases.verifyAutoPlayWorksTest()'><b>verifyAutoPlayWorksTest</b><br>Test class: com.eduven.testcase.AutoPlayPageTestCases</td>
<td></td>
<td>20</td>
<td>com.eduven.testcase.AutoPlayPageTestCases@9d5509a</td></tr>
<tr>
<td title='com.eduven.testcase.AutoPlayPageTestCases.verifyButtonsRelatedAutPlayTest()'><b>verifyButtonsRelatedAutPlayTest</b><br>Test class: com.eduven.testcase.AutoPlayPageTestCases</td>
<td></td>
<td>4</td>
<td>com.eduven.testcase.AutoPlayPageTestCases@9d5509a</td></tr>
<tr>
<td title='com.eduven.testcase.AutoPlayPageTestCases.verifyCategoryHeaderTxt()'><b>verifyCategoryHeaderTxt</b><br>Test class: com.eduven.testcase.AutoPlayPageTestCases</td>
<td></td>
<td>3</td>
<td>com.eduven.testcase.AutoPlayPageTestCases@9d5509a</td></tr>
<tr>
<td title='com.eduven.testcase.CategoryPageTestCases.verifyCategoryHeaderTxtTest()'><b>verifyCategoryHeaderTxtTest</b><br>Test class: com.eduven.testcase.CategoryPageTestCases</td>
<td></td>
<td>3</td>
<td>com.eduven.testcase.CategoryPageTestCases@f5958c9</td></tr>
<tr>
<td title='com.eduven.testcase.CategoryPageTestCases.verifyCategoryListTest()'><b>verifyCategoryListTest</b><br>Test class: com.eduven.testcase.CategoryPageTestCases</td>
<td></td>
<td>321</td>
<td>com.eduven.testcase.CategoryPageTestCases@f5958c9</td></tr>
<tr>
<td title='com.eduven.testcase.CategoryPageTestCases.verifyCategoryTermCountTest()'><b>verifyCategoryTermCountTest</b><br>Test class: com.eduven.testcase.CategoryPageTestCases</td>
<td></td>
<td>560</td>
<td>com.eduven.testcase.CategoryPageTestCases@f5958c9</td></tr>
<tr>
<td title='com.eduven.testcase.EvMenuPageTestCases.verifyContributePageWithCategoryTest()'><b>verifyContributePageWithCategoryTest</b><br>Test class: com.eduven.testcase.EvMenuPageTestCases</td>
<td></td>
<td>17</td>
<td>com.eduven.testcase.EvMenuPageTestCases@1e800aaa</td></tr>
<tr>
<td title='com.eduven.testcase.EvMenuPageTestCases.verifyContributePageWithRequiredTextTest()'><b>verifyContributePageWithRequiredTextTest</b><br>Test class: com.eduven.testcase.EvMenuPageTestCases</td>
<td></td>
<td>30</td>
<td>com.eduven.testcase.EvMenuPageTestCases@1e800aaa</td></tr>
<tr>
<td title='com.eduven.testcase.TermListPageTestCases.verifyContributePageWithTest()'><b>verifyContributePageWithTest</b><br>Test class: com.eduven.testcase.TermListPageTestCases</td>
<td></td>
<td>59</td>
<td>com.eduven.testcase.TermListPageTestCases@185a6e9</td></tr>
<tr>
<td title='com.eduven.testcase.EvMenuPageTestCases.verifyContributePageWithWordTest()'><b>verifyContributePageWithWordTest</b><br>Test class: com.eduven.testcase.EvMenuPageTestCases</td>
<td></td>
<td>21</td>
<td>com.eduven.testcase.EvMenuPageTestCases@1e800aaa</td></tr>
<tr>
<td title='com.eduven.testcase.EvMenuPageTestCases.verifyContributePageWithoutTextTest()'><b>verifyContributePageWithoutTextTest</b><br>Test class: com.eduven.testcase.EvMenuPageTestCases</td>
<td></td>
<td>12</td>
<td>com.eduven.testcase.EvMenuPageTestCases@1e800aaa</td></tr>
<tr>
<td title='com.eduven.testcase.TermListPageTestCases.verifyContributePageWithoutTextTest()'><b>verifyContributePageWithoutTextTest</b><br>Test class: com.eduven.testcase.TermListPageTestCases</td>
<td></td>
<td>12</td>
<td>com.eduven.testcase.TermListPageTestCases@185a6e9</td></tr>
<tr>
<td title='com.eduven.testcase.EvMenuPageTestCases.verifyDislcaimerTest()'><b>verifyDislcaimerTest</b><br>Test class: com.eduven.testcase.EvMenuPageTestCases</td>
<td></td>
<td>15</td>
<td>com.eduven.testcase.EvMenuPageTestCases@1e800aaa</td></tr>
<tr>
<td title='com.eduven.testcase.NetworkRelatedTestCases.verifyEVMenuForNetworkConnectionTest()'><b>verifyEVMenuForNetworkConnectionTest</b><br>Test class: com.eduven.testcase.NetworkRelatedTestCases</td>
<td></td>
<td>36</td>
<td>com.eduven.testcase.NetworkRelatedTestCases@179ece50</td></tr>
<tr>
<td title='com.eduven.testcase.AutoPlayPageTestCases.verifyElementAfterStartTurboPlayTest()'><b>verifyElementAfterStartTurboPlayTest</b><br>Test class: com.eduven.testcase.AutoPlayPageTestCases</td>
<td></td>
<td>4</td>
<td>com.eduven.testcase.AutoPlayPageTestCases@9d5509a</td></tr>
<tr>
<td title='com.eduven.testcase.GamesPageTestCases.verifyElementOnGameHomeScreenTest()'><b>verifyElementOnGameHomeScreenTest</b><br>Test class: com.eduven.testcase.GamesPageTestCases</td>
<td></td>
<td>2</td>
<td>com.eduven.testcase.GamesPageTestCases@5bda8e08</td></tr>
<tr>
<td title='com.eduven.testcase.GamesPageTestCases.verifyElementOnMainGamePageScreenTest()'><b>verifyElementOnMainGamePageScreenTest</b><br>Test class: com.eduven.testcase.GamesPageTestCases</td>
<td></td>
<td>66</td>
<td>com.eduven.testcase.GamesPageTestCases@5bda8e08</td></tr>
<tr>
<td title='com.eduven.testcase.EvMenuPageTestCases.verifyFaqsTest()'><b>verifyFaqsTest</b><br>Test class: com.eduven.testcase.EvMenuPageTestCases</td>
<td></td>
<td>14</td>
<td>com.eduven.testcase.EvMenuPageTestCases@1e800aaa</td></tr>
<tr>
<td title='com.eduven.testcase.GamesPageTestCases.verifyGameListNavigationTest()'><b>verifyGameListNavigationTest</b><br>Test class: com.eduven.testcase.GamesPageTestCases</td>
<td></td>
<td>547</td>
<td>com.eduven.testcase.GamesPageTestCases@5bda8e08</td></tr>
<tr>
<td title='com.eduven.testcase.EvMenuPageTestCases.verifyGooglePlayStorePageLoadedTest()'><b>verifyGooglePlayStorePageLoadedTest</b><br>Test class: com.eduven.testcase.EvMenuPageTestCases</td>
<td></td>
<td>9</td>
<td>com.eduven.testcase.EvMenuPageTestCases@1e800aaa</td></tr>
<tr>
<td title='com.eduven.testcase.CheckInterstetialBeforePurchase.verifyInterstetialForGamesTest()'><b>verifyInterstetialForGamesTest</b><br>Test class: com.eduven.testcase.CheckInterstetialBeforePurchase</td>
<td></td>
<td>92</td>
<td>com.eduven.testcase.CheckInterstetialBeforePurchase@3b0090a4</td></tr>
<tr>
<td title='com.eduven.testcase.CheckInterstetialBeforePurchase.verifyInterstetialForInAppTest()'><b>verifyInterstetialForInAppTest</b><br>Test class: com.eduven.testcase.CheckInterstetialBeforePurchase</td>
<td></td>
<td>31</td>
<td>com.eduven.testcase.CheckInterstetialBeforePurchase@3b0090a4</td></tr>
<tr>
<td title='com.eduven.testcase.CheckInterstetialBeforePurchase.verifyInterstetialForQuicklistTest()'><b>verifyInterstetialForQuicklistTest</b><br>Test class: com.eduven.testcase.CheckInterstetialBeforePurchase</td>
<td></td>
<td>30</td>
<td>com.eduven.testcase.CheckInterstetialBeforePurchase@3b0090a4</td></tr>
<tr>
<td title='com.eduven.testcase.CheckInterstetialBeforePurchase.verifyInterstetialForSearchTest()'><b>verifyInterstetialForSearchTest</b><br>Test class: com.eduven.testcase.CheckInterstetialBeforePurchase</td>
<td></td>
<td>94</td>
<td>com.eduven.testcase.CheckInterstetialBeforePurchase@3b0090a4</td></tr>
<tr>
<td title='com.eduven.testcase.CheckInterstetialBeforePurchase.verifyInterstetialForWordListTest()'><b>verifyInterstetialForWordListTest</b><br>Test class: com.eduven.testcase.CheckInterstetialBeforePurchase</td>
<td></td>
<td>176</td>
<td>com.eduven.testcase.CheckInterstetialBeforePurchase@3b0090a4</td></tr>
<tr>
<td title='com.eduven.testcase.EvMenuPageTestCases.verifyMoreAppsPageLoadedTest()'><b>verifyMoreAppsPageLoadedTest</b><br>Test class: com.eduven.testcase.EvMenuPageTestCases</td>
<td></td>
<td>5</td>
<td>com.eduven.testcase.EvMenuPageTestCases@1e800aaa</td></tr>
<tr>
<td title='com.eduven.testcase.EvMenuPageTestCases.verifyPrivacyPolicyTest()'><b>verifyPrivacyPolicyTest</b><br>Test class: com.eduven.testcase.EvMenuPageTestCases</td>
<td></td>
<td>58</td>
<td>com.eduven.testcase.EvMenuPageTestCases@1e800aaa</td></tr>
<tr>
<td title='com.eduven.testcase.NetworkRelatedTestCases.verifyPurchaseAppRelatedNetworkConnectionTest()'><b>verifyPurchaseAppRelatedNetworkConnectionTest</b><br>Test class: com.eduven.testcase.NetworkRelatedTestCases</td>
<td></td>
<td>18</td>
<td>com.eduven.testcase.NetworkRelatedTestCases@179ece50</td></tr>
<tr>
<td title='com.eduven.testcase.NetworkRelatedTestCases.verifySwicthLingoRelatedNetworkConnectionTest()'><b>verifySwicthLingoRelatedNetworkConnectionTest</b><br>Test class: com.eduven.testcase.NetworkRelatedTestCases</td>
<td></td>
<td>39</td>
<td>com.eduven.testcase.NetworkRelatedTestCases@179ece50</td></tr>
<tr>
<td title='com.eduven.testcase.EvMenuPageTestCases.verifyTermAndConditionTest()'><b>verifyTermAndConditionTest</b><br>Test class: com.eduven.testcase.EvMenuPageTestCases</td>
<td></td>
<td>37</td>
<td>com.eduven.testcase.EvMenuPageTestCases@1e800aaa</td></tr>
<tr>
<td title='com.eduven.testcase.GamesPageTestCases.verifyWrongAttemptedQuestionOnScoreBoardTest()'><b>verifyWrongAttemptedQuestionOnScoreBoardTest</b><br>Test class: com.eduven.testcase.GamesPageTestCases</td>
<td></td>
<td>1</td>
<td>com.eduven.testcase.GamesPageTestCases@5bda8e08</td></tr>
<tr>
<td title='com.eduven.testcase.EvMenuPageTestCases.verify_audience_type_and_post_message_test()'><b>verify_audience_type_and_post_message_test</b><br>Test class: com.eduven.testcase.EvMenuPageTestCases</td>
<td></td>
<td>55</td>
<td>com.eduven.testcase.EvMenuPageTestCases@1e800aaa</td></tr>
<tr>
<td title='com.eduven.testcase.SwitchLanguagePageTestCases.verify_category_list_after_base_language_change_test()'><b>verify_category_list_after_base_language_change_test</b><br>Test class: com.eduven.testcase.SwitchLanguagePageTestCases</td>
<td></td>
<td>307</td>
<td>com.eduven.testcase.SwitchLanguagePageTestCases@7eac9008</td></tr>
<tr>
<td title='com.eduven.testcase.HomePageTestCases.verify_element_on_homePage_test()'><b>verify_element_on_homePage_test</b><br>Test class: com.eduven.testcase.HomePageTestCases</td>
<td></td>
<td>3</td>
<td>com.eduven.testcase.HomePageTestCases@77c2494c</td></tr>
<tr>
<td title='com.eduven.testcase.HomePageTestCases.verify_footer_element_on_home_page_test()'><b>verify_footer_element_on_home_page_test</b><br>Test class: com.eduven.testcase.HomePageTestCases</td>
<td></td>
<td>0</td>
<td>com.eduven.testcase.HomePageTestCases@77c2494c</td></tr>
<tr>
<td title='com.eduven.testcase.PurchaseTestCases.verify_interstetial_for_games_test()'><b>verify_interstetial_for_games_test</b><br>Test class: com.eduven.testcase.PurchaseTestCases</td>
<td></td>
<td>108</td>
<td>com.eduven.testcase.PurchaseTestCases@1fa121e2</td></tr>
<tr>
<td title='com.eduven.testcase.PurchaseTestCases.verify_interstetial_for_quicklist_test()'><b>verify_interstetial_for_quicklist_test</b><br>Test class: com.eduven.testcase.PurchaseTestCases</td>
<td></td>
<td>49</td>
<td>com.eduven.testcase.PurchaseTestCases@1fa121e2</td></tr>
<tr>
<td title='com.eduven.testcase.PurchaseTestCases.verify_interstetial_for_search_test()'><b>verify_interstetial_for_search_test</b><br>Test class: com.eduven.testcase.PurchaseTestCases</td>
<td></td>
<td>112</td>
<td>com.eduven.testcase.PurchaseTestCases@1fa121e2</td></tr>
<tr>
<td title='com.eduven.testcase.PurchaseTestCases.verify_interstetial_for_word_list_test()'><b>verify_interstetial_for_word_list_test</b><br>Test class: com.eduven.testcase.PurchaseTestCases</td>
<td></td>
<td>716</td>
<td>com.eduven.testcase.PurchaseTestCases@1fa121e2</td></tr>
<tr>
<td title='com.eduven.testcase.PurchaseTestCases.verify_lock_term_appear_as_unlock_term_test()'><b>verify_lock_term_appear_as_unlock_term_test</b><br>Test class: com.eduven.testcase.PurchaseTestCases</td>
<td></td>
<td>244</td>
<td>com.eduven.testcase.PurchaseTestCases@1fa121e2</td></tr>
<tr>
<td title='com.eduven.testcase.PurchaseTestCases.verify_lock_term_before_purchase_test()'><b>verify_lock_term_before_purchase_test</b><br>Test class: com.eduven.testcase.PurchaseTestCases</td>
<td></td>
<td>138</td>
<td>com.eduven.testcase.PurchaseTestCases@1fa121e2</td></tr>
<tr>
<td title='com.eduven.testcase.QuickListPageTestCases.verify_lock_term_name_on_term_list_page_test()'><b>verify_lock_term_name_on_term_list_page_test</b><br>Test class: com.eduven.testcase.QuickListPageTestCases</td>
<td></td>
<td>275</td>
<td>com.eduven.testcase.QuickListPageTestCases@6f03482</td></tr>
<tr>
<td title='com.eduven.testcase.PurchaseTestCases.verify_more_app_btn_after_purchase()'><b>verify_more_app_btn_after_purchase</b><br>Test class: com.eduven.testcase.PurchaseTestCases</td>
<td></td>
<td>6</td>
<td>com.eduven.testcase.PurchaseTestCases@1fa121e2</td></tr>
<tr>
<td title='com.eduven.testcase.QuickListPageTestCases.verify_quick_list_category_test()'><b>verify_quick_list_category_test</b><br>Test class: com.eduven.testcase.QuickListPageTestCases</td>
<td></td>
<td>99</td>
<td>com.eduven.testcase.QuickListPageTestCases@6f03482</td></tr>
<tr>
<td title='com.eduven.testcase.SwitchLanguagePageTestCases.verify_quick_list_category_test()'><b>verify_quick_list_category_test</b><br>Test class: com.eduven.testcase.SwitchLanguagePageTestCases</td>
<td></td>
<td>95</td>
<td>com.eduven.testcase.SwitchLanguagePageTestCases@7eac9008</td></tr>
<tr>
<td title='com.eduven.testcase.QuickListPageTestCases.verify_quick_list_headertxt_test()'><b>verify_quick_list_headertxt_test</b><br>Test class: com.eduven.testcase.QuickListPageTestCases</td>
<td></td>
<td>1</td>
<td>com.eduven.testcase.QuickListPageTestCases@6f03482</td></tr>
<tr>
<td title='com.eduven.testcase.SwitchLanguagePageTestCases.verify_quick_list_headertxt_test()'><b>verify_quick_list_headertxt_test</b><br>Test class: com.eduven.testcase.SwitchLanguagePageTestCases</td>
<td></td>
<td>1</td>
<td>com.eduven.testcase.SwitchLanguagePageTestCases@7eac9008</td></tr>
<tr>
<td title='com.eduven.testcase.SearchPageTestCases.verify_search_page_header_test()'><b>verify_search_page_header_test</b><br>Test class: com.eduven.testcase.SearchPageTestCases</td>
<td></td>
<td>2</td>
<td>com.eduven.testcase.SearchPageTestCases@3eb738bb</td></tr>
<tr>
<td title='com.eduven.testcase.SwitchLanguagePageTestCases.verify_term_header_and_term_name_test()'><b>verify_term_header_and_term_name_test</b><br>Test class: com.eduven.testcase.SwitchLanguagePageTestCases</td>
<td></td>
<td>275</td>
<td>com.eduven.testcase.SwitchLanguagePageTestCases@7eac9008</td></tr>
<tr>
<td title='com.eduven.testcase.QuickListPageTestCases.verify_terms_name_on_termlist_page_test()'><b>verify_terms_name_on_termlist_page_test</b><br>Test class: com.eduven.testcase.QuickListPageTestCases</td>
<td></td>
<td>207</td>
<td>com.eduven.testcase.QuickListPageTestCases@6f03482</td></tr>
<tr>
<td title='com.eduven.testcase.SwitchLanguagePageTestCases.verify_terms_name_on_termlist_page_test()'><b>verify_terms_name_on_termlist_page_test</b><br>Test class: com.eduven.testcase.SwitchLanguagePageTestCases</td>
<td></td>
<td>1</td>
<td>com.eduven.testcase.SwitchLanguagePageTestCases@7eac9008</td></tr>
<tr>
<td title='com.eduven.testcase.QuickListPageTestCases.verify_unlock_term_name_on_term_list_page_test()'><b>verify_unlock_term_name_on_term_list_page_test</b><br>Test class: com.eduven.testcase.QuickListPageTestCases</td>
<td></td>
<td>107</td>
<td>com.eduven.testcase.QuickListPageTestCases@6f03482</td></tr>
<tr>
<td title='com.eduven.testcase.EvMenuPageTestCases.wordOfDayTest()'><b>wordOfDayTest</b><br>Test class: com.eduven.testcase.EvMenuPageTestCases</td>
<td></td>
<td>18</td>
<td>com.eduven.testcase.EvMenuPageTestCases@1e800aaa</td></tr>
</table><p>
</body>
</html>