<?xml version="1.0" encoding="UTF-8"?>
<!-- Generated by org.testng.reporters.JUnitXMLReporter -->
<testsuite hostname="Akashs-Mac-mini.local" name="HistoricalEventsPageTestCases" tests="3" failures="1" timestamp="26 Feb 2016 11:01:06 GMT" time="0.009" errors="0">
  <testcase name="@AfterMethod afterMethod" time="0.0" classname="com.eduven.testcase.HistoricalEventsPageTestCases">
    <failure type="java.lang.NoClassDefFoundError" message="Could not initialize class com.eduven.utils.ScreenShot">
      <![CDATA[java.lang.NoClassDefFoundError: Could not initialize class com.eduven.utils.ScreenShot
	at com.eduven.testcase.HistoricalEventsPageTestCases.afterMethod(HistoricalEventsPageTestCases.java:41)
... Removed 26 stack frames]]>
    </failure>
  </testcase> <!-- @AfterMethod afterMethod -->
  <testcase name="@AfterMethod afterMethod" time="0.0" classname="com.eduven.testcase.HistoricalEventsPageTestCases">
    <skipped/>
  </testcase> <!-- @AfterMethod afterMethod -->
  <testcase name="@AfterMethod afterMethod" time="0.0" classname="com.eduven.testcase.HistoricalEventsPageTestCases">
    <skipped/>
  </testcase> <!-- @AfterMethod afterMethod -->
  <testcase name="@AfterClass close_app" time="0.0" classname="com.eduven.testcase.HistoricalEventsPageTestCases">
    <skipped/>
  </testcase> <!-- @AfterClass close_app -->
  <testcase name="historical_events_page_test" time="0.0" classname="com.eduven.testcase.HistoricalEventsPageTestCases">
    <failure type="java.lang.NoClassDefFoundError" message="Could not initialize class com.eduven.modules.SplashScreen">
      <![CDATA[java.lang.NoClassDefFoundError: Could not initialize class com.eduven.modules.SplashScreen
	at com.eduven.testcase.HistoricalEventsPageTestCases.historical_events_page_test(HistoricalEventsPageTestCases.java:19)
... Removed 24 stack frames]]>
    </failure>
  </testcase> <!-- historical_events_page_test -->
  <testcase name="historical_events_page_header_test" time="0.001" classname="com.eduven.testcase.HistoricalEventsPageTestCases">
    <skipped/>
  </testcase> <!-- historical_events_page_header_test -->
  <testcase name="historical_events_page_select_month_test" time="0.0" classname="com.eduven.testcase.HistoricalEventsPageTestCases">
    <skipped/>
  </testcase> <!-- historical_events_page_select_month_test -->
</testsuite> <!-- HistoricalEventsPageTestCases -->
