<?xml version="1.0" encoding="UTF-8"?>
<!-- Generated by org.testng.reporters.JUnitXMLReporter -->
<testsuite hostname="Hiteshs-Mac-mini-2.local" name="Regression Testing" tests="74" failures="2" timestamp="22 Apr 2016 15:07:41 GMT" time="2244.694" errors="0">
  <testcase name="eduBank_page_navigate_to_entitydetail_page_test" time="114.138" classname="com.eduven.testcase.EduBankPageTestCases"/>
  <testcase name="eduBank_page_verify_emptyEntity_in_eduBank_test" time="8.891" classname="com.eduven.testcase.EduBankPageTestCases"/>
  <testcase name="eduabnk_page_create_blank_entity_in_edubank_test" time="11.045" classname="com.eduven.testcase.EduBankPageTestCases"/>
  <testcase name="eduabnk_page_create_and_verify_entity_in_edubank_test" time="31.683" classname="com.eduven.testcase.EduBankPageTestCases"/>
  <testcase name="edubank_page_verify_create_duplicate_entity_in_edubank_test" time="26.096" classname="com.eduven.testcase.EduBankPageTestCases"/>
  <testcase name="edubank_page_rename_entityName_test" time="48.302" classname="com.eduven.testcase.EduBankPageTestCases"/>
  <testcase name="edubank_page_verify_rename_entity_name_test" time="2.327" classname="com.eduven.testcase.EduBankPageTestCases"/>
  <testcase name="edubank_page_delete_and_verify_entity_name_test" time="6.833" classname="com.eduven.testcase.EduBankPageTestCases"/>
  <testcase name="edubank_page_create_duplicate_given_entity_test" time="30.409" classname="com.eduven.testcase.EduBankPageTestCases"/>
  <testcase name="edubank_page_add_entity_from_given_list_test" time="10.075" classname="com.eduven.testcase.EduBankPageTestCases"/>
  <testcase name="edubank_page_verify_added_entity_test" time="8.37" classname="com.eduven.testcase.EduBankPageTestCases"/>
  <testcase name="edubank_page_delete_and_verify_entity_from_edubank_test" time="8.148" classname="com.eduven.testcase.EduBankPageTestCases"/>
  <testcase name="verify_ads_banner_test" time="1.272" classname="com.eduven.testcase.EduBankPageTestCases"/>
  <testcase name="contribute_page_naviagte_to_contribute_page_test" time="10.489" classname="com.eduven.testcase.ContributePageTestCases"/>
  <testcase name="contribute_page_add_blank_title_to_contribute_test" time="25.893" classname="com.eduven.testcase.ContributePageTestCases"/>
  <testcase name="contribute_page_add_space_as_title_to_contribute_test" time="25.378" classname="com.eduven.testcase.ContributePageTestCases"/>
  <testcase name="contribute_page_add_message_title_to_contribute_test" time="193.808" classname="com.eduven.testcase.ContributePageTestCases"/>
  <testcase name="contribute_page_moreApps_test" time="12.582" classname="com.eduven.testcase.ContributePageTestCases"/>
  <testcase name="contribute_page_settings_test" time="10.147" classname="com.eduven.testcase.ContributePageTestCases"/>
  <testcase name="contribute_page_disclaimer_test" time="20.163" classname="com.eduven.testcase.ContributePageTestCases"/>
  <testcase name="contribute_page_terms_and_conditions_test" time="20.578" classname="com.eduven.testcase.ContributePageTestCases"/>
  <testcase name="contribute_page_privacy_policy_test" time="18.778" classname="com.eduven.testcase.ContributePageTestCases"/>
  <testcase name="contribute_page_share_app_test" time="10.949" classname="com.eduven.testcase.ContributePageTestCases"/>
  <testcase name="contribute_page_login_facebook" time="53.839" classname="com.eduven.testcase.ContributePageTestCases"/>
  <testcase name="contribute_page_select_audience_test" time="14.584" classname="com.eduven.testcase.ContributePageTestCases"/>
  <testcase name="contribute_page_facebook_message_sharing_test" time="17.533" classname="com.eduven.testcase.ContributePageTestCases"/>
  <testcase name="verify_ads_banner_test" time="1.122" classname="com.eduven.testcase.ContributePageTestCases"/>
  <testcase name="category_page_navigate_to_category_test" time="13.313" classname="com.eduven.testcase.CategoriesPageTestCases"/>
  <testcase name="category_page_verify_footer_elements_test" time="5.643" classname="com.eduven.testcase.CategoriesPageTestCases"/>
  <testcase name="contribute_page_verify_category_entity_header_text_test" time="445.763" classname="com.eduven.testcase.CategoriesPageTestCases"/>
  <testcase name="home_page_header_txt_test" time="4.778" classname="com.eduven.testcase.HomePageTestCases"/>
  <testcase name="home_page_verify_icons_on_home_page_test" time="8.053" classname="com.eduven.testcase.HomePageTestCases"/>
  <testcase name="home_page_searchBox_test" time="8.408" classname="com.eduven.testcase.HomePageTestCases"/>
  <testcase name="home_page_evMenu_test" time="5.597" classname="com.eduven.testcase.HomePageTestCases"/>
  <testcase name="home_page_category_test" time="5.797" classname="com.eduven.testcase.HomePageTestCases"/>
  <testcase name="home_page_edubank_test" time="5.487" classname="com.eduven.testcase.HomePageTestCases"/>
  <testcase name="home_page_moreApps_test" time="7.719" classname="com.eduven.testcase.HomePageTestCases"/>
  <testcase name="home_page_quiz_test" time="9.626" classname="com.eduven.testcase.HomePageTestCases"/>
  <testcase name="verify_ads_banner_test" time="1.104" classname="com.eduven.testcase.HomePageTestCases"/>
  <testcase name="entityDetailPage_navigate_to_wordsearchlist_page_test" time="19.449" classname="com.eduven.testcase.EntityDetailPageTestCases"/>
  <testcase name="entitydeatilpage_navigate_to_entityDetail_page_test" time="49.009" classname="com.eduven.testcase.EntityDetailPageTestCases"/>
  <testcase name="entityDetailPage_free_entity_test" time="55.471" classname="com.eduven.testcase.EntityDetailPageTestCases"/>
  <testcase name="entityDetailPage_premium_entity_test" time="93.087" classname="com.eduven.testcase.EntityDetailPageTestCases"/>
  <testcase name="contributePage_navigate_to_contribute_page_test" time="52.637" classname="com.eduven.testcase.EntityDetailPageTestCases"/>
  <testcase name="contributePage_verify_contribute_title_and_description_test" time="6.073" classname="com.eduven.testcase.EntityDetailPageTestCases"/>
  <testcase name="entityDetailPage_verify_entityName_for_next_btn_test" time="4.588" classname="com.eduven.testcase.EntityDetailPageTestCases"/>
  <testcase name="entityDetailPage_verify_entityName_for_previous_btn_test" time="4.664" classname="com.eduven.testcase.EntityDetailPageTestCases"/>
  <testcase name="entityDetailPage_verify_speak_audio_test" time="11.235" classname="com.eduven.testcase.EntityDetailPageTestCases"/>
  <testcase name="entityDetailPage_verify_autoPlay_audio_test" time="11.206" classname="com.eduven.testcase.EntityDetailPageTestCases"/>
  <testcase name="wordsearchlist_page_navigate_to_search_wordlistPage_test" time="14.693" classname="com.eduven.testcase.WordSearchListPageTestCases"/>
  <testcase name="wordsearchlist_page_verify_header_txt_test" time="42.077" classname="com.eduven.testcase.WordSearchListPageTestCases"/>
  <testcase name="wordsearchlist_page_verify_footer_elements_test" time="6.027" classname="com.eduven.testcase.WordSearchListPageTestCases"/>
  <testcase name="wordsearchlist_page_verify_right_search_test" time="15.343" classname="com.eduven.testcase.WordSearchListPageTestCases"/>
  <testcase name="wordsearchlist_page_verify_wrong_search_test" time="54.839" classname="com.eduven.testcase.WordSearchListPageTestCases"/>
  <testcase name="wordsearchlist_page_verify_search_word_by_index_test" time="46.981" classname="com.eduven.testcase.WordSearchListPageTestCases"/>
  <testcase name="verify_ads_banner_test" time="1.103" classname="com.eduven.testcase.WordSearchListPageTestCases"/>
  <testcase name="featurebox_page_navigate_to_featurebox_test" time="6.575" classname="com.eduven.testcase.FeatureBoxPageTestCases"/>
  <testcase name="featurebox_page_select_random_player_test" time="1.983" classname="com.eduven.testcase.FeatureBoxPageTestCases"/>
  <testcase name="featurebox_page_verify_right_page_navigation_test" time="0.673" classname="com.eduven.testcase.FeatureBoxPageTestCases"/>
  <testcase name="featurebox_page_verify_entityName_next_click_test" time="2.417" classname="com.eduven.testcase.FeatureBoxPageTestCases"/>
  <testcase name="featurebox_page_verify_entityName_previous_click_test" time="2.405" classname="com.eduven.testcase.FeatureBoxPageTestCases"/>
  <testcase name="verify_ads_banner_test" time="1.09" classname="com.eduven.testcase.FeatureBoxPageTestCases"/>
  <testcase name="quiz_page_navigate_to_quiz_page_test" time="31.754" classname="com.eduven.testcase.QuizPageTestCases">
    <failure type="java.lang.NullPointerException">
      <![CDATA[java.lang.NullPointerException
	at com.eduven.utils.Reusables.click_using_element(Reusables.java:613)
	at com.eduven.modules.Quiz.NavigateToQuizPage(Quiz.java:79)
	at com.eduven.testcase.QuizPageTestCases.quiz_page_navigate_to_quiz_page_test(QuizPageTestCases.java:22)
	at sun.reflect.NativeMethodAccessorImpl.invoke0(Native Method)
	at sun.reflect.NativeMethodAccessorImpl.invoke(NativeMethodAccessorImpl.java:62)
	at sun.reflect.DelegatingMethodAccessorImpl.invoke(DelegatingMethodAccessorImpl.java:43)
	at java.lang.reflect.Method.invoke(Method.java:498)
	at org.testng.internal.MethodInvocationHelper.invokeMethod(MethodInvocationHelper.java:85)
	at org.testng.internal.Invoker.invokeMethod(Invoker.java:639)
	at org.testng.internal.Invoker.invokeTestMethod(Invoker.java:816)
	at org.testng.internal.Invoker.invokeTestMethods(Invoker.java:1124)
	at org.testng.internal.TestMethodWorker.invokeTestMethods(TestMethodWorker.java:125)
	at org.testng.internal.TestMethodWorker.run(TestMethodWorker.java:108)
	at org.testng.TestRunner.privateRun(TestRunner.java:774)
	at org.testng.TestRunner.run(TestRunner.java:624)
	at org.testng.SuiteRunner.runTest(SuiteRunner.java:359)
	at org.testng.SuiteRunner.runSequentially(SuiteRunner.java:354)
	at org.testng.SuiteRunner.privateRun(SuiteRunner.java:312)
	at org.testng.SuiteRunner.run(SuiteRunner.java:261)
	at org.testng.SuiteRunnerWorker.runSuite(SuiteRunnerWorker.java:52)
	at org.testng.SuiteRunnerWorker.run(SuiteRunnerWorker.java:86)
	at org.testng.TestNG.runSuitesSequentially(TestNG.java:1215)
	at org.testng.TestNG.runSuitesLocally(TestNG.java:1140)
	at org.testng.TestNG.run(TestNG.java:1048)
	at com.eduven.utils.RunTestng.main(RunTestng.java:66)
]]>
    </failure>
  </testcase> <!-- quiz_page_navigate_to_quiz_page_test -->
  <testcase name="quiz_page_verify_quiz_page_heder_text_test" time="39.465" classname="com.eduven.testcase.QuizPageTestCases"/>
  <testcase name="quiz_page_verifyRapidFireBox_test" time="1.152" classname="com.eduven.testcase.QuizPageTestCases"/>
  <testcase name="quiz_page_select_round_and_answer_test" time="97.062" classname="com.eduven.testcase.QuizPageTestCases"/>
  <testcase name="quiz_page_verifyRedCard_ScoreCard_and_total_question" time="6.139" classname="com.eduven.testcase.QuizPageTestCases"/>
  <testcase name="quiz_page_naviagte_to_categoryPage_test" time="3.584" classname="com.eduven.testcase.QuizPageTestCases"/>
  <testcase name="quiz_page_category_page_operation_test" time="7.947" classname="com.eduven.testcase.QuizPageTestCases"/>
  <testcase name="hide_category_page_test" time="1.048" classname="com.eduven.testcase.QuizPageTestCases">
    <failure type="org.openqa.selenium.WebDriverException" message="An unknown server-side error occurred while processing the command. (WARNING: The server did not provide any stacktrace information)
Command duration or timeout: 1.05 seconds
Build info: version: &amp;apos;2.51.0&amp;apos;, revision: &amp;apos;1af067d&amp;apos;, time: &amp;apos;2016-02-05 19:11:55&amp;apos;
System info: host: &amp;apos;Hiteshs-Mac-mini-2.local&amp;apos;, ip: &amp;apos;10.30.30.97&amp;apos;, os.name: &amp;apos;Mac OS X&amp;apos;, os.arch: &amp;apos;x86_64&amp;apos;, os.version: &amp;apos;10.10.5&amp;apos;, java.version: &amp;apos;1.8.0_74&amp;apos;
Driver info: io.appium.java_client.android.AndroidDriver
Capabilities [{app=/Users/hiteshbhardwaj/Desktop/Automation/app/apps-football-debug.apk, appPackage=com.eduven.ld.dict.soccer, networkConnectionEnabled=true, warnings={}, appiumVersion=1.4.13, databaseEnabled=false, deviceName=ZX1G4228HP, platform=LINUX, appActivity=com.eduven.ld.dict.activity.SplashActivity, desired={app=/Users/hiteshbhardwaj/Desktop/Automation/app/apps-football-debug.apk, appPackage=com.eduven.ld.dict.soccer, appActivity=com.eduven.ld.dict.activity.SplashActivity, newCommandTimeout=2000, platformVersion=6.0.1, appiumVersion=1.4.13, automationName=Appium, platformName=Android, deviceName=ZX1G4228HP}, newCommandTimeout=2000, platformVersion=6.0.1, webStorageEnabled=false, locationContextEnabled=false, automationName=Appium, browserName=Android, takesScreenshot=true, javascriptEnabled=true, platformName=Android}]
Session ID: 1a0cf2fa-5bf1-4b49-a4e2-4f483463f7ba">
      <![CDATA[org.openqa.selenium.WebDriverException: An unknown server-side error occurred while processing the command. (WARNING: The server did not provide any stacktrace information)
Command duration or timeout: 1.05 seconds
Build info: version: '2.51.0', revision: '1af067d', time: '2016-02-05 19:11:55'
System info: host: 'Hiteshs-Mac-mini-2.local', ip: '10.30.30.97', os.name: 'Mac OS X', os.arch: 'x86_64', os.version: '10.10.5', java.version: '1.8.0_74'
Driver info: io.appium.java_client.android.AndroidDriver
Capabilities [{app=/Users/hiteshbhardwaj/Desktop/Automation/app/apps-football-debug.apk, appPackage=com.eduven.ld.dict.soccer, networkConnectionEnabled=true, warnings={}, appiumVersion=1.4.13, databaseEnabled=false, deviceName=ZX1G4228HP, platform=LINUX, appActivity=com.eduven.ld.dict.activity.SplashActivity, desired={app=/Users/hiteshbhardwaj/Desktop/Automation/app/apps-football-debug.apk, appPackage=com.eduven.ld.dict.soccer, appActivity=com.eduven.ld.dict.activity.SplashActivity, newCommandTimeout=2000, platformVersion=6.0.1, appiumVersion=1.4.13, automationName=Appium, platformName=Android, deviceName=ZX1G4228HP}, newCommandTimeout=2000, platformVersion=6.0.1, webStorageEnabled=false, locationContextEnabled=false, automationName=Appium, browserName=Android, takesScreenshot=true, javascriptEnabled=true, platformName=Android}]
Session ID: 1a0cf2fa-5bf1-4b49-a4e2-4f483463f7ba
	at sun.reflect.NativeConstructorAccessorImpl.newInstance0(Native Method)
	at sun.reflect.NativeConstructorAccessorImpl.newInstance(NativeConstructorAccessorImpl.java:62)
	at sun.reflect.DelegatingConstructorAccessorImpl.newInstance(DelegatingConstructorAccessorImpl.java:45)
	at java.lang.reflect.Constructor.newInstance(Constructor.java:423)
	at org.openqa.selenium.remote.ErrorHandler.createThrowable(ErrorHandler.java:206)
	at org.openqa.selenium.remote.ErrorHandler.throwIfResponseFailed(ErrorHandler.java:158)
	at org.openqa.selenium.remote.RemoteWebDriver.execute(RemoteWebDriver.java:678)
	at io.appium.java_client.DefaultGenericMobileDriver.execute(DefaultGenericMobileDriver.java:42)
	at io.appium.java_client.AppiumDriver.execute(AppiumDriver.java:1)
	at io.appium.java_client.android.AndroidDriver.execute(AndroidDriver.java:1)
	at io.appium.java_client.AppiumDriver.performTouchAction(AppiumDriver.java:314)
	at io.appium.java_client.MultiTouchAction.perform(MultiTouchAction.java:74)
	at io.appium.java_client.AppiumDriver.tap(AppiumDriver.java:355)
	at com.eduven.utils.Reusables.tap_on_element_using_coordinates(Reusables.java:216)
	at com.eduven.modules.Quiz.hideCategoryPage(Quiz.java:166)
	at com.eduven.testcase.QuizPageTestCases.hide_category_page_test(QuizPageTestCases.java:69)
	at sun.reflect.NativeMethodAccessorImpl.invoke0(Native Method)
	at sun.reflect.NativeMethodAccessorImpl.invoke(NativeMethodAccessorImpl.java:62)
	at sun.reflect.DelegatingMethodAccessorImpl.invoke(DelegatingMethodAccessorImpl.java:43)
	at java.lang.reflect.Method.invoke(Method.java:498)
	at org.testng.internal.MethodInvocationHelper.invokeMethod(MethodInvocationHelper.java:85)
	at org.testng.internal.Invoker.invokeMethod(Invoker.java:639)
	at org.testng.internal.Invoker.invokeTestMethod(Invoker.java:816)
	at org.testng.internal.Invoker.invokeTestMethods(Invoker.java:1124)
	at org.testng.internal.TestMethodWorker.invokeTestMethods(TestMethodWorker.java:125)
	at org.testng.internal.TestMethodWorker.run(TestMethodWorker.java:108)
	at org.testng.TestRunner.privateRun(TestRunner.java:774)
	at org.testng.TestRunner.run(TestRunner.java:624)
	at org.testng.SuiteRunner.runTest(SuiteRunner.java:359)
	at org.testng.SuiteRunner.runSequentially(SuiteRunner.java:354)
	at org.testng.SuiteRunner.privateRun(SuiteRunner.java:312)
	at org.testng.SuiteRunner.run(SuiteRunner.java:261)
	at org.testng.SuiteRunnerWorker.runSuite(SuiteRunnerWorker.java:52)
	at org.testng.SuiteRunnerWorker.run(SuiteRunnerWorker.java:86)
	at org.testng.TestNG.runSuitesSequentially(TestNG.java:1215)
	at org.testng.TestNG.runSuitesLocally(TestNG.java:1140)
	at org.testng.TestNG.run(TestNG.java:1048)
	at com.eduven.utils.RunTestng.main(RunTestng.java:66)
]]>
    </failure>
  </testcase> <!-- hide_category_page_test -->
  <testcase name="quiz_page_sudden_death_test_quiz_test" time="48.42" classname="com.eduven.testcase.QuizPageTestCases"/>
  <testcase name="quiz_page_verify_sudden_death_quiz_scorecard_test" time="34.882" classname="com.eduven.testcase.QuizPageTestCases"/>
  <testcase name="quiz_page_time_track_test_quiz_test" time="66.593" classname="com.eduven.testcase.QuizPageTestCases"/>
  <testcase name="quiz_page_verify_time_track_quiz_scorecard_test" time="35.973" classname="com.eduven.testcase.QuizPageTestCases"/>
</testsuite> <!-- Regression Testing -->
