<?xml version="1.0" encoding="UTF-8"?>
<testng-results skipped="0" failed="6" total="157" passed="151">
  <reporter-output>
  </reporter-output>
  <suite name="Suite For Android Testing" duration-ms="10311193" started-at="2016-07-08T12:50:02Z" finished-at="2016-07-08T15:41:53Z">
    <groups>
    </groups>
    <test name="Regression Testing" duration-ms="10311193" started-at="2016-07-08T12:50:02Z" finished-at="2016-07-08T15:41:53Z">
      <class name="com.eduven.testcase.HistoricalEventsPageTestCases">
        <test-method status="PASS" signature="close_flyer_popup_test()[pri:0, instance:com.eduven.testcase.HistoricalEventsPageTestCases@5f683daf]" name="close_flyer_popup_test" duration-ms="85747" started-at="2016-07-08T20:30:47Z" finished-at="2016-07-08T20:32:13Z">
          <reporter-output>
          </reporter-output>
        </test-method> <!-- close_flyer_popup_test -->
        <test-method status="PASS" signature="tearDown(org.testng.ITestResult)[pri:0, instance:com.eduven.testcase.HistoricalEventsPageTestCases@5f683daf]" name="tearDown" is-config="true" duration-ms="0" started-at="2016-07-08T20:32:13Z" finished-at="2016-07-08T20:32:13Z">
          <params>
            <param index="0">
              <value>
                <![CDATA[[TestResult name=close_flyer_popup_test status=SUCCESS method=HistoricalEventsPageTestCases.close_flyer_popup_test()[pri:0, instance:com.eduven.testcase.HistoricalEventsPageTestCases@5f683daf] output={null}]]]>
              </value>
            </param>
          </params>
          <reporter-output>
          </reporter-output>
        </test-method> <!-- tearDown -->
        <test-method status="PASS" signature="verify_historical_events_page_header_test()[pri:1, instance:com.eduven.testcase.HistoricalEventsPageTestCases@5f683daf]" name="verify_historical_events_page_header_test" duration-ms="87915" started-at="2016-07-08T20:32:13Z" finished-at="2016-07-08T20:33:41Z">
          <reporter-output>
          </reporter-output>
        </test-method> <!-- verify_historical_events_page_header_test -->
        <test-method status="PASS" signature="tearDown(org.testng.ITestResult)[pri:0, instance:com.eduven.testcase.HistoricalEventsPageTestCases@5f683daf]" name="tearDown" is-config="true" duration-ms="0" started-at="2016-07-08T20:33:41Z" finished-at="2016-07-08T20:33:41Z">
          <params>
            <param index="0">
              <value>
                <![CDATA[[TestResult name=verify_historical_events_page_header_test status=SUCCESS method=HistoricalEventsPageTestCases.verify_historical_events_page_header_test()[pri:1, instance:com.eduven.testcase.HistoricalEventsPageTestCases@5f683daf] output={null}]]]>
              </value>
            </param>
          </params>
          <reporter-output>
          </reporter-output>
        </test-method> <!-- tearDown -->
        <test-method status="PASS" signature="historical_events_page_get_event_message_text_test()[pri:2, instance:com.eduven.testcase.HistoricalEventsPageTestCases@5f683daf]" name="historical_events_page_get_event_message_text_test" duration-ms="2504" started-at="2016-07-08T20:33:41Z" finished-at="2016-07-08T20:33:43Z">
          <reporter-output>
          </reporter-output>
        </test-method> <!-- historical_events_page_get_event_message_text_test -->
        <test-method status="PASS" signature="tearDown(org.testng.ITestResult)[pri:0, instance:com.eduven.testcase.HistoricalEventsPageTestCases@5f683daf]" name="tearDown" is-config="true" duration-ms="1" started-at="2016-07-08T20:33:43Z" finished-at="2016-07-08T20:33:43Z">
          <params>
            <param index="0">
              <value>
                <![CDATA[[TestResult name=historical_events_page_get_event_message_text_test status=SUCCESS method=HistoricalEventsPageTestCases.historical_events_page_get_event_message_text_test()[pri:2, instance:com.eduven.testcase.HistoricalEventsPageTestCases@5f683daf] output={null}]]]>
              </value>
            </param>
          </params>
          <reporter-output>
          </reporter-output>
        </test-method> <!-- tearDown -->
        <test-method status="PASS" signature="verify_event_description_text_test()[pri:3, instance:com.eduven.testcase.HistoricalEventsPageTestCases@5f683daf]" name="verify_event_description_text_test" duration-ms="2589" started-at="2016-07-08T20:33:43Z" finished-at="2016-07-08T20:33:46Z">
          <reporter-output>
          </reporter-output>
        </test-method> <!-- verify_event_description_text_test -->
        <test-method status="PASS" signature="tearDown(org.testng.ITestResult)[pri:0, instance:com.eduven.testcase.HistoricalEventsPageTestCases@5f683daf]" name="tearDown" is-config="true" duration-ms="1" started-at="2016-07-08T20:33:46Z" finished-at="2016-07-08T20:33:46Z">
          <params>
            <param index="0">
              <value>
                <![CDATA[[TestResult name=verify_event_description_text_test status=SUCCESS method=HistoricalEventsPageTestCases.verify_event_description_text_test()[pri:3, instance:com.eduven.testcase.HistoricalEventsPageTestCases@5f683daf] output={null}]]]>
              </value>
            </param>
          </params>
          <reporter-output>
          </reporter-output>
        </test-method> <!-- tearDown -->
        <test-method status="PASS" signature="historical_page_enter_date_test()[pri:4, instance:com.eduven.testcase.HistoricalEventsPageTestCases@5f683daf]" name="historical_page_enter_date_test" duration-ms="71500" started-at="2016-07-08T20:33:46Z" finished-at="2016-07-08T20:34:57Z">
          <reporter-output>
          </reporter-output>
        </test-method> <!-- historical_page_enter_date_test -->
        <test-method status="PASS" signature="tearDown(org.testng.ITestResult)[pri:0, instance:com.eduven.testcase.HistoricalEventsPageTestCases@5f683daf]" name="tearDown" is-config="true" duration-ms="1" started-at="2016-07-08T20:34:57Z" finished-at="2016-07-08T20:34:57Z">
          <params>
            <param index="0">
              <value>
                <![CDATA[[TestResult name=historical_page_enter_date_test status=SUCCESS method=HistoricalEventsPageTestCases.historical_page_enter_date_test()[pri:4, instance:com.eduven.testcase.HistoricalEventsPageTestCases@5f683daf] output={null}]]]>
              </value>
            </param>
          </params>
          <reporter-output>
          </reporter-output>
        </test-method> <!-- tearDown -->
        <test-method status="PASS" signature="verify_event_message_text_for_specific_date_test()[pri:5, instance:com.eduven.testcase.HistoricalEventsPageTestCases@5f683daf]" name="verify_event_message_text_for_specific_date_test" duration-ms="2104" started-at="2016-07-08T20:34:57Z" finished-at="2016-07-08T20:35:00Z">
          <reporter-output>
          </reporter-output>
        </test-method> <!-- verify_event_message_text_for_specific_date_test -->
        <test-method status="PASS" signature="tearDown(org.testng.ITestResult)[pri:0, instance:com.eduven.testcase.HistoricalEventsPageTestCases@5f683daf]" name="tearDown" is-config="true" duration-ms="0" started-at="2016-07-08T20:35:00Z" finished-at="2016-07-08T20:35:00Z">
          <params>
            <param index="0">
              <value>
                <![CDATA[[TestResult name=verify_event_message_text_for_specific_date_test status=SUCCESS method=HistoricalEventsPageTestCases.verify_event_message_text_for_specific_date_test()[pri:5, instance:com.eduven.testcase.HistoricalEventsPageTestCases@5f683daf] output={null}]]]>
              </value>
            </param>
          </params>
          <reporter-output>
          </reporter-output>
        </test-method> <!-- tearDown -->
        <test-method status="PASS" signature="close_app()[pri:0, instance:com.eduven.testcase.HistoricalEventsPageTestCases@5f683daf]" name="close_app" is-config="true" duration-ms="46980" started-at="2016-07-08T20:35:00Z" finished-at="2016-07-08T20:35:47Z">
          <reporter-output>
          </reporter-output>
        </test-method> <!-- close_app -->
      </class> <!-- com.eduven.testcase.HistoricalEventsPageTestCases -->
      <class name="com.eduven.testcase.WildlifePageTestCases">
        <test-method status="PASS" signature="close_flyer_popup_test()[pri:0, instance:com.eduven.testcase.WildlifePageTestCases@41c2284a]" name="close_flyer_popup_test" duration-ms="85718" started-at="2016-07-08T19:28:11Z" finished-at="2016-07-08T19:29:36Z">
          <reporter-output>
          </reporter-output>
        </test-method> <!-- close_flyer_popup_test -->
        <test-method status="PASS" signature="tearDown(org.testng.ITestResult)[pri:0, instance:com.eduven.testcase.WildlifePageTestCases@41c2284a]" name="tearDown" is-config="true" duration-ms="0" started-at="2016-07-08T19:29:36Z" finished-at="2016-07-08T19:29:36Z">
          <params>
            <param index="0">
              <value>
                <![CDATA[[TestResult name=close_flyer_popup_test status=SUCCESS method=WildlifePageTestCases.close_flyer_popup_test()[pri:0, instance:com.eduven.testcase.WildlifePageTestCases@41c2284a] output={null}]]]>
              </value>
            </param>
          </params>
          <reporter-output>
          </reporter-output>
        </test-method> <!-- tearDown -->
        <test-method status="PASS" signature="verify_wildlife_page_header_test()[pri:1, instance:com.eduven.testcase.WildlifePageTestCases@41c2284a]" name="verify_wildlife_page_header_test" duration-ms="122870" started-at="2016-07-08T19:29:36Z" finished-at="2016-07-08T19:31:39Z">
          <reporter-output>
          </reporter-output>
        </test-method> <!-- verify_wildlife_page_header_test -->
        <test-method status="PASS" signature="tearDown(org.testng.ITestResult)[pri:0, instance:com.eduven.testcase.WildlifePageTestCases@41c2284a]" name="tearDown" is-config="true" duration-ms="1" started-at="2016-07-08T19:31:39Z" finished-at="2016-07-08T19:31:39Z">
          <params>
            <param index="0">
              <value>
                <![CDATA[[TestResult name=verify_wildlife_page_header_test status=SUCCESS method=WildlifePageTestCases.verify_wildlife_page_header_test()[pri:1, instance:com.eduven.testcase.WildlifePageTestCases@41c2284a] output={null}]]]>
              </value>
            </param>
          </params>
          <reporter-output>
          </reporter-output>
        </test-method> <!-- tearDown -->
        <test-method status="PASS" signature="wildlife_page_entity_test()[pri:2, instance:com.eduven.testcase.WildlifePageTestCases@41c2284a]" name="wildlife_page_entity_test" duration-ms="15051" started-at="2016-07-08T19:31:39Z" finished-at="2016-07-08T19:31:54Z">
          <reporter-output>
          </reporter-output>
        </test-method> <!-- wildlife_page_entity_test -->
        <test-method status="PASS" signature="tearDown(org.testng.ITestResult)[pri:0, instance:com.eduven.testcase.WildlifePageTestCases@41c2284a]" name="tearDown" is-config="true" duration-ms="0" started-at="2016-07-08T19:31:54Z" finished-at="2016-07-08T19:31:54Z">
          <params>
            <param index="0">
              <value>
                <![CDATA[[TestResult name=wildlife_page_entity_test status=SUCCESS method=WildlifePageTestCases.wildlife_page_entity_test()[pri:2, instance:com.eduven.testcase.WildlifePageTestCases@41c2284a] output={null}]]]>
              </value>
            </param>
          </params>
          <reporter-output>
          </reporter-output>
        </test-method> <!-- tearDown -->
        <test-method status="PASS" signature="wildlif_page_free_entity_test()[pri:3, instance:com.eduven.testcase.WildlifePageTestCases@41c2284a]" name="wildlif_page_free_entity_test" duration-ms="542357" started-at="2016-07-08T19:31:54Z" finished-at="2016-07-08T19:40:57Z">
          <reporter-output>
          </reporter-output>
        </test-method> <!-- wildlif_page_free_entity_test -->
        <test-method status="PASS" signature="tearDown(org.testng.ITestResult)[pri:0, instance:com.eduven.testcase.WildlifePageTestCases@41c2284a]" name="tearDown" is-config="true" duration-ms="1" started-at="2016-07-08T19:40:57Z" finished-at="2016-07-08T19:40:57Z">
          <params>
            <param index="0">
              <value>
                <![CDATA[[TestResult name=wildlif_page_free_entity_test status=SUCCESS method=WildlifePageTestCases.wildlif_page_free_entity_test()[pri:3, instance:com.eduven.testcase.WildlifePageTestCases@41c2284a] output={null}]]]>
              </value>
            </param>
          </params>
          <reporter-output>
          </reporter-output>
        </test-method> <!-- tearDown -->
        <test-method status="PASS" signature="wildlif_page_premium_entity_test()[pri:4, instance:com.eduven.testcase.WildlifePageTestCases@41c2284a]" name="wildlif_page_premium_entity_test" duration-ms="142738" started-at="2016-07-08T19:40:57Z" finished-at="2016-07-08T19:43:19Z">
          <reporter-output>
          </reporter-output>
        </test-method> <!-- wildlif_page_premium_entity_test -->
        <test-method status="PASS" signature="tearDown(org.testng.ITestResult)[pri:0, instance:com.eduven.testcase.WildlifePageTestCases@41c2284a]" name="tearDown" is-config="true" duration-ms="0" started-at="2016-07-08T19:43:19Z" finished-at="2016-07-08T19:43:19Z">
          <params>
            <param index="0">
              <value>
                <![CDATA[[TestResult name=wildlif_page_premium_entity_test status=SUCCESS method=WildlifePageTestCases.wildlif_page_premium_entity_test()[pri:4, instance:com.eduven.testcase.WildlifePageTestCases@41c2284a] output={null}]]]>
              </value>
            </param>
          </params>
          <reporter-output>
          </reporter-output>
        </test-method> <!-- tearDown -->
        <test-method status="PASS" signature="wildlife_page_verify_contribute_entity_test()[pri:5, instance:com.eduven.testcase.WildlifePageTestCases@41c2284a]" name="wildlife_page_verify_contribute_entity_test" duration-ms="244525" started-at="2016-07-08T19:43:19Z" finished-at="2016-07-08T19:47:24Z">
          <reporter-output>
          </reporter-output>
        </test-method> <!-- wildlife_page_verify_contribute_entity_test -->
        <test-method status="PASS" signature="tearDown(org.testng.ITestResult)[pri:0, instance:com.eduven.testcase.WildlifePageTestCases@41c2284a]" name="tearDown" is-config="true" duration-ms="1" started-at="2016-07-08T19:47:24Z" finished-at="2016-07-08T19:47:24Z">
          <params>
            <param index="0">
              <value>
                <![CDATA[[TestResult name=wildlife_page_verify_contribute_entity_test status=SUCCESS method=WildlifePageTestCases.wildlife_page_verify_contribute_entity_test()[pri:5, instance:com.eduven.testcase.WildlifePageTestCases@41c2284a] output={null}]]]>
              </value>
            </param>
          </params>
          <reporter-output>
          </reporter-output>
        </test-method> <!-- tearDown -->
        <test-method status="PASS" signature="close_app()[pri:0, instance:com.eduven.testcase.WildlifePageTestCases@41c2284a]" name="close_app" is-config="true" duration-ms="48807" started-at="2016-07-08T19:47:24Z" finished-at="2016-07-08T19:48:13Z">
          <reporter-output>
          </reporter-output>
        </test-method> <!-- close_app -->
      </class> <!-- com.eduven.testcase.WildlifePageTestCases -->
      <class name="com.eduven.testcase.CelebritiesCellsPageTestCases">
        <test-method status="PASS" signature="close_flyer_popup_test()[pri:0, instance:com.eduven.testcase.CelebritiesCellsPageTestCases@4f67eb2a]" name="close_flyer_popup_test" duration-ms="85461" started-at="2016-07-08T20:19:35Z" finished-at="2016-07-08T20:21:00Z">
          <reporter-output>
          </reporter-output>
        </test-method> <!-- close_flyer_popup_test -->
        <test-method status="PASS" signature="verify_celebrities_cells_page_header_test()[pri:1, instance:com.eduven.testcase.CelebritiesCellsPageTestCases@4f67eb2a]" name="verify_celebrities_cells_page_header_test" duration-ms="45035" started-at="2016-07-08T20:21:00Z" finished-at="2016-07-08T20:21:45Z">
          <reporter-output>
          </reporter-output>
        </test-method> <!-- verify_celebrities_cells_page_header_test -->
        <test-method status="PASS" signature="tearDown(org.testng.ITestResult)[pri:0, instance:com.eduven.testcase.CelebritiesCellsPageTestCases@4f67eb2a]" name="tearDown" is-config="true" duration-ms="0" started-at="2016-07-08T20:21:00Z" finished-at="2016-07-08T20:21:00Z">
          <params>
            <param index="0">
              <value>
                <![CDATA[[TestResult name=close_flyer_popup_test status=SUCCESS method=CelebritiesCellsPageTestCases.close_flyer_popup_test()[pri:0, instance:com.eduven.testcase.CelebritiesCellsPageTestCases@4f67eb2a] output={null}]]]>
              </value>
            </param>
          </params>
          <reporter-output>
          </reporter-output>
        </test-method> <!-- tearDown -->
        <test-method status="PASS" signature="tearDown(org.testng.ITestResult)[pri:0, instance:com.eduven.testcase.CelebritiesCellsPageTestCases@4f67eb2a]" name="tearDown" is-config="true" duration-ms="0" started-at="2016-07-08T20:21:45Z" finished-at="2016-07-08T20:21:45Z">
          <params>
            <param index="0">
              <value>
                <![CDATA[[TestResult name=verify_celebrities_cells_page_header_test status=SUCCESS method=CelebritiesCellsPageTestCases.verify_celebrities_cells_page_header_test()[pri:1, instance:com.eduven.testcase.CelebritiesCellsPageTestCases@4f67eb2a] output={null}]]]>
              </value>
            </param>
          </params>
          <reporter-output>
          </reporter-output>
        </test-method> <!-- tearDown -->
        <test-method status="PASS" signature="celebrities_cells_page_entity_test()[pri:2, instance:com.eduven.testcase.CelebritiesCellsPageTestCases@4f67eb2a]" name="celebrities_cells_page_entity_test" duration-ms="11687" started-at="2016-07-08T20:21:45Z" finished-at="2016-07-08T20:21:57Z">
          <reporter-output>
          </reporter-output>
        </test-method> <!-- celebrities_cells_page_entity_test -->
        <test-method status="PASS" signature="tearDown(org.testng.ITestResult)[pri:0, instance:com.eduven.testcase.CelebritiesCellsPageTestCases@4f67eb2a]" name="tearDown" is-config="true" duration-ms="0" started-at="2016-07-08T20:21:57Z" finished-at="2016-07-08T20:21:57Z">
          <params>
            <param index="0">
              <value>
                <![CDATA[[TestResult name=celebrities_cells_page_entity_test status=SUCCESS method=CelebritiesCellsPageTestCases.celebrities_cells_page_entity_test()[pri:2, instance:com.eduven.testcase.CelebritiesCellsPageTestCases@4f67eb2a] output={null}]]]>
              </value>
            </param>
          </params>
          <reporter-output>
          </reporter-output>
        </test-method> <!-- tearDown -->
        <test-method status="PASS" signature="celebrities_cells_page_free_entity_test()[pri:3, instance:com.eduven.testcase.CelebritiesCellsPageTestCases@4f67eb2a]" name="celebrities_cells_page_free_entity_test" duration-ms="40282" started-at="2016-07-08T20:21:57Z" finished-at="2016-07-08T20:22:37Z">
          <reporter-output>
          </reporter-output>
        </test-method> <!-- celebrities_cells_page_free_entity_test -->
        <test-method status="PASS" signature="tearDown(org.testng.ITestResult)[pri:0, instance:com.eduven.testcase.CelebritiesCellsPageTestCases@4f67eb2a]" name="tearDown" is-config="true" duration-ms="0" started-at="2016-07-08T20:22:37Z" finished-at="2016-07-08T20:22:37Z">
          <params>
            <param index="0">
              <value>
                <![CDATA[[TestResult name=celebrities_cells_page_free_entity_test status=SUCCESS method=CelebritiesCellsPageTestCases.celebrities_cells_page_free_entity_test()[pri:3, instance:com.eduven.testcase.CelebritiesCellsPageTestCases@4f67eb2a] output={null}]]]>
              </value>
            </param>
          </params>
          <reporter-output>
          </reporter-output>
        </test-method> <!-- tearDown -->
        <test-method status="PASS" signature="celebrities_cells_page_premium_entity_test()[pri:4, instance:com.eduven.testcase.CelebritiesCellsPageTestCases@4f67eb2a]" name="celebrities_cells_page_premium_entity_test" duration-ms="176028" started-at="2016-07-08T20:22:37Z" finished-at="2016-07-08T20:25:33Z">
          <reporter-output>
          </reporter-output>
        </test-method> <!-- celebrities_cells_page_premium_entity_test -->
        <test-method status="PASS" signature="tearDown(org.testng.ITestResult)[pri:0, instance:com.eduven.testcase.CelebritiesCellsPageTestCases@4f67eb2a]" name="tearDown" is-config="true" duration-ms="0" started-at="2016-07-08T20:25:33Z" finished-at="2016-07-08T20:25:33Z">
          <params>
            <param index="0">
              <value>
                <![CDATA[[TestResult name=celebrities_cells_page_premium_entity_test status=SUCCESS method=CelebritiesCellsPageTestCases.celebrities_cells_page_premium_entity_test()[pri:4, instance:com.eduven.testcase.CelebritiesCellsPageTestCases@4f67eb2a] output={null}]]]>
              </value>
            </param>
          </params>
          <reporter-output>
          </reporter-output>
        </test-method> <!-- tearDown -->
        <test-method status="PASS" signature="celebrities_cells_page_verify_contribute_entity()[pri:5, instance:com.eduven.testcase.CelebritiesCellsPageTestCases@4f67eb2a]" name="celebrities_cells_page_verify_contribute_entity" duration-ms="54340" started-at="2016-07-08T20:25:33Z" finished-at="2016-07-08T20:26:27Z">
          <reporter-output>
          </reporter-output>
        </test-method> <!-- celebrities_cells_page_verify_contribute_entity -->
        <test-method status="PASS" signature="tearDown(org.testng.ITestResult)[pri:0, instance:com.eduven.testcase.CelebritiesCellsPageTestCases@4f67eb2a]" name="tearDown" is-config="true" duration-ms="0" started-at="2016-07-08T20:26:27Z" finished-at="2016-07-08T20:26:27Z">
          <params>
            <param index="0">
              <value>
                <![CDATA[[TestResult name=celebrities_cells_page_verify_contribute_entity status=SUCCESS method=CelebritiesCellsPageTestCases.celebrities_cells_page_verify_contribute_entity()[pri:5, instance:com.eduven.testcase.CelebritiesCellsPageTestCases@4f67eb2a] output={null}]]]>
              </value>
            </param>
          </params>
          <reporter-output>
          </reporter-output>
        </test-method> <!-- tearDown -->
        <test-method status="PASS" signature="close_app()[pri:0, instance:com.eduven.testcase.CelebritiesCellsPageTestCases@4f67eb2a]" name="close_app" is-config="true" duration-ms="47789" started-at="2016-07-08T20:26:27Z" finished-at="2016-07-08T20:27:15Z">
          <reporter-output>
          </reporter-output>
        </test-method> <!-- close_app -->
      </class> <!-- com.eduven.testcase.CelebritiesCellsPageTestCases -->
      <class name="com.eduven.testcase.WildlifeWanderingsPageTestCases">
        <test-method status="PASS" signature="close_flyer_popup_test()[pri:0, instance:com.eduven.testcase.WildlifeWanderingsPageTestCases@1356d4d4]" name="close_flyer_popup_test" duration-ms="85742" started-at="2016-07-08T19:06:44Z" finished-at="2016-07-08T19:08:10Z">
          <reporter-output>
          </reporter-output>
        </test-method> <!-- close_flyer_popup_test -->
        <test-method status="PASS" signature="tearDown(org.testng.ITestResult)[pri:0, instance:com.eduven.testcase.WildlifeWanderingsPageTestCases@1356d4d4]" name="tearDown" is-config="true" duration-ms="0" started-at="2016-07-08T19:08:10Z" finished-at="2016-07-08T19:08:10Z">
          <params>
            <param index="0">
              <value>
                <![CDATA[[TestResult name=close_flyer_popup_test status=SUCCESS method=WildlifeWanderingsPageTestCases.close_flyer_popup_test()[pri:0, instance:com.eduven.testcase.WildlifeWanderingsPageTestCases@1356d4d4] output={null}]]]>
              </value>
            </param>
          </params>
          <reporter-output>
          </reporter-output>
        </test-method> <!-- tearDown -->
        <test-method status="PASS" signature="verify_wildlife_wanderings_page_header_test()[pri:1, instance:com.eduven.testcase.WildlifeWanderingsPageTestCases@1356d4d4]" name="verify_wildlife_wanderings_page_header_test" duration-ms="46419" started-at="2016-07-08T19:08:10Z" finished-at="2016-07-08T19:08:56Z">
          <reporter-output>
          </reporter-output>
        </test-method> <!-- verify_wildlife_wanderings_page_header_test -->
        <test-method status="PASS" signature="tearDown(org.testng.ITestResult)[pri:0, instance:com.eduven.testcase.WildlifeWanderingsPageTestCases@1356d4d4]" name="tearDown" is-config="true" duration-ms="0" started-at="2016-07-08T19:08:56Z" finished-at="2016-07-08T19:08:56Z">
          <params>
            <param index="0">
              <value>
                <![CDATA[[TestResult name=verify_wildlife_wanderings_page_header_test status=SUCCESS method=WildlifeWanderingsPageTestCases.verify_wildlife_wanderings_page_header_test()[pri:1, instance:com.eduven.testcase.WildlifeWanderingsPageTestCases@1356d4d4] output={null}]]]>
              </value>
            </param>
          </params>
          <reporter-output>
          </reporter-output>
        </test-method> <!-- tearDown -->
        <test-method status="PASS" signature="willife_wanderings_page_entity_test()[pri:2, instance:com.eduven.testcase.WildlifeWanderingsPageTestCases@1356d4d4]" name="willife_wanderings_page_entity_test" duration-ms="8959" started-at="2016-07-08T19:08:56Z" finished-at="2016-07-08T19:09:05Z">
          <reporter-output>
          </reporter-output>
        </test-method> <!-- willife_wanderings_page_entity_test -->
        <test-method status="PASS" signature="tearDown(org.testng.ITestResult)[pri:0, instance:com.eduven.testcase.WildlifeWanderingsPageTestCases@1356d4d4]" name="tearDown" is-config="true" duration-ms="1" started-at="2016-07-08T19:09:05Z" finished-at="2016-07-08T19:09:05Z">
          <params>
            <param index="0">
              <value>
                <![CDATA[[TestResult name=willife_wanderings_page_entity_test status=SUCCESS method=WildlifeWanderingsPageTestCases.willife_wanderings_page_entity_test()[pri:2, instance:com.eduven.testcase.WildlifeWanderingsPageTestCases@1356d4d4] output={null}]]]>
              </value>
            </param>
          </params>
          <reporter-output>
          </reporter-output>
        </test-method> <!-- tearDown -->
        <test-method status="PASS" signature="wildlife_wanderings_page_free_entity_test()[pri:3, instance:com.eduven.testcase.WildlifeWanderingsPageTestCases@1356d4d4]" name="wildlife_wanderings_page_free_entity_test" duration-ms="41289" started-at="2016-07-08T19:09:05Z" finished-at="2016-07-08T19:09:47Z">
          <reporter-output>
          </reporter-output>
        </test-method> <!-- wildlife_wanderings_page_free_entity_test -->
        <test-method status="PASS" signature="tearDown(org.testng.ITestResult)[pri:0, instance:com.eduven.testcase.WildlifeWanderingsPageTestCases@1356d4d4]" name="tearDown" is-config="true" duration-ms="0" started-at="2016-07-08T19:09:47Z" finished-at="2016-07-08T19:09:47Z">
          <params>
            <param index="0">
              <value>
                <![CDATA[[TestResult name=wildlife_wanderings_page_free_entity_test status=SUCCESS method=WildlifeWanderingsPageTestCases.wildlife_wanderings_page_free_entity_test()[pri:3, instance:com.eduven.testcase.WildlifeWanderingsPageTestCases@1356d4d4] output={null}]]]>
              </value>
            </param>
          </params>
          <reporter-output>
          </reporter-output>
        </test-method> <!-- tearDown -->
        <test-method status="PASS" signature="wildlife_wanderings_page_premium_entity_test()[pri:4, instance:com.eduven.testcase.WildlifeWanderingsPageTestCases@1356d4d4]" name="wildlife_wanderings_page_premium_entity_test" duration-ms="31745" started-at="2016-07-08T19:09:47Z" finished-at="2016-07-08T19:10:18Z">
          <reporter-output>
          </reporter-output>
        </test-method> <!-- wildlife_wanderings_page_premium_entity_test -->
        <test-method status="PASS" signature="tearDown(org.testng.ITestResult)[pri:0, instance:com.eduven.testcase.WildlifeWanderingsPageTestCases@1356d4d4]" name="tearDown" is-config="true" duration-ms="1" started-at="2016-07-08T19:10:18Z" finished-at="2016-07-08T19:10:18Z">
          <params>
            <param index="0">
              <value>
                <![CDATA[[TestResult name=wildlife_wanderings_page_premium_entity_test status=SUCCESS method=WildlifeWanderingsPageTestCases.wildlife_wanderings_page_premium_entity_test()[pri:4, instance:com.eduven.testcase.WildlifeWanderingsPageTestCases@1356d4d4] output={null}]]]>
              </value>
            </param>
          </params>
          <reporter-output>
          </reporter-output>
        </test-method> <!-- tearDown -->
        <test-method status="PASS" signature="wildlife_wanderings_page_verfiy_contribute_entity_test()[pri:5, instance:com.eduven.testcase.WildlifeWanderingsPageTestCases@1356d4d4]" name="wildlife_wanderings_page_verfiy_contribute_entity_test" duration-ms="9756" started-at="2016-07-08T19:10:18Z" finished-at="2016-07-08T19:10:28Z">
          <reporter-output>
          </reporter-output>
        </test-method> <!-- wildlife_wanderings_page_verfiy_contribute_entity_test -->
        <test-method status="PASS" signature="tearDown(org.testng.ITestResult)[pri:0, instance:com.eduven.testcase.WildlifeWanderingsPageTestCases@1356d4d4]" name="tearDown" is-config="true" duration-ms="0" started-at="2016-07-08T19:10:28Z" finished-at="2016-07-08T19:10:28Z">
          <params>
            <param index="0">
              <value>
                <![CDATA[[TestResult name=wildlife_wanderings_page_verfiy_contribute_entity_test status=SUCCESS method=WildlifeWanderingsPageTestCases.wildlife_wanderings_page_verfiy_contribute_entity_test()[pri:5, instance:com.eduven.testcase.WildlifeWanderingsPageTestCases@1356d4d4] output={null}]]]>
              </value>
            </param>
          </params>
          <reporter-output>
          </reporter-output>
        </test-method> <!-- tearDown -->
        <test-method status="PASS" signature="verify_city_name_and_header_text_inside_term_test()[pri:6, instance:com.eduven.testcase.WildlifeWanderingsPageTestCases@1356d4d4]" name="verify_city_name_and_header_text_inside_term_test" duration-ms="175711" started-at="2016-07-08T19:10:28Z" finished-at="2016-07-08T19:13:24Z">
          <reporter-output>
          </reporter-output>
        </test-method> <!-- verify_city_name_and_header_text_inside_term_test -->
        <test-method status="PASS" signature="tearDown(org.testng.ITestResult)[pri:0, instance:com.eduven.testcase.WildlifeWanderingsPageTestCases@1356d4d4]" name="tearDown" is-config="true" duration-ms="0" started-at="2016-07-08T19:13:24Z" finished-at="2016-07-08T19:13:24Z">
          <params>
            <param index="0">
              <value>
                <![CDATA[[TestResult name=verify_city_name_and_header_text_inside_term_test status=SUCCESS method=WildlifeWanderingsPageTestCases.verify_city_name_and_header_text_inside_term_test()[pri:6, instance:com.eduven.testcase.WildlifeWanderingsPageTestCases@1356d4d4] output={null}]]]>
              </value>
            </param>
          </params>
          <reporter-output>
          </reporter-output>
        </test-method> <!-- tearDown -->
        <test-method status="PASS" signature="close_app()[pri:0, instance:com.eduven.testcase.WildlifeWanderingsPageTestCases@1356d4d4]" name="close_app" is-config="true" duration-ms="46977" started-at="2016-07-08T19:13:24Z" finished-at="2016-07-08T19:14:11Z">
          <reporter-output>
          </reporter-output>
        </test-method> <!-- close_app -->
      </class> <!-- com.eduven.testcase.WildlifeWanderingsPageTestCases -->
      <class name="com.eduven.testcase.EduBankPageTestCases">
        <test-method status="PASS" signature="close_flyer_popup_test()[pri:0, instance:com.eduven.testcase.EduBankPageTestCases@4a668b6e]" name="close_flyer_popup_test" duration-ms="85685" started-at="2016-07-08T20:27:15Z" finished-at="2016-07-08T20:28:41Z">
          <reporter-output>
          </reporter-output>
        </test-method> <!-- close_flyer_popup_test -->
        <test-method status="PASS" signature="tearDown(org.testng.ITestResult)[pri:0, instance:com.eduven.testcase.EduBankPageTestCases@4a668b6e]" name="tearDown" is-config="true" duration-ms="0" started-at="2016-07-08T20:28:41Z" finished-at="2016-07-08T20:28:41Z">
          <params>
            <param index="0">
              <value>
                <![CDATA[[TestResult name=close_flyer_popup_test status=SUCCESS method=EduBankPageTestCases.close_flyer_popup_test()[pri:0, instance:com.eduven.testcase.EduBankPageTestCases@4a668b6e] output={null}]]]>
              </value>
            </param>
          </params>
          <reporter-output>
          </reporter-output>
        </test-method> <!-- tearDown -->
        <test-method status="PASS" signature="eduBank_page_check_entity_in_eduBank_test()[pri:1, instance:com.eduven.testcase.EduBankPageTestCases@4a668b6e]" name="eduBank_page_check_entity_in_eduBank_test" duration-ms="8952" started-at="2016-07-08T20:28:41Z" finished-at="2016-07-08T20:28:50Z">
          <reporter-output>
          </reporter-output>
        </test-method> <!-- eduBank_page_check_entity_in_eduBank_test -->
        <test-method status="PASS" signature="tearDown(org.testng.ITestResult)[pri:0, instance:com.eduven.testcase.EduBankPageTestCases@4a668b6e]" name="tearDown" is-config="true" duration-ms="0" started-at="2016-07-08T20:28:50Z" finished-at="2016-07-08T20:28:50Z">
          <params>
            <param index="0">
              <value>
                <![CDATA[[TestResult name=eduBank_page_check_entity_in_eduBank_test status=SUCCESS method=EduBankPageTestCases.eduBank_page_check_entity_in_eduBank_test()[pri:1, instance:com.eduven.testcase.EduBankPageTestCases@4a668b6e] output={null}]]]>
              </value>
            </param>
          </params>
          <reporter-output>
          </reporter-output>
        </test-method> <!-- tearDown -->
        <test-method status="PASS" signature="eduBank_page_navigate_to_entity_detail_test()[pri:2, instance:com.eduven.testcase.EduBankPageTestCases@4a668b6e]" name="eduBank_page_navigate_to_entity_detail_test" duration-ms="44780" started-at="2016-07-08T20:28:50Z" finished-at="2016-07-08T20:29:35Z">
          <reporter-output>
          </reporter-output>
        </test-method> <!-- eduBank_page_navigate_to_entity_detail_test -->
        <test-method status="PASS" signature="tearDown(org.testng.ITestResult)[pri:0, instance:com.eduven.testcase.EduBankPageTestCases@4a668b6e]" name="tearDown" is-config="true" duration-ms="0" started-at="2016-07-08T20:29:35Z" finished-at="2016-07-08T20:29:35Z">
          <params>
            <param index="0">
              <value>
                <![CDATA[[TestResult name=eduBank_page_navigate_to_entity_detail_test status=SUCCESS method=EduBankPageTestCases.eduBank_page_navigate_to_entity_detail_test()[pri:2, instance:com.eduven.testcase.EduBankPageTestCases@4a668b6e] output={null}]]]>
              </value>
            </param>
          </params>
          <reporter-output>
          </reporter-output>
        </test-method> <!-- tearDown -->
        <test-method status="PASS" signature="eduBank_page_add_favourite_to_eduBank_test()[pri:3, instance:com.eduven.testcase.EduBankPageTestCases@4a668b6e]" name="eduBank_page_add_favourite_to_eduBank_test" duration-ms="5375" started-at="2016-07-08T20:29:35Z" finished-at="2016-07-08T20:29:40Z">
          <reporter-output>
          </reporter-output>
        </test-method> <!-- eduBank_page_add_favourite_to_eduBank_test -->
        <test-method status="PASS" signature="tearDown(org.testng.ITestResult)[pri:0, instance:com.eduven.testcase.EduBankPageTestCases@4a668b6e]" name="tearDown" is-config="true" duration-ms="0" started-at="2016-07-08T20:29:40Z" finished-at="2016-07-08T20:29:40Z">
          <params>
            <param index="0">
              <value>
                <![CDATA[[TestResult name=eduBank_page_add_favourite_to_eduBank_test status=SUCCESS method=EduBankPageTestCases.eduBank_page_add_favourite_to_eduBank_test()[pri:3, instance:com.eduven.testcase.EduBankPageTestCases@4a668b6e] output={null}]]]>
              </value>
            </param>
          </params>
          <reporter-output>
          </reporter-output>
        </test-method> <!-- tearDown -->
        <test-method status="PASS" signature="navigate_to_edubank_test()[pri:4, instance:com.eduven.testcase.EduBankPageTestCases@4a668b6e]" name="navigate_to_edubank_test" duration-ms="3389" started-at="2016-07-08T20:29:40Z" finished-at="2016-07-08T20:29:43Z">
          <reporter-output>
          </reporter-output>
        </test-method> <!-- navigate_to_edubank_test -->
        <test-method status="PASS" signature="tearDown(org.testng.ITestResult)[pri:0, instance:com.eduven.testcase.EduBankPageTestCases@4a668b6e]" name="tearDown" is-config="true" duration-ms="1" started-at="2016-07-08T20:29:43Z" finished-at="2016-07-08T20:29:43Z">
          <params>
            <param index="0">
              <value>
                <![CDATA[[TestResult name=navigate_to_edubank_test status=SUCCESS method=EduBankPageTestCases.navigate_to_edubank_test()[pri:4, instance:com.eduven.testcase.EduBankPageTestCases@4a668b6e] output={null}]]]>
              </value>
            </param>
          </params>
          <reporter-output>
          </reporter-output>
        </test-method> <!-- tearDown -->
        <test-method status="PASS" signature="verify_eduBank_add_entity_test()[pri:5, instance:com.eduven.testcase.EduBankPageTestCases@4a668b6e]" name="verify_eduBank_add_entity_test" duration-ms="9058" started-at="2016-07-08T20:29:43Z" finished-at="2016-07-08T20:29:52Z">
          <reporter-output>
          </reporter-output>
        </test-method> <!-- verify_eduBank_add_entity_test -->
        <test-method status="PASS" signature="tearDown(org.testng.ITestResult)[pri:0, instance:com.eduven.testcase.EduBankPageTestCases@4a668b6e]" name="tearDown" is-config="true" duration-ms="0" started-at="2016-07-08T20:29:52Z" finished-at="2016-07-08T20:29:52Z">
          <params>
            <param index="0">
              <value>
                <![CDATA[[TestResult name=verify_eduBank_add_entity_test status=SUCCESS method=EduBankPageTestCases.verify_eduBank_add_entity_test()[pri:5, instance:com.eduven.testcase.EduBankPageTestCases@4a668b6e] output={null}]]]>
              </value>
            </param>
          </params>
          <reporter-output>
          </reporter-output>
        </test-method> <!-- tearDown -->
        <test-method status="PASS" signature="remove_entity_from_eduBank()[pri:6, instance:com.eduven.testcase.EduBankPageTestCases@4a668b6e]" name="remove_entity_from_eduBank" duration-ms="14901" started-at="2016-07-08T20:29:52Z" finished-at="2016-07-08T20:30:07Z">
          <reporter-output>
          </reporter-output>
        </test-method> <!-- remove_entity_from_eduBank -->
        <test-method status="PASS" signature="tearDown(org.testng.ITestResult)[pri:0, instance:com.eduven.testcase.EduBankPageTestCases@4a668b6e]" name="tearDown" is-config="true" duration-ms="1" started-at="2016-07-08T20:30:07Z" finished-at="2016-07-08T20:30:07Z">
          <params>
            <param index="0">
              <value>
                <![CDATA[[TestResult name=remove_entity_from_eduBank status=SUCCESS method=EduBankPageTestCases.remove_entity_from_eduBank()[pri:6, instance:com.eduven.testcase.EduBankPageTestCases@4a668b6e] output={null}]]]>
              </value>
            </param>
          </params>
          <reporter-output>
          </reporter-output>
        </test-method> <!-- tearDown -->
        <test-method status="PASS" signature="close_app()[pri:0, instance:com.eduven.testcase.EduBankPageTestCases@4a668b6e]" name="close_app" is-config="true" duration-ms="39907" started-at="2016-07-08T20:30:07Z" finished-at="2016-07-08T20:30:47Z">
          <reporter-output>
          </reporter-output>
        </test-method> <!-- close_app -->
      </class> <!-- com.eduven.testcase.EduBankPageTestCases -->
      <class name="com.eduven.testcase.CarnivalsFestivalsPageTestCases">
        <test-method status="PASS" signature="close_flyer_popup_test()[pri:0, instance:com.eduven.testcase.CarnivalsFestivalsPageTestCases@6f27a732]" name="close_flyer_popup_test" duration-ms="85038" started-at="2016-07-08T21:04:26Z" finished-at="2016-07-08T21:05:51Z">
          <reporter-output>
          </reporter-output>
        </test-method> <!-- close_flyer_popup_test -->
        <test-method status="PASS" signature="tearDown(org.testng.ITestResult)[pri:0, instance:com.eduven.testcase.CarnivalsFestivalsPageTestCases@6f27a732]" name="tearDown" is-config="true" duration-ms="1" started-at="2016-07-08T21:05:51Z" finished-at="2016-07-08T21:05:51Z">
          <params>
            <param index="0">
              <value>
                <![CDATA[[TestResult name=close_flyer_popup_test status=SUCCESS method=CarnivalsFestivalsPageTestCases.close_flyer_popup_test()[pri:0, instance:com.eduven.testcase.CarnivalsFestivalsPageTestCases@6f27a732] output={null}]]]>
              </value>
            </param>
          </params>
          <reporter-output>
          </reporter-output>
        </test-method> <!-- tearDown -->
        <test-method status="PASS" signature="verify_carnivals_festivals_page_header_test()[pri:1, instance:com.eduven.testcase.CarnivalsFestivalsPageTestCases@6f27a732]" name="verify_carnivals_festivals_page_header_test" duration-ms="14377" started-at="2016-07-08T21:05:51Z" finished-at="2016-07-08T21:06:05Z">
          <reporter-output>
          </reporter-output>
        </test-method> <!-- verify_carnivals_festivals_page_header_test -->
        <test-method status="PASS" signature="tearDown(org.testng.ITestResult)[pri:0, instance:com.eduven.testcase.CarnivalsFestivalsPageTestCases@6f27a732]" name="tearDown" is-config="true" duration-ms="0" started-at="2016-07-08T21:06:05Z" finished-at="2016-07-08T21:06:05Z">
          <params>
            <param index="0">
              <value>
                <![CDATA[[TestResult name=verify_carnivals_festivals_page_header_test status=SUCCESS method=CarnivalsFestivalsPageTestCases.verify_carnivals_festivals_page_header_test()[pri:1, instance:com.eduven.testcase.CarnivalsFestivalsPageTestCases@6f27a732] output={null}]]]>
              </value>
            </param>
          </params>
          <reporter-output>
          </reporter-output>
        </test-method> <!-- tearDown -->
        <test-method status="PASS" signature="carnivals_festivals_page_entity_test()[pri:2, instance:com.eduven.testcase.CarnivalsFestivalsPageTestCases@6f27a732]" name="carnivals_festivals_page_entity_test" duration-ms="10854" started-at="2016-07-08T21:06:05Z" finished-at="2016-07-08T21:06:16Z">
          <reporter-output>
          </reporter-output>
        </test-method> <!-- carnivals_festivals_page_entity_test -->
        <test-method status="PASS" signature="tearDown(org.testng.ITestResult)[pri:0, instance:com.eduven.testcase.CarnivalsFestivalsPageTestCases@6f27a732]" name="tearDown" is-config="true" duration-ms="0" started-at="2016-07-08T21:06:16Z" finished-at="2016-07-08T21:06:16Z">
          <params>
            <param index="0">
              <value>
                <![CDATA[[TestResult name=carnivals_festivals_page_entity_test status=SUCCESS method=CarnivalsFestivalsPageTestCases.carnivals_festivals_page_entity_test()[pri:2, instance:com.eduven.testcase.CarnivalsFestivalsPageTestCases@6f27a732] output={null}]]]>
              </value>
            </param>
          </params>
          <reporter-output>
          </reporter-output>
        </test-method> <!-- tearDown -->
        <test-method status="PASS" signature="carnivals_festivals_page_free_entity_test()[pri:3, instance:com.eduven.testcase.CarnivalsFestivalsPageTestCases@6f27a732]" name="carnivals_festivals_page_free_entity_test" duration-ms="42008" started-at="2016-07-08T21:06:16Z" finished-at="2016-07-08T21:06:58Z">
          <reporter-output>
          </reporter-output>
        </test-method> <!-- carnivals_festivals_page_free_entity_test -->
        <test-method status="PASS" signature="tearDown(org.testng.ITestResult)[pri:0, instance:com.eduven.testcase.CarnivalsFestivalsPageTestCases@6f27a732]" name="tearDown" is-config="true" duration-ms="0" started-at="2016-07-08T21:06:58Z" finished-at="2016-07-08T21:06:58Z">
          <params>
            <param index="0">
              <value>
                <![CDATA[[TestResult name=carnivals_festivals_page_free_entity_test status=SUCCESS method=CarnivalsFestivalsPageTestCases.carnivals_festivals_page_free_entity_test()[pri:3, instance:com.eduven.testcase.CarnivalsFestivalsPageTestCases@6f27a732] output={null}]]]>
              </value>
            </param>
          </params>
          <reporter-output>
          </reporter-output>
        </test-method> <!-- tearDown -->
        <test-method status="PASS" signature="carnivals_festivals_page_premium_entity_test()[pri:4, instance:com.eduven.testcase.CarnivalsFestivalsPageTestCases@6f27a732]" name="carnivals_festivals_page_premium_entity_test" duration-ms="55133" started-at="2016-07-08T21:06:58Z" finished-at="2016-07-08T21:07:53Z">
          <reporter-output>
          </reporter-output>
        </test-method> <!-- carnivals_festivals_page_premium_entity_test -->
        <test-method status="PASS" signature="carnivals_festivals_page_verify_contribute_entity_test()[pri:5, instance:com.eduven.testcase.CarnivalsFestivalsPageTestCases@6f27a732]" name="carnivals_festivals_page_verify_contribute_entity_test" duration-ms="9039" started-at="2016-07-08T21:07:53Z" finished-at="2016-07-08T21:08:02Z">
          <reporter-output>
          </reporter-output>
        </test-method> <!-- carnivals_festivals_page_verify_contribute_entity_test -->
        <test-method status="PASS" signature="tearDown(org.testng.ITestResult)[pri:0, instance:com.eduven.testcase.CarnivalsFestivalsPageTestCases@6f27a732]" name="tearDown" is-config="true" duration-ms="0" started-at="2016-07-08T21:07:53Z" finished-at="2016-07-08T21:07:53Z">
          <params>
            <param index="0">
              <value>
                <![CDATA[[TestResult name=carnivals_festivals_page_premium_entity_test status=SUCCESS method=CarnivalsFestivalsPageTestCases.carnivals_festivals_page_premium_entity_test()[pri:4, instance:com.eduven.testcase.CarnivalsFestivalsPageTestCases@6f27a732] output={null}]]]>
              </value>
            </param>
          </params>
          <reporter-output>
          </reporter-output>
        </test-method> <!-- tearDown -->
        <test-method status="PASS" signature="tearDown(org.testng.ITestResult)[pri:0, instance:com.eduven.testcase.CarnivalsFestivalsPageTestCases@6f27a732]" name="tearDown" is-config="true" duration-ms="0" started-at="2016-07-08T21:08:02Z" finished-at="2016-07-08T21:08:02Z">
          <params>
            <param index="0">
              <value>
                <![CDATA[[TestResult name=carnivals_festivals_page_verify_contribute_entity_test status=SUCCESS method=CarnivalsFestivalsPageTestCases.carnivals_festivals_page_verify_contribute_entity_test()[pri:5, instance:com.eduven.testcase.CarnivalsFestivalsPageTestCases@6f27a732] output={null}]]]>
              </value>
            </param>
          </params>
          <reporter-output>
          </reporter-output>
        </test-method> <!-- tearDown -->
        <test-method status="FAIL" signature="verify_city_name_and_header_text_inside_term_test()[pri:6, instance:com.eduven.testcase.CarnivalsFestivalsPageTestCases@6f27a732]" name="verify_city_name_and_header_text_inside_term_test" duration-ms="59578" started-at="2016-07-08T21:08:02Z" finished-at="2016-07-08T21:09:02Z">
          <exception class="org.openqa.selenium.NoSuchElementException">
            <message>
              <![CDATA[An element could not be located on the page using the given search parameters. (WARNING: The server did not provide any stacktrace information)
Command duration or timeout: 46.73 seconds
For documentation on this error, please visit: http://seleniumhq.org/exceptions/no_such_element.html
Build info: version: '2.51.0', revision: '1af067d', time: '2016-02-05 19:11:55'
System info: host: 'Hitesh-Mac-Mini.local', ip: '10.30.30.97', os.name: 'Mac OS X', os.arch: 'x86_64', os.version: '10.11.5', java.version: '1.8.0_74'
Driver info: io.appium.java_client.android.AndroidDriver
Capabilities [{app=/Users/hiteshbhardwaj/Desktop/Automation/app/CountryGuideAndroid/app-africa-debug.apk, appPackage=com.eduven.cg.africa, networkConnectionEnabled=true, warnings={}, appiumVersion=1.4.13, databaseEnabled=false, deviceName=014E0F500200D002, platform=LINUX, appActivity=com.eduven.cg.activity.CheckSDCard, desired={app=/Users/hiteshbhardwaj/Desktop/Automation/app/CountryGuideAndroid/app-africa-debug.apk, appPackage=com.eduven.cg.africa, appActivity=com.eduven.cg.activity.CheckSDCard, platformVersion=4.4, appiumVersion=1.4.13, automationName=Appium, platformName=Android, deviceName=014E0F500200D002}, platformVersion=4.3, webStorageEnabled=false, locationContextEnabled=false, automationName=Appium, browserName=Android, takesScreenshot=true, javascriptEnabled=true, platformName=Android}]
Session ID: 18fd19f5-b11c-4e69-95a7-d1fd1123f471
*** Element info: {Using=-android uiautomator, value=new UiScrollable(new UiSelector().scrollable(true).instance(0)).scrollIntoView(new UiSelector().description("").instance(0));new UiScrollable(new UiSelector().scrollable(true).instance(0)).scrollIntoView(new UiSelector().text("").instance(0));}]]>
            </message>
            <full-stacktrace>
              <![CDATA[org.openqa.selenium.NoSuchElementException: An element could not be located on the page using the given search parameters. (WARNING: The server did not provide any stacktrace information)
Command duration or timeout: 46.73 seconds
For documentation on this error, please visit: http://seleniumhq.org/exceptions/no_such_element.html
Build info: version: '2.51.0', revision: '1af067d', time: '2016-02-05 19:11:55'
System info: host: 'Hitesh-Mac-Mini.local', ip: '10.30.30.97', os.name: 'Mac OS X', os.arch: 'x86_64', os.version: '10.11.5', java.version: '1.8.0_74'
Driver info: io.appium.java_client.android.AndroidDriver
Capabilities [{app=/Users/hiteshbhardwaj/Desktop/Automation/app/CountryGuideAndroid/app-africa-debug.apk, appPackage=com.eduven.cg.africa, networkConnectionEnabled=true, warnings={}, appiumVersion=1.4.13, databaseEnabled=false, deviceName=014E0F500200D002, platform=LINUX, appActivity=com.eduven.cg.activity.CheckSDCard, desired={app=/Users/hiteshbhardwaj/Desktop/Automation/app/CountryGuideAndroid/app-africa-debug.apk, appPackage=com.eduven.cg.africa, appActivity=com.eduven.cg.activity.CheckSDCard, platformVersion=4.4, appiumVersion=1.4.13, automationName=Appium, platformName=Android, deviceName=014E0F500200D002}, platformVersion=4.3, webStorageEnabled=false, locationContextEnabled=false, automationName=Appium, browserName=Android, takesScreenshot=true, javascriptEnabled=true, platformName=Android}]
Session ID: 18fd19f5-b11c-4e69-95a7-d1fd1123f471
*** Element info: {Using=-android uiautomator, value=new UiScrollable(new UiSelector().scrollable(true).instance(0)).scrollIntoView(new UiSelector().description("").instance(0));new UiScrollable(new UiSelector().scrollable(true).instance(0)).scrollIntoView(new UiSelector().text("").instance(0));}
	at sun.reflect.GeneratedConstructorAccessor51.newInstance(Unknown Source)
	at sun.reflect.DelegatingConstructorAccessorImpl.newInstance(DelegatingConstructorAccessorImpl.java:45)
	at java.lang.reflect.Constructor.newInstance(Constructor.java:423)
	at org.openqa.selenium.remote.ErrorHandler.createThrowable(ErrorHandler.java:206)
	at org.openqa.selenium.remote.ErrorHandler.throwIfResponseFailed(ErrorHandler.java:158)
	at org.openqa.selenium.remote.RemoteWebDriver.execute(RemoteWebDriver.java:678)
	at io.appium.java_client.DefaultGenericMobileDriver.execute(DefaultGenericMobileDriver.java:43)
	at io.appium.java_client.AppiumDriver.execute(AppiumDriver.java:1)
	at io.appium.java_client.android.AndroidDriver.execute(AndroidDriver.java:1)
	at org.openqa.selenium.remote.RemoteWebDriver.findElement(RemoteWebDriver.java:363)
	at io.appium.java_client.android.AndroidDriver.findElementByAndroidUIAutomator(AndroidDriver.java:324)
	at io.appium.java_client.android.AndroidDriver.scrollToExact(AndroidDriver.java:128)
	at com.eduven.utils.Reusables.clickUsingScrollToExactTxt(Reusables.java:628)
	at com.eduven.utils.Reusables.navigateToFreeEntityDetailPage(Reusables.java:542)
	at com.eduven.testcase.CarnivalsFestivalsPageTestCases.verify_city_name_and_header_text_inside_term_test(CarnivalsFestivalsPageTestCases.java:69)
	at sun.reflect.NativeMethodAccessorImpl.invoke0(Native Method)
	at sun.reflect.NativeMethodAccessorImpl.invoke(NativeMethodAccessorImpl.java:62)
	at sun.reflect.DelegatingMethodAccessorImpl.invoke(DelegatingMethodAccessorImpl.java:43)
	at java.lang.reflect.Method.invoke(Method.java:498)
	at org.testng.internal.MethodInvocationHelper.invokeMethod(MethodInvocationHelper.java:86)
	at org.testng.internal.Invoker.invokeMethod(Invoker.java:645)
	at org.testng.internal.Invoker.invokeTestMethod(Invoker.java:822)
	at org.testng.internal.Invoker.invokeTestMethods(Invoker.java:1130)
	at org.testng.internal.TestMethodWorker.invokeTestMethods(TestMethodWorker.java:129)
	at org.testng.internal.TestMethodWorker.run(TestMethodWorker.java:112)
	at org.testng.TestRunner.privateRun(TestRunner.java:782)
	at org.testng.TestRunner.run(TestRunner.java:632)
	at org.testng.SuiteRunner.runTest(SuiteRunner.java:366)
	at org.testng.SuiteRunner.runSequentially(SuiteRunner.java:361)
	at org.testng.SuiteRunner.privateRun(SuiteRunner.java:319)
	at org.testng.SuiteRunner.run(SuiteRunner.java:268)
	at org.testng.SuiteRunnerWorker.runSuite(SuiteRunnerWorker.java:52)
	at org.testng.SuiteRunnerWorker.run(SuiteRunnerWorker.java:86)
	at org.testng.TestNG.runSuitesSequentially(TestNG.java:1244)
	at org.testng.TestNG.runSuitesLocally(TestNG.java:1169)
	at org.testng.TestNG.run(TestNG.java:1064)
	at com.eduven.utils.RunTestng.main(RunTestng.java:63)
]]>
            </full-stacktrace>
          </exception> <!-- org.openqa.selenium.NoSuchElementException -->
          <reporter-output>
          </reporter-output>
        </test-method> <!-- verify_city_name_and_header_text_inside_term_test -->
        <test-method status="PASS" signature="tearDown(org.testng.ITestResult)[pri:0, instance:com.eduven.testcase.CarnivalsFestivalsPageTestCases@6f27a732]" name="tearDown" is-config="true" duration-ms="1930" started-at="2016-07-08T21:09:02Z" finished-at="2016-07-08T21:09:04Z">
          <params>
            <param index="0">
              <value>
                <![CDATA[[TestResult name=verify_city_name_and_header_text_inside_term_test status=FAILURE method=CarnivalsFestivalsPageTestCases.verify_city_name_and_header_text_inside_term_test()[pri:6, instance:com.eduven.testcase.CarnivalsFestivalsPageTestCases@6f27a732] output={null}]]]>
              </value>
            </param>
          </params>
          <reporter-output>
          </reporter-output>
        </test-method> <!-- tearDown -->
        <test-method status="PASS" signature="carnivals_festivals_page_buy_subscription()[pri:7, instance:com.eduven.testcase.CarnivalsFestivalsPageTestCases@6f27a732]" name="carnivals_festivals_page_buy_subscription" duration-ms="103045" started-at="2016-07-08T21:09:04Z" finished-at="2016-07-08T21:10:47Z">
          <reporter-output>
          </reporter-output>
        </test-method> <!-- carnivals_festivals_page_buy_subscription -->
        <test-method status="PASS" signature="tearDown(org.testng.ITestResult)[pri:0, instance:com.eduven.testcase.CarnivalsFestivalsPageTestCases@6f27a732]" name="tearDown" is-config="true" duration-ms="0" started-at="2016-07-08T21:10:47Z" finished-at="2016-07-08T21:10:47Z">
          <params>
            <param index="0">
              <value>
                <![CDATA[[TestResult name=carnivals_festivals_page_buy_subscription status=SUCCESS method=CarnivalsFestivalsPageTestCases.carnivals_festivals_page_buy_subscription()[pri:7, instance:com.eduven.testcase.CarnivalsFestivalsPageTestCases@6f27a732] output={null}]]]>
              </value>
            </param>
          </params>
          <reporter-output>
          </reporter-output>
        </test-method> <!-- tearDown -->
        <test-method status="FAIL" signature="carnivals_festivals_page_check_paid_term_as_free_term_test()[pri:8, instance:com.eduven.testcase.CarnivalsFestivalsPageTestCases@6f27a732]" name="carnivals_festivals_page_check_paid_term_as_free_term_test" duration-ms="16630" started-at="2016-07-08T21:10:47Z" finished-at="2016-07-08T21:11:03Z">
          <exception class="org.openqa.selenium.UnsupportedCommandException">
            <message>
              <![CDATA[Missing parameters: ["selector"]
Command duration or timeout: 9 milliseconds
Build info: version: '2.51.0', revision: '1af067d', time: '2016-02-05 19:11:55'
System info: host: 'Hitesh-Mac-Mini.local', ip: '10.30.30.97', os.name: 'Mac OS X', os.arch: 'x86_64', os.version: '10.11.5', java.version: '1.8.0_74'
Driver info: io.appium.java_client.android.AndroidDriver
Capabilities [{app=/Users/hiteshbhardwaj/Desktop/Automation/app/CountryGuideAndroid/app-africa-debug.apk, appPackage=com.eduven.cg.africa, networkConnectionEnabled=true, warnings={}, appiumVersion=1.4.13, databaseEnabled=false, deviceName=014E0F500200D002, platform=LINUX, appActivity=com.eduven.cg.activity.CheckSDCard, desired={app=/Users/hiteshbhardwaj/Desktop/Automation/app/CountryGuideAndroid/app-africa-debug.apk, appPackage=com.eduven.cg.africa, appActivity=com.eduven.cg.activity.CheckSDCard, platformVersion=4.4, appiumVersion=1.4.13, automationName=Appium, platformName=Android, deviceName=014E0F500200D002}, platformVersion=4.3, webStorageEnabled=false, locationContextEnabled=false, automationName=Appium, browserName=Android, takesScreenshot=true, javascriptEnabled=true, platformName=Android}]
Session ID: 18fd19f5-b11c-4e69-95a7-d1fd1123f471
*** Element info: {Using=name, value=}]]>
            </message>
            <full-stacktrace>
              <![CDATA[org.openqa.selenium.UnsupportedCommandException: Missing parameters: ["selector"]
Command duration or timeout: 9 milliseconds
Build info: version: '2.51.0', revision: '1af067d', time: '2016-02-05 19:11:55'
System info: host: 'Hitesh-Mac-Mini.local', ip: '10.30.30.97', os.name: 'Mac OS X', os.arch: 'x86_64', os.version: '10.11.5', java.version: '1.8.0_74'
Driver info: io.appium.java_client.android.AndroidDriver
Capabilities [{app=/Users/hiteshbhardwaj/Desktop/Automation/app/CountryGuideAndroid/app-africa-debug.apk, appPackage=com.eduven.cg.africa, networkConnectionEnabled=true, warnings={}, appiumVersion=1.4.13, databaseEnabled=false, deviceName=014E0F500200D002, platform=LINUX, appActivity=com.eduven.cg.activity.CheckSDCard, desired={app=/Users/hiteshbhardwaj/Desktop/Automation/app/CountryGuideAndroid/app-africa-debug.apk, appPackage=com.eduven.cg.africa, appActivity=com.eduven.cg.activity.CheckSDCard, platformVersion=4.4, appiumVersion=1.4.13, automationName=Appium, platformName=Android, deviceName=014E0F500200D002}, platformVersion=4.3, webStorageEnabled=false, locationContextEnabled=false, automationName=Appium, browserName=Android, takesScreenshot=true, javascriptEnabled=true, platformName=Android}]
Session ID: 18fd19f5-b11c-4e69-95a7-d1fd1123f471
*** Element info: {Using=name, value=}
	at sun.reflect.NativeConstructorAccessorImpl.newInstance0(Native Method)
	at sun.reflect.NativeConstructorAccessorImpl.newInstance(NativeConstructorAccessorImpl.java:62)
	at sun.reflect.DelegatingConstructorAccessorImpl.newInstance(DelegatingConstructorAccessorImpl.java:45)
	at java.lang.reflect.Constructor.newInstance(Constructor.java:423)
	at org.openqa.selenium.remote.ErrorHandler.createThrowable(ErrorHandler.java:206)
	at org.openqa.selenium.remote.ErrorHandler.throwIfResponseFailed(ErrorHandler.java:158)
	at org.openqa.selenium.remote.RemoteWebDriver.execute(RemoteWebDriver.java:678)
	at io.appium.java_client.DefaultGenericMobileDriver.execute(DefaultGenericMobileDriver.java:43)
	at io.appium.java_client.AppiumDriver.execute(AppiumDriver.java:1)
	at io.appium.java_client.android.AndroidDriver.execute(AndroidDriver.java:1)
	at org.openqa.selenium.remote.RemoteWebDriver.findElement(RemoteWebDriver.java:363)
	at org.openqa.selenium.remote.RemoteWebDriver.findElementByName(RemoteWebDriver.java:461)
	at io.appium.java_client.DefaultGenericMobileDriver.findElementByName(DefaultGenericMobileDriver.java:99)
	at io.appium.java_client.AppiumDriver.findElementByName(AppiumDriver.java:1)
	at io.appium.java_client.android.AndroidDriver.findElementByName(AndroidDriver.java:1)
	at org.openqa.selenium.By$ByName.findElement(By.java:303)
	at org.openqa.selenium.remote.RemoteWebDriver.findElement(RemoteWebDriver.java:355)
	at io.appium.java_client.DefaultGenericMobileDriver.findElement(DefaultGenericMobileDriver.java:51)
	at io.appium.java_client.AppiumDriver.findElement(AppiumDriver.java:1)
	at io.appium.java_client.android.AndroidDriver.findElement(AndroidDriver.java:1)
	at com.eduven.utils.Reusables.clickCommand(Reusables.java:255)
	at com.eduven.modules.CarnivalsFestivals.checkPremiumTermAsFreeTerm(CarnivalsFestivals.java:111)
	at com.eduven.testcase.CarnivalsFestivalsPageTestCases.carnivals_festivals_page_check_paid_term_as_free_term_test(CarnivalsFestivalsPageTestCases.java:87)
	at sun.reflect.NativeMethodAccessorImpl.invoke0(Native Method)
	at sun.reflect.NativeMethodAccessorImpl.invoke(NativeMethodAccessorImpl.java:62)
	at sun.reflect.DelegatingMethodAccessorImpl.invoke(DelegatingMethodAccessorImpl.java:43)
	at java.lang.reflect.Method.invoke(Method.java:498)
	at org.testng.internal.MethodInvocationHelper.invokeMethod(MethodInvocationHelper.java:86)
	at org.testng.internal.Invoker.invokeMethod(Invoker.java:645)
	at org.testng.internal.Invoker.invokeTestMethod(Invoker.java:822)
	at org.testng.internal.Invoker.invokeTestMethods(Invoker.java:1130)
	at org.testng.internal.TestMethodWorker.invokeTestMethods(TestMethodWorker.java:129)
	at org.testng.internal.TestMethodWorker.run(TestMethodWorker.java:112)
	at org.testng.TestRunner.privateRun(TestRunner.java:782)
	at org.testng.TestRunner.run(TestRunner.java:632)
	at org.testng.SuiteRunner.runTest(SuiteRunner.java:366)
	at org.testng.SuiteRunner.runSequentially(SuiteRunner.java:361)
	at org.testng.SuiteRunner.privateRun(SuiteRunner.java:319)
	at org.testng.SuiteRunner.run(SuiteRunner.java:268)
	at org.testng.SuiteRunnerWorker.runSuite(SuiteRunnerWorker.java:52)
	at org.testng.SuiteRunnerWorker.run(SuiteRunnerWorker.java:86)
	at org.testng.TestNG.runSuitesSequentially(TestNG.java:1244)
	at org.testng.TestNG.runSuitesLocally(TestNG.java:1169)
	at org.testng.TestNG.run(TestNG.java:1064)
	at com.eduven.utils.RunTestng.main(RunTestng.java:63)
]]>
            </full-stacktrace>
          </exception> <!-- org.openqa.selenium.UnsupportedCommandException -->
          <reporter-output>
          </reporter-output>
        </test-method> <!-- carnivals_festivals_page_check_paid_term_as_free_term_test -->
        <test-method status="PASS" signature="tearDown(org.testng.ITestResult)[pri:0, instance:com.eduven.testcase.CarnivalsFestivalsPageTestCases@6f27a732]" name="tearDown" is-config="true" duration-ms="1282" started-at="2016-07-08T21:11:03Z" finished-at="2016-07-08T21:11:05Z">
          <params>
            <param index="0">
              <value>
                <![CDATA[[TestResult name=carnivals_festivals_page_check_paid_term_as_free_term_test status=FAILURE method=CarnivalsFestivalsPageTestCases.carnivals_festivals_page_check_paid_term_as_free_term_test()[pri:8, instance:com.eduven.testcase.CarnivalsFestivalsPageTestCases@6f27a732] output={null}]]]>
              </value>
            </param>
          </params>
          <reporter-output>
          </reporter-output>
        </test-method> <!-- tearDown -->
        <test-method status="PASS" signature="close_app()[pri:0, instance:com.eduven.testcase.CarnivalsFestivalsPageTestCases@6f27a732]" name="close_app" is-config="true" duration-ms="48337" started-at="2016-07-08T21:11:05Z" finished-at="2016-07-08T21:11:53Z">
          <reporter-output>
          </reporter-output>
        </test-method> <!-- close_app -->
      </class> <!-- com.eduven.testcase.CarnivalsFestivalsPageTestCases -->
      <class name="com.eduven.testcase.SportsPageTestCases">
        <test-method status="PASS" signature="close_flyer_popup_test()[pri:0, instance:com.eduven.testcase.SportsPageTestCases@6497b078]" name="close_flyer_popup_test" duration-ms="85459" started-at="2016-07-08T19:18:43Z" finished-at="2016-07-08T19:20:08Z">
          <reporter-output>
          </reporter-output>
        </test-method> <!-- close_flyer_popup_test -->
        <test-method status="PASS" signature="tearDown(org.testng.ITestResult)[pri:0, instance:com.eduven.testcase.SportsPageTestCases@6497b078]" name="tearDown" is-config="true" duration-ms="0" started-at="2016-07-08T19:20:08Z" finished-at="2016-07-08T19:20:08Z">
          <params>
            <param index="0">
              <value>
                <![CDATA[[TestResult name=close_flyer_popup_test status=SUCCESS method=SportsPageTestCases.close_flyer_popup_test()[pri:0, instance:com.eduven.testcase.SportsPageTestCases@6497b078] output={null}]]]>
              </value>
            </param>
          </params>
          <reporter-output>
          </reporter-output>
        </test-method> <!-- tearDown -->
        <test-method status="PASS" signature="verify_sports_page_header_test()[pri:1, instance:com.eduven.testcase.SportsPageTestCases@6497b078]" name="verify_sports_page_header_test" duration-ms="143121" started-at="2016-07-08T19:20:08Z" finished-at="2016-07-08T19:22:31Z">
          <reporter-output>
          </reporter-output>
        </test-method> <!-- verify_sports_page_header_test -->
        <test-method status="PASS" signature="tearDown(org.testng.ITestResult)[pri:0, instance:com.eduven.testcase.SportsPageTestCases@6497b078]" name="tearDown" is-config="true" duration-ms="0" started-at="2016-07-08T19:22:31Z" finished-at="2016-07-08T19:22:31Z">
          <params>
            <param index="0">
              <value>
                <![CDATA[[TestResult name=verify_sports_page_header_test status=SUCCESS method=SportsPageTestCases.verify_sports_page_header_test()[pri:1, instance:com.eduven.testcase.SportsPageTestCases@6497b078] output={null}]]]>
              </value>
            </param>
          </params>
          <reporter-output>
          </reporter-output>
        </test-method> <!-- tearDown -->
        <test-method status="PASS" signature="sports_page_entity_test()[pri:2, instance:com.eduven.testcase.SportsPageTestCases@6497b078]" name="sports_page_entity_test" duration-ms="10174" started-at="2016-07-08T19:22:31Z" finished-at="2016-07-08T19:22:42Z">
          <reporter-output>
          </reporter-output>
        </test-method> <!-- sports_page_entity_test -->
        <test-method status="PASS" signature="tearDown(org.testng.ITestResult)[pri:0, instance:com.eduven.testcase.SportsPageTestCases@6497b078]" name="tearDown" is-config="true" duration-ms="0" started-at="2016-07-08T19:22:42Z" finished-at="2016-07-08T19:22:42Z">
          <params>
            <param index="0">
              <value>
                <![CDATA[[TestResult name=sports_page_entity_test status=SUCCESS method=SportsPageTestCases.sports_page_entity_test()[pri:2, instance:com.eduven.testcase.SportsPageTestCases@6497b078] output={null}]]]>
              </value>
            </param>
          </params>
          <reporter-output>
          </reporter-output>
        </test-method> <!-- tearDown -->
        <test-method status="PASS" signature="sports_page_free_entity_test()[pri:3, instance:com.eduven.testcase.SportsPageTestCases@6497b078]" name="sports_page_free_entity_test" duration-ms="31775" started-at="2016-07-08T19:22:42Z" finished-at="2016-07-08T19:23:13Z">
          <reporter-output>
          </reporter-output>
        </test-method> <!-- sports_page_free_entity_test -->
        <test-method status="PASS" signature="tearDown(org.testng.ITestResult)[pri:0, instance:com.eduven.testcase.SportsPageTestCases@6497b078]" name="tearDown" is-config="true" duration-ms="1" started-at="2016-07-08T19:23:13Z" finished-at="2016-07-08T19:23:13Z">
          <params>
            <param index="0">
              <value>
                <![CDATA[[TestResult name=sports_page_free_entity_test status=SUCCESS method=SportsPageTestCases.sports_page_free_entity_test()[pri:3, instance:com.eduven.testcase.SportsPageTestCases@6497b078] output={null}]]]>
              </value>
            </param>
          </params>
          <reporter-output>
          </reporter-output>
        </test-method> <!-- tearDown -->
        <test-method status="PASS" signature="sports_page_premium_entity_test()[pri:4, instance:com.eduven.testcase.SportsPageTestCases@6497b078]" name="sports_page_premium_entity_test" duration-ms="34243" started-at="2016-07-08T19:23:13Z" finished-at="2016-07-08T19:23:48Z">
          <reporter-output>
          </reporter-output>
        </test-method> <!-- sports_page_premium_entity_test -->
        <test-method status="PASS" signature="tearDown(org.testng.ITestResult)[pri:0, instance:com.eduven.testcase.SportsPageTestCases@6497b078]" name="tearDown" is-config="true" duration-ms="0" started-at="2016-07-08T19:23:48Z" finished-at="2016-07-08T19:23:48Z">
          <params>
            <param index="0">
              <value>
                <![CDATA[[TestResult name=sports_page_premium_entity_test status=SUCCESS method=SportsPageTestCases.sports_page_premium_entity_test()[pri:4, instance:com.eduven.testcase.SportsPageTestCases@6497b078] output={null}]]]>
              </value>
            </param>
          </params>
          <reporter-output>
          </reporter-output>
        </test-method> <!-- tearDown -->
        <test-method status="PASS" signature="sports_page_verify_contribute_entity_test()[pri:5, instance:com.eduven.testcase.SportsPageTestCases@6497b078]" name="sports_page_verify_contribute_entity_test" duration-ms="10404" started-at="2016-07-08T19:23:48Z" finished-at="2016-07-08T19:23:58Z">
          <reporter-output>
          </reporter-output>
        </test-method> <!-- sports_page_verify_contribute_entity_test -->
        <test-method status="PASS" signature="tearDown(org.testng.ITestResult)[pri:0, instance:com.eduven.testcase.SportsPageTestCases@6497b078]" name="tearDown" is-config="true" duration-ms="0" started-at="2016-07-08T19:23:58Z" finished-at="2016-07-08T19:23:58Z">
          <params>
            <param index="0">
              <value>
                <![CDATA[[TestResult name=sports_page_verify_contribute_entity_test status=SUCCESS method=SportsPageTestCases.sports_page_verify_contribute_entity_test()[pri:5, instance:com.eduven.testcase.SportsPageTestCases@6497b078] output={null}]]]>
              </value>
            </param>
          </params>
          <reporter-output>
          </reporter-output>
        </test-method> <!-- tearDown -->
        <test-method status="PASS" signature="verify_city_name_and_header_text_inside_term_test()[pri:6, instance:com.eduven.testcase.SportsPageTestCases@6497b078]" name="verify_city_name_and_header_text_inside_term_test" duration-ms="207523" started-at="2016-07-08T19:23:58Z" finished-at="2016-07-08T19:27:26Z">
          <reporter-output>
          </reporter-output>
        </test-method> <!-- verify_city_name_and_header_text_inside_term_test -->
        <test-method status="PASS" signature="tearDown(org.testng.ITestResult)[pri:0, instance:com.eduven.testcase.SportsPageTestCases@6497b078]" name="tearDown" is-config="true" duration-ms="0" started-at="2016-07-08T19:27:26Z" finished-at="2016-07-08T19:27:26Z">
          <params>
            <param index="0">
              <value>
                <![CDATA[[TestResult name=verify_city_name_and_header_text_inside_term_test status=SUCCESS method=SportsPageTestCases.verify_city_name_and_header_text_inside_term_test()[pri:6, instance:com.eduven.testcase.SportsPageTestCases@6497b078] output={null}]]]>
              </value>
            </param>
          </params>
          <reporter-output>
          </reporter-output>
        </test-method> <!-- tearDown -->
        <test-method status="PASS" signature="close_app()[pri:0, instance:com.eduven.testcase.SportsPageTestCases@6497b078]" name="close_app" is-config="true" duration-ms="45046" started-at="2016-07-08T19:27:26Z" finished-at="2016-07-08T19:28:11Z">
          <reporter-output>
          </reporter-output>
        </test-method> <!-- close_app -->
      </class> <!-- com.eduven.testcase.SportsPageTestCases -->
      <class name="com.eduven.testcase.CuisinePageTestCases">
        <test-method status="PASS" signature="close_flyer_popup_test()[pri:0, instance:com.eduven.testcase.CuisinePageTestCases@76f2bbc1]" name="close_flyer_popup_test" duration-ms="85178" started-at="2016-07-08T20:52:18Z" finished-at="2016-07-08T20:53:43Z">
          <reporter-output>
          </reporter-output>
        </test-method> <!-- close_flyer_popup_test -->
        <test-method status="PASS" signature="tearDown(org.testng.ITestResult)[pri:0, instance:com.eduven.testcase.CuisinePageTestCases@76f2bbc1]" name="tearDown" is-config="true" duration-ms="1" started-at="2016-07-08T20:53:43Z" finished-at="2016-07-08T20:53:43Z">
          <params>
            <param index="0">
              <value>
                <![CDATA[[TestResult name=close_flyer_popup_test status=SUCCESS method=CuisinePageTestCases.close_flyer_popup_test()[pri:0, instance:com.eduven.testcase.CuisinePageTestCases@76f2bbc1] output={null}]]]>
              </value>
            </param>
          </params>
          <reporter-output>
          </reporter-output>
        </test-method> <!-- tearDown -->
        <test-method status="PASS" signature="verify_cuisine_page_header_test()[pri:1, instance:com.eduven.testcase.CuisinePageTestCases@76f2bbc1]" name="verify_cuisine_page_header_test" duration-ms="80000" started-at="2016-07-08T20:53:43Z" finished-at="2016-07-08T20:55:03Z">
          <reporter-output>
          </reporter-output>
        </test-method> <!-- verify_cuisine_page_header_test -->
        <test-method status="PASS" signature="tearDown(org.testng.ITestResult)[pri:0, instance:com.eduven.testcase.CuisinePageTestCases@76f2bbc1]" name="tearDown" is-config="true" duration-ms="0" started-at="2016-07-08T20:55:03Z" finished-at="2016-07-08T20:55:03Z">
          <params>
            <param index="0">
              <value>
                <![CDATA[[TestResult name=verify_cuisine_page_header_test status=SUCCESS method=CuisinePageTestCases.verify_cuisine_page_header_test()[pri:1, instance:com.eduven.testcase.CuisinePageTestCases@76f2bbc1] output={null}]]]>
              </value>
            </param>
          </params>
          <reporter-output>
          </reporter-output>
        </test-method> <!-- tearDown -->
        <test-method status="PASS" signature="cuisine_page_entity_test()[pri:2, instance:com.eduven.testcase.CuisinePageTestCases@76f2bbc1]" name="cuisine_page_entity_test" duration-ms="18228" started-at="2016-07-08T20:55:03Z" finished-at="2016-07-08T20:55:22Z">
          <reporter-output>
          </reporter-output>
        </test-method> <!-- cuisine_page_entity_test -->
        <test-method status="PASS" signature="tearDown(org.testng.ITestResult)[pri:0, instance:com.eduven.testcase.CuisinePageTestCases@76f2bbc1]" name="tearDown" is-config="true" duration-ms="0" started-at="2016-07-08T20:55:22Z" finished-at="2016-07-08T20:55:22Z">
          <params>
            <param index="0">
              <value>
                <![CDATA[[TestResult name=cuisine_page_entity_test status=SUCCESS method=CuisinePageTestCases.cuisine_page_entity_test()[pri:2, instance:com.eduven.testcase.CuisinePageTestCases@76f2bbc1] output={null}]]]>
              </value>
            </param>
          </params>
          <reporter-output>
          </reporter-output>
        </test-method> <!-- tearDown -->
        <test-method status="PASS" signature="cuisine_page_free_entity_test()[pri:3, instance:com.eduven.testcase.CuisinePageTestCases@76f2bbc1]" name="cuisine_page_free_entity_test" duration-ms="50493" started-at="2016-07-08T20:55:22Z" finished-at="2016-07-08T20:56:12Z">
          <reporter-output>
          </reporter-output>
        </test-method> <!-- cuisine_page_free_entity_test -->
        <test-method status="PASS" signature="tearDown(org.testng.ITestResult)[pri:0, instance:com.eduven.testcase.CuisinePageTestCases@76f2bbc1]" name="tearDown" is-config="true" duration-ms="0" started-at="2016-07-08T20:56:12Z" finished-at="2016-07-08T20:56:12Z">
          <params>
            <param index="0">
              <value>
                <![CDATA[[TestResult name=cuisine_page_free_entity_test status=SUCCESS method=CuisinePageTestCases.cuisine_page_free_entity_test()[pri:3, instance:com.eduven.testcase.CuisinePageTestCases@76f2bbc1] output={null}]]]>
              </value>
            </param>
          </params>
          <reporter-output>
          </reporter-output>
        </test-method> <!-- tearDown -->
        <test-method status="PASS" signature="cuisine_page_premium_entity_test()[pri:4, instance:com.eduven.testcase.CuisinePageTestCases@76f2bbc1]" name="cuisine_page_premium_entity_test" duration-ms="37829" started-at="2016-07-08T20:56:12Z" finished-at="2016-07-08T20:56:50Z">
          <reporter-output>
          </reporter-output>
        </test-method> <!-- cuisine_page_premium_entity_test -->
        <test-method status="PASS" signature="tearDown(org.testng.ITestResult)[pri:0, instance:com.eduven.testcase.CuisinePageTestCases@76f2bbc1]" name="tearDown" is-config="true" duration-ms="1" started-at="2016-07-08T20:56:50Z" finished-at="2016-07-08T20:56:50Z">
          <params>
            <param index="0">
              <value>
                <![CDATA[[TestResult name=cuisine_page_premium_entity_test status=SUCCESS method=CuisinePageTestCases.cuisine_page_premium_entity_test()[pri:4, instance:com.eduven.testcase.CuisinePageTestCases@76f2bbc1] output={null}]]]>
              </value>
            </param>
          </params>
          <reporter-output>
          </reporter-output>
        </test-method> <!-- tearDown -->
        <test-method status="PASS" signature="cuisine_page_navigate_to_entity_detail_test()[pri:5, instance:com.eduven.testcase.CuisinePageTestCases@76f2bbc1]" name="cuisine_page_navigate_to_entity_detail_test" duration-ms="18262" started-at="2016-07-08T20:56:50Z" finished-at="2016-07-08T20:57:08Z">
          <reporter-output>
          </reporter-output>
        </test-method> <!-- cuisine_page_navigate_to_entity_detail_test -->
        <test-method status="PASS" signature="cuisine_page_verify_ingredients_and_directions_button_test()[pri:6, instance:com.eduven.testcase.CuisinePageTestCases@76f2bbc1]" name="cuisine_page_verify_ingredients_and_directions_button_test" duration-ms="2338" started-at="2016-07-08T20:57:08Z" finished-at="2016-07-08T20:57:11Z">
          <reporter-output>
          </reporter-output>
        </test-method> <!-- cuisine_page_verify_ingredients_and_directions_button_test -->
        <test-method status="PASS" signature="tearDown(org.testng.ITestResult)[pri:0, instance:com.eduven.testcase.CuisinePageTestCases@76f2bbc1]" name="tearDown" is-config="true" duration-ms="0" started-at="2016-07-08T20:57:08Z" finished-at="2016-07-08T20:57:08Z">
          <params>
            <param index="0">
              <value>
                <![CDATA[[TestResult name=cuisine_page_navigate_to_entity_detail_test status=SUCCESS method=CuisinePageTestCases.cuisine_page_navigate_to_entity_detail_test()[pri:5, instance:com.eduven.testcase.CuisinePageTestCases@76f2bbc1] output={null}]]]>
              </value>
            </param>
          </params>
          <reporter-output>
          </reporter-output>
        </test-method> <!-- tearDown -->
        <test-method status="PASS" signature="cuisine_page_verify_ingredients_and_directions_button_action_test()[pri:7, instance:com.eduven.testcase.CuisinePageTestCases@76f2bbc1]" name="cuisine_page_verify_ingredients_and_directions_button_action_test" duration-ms="9297" started-at="2016-07-08T20:57:11Z" finished-at="2016-07-08T20:57:20Z">
          <reporter-output>
          </reporter-output>
        </test-method> <!-- cuisine_page_verify_ingredients_and_directions_button_action_test -->
        <test-method status="PASS" signature="tearDown(org.testng.ITestResult)[pri:0, instance:com.eduven.testcase.CuisinePageTestCases@76f2bbc1]" name="tearDown" is-config="true" duration-ms="0" started-at="2016-07-08T20:57:11Z" finished-at="2016-07-08T20:57:11Z">
          <params>
            <param index="0">
              <value>
                <![CDATA[[TestResult name=cuisine_page_verify_ingredients_and_directions_button_test status=SUCCESS method=CuisinePageTestCases.cuisine_page_verify_ingredients_and_directions_button_test()[pri:6, instance:com.eduven.testcase.CuisinePageTestCases@76f2bbc1] output={null}]]]>
              </value>
            </param>
          </params>
          <reporter-output>
          </reporter-output>
        </test-method> <!-- tearDown -->
        <test-method status="PASS" signature="cuisine_page_verify_cooking_servings_test()[pri:8, instance:com.eduven.testcase.CuisinePageTestCases@76f2bbc1]" name="cuisine_page_verify_cooking_servings_test" duration-ms="824" started-at="2016-07-08T20:57:20Z" finished-at="2016-07-08T20:57:21Z">
          <reporter-output>
          </reporter-output>
        </test-method> <!-- cuisine_page_verify_cooking_servings_test -->
        <test-method status="PASS" signature="tearDown(org.testng.ITestResult)[pri:0, instance:com.eduven.testcase.CuisinePageTestCases@76f2bbc1]" name="tearDown" is-config="true" duration-ms="0" started-at="2016-07-08T20:57:20Z" finished-at="2016-07-08T20:57:20Z">
          <params>
            <param index="0">
              <value>
                <![CDATA[[TestResult name=cuisine_page_verify_ingredients_and_directions_button_action_test status=SUCCESS method=CuisinePageTestCases.cuisine_page_verify_ingredients_and_directions_button_action_test()[pri:7, instance:com.eduven.testcase.CuisinePageTestCases@76f2bbc1] output={null}]]]>
              </value>
            </param>
          </params>
          <reporter-output>
          </reporter-output>
        </test-method> <!-- tearDown -->
        <test-method status="PASS" signature="tearDown(org.testng.ITestResult)[pri:0, instance:com.eduven.testcase.CuisinePageTestCases@76f2bbc1]" name="tearDown" is-config="true" duration-ms="1" started-at="2016-07-08T20:57:21Z" finished-at="2016-07-08T20:57:21Z">
          <params>
            <param index="0">
              <value>
                <![CDATA[[TestResult name=cuisine_page_verify_cooking_servings_test status=SUCCESS method=CuisinePageTestCases.cuisine_page_verify_cooking_servings_test()[pri:8, instance:com.eduven.testcase.CuisinePageTestCases@76f2bbc1] output={null}]]]>
              </value>
            </param>
          </params>
          <reporter-output>
          </reporter-output>
        </test-method> <!-- tearDown -->
        <test-method status="PASS" signature="cuisine_page_verify_nutrition_test()[pri:9, instance:com.eduven.testcase.CuisinePageTestCases@76f2bbc1]" name="cuisine_page_verify_nutrition_test" duration-ms="6550" started-at="2016-07-08T20:57:21Z" finished-at="2016-07-08T20:57:27Z">
          <reporter-output>
          </reporter-output>
        </test-method> <!-- cuisine_page_verify_nutrition_test -->
        <test-method status="PASS" signature="cuisine_page_verify_contibute_entity()[pri:10, instance:com.eduven.testcase.CuisinePageTestCases@76f2bbc1]" name="cuisine_page_verify_contibute_entity" duration-ms="12110" started-at="2016-07-08T20:57:27Z" finished-at="2016-07-08T20:57:39Z">
          <reporter-output>
          </reporter-output>
        </test-method> <!-- cuisine_page_verify_contibute_entity -->
        <test-method status="PASS" signature="tearDown(org.testng.ITestResult)[pri:0, instance:com.eduven.testcase.CuisinePageTestCases@76f2bbc1]" name="tearDown" is-config="true" duration-ms="0" started-at="2016-07-08T20:57:27Z" finished-at="2016-07-08T20:57:27Z">
          <params>
            <param index="0">
              <value>
                <![CDATA[[TestResult name=cuisine_page_verify_nutrition_test status=SUCCESS method=CuisinePageTestCases.cuisine_page_verify_nutrition_test()[pri:9, instance:com.eduven.testcase.CuisinePageTestCases@76f2bbc1] output={null}]]]>
              </value>
            </param>
          </params>
          <reporter-output>
          </reporter-output>
        </test-method> <!-- tearDown -->
        <test-method status="PASS" signature="close_app()[pri:0, instance:com.eduven.testcase.CuisinePageTestCases@76f2bbc1]" name="close_app" is-config="true" duration-ms="53711" started-at="2016-07-08T20:57:39Z" finished-at="2016-07-08T20:58:33Z">
          <reporter-output>
          </reporter-output>
        </test-method> <!-- close_app -->
        <test-method status="PASS" signature="tearDown(org.testng.ITestResult)[pri:0, instance:com.eduven.testcase.CuisinePageTestCases@76f2bbc1]" name="tearDown" is-config="true" duration-ms="0" started-at="2016-07-08T20:57:39Z" finished-at="2016-07-08T20:57:39Z">
          <params>
            <param index="0">
              <value>
                <![CDATA[[TestResult name=cuisine_page_verify_contibute_entity status=SUCCESS method=CuisinePageTestCases.cuisine_page_verify_contibute_entity()[pri:10, instance:com.eduven.testcase.CuisinePageTestCases@76f2bbc1] output={null}]]]>
              </value>
            </param>
          </params>
          <reporter-output>
          </reporter-output>
        </test-method> <!-- tearDown -->
      </class> <!-- com.eduven.testcase.CuisinePageTestCases -->
      <class name="com.eduven.testcase.ContributePageTestCases">
        <test-method status="PASS" signature="close_flyer_popup_test()[pri:0, instance:com.eduven.testcase.ContributePageTestCases@671a5887]" name="close_flyer_popup_test" duration-ms="87205" started-at="2016-07-08T18:28:16Z" finished-at="2016-07-08T18:29:43Z">
          <reporter-output>
          </reporter-output>
        </test-method> <!-- close_flyer_popup_test -->
        <test-method status="PASS" signature="tearDown(org.testng.ITestResult)[pri:0, instance:com.eduven.testcase.ContributePageTestCases@671a5887]" name="tearDown" is-config="true" duration-ms="0" started-at="2016-07-08T18:29:43Z" finished-at="2016-07-08T18:29:43Z">
          <params>
            <param index="0">
              <value>
                <![CDATA[[TestResult name=close_flyer_popup_test status=SUCCESS method=ContributePageTestCases.close_flyer_popup_test()[pri:0, instance:com.eduven.testcase.ContributePageTestCases@671a5887] output={null}]]]>
              </value>
            </param>
          </params>
          <reporter-output>
          </reporter-output>
        </test-method> <!-- tearDown -->
        <test-method status="PASS" signature="contribute_page_navigate_to_contribute_test()[pri:1, instance:com.eduven.testcase.ContributePageTestCases@671a5887]" name="contribute_page_navigate_to_contribute_test" duration-ms="8533" started-at="2016-07-08T18:29:43Z" finished-at="2016-07-08T18:29:51Z">
          <reporter-output>
          </reporter-output>
        </test-method> <!-- contribute_page_navigate_to_contribute_test -->
        <test-method status="PASS" signature="tearDown(org.testng.ITestResult)[pri:0, instance:com.eduven.testcase.ContributePageTestCases@671a5887]" name="tearDown" is-config="true" duration-ms="0" started-at="2016-07-08T18:29:51Z" finished-at="2016-07-08T18:29:51Z">
          <params>
            <param index="0">
              <value>
                <![CDATA[[TestResult name=contribute_page_navigate_to_contribute_test status=SUCCESS method=ContributePageTestCases.contribute_page_navigate_to_contribute_test()[pri:1, instance:com.eduven.testcase.ContributePageTestCases@671a5887] output={null}]]]>
              </value>
            </param>
          </params>
          <reporter-output>
          </reporter-output>
        </test-method> <!-- tearDown -->
        <test-method status="PASS" signature="contribute_page_verify_profile_pic_adder_test()[pri:2, instance:com.eduven.testcase.ContributePageTestCases@671a5887]" name="contribute_page_verify_profile_pic_adder_test" duration-ms="1139" started-at="2016-07-08T18:29:51Z" finished-at="2016-07-08T18:29:53Z">
          <reporter-output>
          </reporter-output>
        </test-method> <!-- contribute_page_verify_profile_pic_adder_test -->
        <test-method status="PASS" signature="tearDown(org.testng.ITestResult)[pri:0, instance:com.eduven.testcase.ContributePageTestCases@671a5887]" name="tearDown" is-config="true" duration-ms="0" started-at="2016-07-08T18:29:53Z" finished-at="2016-07-08T18:29:53Z">
          <params>
            <param index="0">
              <value>
                <![CDATA[[TestResult name=contribute_page_verify_profile_pic_adder_test status=SUCCESS method=ContributePageTestCases.contribute_page_verify_profile_pic_adder_test()[pri:2, instance:com.eduven.testcase.ContributePageTestCases@671a5887] output={null}]]]>
              </value>
            </param>
          </params>
          <reporter-output>
          </reporter-output>
        </test-method> <!-- tearDown -->
        <test-method status="PASS" signature="contribute_page_add_contribute_without_title_test()[pri:3, instance:com.eduven.testcase.ContributePageTestCases@671a5887]" name="contribute_page_add_contribute_without_title_test" duration-ms="13923" started-at="2016-07-08T18:29:53Z" finished-at="2016-07-08T18:30:07Z">
          <reporter-output>
          </reporter-output>
        </test-method> <!-- contribute_page_add_contribute_without_title_test -->
        <test-method status="PASS" signature="tearDown(org.testng.ITestResult)[pri:0, instance:com.eduven.testcase.ContributePageTestCases@671a5887]" name="tearDown" is-config="true" duration-ms="1" started-at="2016-07-08T18:30:07Z" finished-at="2016-07-08T18:30:07Z">
          <params>
            <param index="0">
              <value>
                <![CDATA[[TestResult name=contribute_page_add_contribute_without_title_test status=SUCCESS method=ContributePageTestCases.contribute_page_add_contribute_without_title_test()[pri:3, instance:com.eduven.testcase.ContributePageTestCases@671a5887] output={null}]]]>
              </value>
            </param>
          </params>
          <reporter-output>
          </reporter-output>
        </test-method> <!-- tearDown -->
        <test-method status="PASS" signature="contribute_page_add_contribute_with_space_title_test()[pri:4, instance:com.eduven.testcase.ContributePageTestCases@671a5887]" name="contribute_page_add_contribute_with_space_title_test" duration-ms="13263" started-at="2016-07-08T18:30:07Z" finished-at="2016-07-08T18:30:20Z">
          <reporter-output>
          </reporter-output>
        </test-method> <!-- contribute_page_add_contribute_with_space_title_test -->
        <test-method status="PASS" signature="tearDown(org.testng.ITestResult)[pri:0, instance:com.eduven.testcase.ContributePageTestCases@671a5887]" name="tearDown" is-config="true" duration-ms="0" started-at="2016-07-08T18:30:20Z" finished-at="2016-07-08T18:30:20Z">
          <params>
            <param index="0">
              <value>
                <![CDATA[[TestResult name=contribute_page_add_contribute_with_space_title_test status=SUCCESS method=ContributePageTestCases.contribute_page_add_contribute_with_space_title_test()[pri:4, instance:com.eduven.testcase.ContributePageTestCases@671a5887] output={null}]]]>
              </value>
            </param>
          </params>
          <reporter-output>
          </reporter-output>
        </test-method> <!-- tearDown -->
        <test-method status="PASS" signature="contribute_page_add_contribute_with_title_test()[pri:5, instance:com.eduven.testcase.ContributePageTestCases@671a5887]" name="contribute_page_add_contribute_with_title_test" duration-ms="27078" started-at="2016-07-08T18:30:20Z" finished-at="2016-07-08T18:30:47Z">
          <reporter-output>
          </reporter-output>
        </test-method> <!-- contribute_page_add_contribute_with_title_test -->
        <test-method status="PASS" signature="tearDown(org.testng.ITestResult)[pri:0, instance:com.eduven.testcase.ContributePageTestCases@671a5887]" name="tearDown" is-config="true" duration-ms="0" started-at="2016-07-08T18:30:47Z" finished-at="2016-07-08T18:30:47Z">
          <params>
            <param index="0">
              <value>
                <![CDATA[[TestResult name=contribute_page_add_contribute_with_title_test status=SUCCESS method=ContributePageTestCases.contribute_page_add_contribute_with_title_test()[pri:5, instance:com.eduven.testcase.ContributePageTestCases@671a5887] output={null}]]]>
              </value>
            </param>
          </params>
          <reporter-output>
          </reporter-output>
        </test-method> <!-- tearDown -->
        <test-method status="PASS" signature="contribute_page_more_apps_test()[pri:6, instance:com.eduven.testcase.ContributePageTestCases@671a5887]" name="contribute_page_more_apps_test" duration-ms="13702" started-at="2016-07-08T18:30:47Z" finished-at="2016-07-08T18:31:01Z">
          <reporter-output>
          </reporter-output>
        </test-method> <!-- contribute_page_more_apps_test -->
        <test-method status="PASS" signature="tearDown(org.testng.ITestResult)[pri:0, instance:com.eduven.testcase.ContributePageTestCases@671a5887]" name="tearDown" is-config="true" duration-ms="0" started-at="2016-07-08T18:31:01Z" finished-at="2016-07-08T18:31:01Z">
          <params>
            <param index="0">
              <value>
                <![CDATA[[TestResult name=contribute_page_more_apps_test status=SUCCESS method=ContributePageTestCases.contribute_page_more_apps_test()[pri:6, instance:com.eduven.testcase.ContributePageTestCases@671a5887] output={null}]]]>
              </value>
            </param>
          </params>
          <reporter-output>
          </reporter-output>
        </test-method> <!-- tearDown -->
        <test-method status="PASS" signature="contribute_page_navigate_to_settings_page_test()[pri:7, instance:com.eduven.testcase.ContributePageTestCases@671a5887]" name="contribute_page_navigate_to_settings_page_test" duration-ms="7121" started-at="2016-07-08T18:31:01Z" finished-at="2016-07-08T18:31:08Z">
          <reporter-output>
          </reporter-output>
        </test-method> <!-- contribute_page_navigate_to_settings_page_test -->
        <test-method status="PASS" signature="tearDown(org.testng.ITestResult)[pri:0, instance:com.eduven.testcase.ContributePageTestCases@671a5887]" name="tearDown" is-config="true" duration-ms="0" started-at="2016-07-08T18:31:08Z" finished-at="2016-07-08T18:31:08Z">
          <params>
            <param index="0">
              <value>
                <![CDATA[[TestResult name=contribute_page_navigate_to_settings_page_test status=SUCCESS method=ContributePageTestCases.contribute_page_navigate_to_settings_page_test()[pri:7, instance:com.eduven.testcase.ContributePageTestCases@671a5887] output={null}]]]>
              </value>
            </param>
          </params>
          <reporter-output>
          </reporter-output>
        </test-method> <!-- tearDown -->
        <test-method status="PASS" signature="contribute_page_settings_information_and_support_disclaimer_test()[pri:8, instance:com.eduven.testcase.ContributePageTestCases@671a5887]" name="contribute_page_settings_information_and_support_disclaimer_test" duration-ms="35524" started-at="2016-07-08T18:31:08Z" finished-at="2016-07-08T18:31:43Z">
          <reporter-output>
          </reporter-output>
        </test-method> <!-- contribute_page_settings_information_and_support_disclaimer_test -->
        <test-method status="PASS" signature="tearDown(org.testng.ITestResult)[pri:0, instance:com.eduven.testcase.ContributePageTestCases@671a5887]" name="tearDown" is-config="true" duration-ms="1" started-at="2016-07-08T18:31:43Z" finished-at="2016-07-08T18:31:43Z">
          <params>
            <param index="0">
              <value>
                <![CDATA[[TestResult name=contribute_page_settings_information_and_support_disclaimer_test status=SUCCESS method=ContributePageTestCases.contribute_page_settings_information_and_support_disclaimer_test()[pri:8, instance:com.eduven.testcase.ContributePageTestCases@671a5887] output={null}]]]>
              </value>
            </param>
          </params>
          <reporter-output>
          </reporter-output>
        </test-method> <!-- tearDown -->
        <test-method status="PASS" signature="contribute_page_settings_information_and_support_faqs_test()[pri:9, instance:com.eduven.testcase.ContributePageTestCases@671a5887]" name="contribute_page_settings_information_and_support_faqs_test" duration-ms="65687" started-at="2016-07-08T18:31:43Z" finished-at="2016-07-08T18:32:49Z">
          <reporter-output>
          </reporter-output>
        </test-method> <!-- contribute_page_settings_information_and_support_faqs_test -->
        <test-method status="PASS" signature="tearDown(org.testng.ITestResult)[pri:0, instance:com.eduven.testcase.ContributePageTestCases@671a5887]" name="tearDown" is-config="true" duration-ms="0" started-at="2016-07-08T18:32:49Z" finished-at="2016-07-08T18:32:49Z">
          <params>
            <param index="0">
              <value>
                <![CDATA[[TestResult name=contribute_page_settings_information_and_support_faqs_test status=SUCCESS method=ContributePageTestCases.contribute_page_settings_information_and_support_faqs_test()[pri:9, instance:com.eduven.testcase.ContributePageTestCases@671a5887] output={null}]]]>
              </value>
            </param>
          </params>
          <reporter-output>
          </reporter-output>
        </test-method> <!-- tearDown -->
        <test-method status="PASS" signature="contribute_page_settings_information_and_support_privacy_policy_test()[pri:10, instance:com.eduven.testcase.ContributePageTestCases@671a5887]" name="contribute_page_settings_information_and_support_privacy_policy_test" duration-ms="65675" started-at="2016-07-08T18:32:49Z" finished-at="2016-07-08T18:33:55Z">
          <reporter-output>
          </reporter-output>
        </test-method> <!-- contribute_page_settings_information_and_support_privacy_policy_test -->
        <test-method status="PASS" signature="tearDown(org.testng.ITestResult)[pri:0, instance:com.eduven.testcase.ContributePageTestCases@671a5887]" name="tearDown" is-config="true" duration-ms="0" started-at="2016-07-08T18:33:55Z" finished-at="2016-07-08T18:33:55Z">
          <params>
            <param index="0">
              <value>
                <![CDATA[[TestResult name=contribute_page_settings_information_and_support_privacy_policy_test status=SUCCESS method=ContributePageTestCases.contribute_page_settings_information_and_support_privacy_policy_test()[pri:10, instance:com.eduven.testcase.ContributePageTestCases@671a5887] output={null}]]]>
              </value>
            </param>
          </params>
          <reporter-output>
          </reporter-output>
        </test-method> <!-- tearDown -->
        <test-method status="PASS" signature="contribute_page_settings_information_and_support_for_terms_and_conditions_test()[pri:11, instance:com.eduven.testcase.ContributePageTestCases@671a5887]" name="contribute_page_settings_information_and_support_for_terms_and_conditions_test" duration-ms="65027" started-at="2016-07-08T18:33:55Z" finished-at="2016-07-08T18:35:00Z">
          <reporter-output>
          </reporter-output>
        </test-method> <!-- contribute_page_settings_information_and_support_for_terms_and_conditions_test -->
        <test-method status="PASS" signature="tearDown(org.testng.ITestResult)[pri:0, instance:com.eduven.testcase.ContributePageTestCases@671a5887]" name="tearDown" is-config="true" duration-ms="0" started-at="2016-07-08T18:35:00Z" finished-at="2016-07-08T18:35:00Z">
          <params>
            <param index="0">
              <value>
                <![CDATA[[TestResult name=contribute_page_settings_information_and_support_for_terms_and_conditions_test status=SUCCESS method=ContributePageTestCases.contribute_page_settings_information_and_support_for_terms_and_conditions_test()[pri:11, instance:com.eduven.testcase.ContributePageTestCases@671a5887] output={null}]]]>
              </value>
            </param>
          </params>
          <reporter-output>
          </reporter-output>
        </test-method> <!-- tearDown -->
        <test-method status="PASS" signature="contribute_page_navigate_to_app_sharing_page_test()[pri:12, instance:com.eduven.testcase.ContributePageTestCases@671a5887]" name="contribute_page_navigate_to_app_sharing_page_test" duration-ms="93684" started-at="2016-07-08T18:35:00Z" finished-at="2016-07-08T18:36:33Z">
          <reporter-output>
          </reporter-output>
        </test-method> <!-- contribute_page_navigate_to_app_sharing_page_test -->
        <test-method status="PASS" signature="tearDown(org.testng.ITestResult)[pri:0, instance:com.eduven.testcase.ContributePageTestCases@671a5887]" name="tearDown" is-config="true" duration-ms="0" started-at="2016-07-08T18:36:33Z" finished-at="2016-07-08T18:36:33Z">
          <params>
            <param index="0">
              <value>
                <![CDATA[[TestResult name=contribute_page_navigate_to_app_sharing_page_test status=SUCCESS method=ContributePageTestCases.contribute_page_navigate_to_app_sharing_page_test()[pri:12, instance:com.eduven.testcase.ContributePageTestCases@671a5887] output={null}]]]>
              </value>
            </param>
          </params>
          <reporter-output>
          </reporter-output>
        </test-method> <!-- tearDown -->
        <test-method status="PASS" signature="contribute_page_facebook_login_test()[pri:13, instance:com.eduven.testcase.ContributePageTestCases@671a5887]" name="contribute_page_facebook_login_test" duration-ms="113621" started-at="2016-07-08T18:36:33Z" finished-at="2016-07-08T18:38:27Z">
          <reporter-output>
          </reporter-output>
        </test-method> <!-- contribute_page_facebook_login_test -->
        <test-method status="PASS" signature="tearDown(org.testng.ITestResult)[pri:0, instance:com.eduven.testcase.ContributePageTestCases@671a5887]" name="tearDown" is-config="true" duration-ms="0" started-at="2016-07-08T18:38:27Z" finished-at="2016-07-08T18:38:27Z">
          <params>
            <param index="0">
              <value>
                <![CDATA[[TestResult name=contribute_page_facebook_login_test status=SUCCESS method=ContributePageTestCases.contribute_page_facebook_login_test()[pri:13, instance:com.eduven.testcase.ContributePageTestCases@671a5887] output={null}]]]>
              </value>
            </param>
          </params>
          <reporter-output>
          </reporter-output>
        </test-method> <!-- tearDown -->
        <test-method status="FAIL" signature="contribute_page_select_audience_test()[pri:14, instance:com.eduven.testcase.ContributePageTestCases@671a5887]" name="contribute_page_select_audience_test" duration-ms="61486" started-at="2016-07-08T18:38:27Z" finished-at="2016-07-08T18:39:28Z">
          <exception class="java.lang.IndexOutOfBoundsException">
            <message>
              <![CDATA[Index: 1, Size: 0]]>
            </message>
            <full-stacktrace>
              <![CDATA[java.lang.IndexOutOfBoundsException: Index: 1, Size: 0
	at java.util.ArrayList.rangeCheck(ArrayList.java:653)
	at java.util.ArrayList.get(ArrayList.java:429)
	at com.eduven.modules.Contribute.selectAudience(Contribute.java:634)
	at com.eduven.testcase.ContributePageTestCases.contribute_page_select_audience_test(ContributePageTestCases.java:117)
	at sun.reflect.NativeMethodAccessorImpl.invoke0(Native Method)
	at sun.reflect.NativeMethodAccessorImpl.invoke(NativeMethodAccessorImpl.java:62)
	at sun.reflect.DelegatingMethodAccessorImpl.invoke(DelegatingMethodAccessorImpl.java:43)
	at java.lang.reflect.Method.invoke(Method.java:498)
	at org.testng.internal.MethodInvocationHelper.invokeMethod(MethodInvocationHelper.java:86)
	at org.testng.internal.Invoker.invokeMethod(Invoker.java:645)
	at org.testng.internal.Invoker.invokeTestMethod(Invoker.java:822)
	at org.testng.internal.Invoker.invokeTestMethods(Invoker.java:1130)
	at org.testng.internal.TestMethodWorker.invokeTestMethods(TestMethodWorker.java:129)
	at org.testng.internal.TestMethodWorker.run(TestMethodWorker.java:112)
	at org.testng.TestRunner.privateRun(TestRunner.java:782)
	at org.testng.TestRunner.run(TestRunner.java:632)
	at org.testng.SuiteRunner.runTest(SuiteRunner.java:366)
	at org.testng.SuiteRunner.runSequentially(SuiteRunner.java:361)
	at org.testng.SuiteRunner.privateRun(SuiteRunner.java:319)
	at org.testng.SuiteRunner.run(SuiteRunner.java:268)
	at org.testng.SuiteRunnerWorker.runSuite(SuiteRunnerWorker.java:52)
	at org.testng.SuiteRunnerWorker.run(SuiteRunnerWorker.java:86)
	at org.testng.TestNG.runSuitesSequentially(TestNG.java:1244)
	at org.testng.TestNG.runSuitesLocally(TestNG.java:1169)
	at org.testng.TestNG.run(TestNG.java:1064)
	at com.eduven.utils.RunTestng.main(RunTestng.java:63)
]]>
            </full-stacktrace>
          </exception> <!-- java.lang.IndexOutOfBoundsException -->
          <reporter-output>
          </reporter-output>
        </test-method> <!-- contribute_page_select_audience_test -->
        <test-method status="PASS" signature="tearDown(org.testng.ITestResult)[pri:0, instance:com.eduven.testcase.ContributePageTestCases@671a5887]" name="tearDown" is-config="true" duration-ms="2014" started-at="2016-07-08T18:39:28Z" finished-at="2016-07-08T18:39:31Z">
          <params>
            <param index="0">
              <value>
                <![CDATA[[TestResult name=contribute_page_select_audience_test status=FAILURE method=ContributePageTestCases.contribute_page_select_audience_test()[pri:14, instance:com.eduven.testcase.ContributePageTestCases@671a5887] output={null}]]]>
              </value>
            </param>
          </params>
          <reporter-output>
          </reporter-output>
        </test-method> <!-- tearDown -->
        <test-method status="PASS" signature="contribute_page_facebook_message_sharing_test()[pri:15, instance:com.eduven.testcase.ContributePageTestCases@671a5887]" name="contribute_page_facebook_message_sharing_test" duration-ms="62696" started-at="2016-07-08T18:39:31Z" finished-at="2016-07-08T18:40:33Z">
          <reporter-output>
          </reporter-output>
        </test-method> <!-- contribute_page_facebook_message_sharing_test -->
        <test-method status="PASS" signature="tearDown(org.testng.ITestResult)[pri:0, instance:com.eduven.testcase.ContributePageTestCases@671a5887]" name="tearDown" is-config="true" duration-ms="1" started-at="2016-07-08T18:40:33Z" finished-at="2016-07-08T18:40:33Z">
          <params>
            <param index="0">
              <value>
                <![CDATA[[TestResult name=contribute_page_facebook_message_sharing_test status=SUCCESS method=ContributePageTestCases.contribute_page_facebook_message_sharing_test()[pri:15, instance:com.eduven.testcase.ContributePageTestCases@671a5887] output={null}]]]>
              </value>
            </param>
          </params>
          <reporter-output>
          </reporter-output>
        </test-method> <!-- tearDown -->
        <test-method status="PASS" signature="close_app()[pri:0, instance:com.eduven.testcase.ContributePageTestCases@671a5887]" name="close_app" is-config="true" duration-ms="40456" started-at="2016-07-08T18:40:33Z" finished-at="2016-07-08T18:41:14Z">
          <reporter-output>
          </reporter-output>
        </test-method> <!-- close_app -->
      </class> <!-- com.eduven.testcase.ContributePageTestCases -->
      <class name="com.eduven.testcase.HomePageTestCases">
        <test-method status="PASS" signature="close_flyer_popup_test()[pri:0, instance:com.eduven.testcase.HomePageTestCases@1329eff]" name="close_flyer_popup_test" duration-ms="87470" started-at="2016-07-08T19:16:28Z" finished-at="2016-07-08T19:17:55Z">
          <reporter-output>
          </reporter-output>
        </test-method> <!-- close_flyer_popup_test -->
        <test-method status="PASS" signature="tearDown(org.testng.ITestResult)[pri:0, instance:com.eduven.testcase.HomePageTestCases@1329eff]" name="tearDown" is-config="true" duration-ms="0" started-at="2016-07-08T19:17:55Z" finished-at="2016-07-08T19:17:55Z">
          <params>
            <param index="0">
              <value>
                <![CDATA[[TestResult name=close_flyer_popup_test status=SUCCESS method=HomePageTestCases.close_flyer_popup_test()[pri:0, instance:com.eduven.testcase.HomePageTestCases@1329eff] output={null}]]]>
              </value>
            </param>
          </params>
          <reporter-output>
          </reporter-output>
        </test-method> <!-- tearDown -->
        <test-method status="PASS" signature="verify_home_page_app_header_txt_test()[pri:1, instance:com.eduven.testcase.HomePageTestCases@1329eff]" name="verify_home_page_app_header_txt_test" duration-ms="1446" started-at="2016-07-08T19:17:55Z" finished-at="2016-07-08T19:17:57Z">
          <reporter-output>
          </reporter-output>
        </test-method> <!-- verify_home_page_app_header_txt_test -->
        <test-method status="PASS" signature="tearDown(org.testng.ITestResult)[pri:0, instance:com.eduven.testcase.HomePageTestCases@1329eff]" name="tearDown" is-config="true" duration-ms="0" started-at="2016-07-08T19:17:57Z" finished-at="2016-07-08T19:17:57Z">
          <params>
            <param index="0">
              <value>
                <![CDATA[[TestResult name=verify_home_page_app_header_txt_test status=SUCCESS method=HomePageTestCases.verify_home_page_app_header_txt_test()[pri:1, instance:com.eduven.testcase.HomePageTestCases@1329eff] output={null}]]]>
              </value>
            </param>
          </params>
          <reporter-output>
          </reporter-output>
        </test-method> <!-- tearDown -->
        <test-method status="PASS" signature="home_page_header_txt_test()[pri:2, instance:com.eduven.testcase.HomePageTestCases@1329eff]" name="home_page_header_txt_test" duration-ms="734" started-at="2016-07-08T19:17:57Z" finished-at="2016-07-08T19:17:57Z">
          <reporter-output>
          </reporter-output>
        </test-method> <!-- home_page_header_txt_test -->
        <test-method status="PASS" signature="tearDown(org.testng.ITestResult)[pri:0, instance:com.eduven.testcase.HomePageTestCases@1329eff]" name="tearDown" is-config="true" duration-ms="1" started-at="2016-07-08T19:17:57Z" finished-at="2016-07-08T19:17:57Z">
          <params>
            <param index="0">
              <value>
                <![CDATA[[TestResult name=home_page_header_txt_test status=SUCCESS method=HomePageTestCases.home_page_header_txt_test()[pri:2, instance:com.eduven.testcase.HomePageTestCases@1329eff] output={null}]]]>
              </value>
            </param>
          </params>
          <reporter-output>
          </reporter-output>
        </test-method> <!-- tearDown -->
        <test-method status="PASS" signature="home_page_ev_menu_test()[pri:3, instance:com.eduven.testcase.HomePageTestCases@1329eff]" name="home_page_ev_menu_test" duration-ms="302" started-at="2016-07-08T19:17:57Z" finished-at="2016-07-08T19:17:58Z">
          <reporter-output>
          </reporter-output>
        </test-method> <!-- home_page_ev_menu_test -->
        <test-method status="PASS" signature="tearDown(org.testng.ITestResult)[pri:0, instance:com.eduven.testcase.HomePageTestCases@1329eff]" name="tearDown" is-config="true" duration-ms="1" started-at="2016-07-08T19:17:58Z" finished-at="2016-07-08T19:17:58Z">
          <params>
            <param index="0">
              <value>
                <![CDATA[[TestResult name=home_page_ev_menu_test status=SUCCESS method=HomePageTestCases.home_page_ev_menu_test()[pri:3, instance:com.eduven.testcase.HomePageTestCases@1329eff] output={null}]]]>
              </value>
            </param>
          </params>
          <reporter-output>
          </reporter-output>
        </test-method> <!-- tearDown -->
        <test-method status="PASS" signature="home_page_categories_test()[pri:4, instance:com.eduven.testcase.HomePageTestCases@1329eff]" name="home_page_categories_test" duration-ms="254" started-at="2016-07-08T19:17:58Z" finished-at="2016-07-08T19:17:58Z">
          <reporter-output>
          </reporter-output>
        </test-method> <!-- home_page_categories_test -->
        <test-method status="PASS" signature="tearDown(org.testng.ITestResult)[pri:0, instance:com.eduven.testcase.HomePageTestCases@1329eff]" name="tearDown" is-config="true" duration-ms="0" started-at="2016-07-08T19:17:58Z" finished-at="2016-07-08T19:17:58Z">
          <params>
            <param index="0">
              <value>
                <![CDATA[[TestResult name=home_page_categories_test status=SUCCESS method=HomePageTestCases.home_page_categories_test()[pri:4, instance:com.eduven.testcase.HomePageTestCases@1329eff] output={null}]]]>
              </value>
            </param>
          </params>
          <reporter-output>
          </reporter-output>
        </test-method> <!-- tearDown -->
        <test-method status="PASS" signature="home_page_cities_test()[pri:5, instance:com.eduven.testcase.HomePageTestCases@1329eff]" name="home_page_cities_test" duration-ms="3081" started-at="2016-07-08T19:17:58Z" finished-at="2016-07-08T19:18:01Z">
          <reporter-output>
          </reporter-output>
        </test-method> <!-- home_page_cities_test -->
        <test-method status="PASS" signature="tearDown(org.testng.ITestResult)[pri:0, instance:com.eduven.testcase.HomePageTestCases@1329eff]" name="tearDown" is-config="true" duration-ms="0" started-at="2016-07-08T19:18:01Z" finished-at="2016-07-08T19:18:01Z">
          <params>
            <param index="0">
              <value>
                <![CDATA[[TestResult name=home_page_cities_test status=SUCCESS method=HomePageTestCases.home_page_cities_test()[pri:5, instance:com.eduven.testcase.HomePageTestCases@1329eff] output={null}]]]>
              </value>
            </param>
          </params>
          <reporter-output>
          </reporter-output>
        </test-method> <!-- tearDown -->
        <test-method status="PASS" signature="home_page_evMenu_test()[pri:6, instance:com.eduven.testcase.HomePageTestCases@1329eff]" name="home_page_evMenu_test" duration-ms="150" started-at="2016-07-08T19:18:01Z" finished-at="2016-07-08T19:18:01Z">
          <reporter-output>
          </reporter-output>
        </test-method> <!-- home_page_evMenu_test -->
        <test-method status="PASS" signature="tearDown(org.testng.ITestResult)[pri:0, instance:com.eduven.testcase.HomePageTestCases@1329eff]" name="tearDown" is-config="true" duration-ms="1" started-at="2016-07-08T19:18:01Z" finished-at="2016-07-08T19:18:01Z">
          <params>
            <param index="0">
              <value>
                <![CDATA[[TestResult name=home_page_evMenu_test status=SUCCESS method=HomePageTestCases.home_page_evMenu_test()[pri:6, instance:com.eduven.testcase.HomePageTestCases@1329eff] output={null}]]]>
              </value>
            </param>
          </params>
          <reporter-output>
          </reporter-output>
        </test-method> <!-- tearDown -->
        <test-method status="PASS" signature="close_app()[pri:0, instance:com.eduven.testcase.HomePageTestCases@1329eff]" name="close_app" is-config="true" duration-ms="41650" started-at="2016-07-08T19:18:01Z" finished-at="2016-07-08T19:18:43Z">
          <reporter-output>
          </reporter-output>
        </test-method> <!-- close_app -->
      </class> <!-- com.eduven.testcase.HomePageTestCases -->
      <class name="com.eduven.testcase.NearBySearchPageTestCases">
        <test-method status="PASS" signature="close_flyer_popup_test()[pri:0, instance:com.eduven.testcase.NearBySearchPageTestCases@c03cf28]" name="close_flyer_popup_test" duration-ms="86047" started-at="2016-07-08T19:14:11Z" finished-at="2016-07-08T19:15:37Z">
          <reporter-output>
          </reporter-output>
        </test-method> <!-- close_flyer_popup_test -->
        <test-method status="PASS" signature="tearDown(org.testng.ITestResult)[pri:0, instance:com.eduven.testcase.NearBySearchPageTestCases@c03cf28]" name="tearDown" is-config="true" duration-ms="1" started-at="2016-07-08T19:15:37Z" finished-at="2016-07-08T19:15:37Z">
          <params>
            <param index="0">
              <value>
                <![CDATA[[TestResult name=close_flyer_popup_test status=SUCCESS method=NearBySearchPageTestCases.close_flyer_popup_test()[pri:0, instance:com.eduven.testcase.NearBySearchPageTestCases@c03cf28] output={null}]]]>
              </value>
            </param>
          </params>
          <reporter-output>
          </reporter-output>
        </test-method> <!-- tearDown -->
        <test-method status="PASS" signature="navigate_to_nearBy_page_test()[pri:1, instance:com.eduven.testcase.NearBySearchPageTestCases@c03cf28]" name="navigate_to_nearBy_page_test" duration-ms="4389" started-at="2016-07-08T19:15:37Z" finished-at="2016-07-08T19:15:41Z">
          <reporter-output>
          </reporter-output>
        </test-method> <!-- navigate_to_nearBy_page_test -->
        <test-method status="PASS" signature="tearDown(org.testng.ITestResult)[pri:0, instance:com.eduven.testcase.NearBySearchPageTestCases@c03cf28]" name="tearDown" is-config="true" duration-ms="1" started-at="2016-07-08T19:15:41Z" finished-at="2016-07-08T19:15:41Z">
          <params>
            <param index="0">
              <value>
                <![CDATA[[TestResult name=navigate_to_nearBy_page_test status=SUCCESS method=NearBySearchPageTestCases.navigate_to_nearBy_page_test()[pri:1, instance:com.eduven.testcase.NearBySearchPageTestCases@c03cf28] output={null}]]]>
              </value>
            </param>
          </params>
          <reporter-output>
          </reporter-output>
        </test-method> <!-- tearDown -->
        <test-method status="PASS" signature="nearby_page_verify_button_instances_test()[pri:2, instance:com.eduven.testcase.NearBySearchPageTestCases@c03cf28]" name="nearby_page_verify_button_instances_test" duration-ms="4619" started-at="2016-07-08T19:15:41Z" finished-at="2016-07-08T19:15:46Z">
          <reporter-output>
          </reporter-output>
        </test-method> <!-- nearby_page_verify_button_instances_test -->
        <test-method status="PASS" signature="tearDown(org.testng.ITestResult)[pri:0, instance:com.eduven.testcase.NearBySearchPageTestCases@c03cf28]" name="tearDown" is-config="true" duration-ms="1" started-at="2016-07-08T19:15:46Z" finished-at="2016-07-08T19:15:46Z">
          <params>
            <param index="0">
              <value>
                <![CDATA[[TestResult name=nearby_page_verify_button_instances_test status=SUCCESS method=NearBySearchPageTestCases.nearby_page_verify_button_instances_test()[pri:2, instance:com.eduven.testcase.NearBySearchPageTestCases@c03cf28] output={null}]]]>
              </value>
            </param>
          </params>
          <reporter-output>
          </reporter-output>
        </test-method> <!-- tearDown -->
        <test-method status="PASS" signature="close_app()[pri:0, instance:com.eduven.testcase.NearBySearchPageTestCases@c03cf28]" name="close_app" is-config="true" duration-ms="41784" started-at="2016-07-08T19:15:46Z" finished-at="2016-07-08T19:16:28Z">
          <reporter-output>
          </reporter-output>
        </test-method> <!-- close_app -->
      </class> <!-- com.eduven.testcase.NearBySearchPageTestCases -->
      <class name="com.eduven.testcase.LanguagePhrasesPageTestCases">
        <test-method status="PASS" signature="close_flyer_popup_test()[pri:0, instance:com.eduven.testcase.LanguagePhrasesPageTestCases@8317c52]" name="close_flyer_popup_test" duration-ms="86142" started-at="2016-07-08T20:43:24Z" finished-at="2016-07-08T20:44:50Z">
          <reporter-output>
          </reporter-output>
        </test-method> <!-- close_flyer_popup_test -->
        <test-method status="PASS" signature="tearDown(org.testng.ITestResult)[pri:0, instance:com.eduven.testcase.LanguagePhrasesPageTestCases@8317c52]" name="tearDown" is-config="true" duration-ms="1" started-at="2016-07-08T20:44:50Z" finished-at="2016-07-08T20:44:50Z">
          <params>
            <param index="0">
              <value>
                <![CDATA[[TestResult name=close_flyer_popup_test status=SUCCESS method=LanguagePhrasesPageTestCases.close_flyer_popup_test()[pri:0, instance:com.eduven.testcase.LanguagePhrasesPageTestCases@8317c52] output={null}]]]>
              </value>
            </param>
          </params>
          <reporter-output>
          </reporter-output>
        </test-method> <!-- tearDown -->
        <test-method status="PASS" signature="verify_language_phrases_page_header_test()[pri:1, instance:com.eduven.testcase.LanguagePhrasesPageTestCases@8317c52]" name="verify_language_phrases_page_header_test" duration-ms="147269" started-at="2016-07-08T20:44:50Z" finished-at="2016-07-08T20:47:17Z">
          <reporter-output>
          </reporter-output>
        </test-method> <!-- verify_language_phrases_page_header_test -->
        <test-method status="PASS" signature="tearDown(org.testng.ITestResult)[pri:0, instance:com.eduven.testcase.LanguagePhrasesPageTestCases@8317c52]" name="tearDown" is-config="true" duration-ms="1" started-at="2016-07-08T20:47:17Z" finished-at="2016-07-08T20:47:17Z">
          <params>
            <param index="0">
              <value>
                <![CDATA[[TestResult name=verify_language_phrases_page_header_test status=SUCCESS method=LanguagePhrasesPageTestCases.verify_language_phrases_page_header_test()[pri:1, instance:com.eduven.testcase.LanguagePhrasesPageTestCases@8317c52] output={null}]]]>
              </value>
            </param>
          </params>
          <reporter-output>
          </reporter-output>
        </test-method> <!-- tearDown -->
        <test-method status="PASS" signature="language_phrases_page_entity_test()[pri:2, instance:com.eduven.testcase.LanguagePhrasesPageTestCases@8317c52]" name="language_phrases_page_entity_test" duration-ms="136827" started-at="2016-07-08T20:47:17Z" finished-at="2016-07-08T20:49:34Z">
          <reporter-output>
          </reporter-output>
        </test-method> <!-- language_phrases_page_entity_test -->
        <test-method status="PASS" signature="tearDown(org.testng.ITestResult)[pri:0, instance:com.eduven.testcase.LanguagePhrasesPageTestCases@8317c52]" name="tearDown" is-config="true" duration-ms="0" started-at="2016-07-08T20:49:34Z" finished-at="2016-07-08T20:49:34Z">
          <params>
            <param index="0">
              <value>
                <![CDATA[[TestResult name=language_phrases_page_entity_test status=SUCCESS method=LanguagePhrasesPageTestCases.language_phrases_page_entity_test()[pri:2, instance:com.eduven.testcase.LanguagePhrasesPageTestCases@8317c52] output={null}]]]>
              </value>
            </param>
          </params>
          <reporter-output>
          </reporter-output>
        </test-method> <!-- tearDown -->
        <test-method status="PASS" signature="language_phrase_page_select_random_category_test()[pri:3, instance:com.eduven.testcase.LanguagePhrasesPageTestCases@8317c52]" name="language_phrase_page_select_random_category_test" duration-ms="73712" started-at="2016-07-08T20:49:34Z" finished-at="2016-07-08T20:50:48Z">
          <reporter-output>
          </reporter-output>
        </test-method> <!-- language_phrase_page_select_random_category_test -->
        <test-method status="PASS" signature="tearDown(org.testng.ITestResult)[pri:0, instance:com.eduven.testcase.LanguagePhrasesPageTestCases@8317c52]" name="tearDown" is-config="true" duration-ms="1" started-at="2016-07-08T20:50:48Z" finished-at="2016-07-08T20:50:48Z">
          <params>
            <param index="0">
              <value>
                <![CDATA[[TestResult name=language_phrase_page_select_random_category_test status=SUCCESS method=LanguagePhrasesPageTestCases.language_phrase_page_select_random_category_test()[pri:3, instance:com.eduven.testcase.LanguagePhrasesPageTestCases@8317c52] output={null}]]]>
              </value>
            </param>
          </params>
          <reporter-output>
          </reporter-output>
        </test-method> <!-- tearDown -->
        <test-method status="PASS" signature="language_phrase_page_select_language_from_language_menu_test()[pri:4, instance:com.eduven.testcase.LanguagePhrasesPageTestCases@8317c52]" name="language_phrase_page_select_language_from_language_menu_test" duration-ms="31911" started-at="2016-07-08T20:50:48Z" finished-at="2016-07-08T20:51:20Z">
          <reporter-output>
          </reporter-output>
        </test-method> <!-- language_phrase_page_select_language_from_language_menu_test -->
        <test-method status="PASS" signature="tearDown(org.testng.ITestResult)[pri:0, instance:com.eduven.testcase.LanguagePhrasesPageTestCases@8317c52]" name="tearDown" is-config="true" duration-ms="0" started-at="2016-07-08T20:51:20Z" finished-at="2016-07-08T20:51:20Z">
          <params>
            <param index="0">
              <value>
                <![CDATA[[TestResult name=language_phrase_page_select_language_from_language_menu_test status=SUCCESS method=LanguagePhrasesPageTestCases.language_phrase_page_select_language_from_language_menu_test()[pri:4, instance:com.eduven.testcase.LanguagePhrasesPageTestCases@8317c52] output={null}]]]>
              </value>
            </param>
          </params>
          <reporter-output>
          </reporter-output>
        </test-method> <!-- tearDown -->
        <test-method status="PASS" signature="language_phrases_page_verify_lock_unlock_btn_test()[pri:5, instance:com.eduven.testcase.LanguagePhrasesPageTestCases@8317c52]" name="language_phrases_page_verify_lock_unlock_btn_test" duration-ms="2832" started-at="2016-07-08T20:51:20Z" finished-at="2016-07-08T20:51:23Z">
          <reporter-output>
          </reporter-output>
        </test-method> <!-- language_phrases_page_verify_lock_unlock_btn_test -->
        <test-method status="PASS" signature="tearDown(org.testng.ITestResult)[pri:0, instance:com.eduven.testcase.LanguagePhrasesPageTestCases@8317c52]" name="tearDown" is-config="true" duration-ms="1" started-at="2016-07-08T20:51:23Z" finished-at="2016-07-08T20:51:23Z">
          <params>
            <param index="0">
              <value>
                <![CDATA[[TestResult name=language_phrases_page_verify_lock_unlock_btn_test status=SUCCESS method=LanguagePhrasesPageTestCases.language_phrases_page_verify_lock_unlock_btn_test()[pri:5, instance:com.eduven.testcase.LanguagePhrasesPageTestCases@8317c52] output={null}]]]>
              </value>
            </param>
          </params>
          <reporter-output>
          </reporter-output>
        </test-method> <!-- tearDown -->
        <test-method status="PASS" signature="language_phrase_page_open_first_lock_word()[pri:6, instance:com.eduven.testcase.LanguagePhrasesPageTestCases@8317c52]" name="language_phrase_page_open_first_lock_word" duration-ms="6539" started-at="2016-07-08T20:51:23Z" finished-at="2016-07-08T20:51:29Z">
          <reporter-output>
          </reporter-output>
        </test-method> <!-- language_phrase_page_open_first_lock_word -->
        <test-method status="PASS" signature="close_app()[pri:0, instance:com.eduven.testcase.LanguagePhrasesPageTestCases@8317c52]" name="close_app" is-config="true" duration-ms="48987" started-at="2016-07-08T20:51:29Z" finished-at="2016-07-08T20:52:18Z">
          <reporter-output>
          </reporter-output>
        </test-method> <!-- close_app -->
        <test-method status="PASS" signature="tearDown(org.testng.ITestResult)[pri:0, instance:com.eduven.testcase.LanguagePhrasesPageTestCases@8317c52]" name="tearDown" is-config="true" duration-ms="0" started-at="2016-07-08T20:51:29Z" finished-at="2016-07-08T20:51:29Z">
          <params>
            <param index="0">
              <value>
                <![CDATA[[TestResult name=language_phrase_page_open_first_lock_word status=SUCCESS method=LanguagePhrasesPageTestCases.language_phrase_page_open_first_lock_word()[pri:6, instance:com.eduven.testcase.LanguagePhrasesPageTestCases@8317c52] output={null}]]]>
              </value>
            </param>
          </params>
          <reporter-output>
          </reporter-output>
        </test-method> <!-- tearDown -->
      </class> <!-- com.eduven.testcase.LanguagePhrasesPageTestCases -->
      <class name="com.eduven.testcase.CategoriesPageTestcases">
        <test-method status="PASS" signature="close_flyer_popup_test()[pri:0, instance:com.eduven.testcase.CategoriesPageTestcases@55f616cf]" name="close_flyer_popup_test" duration-ms="85258" started-at="2016-07-08T19:04:26Z" finished-at="2016-07-08T19:05:52Z">
          <reporter-output>
          </reporter-output>
        </test-method> <!-- close_flyer_popup_test -->
        <test-method status="PASS" signature="tearDown(org.testng.ITestResult)[pri:0, instance:com.eduven.testcase.CategoriesPageTestcases@55f616cf]" name="tearDown" is-config="true" duration-ms="0" started-at="2016-07-08T19:05:52Z" finished-at="2016-07-08T19:05:52Z">
          <params>
            <param index="0">
              <value>
                <![CDATA[[TestResult name=close_flyer_popup_test status=SUCCESS method=CategoriesPageTestcases.close_flyer_popup_test()[pri:0, instance:com.eduven.testcase.CategoriesPageTestcases@55f616cf] output={null}]]]>
              </value>
            </param>
          </params>
          <reporter-output>
          </reporter-output>
        </test-method> <!-- tearDown -->
        <test-method status="PASS" signature="verify_category_list_test()[pri:1, instance:com.eduven.testcase.CategoriesPageTestcases@55f616cf]" name="verify_category_list_test" duration-ms="16447" started-at="2016-07-08T19:05:52Z" finished-at="2016-07-08T19:06:08Z">
          <reporter-output>
          </reporter-output>
        </test-method> <!-- verify_category_list_test -->
        <test-method status="PASS" signature="close_app()[pri:0, instance:com.eduven.testcase.CategoriesPageTestcases@55f616cf]" name="close_app" is-config="true" duration-ms="36283" started-at="2016-07-08T19:06:08Z" finished-at="2016-07-08T19:06:44Z">
          <reporter-output>
          </reporter-output>
        </test-method> <!-- close_app -->
        <test-method status="PASS" signature="tearDown(org.testng.ITestResult)[pri:0, instance:com.eduven.testcase.CategoriesPageTestcases@55f616cf]" name="tearDown" is-config="true" duration-ms="0" started-at="2016-07-08T19:06:08Z" finished-at="2016-07-08T19:06:08Z">
          <params>
            <param index="0">
              <value>
                <![CDATA[[TestResult name=verify_category_list_test status=SUCCESS method=CategoriesPageTestcases.verify_category_list_test()[pri:1, instance:com.eduven.testcase.CategoriesPageTestcases@55f616cf] output={null}]]]>
              </value>
            </param>
          </params>
          <reporter-output>
          </reporter-output>
        </test-method> <!-- tearDown -->
      </class> <!-- com.eduven.testcase.CategoriesPageTestcases -->
      <class name="com.eduven.testcase.SpiritualSanctuariesPageTestCases">
        <test-method status="PASS" signature="close_flyer_popup_test()[pri:0, instance:com.eduven.testcase.SpiritualSanctuariesPageTestCases@78ffe6dc]" name="close_flyer_popup_test" duration-ms="86260" started-at="2016-07-08T20:35:47Z" finished-at="2016-07-08T20:37:13Z">
          <reporter-output>
          </reporter-output>
        </test-method> <!-- close_flyer_popup_test -->
        <test-method status="PASS" signature="tearDown(org.testng.ITestResult)[pri:0, instance:com.eduven.testcase.SpiritualSanctuariesPageTestCases@78ffe6dc]" name="tearDown" is-config="true" duration-ms="1" started-at="2016-07-08T20:37:13Z" finished-at="2016-07-08T20:37:13Z">
          <params>
            <param index="0">
              <value>
                <![CDATA[[TestResult name=close_flyer_popup_test status=SUCCESS method=SpiritualSanctuariesPageTestCases.close_flyer_popup_test()[pri:0, instance:com.eduven.testcase.SpiritualSanctuariesPageTestCases@78ffe6dc] output={null}]]]>
              </value>
            </param>
          </params>
          <reporter-output>
          </reporter-output>
        </test-method> <!-- tearDown -->
        <test-method status="PASS" signature="verify_spiritual_sanctuaries_page_header_test()[pri:1, instance:com.eduven.testcase.SpiritualSanctuariesPageTestCases@78ffe6dc]" name="verify_spiritual_sanctuaries_page_header_test" duration-ms="45109" started-at="2016-07-08T20:37:13Z" finished-at="2016-07-08T20:37:58Z">
          <reporter-output>
          </reporter-output>
        </test-method> <!-- verify_spiritual_sanctuaries_page_header_test -->
        <test-method status="PASS" signature="tearDown(org.testng.ITestResult)[pri:0, instance:com.eduven.testcase.SpiritualSanctuariesPageTestCases@78ffe6dc]" name="tearDown" is-config="true" duration-ms="1" started-at="2016-07-08T20:37:58Z" finished-at="2016-07-08T20:37:58Z">
          <params>
            <param index="0">
              <value>
                <![CDATA[[TestResult name=verify_spiritual_sanctuaries_page_header_test status=SUCCESS method=SpiritualSanctuariesPageTestCases.verify_spiritual_sanctuaries_page_header_test()[pri:1, instance:com.eduven.testcase.SpiritualSanctuariesPageTestCases@78ffe6dc] output={null}]]]>
              </value>
            </param>
          </params>
          <reporter-output>
          </reporter-output>
        </test-method> <!-- tearDown -->
        <test-method status="PASS" signature="spiritual_sanctuaries_page_entity_test()[pri:2, instance:com.eduven.testcase.SpiritualSanctuariesPageTestCases@78ffe6dc]" name="spiritual_sanctuaries_page_entity_test" duration-ms="7492" started-at="2016-07-08T20:37:58Z" finished-at="2016-07-08T20:38:05Z">
          <reporter-output>
          </reporter-output>
        </test-method> <!-- spiritual_sanctuaries_page_entity_test -->
        <test-method status="PASS" signature="spiritual_sanctuaries_page_free_entity_test()[pri:3, instance:com.eduven.testcase.SpiritualSanctuariesPageTestCases@78ffe6dc]" name="spiritual_sanctuaries_page_free_entity_test" duration-ms="33085" started-at="2016-07-08T20:38:05Z" finished-at="2016-07-08T20:38:39Z">
          <reporter-output>
          </reporter-output>
        </test-method> <!-- spiritual_sanctuaries_page_free_entity_test -->
        <test-method status="PASS" signature="tearDown(org.testng.ITestResult)[pri:0, instance:com.eduven.testcase.SpiritualSanctuariesPageTestCases@78ffe6dc]" name="tearDown" is-config="true" duration-ms="0" started-at="2016-07-08T20:38:05Z" finished-at="2016-07-08T20:38:05Z">
          <params>
            <param index="0">
              <value>
                <![CDATA[[TestResult name=spiritual_sanctuaries_page_entity_test status=SUCCESS method=SpiritualSanctuariesPageTestCases.spiritual_sanctuaries_page_entity_test()[pri:2, instance:com.eduven.testcase.SpiritualSanctuariesPageTestCases@78ffe6dc] output={null}]]]>
              </value>
            </param>
          </params>
          <reporter-output>
          </reporter-output>
        </test-method> <!-- tearDown -->
        <test-method status="PASS" signature="tearDown(org.testng.ITestResult)[pri:0, instance:com.eduven.testcase.SpiritualSanctuariesPageTestCases@78ffe6dc]" name="tearDown" is-config="true" duration-ms="1" started-at="2016-07-08T20:38:39Z" finished-at="2016-07-08T20:38:39Z">
          <params>
            <param index="0">
              <value>
                <![CDATA[[TestResult name=spiritual_sanctuaries_page_free_entity_test status=SUCCESS method=SpiritualSanctuariesPageTestCases.spiritual_sanctuaries_page_free_entity_test()[pri:3, instance:com.eduven.testcase.SpiritualSanctuariesPageTestCases@78ffe6dc] output={null}]]]>
              </value>
            </param>
          </params>
          <reporter-output>
          </reporter-output>
        </test-method> <!-- tearDown -->
        <test-method status="PASS" signature="spiritual_sanctuaries_page_premium_entity_test()[pri:4, instance:com.eduven.testcase.SpiritualSanctuariesPageTestCases@78ffe6dc]" name="spiritual_sanctuaries_page_premium_entity_test" duration-ms="39056" started-at="2016-07-08T20:38:39Z" finished-at="2016-07-08T20:39:18Z">
          <reporter-output>
          </reporter-output>
        </test-method> <!-- spiritual_sanctuaries_page_premium_entity_test -->
        <test-method status="PASS" signature="tearDown(org.testng.ITestResult)[pri:0, instance:com.eduven.testcase.SpiritualSanctuariesPageTestCases@78ffe6dc]" name="tearDown" is-config="true" duration-ms="0" started-at="2016-07-08T20:39:18Z" finished-at="2016-07-08T20:39:18Z">
          <params>
            <param index="0">
              <value>
                <![CDATA[[TestResult name=spiritual_sanctuaries_page_premium_entity_test status=SUCCESS method=SpiritualSanctuariesPageTestCases.spiritual_sanctuaries_page_premium_entity_test()[pri:4, instance:com.eduven.testcase.SpiritualSanctuariesPageTestCases@78ffe6dc] output={null}]]]>
              </value>
            </param>
          </params>
          <reporter-output>
          </reporter-output>
        </test-method> <!-- tearDown -->
        <test-method status="PASS" signature="spiritual_sanctuaries_page_verify_contribute_entity_test()[pri:5, instance:com.eduven.testcase.SpiritualSanctuariesPageTestCases@78ffe6dc]" name="spiritual_sanctuaries_page_verify_contribute_entity_test" duration-ms="20891" started-at="2016-07-08T20:39:18Z" finished-at="2016-07-08T20:39:38Z">
          <reporter-output>
          </reporter-output>
        </test-method> <!-- spiritual_sanctuaries_page_verify_contribute_entity_test -->
        <test-method status="PASS" signature="tearDown(org.testng.ITestResult)[pri:0, instance:com.eduven.testcase.SpiritualSanctuariesPageTestCases@78ffe6dc]" name="tearDown" is-config="true" duration-ms="0" started-at="2016-07-08T20:39:38Z" finished-at="2016-07-08T20:39:38Z">
          <params>
            <param index="0">
              <value>
                <![CDATA[[TestResult name=spiritual_sanctuaries_page_verify_contribute_entity_test status=SUCCESS method=SpiritualSanctuariesPageTestCases.spiritual_sanctuaries_page_verify_contribute_entity_test()[pri:5, instance:com.eduven.testcase.SpiritualSanctuariesPageTestCases@78ffe6dc] output={null}]]]>
              </value>
            </param>
          </params>
          <reporter-output>
          </reporter-output>
        </test-method> <!-- tearDown -->
        <test-method status="PASS" signature="verify_city_name_and_header_text_inside_term_test()[pri:6, instance:com.eduven.testcase.SpiritualSanctuariesPageTestCases@78ffe6dc]" name="verify_city_name_and_header_text_inside_term_test" duration-ms="176868" started-at="2016-07-08T20:39:38Z" finished-at="2016-07-08T20:42:35Z">
          <reporter-output>
          </reporter-output>
        </test-method> <!-- verify_city_name_and_header_text_inside_term_test -->
        <test-method status="PASS" signature="tearDown(org.testng.ITestResult)[pri:0, instance:com.eduven.testcase.SpiritualSanctuariesPageTestCases@78ffe6dc]" name="tearDown" is-config="true" duration-ms="0" started-at="2016-07-08T20:42:35Z" finished-at="2016-07-08T20:42:35Z">
          <params>
            <param index="0">
              <value>
                <![CDATA[[TestResult name=verify_city_name_and_header_text_inside_term_test status=SUCCESS method=SpiritualSanctuariesPageTestCases.verify_city_name_and_header_text_inside_term_test()[pri:6, instance:com.eduven.testcase.SpiritualSanctuariesPageTestCases@78ffe6dc] output={null}]]]>
              </value>
            </param>
          </params>
          <reporter-output>
          </reporter-output>
        </test-method> <!-- tearDown -->
        <test-method status="PASS" signature="close_app()[pri:0, instance:com.eduven.testcase.SpiritualSanctuariesPageTestCases@78ffe6dc]" name="close_app" is-config="true" duration-ms="48624" started-at="2016-07-08T20:42:35Z" finished-at="2016-07-08T20:43:24Z">
          <reporter-output>
          </reporter-output>
        </test-method> <!-- close_app -->
      </class> <!-- com.eduven.testcase.SpiritualSanctuariesPageTestCases -->
      <class name="com.eduven.testcase.ArtAficionadosPageTestCases">
        <test-method status="PASS" signature="close_flyer_popup_test()[pri:0, instance:com.eduven.testcase.ArtAficionadosPageTestCases@3c947bc5]" name="close_flyer_popup_test" duration-ms="85725" started-at="2016-07-08T18:51:01Z" finished-at="2016-07-08T18:52:27Z">
          <reporter-output>
          </reporter-output>
        </test-method> <!-- close_flyer_popup_test -->
        <test-method status="PASS" signature="tearDown(org.testng.ITestResult)[pri:0, instance:com.eduven.testcase.ArtAficionadosPageTestCases@3c947bc5]" name="tearDown" is-config="true" duration-ms="1" started-at="2016-07-08T18:52:27Z" finished-at="2016-07-08T18:52:27Z">
          <params>
            <param index="0">
              <value>
                <![CDATA[[TestResult name=close_flyer_popup_test status=SUCCESS method=ArtAficionadosPageTestCases.close_flyer_popup_test()[pri:0, instance:com.eduven.testcase.ArtAficionadosPageTestCases@3c947bc5] output={null}]]]>
              </value>
            </param>
          </params>
          <reporter-output>
          </reporter-output>
        </test-method> <!-- tearDown -->
        <test-method status="PASS" signature="verify_art_aficionados_page_header_test()[pri:1, instance:com.eduven.testcase.ArtAficionadosPageTestCases@3c947bc5]" name="verify_art_aficionados_page_header_test" duration-ms="14749" started-at="2016-07-08T18:52:27Z" finished-at="2016-07-08T18:52:41Z">
          <reporter-output>
          </reporter-output>
        </test-method> <!-- verify_art_aficionados_page_header_test -->
        <test-method status="PASS" signature="tearDown(org.testng.ITestResult)[pri:0, instance:com.eduven.testcase.ArtAficionadosPageTestCases@3c947bc5]" name="tearDown" is-config="true" duration-ms="1" started-at="2016-07-08T18:52:41Z" finished-at="2016-07-08T18:52:41Z">
          <params>
            <param index="0">
              <value>
                <![CDATA[[TestResult name=verify_art_aficionados_page_header_test status=SUCCESS method=ArtAficionadosPageTestCases.verify_art_aficionados_page_header_test()[pri:1, instance:com.eduven.testcase.ArtAficionadosPageTestCases@3c947bc5] output={null}]]]>
              </value>
            </param>
          </params>
          <reporter-output>
          </reporter-output>
        </test-method> <!-- tearDown -->
        <test-method status="PASS" signature="verify_sub_category_list_test()[pri:2, instance:com.eduven.testcase.ArtAficionadosPageTestCases@3c947bc5]" name="verify_sub_category_list_test" duration-ms="10922" started-at="2016-07-08T18:52:41Z" finished-at="2016-07-08T18:52:52Z">
          <reporter-output>
          </reporter-output>
        </test-method> <!-- verify_sub_category_list_test -->
        <test-method status="PASS" signature="tearDown(org.testng.ITestResult)[pri:0, instance:com.eduven.testcase.ArtAficionadosPageTestCases@3c947bc5]" name="tearDown" is-config="true" duration-ms="0" started-at="2016-07-08T18:52:52Z" finished-at="2016-07-08T18:52:52Z">
          <params>
            <param index="0">
              <value>
                <![CDATA[[TestResult name=verify_sub_category_list_test status=SUCCESS method=ArtAficionadosPageTestCases.verify_sub_category_list_test()[pri:2, instance:com.eduven.testcase.ArtAficionadosPageTestCases@3c947bc5] output={null}]]]>
              </value>
            </param>
          </params>
          <reporter-output>
          </reporter-output>
        </test-method> <!-- tearDown -->
        <test-method status="PASS" signature="art_aficionados_page_free_entity_test()[pri:3, instance:com.eduven.testcase.ArtAficionadosPageTestCases@3c947bc5]" name="art_aficionados_page_free_entity_test" duration-ms="35808" started-at="2016-07-08T18:52:52Z" finished-at="2016-07-08T18:53:28Z">
          <reporter-output>
          </reporter-output>
        </test-method> <!-- art_aficionados_page_free_entity_test -->
        <test-method status="PASS" signature="tearDown(org.testng.ITestResult)[pri:0, instance:com.eduven.testcase.ArtAficionadosPageTestCases@3c947bc5]" name="tearDown" is-config="true" duration-ms="1" started-at="2016-07-08T18:53:28Z" finished-at="2016-07-08T18:53:28Z">
          <params>
            <param index="0">
              <value>
                <![CDATA[[TestResult name=art_aficionados_page_free_entity_test status=SUCCESS method=ArtAficionadosPageTestCases.art_aficionados_page_free_entity_test()[pri:3, instance:com.eduven.testcase.ArtAficionadosPageTestCases@3c947bc5] output={null}]]]>
              </value>
            </param>
          </params>
          <reporter-output>
          </reporter-output>
        </test-method> <!-- tearDown -->
        <test-method status="PASS" signature="art_aficionados_page_premium_entity_test()[pri:4, instance:com.eduven.testcase.ArtAficionadosPageTestCases@3c947bc5]" name="art_aficionados_page_premium_entity_test" duration-ms="44734" started-at="2016-07-08T18:53:28Z" finished-at="2016-07-08T18:54:13Z">
          <reporter-output>
          </reporter-output>
        </test-method> <!-- art_aficionados_page_premium_entity_test -->
        <test-method status="PASS" signature="tearDown(org.testng.ITestResult)[pri:0, instance:com.eduven.testcase.ArtAficionadosPageTestCases@3c947bc5]" name="tearDown" is-config="true" duration-ms="0" started-at="2016-07-08T18:54:13Z" finished-at="2016-07-08T18:54:13Z">
          <params>
            <param index="0">
              <value>
                <![CDATA[[TestResult name=art_aficionados_page_premium_entity_test status=SUCCESS method=ArtAficionadosPageTestCases.art_aficionados_page_premium_entity_test()[pri:4, instance:com.eduven.testcase.ArtAficionadosPageTestCases@3c947bc5] output={null}]]]>
              </value>
            </param>
          </params>
          <reporter-output>
          </reporter-output>
        </test-method> <!-- tearDown -->
        <test-method status="PASS" signature="art_aficionados_page_verify_contribute_entity()[pri:5, instance:com.eduven.testcase.ArtAficionadosPageTestCases@3c947bc5]" name="art_aficionados_page_verify_contribute_entity" duration-ms="14920" started-at="2016-07-08T18:54:13Z" finished-at="2016-07-08T18:54:28Z">
          <reporter-output>
          </reporter-output>
        </test-method> <!-- art_aficionados_page_verify_contribute_entity -->
        <test-method status="PASS" signature="tearDown(org.testng.ITestResult)[pri:0, instance:com.eduven.testcase.ArtAficionadosPageTestCases@3c947bc5]" name="tearDown" is-config="true" duration-ms="1" started-at="2016-07-08T18:54:28Z" finished-at="2016-07-08T18:54:28Z">
          <params>
            <param index="0">
              <value>
                <![CDATA[[TestResult name=art_aficionados_page_verify_contribute_entity status=SUCCESS method=ArtAficionadosPageTestCases.art_aficionados_page_verify_contribute_entity()[pri:5, instance:com.eduven.testcase.ArtAficionadosPageTestCases@3c947bc5] output={null}]]]>
              </value>
            </param>
          </params>
          <reporter-output>
          </reporter-output>
        </test-method> <!-- tearDown -->
        <test-method status="FAIL" signature="search_with_special_character_and_others_test()[pri:6, instance:com.eduven.testcase.ArtAficionadosPageTestCases@3c947bc5]" name="search_with_special_character_and_others_test" duration-ms="15685" started-at="2016-07-08T18:54:28Z" finished-at="2016-07-08T18:54:43Z">
          <exception class="java.lang.AssertionError">
            <message>
              <![CDATA[Error Message!!Search Term not matched with search one. expected [national film and television institute] but found [add]]]>
            </message>
            <full-stacktrace>
              <![CDATA[java.lang.AssertionError: Error Message!!Search Term not matched with search one. expected [national film and television institute] but found [add]
	at org.testng.Assert.fail(Assert.java:94)
	at org.testng.Assert.failNotEquals(Assert.java:513)
	at org.testng.Assert.assertEqualsImpl(Assert.java:135)
	at org.testng.Assert.assertEquals(Assert.java:116)
	at org.testng.Assert.assertEquals(Assert.java:190)
	at com.eduven.utils.Reusables.verifyEqualMessage(Reusables.java:875)
	at com.eduven.modules.Search.verifySearchWord(Search.java:43)
	at com.eduven.testcase.ArtAficionadosPageTestCases.search_with_special_character_and_others_test(ArtAficionadosPageTestCases.java:71)
	at sun.reflect.NativeMethodAccessorImpl.invoke0(Native Method)
	at sun.reflect.NativeMethodAccessorImpl.invoke(NativeMethodAccessorImpl.java:62)
	at sun.reflect.DelegatingMethodAccessorImpl.invoke(DelegatingMethodAccessorImpl.java:43)
	at java.lang.reflect.Method.invoke(Method.java:498)
	at org.testng.internal.MethodInvocationHelper.invokeMethod(MethodInvocationHelper.java:86)
	at org.testng.internal.Invoker.invokeMethod(Invoker.java:645)
	at org.testng.internal.Invoker.invokeTestMethod(Invoker.java:822)
	at org.testng.internal.Invoker.invokeTestMethods(Invoker.java:1130)
	at org.testng.internal.TestMethodWorker.invokeTestMethods(TestMethodWorker.java:129)
	at org.testng.internal.TestMethodWorker.run(TestMethodWorker.java:112)
	at org.testng.TestRunner.privateRun(TestRunner.java:782)
	at org.testng.TestRunner.run(TestRunner.java:632)
	at org.testng.SuiteRunner.runTest(SuiteRunner.java:366)
	at org.testng.SuiteRunner.runSequentially(SuiteRunner.java:361)
	at org.testng.SuiteRunner.privateRun(SuiteRunner.java:319)
	at org.testng.SuiteRunner.run(SuiteRunner.java:268)
	at org.testng.SuiteRunnerWorker.runSuite(SuiteRunnerWorker.java:52)
	at org.testng.SuiteRunnerWorker.run(SuiteRunnerWorker.java:86)
	at org.testng.TestNG.runSuitesSequentially(TestNG.java:1244)
	at org.testng.TestNG.runSuitesLocally(TestNG.java:1169)
	at org.testng.TestNG.run(TestNG.java:1064)
	at com.eduven.utils.RunTestng.main(RunTestng.java:63)
]]>
            </full-stacktrace>
          </exception> <!-- java.lang.AssertionError -->
          <reporter-output>
          </reporter-output>
        </test-method> <!-- search_with_special_character_and_others_test -->
        <test-method status="PASS" signature="tearDown(org.testng.ITestResult)[pri:0, instance:com.eduven.testcase.ArtAficionadosPageTestCases@3c947bc5]" name="tearDown" is-config="true" duration-ms="2041" started-at="2016-07-08T18:54:43Z" finished-at="2016-07-08T18:54:45Z">
          <params>
            <param index="0">
              <value>
                <![CDATA[[TestResult name=search_with_special_character_and_others_test status=FAILURE method=ArtAficionadosPageTestCases.search_with_special_character_and_others_test()[pri:6, instance:com.eduven.testcase.ArtAficionadosPageTestCases@3c947bc5] output={null}]]]>
              </value>
            </param>
          </params>
          <reporter-output>
          </reporter-output>
        </test-method> <!-- tearDown -->
        <test-method status="PASS" signature="verify_city_name_and_header_text_inside_term_test()[pri:7, instance:com.eduven.testcase.ArtAficionadosPageTestCases@3c947bc5]" name="verify_city_name_and_header_text_inside_term_test" duration-ms="205391" started-at="2016-07-08T18:54:45Z" finished-at="2016-07-08T18:58:11Z">
          <reporter-output>
          </reporter-output>
        </test-method> <!-- verify_city_name_and_header_text_inside_term_test -->
        <test-method status="PASS" signature="tearDown(org.testng.ITestResult)[pri:0, instance:com.eduven.testcase.ArtAficionadosPageTestCases@3c947bc5]" name="tearDown" is-config="true" duration-ms="1" started-at="2016-07-08T18:58:11Z" finished-at="2016-07-08T18:58:11Z">
          <params>
            <param index="0">
              <value>
                <![CDATA[[TestResult name=verify_city_name_and_header_text_inside_term_test status=SUCCESS method=ArtAficionadosPageTestCases.verify_city_name_and_header_text_inside_term_test()[pri:7, instance:com.eduven.testcase.ArtAficionadosPageTestCases@3c947bc5] output={null}]]]>
              </value>
            </param>
          </params>
          <reporter-output>
          </reporter-output>
        </test-method> <!-- tearDown -->
        <test-method status="PASS" signature="close_app()[pri:0, instance:com.eduven.testcase.ArtAficionadosPageTestCases@3c947bc5]" name="close_app" is-config="true" duration-ms="47500" started-at="2016-07-08T18:58:11Z" finished-at="2016-07-08T18:58:58Z">
          <reporter-output>
          </reporter-output>
        </test-method> <!-- close_app -->
      </class> <!-- com.eduven.testcase.ArtAficionadosPageTestCases -->
      <class name="com.eduven.testcase.MoviesPageTestCases">
        <test-method status="PASS" signature="close_flyer_popup_test()[pri:0, instance:com.eduven.testcase.MoviesPageTestCases@609db43b]" name="close_flyer_popup_test" duration-ms="85397" started-at="2016-07-08T18:58:58Z" finished-at="2016-07-08T19:00:24Z">
          <reporter-output>
          </reporter-output>
        </test-method> <!-- close_flyer_popup_test -->
        <test-method status="PASS" signature="tearDown(org.testng.ITestResult)[pri:0, instance:com.eduven.testcase.MoviesPageTestCases@609db43b]" name="tearDown" is-config="true" duration-ms="0" started-at="2016-07-08T19:00:24Z" finished-at="2016-07-08T19:00:24Z">
          <params>
            <param index="0">
              <value>
                <![CDATA[[TestResult name=close_flyer_popup_test status=SUCCESS method=MoviesPageTestCases.close_flyer_popup_test()[pri:0, instance:com.eduven.testcase.MoviesPageTestCases@609db43b] output={null}]]]>
              </value>
            </param>
          </params>
          <reporter-output>
          </reporter-output>
        </test-method> <!-- tearDown -->
        <test-method status="PASS" signature="verify_movies_page_header_test()[pri:1, instance:com.eduven.testcase.MoviesPageTestCases@609db43b]" name="verify_movies_page_header_test" duration-ms="109387" started-at="2016-07-08T19:00:24Z" finished-at="2016-07-08T19:02:13Z">
          <reporter-output>
          </reporter-output>
        </test-method> <!-- verify_movies_page_header_test -->
        <test-method status="PASS" signature="tearDown(org.testng.ITestResult)[pri:0, instance:com.eduven.testcase.MoviesPageTestCases@609db43b]" name="tearDown" is-config="true" duration-ms="0" started-at="2016-07-08T19:02:13Z" finished-at="2016-07-08T19:02:13Z">
          <params>
            <param index="0">
              <value>
                <![CDATA[[TestResult name=verify_movies_page_header_test status=SUCCESS method=MoviesPageTestCases.verify_movies_page_header_test()[pri:1, instance:com.eduven.testcase.MoviesPageTestCases@609db43b] output={null}]]]>
              </value>
            </param>
          </params>
          <reporter-output>
          </reporter-output>
        </test-method> <!-- tearDown -->
        <test-method status="PASS" signature="movies_page_entity_test()[pri:2, instance:com.eduven.testcase.MoviesPageTestCases@609db43b]" name="movies_page_entity_test" duration-ms="9196" started-at="2016-07-08T19:02:13Z" finished-at="2016-07-08T19:02:22Z">
          <reporter-output>
          </reporter-output>
        </test-method> <!-- movies_page_entity_test -->
        <test-method status="PASS" signature="tearDown(org.testng.ITestResult)[pri:0, instance:com.eduven.testcase.MoviesPageTestCases@609db43b]" name="tearDown" is-config="true" duration-ms="0" started-at="2016-07-08T19:02:22Z" finished-at="2016-07-08T19:02:22Z">
          <params>
            <param index="0">
              <value>
                <![CDATA[[TestResult name=movies_page_entity_test status=SUCCESS method=MoviesPageTestCases.movies_page_entity_test()[pri:2, instance:com.eduven.testcase.MoviesPageTestCases@609db43b] output={null}]]]>
              </value>
            </param>
          </params>
          <reporter-output>
          </reporter-output>
        </test-method> <!-- tearDown -->
        <test-method status="PASS" signature="movies_page_free_entity_test()[pri:3, instance:com.eduven.testcase.MoviesPageTestCases@609db43b]" name="movies_page_free_entity_test" duration-ms="29714" started-at="2016-07-08T19:02:22Z" finished-at="2016-07-08T19:02:52Z">
          <reporter-output>
          </reporter-output>
        </test-method> <!-- movies_page_free_entity_test -->
        <test-method status="PASS" signature="tearDown(org.testng.ITestResult)[pri:0, instance:com.eduven.testcase.MoviesPageTestCases@609db43b]" name="tearDown" is-config="true" duration-ms="0" started-at="2016-07-08T19:02:52Z" finished-at="2016-07-08T19:02:52Z">
          <params>
            <param index="0">
              <value>
                <![CDATA[[TestResult name=movies_page_free_entity_test status=SUCCESS method=MoviesPageTestCases.movies_page_free_entity_test()[pri:3, instance:com.eduven.testcase.MoviesPageTestCases@609db43b] output={null}]]]>
              </value>
            </param>
          </params>
          <reporter-output>
          </reporter-output>
        </test-method> <!-- tearDown -->
        <test-method status="PASS" signature="movies_page_premium_entity_test()[pri:4, instance:com.eduven.testcase.MoviesPageTestCases@609db43b]" name="movies_page_premium_entity_test" duration-ms="37273" started-at="2016-07-08T19:02:52Z" finished-at="2016-07-08T19:03:29Z">
          <reporter-output>
          </reporter-output>
        </test-method> <!-- movies_page_premium_entity_test -->
        <test-method status="PASS" signature="tearDown(org.testng.ITestResult)[pri:0, instance:com.eduven.testcase.MoviesPageTestCases@609db43b]" name="tearDown" is-config="true" duration-ms="0" started-at="2016-07-08T19:03:29Z" finished-at="2016-07-08T19:03:29Z">
          <params>
            <param index="0">
              <value>
                <![CDATA[[TestResult name=movies_page_premium_entity_test status=SUCCESS method=MoviesPageTestCases.movies_page_premium_entity_test()[pri:4, instance:com.eduven.testcase.MoviesPageTestCases@609db43b] output={null}]]]>
              </value>
            </param>
          </params>
          <reporter-output>
          </reporter-output>
        </test-method> <!-- tearDown -->
        <test-method status="PASS" signature="movies_page_verify_contribute_entity_test()[pri:5, instance:com.eduven.testcase.MoviesPageTestCases@609db43b]" name="movies_page_verify_contribute_entity_test" duration-ms="14235" started-at="2016-07-08T19:03:29Z" finished-at="2016-07-08T19:03:43Z">
          <reporter-output>
          </reporter-output>
        </test-method> <!-- movies_page_verify_contribute_entity_test -->
        <test-method status="PASS" signature="close_app()[pri:0, instance:com.eduven.testcase.MoviesPageTestCases@609db43b]" name="close_app" is-config="true" duration-ms="42866" started-at="2016-07-08T19:03:43Z" finished-at="2016-07-08T19:04:26Z">
          <reporter-output>
          </reporter-output>
        </test-method> <!-- close_app -->
        <test-method status="PASS" signature="tearDown(org.testng.ITestResult)[pri:0, instance:com.eduven.testcase.MoviesPageTestCases@609db43b]" name="tearDown" is-config="true" duration-ms="0" started-at="2016-07-08T19:03:43Z" finished-at="2016-07-08T19:03:43Z">
          <params>
            <param index="0">
              <value>
                <![CDATA[[TestResult name=movies_page_verify_contribute_entity_test status=SUCCESS method=MoviesPageTestCases.movies_page_verify_contribute_entity_test()[pri:5, instance:com.eduven.testcase.MoviesPageTestCases@609db43b] output={null}]]]>
              </value>
            </param>
          </params>
          <reporter-output>
          </reporter-output>
        </test-method> <!-- tearDown -->
      </class> <!-- com.eduven.testcase.MoviesPageTestCases -->
      <class name="com.eduven.testcase.NatureNomadsPageTestCases">
        <test-method status="PASS" signature="close_flyer_popup_test()[pri:0, instance:com.eduven.testcase.NatureNomadsPageTestCases@1fb700ee]" name="close_flyer_popup_test" duration-ms="84893" started-at="2016-07-08T20:12:12Z" finished-at="2016-07-08T20:13:37Z">
          <reporter-output>
          </reporter-output>
        </test-method> <!-- close_flyer_popup_test -->
        <test-method status="PASS" signature="tearDown(org.testng.ITestResult)[pri:0, instance:com.eduven.testcase.NatureNomadsPageTestCases@1fb700ee]" name="tearDown" is-config="true" duration-ms="0" started-at="2016-07-08T20:13:37Z" finished-at="2016-07-08T20:13:37Z">
          <params>
            <param index="0">
              <value>
                <![CDATA[[TestResult name=close_flyer_popup_test status=SUCCESS method=NatureNomadsPageTestCases.close_flyer_popup_test()[pri:0, instance:com.eduven.testcase.NatureNomadsPageTestCases@1fb700ee] output={null}]]]>
              </value>
            </param>
          </params>
          <reporter-output>
          </reporter-output>
        </test-method> <!-- tearDown -->
        <test-method status="PASS" signature="verify_nature_nomads_page_header_test()[pri:1, instance:com.eduven.testcase.NatureNomadsPageTestCases@1fb700ee]" name="verify_nature_nomads_page_header_test" duration-ms="26403" started-at="2016-07-08T20:13:37Z" finished-at="2016-07-08T20:14:03Z">
          <reporter-output>
          </reporter-output>
        </test-method> <!-- verify_nature_nomads_page_header_test -->
        <test-method status="PASS" signature="tearDown(org.testng.ITestResult)[pri:0, instance:com.eduven.testcase.NatureNomadsPageTestCases@1fb700ee]" name="tearDown" is-config="true" duration-ms="0" started-at="2016-07-08T20:14:03Z" finished-at="2016-07-08T20:14:03Z">
          <params>
            <param index="0">
              <value>
                <![CDATA[[TestResult name=verify_nature_nomads_page_header_test status=SUCCESS method=NatureNomadsPageTestCases.verify_nature_nomads_page_header_test()[pri:1, instance:com.eduven.testcase.NatureNomadsPageTestCases@1fb700ee] output={null}]]]>
              </value>
            </param>
          </params>
          <reporter-output>
          </reporter-output>
        </test-method> <!-- tearDown -->
        <test-method status="PASS" signature="nature_nomads_page_entity_test()[pri:2, instance:com.eduven.testcase.NatureNomadsPageTestCases@1fb700ee]" name="nature_nomads_page_entity_test" duration-ms="12831" started-at="2016-07-08T20:14:03Z" finished-at="2016-07-08T20:14:16Z">
          <reporter-output>
          </reporter-output>
        </test-method> <!-- nature_nomads_page_entity_test -->
        <test-method status="PASS" signature="tearDown(org.testng.ITestResult)[pri:0, instance:com.eduven.testcase.NatureNomadsPageTestCases@1fb700ee]" name="tearDown" is-config="true" duration-ms="0" started-at="2016-07-08T20:14:16Z" finished-at="2016-07-08T20:14:16Z">
          <params>
            <param index="0">
              <value>
                <![CDATA[[TestResult name=nature_nomads_page_entity_test status=SUCCESS method=NatureNomadsPageTestCases.nature_nomads_page_entity_test()[pri:2, instance:com.eduven.testcase.NatureNomadsPageTestCases@1fb700ee] output={null}]]]>
              </value>
            </param>
          </params>
          <reporter-output>
          </reporter-output>
        </test-method> <!-- tearDown -->
        <test-method status="PASS" signature="nature_nomads_page_free_entity_test()[pri:3, instance:com.eduven.testcase.NatureNomadsPageTestCases@1fb700ee]" name="nature_nomads_page_free_entity_test" duration-ms="76098" started-at="2016-07-08T20:14:16Z" finished-at="2016-07-08T20:15:32Z">
          <reporter-output>
          </reporter-output>
        </test-method> <!-- nature_nomads_page_free_entity_test -->
        <test-method status="PASS" signature="tearDown(org.testng.ITestResult)[pri:0, instance:com.eduven.testcase.NatureNomadsPageTestCases@1fb700ee]" name="tearDown" is-config="true" duration-ms="0" started-at="2016-07-08T20:15:32Z" finished-at="2016-07-08T20:15:32Z">
          <params>
            <param index="0">
              <value>
                <![CDATA[[TestResult name=nature_nomads_page_free_entity_test status=SUCCESS method=NatureNomadsPageTestCases.nature_nomads_page_free_entity_test()[pri:3, instance:com.eduven.testcase.NatureNomadsPageTestCases@1fb700ee] output={null}]]]>
              </value>
            </param>
          </params>
          <reporter-output>
          </reporter-output>
        </test-method> <!-- tearDown -->
        <test-method status="PASS" signature="nature_nomads_page_premium_entity_test()[pri:4, instance:com.eduven.testcase.NatureNomadsPageTestCases@1fb700ee]" name="nature_nomads_page_premium_entity_test" duration-ms="40157" started-at="2016-07-08T20:15:32Z" finished-at="2016-07-08T20:16:12Z">
          <reporter-output>
          </reporter-output>
        </test-method> <!-- nature_nomads_page_premium_entity_test -->
        <test-method status="PASS" signature="tearDown(org.testng.ITestResult)[pri:0, instance:com.eduven.testcase.NatureNomadsPageTestCases@1fb700ee]" name="tearDown" is-config="true" duration-ms="1" started-at="2016-07-08T20:16:12Z" finished-at="2016-07-08T20:16:12Z">
          <params>
            <param index="0">
              <value>
                <![CDATA[[TestResult name=nature_nomads_page_premium_entity_test status=SUCCESS method=NatureNomadsPageTestCases.nature_nomads_page_premium_entity_test()[pri:4, instance:com.eduven.testcase.NatureNomadsPageTestCases@1fb700ee] output={null}]]]>
              </value>
            </param>
          </params>
          <reporter-output>
          </reporter-output>
        </test-method> <!-- tearDown -->
        <test-method status="PASS" signature="nature_nomads_page_verify_contribute_entity_test()[pri:5, instance:com.eduven.testcase.NatureNomadsPageTestCases@1fb700ee]" name="nature_nomads_page_verify_contribute_entity_test" duration-ms="11184" started-at="2016-07-08T20:16:12Z" finished-at="2016-07-08T20:16:24Z">
          <reporter-output>
          </reporter-output>
        </test-method> <!-- nature_nomads_page_verify_contribute_entity_test -->
        <test-method status="PASS" signature="tearDown(org.testng.ITestResult)[pri:0, instance:com.eduven.testcase.NatureNomadsPageTestCases@1fb700ee]" name="tearDown" is-config="true" duration-ms="0" started-at="2016-07-08T20:16:24Z" finished-at="2016-07-08T20:16:24Z">
          <params>
            <param index="0">
              <value>
                <![CDATA[[TestResult name=nature_nomads_page_verify_contribute_entity_test status=SUCCESS method=NatureNomadsPageTestCases.nature_nomads_page_verify_contribute_entity_test()[pri:5, instance:com.eduven.testcase.NatureNomadsPageTestCases@1fb700ee] output={null}]]]>
              </value>
            </param>
          </params>
          <reporter-output>
          </reporter-output>
        </test-method> <!-- tearDown -->
        <test-method status="PASS" signature="verify_city_name_and_header_text_inside_term_test()[pri:6, instance:com.eduven.testcase.NatureNomadsPageTestCases@1fb700ee]" name="verify_city_name_and_header_text_inside_term_test" duration-ms="138892" started-at="2016-07-08T20:16:24Z" finished-at="2016-07-08T20:18:43Z">
          <reporter-output>
          </reporter-output>
        </test-method> <!-- verify_city_name_and_header_text_inside_term_test -->
        <test-method status="PASS" signature="close_app()[pri:0, instance:com.eduven.testcase.NatureNomadsPageTestCases@1fb700ee]" name="close_app" is-config="true" duration-ms="51972" started-at="2016-07-08T20:18:43Z" finished-at="2016-07-08T20:19:35Z">
          <reporter-output>
          </reporter-output>
        </test-method> <!-- close_app -->
        <test-method status="PASS" signature="tearDown(org.testng.ITestResult)[pri:0, instance:com.eduven.testcase.NatureNomadsPageTestCases@1fb700ee]" name="tearDown" is-config="true" duration-ms="0" started-at="2016-07-08T20:18:43Z" finished-at="2016-07-08T20:18:43Z">
          <params>
            <param index="0">
              <value>
                <![CDATA[[TestResult name=verify_city_name_and_header_text_inside_term_test status=SUCCESS method=NatureNomadsPageTestCases.verify_city_name_and_header_text_inside_term_test()[pri:6, instance:com.eduven.testcase.NatureNomadsPageTestCases@1fb700ee] output={null}]]]>
              </value>
            </param>
          </params>
          <reporter-output>
          </reporter-output>
        </test-method> <!-- tearDown -->
      </class> <!-- com.eduven.testcase.NatureNomadsPageTestCases -->
      <class name="com.eduven.testcase.HistoricalHangoutsPageTestCases">
        <test-method status="PASS" signature="close_flyer_popup_test()[pri:0, instance:com.eduven.testcase.HistoricalHangoutsPageTestCases@87a85e1]" name="close_flyer_popup_test" duration-ms="125144" started-at="2016-07-08T18:20:02Z" finished-at="2016-07-08T18:22:07Z">
          <reporter-output>
          </reporter-output>
        </test-method> <!-- close_flyer_popup_test -->
        <test-method status="PASS" signature="tearDown(org.testng.ITestResult)[pri:0, instance:com.eduven.testcase.HistoricalHangoutsPageTestCases@87a85e1]" name="tearDown" is-config="true" duration-ms="2" started-at="2016-07-08T18:22:07Z" finished-at="2016-07-08T18:22:07Z">
          <params>
            <param index="0">
              <value>
                <![CDATA[[TestResult name=close_flyer_popup_test status=SUCCESS method=HistoricalHangoutsPageTestCases.close_flyer_popup_test()[pri:0, instance:com.eduven.testcase.HistoricalHangoutsPageTestCases@87a85e1] output={null}]]]>
              </value>
            </param>
          </params>
          <reporter-output>
          </reporter-output>
        </test-method> <!-- tearDown -->
        <test-method status="PASS" signature="verify_historical_hangout_page_header_test()[pri:1, instance:com.eduven.testcase.HistoricalHangoutsPageTestCases@87a85e1]" name="verify_historical_hangout_page_header_test" duration-ms="13261" started-at="2016-07-08T18:22:07Z" finished-at="2016-07-08T18:22:20Z">
          <reporter-output>
          </reporter-output>
        </test-method> <!-- verify_historical_hangout_page_header_test -->
        <test-method status="PASS" signature="tearDown(org.testng.ITestResult)[pri:0, instance:com.eduven.testcase.HistoricalHangoutsPageTestCases@87a85e1]" name="tearDown" is-config="true" duration-ms="0" started-at="2016-07-08T18:22:20Z" finished-at="2016-07-08T18:22:20Z">
          <params>
            <param index="0">
              <value>
                <![CDATA[[TestResult name=verify_historical_hangout_page_header_test status=SUCCESS method=HistoricalHangoutsPageTestCases.verify_historical_hangout_page_header_test()[pri:1, instance:com.eduven.testcase.HistoricalHangoutsPageTestCases@87a85e1] output={null}]]]>
              </value>
            </param>
          </params>
          <reporter-output>
          </reporter-output>
        </test-method> <!-- tearDown -->
        <test-method status="PASS" signature="historical_hangout_page_entity_test()[pri:2, instance:com.eduven.testcase.HistoricalHangoutsPageTestCases@87a85e1]" name="historical_hangout_page_entity_test" duration-ms="16189" started-at="2016-07-08T18:22:20Z" finished-at="2016-07-08T18:22:37Z">
          <reporter-output>
          </reporter-output>
        </test-method> <!-- historical_hangout_page_entity_test -->
        <test-method status="PASS" signature="tearDown(org.testng.ITestResult)[pri:0, instance:com.eduven.testcase.HistoricalHangoutsPageTestCases@87a85e1]" name="tearDown" is-config="true" duration-ms="1" started-at="2016-07-08T18:22:37Z" finished-at="2016-07-08T18:22:37Z">
          <params>
            <param index="0">
              <value>
                <![CDATA[[TestResult name=historical_hangout_page_entity_test status=SUCCESS method=HistoricalHangoutsPageTestCases.historical_hangout_page_entity_test()[pri:2, instance:com.eduven.testcase.HistoricalHangoutsPageTestCases@87a85e1] output={null}]]]>
              </value>
            </param>
          </params>
          <reporter-output>
          </reporter-output>
        </test-method> <!-- tearDown -->
        <test-method status="PASS" signature="historical_hangout_page_free_entity_test()[pri:3, instance:com.eduven.testcase.HistoricalHangoutsPageTestCases@87a85e1]" name="historical_hangout_page_free_entity_test" duration-ms="37647" started-at="2016-07-08T18:22:37Z" finished-at="2016-07-08T18:23:14Z">
          <reporter-output>
          </reporter-output>
        </test-method> <!-- historical_hangout_page_free_entity_test -->
        <test-method status="PASS" signature="tearDown(org.testng.ITestResult)[pri:0, instance:com.eduven.testcase.HistoricalHangoutsPageTestCases@87a85e1]" name="tearDown" is-config="true" duration-ms="1" started-at="2016-07-08T18:23:14Z" finished-at="2016-07-08T18:23:14Z">
          <params>
            <param index="0">
              <value>
                <![CDATA[[TestResult name=historical_hangout_page_free_entity_test status=SUCCESS method=HistoricalHangoutsPageTestCases.historical_hangout_page_free_entity_test()[pri:3, instance:com.eduven.testcase.HistoricalHangoutsPageTestCases@87a85e1] output={null}]]]>
              </value>
            </param>
          </params>
          <reporter-output>
          </reporter-output>
        </test-method> <!-- tearDown -->
        <test-method status="PASS" signature="historical_hangout_page_paid_entity_test()[pri:4, instance:com.eduven.testcase.HistoricalHangoutsPageTestCases@87a85e1]" name="historical_hangout_page_paid_entity_test" duration-ms="36280" started-at="2016-07-08T18:23:14Z" finished-at="2016-07-08T18:23:50Z">
          <reporter-output>
          </reporter-output>
        </test-method> <!-- historical_hangout_page_paid_entity_test -->
        <test-method status="PASS" signature="tearDown(org.testng.ITestResult)[pri:0, instance:com.eduven.testcase.HistoricalHangoutsPageTestCases@87a85e1]" name="tearDown" is-config="true" duration-ms="0" started-at="2016-07-08T18:23:50Z" finished-at="2016-07-08T18:23:50Z">
          <params>
            <param index="0">
              <value>
                <![CDATA[[TestResult name=historical_hangout_page_paid_entity_test status=SUCCESS method=HistoricalHangoutsPageTestCases.historical_hangout_page_paid_entity_test()[pri:4, instance:com.eduven.testcase.HistoricalHangoutsPageTestCases@87a85e1] output={null}]]]>
              </value>
            </param>
          </params>
          <reporter-output>
          </reporter-output>
        </test-method> <!-- tearDown -->
        <test-method status="PASS" signature="historical_hangout_page_verify_contribute_entity()[pri:5, instance:com.eduven.testcase.HistoricalHangoutsPageTestCases@87a85e1]" name="historical_hangout_page_verify_contribute_entity" duration-ms="13841" started-at="2016-07-08T18:23:50Z" finished-at="2016-07-08T18:24:04Z">
          <reporter-output>
          </reporter-output>
        </test-method> <!-- historical_hangout_page_verify_contribute_entity -->
        <test-method status="PASS" signature="tearDown(org.testng.ITestResult)[pri:0, instance:com.eduven.testcase.HistoricalHangoutsPageTestCases@87a85e1]" name="tearDown" is-config="true" duration-ms="0" started-at="2016-07-08T18:24:04Z" finished-at="2016-07-08T18:24:04Z">
          <params>
            <param index="0">
              <value>
                <![CDATA[[TestResult name=historical_hangout_page_verify_contribute_entity status=SUCCESS method=HistoricalHangoutsPageTestCases.historical_hangout_page_verify_contribute_entity()[pri:5, instance:com.eduven.testcase.HistoricalHangoutsPageTestCases@87a85e1] output={null}]]]>
              </value>
            </param>
          </params>
          <reporter-output>
          </reporter-output>
        </test-method> <!-- tearDown -->
        <test-method status="PASS" signature="verify_city_name_and_header_text_inside_term_test()[pri:6, instance:com.eduven.testcase.HistoricalHangoutsPageTestCases@87a85e1]" name="verify_city_name_and_header_text_inside_term_test" duration-ms="216786" started-at="2016-07-08T18:24:04Z" finished-at="2016-07-08T18:27:41Z">
          <reporter-output>
          </reporter-output>
        </test-method> <!-- verify_city_name_and_header_text_inside_term_test -->
        <test-method status="PASS" signature="tearDown(org.testng.ITestResult)[pri:0, instance:com.eduven.testcase.HistoricalHangoutsPageTestCases@87a85e1]" name="tearDown" is-config="true" duration-ms="1" started-at="2016-07-08T18:27:41Z" finished-at="2016-07-08T18:27:41Z">
          <params>
            <param index="0">
              <value>
                <![CDATA[[TestResult name=verify_city_name_and_header_text_inside_term_test status=SUCCESS method=HistoricalHangoutsPageTestCases.verify_city_name_and_header_text_inside_term_test()[pri:6, instance:com.eduven.testcase.HistoricalHangoutsPageTestCases@87a85e1] output={null}]]]>
              </value>
            </param>
          </params>
          <reporter-output>
          </reporter-output>
        </test-method> <!-- tearDown -->
        <test-method status="PASS" signature="close_app()[pri:0, instance:com.eduven.testcase.HistoricalHangoutsPageTestCases@87a85e1]" name="close_app" is-config="true" duration-ms="34675" started-at="2016-07-08T18:27:41Z" finished-at="2016-07-08T18:28:16Z">
          <reporter-output>
          </reporter-output>
        </test-method> <!-- close_app -->
      </class> <!-- com.eduven.testcase.HistoricalHangoutsPageTestCases -->
      <class name="com.eduven.testcase.TransportationPageTestCases">
        <test-method status="PASS" signature="close_flyer_popup_test()[pri:0, instance:com.eduven.testcase.TransportationPageTestCases@46fa7c39]" name="close_flyer_popup_test" duration-ms="87083" started-at="2016-07-08T20:02:32Z" finished-at="2016-07-08T20:03:59Z">
          <reporter-output>
          </reporter-output>
        </test-method> <!-- close_flyer_popup_test -->
        <test-method status="PASS" signature="tearDown(org.testng.ITestResult)[pri:0, instance:com.eduven.testcase.TransportationPageTestCases@46fa7c39]" name="tearDown" is-config="true" duration-ms="0" started-at="2016-07-08T20:03:59Z" finished-at="2016-07-08T20:03:59Z">
          <params>
            <param index="0">
              <value>
                <![CDATA[[TestResult name=close_flyer_popup_test status=SUCCESS method=TransportationPageTestCases.close_flyer_popup_test()[pri:0, instance:com.eduven.testcase.TransportationPageTestCases@46fa7c39] output={null}]]]>
              </value>
            </param>
          </params>
          <reporter-output>
          </reporter-output>
        </test-method> <!-- tearDown -->
        <test-method status="PASS" signature="verify_transportation_page_header_test()[pri:1, instance:com.eduven.testcase.TransportationPageTestCases@46fa7c39]" name="verify_transportation_page_header_test" duration-ms="78966" started-at="2016-07-08T20:03:59Z" finished-at="2016-07-08T20:05:18Z">
          <reporter-output>
          </reporter-output>
        </test-method> <!-- verify_transportation_page_header_test -->
        <test-method status="PASS" signature="tearDown(org.testng.ITestResult)[pri:0, instance:com.eduven.testcase.TransportationPageTestCases@46fa7c39]" name="tearDown" is-config="true" duration-ms="1" started-at="2016-07-08T20:05:18Z" finished-at="2016-07-08T20:05:18Z">
          <params>
            <param index="0">
              <value>
                <![CDATA[[TestResult name=verify_transportation_page_header_test status=SUCCESS method=TransportationPageTestCases.verify_transportation_page_header_test()[pri:1, instance:com.eduven.testcase.TransportationPageTestCases@46fa7c39] output={null}]]]>
              </value>
            </param>
          </params>
          <reporter-output>
          </reporter-output>
        </test-method> <!-- tearDown -->
        <test-method status="PASS" signature="transportation_page_entity_test()[pri:2, instance:com.eduven.testcase.TransportationPageTestCases@46fa7c39]" name="transportation_page_entity_test" duration-ms="5428" started-at="2016-07-08T20:05:18Z" finished-at="2016-07-08T20:05:23Z">
          <reporter-output>
          </reporter-output>
        </test-method> <!-- transportation_page_entity_test -->
        <test-method status="PASS" signature="tearDown(org.testng.ITestResult)[pri:0, instance:com.eduven.testcase.TransportationPageTestCases@46fa7c39]" name="tearDown" is-config="true" duration-ms="0" started-at="2016-07-08T20:05:23Z" finished-at="2016-07-08T20:05:23Z">
          <params>
            <param index="0">
              <value>
                <![CDATA[[TestResult name=transportation_page_entity_test status=SUCCESS method=TransportationPageTestCases.transportation_page_entity_test()[pri:2, instance:com.eduven.testcase.TransportationPageTestCases@46fa7c39] output={null}]]]>
              </value>
            </param>
          </params>
          <reporter-output>
          </reporter-output>
        </test-method> <!-- tearDown -->
        <test-method status="PASS" signature="transportation_page_free_entity_test()[pri:3, instance:com.eduven.testcase.TransportationPageTestCases@46fa7c39]" name="transportation_page_free_entity_test" duration-ms="73977" started-at="2016-07-08T20:05:23Z" finished-at="2016-07-08T20:06:37Z">
          <reporter-output>
          </reporter-output>
        </test-method> <!-- transportation_page_free_entity_test -->
        <test-method status="PASS" signature="tearDown(org.testng.ITestResult)[pri:0, instance:com.eduven.testcase.TransportationPageTestCases@46fa7c39]" name="tearDown" is-config="true" duration-ms="1" started-at="2016-07-08T20:06:37Z" finished-at="2016-07-08T20:06:37Z">
          <params>
            <param index="0">
              <value>
                <![CDATA[[TestResult name=transportation_page_free_entity_test status=SUCCESS method=TransportationPageTestCases.transportation_page_free_entity_test()[pri:3, instance:com.eduven.testcase.TransportationPageTestCases@46fa7c39] output={null}]]]>
              </value>
            </param>
          </params>
          <reporter-output>
          </reporter-output>
        </test-method> <!-- tearDown -->
        <test-method status="FAIL" signature="transportation_page_premium_entity_test()[pri:4, instance:com.eduven.testcase.TransportationPageTestCases@46fa7c39]" name="transportation_page_premium_entity_test" duration-ms="175612" started-at="2016-07-08T20:06:37Z" finished-at="2016-07-08T20:09:33Z">
          <exception class="org.openqa.selenium.NoSuchElementException">
            <message>
              <![CDATA[An element could not be located on the page using the given search parameters. (WARNING: The server did not provide any stacktrace information)
Command duration or timeout: 136.85 seconds
For documentation on this error, please visit: http://seleniumhq.org/exceptions/no_such_element.html
Build info: version: '2.51.0', revision: '1af067d', time: '2016-02-05 19:11:55'
System info: host: 'Hitesh-Mac-Mini.local', ip: '10.30.30.97', os.name: 'Mac OS X', os.arch: 'x86_64', os.version: '10.11.5', java.version: '1.8.0_74'
Driver info: io.appium.java_client.android.AndroidDriver
Capabilities [{app=/Users/hiteshbhardwaj/Desktop/Automation/app/CountryGuideAndroid/app-africa-debug.apk, appPackage=com.eduven.cg.africa, networkConnectionEnabled=true, warnings={}, appiumVersion=1.4.13, databaseEnabled=false, deviceName=014E0F500200D002, platform=LINUX, appActivity=com.eduven.cg.activity.CheckSDCard, desired={app=/Users/hiteshbhardwaj/Desktop/Automation/app/CountryGuideAndroid/app-africa-debug.apk, appPackage=com.eduven.cg.africa, appActivity=com.eduven.cg.activity.CheckSDCard, platformVersion=4.4, appiumVersion=1.4.13, automationName=Appium, platformName=Android, deviceName=014E0F500200D002}, platformVersion=4.3, webStorageEnabled=false, locationContextEnabled=false, automationName=Appium, browserName=Android, takesScreenshot=true, javascriptEnabled=true, platformName=Android}]
Session ID: 18fd19f5-b11c-4e69-95a7-d1fd1123f471
*** Element info: {Using=-android uiautomator, value=new UiScrollable(new UiSelector().scrollable(true).instance(0)).scrollIntoView(new UiSelector().description("Touat Cheikh Sidi Mohamed Belkebir Airport").instance(0));new UiScrollable(new UiSelector().scrollable(true).instance(0)).scrollIntoView(new UiSelector().text("Touat Cheikh Sidi Mohamed Belkebir Airport").instance(0));}]]>
            </message>
            <full-stacktrace>
              <![CDATA[org.openqa.selenium.NoSuchElementException: An element could not be located on the page using the given search parameters. (WARNING: The server did not provide any stacktrace information)
Command duration or timeout: 136.85 seconds
For documentation on this error, please visit: http://seleniumhq.org/exceptions/no_such_element.html
Build info: version: '2.51.0', revision: '1af067d', time: '2016-02-05 19:11:55'
System info: host: 'Hitesh-Mac-Mini.local', ip: '10.30.30.97', os.name: 'Mac OS X', os.arch: 'x86_64', os.version: '10.11.5', java.version: '1.8.0_74'
Driver info: io.appium.java_client.android.AndroidDriver
Capabilities [{app=/Users/hiteshbhardwaj/Desktop/Automation/app/CountryGuideAndroid/app-africa-debug.apk, appPackage=com.eduven.cg.africa, networkConnectionEnabled=true, warnings={}, appiumVersion=1.4.13, databaseEnabled=false, deviceName=014E0F500200D002, platform=LINUX, appActivity=com.eduven.cg.activity.CheckSDCard, desired={app=/Users/hiteshbhardwaj/Desktop/Automation/app/CountryGuideAndroid/app-africa-debug.apk, appPackage=com.eduven.cg.africa, appActivity=com.eduven.cg.activity.CheckSDCard, platformVersion=4.4, appiumVersion=1.4.13, automationName=Appium, platformName=Android, deviceName=014E0F500200D002}, platformVersion=4.3, webStorageEnabled=false, locationContextEnabled=false, automationName=Appium, browserName=Android, takesScreenshot=true, javascriptEnabled=true, platformName=Android}]
Session ID: 18fd19f5-b11c-4e69-95a7-d1fd1123f471
*** Element info: {Using=-android uiautomator, value=new UiScrollable(new UiSelector().scrollable(true).instance(0)).scrollIntoView(new UiSelector().description("Touat Cheikh Sidi Mohamed Belkebir Airport").instance(0));new UiScrollable(new UiSelector().scrollable(true).instance(0)).scrollIntoView(new UiSelector().text("Touat Cheikh Sidi Mohamed Belkebir Airport").instance(0));}
	at sun.reflect.GeneratedConstructorAccessor51.newInstance(Unknown Source)
	at sun.reflect.DelegatingConstructorAccessorImpl.newInstance(DelegatingConstructorAccessorImpl.java:45)
	at java.lang.reflect.Constructor.newInstance(Constructor.java:423)
	at org.openqa.selenium.remote.ErrorHandler.createThrowable(ErrorHandler.java:206)
	at org.openqa.selenium.remote.ErrorHandler.throwIfResponseFailed(ErrorHandler.java:158)
	at org.openqa.selenium.remote.RemoteWebDriver.execute(RemoteWebDriver.java:678)
	at io.appium.java_client.DefaultGenericMobileDriver.execute(DefaultGenericMobileDriver.java:43)
	at io.appium.java_client.AppiumDriver.execute(AppiumDriver.java:1)
	at io.appium.java_client.android.AndroidDriver.execute(AndroidDriver.java:1)
	at org.openqa.selenium.remote.RemoteWebDriver.findElement(RemoteWebDriver.java:363)
	at io.appium.java_client.android.AndroidDriver.findElementByAndroidUIAutomator(AndroidDriver.java:324)
	at io.appium.java_client.android.AndroidDriver.scrollToExact(AndroidDriver.java:128)
	at com.eduven.utils.Reusables.clickUsingScrollToExactTxt(Reusables.java:628)
	at com.eduven.utils.Reusables.checkPremiumEntity(Reusables.java:491)
	at com.eduven.testcase.TransportationPageTestCases.transportation_page_premium_entity_test(TransportationPageTestCases.java:56)
	at sun.reflect.NativeMethodAccessorImpl.invoke0(Native Method)
	at sun.reflect.NativeMethodAccessorImpl.invoke(NativeMethodAccessorImpl.java:62)
	at sun.reflect.DelegatingMethodAccessorImpl.invoke(DelegatingMethodAccessorImpl.java:43)
	at java.lang.reflect.Method.invoke(Method.java:498)
	at org.testng.internal.MethodInvocationHelper.invokeMethod(MethodInvocationHelper.java:86)
	at org.testng.internal.Invoker.invokeMethod(Invoker.java:645)
	at org.testng.internal.Invoker.invokeTestMethod(Invoker.java:822)
	at org.testng.internal.Invoker.invokeTestMethods(Invoker.java:1130)
	at org.testng.internal.TestMethodWorker.invokeTestMethods(TestMethodWorker.java:129)
	at org.testng.internal.TestMethodWorker.run(TestMethodWorker.java:112)
	at org.testng.TestRunner.privateRun(TestRunner.java:782)
	at org.testng.TestRunner.run(TestRunner.java:632)
	at org.testng.SuiteRunner.runTest(SuiteRunner.java:366)
	at org.testng.SuiteRunner.runSequentially(SuiteRunner.java:361)
	at org.testng.SuiteRunner.privateRun(SuiteRunner.java:319)
	at org.testng.SuiteRunner.run(SuiteRunner.java:268)
	at org.testng.SuiteRunnerWorker.runSuite(SuiteRunnerWorker.java:52)
	at org.testng.SuiteRunnerWorker.run(SuiteRunnerWorker.java:86)
	at org.testng.TestNG.runSuitesSequentially(TestNG.java:1244)
	at org.testng.TestNG.runSuitesLocally(TestNG.java:1169)
	at org.testng.TestNG.run(TestNG.java:1064)
	at com.eduven.utils.RunTestng.main(RunTestng.java:63)
]]>
            </full-stacktrace>
          </exception> <!-- org.openqa.selenium.NoSuchElementException -->
          <reporter-output>
          </reporter-output>
        </test-method> <!-- transportation_page_premium_entity_test -->
        <test-method status="PASS" signature="tearDown(org.testng.ITestResult)[pri:0, instance:com.eduven.testcase.TransportationPageTestCases@46fa7c39]" name="tearDown" is-config="true" duration-ms="1370" started-at="2016-07-08T20:09:33Z" finished-at="2016-07-08T20:09:34Z">
          <params>
            <param index="0">
              <value>
                <![CDATA[[TestResult name=transportation_page_premium_entity_test status=FAILURE method=TransportationPageTestCases.transportation_page_premium_entity_test()[pri:4, instance:com.eduven.testcase.TransportationPageTestCases@46fa7c39] output={null}]]]>
              </value>
            </param>
          </params>
          <reporter-output>
          </reporter-output>
        </test-method> <!-- tearDown -->
        <test-method status="PASS" signature="transportation_page_verify_contribute_entity_test()[pri:5, instance:com.eduven.testcase.TransportationPageTestCases@46fa7c39]" name="transportation_page_verify_contribute_entity_test" duration-ms="40690" started-at="2016-07-08T20:09:34Z" finished-at="2016-07-08T20:10:15Z">
          <reporter-output>
          </reporter-output>
        </test-method> <!-- transportation_page_verify_contribute_entity_test -->
        <test-method status="PASS" signature="tearDown(org.testng.ITestResult)[pri:0, instance:com.eduven.testcase.TransportationPageTestCases@46fa7c39]" name="tearDown" is-config="true" duration-ms="0" started-at="2016-07-08T20:10:15Z" finished-at="2016-07-08T20:10:15Z">
          <params>
            <param index="0">
              <value>
                <![CDATA[[TestResult name=transportation_page_verify_contribute_entity_test status=SUCCESS method=TransportationPageTestCases.transportation_page_verify_contribute_entity_test()[pri:5, instance:com.eduven.testcase.TransportationPageTestCases@46fa7c39] output={null}]]]>
              </value>
            </param>
          </params>
          <reporter-output>
          </reporter-output>
        </test-method> <!-- tearDown -->
        <test-method status="FAIL" signature="verify_city_name_and_header_text_inside_term_test()[pri:6, instance:com.eduven.testcase.TransportationPageTestCases@46fa7c39]" name="verify_city_name_and_header_text_inside_term_test" duration-ms="67088" started-at="2016-07-08T20:10:15Z" finished-at="2016-07-08T20:11:22Z">
          <exception class="java.lang.AssertionError">
            <message>
              <![CDATA[Error Message!! Actual and Expected text not matched. expected [dakar] but found [sea port]]]>
            </message>
            <full-stacktrace>
              <![CDATA[java.lang.AssertionError: Error Message!! Actual and Expected text not matched. expected [dakar] but found [sea port]
	at org.testng.Assert.fail(Assert.java:94)
	at org.testng.Assert.failNotEquals(Assert.java:513)
	at org.testng.Assert.assertEqualsImpl(Assert.java:135)
	at org.testng.Assert.assertEquals(Assert.java:116)
	at org.testng.Assert.assertEquals(Assert.java:190)
	at com.eduven.utils.Reusables.verifyEqualMessage(Reusables.java:875)
	at com.eduven.utils.Reusables.verifyCityHeaderName(Reusables.java:801)
	at com.eduven.testcase.TransportationPageTestCases.verify_city_name_and_header_text_inside_term_test(TransportationPageTestCases.java:71)
	at sun.reflect.NativeMethodAccessorImpl.invoke0(Native Method)
	at sun.reflect.NativeMethodAccessorImpl.invoke(NativeMethodAccessorImpl.java:62)
	at sun.reflect.DelegatingMethodAccessorImpl.invoke(DelegatingMethodAccessorImpl.java:43)
	at java.lang.reflect.Method.invoke(Method.java:498)
	at org.testng.internal.MethodInvocationHelper.invokeMethod(MethodInvocationHelper.java:86)
	at org.testng.internal.Invoker.invokeMethod(Invoker.java:645)
	at org.testng.internal.Invoker.invokeTestMethod(Invoker.java:822)
	at org.testng.internal.Invoker.invokeTestMethods(Invoker.java:1130)
	at org.testng.internal.TestMethodWorker.invokeTestMethods(TestMethodWorker.java:129)
	at org.testng.internal.TestMethodWorker.run(TestMethodWorker.java:112)
	at org.testng.TestRunner.privateRun(TestRunner.java:782)
	at org.testng.TestRunner.run(TestRunner.java:632)
	at org.testng.SuiteRunner.runTest(SuiteRunner.java:366)
	at org.testng.SuiteRunner.runSequentially(SuiteRunner.java:361)
	at org.testng.SuiteRunner.privateRun(SuiteRunner.java:319)
	at org.testng.SuiteRunner.run(SuiteRunner.java:268)
	at org.testng.SuiteRunnerWorker.runSuite(SuiteRunnerWorker.java:52)
	at org.testng.SuiteRunnerWorker.run(SuiteRunnerWorker.java:86)
	at org.testng.TestNG.runSuitesSequentially(TestNG.java:1244)
	at org.testng.TestNG.runSuitesLocally(TestNG.java:1169)
	at org.testng.TestNG.run(TestNG.java:1064)
	at com.eduven.utils.RunTestng.main(RunTestng.java:63)
]]>
            </full-stacktrace>
          </exception> <!-- java.lang.AssertionError -->
          <reporter-output>
          </reporter-output>
        </test-method> <!-- verify_city_name_and_header_text_inside_term_test -->
        <test-method status="PASS" signature="tearDown(org.testng.ITestResult)[pri:0, instance:com.eduven.testcase.TransportationPageTestCases@46fa7c39]" name="tearDown" is-config="true" duration-ms="1014" started-at="2016-07-08T20:11:22Z" finished-at="2016-07-08T20:11:23Z">
          <params>
            <param index="0">
              <value>
                <![CDATA[[TestResult name=verify_city_name_and_header_text_inside_term_test status=FAILURE method=TransportationPageTestCases.verify_city_name_and_header_text_inside_term_test()[pri:6, instance:com.eduven.testcase.TransportationPageTestCases@46fa7c39] output={null}]]]>
              </value>
            </param>
          </params>
          <reporter-output>
          </reporter-output>
        </test-method> <!-- tearDown -->
        <test-method status="PASS" signature="close_app()[pri:0, instance:com.eduven.testcase.TransportationPageTestCases@46fa7c39]" name="close_app" is-config="true" duration-ms="49020" started-at="2016-07-08T20:11:23Z" finished-at="2016-07-08T20:12:12Z">
          <reporter-output>
          </reporter-output>
        </test-method> <!-- close_app -->
      </class> <!-- com.eduven.testcase.TransportationPageTestCases -->
      <class name="com.eduven.testcase.NetworkRelatedPageTestCases">
        <test-method status="PASS" signature="close_flyer_popup_test()[pri:0, instance:com.eduven.testcase.NetworkRelatedPageTestCases@68e965f5]" name="close_flyer_popup_test" duration-ms="85001" started-at="2016-07-08T20:58:33Z" finished-at="2016-07-08T20:59:58Z">
          <reporter-output>
          </reporter-output>
        </test-method> <!-- close_flyer_popup_test -->
        <test-method status="PASS" signature="afterMethod(org.testng.ITestResult)[pri:0, instance:com.eduven.testcase.NetworkRelatedPageTestCases@68e965f5]" name="afterMethod" is-config="true" duration-ms="1" started-at="2016-07-08T20:59:58Z" finished-at="2016-07-08T20:59:58Z">
          <params>
            <param index="0">
              <value>
                <![CDATA[[TestResult name=close_flyer_popup_test status=SUCCESS method=NetworkRelatedPageTestCases.close_flyer_popup_test()[pri:0, instance:com.eduven.testcase.NetworkRelatedPageTestCases@68e965f5] output={null}]]]>
              </value>
            </param>
          </params>
          <reporter-output>
          </reporter-output>
        </test-method> <!-- afterMethod -->
        <test-method status="PASS" signature="navigate_to_sub_category_page_test()[pri:1, instance:com.eduven.testcase.NetworkRelatedPageTestCases@68e965f5]" name="navigate_to_sub_category_page_test" duration-ms="15647" started-at="2016-07-08T20:59:58Z" finished-at="2016-07-08T21:00:14Z">
          <reporter-output>
          </reporter-output>
        </test-method> <!-- navigate_to_sub_category_page_test -->
        <test-method status="PASS" signature="afterMethod(org.testng.ITestResult)[pri:0, instance:com.eduven.testcase.NetworkRelatedPageTestCases@68e965f5]" name="afterMethod" is-config="true" duration-ms="0" started-at="2016-07-08T21:00:14Z" finished-at="2016-07-08T21:00:14Z">
          <params>
            <param index="0">
              <value>
                <![CDATA[[TestResult name=navigate_to_sub_category_page_test status=SUCCESS method=NetworkRelatedPageTestCases.navigate_to_sub_category_page_test()[pri:1, instance:com.eduven.testcase.NetworkRelatedPageTestCases@68e965f5] output={null}]]]>
              </value>
            </param>
          </params>
          <reporter-output>
          </reporter-output>
        </test-method> <!-- afterMethod -->
        <test-method status="PASS" signature="test_network_turnoff_network_connection_test()[pri:2, instance:com.eduven.testcase.NetworkRelatedPageTestCases@68e965f5]" name="test_network_turnoff_network_connection_test" duration-ms="30428" started-at="2016-07-08T21:00:14Z" finished-at="2016-07-08T21:00:44Z">
          <reporter-output>
          </reporter-output>
        </test-method> <!-- test_network_turnoff_network_connection_test -->
        <test-method status="PASS" signature="afterMethod(org.testng.ITestResult)[pri:0, instance:com.eduven.testcase.NetworkRelatedPageTestCases@68e965f5]" name="afterMethod" is-config="true" duration-ms="1" started-at="2016-07-08T21:00:44Z" finished-at="2016-07-08T21:00:44Z">
          <params>
            <param index="0">
              <value>
                <![CDATA[[TestResult name=test_network_turnoff_network_connection_test status=SUCCESS method=NetworkRelatedPageTestCases.test_network_turnoff_network_connection_test()[pri:2, instance:com.eduven.testcase.NetworkRelatedPageTestCases@68e965f5] output={null}]]]>
              </value>
            </param>
          </params>
          <reporter-output>
          </reporter-output>
        </test-method> <!-- afterMethod -->
        <test-method status="PASS" signature="check_paid_term_after_network_off_for_airplane_mode_test()[pri:3, instance:com.eduven.testcase.NetworkRelatedPageTestCases@68e965f5]" name="check_paid_term_after_network_off_for_airplane_mode_test" duration-ms="75148" started-at="2016-07-08T21:00:44Z" finished-at="2016-07-08T21:01:59Z">
          <reporter-output>
          </reporter-output>
        </test-method> <!-- check_paid_term_after_network_off_for_airplane_mode_test -->
        <test-method status="PASS" signature="afterMethod(org.testng.ITestResult)[pri:0, instance:com.eduven.testcase.NetworkRelatedPageTestCases@68e965f5]" name="afterMethod" is-config="true" duration-ms="1" started-at="2016-07-08T21:01:59Z" finished-at="2016-07-08T21:01:59Z">
          <params>
            <param index="0">
              <value>
                <![CDATA[[TestResult name=check_paid_term_after_network_off_for_airplane_mode_test status=SUCCESS method=NetworkRelatedPageTestCases.check_paid_term_after_network_off_for_airplane_mode_test()[pri:3, instance:com.eduven.testcase.NetworkRelatedPageTestCases@68e965f5] output={null}]]]>
              </value>
            </param>
          </params>
          <reporter-output>
          </reporter-output>
        </test-method> <!-- afterMethod -->
        <test-method status="PASS" signature="check_evMenu_for_network_connection_test()[pri:4, instance:com.eduven.testcase.NetworkRelatedPageTestCases@68e965f5]" name="check_evMenu_for_network_connection_test" duration-ms="57560" started-at="2016-07-08T21:01:59Z" finished-at="2016-07-08T21:02:57Z">
          <reporter-output>
          </reporter-output>
        </test-method> <!-- check_evMenu_for_network_connection_test -->
        <test-method status="PASS" signature="afterMethod(org.testng.ITestResult)[pri:0, instance:com.eduven.testcase.NetworkRelatedPageTestCases@68e965f5]" name="afterMethod" is-config="true" duration-ms="0" started-at="2016-07-08T21:02:57Z" finished-at="2016-07-08T21:02:57Z">
          <params>
            <param index="0">
              <value>
                <![CDATA[[TestResult name=check_evMenu_for_network_connection_test status=SUCCESS method=NetworkRelatedPageTestCases.check_evMenu_for_network_connection_test()[pri:4, instance:com.eduven.testcase.NetworkRelatedPageTestCases@68e965f5] output={null}]]]>
              </value>
            </param>
          </params>
          <reporter-output>
          </reporter-output>
        </test-method> <!-- afterMethod -->
        <test-method status="PASS" signature="test_network_turnon_network_connection_test()[pri:5, instance:com.eduven.testcase.NetworkRelatedPageTestCases@68e965f5]" name="test_network_turnon_network_connection_test" duration-ms="43164" started-at="2016-07-08T21:02:57Z" finished-at="2016-07-08T21:03:40Z">
          <reporter-output>
          </reporter-output>
        </test-method> <!-- test_network_turnon_network_connection_test -->
        <test-method status="PASS" signature="afterMethod(org.testng.ITestResult)[pri:0, instance:com.eduven.testcase.NetworkRelatedPageTestCases@68e965f5]" name="afterMethod" is-config="true" duration-ms="0" started-at="2016-07-08T21:03:40Z" finished-at="2016-07-08T21:03:40Z">
          <params>
            <param index="0">
              <value>
                <![CDATA[[TestResult name=test_network_turnon_network_connection_test status=SUCCESS method=NetworkRelatedPageTestCases.test_network_turnon_network_connection_test()[pri:5, instance:com.eduven.testcase.NetworkRelatedPageTestCases@68e965f5] output={null}]]]>
              </value>
            </param>
          </params>
          <reporter-output>
          </reporter-output>
        </test-method> <!-- afterMethod -->
        <test-method status="PASS" signature="close_app()[pri:0, instance:com.eduven.testcase.NetworkRelatedPageTestCases@68e965f5]" name="close_app" is-config="true" duration-ms="45836" started-at="2016-07-08T21:03:40Z" finished-at="2016-07-08T21:04:26Z">
          <reporter-output>
          </reporter-output>
        </test-method> <!-- close_app -->
      </class> <!-- com.eduven.testcase.NetworkRelatedPageTestCases -->
      <class name="com.eduven.testcase.BusinessBoulevardsPageTestCases">
        <test-method status="PASS" signature="close_flyer_popup_test()[pri:0, instance:com.eduven.testcase.BusinessBoulevardsPageTestCases@5552768b]" name="close_flyer_popup_test" duration-ms="85288" started-at="2016-07-08T18:41:14Z" finished-at="2016-07-08T18:42:39Z">
          <reporter-output>
          </reporter-output>
        </test-method> <!-- close_flyer_popup_test -->
        <test-method status="PASS" signature="tearDown(org.testng.ITestResult)[pri:0, instance:com.eduven.testcase.BusinessBoulevardsPageTestCases@5552768b]" name="tearDown" is-config="true" duration-ms="0" started-at="2016-07-08T18:42:39Z" finished-at="2016-07-08T18:42:39Z">
          <params>
            <param index="0">
              <value>
                <![CDATA[[TestResult name=close_flyer_popup_test status=SUCCESS method=BusinessBoulevardsPageTestCases.close_flyer_popup_test()[pri:0, instance:com.eduven.testcase.BusinessBoulevardsPageTestCases@5552768b] output={null}]]]>
              </value>
            </param>
          </params>
          <reporter-output>
          </reporter-output>
        </test-method> <!-- tearDown -->
        <test-method status="PASS" signature="verify_business_boulevards_page_header_test()[pri:1, instance:com.eduven.testcase.BusinessBoulevardsPageTestCases@5552768b]" name="verify_business_boulevards_page_header_test" duration-ms="55025" started-at="2016-07-08T18:42:39Z" finished-at="2016-07-08T18:43:34Z">
          <reporter-output>
          </reporter-output>
        </test-method> <!-- verify_business_boulevards_page_header_test -->
        <test-method status="PASS" signature="tearDown(org.testng.ITestResult)[pri:0, instance:com.eduven.testcase.BusinessBoulevardsPageTestCases@5552768b]" name="tearDown" is-config="true" duration-ms="0" started-at="2016-07-08T18:43:34Z" finished-at="2016-07-08T18:43:34Z">
          <params>
            <param index="0">
              <value>
                <![CDATA[[TestResult name=verify_business_boulevards_page_header_test status=SUCCESS method=BusinessBoulevardsPageTestCases.verify_business_boulevards_page_header_test()[pri:1, instance:com.eduven.testcase.BusinessBoulevardsPageTestCases@5552768b] output={null}]]]>
              </value>
            </param>
          </params>
          <reporter-output>
          </reporter-output>
        </test-method> <!-- tearDown -->
        <test-method status="PASS" signature="business_boulevards_page_entity_test()[pri:2, instance:com.eduven.testcase.BusinessBoulevardsPageTestCases@5552768b]" name="business_boulevards_page_entity_test" duration-ms="5080" started-at="2016-07-08T18:43:34Z" finished-at="2016-07-08T18:43:39Z">
          <reporter-output>
          </reporter-output>
        </test-method> <!-- business_boulevards_page_entity_test -->
        <test-method status="PASS" signature="tearDown(org.testng.ITestResult)[pri:0, instance:com.eduven.testcase.BusinessBoulevardsPageTestCases@5552768b]" name="tearDown" is-config="true" duration-ms="0" started-at="2016-07-08T18:43:39Z" finished-at="2016-07-08T18:43:39Z">
          <params>
            <param index="0">
              <value>
                <![CDATA[[TestResult name=business_boulevards_page_entity_test status=SUCCESS method=BusinessBoulevardsPageTestCases.business_boulevards_page_entity_test()[pri:2, instance:com.eduven.testcase.BusinessBoulevardsPageTestCases@5552768b] output={null}]]]>
              </value>
            </param>
          </params>
          <reporter-output>
          </reporter-output>
        </test-method> <!-- tearDown -->
        <test-method status="PASS" signature="business_boulevards_page_free_entity_test()[pri:3, instance:com.eduven.testcase.BusinessBoulevardsPageTestCases@5552768b]" name="business_boulevards_page_free_entity_test" duration-ms="95319" started-at="2016-07-08T18:43:39Z" finished-at="2016-07-08T18:45:14Z">
          <reporter-output>
          </reporter-output>
        </test-method> <!-- business_boulevards_page_free_entity_test -->
        <test-method status="PASS" signature="tearDown(org.testng.ITestResult)[pri:0, instance:com.eduven.testcase.BusinessBoulevardsPageTestCases@5552768b]" name="tearDown" is-config="true" duration-ms="0" started-at="2016-07-08T18:45:14Z" finished-at="2016-07-08T18:45:14Z">
          <params>
            <param index="0">
              <value>
                <![CDATA[[TestResult name=business_boulevards_page_free_entity_test status=SUCCESS method=BusinessBoulevardsPageTestCases.business_boulevards_page_free_entity_test()[pri:3, instance:com.eduven.testcase.BusinessBoulevardsPageTestCases@5552768b] output={null}]]]>
              </value>
            </param>
          </params>
          <reporter-output>
          </reporter-output>
        </test-method> <!-- tearDown -->
        <test-method status="PASS" signature="business_boulevards_page_premium_entity_test()[pri:4, instance:com.eduven.testcase.BusinessBoulevardsPageTestCases@5552768b]" name="business_boulevards_page_premium_entity_test" duration-ms="43034" started-at="2016-07-08T18:45:14Z" finished-at="2016-07-08T18:45:57Z">
          <reporter-output>
          </reporter-output>
        </test-method> <!-- business_boulevards_page_premium_entity_test -->
        <test-method status="PASS" signature="tearDown(org.testng.ITestResult)[pri:0, instance:com.eduven.testcase.BusinessBoulevardsPageTestCases@5552768b]" name="tearDown" is-config="true" duration-ms="1" started-at="2016-07-08T18:45:57Z" finished-at="2016-07-08T18:45:57Z">
          <params>
            <param index="0">
              <value>
                <![CDATA[[TestResult name=business_boulevards_page_premium_entity_test status=SUCCESS method=BusinessBoulevardsPageTestCases.business_boulevards_page_premium_entity_test()[pri:4, instance:com.eduven.testcase.BusinessBoulevardsPageTestCases@5552768b] output={null}]]]>
              </value>
            </param>
          </params>
          <reporter-output>
          </reporter-output>
        </test-method> <!-- tearDown -->
        <test-method status="PASS" signature="business_boulevards_page_verify_contribute_entity()[pri:5, instance:com.eduven.testcase.BusinessBoulevardsPageTestCases@5552768b]" name="business_boulevards_page_verify_contribute_entity" duration-ms="34654" started-at="2016-07-08T18:45:57Z" finished-at="2016-07-08T18:46:32Z">
          <reporter-output>
          </reporter-output>
        </test-method> <!-- business_boulevards_page_verify_contribute_entity -->
        <test-method status="PASS" signature="tearDown(org.testng.ITestResult)[pri:0, instance:com.eduven.testcase.BusinessBoulevardsPageTestCases@5552768b]" name="tearDown" is-config="true" duration-ms="0" started-at="2016-07-08T18:46:32Z" finished-at="2016-07-08T18:46:32Z">
          <params>
            <param index="0">
              <value>
                <![CDATA[[TestResult name=business_boulevards_page_verify_contribute_entity status=SUCCESS method=BusinessBoulevardsPageTestCases.business_boulevards_page_verify_contribute_entity()[pri:5, instance:com.eduven.testcase.BusinessBoulevardsPageTestCases@5552768b] output={null}]]]>
              </value>
            </param>
          </params>
          <reporter-output>
          </reporter-output>
        </test-method> <!-- tearDown -->
        <test-method status="PASS" signature="verify_city_name_and_header_text_inside_term_test()[pri:6, instance:com.eduven.testcase.BusinessBoulevardsPageTestCases@5552768b]" name="verify_city_name_and_header_text_inside_term_test" duration-ms="223094" started-at="2016-07-08T18:46:32Z" finished-at="2016-07-08T18:50:15Z">
          <reporter-output>
          </reporter-output>
        </test-method> <!-- verify_city_name_and_header_text_inside_term_test -->
        <test-method status="PASS" signature="close_app()[pri:0, instance:com.eduven.testcase.BusinessBoulevardsPageTestCases@5552768b]" name="close_app" is-config="true" duration-ms="45606" started-at="2016-07-08T18:50:15Z" finished-at="2016-07-08T18:51:01Z">
          <reporter-output>
          </reporter-output>
        </test-method> <!-- close_app -->
        <test-method status="PASS" signature="tearDown(org.testng.ITestResult)[pri:0, instance:com.eduven.testcase.BusinessBoulevardsPageTestCases@5552768b]" name="tearDown" is-config="true" duration-ms="0" started-at="2016-07-08T18:50:15Z" finished-at="2016-07-08T18:50:15Z">
          <params>
            <param index="0">
              <value>
                <![CDATA[[TestResult name=verify_city_name_and_header_text_inside_term_test status=SUCCESS method=BusinessBoulevardsPageTestCases.verify_city_name_and_header_text_inside_term_test()[pri:6, instance:com.eduven.testcase.BusinessBoulevardsPageTestCases@5552768b] output={null}]]]>
              </value>
            </param>
          </params>
          <reporter-output>
          </reporter-output>
        </test-method> <!-- tearDown -->
      </class> <!-- com.eduven.testcase.BusinessBoulevardsPageTestCases -->
      <class name="com.eduven.testcase.CitiesPageTestCases">
        <test-method status="PASS" signature="handling_splash_screen_test()[pri:0, instance:com.eduven.testcase.CitiesPageTestCases@53aad5d5]" name="handling_splash_screen_test" duration-ms="88061" started-at="2016-07-08T19:48:13Z" finished-at="2016-07-08T19:49:41Z">
          <reporter-output>
          </reporter-output>
        </test-method> <!-- handling_splash_screen_test -->
        <test-method status="PASS" signature="tearDown(org.testng.ITestResult)[pri:0, instance:com.eduven.testcase.CitiesPageTestCases@53aad5d5]" name="tearDown" is-config="true" duration-ms="0" started-at="2016-07-08T19:49:41Z" finished-at="2016-07-08T19:49:41Z">
          <params>
            <param index="0">
              <value>
                <![CDATA[[TestResult name=handling_splash_screen_test status=SUCCESS method=CitiesPageTestCases.handling_splash_screen_test()[pri:0, instance:com.eduven.testcase.CitiesPageTestCases@53aad5d5] output={null}]]]>
              </value>
            </param>
          </params>
          <reporter-output>
          </reporter-output>
        </test-method> <!-- tearDown -->
        <test-method status="PASS" signature="cities_page_icon_test()[pri:1, instance:com.eduven.testcase.CitiesPageTestCases@53aad5d5]" name="cities_page_icon_test" duration-ms="2302" started-at="2016-07-08T19:49:41Z" finished-at="2016-07-08T19:49:43Z">
          <reporter-output>
          </reporter-output>
        </test-method> <!-- cities_page_icon_test -->
        <test-method status="PASS" signature="verify_cities_page_cities_list_test()[pri:2, instance:com.eduven.testcase.CitiesPageTestCases@53aad5d5]" name="verify_cities_page_cities_list_test" duration-ms="27939" started-at="2016-07-08T19:49:43Z" finished-at="2016-07-08T19:50:11Z">
          <reporter-output>
          </reporter-output>
        </test-method> <!-- verify_cities_page_cities_list_test -->
        <test-method status="PASS" signature="tearDown(org.testng.ITestResult)[pri:0, instance:com.eduven.testcase.CitiesPageTestCases@53aad5d5]" name="tearDown" is-config="true" duration-ms="0" started-at="2016-07-08T19:49:43Z" finished-at="2016-07-08T19:49:43Z">
          <params>
            <param index="0">
              <value>
                <![CDATA[[TestResult name=cities_page_icon_test status=SUCCESS method=CitiesPageTestCases.cities_page_icon_test()[pri:1, instance:com.eduven.testcase.CitiesPageTestCases@53aad5d5] output={null}]]]>
              </value>
            </param>
          </params>
          <reporter-output>
          </reporter-output>
        </test-method> <!-- tearDown -->
        <test-method status="PASS" signature="tearDown(org.testng.ITestResult)[pri:0, instance:com.eduven.testcase.CitiesPageTestCases@53aad5d5]" name="tearDown" is-config="true" duration-ms="0" started-at="2016-07-08T19:50:11Z" finished-at="2016-07-08T19:50:11Z">
          <params>
            <param index="0">
              <value>
                <![CDATA[[TestResult name=verify_cities_page_cities_list_test status=SUCCESS method=CitiesPageTestCases.verify_cities_page_cities_list_test()[pri:2, instance:com.eduven.testcase.CitiesPageTestCases@53aad5d5] output={null}]]]>
              </value>
            </param>
          </params>
          <reporter-output>
          </reporter-output>
        </test-method> <!-- tearDown -->
        <test-method status="PASS" signature="click_on_random_city_test()[pri:3, instance:com.eduven.testcase.CitiesPageTestCases@53aad5d5]" name="click_on_random_city_test" duration-ms="56267" started-at="2016-07-08T19:50:11Z" finished-at="2016-07-08T19:51:07Z">
          <reporter-output>
          </reporter-output>
        </test-method> <!-- click_on_random_city_test -->
        <test-method status="PASS" signature="tearDown(org.testng.ITestResult)[pri:0, instance:com.eduven.testcase.CitiesPageTestCases@53aad5d5]" name="tearDown" is-config="true" duration-ms="0" started-at="2016-07-08T19:51:07Z" finished-at="2016-07-08T19:51:07Z">
          <params>
            <param index="0">
              <value>
                <![CDATA[[TestResult name=click_on_random_city_test status=SUCCESS method=CitiesPageTestCases.click_on_random_city_test()[pri:3, instance:com.eduven.testcase.CitiesPageTestCases@53aad5d5] output={null}]]]>
              </value>
            </param>
          </params>
          <reporter-output>
          </reporter-output>
        </test-method> <!-- tearDown -->
        <test-method status="PASS" signature="verify_random_city_header_txt_and_sub_category_header_test()[pri:4, instance:com.eduven.testcase.CitiesPageTestCases@53aad5d5]" name="verify_random_city_header_txt_and_sub_category_header_test" duration-ms="4766" started-at="2016-07-08T19:51:07Z" finished-at="2016-07-08T19:51:12Z">
          <reporter-output>
          </reporter-output>
        </test-method> <!-- verify_random_city_header_txt_and_sub_category_header_test -->
        <test-method status="PASS" signature="tearDown(org.testng.ITestResult)[pri:0, instance:com.eduven.testcase.CitiesPageTestCases@53aad5d5]" name="tearDown" is-config="true" duration-ms="0" started-at="2016-07-08T19:51:12Z" finished-at="2016-07-08T19:51:12Z">
          <params>
            <param index="0">
              <value>
                <![CDATA[[TestResult name=verify_random_city_header_txt_and_sub_category_header_test status=SUCCESS method=CitiesPageTestCases.verify_random_city_header_txt_and_sub_category_header_test()[pri:4, instance:com.eduven.testcase.CitiesPageTestCases@53aad5d5] output={null}]]]>
              </value>
            </param>
          </params>
          <reporter-output>
          </reporter-output>
        </test-method> <!-- tearDown -->
        <test-method status="PASS" signature="cities_page_verify_contribute_entity_test()[pri:5, instance:com.eduven.testcase.CitiesPageTestCases@53aad5d5]" name="cities_page_verify_contribute_entity_test" duration-ms="14334" started-at="2016-07-08T19:51:12Z" finished-at="2016-07-08T19:51:26Z">
          <reporter-output>
          </reporter-output>
        </test-method> <!-- cities_page_verify_contribute_entity_test -->
        <test-method status="PASS" signature="tearDown(org.testng.ITestResult)[pri:0, instance:com.eduven.testcase.CitiesPageTestCases@53aad5d5]" name="tearDown" is-config="true" duration-ms="1" started-at="2016-07-08T19:51:26Z" finished-at="2016-07-08T19:51:26Z">
          <params>
            <param index="0">
              <value>
                <![CDATA[[TestResult name=cities_page_verify_contribute_entity_test status=SUCCESS method=CitiesPageTestCases.cities_page_verify_contribute_entity_test()[pri:5, instance:com.eduven.testcase.CitiesPageTestCases@53aad5d5] output={null}]]]>
              </value>
            </param>
          </params>
          <reporter-output>
          </reporter-output>
        </test-method> <!-- tearDown -->
        <test-method status="PASS" signature="remove_random_category_from_filter_layout_test()[pri:6, instance:com.eduven.testcase.CitiesPageTestCases@53aad5d5]" name="remove_random_category_from_filter_layout_test" duration-ms="10749" started-at="2016-07-08T19:51:26Z" finished-at="2016-07-08T19:51:37Z">
          <reporter-output>
          </reporter-output>
        </test-method> <!-- remove_random_category_from_filter_layout_test -->
        <test-method status="PASS" signature="tearDown(org.testng.ITestResult)[pri:0, instance:com.eduven.testcase.CitiesPageTestCases@53aad5d5]" name="tearDown" is-config="true" duration-ms="1" started-at="2016-07-08T19:51:37Z" finished-at="2016-07-08T19:51:37Z">
          <params>
            <param index="0">
              <value>
                <![CDATA[[TestResult name=remove_random_category_from_filter_layout_test status=SUCCESS method=CitiesPageTestCases.remove_random_category_from_filter_layout_test()[pri:6, instance:com.eduven.testcase.CitiesPageTestCases@53aad5d5] output={null}]]]>
              </value>
            </param>
          </params>
          <reporter-output>
          </reporter-output>
        </test-method> <!-- tearDown -->
        <test-method status="PASS" signature="verify_city_name_correspond_to_country_name_test()[pri:7, instance:com.eduven.testcase.CitiesPageTestCases@53aad5d5]" name="verify_city_name_correspond_to_country_name_test" duration-ms="607509" started-at="2016-07-08T19:51:37Z" finished-at="2016-07-08T20:01:45Z">
          <reporter-output>
          </reporter-output>
        </test-method> <!-- verify_city_name_correspond_to_country_name_test -->
        <test-method status="PASS" signature="close_app()[pri:0, instance:com.eduven.testcase.CitiesPageTestCases@53aad5d5]" name="close_app" is-config="true" duration-ms="47202" started-at="2016-07-08T20:01:45Z" finished-at="2016-07-08T20:02:32Z">
          <reporter-output>
          </reporter-output>
        </test-method> <!-- close_app -->
        <test-method status="PASS" signature="tearDown(org.testng.ITestResult)[pri:0, instance:com.eduven.testcase.CitiesPageTestCases@53aad5d5]" name="tearDown" is-config="true" duration-ms="0" started-at="2016-07-08T20:01:45Z" finished-at="2016-07-08T20:01:45Z">
          <params>
            <param index="0">
              <value>
                <![CDATA[[TestResult name=verify_city_name_correspond_to_country_name_test status=SUCCESS method=CitiesPageTestCases.verify_city_name_correspond_to_country_name_test()[pri:7, instance:com.eduven.testcase.CitiesPageTestCases@53aad5d5] output={null}]]]>
              </value>
            </param>
          </params>
          <reporter-output>
          </reporter-output>
        </test-method> <!-- tearDown -->
      </class> <!-- com.eduven.testcase.CitiesPageTestCases -->
    </test> <!-- Regression Testing -->
  </suite> <!-- Suite For Android Testing -->
</testng-results>
