<?xml version="1.0" encoding="UTF-8"?>
<!-- Generated by org.testng.reporters.JUnitReportReporter -->
<testsuite hostname="Hiteshs-Mac-mini-2.local" name="com.eduven.testcase.EntityDetailPageTestCases" tests="10" failures="0" timestamp="25 Apr 2016 13:58:31 GMT" time="247.197" errors="1">
  <testcase name="entityDetailPage_navigate_to_wordsearchlist_page_test" time="18.912" classname="com.eduven.testcase.EntityDetailPageTestCases"/>
  <testcase name="contributePage_verify_contribute_title_and_description_test" time="5.932" classname="com.eduven.testcase.EntityDetailPageTestCases"/>
  <testcase name="entityDetailPage_verify_entityName_for_next_btn_test" time="4.559" classname="com.eduven.testcase.EntityDetailPageTestCases"/>
  <testcase name="entityDetailPage_verify_entityName_for_previous_btn_test" time="4.481" classname="com.eduven.testcase.EntityDetailPageTestCases"/>
  <testcase name="contributePage_navigate_to_contribute_page_test" time="50.675" classname="com.eduven.testcase.EntityDetailPageTestCases"/>
  <testcase name="entityDetailPage_verify_autoPlay_audio_test" time="11.030" classname="com.eduven.testcase.EntityDetailPageTestCases"/>
  <testcase name="entityDetailPage_free_entity_test" time="40.417" classname="com.eduven.testcase.EntityDetailPageTestCases">
    <error type="org.openqa.selenium.NoSuchElementException" message="An element could not be located on the page using the given search parameters. (WARNING: The server did not provide any stacktrace information)
Command duration or timeout: 38.49 seconds
For documentation on this error, please visit: http://seleniumhq.org/exceptions/no_such_element.html
Build info: version: &#039;2.51.0&#039;, revision: &#039;1af067d&#039;, time: &#039;2016-02-05 19:11:55&#039;
System info: host: &#039;Hiteshs-Mac-mini-2.local&#039;, ip: &#039;10.30.30.97&#039;, os.name: &#039;Mac OS X&#039;, os.arch: &#039;x86_64&#039;, os.version: &#039;10.10.5&#039;, java.version: &#039;1.8.0_74&#039;
Driver info: io.appium.java_client.android.AndroidDriver
Capabilities [{app=/Users/hiteshbhardwaj/Desktop/Automation/app/apps-football-debug.apk, appPackage=com.eduven.ld.dict.soccer, networkConnectionEnabled=true, warnings={}, appiumVersion=1.4.13, databaseEnabled=false, deviceName=015d172c9a1c180c, platform=LINUX, appActivity=com.eduven.ld.dict.activity.SplashActivity, desired={app=/Users/hiteshbhardwaj/Desktop/Automation/app/apps-football-debug.apk, appPackage=com.eduven.ld.dict.soccer, appActivity=com.eduven.ld.dict.activity.SplashActivity, newCommandTimeout=2000, platformVersion=6.0.1, appiumVersion=1.4.13, automationName=Appium, platformName=Android, deviceName=015d172c9a1c180c}, newCommandTimeout=2000, platformVersion=5.1.1, webStorageEnabled=false, locationContextEnabled=false, automationName=Appium, browserName=Android, takesScreenshot=true, javascriptEnabled=true, platformName=Android}]
Session ID: f26a988e-4635-490a-a601-682680cb2194
*** Element info: {Using=-android uiautomator, value=new UiScrollable(new UiSelector().scrollable(true).instance(0)).scrollIntoView(new UiSelector().description(&quot;Flooding&quot;).instance(0));new UiScrollable(new UiSelector().scrollable(true).instance(0)).scrollIntoView(new UiSelector().text(&quot;Flooding&quot;).instance(0));}">
      <![CDATA[org.openqa.selenium.NoSuchElementException: An element could not be located on the page using the given search parameters. (WARNING: The server did not provide any stacktrace information)
Command duration or timeout: 38.49 seconds
For documentation on this error, please visit: http://seleniumhq.org/exceptions/no_such_element.html
Build info: version: '2.51.0', revision: '1af067d', time: '2016-02-05 19:11:55'
System info: host: 'Hiteshs-Mac-mini-2.local', ip: '10.30.30.97', os.name: 'Mac OS X', os.arch: 'x86_64', os.version: '10.10.5', java.version: '1.8.0_74'
Driver info: io.appium.java_client.android.AndroidDriver
Capabilities [{app=/Users/hiteshbhardwaj/Desktop/Automation/app/apps-football-debug.apk, appPackage=com.eduven.ld.dict.soccer, networkConnectionEnabled=true, warnings={}, appiumVersion=1.4.13, databaseEnabled=false, deviceName=015d172c9a1c180c, platform=LINUX, appActivity=com.eduven.ld.dict.activity.SplashActivity, desired={app=/Users/hiteshbhardwaj/Desktop/Automation/app/apps-football-debug.apk, appPackage=com.eduven.ld.dict.soccer, appActivity=com.eduven.ld.dict.activity.SplashActivity, newCommandTimeout=2000, platformVersion=6.0.1, appiumVersion=1.4.13, automationName=Appium, platformName=Android, deviceName=015d172c9a1c180c}, newCommandTimeout=2000, platformVersion=5.1.1, webStorageEnabled=false, locationContextEnabled=false, automationName=Appium, browserName=Android, takesScreenshot=true, javascriptEnabled=true, platformName=Android}]
Session ID: f26a988e-4635-490a-a601-682680cb2194
*** Element info: {Using=-android uiautomator, value=new UiScrollable(new UiSelector().scrollable(true).instance(0)).scrollIntoView(new UiSelector().description("Flooding").instance(0));new UiScrollable(new UiSelector().scrollable(true).instance(0)).scrollIntoView(new UiSelector().text("Flooding").instance(0));}
	at sun.reflect.GeneratedConstructorAccessor47.newInstance(Unknown Source)
	at sun.reflect.DelegatingConstructorAccessorImpl.newInstance(DelegatingConstructorAccessorImpl.java:45)
	at java.lang.reflect.Constructor.newInstance(Constructor.java:423)
	at org.openqa.selenium.remote.ErrorHandler.createThrowable(ErrorHandler.java:206)
	at org.openqa.selenium.remote.ErrorHandler.throwIfResponseFailed(ErrorHandler.java:158)
	at org.openqa.selenium.remote.RemoteWebDriver.execute(RemoteWebDriver.java:678)
	at io.appium.java_client.DefaultGenericMobileDriver.execute(DefaultGenericMobileDriver.java:42)
	at io.appium.java_client.AppiumDriver.execute(AppiumDriver.java:1)
	at io.appium.java_client.android.AndroidDriver.execute(AndroidDriver.java:1)
	at org.openqa.selenium.remote.RemoteWebDriver.findElement(RemoteWebDriver.java:363)
	at io.appium.java_client.android.AndroidDriver.findElementByAndroidUIAutomator(AndroidDriver.java:394)
	at io.appium.java_client.android.AndroidDriver.scrollToExact(AndroidDriver.java:149)
	at com.eduven.utils.Reusables.click_using_scroll_to_exact_txt(Reusables.java:578)
	at com.eduven.utils.Reusables.check_free_entity(Reusables.java:476)
	at com.eduven.testcase.EntityDetailPageTestCases.entityDetailPage_free_entity_test(EntityDetailPageTestCases.java:39)
	at sun.reflect.NativeMethodAccessorImpl.invoke0(Native Method)
	at sun.reflect.NativeMethodAccessorImpl.invoke(NativeMethodAccessorImpl.java:62)
	at sun.reflect.DelegatingMethodAccessorImpl.invoke(DelegatingMethodAccessorImpl.java:43)
	at java.lang.reflect.Method.invoke(Method.java:498)
	at org.testng.internal.MethodInvocationHelper.invokeMethod(MethodInvocationHelper.java:85)
	at org.testng.internal.Invoker.invokeMethod(Invoker.java:639)
	at org.testng.internal.Invoker.invokeTestMethod(Invoker.java:816)
	at org.testng.internal.Invoker.invokeTestMethods(Invoker.java:1124)
	at org.testng.internal.TestMethodWorker.invokeTestMethods(TestMethodWorker.java:125)
	at org.testng.internal.TestMethodWorker.run(TestMethodWorker.java:108)
	at org.testng.TestRunner.privateRun(TestRunner.java:774)
	at org.testng.TestRunner.run(TestRunner.java:624)
	at org.testng.SuiteRunner.runTest(SuiteRunner.java:359)
	at org.testng.SuiteRunner.runSequentially(SuiteRunner.java:354)
	at org.testng.SuiteRunner.privateRun(SuiteRunner.java:312)
	at org.testng.SuiteRunner.run(SuiteRunner.java:261)
	at org.testng.SuiteRunnerWorker.runSuite(SuiteRunnerWorker.java:52)
	at org.testng.SuiteRunnerWorker.run(SuiteRunnerWorker.java:86)
	at org.testng.TestNG.runSuitesSequentially(TestNG.java:1215)
	at org.testng.TestNG.runSuitesLocally(TestNG.java:1140)
	at org.testng.TestNG.run(TestNG.java:1048)
	at com.eduven.utils.RunTestng.main(RunTestng.java:61)
]]>
    </error>
  </testcase> <!-- entityDetailPage_free_entity_test -->
  <testcase name="entitydeatilpage_navigate_to_entityDetail_page_test" time="47.350" classname="com.eduven.testcase.EntityDetailPageTestCases"/>
  <testcase name="entityDetailPage_premium_entity_test" time="52.884" classname="com.eduven.testcase.EntityDetailPageTestCases"/>
  <testcase name="entityDetailPage_verify_speak_audio_test" time="10.957" classname="com.eduven.testcase.EntityDetailPageTestCases"/>
</testsuite> <!-- com.eduven.testcase.EntityDetailPageTestCases -->
