<?xml version="1.0" encoding="UTF-8"?>
<!-- Generated by org.testng.reporters.JUnitReportReporter -->
<testsuite hostname="Hitesh-Mac-Mini.local" name="com.eduven.testcase.QuickGuideTestCases" tests="5" failures="0" timestamp="30 Aug 2016 10:20:12 GMT" time="149.983" errors="1">
  <testcase name="verifyElementOnQuickGuidePageTest" time="0.156" classname="com.eduven.testcase.QuickGuideTestCases"/>
  <testcase name="navigate_to_quick_guide_test" time="2.819" classname="com.eduven.testcase.QuickGuideTestCases"/>
  <testcase name="verifyBackwardNavigationTest" time="2.351" classname="com.eduven.testcase.QuickGuideTestCases"/>
  <testcase name="verifyForwardNavigationTest" time="3.470" classname="com.eduven.testcase.QuickGuideTestCases"/>
  <testcase name="verify_home_page_header_text_test" time="141.187" classname="com.eduven.testcase.QuickGuideTestCases">
    <error type="org.openqa.selenium.TimeoutException" message="Timed out after 60 seconds waiting for visibility of element located by By.name: Finance Dictionary
Build info: version: &#039;2.51.0&#039;, revision: &#039;1af067d&#039;, time: &#039;2016-02-05 19:11:55&#039;
System info: host: &#039;Hitesh-Mac-Mini.local&#039;, ip: &#039;10.30.30.97&#039;, os.name: &#039;Mac OS X&#039;, os.arch: &#039;x86_64&#039;, os.version: &#039;10.11.6&#039;, java.version: &#039;1.8.0_74&#039;
Driver info: io.appium.java_client.android.AndroidDriver
Capabilities [{app=/Users/hiteshbhardwaj/Desktop/Automation/app/DictionaryFrameworkAndroid/apps-chemistry-debug.apk, appPackage=com.eduven.ld.dict.chemistry, networkConnectionEnabled=true, warnings={}, appiumVersion=1.4.13, databaseEnabled=false, deviceName=ZX1G4228HP, platform=LINUX, appActivity=com.eduven.ld.dict.activity.SplashActivity, desired={app=/Users/hiteshbhardwaj/Desktop/Automation/app/DictionaryFrameworkAndroid/apps-chemistry-debug.apk, appPackage=com.eduven.ld.dict.chemistry, appActivity=com.eduven.ld.dict.activity.SplashActivity, newCommandTimeout=2000, platformVersion=6.0.1, appiumVersion=1.4.13, automationName=Appium, platformName=Android, deviceName=ZX1G4228HP}, newCommandTimeout=2000, platformVersion=6.0.1, webStorageEnabled=false, locationContextEnabled=false, automationName=Appium, browserName=Android, takesScreenshot=true, javascriptEnabled=true, platformName=Android}]
Session ID: 832ba087-b4e1-414d-a613-5cf21250d78f">
      <![CDATA[org.openqa.selenium.TimeoutException: Timed out after 60 seconds waiting for visibility of element located by By.name: Finance Dictionary
Build info: version: '2.51.0', revision: '1af067d', time: '2016-02-05 19:11:55'
System info: host: 'Hitesh-Mac-Mini.local', ip: '10.30.30.97', os.name: 'Mac OS X', os.arch: 'x86_64', os.version: '10.11.6', java.version: '1.8.0_74'
Driver info: io.appium.java_client.android.AndroidDriver
Capabilities [{app=/Users/hiteshbhardwaj/Desktop/Automation/app/DictionaryFrameworkAndroid/apps-chemistry-debug.apk, appPackage=com.eduven.ld.dict.chemistry, networkConnectionEnabled=true, warnings={}, appiumVersion=1.4.13, databaseEnabled=false, deviceName=ZX1G4228HP, platform=LINUX, appActivity=com.eduven.ld.dict.activity.SplashActivity, desired={app=/Users/hiteshbhardwaj/Desktop/Automation/app/DictionaryFrameworkAndroid/apps-chemistry-debug.apk, appPackage=com.eduven.ld.dict.chemistry, appActivity=com.eduven.ld.dict.activity.SplashActivity, newCommandTimeout=2000, platformVersion=6.0.1, appiumVersion=1.4.13, automationName=Appium, platformName=Android, deviceName=ZX1G4228HP}, newCommandTimeout=2000, platformVersion=6.0.1, webStorageEnabled=false, locationContextEnabled=false, automationName=Appium, browserName=Android, takesScreenshot=true, javascriptEnabled=true, platformName=Android}]
Session ID: 832ba087-b4e1-414d-a613-5cf21250d78f
	at org.openqa.selenium.support.ui.WebDriverWait.timeoutException(WebDriverWait.java:80)
	at org.openqa.selenium.support.ui.FluentWait.until(FluentWait.java:261)
	at com.eduven.utils.Reusables.waitForElement(Reusables.java:82)
	at com.eduven.modules.HomePage.verifyHomePageHeaderTxt(HomePage.java:168)
	at com.eduven.testcase.QuickGuideTestCases.verify_home_page_header_text_test(QuickGuideTestCases.java:21)
	at sun.reflect.NativeMethodAccessorImpl.invoke0(Native Method)
	at sun.reflect.NativeMethodAccessorImpl.invoke(NativeMethodAccessorImpl.java:62)
	at sun.reflect.DelegatingMethodAccessorImpl.invoke(DelegatingMethodAccessorImpl.java:43)
	at java.lang.reflect.Method.invoke(Method.java:498)
	at org.testng.internal.MethodInvocationHelper.invokeMethod(MethodInvocationHelper.java:86)
	at org.testng.internal.Invoker.invokeMethod(Invoker.java:645)
	at org.testng.internal.Invoker.invokeTestMethod(Invoker.java:822)
	at org.testng.internal.Invoker.invokeTestMethods(Invoker.java:1130)
	at org.testng.internal.TestMethodWorker.invokeTestMethods(TestMethodWorker.java:129)
	at org.testng.internal.TestMethodWorker.run(TestMethodWorker.java:112)
	at org.testng.TestRunner.privateRun(TestRunner.java:782)
	at org.testng.TestRunner.run(TestRunner.java:632)
	at org.testng.SuiteRunner.runTest(SuiteRunner.java:366)
	at org.testng.SuiteRunner.runSequentially(SuiteRunner.java:361)
	at org.testng.SuiteRunner.privateRun(SuiteRunner.java:319)
	at org.testng.SuiteRunner.run(SuiteRunner.java:268)
	at org.testng.SuiteRunnerWorker.runSuite(SuiteRunnerWorker.java:52)
	at org.testng.SuiteRunnerWorker.run(SuiteRunnerWorker.java:86)
	at org.testng.TestNG.runSuitesSequentially(TestNG.java:1244)
	at org.testng.TestNG.runSuitesLocally(TestNG.java:1169)
	at org.testng.TestNG.run(TestNG.java:1064)
	at org.testng.remote.RemoteTestNG.run(RemoteTestNG.java:113)
	at org.testng.remote.RemoteTestNG.initAndRun(RemoteTestNG.java:206)
	at org.testng.remote.RemoteTestNG.main(RemoteTestNG.java:177)
Caused by: org.openqa.selenium.NoSuchElementException: An element could not be located on the page using the given search parameters. (WARNING: The server did not provide any stacktrace information)
Command duration or timeout: 60.78 seconds
For documentation on this error, please visit: http://seleniumhq.org/exceptions/no_such_element.html
Build info: version: '2.51.0', revision: '1af067d', time: '2016-02-05 19:11:55'
System info: host: 'Hitesh-Mac-Mini.local', ip: '10.30.30.97', os.name: 'Mac OS X', os.arch: 'x86_64', os.version: '10.11.6', java.version: '1.8.0_74'
Driver info: io.appium.java_client.android.AndroidDriver
Capabilities [{app=/Users/hiteshbhardwaj/Desktop/Automation/app/DictionaryFrameworkAndroid/apps-chemistry-debug.apk, appPackage=com.eduven.ld.dict.chemistry, networkConnectionEnabled=true, warnings={}, appiumVersion=1.4.13, databaseEnabled=false, deviceName=ZX1G4228HP, platform=LINUX, appActivity=com.eduven.ld.dict.activity.SplashActivity, desired={app=/Users/hiteshbhardwaj/Desktop/Automation/app/DictionaryFrameworkAndroid/apps-chemistry-debug.apk, appPackage=com.eduven.ld.dict.chemistry, appActivity=com.eduven.ld.dict.activity.SplashActivity, newCommandTimeout=2000, platformVersion=6.0.1, appiumVersion=1.4.13, automationName=Appium, platformName=Android, deviceName=ZX1G4228HP}, newCommandTimeout=2000, platformVersion=6.0.1, webStorageEnabled=false, locationContextEnabled=false, automationName=Appium, browserName=Android, takesScreenshot=true, javascriptEnabled=true, platformName=Android}]
Session ID: 832ba087-b4e1-414d-a613-5cf21250d78f
*** Element info: {Using=name, value=Finance Dictionary}
	at sun.reflect.NativeConstructorAccessorImpl.newInstance0(Native Method)
	at sun.reflect.NativeConstructorAccessorImpl.newInstance(NativeConstructorAccessorImpl.java:62)
	at sun.reflect.DelegatingConstructorAccessorImpl.newInstance(DelegatingConstructorAccessorImpl.java:45)
	at java.lang.reflect.Constructor.newInstance(Constructor.java:423)
	at org.openqa.selenium.remote.ErrorHandler.createThrowable(ErrorHandler.java:206)
	at org.openqa.selenium.remote.ErrorHandler.throwIfResponseFailed(ErrorHandler.java:158)
	at org.openqa.selenium.remote.RemoteWebDriver.execute(RemoteWebDriver.java:678)
	at io.appium.java_client.DefaultGenericMobileDriver.execute(DefaultGenericMobileDriver.java:43)
	at io.appium.java_client.AppiumDriver.execute(AppiumDriver.java:1)
	at io.appium.java_client.android.AndroidDriver.execute(AndroidDriver.java:1)
	at org.openqa.selenium.remote.RemoteWebDriver.findElement(RemoteWebDriver.java:363)
	at org.openqa.selenium.remote.RemoteWebDriver.findElementByName(RemoteWebDriver.java:461)
	at io.appium.java_client.DefaultGenericMobileDriver.findElementByName(DefaultGenericMobileDriver.java:99)
	at io.appium.java_client.AppiumDriver.findElementByName(AppiumDriver.java:1)
	at io.appium.java_client.android.AndroidDriver.findElementByName(AndroidDriver.java:1)
	at org.openqa.selenium.By$ByName.findElement(By.java:303)
	at org.openqa.selenium.remote.RemoteWebDriver.findElement(RemoteWebDriver.java:355)
	at io.appium.java_client.DefaultGenericMobileDriver.findElement(DefaultGenericMobileDriver.java:51)
	at io.appium.java_client.AppiumDriver.findElement(AppiumDriver.java:1)
	at io.appium.java_client.android.AndroidDriver.findElement(AndroidDriver.java:1)
	at org.openqa.selenium.support.ui.ExpectedConditions.findElement(ExpectedConditions.java:911)
	at org.openqa.selenium.support.ui.ExpectedConditions.access$0(ExpectedConditions.java:909)
	at org.openqa.selenium.support.ui.ExpectedConditions$7.apply(ExpectedConditions.java:205)
	at org.openqa.selenium.support.ui.ExpectedConditions$7.apply(ExpectedConditions.java:1)
	at org.openqa.selenium.support.ui.FluentWait.until(FluentWait.java:238)
	... 27 more
]]>
    </error>
  </testcase> <!-- verify_home_page_header_text_test -->
</testsuite> <!-- com.eduven.testcase.QuickGuideTestCases -->
