<!DOCTYPE html PUBLIC "-//W3C//DTD XHTML 1.1//EN" "http://www.w3.org/TR/xhtml11/DTD/xhtml11.dtd">
<html xmlns="http://www.w3.org/1999/xhtml"><head><title>TestNG Report</title><style type="text/css">table {margin-bottom:10px;border-collapse:collapse;empty-cells:show}th,td {border:1px solid #009;padding:.25em .5em}th {vertical-align:bottom}td {vertical-align:top}table a {font-weight:bold}.stripe td {background-color: #E6EBF9}.num {text-align:right}.passedodd td {background-color: #3F3}.passedeven td {background-color: #0A0}.skippedodd td {background-color: #DDD}.skippedeven td {background-color: #CCC}.failedodd td,.attn {background-color: #F33}.failedeven td,.stripe .attn {background-color: #D00}.stacktrace {white-space:pre;font-family:monospace}.totop {font-size:85%;text-align:center;border-bottom:2px solid #000}</style></head><body><table><tr><th>Test</th><th># Passed</th><th># Skipped</th><th># Failed</th><th>Time (ms)</th><th>Included Groups</th><th>Excluded Groups</th></tr><tr><th colspan="7">Suite For Ios Testing</th></tr><tr><td><a href="#t0">Regression Testing Learn Tamil</a></td><td class="num">113</td><td class="num">0</td><td class="num attn">5</td><td class="num">7,330,596</td><td></td><td></td></tr></table><table><thead><tr><th>Class</th><th>Method</th><th>Start</th><th>Time (ms)</th></tr></thead><tbody><tr><th colspan="4">Suite For Ios Testing</th></tr></tbody><tbody id="t0"><tr><th colspan="4">Regression Testing Learn Tamil &#8212; failed (configuration methods)</th></tr><tr class="failedeven"><td rowspan="1">com.eduven.testcase.CheckInterstetialAfterPurchase</td><td><a href="#m0">tearDown</a></td><td rowspan="1">1481279490407</td><td rowspan="1">0</td></tr><tr><th colspan="4">Regression Testing Learn Tamil &#8212; failed</th></tr><tr class="failedeven"><td rowspan="1">com.eduven.testcase.CheckInterstetialBeforePurchase</td><td><a href="#m1">verifyInterstetialForInAppTest</a></td><td rowspan="1">1481277614718</td><td rowspan="1">41529</td></tr><tr class="failedodd"><td rowspan="1">com.eduven.testcase.EvMenuPageTestCases</td><td><a href="#m2">verifyMoreAppsPageTest</a></td><td rowspan="1">1481274746244</td><td rowspan="1">79252</td></tr><tr class="failedeven"><td rowspan="1">com.eduven.testcase.GamesPageTestCases</td><td><a href="#m3">verifyElementOnMainGamePageTest</a></td><td rowspan="1">1481274354384</td><td rowspan="1">91836</td></tr><tr class="failedodd"><td rowspan="1">com.eduven.testcase.SearchPageTestCases</td><td><a href="#m4">searchPageAudioTest</a></td><td rowspan="1">1481274040557</td><td rowspan="1">8353</td></tr><tr class="failedeven"><td rowspan="1">com.eduven.testcase.SwitchLanguagePageTestCases</td><td><a href="#m5">verifyCategoryListAfterBaseLanguageChangeTest</a></td><td rowspan="1">1481279273299</td><td rowspan="1">14240</td></tr><tr><th colspan="4">Regression Testing Learn Tamil &#8212; skipped (configuration methods)</th></tr><tr class="skippedeven"><td rowspan="2">com.eduven.testcase.CheckInterstetialAfterPurchase</td><td><a href="#m6">tearDown</a></td><td rowspan="2">1481279490408</td><td rowspan="2">0</td></tr><tr class="skippedeven"><td><a href="#m7">tearDown</a></td></tr><tr><th colspan="4">Regression Testing Learn Tamil &#8212; passed</th></tr><tr class="passedeven"><td rowspan="8">com.eduven.testcase.AutoPlayPageTestCases</td><td><a href="#m8">autoPlayButtonForPlayButtonTest</a></td><td rowspan="1">1481277296219</td><td rowspan="1">15954</td></tr><tr class="passedeven"><td><a href="#m9">handlingRateTheAppPopupTest</a></td><td rowspan="1">1481277054833</td><td rowspan="1">63237</td></tr><tr class="passedeven"><td><a href="#m10">increaseDealayTimeTest</a></td><td rowspan="1">1481277290706</td><td rowspan="1">5513</td></tr><tr class="passedeven"><td><a href="#m11">languageSelectionTest</a></td><td rowspan="1">1481277118071</td><td rowspan="1">111975</td></tr><tr class="passedeven"><td><a href="#m12">selectRandomCategoryTest</a></td><td rowspan="1">1481277232236</td><td rowspan="1">36258</td></tr><tr class="passedeven"><td><a href="#m13">verifyAutoPlayButtonTest</a></td><td rowspan="1">1481277268494</td><td rowspan="1">22211</td></tr><tr class="passedeven"><td><a href="#m14">verifyCategoryHeaderTxt</a></td><td rowspan="1">1481277230046</td><td rowspan="1">2189</td></tr><tr class="passedeven"><td><a href="#m15">verify_auto_play_works_test</a></td><td rowspan="1">1481277312174</td><td rowspan="1">0</td></tr><tr class="passedodd"><td rowspan="4">com.eduven.testcase.CategoryPageTestCases</td><td><a href="#m16">handlingRateTheAppPopupTest</a></td><td rowspan="1">1481272350467</td><td rowspan="1">63536</td></tr><tr class="passedodd"><td><a href="#m17">languageSelectionTest</a></td><td rowspan="1">1481272414003</td><td rowspan="1">113519</td></tr><tr class="passedodd"><td><a href="#m18">verifyCategoriesList</a></td><td rowspan="1">1481272529710</td><td rowspan="1">451060</td></tr><tr class="passedodd"><td><a href="#m19">verifyCategoryHeaderTxt</a></td><td rowspan="1">1481272527523</td><td rowspan="1">2186</td></tr><tr class="passedeven"><td rowspan="3">com.eduven.testcase.CheckInterstetialAfterPurchase</td><td><a href="#m20">handlingRateTheAppPopupTest</a></td><td rowspan="1">1481278371583</td><td rowspan="1">67537</td></tr><tr class="passedeven"><td><a href="#m21">languageSelectionTest</a></td><td rowspan="1">1481278439120</td><td rowspan="1">110769</td></tr><tr class="passedeven"><td><a href="#m22">verifyInterstetialForQuizTest</a></td><td rowspan="1">1481278549889</td><td rowspan="1">127677</td></tr><tr class="passedodd"><td rowspan="3">com.eduven.testcase.CheckInterstetialBeforePurchase</td><td><a href="#m23">handlingRateTheAppPopupTest</a></td><td rowspan="1">1481277337778</td><td rowspan="1">62849</td></tr><tr class="passedodd"><td><a href="#m24">languageSelectionTest</a></td><td rowspan="1">1481277400627</td><td rowspan="1">111459</td></tr><tr class="passedodd"><td><a href="#m25">verifyInterstetialForQuizTest</a></td><td rowspan="1">1481277512086</td><td rowspan="1">102632</td></tr><tr class="passedeven"><td rowspan="17">com.eduven.testcase.EduBankPageTestCases</td><td><a href="#m26">addTermInEdubankForQuicklistTest</a></td><td rowspan="1">1481273602702</td><td rowspan="1">87187</td></tr><tr class="passedeven"><td><a href="#m27">addTermInEdubankTest</a></td><td rowspan="1">1481273310395</td><td rowspan="1">43378</td></tr><tr class="passedeven"><td><a href="#m28">handlingRateAppPopupTest</a></td><td rowspan="1">1481273020412</td><td rowspan="1">62377</td></tr><tr class="passedeven"><td><a href="#m29">languageSelectionTest</a></td><td rowspan="1">1481273082790</td><td rowspan="1">113092</td></tr><tr class="passedeven"><td><a href="#m30">navigateToEdubankQuicklistTest</a></td><td rowspan="1">1481273453381</td><td rowspan="1">90404</td></tr><tr class="passedeven"><td><a href="#m31">navigateToEdubankTest</a></td><td rowspan="1">1481273195882</td><td rowspan="1">90273</td></tr><tr class="passedeven"><td><a href="#m32">navigateToQuicklistPageTest</a></td><td rowspan="1">1481273543786</td><td rowspan="1">29466</td></tr><tr class="passedeven"><td><a href="#m33">navigateToQuicklistTermPageTest</a></td><td rowspan="1">1481273573252</td><td rowspan="1">29449</td></tr><tr class="passedeven"><td><a href="#m34">navigateToTermPageTest</a></td><td rowspan="1">1481273286156</td><td rowspan="1">24238</td></tr><tr class="passedeven"><td><a href="#m35">removeAllTermsFromEdubankForQuicklistTest</a></td><td rowspan="1">1481273764249</td><td rowspan="1">3565</td></tr><tr class="passedeven"><td><a href="#m36">removeAllTermsFromEdubankTest</a></td><td rowspan="1">1481273445713</td><td rowspan="1">7668</td></tr><tr class="passedeven"><td><a href="#m37">removeTermsFromEdubankForQuicklistTest</a></td><td rowspan="1">1481273725936</td><td rowspan="1">6639</td></tr><tr class="passedeven"><td><a href="#m38">removeTermsFromEdubankTest</a></td><td rowspan="1">1481273407545</td><td rowspan="1">6649</td></tr><tr class="passedeven"><td><a href="#m39">verifyAddedTermInEdubankAfterRemovedItTest</a></td><td rowspan="1">1481273414195</td><td rowspan="1">31518</td></tr><tr class="passedeven"><td><a href="#m40">verifyAddedTermInEdubankForQuicklistAfterRemoveOneTermTest</a></td><td rowspan="1">1481273732576</td><td rowspan="1">31672</td></tr><tr class="passedeven"><td><a href="#m41">verifyAddedTermInEdubankForQuicklistTest</a></td><td rowspan="1">1481273689890</td><td rowspan="1">36045</td></tr><tr class="passedeven"><td><a href="#m42">verifyAddedTermInEdubankTest</a></td><td rowspan="1">1481273353774</td><td rowspan="1">53770</td></tr><tr class="passedodd"><td rowspan="18">com.eduven.testcase.EvMenuPageTestCases</td><td><a href="#m43">categorySettingPageTest</a></td><td rowspan="1">1481275052761</td><td rowspan="1">106732</td></tr><tr class="passedodd"><td><a href="#m44">dislcaimerPageTest</a></td><td rowspan="1">1481275256815</td><td rowspan="1">69909</td></tr><tr class="passedodd"><td><a href="#m45">faqsPageTest</a></td><td rowspan="1">1481275326725</td><td rowspan="1">72430</td></tr><tr class="passedodd"><td><a href="#m46">getInTouchPageTest</a></td><td rowspan="1">1481275256814</td><td rowspan="1">0</td></tr><tr class="passedodd"><td><a href="#m47">handlingRateTheAppPopupTest</a></td><td rowspan="1">1481274535325</td><td rowspan="1">63395</td></tr><tr class="passedodd"><td><a href="#m48">languageSelectionTest</a></td><td rowspan="1">1481274598720</td><td rowspan="1">111934</td></tr><tr class="passedodd"><td><a href="#m49">navigateToContributePageTest</a></td><td rowspan="1">1481274828211</td><td rowspan="1">27324</td></tr><tr class="passedodd"><td><a href="#m50">navigateToMoreAppsPageTest</a></td><td rowspan="1">1481274710655</td><td rowspan="1">35589</td></tr><tr class="passedodd"><td><a href="#m51">privacyPolicyPageTest</a></td><td rowspan="1">1481275471702</td><td rowspan="1">75395</td></tr><tr class="passedodd"><td><a href="#m52">rateThisAppTest</a></td><td rowspan="1">1481275715955</td><td rowspan="1">0</td></tr><tr class="passedodd"><td><a href="#m53">selectAllCategoryInCategorySettingPageTest</a></td><td rowspan="1">1481275547099</td><td rowspan="1">86959</td></tr><tr class="passedodd"><td><a href="#m54">selectAllCategoryInWordOffTheDayPageTest</a></td><td rowspan="1">1481275634059</td><td rowspan="1">81895</td></tr><tr class="passedodd"><td><a href="#m55">termAndConditionPageTest</a></td><td rowspan="1">1481275399155</td><td rowspan="1">72547</td></tr><tr class="passedodd"><td><a href="#m56">verifyContributePageWithCategoryTest</a></td><td rowspan="1">1481274878546</td><td rowspan="1">57375</td></tr><tr class="passedodd"><td><a href="#m57">verifyContributePageWithRequiredTextTest</a></td><td rowspan="1">1481274981767</td><td rowspan="1">70993</td></tr><tr class="passedodd"><td><a href="#m58">verifyContributePageWithWordTest</a></td><td rowspan="1">1481274935921</td><td rowspan="1">45845</td></tr><tr class="passedodd"><td><a href="#m59">verifyContributePageWithoutTextTest</a></td><td rowspan="1">1481274855535</td><td rowspan="1">23010</td></tr><tr class="passedodd"><td><a href="#m60">wordOfTheDayTest</a></td><td rowspan="1">1481275159493</td><td rowspan="1">97320</td></tr><tr class="passedeven"><td rowspan="9">com.eduven.testcase.GamesPageTestCases</td><td><a href="#m61">handlingRateTheAppPopupTest</a></td><td rowspan="1">1481274121453</td><td rowspan="1">63021</td></tr><tr class="passedeven"><td><a href="#m62">languageSelectionTest</a></td><td rowspan="1">1481274184475</td><td rowspan="1">111404</td></tr><tr class="passedeven"><td><a href="#m63">selectGamesFromGameListTest</a></td><td rowspan="1">1481274313424</td><td rowspan="1">8608</td></tr><tr class="passedeven"><td><a href="#m64">startGamesTest</a></td><td rowspan="1">1481274339637</td><td rowspan="1">14747</td></tr><tr class="passedeven"><td><a href="#m65">verifyAttemptedQuestionOnScoreBoardTest</a></td><td rowspan="1">1481274448910</td><td rowspan="1">30513</td></tr><tr class="passedeven"><td><a href="#m66">verifyGamesListNavigationTest</a></td><td rowspan="1">1481274313423</td><td rowspan="1">0</td></tr><tr class="passedeven"><td><a href="#m67">verifyNavigationToGamesPageTest</a></td><td rowspan="1">1481274295880</td><td rowspan="1">17543</td></tr><tr class="passedeven"><td><a href="#m68">verifyQuestionCountTest</a></td><td rowspan="1">1481274322033</td><td rowspan="1">17604</td></tr><tr class="passedeven"><td><a href="#m69">verifyWrongAttemptedQuestionOnScoreBoardTest</a></td><td rowspan="1">1481274479424</td><td rowspan="1">30838</td></tr><tr class="passedodd"><td rowspan="8">com.eduven.testcase.HomePageTestCases</td><td><a href="#m70">handlingRateTheAppPopupTest</a></td><td rowspan="1">1481272237683</td><td rowspan="1">64281</td></tr><tr class="passedodd"><td><a href="#m71">languageSelectionTest</a></td><td rowspan="1">1481272159862</td><td rowspan="1">77818</td></tr><tr class="passedodd"><td><a href="#m72">verifyElementOnHomePageTest</a></td><td rowspan="1">1481272301965</td><td rowspan="1">9826</td></tr><tr class="passedodd"><td><a href="#m73">verifyFooterEdubankButtonOnHomePageTest</a></td><td rowspan="1">1481272314009</td><td rowspan="1">2079</td></tr><tr class="passedodd"><td><a href="#m74">verifyFooterGameButtonOnHomePageTest</a></td><td rowspan="1">1481272318291</td><td rowspan="1">2214</td></tr><tr class="passedodd"><td><a href="#m75">verifyFooterPurchaseButtonOnHomePageTest</a></td><td rowspan="1">1481272316089</td><td rowspan="1">2201</td></tr><tr class="passedodd"><td><a href="#m76">verifyFooterQuicklistButtonOnHomePageTest</a></td><td rowspan="1">1481272311792</td><td rowspan="1">2216</td></tr><tr class="passedodd"><td><a href="#m77">verifyFooterSwitchLingoButtonOnHomePageTest</a></td><td rowspan="1">1481272320506</td><td rowspan="1">2052</td></tr><tr class="passedeven"><td rowspan="7">com.eduven.testcase.PurchaseTestCases</td><td><a href="#m78">buyAppPurchaseTest</a></td><td rowspan="1">1481277967110</td><td rowspan="1">282492</td></tr><tr class="passedeven"><td><a href="#m79">handlingRateTheAppPopupTest</a></td><td rowspan="1">1481277681553</td><td rowspan="1">62875</td></tr><tr class="passedeven"><td><a href="#m80">languageSelectionTest</a></td><td rowspan="1">1481277744429</td><td rowspan="1">113587</td></tr><tr class="passedeven"><td><a href="#m81">navigateToBuyTest</a></td><td rowspan="1">1481277939256</td><td rowspan="1">27854</td></tr><tr class="passedeven"><td><a href="#m82">verifyLockTermAppearAsUnlockTermTest</a></td><td rowspan="1">1481278256941</td><td rowspan="1">87876</td></tr><tr class="passedeven"><td><a href="#m83">verifyLockTermBeforePurchaseTest</a></td><td rowspan="1">1481277858016</td><td rowspan="1">81240</td></tr><tr class="passedeven"><td><a href="#m84">verifyPurchaseBtnAfterPurchase</a></td><td rowspan="1">1481278249603</td><td rowspan="1">7338</td></tr><tr class="passedodd"><td rowspan="9">com.eduven.testcase.QuickListPageTestCases</td><td><a href="#m85">handlingRateTheAppPopupTest</a></td><td rowspan="1">1481276507400</td><td rowspan="1">62978</td></tr><tr class="passedodd"><td><a href="#m86">languageSelectionTest</a></td><td rowspan="1">1481276570379</td><td rowspan="1">112000</td></tr><tr class="passedodd"><td><a href="#m87">navigateToQuickListTermTest</a></td><td rowspan="1">1481276737127</td><td rowspan="1">35516</td></tr><tr class="passedodd"><td><a href="#m88">navigateToQuickListTest</a></td><td rowspan="1">1481276682380</td><td rowspan="1">22462</td></tr><tr class="passedodd"><td><a href="#m89">verifyLockTermNameTest</a></td><td rowspan="1">1481276968144</td><td rowspan="1">58989</td></tr><tr class="passedodd"><td><a href="#m90">verifyQuickListCategoryTest</a></td><td rowspan="1">1481276711071</td><td rowspan="1">26056</td></tr><tr class="passedodd"><td><a href="#m91">verifyQuickListHeadertxtTest</a></td><td rowspan="1">1481276704843</td><td rowspan="1">6227</td></tr><tr class="passedodd"><td><a href="#m92">verifyTermsNameOnTermlistPageTest</a></td><td rowspan="1">1481276772643</td><td rowspan="1">105696</td></tr><tr class="passedodd"><td><a href="#m93">verifyUnlockTermNameTest</a></td><td rowspan="1">1481276878339</td><td rowspan="1">89805</td></tr><tr class="passedeven"><td rowspan="6">com.eduven.testcase.SearchPageTestCases</td><td><a href="#m94">freeTermSearchTest</a></td><td rowspan="1">1481273938607</td><td rowspan="1">101949</td></tr><tr class="passedeven"><td><a href="#m95">handlingRateTheAppPopupTest</a></td><td rowspan="1">1481273794686</td><td rowspan="1">16816</td></tr><tr class="passedeven"><td><a href="#m96">languageSelectionTest</a></td><td rowspan="1">1481273811502</td><td rowspan="1">111631</td></tr><tr class="passedeven"><td><a href="#m97">navigateToSearchPageTest</a></td><td rowspan="1">1481273923133</td><td rowspan="1">8519</td></tr><tr class="passedeven"><td><a href="#m98">premiumTermSearchTest</a></td><td rowspan="1">1481274051636</td><td rowspan="1">43424</td></tr><tr class="passedeven"><td><a href="#m99">verifySearchPageHeaderTest</a></td><td rowspan="1">1481273931652</td><td rowspan="1">6954</td></tr><tr class="passedodd"><td rowspan="12">com.eduven.testcase.SwitchLanguagePageTestCases</td><td><a href="#m100">handlingRateAppPopupTest</a></td><td rowspan="1">1481278702907</td><td rowspan="1">67445</td></tr><tr class="passedodd"><td><a href="#m101">languageSelectionTest</a></td><td rowspan="1">1481278770352</td><td rowspan="1">110557</td></tr><tr class="passedodd"><td><a href="#m102">languageSelectionTest1</a></td><td rowspan="1">1481279227664</td><td rowspan="1">45635</td></tr><tr class="passedodd"><td><a href="#m103">navigateToQuickListTermTest</a></td><td rowspan="1">1481279428109</td><td rowspan="1">26152</td></tr><tr class="passedodd"><td><a href="#m104">navigateToQuickListTest</a></td><td rowspan="1">1481279372612</td><td rowspan="1">23414</td></tr><tr class="passedodd"><td><a href="#m105">navigateToSswitchLingoPageTest</a></td><td rowspan="1">1481278880910</td><td rowspan="1">35934</td></tr><tr class="passedodd"><td><a href="#m106">purchaseNativeLangugaeTest</a></td><td rowspan="1">1481278960481</td><td rowspan="1">267183</td></tr><tr class="passedodd"><td><a href="#m107">switchLingoChangeBaseLanguageTest</a></td><td rowspan="1">1481278916845</td><td rowspan="1">43635</td></tr><tr class="passedodd"><td><a href="#m108">verifyQuickListCategoryTest</a></td><td rowspan="1">1481279402191</td><td rowspan="1">25917</td></tr><tr class="passedodd"><td><a href="#m109">verifyQuickListHeadertxtTest</a></td><td rowspan="1">1481279396026</td><td rowspan="1">6165</td></tr><tr class="passedodd"><td><a href="#m110">verifyTermHeaderAndTermNameListTest</a></td><td rowspan="1">1481279290211</td><td rowspan="1">82401</td></tr><tr class="passedodd"><td><a href="#m111">verifyTermsNameOnTermlistPageTest</a></td><td rowspan="1">1481279454262</td><td rowspan="1">6666</td></tr><tr class="passedeven"><td rowspan="9">com.eduven.testcase.TermListPageTestCases</td><td><a href="#m112">handlingRateTheAppPopupTest</a></td><td rowspan="1">1481275744123</td><td rowspan="1">63308</td></tr><tr class="passedeven"><td><a href="#m113">languageSelectionTest</a></td><td rowspan="1">1481275807432</td><td rowspan="1">113826</td></tr><tr class="passedeven"><td><a href="#m114">navigateToEditTermPageTest</a></td><td rowspan="1">1481276341856</td><td rowspan="1">69821</td></tr><tr class="passedeven"><td><a href="#m115">navigateToTermlistPageTest</a></td><td rowspan="1">1481275921259</td><td rowspan="1">45577</td></tr><tr class="passedeven"><td><a href="#m116">verifyContributePageWithWordTest</a></td><td rowspan="1">1481276434570</td><td rowspan="1">43519</td></tr><tr class="passedeven"><td><a href="#m117">verifyContributePageWithoutTextTest</a></td><td rowspan="1">1481276411677</td><td rowspan="1">22892</td></tr><tr class="passedeven"><td><a href="#m118">verifyLockTermNameTest</a></td><td rowspan="1">1481276191673</td><td rowspan="1">150183</td></tr><tr class="passedeven"><td><a href="#m119">verifyTermsNameOnTermlistPageTest</a></td><td rowspan="1">1481275966836</td><td rowspan="1">153293</td></tr><tr class="passedeven"><td><a href="#m120">verifyUnlockTermNameTest</a></td><td rowspan="1">1481276120130</td><td rowspan="1">71543</td></tr></tbody></table><h2>Regression Testing Learn Tamil</h2><h3 id="m0">com.eduven.testcase.CheckInterstetialAfterPurchase#tearDown</h3><table class="result"><tr><th>Exception</th></tr><tr><td><div class="stacktrace">java.lang.IllegalArgumentException: wrong number of arguments
	at sun.reflect.NativeMethodAccessorImpl.invoke0(Native Method)
	at sun.reflect.NativeMethodAccessorImpl.invoke(NativeMethodAccessorImpl.java:62)
	at sun.reflect.DelegatingMethodAccessorImpl.invoke(DelegatingMethodAccessorImpl.java:43)
	at java.lang.reflect.Method.invoke(Method.java:498)
	at org.testng.internal.MethodInvocationHelper.invokeMethod(MethodInvocationHelper.java:85)
	at org.testng.internal.Invoker.invokeConfigurationMethod(Invoker.java:510)
	at org.testng.internal.Invoker.invokeConfigurations(Invoker.java:211)
	at org.testng.internal.Invoker.invokeConfigurations(Invoker.java:138)
	at org.testng.TestRunner.afterRun(TestRunner.java:1023)
	at org.testng.TestRunner.run(TestRunner.java:628)
	at org.testng.SuiteRunner.runTest(SuiteRunner.java:359)
	at org.testng.SuiteRunner.runSequentially(SuiteRunner.java:354)
	at org.testng.SuiteRunner.privateRun(SuiteRunner.java:312)
	at org.testng.SuiteRunner.run(SuiteRunner.java:261)
	at org.testng.SuiteRunnerWorker.runSuite(SuiteRunnerWorker.java:52)
	at org.testng.SuiteRunnerWorker.run(SuiteRunnerWorker.java:86)
	at org.testng.TestNG.runSuitesSequentially(TestNG.java:1215)
	at org.testng.TestNG.runSuitesLocally(TestNG.java:1140)
	at org.testng.TestNG.run(TestNG.java:1048)
	at com.eduven.utils.RunTestng.main(RunTestng.java:58)
</div></td></tr></table><p class="totop"><a href="#summary">back to summary</a></p><h3 id="m1">com.eduven.testcase.CheckInterstetialBeforePurchase#verifyInterstetialForInAppTest</h3><table class="result"><tr><th>Exception</th></tr><tr><td><div class="stacktrace">org.openqa.selenium.WebDriverException: An unknown server-side error occurred while processing the command. (WARNING: The server did not provide any stacktrace information)
Command duration or timeout: 1.66 seconds
Build info: version: &apos;2.51.0&apos;, revision: &apos;1af067d&apos;, time: &apos;2016-02-05 19:11:55&apos;
System info: host: &apos;Hitesh-Mac-Mini.local&apos;, ip: &apos;10.30.30.97&apos;, os.name: &apos;Mac OS X&apos;, os.arch: &apos;x86_64&apos;, os.version: &apos;10.11.6&apos;, java.version: &apos;1.8.0_74&apos;
Driver info: io.appium.java_client.ios.IOSDriver
Capabilities [{app=/Users/hiteshbhardwaj/Desktop/Automation/app/LanguagesForIOS/Tamil/LingoDiction.ipa, networkConnectionEnabled=false, warnings={}, appiumVersion=1.4.13, databaseEnabled=false, deviceName=Tester (9.3.5), platform=UNIX, desired={app=/Users/hiteshbhardwaj/Desktop/Automation/app/LanguagesForIOS/Tamil/LingoDiction.ipa, appiumVersion=1.4.13, platformVersion=9.2, automationName=Appium, udid=7bcb4358baa692ac8207ca4db28eaacc80a14498, platformName=iOS, deviceName=Tester (9.3.5), platform=IOS}, platformVersion=9.2, webStorageEnabled=false, locationContextEnabled=false, automationName=Appium, browserName=iOS, takesScreenshot=true, javascriptEnabled=true, udid=7bcb4358baa692ac8207ca4db28eaacc80a14498, platformName=iOS}]
Session ID: d2bb8821-dcb8-4e47-9778-30ac7a0a2d01
	at sun.reflect.NativeConstructorAccessorImpl.newInstance0(Native Method)
	at sun.reflect.NativeConstructorAccessorImpl.newInstance(NativeConstructorAccessorImpl.java:62)
	at sun.reflect.DelegatingConstructorAccessorImpl.newInstance(DelegatingConstructorAccessorImpl.java:45)
	at java.lang.reflect.Constructor.newInstance(Constructor.java:423)
	at org.openqa.selenium.remote.ErrorHandler.createThrowable(ErrorHandler.java:206)
	at org.openqa.selenium.remote.ErrorHandler.throwIfResponseFailed(ErrorHandler.java:158)
	at org.openqa.selenium.remote.RemoteWebDriver.execute(RemoteWebDriver.java:678)
	at io.appium.java_client.DefaultGenericMobileDriver.execute(DefaultGenericMobileDriver.java:43)
	at io.appium.java_client.AppiumDriver.execute(AppiumDriver.java:216)
	at org.openqa.selenium.remote.RemoteWebDriver$RemoteNavigation.back(RemoteWebDriver.java:961)
	at com.eduven.utils.Reusables.stepBack(Reusables.java:241)
	at com.eduven.modules.Interstetial.interstetialForInApp(Interstetial.java:62)
	at com.eduven.testcase.CheckInterstetialBeforePurchase.verifyInterstetialForInAppTest(CheckInterstetialBeforePurchase.java:45)
	at sun.reflect.NativeMethodAccessorImpl.invoke0(Native Method)
	at sun.reflect.NativeMethodAccessorImpl.invoke(NativeMethodAccessorImpl.java:62)
	at sun.reflect.DelegatingMethodAccessorImpl.invoke(DelegatingMethodAccessorImpl.java:43)
	at java.lang.reflect.Method.invoke(Method.java:498)
	at org.testng.internal.MethodInvocationHelper.invokeMethod(MethodInvocationHelper.java:85)
	at org.testng.internal.Invoker.invokeMethod(Invoker.java:639)
	at org.testng.internal.Invoker.invokeTestMethod(Invoker.java:816)
	at org.testng.internal.Invoker.invokeTestMethods(Invoker.java:1124)
	at org.testng.internal.TestMethodWorker.invokeTestMethods(TestMethodWorker.java:125)
	at org.testng.internal.TestMethodWorker.run(TestMethodWorker.java:108)
	at org.testng.TestRunner.privateRun(TestRunner.java:774)
	at org.testng.TestRunner.run(TestRunner.java:624)
	at org.testng.SuiteRunner.runTest(SuiteRunner.java:359)
	at org.testng.SuiteRunner.runSequentially(SuiteRunner.java:354)
	at org.testng.SuiteRunner.privateRun(SuiteRunner.java:312)
	at org.testng.SuiteRunner.run(SuiteRunner.java:261)
	at org.testng.SuiteRunnerWorker.runSuite(SuiteRunnerWorker.java:52)
	at org.testng.SuiteRunnerWorker.run(SuiteRunnerWorker.java:86)
	at org.testng.TestNG.runSuitesSequentially(TestNG.java:1215)
	at org.testng.TestNG.runSuitesLocally(TestNG.java:1140)
	at org.testng.TestNG.run(TestNG.java:1048)
	at com.eduven.utils.RunTestng.main(RunTestng.java:58)
</div></td></tr></table><p class="totop"><a href="#summary">back to summary</a></p><h3 id="m2">com.eduven.testcase.EvMenuPageTestCases#verifyMoreAppsPageTest</h3><table class="result"><tr><th>Exception</th></tr><tr><td><div class="stacktrace">org.openqa.selenium.TimeoutException: Timed out after 60 seconds waiting for visibility of element located by By.id: MoreApps
Build info: version: &apos;2.51.0&apos;, revision: &apos;1af067d&apos;, time: &apos;2016-02-05 19:11:55&apos;
System info: host: &apos;Hitesh-Mac-Mini.local&apos;, ip: &apos;10.30.30.97&apos;, os.name: &apos;Mac OS X&apos;, os.arch: &apos;x86_64&apos;, os.version: &apos;10.11.6&apos;, java.version: &apos;1.8.0_74&apos;
Driver info: io.appium.java_client.ios.IOSDriver
Capabilities [{app=/Users/hiteshbhardwaj/Desktop/Automation/app/LanguagesForIOS/Tamil/LingoDiction.ipa, networkConnectionEnabled=false, warnings={}, appiumVersion=1.4.13, databaseEnabled=false, deviceName=Tester (9.3.5), platform=UNIX, desired={app=/Users/hiteshbhardwaj/Desktop/Automation/app/LanguagesForIOS/Tamil/LingoDiction.ipa, appiumVersion=1.4.13, platformVersion=9.2, automationName=Appium, udid=7bcb4358baa692ac8207ca4db28eaacc80a14498, platformName=iOS, deviceName=Tester (9.3.5), platform=IOS}, platformVersion=9.2, webStorageEnabled=false, locationContextEnabled=false, automationName=Appium, browserName=iOS, takesScreenshot=true, javascriptEnabled=true, udid=7bcb4358baa692ac8207ca4db28eaacc80a14498, platformName=iOS}]
Session ID: d2bb8821-dcb8-4e47-9778-30ac7a0a2d01
	at org.openqa.selenium.support.ui.WebDriverWait.timeoutException(WebDriverWait.java:80)
	at org.openqa.selenium.support.ui.FluentWait.until(FluentWait.java:261)
	at com.eduven.utils.Reusables.waitForElement(Reusables.java:65)
	at com.eduven.modules.EvMenu.navigateToAppsList(EvMenu.java:736)
	at com.eduven.testcase.EvMenuPageTestCases.verifyMoreAppsPageTest(EvMenuPageTestCases.java:49)
	at sun.reflect.NativeMethodAccessorImpl.invoke0(Native Method)
	at sun.reflect.NativeMethodAccessorImpl.invoke(NativeMethodAccessorImpl.java:62)
	at sun.reflect.DelegatingMethodAccessorImpl.invoke(DelegatingMethodAccessorImpl.java:43)
	at java.lang.reflect.Method.invoke(Method.java:498)
	at org.testng.internal.MethodInvocationHelper.invokeMethod(MethodInvocationHelper.java:85)
	at org.testng.internal.Invoker.invokeMethod(Invoker.java:639)
	at org.testng.internal.Invoker.invokeTestMethod(Invoker.java:816)
	at org.testng.internal.Invoker.invokeTestMethods(Invoker.java:1124)
	at org.testng.internal.TestMethodWorker.invokeTestMethods(TestMethodWorker.java:125)
	at org.testng.internal.TestMethodWorker.run(TestMethodWorker.java:108)
	at org.testng.TestRunner.privateRun(TestRunner.java:774)
	at org.testng.TestRunner.run(TestRunner.java:624)
	at org.testng.SuiteRunner.runTest(SuiteRunner.java:359)
	at org.testng.SuiteRunner.runSequentially(SuiteRunner.java:354)
	at org.testng.SuiteRunner.privateRun(SuiteRunner.java:312)
	at org.testng.SuiteRunner.run(SuiteRunner.java:261)
	at org.testng.SuiteRunnerWorker.runSuite(SuiteRunnerWorker.java:52)
	at org.testng.SuiteRunnerWorker.run(SuiteRunnerWorker.java:86)
	at org.testng.TestNG.runSuitesSequentially(TestNG.java:1215)
	at org.testng.TestNG.runSuitesLocally(TestNG.java:1140)
	at org.testng.TestNG.run(TestNG.java:1048)
	at com.eduven.utils.RunTestng.main(RunTestng.java:58)
Caused by: org.openqa.selenium.NoSuchElementException: An element could not be located on the page using the given search parameters. (WARNING: The server did not provide any stacktrace information)
Command duration or timeout: 39.20 seconds
For documentation on this error, please visit: http://seleniumhq.org/exceptions/no_such_element.html
Build info: version: &apos;2.51.0&apos;, revision: &apos;1af067d&apos;, time: &apos;2016-02-05 19:11:55&apos;
System info: host: &apos;Hitesh-Mac-Mini.local&apos;, ip: &apos;10.30.30.97&apos;, os.name: &apos;Mac OS X&apos;, os.arch: &apos;x86_64&apos;, os.version: &apos;10.11.6&apos;, java.version: &apos;1.8.0_74&apos;
Driver info: io.appium.java_client.ios.IOSDriver
Capabilities [{app=/Users/hiteshbhardwaj/Desktop/Automation/app/LanguagesForIOS/Tamil/LingoDiction.ipa, networkConnectionEnabled=false, warnings={}, appiumVersion=1.4.13, databaseEnabled=false, deviceName=Tester (9.3.5), platform=UNIX, desired={app=/Users/hiteshbhardwaj/Desktop/Automation/app/LanguagesForIOS/Tamil/LingoDiction.ipa, appiumVersion=1.4.13, platformVersion=9.2, automationName=Appium, udid=7bcb4358baa692ac8207ca4db28eaacc80a14498, platformName=iOS, deviceName=Tester (9.3.5), platform=IOS}, platformVersion=9.2, webStorageEnabled=false, locationContextEnabled=false, automationName=Appium, browserName=iOS, takesScreenshot=true, javascriptEnabled=true, udid=7bcb4358baa692ac8207ca4db28eaacc80a14498, platformName=iOS}]
Session ID: d2bb8821-dcb8-4e47-9778-30ac7a0a2d01
*** Element info: {Using=id, value=MoreApps}
	at sun.reflect.GeneratedConstructorAccessor51.newInstance(Unknown Source)
	at sun.reflect.DelegatingConstructorAccessorImpl.newInstance(DelegatingConstructorAccessorImpl.java:45)
	at java.lang.reflect.Constructor.newInstance(Constructor.java:423)
	at org.openqa.selenium.remote.ErrorHandler.createThrowable(ErrorHandler.java:206)
	at org.openqa.selenium.remote.ErrorHandler.throwIfResponseFailed(ErrorHandler.java:158)
	at org.openqa.selenium.remote.RemoteWebDriver.execute(RemoteWebDriver.java:678)
	at io.appium.java_client.DefaultGenericMobileDriver.execute(DefaultGenericMobileDriver.java:43)
	at io.appium.java_client.AppiumDriver.execute(AppiumDriver.java:1)
	at io.appium.java_client.ios.IOSDriver.execute(IOSDriver.java:1)
	at org.openqa.selenium.remote.RemoteWebDriver.findElement(RemoteWebDriver.java:363)
	at org.openqa.selenium.remote.RemoteWebDriver.findElementById(RemoteWebDriver.java:413)
	at io.appium.java_client.DefaultGenericMobileDriver.findElementById(DefaultGenericMobileDriver.java:59)
	at io.appium.java_client.AppiumDriver.findElementById(AppiumDriver.java:1)
	at io.appium.java_client.ios.IOSDriver.findElementById(IOSDriver.java:1)
	at org.openqa.selenium.By$ById.findElement(By.java:218)
	at org.openqa.selenium.remote.RemoteWebDriver.findElement(RemoteWebDriver.java:355)
	at io.appium.java_client.DefaultGenericMobileDriver.findElement(DefaultGenericMobileDriver.java:51)
	at io.appium.java_client.AppiumDriver.findElement(AppiumDriver.java:1)
	at io.appium.java_client.ios.IOSDriver.findElement(IOSDriver.java:1)
	at org.openqa.selenium.support.ui.ExpectedConditions.findElement(ExpectedConditions.java:911)
	at org.openqa.selenium.support.ui.ExpectedConditions.access$0(ExpectedConditions.java:909)
	at org.openqa.selenium.support.ui.ExpectedConditions$7.apply(ExpectedConditions.java:205)
	at org.openqa.selenium.support.ui.ExpectedConditions$7.apply(ExpectedConditions.java:1)
	at org.openqa.selenium.support.ui.FluentWait.until(FluentWait.java:238)
	... 25 more
</div></td></tr></table><p class="totop"><a href="#summary">back to summary</a></p><h3 id="m3">com.eduven.testcase.GamesPageTestCases#verifyElementOnMainGamePageTest</h3><table class="result"><tr><th>Exception</th></tr><tr><td><div class="stacktrace">java.lang.IndexOutOfBoundsException: Index: 0, Size: 0
	at java.util.ArrayList.rangeCheck(ArrayList.java:653)
	at java.util.ArrayList.get(ArrayList.java:429)
	at com.eduven.modules.Games.clickOnSkipButton(Games.java:218)
	at com.eduven.testcase.GamesPageTestCases.verifyElementOnMainGamePageTest(GamesPageTestCases.java:67)
	at sun.reflect.NativeMethodAccessorImpl.invoke0(Native Method)
	at sun.reflect.NativeMethodAccessorImpl.invoke(NativeMethodAccessorImpl.java:62)
	at sun.reflect.DelegatingMethodAccessorImpl.invoke(DelegatingMethodAccessorImpl.java:43)
	at java.lang.reflect.Method.invoke(Method.java:498)
	at org.testng.internal.MethodInvocationHelper.invokeMethod(MethodInvocationHelper.java:85)
	at org.testng.internal.Invoker.invokeMethod(Invoker.java:639)
	at org.testng.internal.Invoker.invokeTestMethod(Invoker.java:816)
	at org.testng.internal.Invoker.invokeTestMethods(Invoker.java:1124)
	at org.testng.internal.TestMethodWorker.invokeTestMethods(TestMethodWorker.java:125)
	at org.testng.internal.TestMethodWorker.run(TestMethodWorker.java:108)
	at org.testng.TestRunner.privateRun(TestRunner.java:774)
	at org.testng.TestRunner.run(TestRunner.java:624)
	at org.testng.SuiteRunner.runTest(SuiteRunner.java:359)
	at org.testng.SuiteRunner.runSequentially(SuiteRunner.java:354)
	at org.testng.SuiteRunner.privateRun(SuiteRunner.java:312)
	at org.testng.SuiteRunner.run(SuiteRunner.java:261)
	at org.testng.SuiteRunnerWorker.runSuite(SuiteRunnerWorker.java:52)
	at org.testng.SuiteRunnerWorker.run(SuiteRunnerWorker.java:86)
	at org.testng.TestNG.runSuitesSequentially(TestNG.java:1215)
	at org.testng.TestNG.runSuitesLocally(TestNG.java:1140)
	at org.testng.TestNG.run(TestNG.java:1048)
	at com.eduven.utils.RunTestng.main(RunTestng.java:58)
</div></td></tr></table><p class="totop"><a href="#summary">back to summary</a></p><h3 id="m4">com.eduven.testcase.SearchPageTestCases#searchPageAudioTest</h3><table class="result"><tr><th>Exception</th></tr><tr><td><div class="stacktrace">org.openqa.selenium.WebDriverException: An unknown server-side error occurred while processing the command. (WARNING: The server did not provide any stacktrace information)
Command duration or timeout: 1.83 seconds
Build info: version: &apos;2.51.0&apos;, revision: &apos;1af067d&apos;, time: &apos;2016-02-05 19:11:55&apos;
System info: host: &apos;Hitesh-Mac-Mini.local&apos;, ip: &apos;10.30.30.97&apos;, os.name: &apos;Mac OS X&apos;, os.arch: &apos;x86_64&apos;, os.version: &apos;10.11.6&apos;, java.version: &apos;1.8.0_74&apos;
Driver info: io.appium.java_client.ios.IOSDriver
Capabilities [{app=/Users/hiteshbhardwaj/Desktop/Automation/app/LanguagesForIOS/Tamil/LingoDiction.ipa, networkConnectionEnabled=false, warnings={}, appiumVersion=1.4.13, databaseEnabled=false, deviceName=Tester (9.3.5), platform=UNIX, desired={app=/Users/hiteshbhardwaj/Desktop/Automation/app/LanguagesForIOS/Tamil/LingoDiction.ipa, appiumVersion=1.4.13, platformVersion=9.2, automationName=Appium, udid=7bcb4358baa692ac8207ca4db28eaacc80a14498, platformName=iOS, deviceName=Tester (9.3.5), platform=IOS}, platformVersion=9.2, webStorageEnabled=false, locationContextEnabled=false, automationName=Appium, browserName=iOS, takesScreenshot=true, javascriptEnabled=true, udid=7bcb4358baa692ac8207ca4db28eaacc80a14498, platformName=iOS}]
Session ID: d2bb8821-dcb8-4e47-9778-30ac7a0a2d01
	at sun.reflect.NativeConstructorAccessorImpl.newInstance0(Native Method)
	at sun.reflect.NativeConstructorAccessorImpl.newInstance(NativeConstructorAccessorImpl.java:62)
	at sun.reflect.DelegatingConstructorAccessorImpl.newInstance(DelegatingConstructorAccessorImpl.java:45)
	at java.lang.reflect.Constructor.newInstance(Constructor.java:423)
	at org.openqa.selenium.remote.ErrorHandler.createThrowable(ErrorHandler.java:206)
	at org.openqa.selenium.remote.ErrorHandler.throwIfResponseFailed(ErrorHandler.java:158)
	at org.openqa.selenium.remote.RemoteWebDriver.execute(RemoteWebDriver.java:678)
	at io.appium.java_client.DefaultGenericMobileDriver.execute(DefaultGenericMobileDriver.java:43)
	at io.appium.java_client.AppiumDriver.execute(AppiumDriver.java:216)
	at org.openqa.selenium.remote.RemoteWebDriver$RemoteNavigation.back(RemoteWebDriver.java:961)
	at com.eduven.utils.Reusables.stepBack(Reusables.java:241)
	at com.eduven.testcase.SearchPageTestCases.searchPageAudioTest(SearchPageTestCases.java:59)
	at sun.reflect.NativeMethodAccessorImpl.invoke0(Native Method)
	at sun.reflect.NativeMethodAccessorImpl.invoke(NativeMethodAccessorImpl.java:62)
	at sun.reflect.DelegatingMethodAccessorImpl.invoke(DelegatingMethodAccessorImpl.java:43)
	at java.lang.reflect.Method.invoke(Method.java:498)
	at org.testng.internal.MethodInvocationHelper.invokeMethod(MethodInvocationHelper.java:85)
	at org.testng.internal.Invoker.invokeMethod(Invoker.java:639)
	at org.testng.internal.Invoker.invokeTestMethod(Invoker.java:816)
	at org.testng.internal.Invoker.invokeTestMethods(Invoker.java:1124)
	at org.testng.internal.TestMethodWorker.invokeTestMethods(TestMethodWorker.java:125)
	at org.testng.internal.TestMethodWorker.run(TestMethodWorker.java:108)
	at org.testng.TestRunner.privateRun(TestRunner.java:774)
	at org.testng.TestRunner.run(TestRunner.java:624)
	at org.testng.SuiteRunner.runTest(SuiteRunner.java:359)
	at org.testng.SuiteRunner.runSequentially(SuiteRunner.java:354)
	at org.testng.SuiteRunner.privateRun(SuiteRunner.java:312)
	at org.testng.SuiteRunner.run(SuiteRunner.java:261)
	at org.testng.SuiteRunnerWorker.runSuite(SuiteRunnerWorker.java:52)
	at org.testng.SuiteRunnerWorker.run(SuiteRunnerWorker.java:86)
	at org.testng.TestNG.runSuitesSequentially(TestNG.java:1215)
	at org.testng.TestNG.runSuitesLocally(TestNG.java:1140)
	at org.testng.TestNG.run(TestNG.java:1048)
	at com.eduven.utils.RunTestng.main(RunTestng.java:58)
</div></td></tr></table><p class="totop"><a href="#summary">back to summary</a></p><h3 id="m5">com.eduven.testcase.SwitchLanguagePageTestCases#verifyCategoryListAfterBaseLanguageChangeTest</h3><table class="result"><tr><th>Exception</th></tr><tr><td><div class="stacktrace">java.lang.AssertionError: Error Message!! Actual and Expected category term count not matched. expected [0] but found [24]
	at org.testng.Assert.fail(Assert.java:94)
	at org.testng.Assert.failNotEquals(Assert.java:496)
	at org.testng.Assert.assertEquals(Assert.java:125)
	at org.testng.Assert.assertEquals(Assert.java:178)
	at com.eduven.utils.Reusables.verifyEqualMessage(Reusables.java:435)
	at com.eduven.modules.Categories.verifyCategoryListAndTermCount(Categories.java:116)
	at com.eduven.testcase.SwitchLanguagePageTestCases.verifyCategoryListAfterBaseLanguageChangeTest(SwitchLanguagePageTestCases.java:67)
	at sun.reflect.NativeMethodAccessorImpl.invoke0(Native Method)
	at sun.reflect.NativeMethodAccessorImpl.invoke(NativeMethodAccessorImpl.java:62)
	at sun.reflect.DelegatingMethodAccessorImpl.invoke(DelegatingMethodAccessorImpl.java:43)
	at java.lang.reflect.Method.invoke(Method.java:498)
	at org.testng.internal.MethodInvocationHelper.invokeMethod(MethodInvocationHelper.java:85)
	at org.testng.internal.Invoker.invokeMethod(Invoker.java:639)
	at org.testng.internal.Invoker.invokeTestMethod(Invoker.java:816)
	at org.testng.internal.Invoker.invokeTestMethods(Invoker.java:1124)
	at org.testng.internal.TestMethodWorker.invokeTestMethods(TestMethodWorker.java:125)
	at org.testng.internal.TestMethodWorker.run(TestMethodWorker.java:108)
	at org.testng.TestRunner.privateRun(TestRunner.java:774)
	at org.testng.TestRunner.run(TestRunner.java:624)
	at org.testng.SuiteRunner.runTest(SuiteRunner.java:359)
	at org.testng.SuiteRunner.runSequentially(SuiteRunner.java:354)
	at org.testng.SuiteRunner.privateRun(SuiteRunner.java:312)
	at org.testng.SuiteRunner.run(SuiteRunner.java:261)
	at org.testng.SuiteRunnerWorker.runSuite(SuiteRunnerWorker.java:52)
	at org.testng.SuiteRunnerWorker.run(SuiteRunnerWorker.java:86)
	at org.testng.TestNG.runSuitesSequentially(TestNG.java:1215)
	at org.testng.TestNG.runSuitesLocally(TestNG.java:1140)
	at org.testng.TestNG.run(TestNG.java:1048)
	at com.eduven.utils.RunTestng.main(RunTestng.java:58)
</div></td></tr></table><p class="totop"><a href="#summary">back to summary</a></p><h3 id="m6">com.eduven.testcase.CheckInterstetialAfterPurchase#tearDown</h3><table class="result"></table><p class="totop"><a href="#summary">back to summary</a></p><h3 id="m7">com.eduven.testcase.CheckInterstetialAfterPurchase#tearDown</h3><table class="result"></table><p class="totop"><a href="#summary">back to summary</a></p><h3 id="m8">com.eduven.testcase.AutoPlayPageTestCases#autoPlayButtonForPlayButtonTest</h3><table class="result"></table><p class="totop"><a href="#summary">back to summary</a></p><h3 id="m9">com.eduven.testcase.AutoPlayPageTestCases#handlingRateTheAppPopupTest</h3><table class="result"></table><p class="totop"><a href="#summary">back to summary</a></p><h3 id="m10">com.eduven.testcase.AutoPlayPageTestCases#increaseDealayTimeTest</h3><table class="result"></table><p class="totop"><a href="#summary">back to summary</a></p><h3 id="m11">com.eduven.testcase.AutoPlayPageTestCases#languageSelectionTest</h3><table class="result"></table><p class="totop"><a href="#summary">back to summary</a></p><h3 id="m12">com.eduven.testcase.AutoPlayPageTestCases#selectRandomCategoryTest</h3><table class="result"></table><p class="totop"><a href="#summary">back to summary</a></p><h3 id="m13">com.eduven.testcase.AutoPlayPageTestCases#verifyAutoPlayButtonTest</h3><table class="result"></table><p class="totop"><a href="#summary">back to summary</a></p><h3 id="m14">com.eduven.testcase.AutoPlayPageTestCases#verifyCategoryHeaderTxt</h3><table class="result"></table><p class="totop"><a href="#summary">back to summary</a></p><h3 id="m15">com.eduven.testcase.AutoPlayPageTestCases#verify_auto_play_works_test</h3><table class="result"></table><p class="totop"><a href="#summary">back to summary</a></p><h3 id="m16">com.eduven.testcase.CategoryPageTestCases#handlingRateTheAppPopupTest</h3><table class="result"></table><p class="totop"><a href="#summary">back to summary</a></p><h3 id="m17">com.eduven.testcase.CategoryPageTestCases#languageSelectionTest</h3><table class="result"></table><p class="totop"><a href="#summary">back to summary</a></p><h3 id="m18">com.eduven.testcase.CategoryPageTestCases#verifyCategoriesList</h3><table class="result"></table><p class="totop"><a href="#summary">back to summary</a></p><h3 id="m19">com.eduven.testcase.CategoryPageTestCases#verifyCategoryHeaderTxt</h3><table class="result"></table><p class="totop"><a href="#summary">back to summary</a></p><h3 id="m20">com.eduven.testcase.CheckInterstetialAfterPurchase#handlingRateTheAppPopupTest</h3><table class="result"></table><p class="totop"><a href="#summary">back to summary</a></p><h3 id="m21">com.eduven.testcase.CheckInterstetialAfterPurchase#languageSelectionTest</h3><table class="result"></table><p class="totop"><a href="#summary">back to summary</a></p><h3 id="m22">com.eduven.testcase.CheckInterstetialAfterPurchase#verifyInterstetialForQuizTest</h3><table class="result"></table><p class="totop"><a href="#summary">back to summary</a></p><h3 id="m23">com.eduven.testcase.CheckInterstetialBeforePurchase#handlingRateTheAppPopupTest</h3><table class="result"></table><p class="totop"><a href="#summary">back to summary</a></p><h3 id="m24">com.eduven.testcase.CheckInterstetialBeforePurchase#languageSelectionTest</h3><table class="result"></table><p class="totop"><a href="#summary">back to summary</a></p><h3 id="m25">com.eduven.testcase.CheckInterstetialBeforePurchase#verifyInterstetialForQuizTest</h3><table class="result"></table><p class="totop"><a href="#summary">back to summary</a></p><h3 id="m26">com.eduven.testcase.EduBankPageTestCases#addTermInEdubankForQuicklistTest</h3><table class="result"></table><p class="totop"><a href="#summary">back to summary</a></p><h3 id="m27">com.eduven.testcase.EduBankPageTestCases#addTermInEdubankTest</h3><table class="result"></table><p class="totop"><a href="#summary">back to summary</a></p><h3 id="m28">com.eduven.testcase.EduBankPageTestCases#handlingRateAppPopupTest</h3><table class="result"></table><p class="totop"><a href="#summary">back to summary</a></p><h3 id="m29">com.eduven.testcase.EduBankPageTestCases#languageSelectionTest</h3><table class="result"></table><p class="totop"><a href="#summary">back to summary</a></p><h3 id="m30">com.eduven.testcase.EduBankPageTestCases#navigateToEdubankQuicklistTest</h3><table class="result"></table><p class="totop"><a href="#summary">back to summary</a></p><h3 id="m31">com.eduven.testcase.EduBankPageTestCases#navigateToEdubankTest</h3><table class="result"></table><p class="totop"><a href="#summary">back to summary</a></p><h3 id="m32">com.eduven.testcase.EduBankPageTestCases#navigateToQuicklistPageTest</h3><table class="result"></table><p class="totop"><a href="#summary">back to summary</a></p><h3 id="m33">com.eduven.testcase.EduBankPageTestCases#navigateToQuicklistTermPageTest</h3><table class="result"></table><p class="totop"><a href="#summary">back to summary</a></p><h3 id="m34">com.eduven.testcase.EduBankPageTestCases#navigateToTermPageTest</h3><table class="result"></table><p class="totop"><a href="#summary">back to summary</a></p><h3 id="m35">com.eduven.testcase.EduBankPageTestCases#removeAllTermsFromEdubankForQuicklistTest</h3><table class="result"></table><p class="totop"><a href="#summary">back to summary</a></p><h3 id="m36">com.eduven.testcase.EduBankPageTestCases#removeAllTermsFromEdubankTest</h3><table class="result"></table><p class="totop"><a href="#summary">back to summary</a></p><h3 id="m37">com.eduven.testcase.EduBankPageTestCases#removeTermsFromEdubankForQuicklistTest</h3><table class="result"></table><p class="totop"><a href="#summary">back to summary</a></p><h3 id="m38">com.eduven.testcase.EduBankPageTestCases#removeTermsFromEdubankTest</h3><table class="result"></table><p class="totop"><a href="#summary">back to summary</a></p><h3 id="m39">com.eduven.testcase.EduBankPageTestCases#verifyAddedTermInEdubankAfterRemovedItTest</h3><table class="result"></table><p class="totop"><a href="#summary">back to summary</a></p><h3 id="m40">com.eduven.testcase.EduBankPageTestCases#verifyAddedTermInEdubankForQuicklistAfterRemoveOneTermTest</h3><table class="result"></table><p class="totop"><a href="#summary">back to summary</a></p><h3 id="m41">com.eduven.testcase.EduBankPageTestCases#verifyAddedTermInEdubankForQuicklistTest</h3><table class="result"></table><p class="totop"><a href="#summary">back to summary</a></p><h3 id="m42">com.eduven.testcase.EduBankPageTestCases#verifyAddedTermInEdubankTest</h3><table class="result"></table><p class="totop"><a href="#summary">back to summary</a></p><h3 id="m43">com.eduven.testcase.EvMenuPageTestCases#categorySettingPageTest</h3><table class="result"></table><p class="totop"><a href="#summary">back to summary</a></p><h3 id="m44">com.eduven.testcase.EvMenuPageTestCases#dislcaimerPageTest</h3><table class="result"></table><p class="totop"><a href="#summary">back to summary</a></p><h3 id="m45">com.eduven.testcase.EvMenuPageTestCases#faqsPageTest</h3><table class="result"></table><p class="totop"><a href="#summary">back to summary</a></p><h3 id="m46">com.eduven.testcase.EvMenuPageTestCases#getInTouchPageTest</h3><table class="result"></table><p class="totop"><a href="#summary">back to summary</a></p><h3 id="m47">com.eduven.testcase.EvMenuPageTestCases#handlingRateTheAppPopupTest</h3><table class="result"></table><p class="totop"><a href="#summary">back to summary</a></p><h3 id="m48">com.eduven.testcase.EvMenuPageTestCases#languageSelectionTest</h3><table class="result"></table><p class="totop"><a href="#summary">back to summary</a></p><h3 id="m49">com.eduven.testcase.EvMenuPageTestCases#navigateToContributePageTest</h3><table class="result"></table><p class="totop"><a href="#summary">back to summary</a></p><h3 id="m50">com.eduven.testcase.EvMenuPageTestCases#navigateToMoreAppsPageTest</h3><table class="result"></table><p class="totop"><a href="#summary">back to summary</a></p><h3 id="m51">com.eduven.testcase.EvMenuPageTestCases#privacyPolicyPageTest</h3><table class="result"></table><p class="totop"><a href="#summary">back to summary</a></p><h3 id="m52">com.eduven.testcase.EvMenuPageTestCases#rateThisAppTest</h3><table class="result"></table><p class="totop"><a href="#summary">back to summary</a></p><h3 id="m53">com.eduven.testcase.EvMenuPageTestCases#selectAllCategoryInCategorySettingPageTest</h3><table class="result"></table><p class="totop"><a href="#summary">back to summary</a></p><h3 id="m54">com.eduven.testcase.EvMenuPageTestCases#selectAllCategoryInWordOffTheDayPageTest</h3><table class="result"></table><p class="totop"><a href="#summary">back to summary</a></p><h3 id="m55">com.eduven.testcase.EvMenuPageTestCases#termAndConditionPageTest</h3><table class="result"></table><p class="totop"><a href="#summary">back to summary</a></p><h3 id="m56">com.eduven.testcase.EvMenuPageTestCases#verifyContributePageWithCategoryTest</h3><table class="result"></table><p class="totop"><a href="#summary">back to summary</a></p><h3 id="m57">com.eduven.testcase.EvMenuPageTestCases#verifyContributePageWithRequiredTextTest</h3><table class="result"></table><p class="totop"><a href="#summary">back to summary</a></p><h3 id="m58">com.eduven.testcase.EvMenuPageTestCases#verifyContributePageWithWordTest</h3><table class="result"></table><p class="totop"><a href="#summary">back to summary</a></p><h3 id="m59">com.eduven.testcase.EvMenuPageTestCases#verifyContributePageWithoutTextTest</h3><table class="result"></table><p class="totop"><a href="#summary">back to summary</a></p><h3 id="m60">com.eduven.testcase.EvMenuPageTestCases#wordOfTheDayTest</h3><table class="result"></table><p class="totop"><a href="#summary">back to summary</a></p><h3 id="m61">com.eduven.testcase.GamesPageTestCases#handlingRateTheAppPopupTest</h3><table class="result"></table><p class="totop"><a href="#summary">back to summary</a></p><h3 id="m62">com.eduven.testcase.GamesPageTestCases#languageSelectionTest</h3><table class="result"></table><p class="totop"><a href="#summary">back to summary</a></p><h3 id="m63">com.eduven.testcase.GamesPageTestCases#selectGamesFromGameListTest</h3><table class="result"></table><p class="totop"><a href="#summary">back to summary</a></p><h3 id="m64">com.eduven.testcase.GamesPageTestCases#startGamesTest</h3><table class="result"></table><p class="totop"><a href="#summary">back to summary</a></p><h3 id="m65">com.eduven.testcase.GamesPageTestCases#verifyAttemptedQuestionOnScoreBoardTest</h3><table class="result"></table><p class="totop"><a href="#summary">back to summary</a></p><h3 id="m66">com.eduven.testcase.GamesPageTestCases#verifyGamesListNavigationTest</h3><table class="result"></table><p class="totop"><a href="#summary">back to summary</a></p><h3 id="m67">com.eduven.testcase.GamesPageTestCases#verifyNavigationToGamesPageTest</h3><table class="result"></table><p class="totop"><a href="#summary">back to summary</a></p><h3 id="m68">com.eduven.testcase.GamesPageTestCases#verifyQuestionCountTest</h3><table class="result"></table><p class="totop"><a href="#summary">back to summary</a></p><h3 id="m69">com.eduven.testcase.GamesPageTestCases#verifyWrongAttemptedQuestionOnScoreBoardTest</h3><table class="result"></table><p class="totop"><a href="#summary">back to summary</a></p><h3 id="m70">com.eduven.testcase.HomePageTestCases#handlingRateTheAppPopupTest</h3><table class="result"></table><p class="totop"><a href="#summary">back to summary</a></p><h3 id="m71">com.eduven.testcase.HomePageTestCases#languageSelectionTest</h3><table class="result"></table><p class="totop"><a href="#summary">back to summary</a></p><h3 id="m72">com.eduven.testcase.HomePageTestCases#verifyElementOnHomePageTest</h3><table class="result"></table><p class="totop"><a href="#summary">back to summary</a></p><h3 id="m73">com.eduven.testcase.HomePageTestCases#verifyFooterEdubankButtonOnHomePageTest</h3><table class="result"></table><p class="totop"><a href="#summary">back to summary</a></p><h3 id="m74">com.eduven.testcase.HomePageTestCases#verifyFooterGameButtonOnHomePageTest</h3><table class="result"></table><p class="totop"><a href="#summary">back to summary</a></p><h3 id="m75">com.eduven.testcase.HomePageTestCases#verifyFooterPurchaseButtonOnHomePageTest</h3><table class="result"></table><p class="totop"><a href="#summary">back to summary</a></p><h3 id="m76">com.eduven.testcase.HomePageTestCases#verifyFooterQuicklistButtonOnHomePageTest</h3><table class="result"></table><p class="totop"><a href="#summary">back to summary</a></p><h3 id="m77">com.eduven.testcase.HomePageTestCases#verifyFooterSwitchLingoButtonOnHomePageTest</h3><table class="result"></table><p class="totop"><a href="#summary">back to summary</a></p><h3 id="m78">com.eduven.testcase.PurchaseTestCases#buyAppPurchaseTest</h3><table class="result"></table><p class="totop"><a href="#summary">back to summary</a></p><h3 id="m79">com.eduven.testcase.PurchaseTestCases#handlingRateTheAppPopupTest</h3><table class="result"></table><p class="totop"><a href="#summary">back to summary</a></p><h3 id="m80">com.eduven.testcase.PurchaseTestCases#languageSelectionTest</h3><table class="result"></table><p class="totop"><a href="#summary">back to summary</a></p><h3 id="m81">com.eduven.testcase.PurchaseTestCases#navigateToBuyTest</h3><table class="result"></table><p class="totop"><a href="#summary">back to summary</a></p><h3 id="m82">com.eduven.testcase.PurchaseTestCases#verifyLockTermAppearAsUnlockTermTest</h3><table class="result"></table><p class="totop"><a href="#summary">back to summary</a></p><h3 id="m83">com.eduven.testcase.PurchaseTestCases#verifyLockTermBeforePurchaseTest</h3><table class="result"></table><p class="totop"><a href="#summary">back to summary</a></p><h3 id="m84">com.eduven.testcase.PurchaseTestCases#verifyPurchaseBtnAfterPurchase</h3><table class="result"></table><p class="totop"><a href="#summary">back to summary</a></p><h3 id="m85">com.eduven.testcase.QuickListPageTestCases#handlingRateTheAppPopupTest</h3><table class="result"></table><p class="totop"><a href="#summary">back to summary</a></p><h3 id="m86">com.eduven.testcase.QuickListPageTestCases#languageSelectionTest</h3><table class="result"></table><p class="totop"><a href="#summary">back to summary</a></p><h3 id="m87">com.eduven.testcase.QuickListPageTestCases#navigateToQuickListTermTest</h3><table class="result"></table><p class="totop"><a href="#summary">back to summary</a></p><h3 id="m88">com.eduven.testcase.QuickListPageTestCases#navigateToQuickListTest</h3><table class="result"></table><p class="totop"><a href="#summary">back to summary</a></p><h3 id="m89">com.eduven.testcase.QuickListPageTestCases#verifyLockTermNameTest</h3><table class="result"></table><p class="totop"><a href="#summary">back to summary</a></p><h3 id="m90">com.eduven.testcase.QuickListPageTestCases#verifyQuickListCategoryTest</h3><table class="result"></table><p class="totop"><a href="#summary">back to summary</a></p><h3 id="m91">com.eduven.testcase.QuickListPageTestCases#verifyQuickListHeadertxtTest</h3><table class="result"></table><p class="totop"><a href="#summary">back to summary</a></p><h3 id="m92">com.eduven.testcase.QuickListPageTestCases#verifyTermsNameOnTermlistPageTest</h3><table class="result"></table><p class="totop"><a href="#summary">back to summary</a></p><h3 id="m93">com.eduven.testcase.QuickListPageTestCases#verifyUnlockTermNameTest</h3><table class="result"></table><p class="totop"><a href="#summary">back to summary</a></p><h3 id="m94">com.eduven.testcase.SearchPageTestCases#freeTermSearchTest</h3><table class="result"></table><p class="totop"><a href="#summary">back to summary</a></p><h3 id="m95">com.eduven.testcase.SearchPageTestCases#handlingRateTheAppPopupTest</h3><table class="result"></table><p class="totop"><a href="#summary">back to summary</a></p><h3 id="m96">com.eduven.testcase.SearchPageTestCases#languageSelectionTest</h3><table class="result"></table><p class="totop"><a href="#summary">back to summary</a></p><h3 id="m97">com.eduven.testcase.SearchPageTestCases#navigateToSearchPageTest</h3><table class="result"></table><p class="totop"><a href="#summary">back to summary</a></p><h3 id="m98">com.eduven.testcase.SearchPageTestCases#premiumTermSearchTest</h3><table class="result"></table><p class="totop"><a href="#summary">back to summary</a></p><h3 id="m99">com.eduven.testcase.SearchPageTestCases#verifySearchPageHeaderTest</h3><table class="result"></table><p class="totop"><a href="#summary">back to summary</a></p><h3 id="m100">com.eduven.testcase.SwitchLanguagePageTestCases#handlingRateAppPopupTest</h3><table class="result"></table><p class="totop"><a href="#summary">back to summary</a></p><h3 id="m101">com.eduven.testcase.SwitchLanguagePageTestCases#languageSelectionTest</h3><table class="result"></table><p class="totop"><a href="#summary">back to summary</a></p><h3 id="m102">com.eduven.testcase.SwitchLanguagePageTestCases#languageSelectionTest1</h3><table class="result"></table><p class="totop"><a href="#summary">back to summary</a></p><h3 id="m103">com.eduven.testcase.SwitchLanguagePageTestCases#navigateToQuickListTermTest</h3><table class="result"></table><p class="totop"><a href="#summary">back to summary</a></p><h3 id="m104">com.eduven.testcase.SwitchLanguagePageTestCases#navigateToQuickListTest</h3><table class="result"></table><p class="totop"><a href="#summary">back to summary</a></p><h3 id="m105">com.eduven.testcase.SwitchLanguagePageTestCases#navigateToSswitchLingoPageTest</h3><table class="result"></table><p class="totop"><a href="#summary">back to summary</a></p><h3 id="m106">com.eduven.testcase.SwitchLanguagePageTestCases#purchaseNativeLangugaeTest</h3><table class="result"></table><p class="totop"><a href="#summary">back to summary</a></p><h3 id="m107">com.eduven.testcase.SwitchLanguagePageTestCases#switchLingoChangeBaseLanguageTest</h3><table class="result"></table><p class="totop"><a href="#summary">back to summary</a></p><h3 id="m108">com.eduven.testcase.SwitchLanguagePageTestCases#verifyQuickListCategoryTest</h3><table class="result"></table><p class="totop"><a href="#summary">back to summary</a></p><h3 id="m109">com.eduven.testcase.SwitchLanguagePageTestCases#verifyQuickListHeadertxtTest</h3><table class="result"></table><p class="totop"><a href="#summary">back to summary</a></p><h3 id="m110">com.eduven.testcase.SwitchLanguagePageTestCases#verifyTermHeaderAndTermNameListTest</h3><table class="result"></table><p class="totop"><a href="#summary">back to summary</a></p><h3 id="m111">com.eduven.testcase.SwitchLanguagePageTestCases#verifyTermsNameOnTermlistPageTest</h3><table class="result"></table><p class="totop"><a href="#summary">back to summary</a></p><h3 id="m112">com.eduven.testcase.TermListPageTestCases#handlingRateTheAppPopupTest</h3><table class="result"></table><p class="totop"><a href="#summary">back to summary</a></p><h3 id="m113">com.eduven.testcase.TermListPageTestCases#languageSelectionTest</h3><table class="result"></table><p class="totop"><a href="#summary">back to summary</a></p><h3 id="m114">com.eduven.testcase.TermListPageTestCases#navigateToEditTermPageTest</h3><table class="result"></table><p class="totop"><a href="#summary">back to summary</a></p><h3 id="m115">com.eduven.testcase.TermListPageTestCases#navigateToTermlistPageTest</h3><table class="result"></table><p class="totop"><a href="#summary">back to summary</a></p><h3 id="m116">com.eduven.testcase.TermListPageTestCases#verifyContributePageWithWordTest</h3><table class="result"></table><p class="totop"><a href="#summary">back to summary</a></p><h3 id="m117">com.eduven.testcase.TermListPageTestCases#verifyContributePageWithoutTextTest</h3><table class="result"></table><p class="totop"><a href="#summary">back to summary</a></p><h3 id="m118">com.eduven.testcase.TermListPageTestCases#verifyLockTermNameTest</h3><table class="result"></table><p class="totop"><a href="#summary">back to summary</a></p><h3 id="m119">com.eduven.testcase.TermListPageTestCases#verifyTermsNameOnTermlistPageTest</h3><table class="result"></table><p class="totop"><a href="#summary">back to summary</a></p><h3 id="m120">com.eduven.testcase.TermListPageTestCases#verifyUnlockTermNameTest</h3><table class="result"></table><p class="totop"><a href="#summary">back to summary</a></p></body></html>