<!DOCTYPE html>

<html>
  <head>
  <title>TestNG reports</title>

    <link type="text/css" href="testng-reports.css" rel="stylesheet" />  
    <script type="text/javascript" src="jquery-1.7.1.min.js"></script>
    <script type="text/javascript" src="testng-reports.js"></script>
    <script type="text/javascript" src="https://www.google.com/jsapi"></script>
    <script type='text/javascript'>
      google.load('visualization', '1', {packages:['table']});
      google.setOnLoadCallback(drawTable);
      var suiteTableInitFunctions = new Array();
      var suiteTableData = new Array();
    </script>
    <!--
      <script type="text/javascript" src="jquery-ui/js/jquery-ui-1.8.16.custom.min.js"></script>
     -->
  </head>

  <body>
    <div class="top-banner-root">
      <span class="top-banner-title-font">Test results</span>
      <br/>
      <span class="top-banner-font-1">1 suite, 5 failed tests</span>
    </div> <!-- top-banner-root -->
    <div class="navigator-root">
      <div class="navigator-suite-header">
        <span>All suites</span>
        <a href="#" class="collapse-all-link" title="Collapse/expand all the suites">
          <img class="collapse-all-icon" src="collapseall.gif">
          </img> <!-- collapse-all-icon -->
        </a> <!-- collapse-all-link -->
      </div> <!-- navigator-suite-header -->
      <div class="suite">
        <div class="rounded-window">
          <div class="suite-header light-rounded-window-top">
            <a href="#" class="navigator-link" panel-name="suite-Suite_For_Ios_Testing">
              <span class="suite-name border-failed">Suite For Ios Testing</span>
            </a> <!-- navigator-link -->
          </div> <!-- suite-header light-rounded-window-top -->
          <div class="navigator-suite-content">
            <div class="suite-section-title">
              <span>Info</span>
            </div> <!-- suite-section-title -->
            <div class="suite-section-content">
              <ul>
                <li>
                  <a href="#" class="navigator-link " panel-name="test-xml-Suite_For_Ios_Testing">
                    <span>[unset file name]</span>
                  </a> <!-- navigator-link  -->
                </li>
                <li>
                  <a href="#" class="navigator-link " panel-name="testlist-Suite_For_Ios_Testing">
                    <span class="test-stats">1 test</span>
                  </a> <!-- navigator-link  -->
                </li>
                <li>
                  <a href="#" class="navigator-link " panel-name="group-Suite_For_Ios_Testing">
                    <span>0 groups</span>
                  </a> <!-- navigator-link  -->
                </li>
                <li>
                  <a href="#" class="navigator-link " panel-name="times-Suite_For_Ios_Testing">
                    <span>Times</span>
                  </a> <!-- navigator-link  -->
                </li>
                <li>
                  <a href="#" class="navigator-link " panel-name="reporter-Suite_For_Ios_Testing">
                    <span>Reporter output</span>
                  </a> <!-- navigator-link  -->
                </li>
                <li>
                  <a href="#" class="navigator-link " panel-name="ignored-methods-Suite_For_Ios_Testing">
                    <span>Ignored methods</span>
                  </a> <!-- navigator-link  -->
                </li>
                <li>
                  <a href="#" class="navigator-link " panel-name="chronological-Suite_For_Ios_Testing">
                    <span>Chronological view</span>
                  </a> <!-- navigator-link  -->
                </li>
              </ul>
            </div> <!-- suite-section-content -->
            <div class="result-section">
              <div class="suite-section-title">
                <span>Results</span>
              </div> <!-- suite-section-title -->
              <div class="suite-section-content">
                <ul>
                  <li>
                    <span class="method-stats">118 methods, 5 failed,   113 passed</span>
                  </li>
                  <li>
                    <span class="method-list-title failed">Failed methods</span>
                    <span class="show-or-hide-methods failed">
                      <a href="#" panel-name="suite-Suite_For_Ios_Testing" class="hide-methods failed suite-Suite_For_Ios_Testing"> (hide)</a> <!-- hide-methods failed suite-Suite_For_Ios_Testing -->
                      <a href="#" panel-name="suite-Suite_For_Ios_Testing" class="show-methods failed suite-Suite_For_Ios_Testing"> (show)</a> <!-- show-methods failed suite-Suite_For_Ios_Testing -->
                    </span>
                    <div class="method-list-content failed suite-Suite_For_Ios_Testing">
                      <span>
                        <img width="3%" src="failed.png"/>
                        <a href="#" class="method navigator-link" panel-name="suite-Suite_For_Ios_Testing" title="com.eduven.testcase.SearchPageTestCases" hash-for-method="searchPageAudioTest">searchPageAudioTest</a> <!-- method navigator-link -->
                      </span>
                      <br/>
                      <span>
                        <img width="3%" src="failed.png"/>
                        <a href="#" class="method navigator-link" panel-name="suite-Suite_For_Ios_Testing" title="com.eduven.testcase.SwitchLanguagePageTestCases" hash-for-method="verifyCategoryListAfterBaseLanguageChangeTest">verifyCategoryListAfterBaseLanguageChangeTest</a> <!-- method navigator-link -->
                      </span>
                      <br/>
                      <span>
                        <img width="3%" src="failed.png"/>
                        <a href="#" class="method navigator-link" panel-name="suite-Suite_For_Ios_Testing" title="com.eduven.testcase.GamesPageTestCases" hash-for-method="verifyElementOnMainGamePageTest">verifyElementOnMainGamePageTest</a> <!-- method navigator-link -->
                      </span>
                      <br/>
                      <span>
                        <img width="3%" src="failed.png"/>
                        <a href="#" class="method navigator-link" panel-name="suite-Suite_For_Ios_Testing" title="com.eduven.testcase.CheckInterstetialBeforePurchase" hash-for-method="verifyInterstetialForInAppTest">verifyInterstetialForInAppTest</a> <!-- method navigator-link -->
                      </span>
                      <br/>
                      <span>
                        <img width="3%" src="failed.png"/>
                        <a href="#" class="method navigator-link" panel-name="suite-Suite_For_Ios_Testing" title="com.eduven.testcase.EvMenuPageTestCases" hash-for-method="verifyMoreAppsPageTest">verifyMoreAppsPageTest</a> <!-- method navigator-link -->
                      </span>
                      <br/>
                    </div> <!-- method-list-content failed suite-Suite_For_Ios_Testing -->
                  </li>
                  <li>
                    <span class="method-list-title passed">Passed methods</span>
                    <span class="show-or-hide-methods passed">
                      <a href="#" panel-name="suite-Suite_For_Ios_Testing" class="hide-methods passed suite-Suite_For_Ios_Testing"> (hide)</a> <!-- hide-methods passed suite-Suite_For_Ios_Testing -->
                      <a href="#" panel-name="suite-Suite_For_Ios_Testing" class="show-methods passed suite-Suite_For_Ios_Testing"> (show)</a> <!-- show-methods passed suite-Suite_For_Ios_Testing -->
                    </span>
                    <div class="method-list-content passed suite-Suite_For_Ios_Testing">
                      <span>
                        <img width="3%" src="passed.png"/>
                        <a href="#" class="method navigator-link" panel-name="suite-Suite_For_Ios_Testing" title="com.eduven.testcase.EduBankPageTestCases" hash-for-method="addTermInEdubankForQuicklistTest">addTermInEdubankForQuicklistTest</a> <!-- method navigator-link -->
                      </span>
                      <br/>
                      <span>
                        <img width="3%" src="passed.png"/>
                        <a href="#" class="method navigator-link" panel-name="suite-Suite_For_Ios_Testing" title="com.eduven.testcase.EduBankPageTestCases" hash-for-method="addTermInEdubankTest">addTermInEdubankTest</a> <!-- method navigator-link -->
                      </span>
                      <br/>
                      <span>
                        <img width="3%" src="passed.png"/>
                        <a href="#" class="method navigator-link" panel-name="suite-Suite_For_Ios_Testing" title="com.eduven.testcase.AutoPlayPageTestCases" hash-for-method="autoPlayButtonForPlayButtonTest">autoPlayButtonForPlayButtonTest</a> <!-- method navigator-link -->
                      </span>
                      <br/>
                      <span>
                        <img width="3%" src="passed.png"/>
                        <a href="#" class="method navigator-link" panel-name="suite-Suite_For_Ios_Testing" title="com.eduven.testcase.PurchaseTestCases" hash-for-method="buyAppPurchaseTest">buyAppPurchaseTest</a> <!-- method navigator-link -->
                      </span>
                      <br/>
                      <span>
                        <img width="3%" src="passed.png"/>
                        <a href="#" class="method navigator-link" panel-name="suite-Suite_For_Ios_Testing" title="com.eduven.testcase.EvMenuPageTestCases" hash-for-method="categorySettingPageTest">categorySettingPageTest</a> <!-- method navigator-link -->
                      </span>
                      <br/>
                      <span>
                        <img width="3%" src="passed.png"/>
                        <a href="#" class="method navigator-link" panel-name="suite-Suite_For_Ios_Testing" title="com.eduven.testcase.EvMenuPageTestCases" hash-for-method="dislcaimerPageTest">dislcaimerPageTest</a> <!-- method navigator-link -->
                      </span>
                      <br/>
                      <span>
                        <img width="3%" src="passed.png"/>
                        <a href="#" class="method navigator-link" panel-name="suite-Suite_For_Ios_Testing" title="com.eduven.testcase.EvMenuPageTestCases" hash-for-method="faqsPageTest">faqsPageTest</a> <!-- method navigator-link -->
                      </span>
                      <br/>
                      <span>
                        <img width="3%" src="passed.png"/>
                        <a href="#" class="method navigator-link" panel-name="suite-Suite_For_Ios_Testing" title="com.eduven.testcase.SearchPageTestCases" hash-for-method="freeTermSearchTest">freeTermSearchTest</a> <!-- method navigator-link -->
                      </span>
                      <br/>
                      <span>
                        <img width="3%" src="passed.png"/>
                        <a href="#" class="method navigator-link" panel-name="suite-Suite_For_Ios_Testing" title="com.eduven.testcase.EvMenuPageTestCases" hash-for-method="getInTouchPageTest">getInTouchPageTest</a> <!-- method navigator-link -->
                      </span>
                      <br/>
                      <span>
                        <img width="3%" src="passed.png"/>
                        <a href="#" class="method navigator-link" panel-name="suite-Suite_For_Ios_Testing" title="com.eduven.testcase.EduBankPageTestCases" hash-for-method="handlingRateAppPopupTest">handlingRateAppPopupTest</a> <!-- method navigator-link -->
                      </span>
                      <br/>
                      <span>
                        <img width="3%" src="passed.png"/>
                        <a href="#" class="method navigator-link" panel-name="suite-Suite_For_Ios_Testing" title="com.eduven.testcase.SwitchLanguagePageTestCases" hash-for-method="handlingRateAppPopupTest">handlingRateAppPopupTest</a> <!-- method navigator-link -->
                      </span>
                      <br/>
                      <span>
                        <img width="3%" src="passed.png"/>
                        <a href="#" class="method navigator-link" panel-name="suite-Suite_For_Ios_Testing" title="com.eduven.testcase.PurchaseTestCases" hash-for-method="handlingRateTheAppPopupTest">handlingRateTheAppPopupTest</a> <!-- method navigator-link -->
                      </span>
                      <br/>
                      <span>
                        <img width="3%" src="passed.png"/>
                        <a href="#" class="method navigator-link" panel-name="suite-Suite_For_Ios_Testing" title="com.eduven.testcase.TermListPageTestCases" hash-for-method="handlingRateTheAppPopupTest">handlingRateTheAppPopupTest</a> <!-- method navigator-link -->
                      </span>
                      <br/>
                      <span>
                        <img width="3%" src="passed.png"/>
                        <a href="#" class="method navigator-link" panel-name="suite-Suite_For_Ios_Testing" title="com.eduven.testcase.CategoryPageTestCases" hash-for-method="handlingRateTheAppPopupTest">handlingRateTheAppPopupTest</a> <!-- method navigator-link -->
                      </span>
                      <br/>
                      <span>
                        <img width="3%" src="passed.png"/>
                        <a href="#" class="method navigator-link" panel-name="suite-Suite_For_Ios_Testing" title="com.eduven.testcase.SearchPageTestCases" hash-for-method="handlingRateTheAppPopupTest">handlingRateTheAppPopupTest</a> <!-- method navigator-link -->
                      </span>
                      <br/>
                      <span>
                        <img width="3%" src="passed.png"/>
                        <a href="#" class="method navigator-link" panel-name="suite-Suite_For_Ios_Testing" title="com.eduven.testcase.GamesPageTestCases" hash-for-method="handlingRateTheAppPopupTest">handlingRateTheAppPopupTest</a> <!-- method navigator-link -->
                      </span>
                      <br/>
                      <span>
                        <img width="3%" src="passed.png"/>
                        <a href="#" class="method navigator-link" panel-name="suite-Suite_For_Ios_Testing" title="com.eduven.testcase.AutoPlayPageTestCases" hash-for-method="handlingRateTheAppPopupTest">handlingRateTheAppPopupTest</a> <!-- method navigator-link -->
                      </span>
                      <br/>
                      <span>
                        <img width="3%" src="passed.png"/>
                        <a href="#" class="method navigator-link" panel-name="suite-Suite_For_Ios_Testing" title="com.eduven.testcase.HomePageTestCases" hash-for-method="handlingRateTheAppPopupTest">handlingRateTheAppPopupTest</a> <!-- method navigator-link -->
                      </span>
                      <br/>
                      <span>
                        <img width="3%" src="passed.png"/>
                        <a href="#" class="method navigator-link" panel-name="suite-Suite_For_Ios_Testing" title="com.eduven.testcase.EvMenuPageTestCases" hash-for-method="handlingRateTheAppPopupTest">handlingRateTheAppPopupTest</a> <!-- method navigator-link -->
                      </span>
                      <br/>
                      <span>
                        <img width="3%" src="passed.png"/>
                        <a href="#" class="method navigator-link" panel-name="suite-Suite_For_Ios_Testing" title="com.eduven.testcase.QuickListPageTestCases" hash-for-method="handlingRateTheAppPopupTest">handlingRateTheAppPopupTest</a> <!-- method navigator-link -->
                      </span>
                      <br/>
                      <span>
                        <img width="3%" src="passed.png"/>
                        <a href="#" class="method navigator-link" panel-name="suite-Suite_For_Ios_Testing" title="com.eduven.testcase.CheckInterstetialAfterPurchase" hash-for-method="handlingRateTheAppPopupTest">handlingRateTheAppPopupTest</a> <!-- method navigator-link -->
                      </span>
                      <br/>
                      <span>
                        <img width="3%" src="passed.png"/>
                        <a href="#" class="method navigator-link" panel-name="suite-Suite_For_Ios_Testing" title="com.eduven.testcase.CheckInterstetialBeforePurchase" hash-for-method="handlingRateTheAppPopupTest">handlingRateTheAppPopupTest</a> <!-- method navigator-link -->
                      </span>
                      <br/>
                      <span>
                        <img width="3%" src="passed.png"/>
                        <a href="#" class="method navigator-link" panel-name="suite-Suite_For_Ios_Testing" title="com.eduven.testcase.AutoPlayPageTestCases" hash-for-method="increaseDealayTimeTest">increaseDealayTimeTest</a> <!-- method navigator-link -->
                      </span>
                      <br/>
                      <span>
                        <img width="3%" src="passed.png"/>
                        <a href="#" class="method navigator-link" panel-name="suite-Suite_For_Ios_Testing" title="com.eduven.testcase.SwitchLanguagePageTestCases" hash-for-method="languageSelectionTest">languageSelectionTest</a> <!-- method navigator-link -->
                      </span>
                      <br/>
                      <span>
                        <img width="3%" src="passed.png"/>
                        <a href="#" class="method navigator-link" panel-name="suite-Suite_For_Ios_Testing" title="com.eduven.testcase.PurchaseTestCases" hash-for-method="languageSelectionTest">languageSelectionTest</a> <!-- method navigator-link -->
                      </span>
                      <br/>
                      <span>
                        <img width="3%" src="passed.png"/>
                        <a href="#" class="method navigator-link" panel-name="suite-Suite_For_Ios_Testing" title="com.eduven.testcase.GamesPageTestCases" hash-for-method="languageSelectionTest">languageSelectionTest</a> <!-- method navigator-link -->
                      </span>
                      <br/>
                      <span>
                        <img width="3%" src="passed.png"/>
                        <a href="#" class="method navigator-link" panel-name="suite-Suite_For_Ios_Testing" title="com.eduven.testcase.CheckInterstetialAfterPurchase" hash-for-method="languageSelectionTest">languageSelectionTest</a> <!-- method navigator-link -->
                      </span>
                      <br/>
                      <span>
                        <img width="3%" src="passed.png"/>
                        <a href="#" class="method navigator-link" panel-name="suite-Suite_For_Ios_Testing" title="com.eduven.testcase.EduBankPageTestCases" hash-for-method="languageSelectionTest">languageSelectionTest</a> <!-- method navigator-link -->
                      </span>
                      <br/>
                      <span>
                        <img width="3%" src="passed.png"/>
                        <a href="#" class="method navigator-link" panel-name="suite-Suite_For_Ios_Testing" title="com.eduven.testcase.SearchPageTestCases" hash-for-method="languageSelectionTest">languageSelectionTest</a> <!-- method navigator-link -->
                      </span>
                      <br/>
                      <span>
                        <img width="3%" src="passed.png"/>
                        <a href="#" class="method navigator-link" panel-name="suite-Suite_For_Ios_Testing" title="com.eduven.testcase.QuickListPageTestCases" hash-for-method="languageSelectionTest">languageSelectionTest</a> <!-- method navigator-link -->
                      </span>
                      <br/>
                      <span>
                        <img width="3%" src="passed.png"/>
                        <a href="#" class="method navigator-link" panel-name="suite-Suite_For_Ios_Testing" title="com.eduven.testcase.CategoryPageTestCases" hash-for-method="languageSelectionTest">languageSelectionTest</a> <!-- method navigator-link -->
                      </span>
                      <br/>
                      <span>
                        <img width="3%" src="passed.png"/>
                        <a href="#" class="method navigator-link" panel-name="suite-Suite_For_Ios_Testing" title="com.eduven.testcase.HomePageTestCases" hash-for-method="languageSelectionTest">languageSelectionTest</a> <!-- method navigator-link -->
                      </span>
                      <br/>
                      <span>
                        <img width="3%" src="passed.png"/>
                        <a href="#" class="method navigator-link" panel-name="suite-Suite_For_Ios_Testing" title="com.eduven.testcase.CheckInterstetialBeforePurchase" hash-for-method="languageSelectionTest">languageSelectionTest</a> <!-- method navigator-link -->
                      </span>
                      <br/>
                      <span>
                        <img width="3%" src="passed.png"/>
                        <a href="#" class="method navigator-link" panel-name="suite-Suite_For_Ios_Testing" title="com.eduven.testcase.AutoPlayPageTestCases" hash-for-method="languageSelectionTest">languageSelectionTest</a> <!-- method navigator-link -->
                      </span>
                      <br/>
                      <span>
                        <img width="3%" src="passed.png"/>
                        <a href="#" class="method navigator-link" panel-name="suite-Suite_For_Ios_Testing" title="com.eduven.testcase.EvMenuPageTestCases" hash-for-method="languageSelectionTest">languageSelectionTest</a> <!-- method navigator-link -->
                      </span>
                      <br/>
                      <span>
                        <img width="3%" src="passed.png"/>
                        <a href="#" class="method navigator-link" panel-name="suite-Suite_For_Ios_Testing" title="com.eduven.testcase.TermListPageTestCases" hash-for-method="languageSelectionTest">languageSelectionTest</a> <!-- method navigator-link -->
                      </span>
                      <br/>
                      <span>
                        <img width="3%" src="passed.png"/>
                        <a href="#" class="method navigator-link" panel-name="suite-Suite_For_Ios_Testing" title="com.eduven.testcase.SwitchLanguagePageTestCases" hash-for-method="languageSelectionTest1">languageSelectionTest1</a> <!-- method navigator-link -->
                      </span>
                      <br/>
                      <span>
                        <img width="3%" src="passed.png"/>
                        <a href="#" class="method navigator-link" panel-name="suite-Suite_For_Ios_Testing" title="com.eduven.testcase.PurchaseTestCases" hash-for-method="navigateToBuyTest">navigateToBuyTest</a> <!-- method navigator-link -->
                      </span>
                      <br/>
                      <span>
                        <img width="3%" src="passed.png"/>
                        <a href="#" class="method navigator-link" panel-name="suite-Suite_For_Ios_Testing" title="com.eduven.testcase.EvMenuPageTestCases" hash-for-method="navigateToContributePageTest">navigateToContributePageTest</a> <!-- method navigator-link -->
                      </span>
                      <br/>
                      <span>
                        <img width="3%" src="passed.png"/>
                        <a href="#" class="method navigator-link" panel-name="suite-Suite_For_Ios_Testing" title="com.eduven.testcase.TermListPageTestCases" hash-for-method="navigateToEditTermPageTest">navigateToEditTermPageTest</a> <!-- method navigator-link -->
                      </span>
                      <br/>
                      <span>
                        <img width="3%" src="passed.png"/>
                        <a href="#" class="method navigator-link" panel-name="suite-Suite_For_Ios_Testing" title="com.eduven.testcase.EduBankPageTestCases" hash-for-method="navigateToEdubankQuicklistTest">navigateToEdubankQuicklistTest</a> <!-- method navigator-link -->
                      </span>
                      <br/>
                      <span>
                        <img width="3%" src="passed.png"/>
                        <a href="#" class="method navigator-link" panel-name="suite-Suite_For_Ios_Testing" title="com.eduven.testcase.EduBankPageTestCases" hash-for-method="navigateToEdubankTest">navigateToEdubankTest</a> <!-- method navigator-link -->
                      </span>
                      <br/>
                      <span>
                        <img width="3%" src="passed.png"/>
                        <a href="#" class="method navigator-link" panel-name="suite-Suite_For_Ios_Testing" title="com.eduven.testcase.EvMenuPageTestCases" hash-for-method="navigateToMoreAppsPageTest">navigateToMoreAppsPageTest</a> <!-- method navigator-link -->
                      </span>
                      <br/>
                      <span>
                        <img width="3%" src="passed.png"/>
                        <a href="#" class="method navigator-link" panel-name="suite-Suite_For_Ios_Testing" title="com.eduven.testcase.QuickListPageTestCases" hash-for-method="navigateToQuickListTermTest">navigateToQuickListTermTest</a> <!-- method navigator-link -->
                      </span>
                      <br/>
                      <span>
                        <img width="3%" src="passed.png"/>
                        <a href="#" class="method navigator-link" panel-name="suite-Suite_For_Ios_Testing" title="com.eduven.testcase.SwitchLanguagePageTestCases" hash-for-method="navigateToQuickListTermTest">navigateToQuickListTermTest</a> <!-- method navigator-link -->
                      </span>
                      <br/>
                      <span>
                        <img width="3%" src="passed.png"/>
                        <a href="#" class="method navigator-link" panel-name="suite-Suite_For_Ios_Testing" title="com.eduven.testcase.QuickListPageTestCases" hash-for-method="navigateToQuickListTest">navigateToQuickListTest</a> <!-- method navigator-link -->
                      </span>
                      <br/>
                      <span>
                        <img width="3%" src="passed.png"/>
                        <a href="#" class="method navigator-link" panel-name="suite-Suite_For_Ios_Testing" title="com.eduven.testcase.SwitchLanguagePageTestCases" hash-for-method="navigateToQuickListTest">navigateToQuickListTest</a> <!-- method navigator-link -->
                      </span>
                      <br/>
                      <span>
                        <img width="3%" src="passed.png"/>
                        <a href="#" class="method navigator-link" panel-name="suite-Suite_For_Ios_Testing" title="com.eduven.testcase.EduBankPageTestCases" hash-for-method="navigateToQuicklistPageTest">navigateToQuicklistPageTest</a> <!-- method navigator-link -->
                      </span>
                      <br/>
                      <span>
                        <img width="3%" src="passed.png"/>
                        <a href="#" class="method navigator-link" panel-name="suite-Suite_For_Ios_Testing" title="com.eduven.testcase.EduBankPageTestCases" hash-for-method="navigateToQuicklistTermPageTest">navigateToQuicklistTermPageTest</a> <!-- method navigator-link -->
                      </span>
                      <br/>
                      <span>
                        <img width="3%" src="passed.png"/>
                        <a href="#" class="method navigator-link" panel-name="suite-Suite_For_Ios_Testing" title="com.eduven.testcase.SearchPageTestCases" hash-for-method="navigateToSearchPageTest">navigateToSearchPageTest</a> <!-- method navigator-link -->
                      </span>
                      <br/>
                      <span>
                        <img width="3%" src="passed.png"/>
                        <a href="#" class="method navigator-link" panel-name="suite-Suite_For_Ios_Testing" title="com.eduven.testcase.SwitchLanguagePageTestCases" hash-for-method="navigateToSswitchLingoPageTest">navigateToSswitchLingoPageTest</a> <!-- method navigator-link -->
                      </span>
                      <br/>
                      <span>
                        <img width="3%" src="passed.png"/>
                        <a href="#" class="method navigator-link" panel-name="suite-Suite_For_Ios_Testing" title="com.eduven.testcase.EduBankPageTestCases" hash-for-method="navigateToTermPageTest">navigateToTermPageTest</a> <!-- method navigator-link -->
                      </span>
                      <br/>
                      <span>
                        <img width="3%" src="passed.png"/>
                        <a href="#" class="method navigator-link" panel-name="suite-Suite_For_Ios_Testing" title="com.eduven.testcase.TermListPageTestCases" hash-for-method="navigateToTermlistPageTest">navigateToTermlistPageTest</a> <!-- method navigator-link -->
                      </span>
                      <br/>
                      <span>
                        <img width="3%" src="passed.png"/>
                        <a href="#" class="method navigator-link" panel-name="suite-Suite_For_Ios_Testing" title="com.eduven.testcase.SearchPageTestCases" hash-for-method="premiumTermSearchTest">premiumTermSearchTest</a> <!-- method navigator-link -->
                      </span>
                      <br/>
                      <span>
                        <img width="3%" src="passed.png"/>
                        <a href="#" class="method navigator-link" panel-name="suite-Suite_For_Ios_Testing" title="com.eduven.testcase.EvMenuPageTestCases" hash-for-method="privacyPolicyPageTest">privacyPolicyPageTest</a> <!-- method navigator-link -->
                      </span>
                      <br/>
                      <span>
                        <img width="3%" src="passed.png"/>
                        <a href="#" class="method navigator-link" panel-name="suite-Suite_For_Ios_Testing" title="com.eduven.testcase.SwitchLanguagePageTestCases" hash-for-method="purchaseNativeLangugaeTest">purchaseNativeLangugaeTest</a> <!-- method navigator-link -->
                      </span>
                      <br/>
                      <span>
                        <img width="3%" src="passed.png"/>
                        <a href="#" class="method navigator-link" panel-name="suite-Suite_For_Ios_Testing" title="com.eduven.testcase.EvMenuPageTestCases" hash-for-method="rateThisAppTest">rateThisAppTest</a> <!-- method navigator-link -->
                      </span>
                      <br/>
                      <span>
                        <img width="3%" src="passed.png"/>
                        <a href="#" class="method navigator-link" panel-name="suite-Suite_For_Ios_Testing" title="com.eduven.testcase.EduBankPageTestCases" hash-for-method="removeAllTermsFromEdubankForQuicklistTest">removeAllTermsFromEdubankForQuicklistTest</a> <!-- method navigator-link -->
                      </span>
                      <br/>
                      <span>
                        <img width="3%" src="passed.png"/>
                        <a href="#" class="method navigator-link" panel-name="suite-Suite_For_Ios_Testing" title="com.eduven.testcase.EduBankPageTestCases" hash-for-method="removeAllTermsFromEdubankTest">removeAllTermsFromEdubankTest</a> <!-- method navigator-link -->
                      </span>
                      <br/>
                      <span>
                        <img width="3%" src="passed.png"/>
                        <a href="#" class="method navigator-link" panel-name="suite-Suite_For_Ios_Testing" title="com.eduven.testcase.EduBankPageTestCases" hash-for-method="removeTermsFromEdubankForQuicklistTest">removeTermsFromEdubankForQuicklistTest</a> <!-- method navigator-link -->
                      </span>
                      <br/>
                      <span>
                        <img width="3%" src="passed.png"/>
                        <a href="#" class="method navigator-link" panel-name="suite-Suite_For_Ios_Testing" title="com.eduven.testcase.EduBankPageTestCases" hash-for-method="removeTermsFromEdubankTest">removeTermsFromEdubankTest</a> <!-- method navigator-link -->
                      </span>
                      <br/>
                      <span>
                        <img width="3%" src="passed.png"/>
                        <a href="#" class="method navigator-link" panel-name="suite-Suite_For_Ios_Testing" title="com.eduven.testcase.EvMenuPageTestCases" hash-for-method="selectAllCategoryInCategorySettingPageTest">selectAllCategoryInCategorySettingPageTest</a> <!-- method navigator-link -->
                      </span>
                      <br/>
                      <span>
                        <img width="3%" src="passed.png"/>
                        <a href="#" class="method navigator-link" panel-name="suite-Suite_For_Ios_Testing" title="com.eduven.testcase.EvMenuPageTestCases" hash-for-method="selectAllCategoryInWordOffTheDayPageTest">selectAllCategoryInWordOffTheDayPageTest</a> <!-- method navigator-link -->
                      </span>
                      <br/>
                      <span>
                        <img width="3%" src="passed.png"/>
                        <a href="#" class="method navigator-link" panel-name="suite-Suite_For_Ios_Testing" title="com.eduven.testcase.GamesPageTestCases" hash-for-method="selectGamesFromGameListTest">selectGamesFromGameListTest</a> <!-- method navigator-link -->
                      </span>
                      <br/>
                      <span>
                        <img width="3%" src="passed.png"/>
                        <a href="#" class="method navigator-link" panel-name="suite-Suite_For_Ios_Testing" title="com.eduven.testcase.AutoPlayPageTestCases" hash-for-method="selectRandomCategoryTest">selectRandomCategoryTest</a> <!-- method navigator-link -->
                      </span>
                      <br/>
                      <span>
                        <img width="3%" src="passed.png"/>
                        <a href="#" class="method navigator-link" panel-name="suite-Suite_For_Ios_Testing" title="com.eduven.testcase.GamesPageTestCases" hash-for-method="startGamesTest">startGamesTest</a> <!-- method navigator-link -->
                      </span>
                      <br/>
                      <span>
                        <img width="3%" src="passed.png"/>
                        <a href="#" class="method navigator-link" panel-name="suite-Suite_For_Ios_Testing" title="com.eduven.testcase.SwitchLanguagePageTestCases" hash-for-method="switchLingoChangeBaseLanguageTest">switchLingoChangeBaseLanguageTest</a> <!-- method navigator-link -->
                      </span>
                      <br/>
                      <span>
                        <img width="3%" src="passed.png"/>
                        <a href="#" class="method navigator-link" panel-name="suite-Suite_For_Ios_Testing" title="com.eduven.testcase.EvMenuPageTestCases" hash-for-method="termAndConditionPageTest">termAndConditionPageTest</a> <!-- method navigator-link -->
                      </span>
                      <br/>
                      <span>
                        <img width="3%" src="passed.png"/>
                        <a href="#" class="method navigator-link" panel-name="suite-Suite_For_Ios_Testing" title="com.eduven.testcase.EduBankPageTestCases" hash-for-method="verifyAddedTermInEdubankAfterRemovedItTest">verifyAddedTermInEdubankAfterRemovedItTest</a> <!-- method navigator-link -->
                      </span>
                      <br/>
                      <span>
                        <img width="3%" src="passed.png"/>
                        <a href="#" class="method navigator-link" panel-name="suite-Suite_For_Ios_Testing" title="com.eduven.testcase.EduBankPageTestCases" hash-for-method="verifyAddedTermInEdubankForQuicklistAfterRemoveOneTermTest">verifyAddedTermInEdubankForQuicklistAfterRemoveOneTermTest</a> <!-- method navigator-link -->
                      </span>
                      <br/>
                      <span>
                        <img width="3%" src="passed.png"/>
                        <a href="#" class="method navigator-link" panel-name="suite-Suite_For_Ios_Testing" title="com.eduven.testcase.EduBankPageTestCases" hash-for-method="verifyAddedTermInEdubankForQuicklistTest">verifyAddedTermInEdubankForQuicklistTest</a> <!-- method navigator-link -->
                      </span>
                      <br/>
                      <span>
                        <img width="3%" src="passed.png"/>
                        <a href="#" class="method navigator-link" panel-name="suite-Suite_For_Ios_Testing" title="com.eduven.testcase.EduBankPageTestCases" hash-for-method="verifyAddedTermInEdubankTest">verifyAddedTermInEdubankTest</a> <!-- method navigator-link -->
                      </span>
                      <br/>
                      <span>
                        <img width="3%" src="passed.png"/>
                        <a href="#" class="method navigator-link" panel-name="suite-Suite_For_Ios_Testing" title="com.eduven.testcase.GamesPageTestCases" hash-for-method="verifyAttemptedQuestionOnScoreBoardTest">verifyAttemptedQuestionOnScoreBoardTest</a> <!-- method navigator-link -->
                      </span>
                      <br/>
                      <span>
                        <img width="3%" src="passed.png"/>
                        <a href="#" class="method navigator-link" panel-name="suite-Suite_For_Ios_Testing" title="com.eduven.testcase.AutoPlayPageTestCases" hash-for-method="verifyAutoPlayButtonTest">verifyAutoPlayButtonTest</a> <!-- method navigator-link -->
                      </span>
                      <br/>
                      <span>
                        <img width="3%" src="passed.png"/>
                        <a href="#" class="method navigator-link" panel-name="suite-Suite_For_Ios_Testing" title="com.eduven.testcase.CategoryPageTestCases" hash-for-method="verifyCategoriesList">verifyCategoriesList</a> <!-- method navigator-link -->
                      </span>
                      <br/>
                      <span>
                        <img width="3%" src="passed.png"/>
                        <a href="#" class="method navigator-link" panel-name="suite-Suite_For_Ios_Testing" title="com.eduven.testcase.CategoryPageTestCases" hash-for-method="verifyCategoryHeaderTxt">verifyCategoryHeaderTxt</a> <!-- method navigator-link -->
                      </span>
                      <br/>
                      <span>
                        <img width="3%" src="passed.png"/>
                        <a href="#" class="method navigator-link" panel-name="suite-Suite_For_Ios_Testing" title="com.eduven.testcase.AutoPlayPageTestCases" hash-for-method="verifyCategoryHeaderTxt">verifyCategoryHeaderTxt</a> <!-- method navigator-link -->
                      </span>
                      <br/>
                      <span>
                        <img width="3%" src="passed.png"/>
                        <a href="#" class="method navigator-link" panel-name="suite-Suite_For_Ios_Testing" title="com.eduven.testcase.EvMenuPageTestCases" hash-for-method="verifyContributePageWithCategoryTest">verifyContributePageWithCategoryTest</a> <!-- method navigator-link -->
                      </span>
                      <br/>
                      <span>
                        <img width="3%" src="passed.png"/>
                        <a href="#" class="method navigator-link" panel-name="suite-Suite_For_Ios_Testing" title="com.eduven.testcase.EvMenuPageTestCases" hash-for-method="verifyContributePageWithRequiredTextTest">verifyContributePageWithRequiredTextTest</a> <!-- method navigator-link -->
                      </span>
                      <br/>
                      <span>
                        <img width="3%" src="passed.png"/>
                        <a href="#" class="method navigator-link" panel-name="suite-Suite_For_Ios_Testing" title="com.eduven.testcase.TermListPageTestCases" hash-for-method="verifyContributePageWithWordTest">verifyContributePageWithWordTest</a> <!-- method navigator-link -->
                      </span>
                      <br/>
                      <span>
                        <img width="3%" src="passed.png"/>
                        <a href="#" class="method navigator-link" panel-name="suite-Suite_For_Ios_Testing" title="com.eduven.testcase.EvMenuPageTestCases" hash-for-method="verifyContributePageWithWordTest">verifyContributePageWithWordTest</a> <!-- method navigator-link -->
                      </span>
                      <br/>
                      <span>
                        <img width="3%" src="passed.png"/>
                        <a href="#" class="method navigator-link" panel-name="suite-Suite_For_Ios_Testing" title="com.eduven.testcase.EvMenuPageTestCases" hash-for-method="verifyContributePageWithoutTextTest">verifyContributePageWithoutTextTest</a> <!-- method navigator-link -->
                      </span>
                      <br/>
                      <span>
                        <img width="3%" src="passed.png"/>
                        <a href="#" class="method navigator-link" panel-name="suite-Suite_For_Ios_Testing" title="com.eduven.testcase.TermListPageTestCases" hash-for-method="verifyContributePageWithoutTextTest">verifyContributePageWithoutTextTest</a> <!-- method navigator-link -->
                      </span>
                      <br/>
                      <span>
                        <img width="3%" src="passed.png"/>
                        <a href="#" class="method navigator-link" panel-name="suite-Suite_For_Ios_Testing" title="com.eduven.testcase.HomePageTestCases" hash-for-method="verifyElementOnHomePageTest">verifyElementOnHomePageTest</a> <!-- method navigator-link -->
                      </span>
                      <br/>
                      <span>
                        <img width="3%" src="passed.png"/>
                        <a href="#" class="method navigator-link" panel-name="suite-Suite_For_Ios_Testing" title="com.eduven.testcase.HomePageTestCases" hash-for-method="verifyFooterEdubankButtonOnHomePageTest">verifyFooterEdubankButtonOnHomePageTest</a> <!-- method navigator-link -->
                      </span>
                      <br/>
                      <span>
                        <img width="3%" src="passed.png"/>
                        <a href="#" class="method navigator-link" panel-name="suite-Suite_For_Ios_Testing" title="com.eduven.testcase.HomePageTestCases" hash-for-method="verifyFooterGameButtonOnHomePageTest">verifyFooterGameButtonOnHomePageTest</a> <!-- method navigator-link -->
                      </span>
                      <br/>
                      <span>
                        <img width="3%" src="passed.png"/>
                        <a href="#" class="method navigator-link" panel-name="suite-Suite_For_Ios_Testing" title="com.eduven.testcase.HomePageTestCases" hash-for-method="verifyFooterPurchaseButtonOnHomePageTest">verifyFooterPurchaseButtonOnHomePageTest</a> <!-- method navigator-link -->
                      </span>
                      <br/>
                      <span>
                        <img width="3%" src="passed.png"/>
                        <a href="#" class="method navigator-link" panel-name="suite-Suite_For_Ios_Testing" title="com.eduven.testcase.HomePageTestCases" hash-for-method="verifyFooterQuicklistButtonOnHomePageTest">verifyFooterQuicklistButtonOnHomePageTest</a> <!-- method navigator-link -->
                      </span>
                      <br/>
                      <span>
                        <img width="3%" src="passed.png"/>
                        <a href="#" class="method navigator-link" panel-name="suite-Suite_For_Ios_Testing" title="com.eduven.testcase.HomePageTestCases" hash-for-method="verifyFooterSwitchLingoButtonOnHomePageTest">verifyFooterSwitchLingoButtonOnHomePageTest</a> <!-- method navigator-link -->
                      </span>
                      <br/>
                      <span>
                        <img width="3%" src="passed.png"/>
                        <a href="#" class="method navigator-link" panel-name="suite-Suite_For_Ios_Testing" title="com.eduven.testcase.GamesPageTestCases" hash-for-method="verifyGamesListNavigationTest">verifyGamesListNavigationTest</a> <!-- method navigator-link -->
                      </span>
                      <br/>
                      <span>
                        <img width="3%" src="passed.png"/>
                        <a href="#" class="method navigator-link" panel-name="suite-Suite_For_Ios_Testing" title="com.eduven.testcase.CheckInterstetialBeforePurchase" hash-for-method="verifyInterstetialForQuizTest">verifyInterstetialForQuizTest</a> <!-- method navigator-link -->
                      </span>
                      <br/>
                      <span>
                        <img width="3%" src="passed.png"/>
                        <a href="#" class="method navigator-link" panel-name="suite-Suite_For_Ios_Testing" title="com.eduven.testcase.CheckInterstetialAfterPurchase" hash-for-method="verifyInterstetialForQuizTest">verifyInterstetialForQuizTest</a> <!-- method navigator-link -->
                      </span>
                      <br/>
                      <span>
                        <img width="3%" src="passed.png"/>
                        <a href="#" class="method navigator-link" panel-name="suite-Suite_For_Ios_Testing" title="com.eduven.testcase.PurchaseTestCases" hash-for-method="verifyLockTermAppearAsUnlockTermTest">verifyLockTermAppearAsUnlockTermTest</a> <!-- method navigator-link -->
                      </span>
                      <br/>
                      <span>
                        <img width="3%" src="passed.png"/>
                        <a href="#" class="method navigator-link" panel-name="suite-Suite_For_Ios_Testing" title="com.eduven.testcase.PurchaseTestCases" hash-for-method="verifyLockTermBeforePurchaseTest">verifyLockTermBeforePurchaseTest</a> <!-- method navigator-link -->
                      </span>
                      <br/>
                      <span>
                        <img width="3%" src="passed.png"/>
                        <a href="#" class="method navigator-link" panel-name="suite-Suite_For_Ios_Testing" title="com.eduven.testcase.TermListPageTestCases" hash-for-method="verifyLockTermNameTest">verifyLockTermNameTest</a> <!-- method navigator-link -->
                      </span>
                      <br/>
                      <span>
                        <img width="3%" src="passed.png"/>
                        <a href="#" class="method navigator-link" panel-name="suite-Suite_For_Ios_Testing" title="com.eduven.testcase.QuickListPageTestCases" hash-for-method="verifyLockTermNameTest">verifyLockTermNameTest</a> <!-- method navigator-link -->
                      </span>
                      <br/>
                      <span>
                        <img width="3%" src="passed.png"/>
                        <a href="#" class="method navigator-link" panel-name="suite-Suite_For_Ios_Testing" title="com.eduven.testcase.GamesPageTestCases" hash-for-method="verifyNavigationToGamesPageTest">verifyNavigationToGamesPageTest</a> <!-- method navigator-link -->
                      </span>
                      <br/>
                      <span>
                        <img width="3%" src="passed.png"/>
                        <a href="#" class="method navigator-link" panel-name="suite-Suite_For_Ios_Testing" title="com.eduven.testcase.PurchaseTestCases" hash-for-method="verifyPurchaseBtnAfterPurchase">verifyPurchaseBtnAfterPurchase</a> <!-- method navigator-link -->
                      </span>
                      <br/>
                      <span>
                        <img width="3%" src="passed.png"/>
                        <a href="#" class="method navigator-link" panel-name="suite-Suite_For_Ios_Testing" title="com.eduven.testcase.GamesPageTestCases" hash-for-method="verifyQuestionCountTest">verifyQuestionCountTest</a> <!-- method navigator-link -->
                      </span>
                      <br/>
                      <span>
                        <img width="3%" src="passed.png"/>
                        <a href="#" class="method navigator-link" panel-name="suite-Suite_For_Ios_Testing" title="com.eduven.testcase.SwitchLanguagePageTestCases" hash-for-method="verifyQuickListCategoryTest">verifyQuickListCategoryTest</a> <!-- method navigator-link -->
                      </span>
                      <br/>
                      <span>
                        <img width="3%" src="passed.png"/>
                        <a href="#" class="method navigator-link" panel-name="suite-Suite_For_Ios_Testing" title="com.eduven.testcase.QuickListPageTestCases" hash-for-method="verifyQuickListCategoryTest">verifyQuickListCategoryTest</a> <!-- method navigator-link -->
                      </span>
                      <br/>
                      <span>
                        <img width="3%" src="passed.png"/>
                        <a href="#" class="method navigator-link" panel-name="suite-Suite_For_Ios_Testing" title="com.eduven.testcase.SwitchLanguagePageTestCases" hash-for-method="verifyQuickListHeadertxtTest">verifyQuickListHeadertxtTest</a> <!-- method navigator-link -->
                      </span>
                      <br/>
                      <span>
                        <img width="3%" src="passed.png"/>
                        <a href="#" class="method navigator-link" panel-name="suite-Suite_For_Ios_Testing" title="com.eduven.testcase.QuickListPageTestCases" hash-for-method="verifyQuickListHeadertxtTest">verifyQuickListHeadertxtTest</a> <!-- method navigator-link -->
                      </span>
                      <br/>
                      <span>
                        <img width="3%" src="passed.png"/>
                        <a href="#" class="method navigator-link" panel-name="suite-Suite_For_Ios_Testing" title="com.eduven.testcase.SearchPageTestCases" hash-for-method="verifySearchPageHeaderTest">verifySearchPageHeaderTest</a> <!-- method navigator-link -->
                      </span>
                      <br/>
                      <span>
                        <img width="3%" src="passed.png"/>
                        <a href="#" class="method navigator-link" panel-name="suite-Suite_For_Ios_Testing" title="com.eduven.testcase.SwitchLanguagePageTestCases" hash-for-method="verifyTermHeaderAndTermNameListTest">verifyTermHeaderAndTermNameListTest</a> <!-- method navigator-link -->
                      </span>
                      <br/>
                      <span>
                        <img width="3%" src="passed.png"/>
                        <a href="#" class="method navigator-link" panel-name="suite-Suite_For_Ios_Testing" title="com.eduven.testcase.SwitchLanguagePageTestCases" hash-for-method="verifyTermsNameOnTermlistPageTest">verifyTermsNameOnTermlistPageTest</a> <!-- method navigator-link -->
                      </span>
                      <br/>
                      <span>
                        <img width="3%" src="passed.png"/>
                        <a href="#" class="method navigator-link" panel-name="suite-Suite_For_Ios_Testing" title="com.eduven.testcase.TermListPageTestCases" hash-for-method="verifyTermsNameOnTermlistPageTest">verifyTermsNameOnTermlistPageTest</a> <!-- method navigator-link -->
                      </span>
                      <br/>
                      <span>
                        <img width="3%" src="passed.png"/>
                        <a href="#" class="method navigator-link" panel-name="suite-Suite_For_Ios_Testing" title="com.eduven.testcase.QuickListPageTestCases" hash-for-method="verifyTermsNameOnTermlistPageTest">verifyTermsNameOnTermlistPageTest</a> <!-- method navigator-link -->
                      </span>
                      <br/>
                      <span>
                        <img width="3%" src="passed.png"/>
                        <a href="#" class="method navigator-link" panel-name="suite-Suite_For_Ios_Testing" title="com.eduven.testcase.TermListPageTestCases" hash-for-method="verifyUnlockTermNameTest">verifyUnlockTermNameTest</a> <!-- method navigator-link -->
                      </span>
                      <br/>
                      <span>
                        <img width="3%" src="passed.png"/>
                        <a href="#" class="method navigator-link" panel-name="suite-Suite_For_Ios_Testing" title="com.eduven.testcase.QuickListPageTestCases" hash-for-method="verifyUnlockTermNameTest">verifyUnlockTermNameTest</a> <!-- method navigator-link -->
                      </span>
                      <br/>
                      <span>
                        <img width="3%" src="passed.png"/>
                        <a href="#" class="method navigator-link" panel-name="suite-Suite_For_Ios_Testing" title="com.eduven.testcase.GamesPageTestCases" hash-for-method="verifyWrongAttemptedQuestionOnScoreBoardTest">verifyWrongAttemptedQuestionOnScoreBoardTest</a> <!-- method navigator-link -->
                      </span>
                      <br/>
                      <span>
                        <img width="3%" src="passed.png"/>
                        <a href="#" class="method navigator-link" panel-name="suite-Suite_For_Ios_Testing" title="com.eduven.testcase.AutoPlayPageTestCases" hash-for-method="verify_auto_play_works_test">verify_auto_play_works_test</a> <!-- method navigator-link -->
                      </span>
                      <br/>
                      <span>
                        <img width="3%" src="passed.png"/>
                        <a href="#" class="method navigator-link" panel-name="suite-Suite_For_Ios_Testing" title="com.eduven.testcase.EvMenuPageTestCases" hash-for-method="wordOfTheDayTest">wordOfTheDayTest</a> <!-- method navigator-link -->
                      </span>
                      <br/>
                    </div> <!-- method-list-content passed suite-Suite_For_Ios_Testing -->
                  </li>
                </ul>
              </div> <!-- suite-section-content -->
            </div> <!-- result-section -->
          </div> <!-- navigator-suite-content -->
        </div> <!-- rounded-window -->
      </div> <!-- suite -->
    </div> <!-- navigator-root -->
    <div class="wrapper">
      <div class="main-panel-root">
        <div panel-name="suite-Suite_For_Ios_Testing" class="panel Suite_For_Ios_Testing">
          <div class="suite-Suite_For_Ios_Testing-class-failed">
            <div class="main-panel-header rounded-window-top">
              <img src="failed.png"/>
              <span class="class-name">com.eduven.testcase.SearchPageTestCases</span>
            </div> <!-- main-panel-header rounded-window-top -->
            <div class="main-panel-content rounded-window-bottom">
              <div class="method">
                <div class="method-content">
                  <a name="searchPageAudioTest">
                  </a> <!-- searchPageAudioTest -->
                  <span class="method-name">searchPageAudioTest</span>
                  <div class="stack-trace">org.openqa.selenium.WebDriverException: An unknown server-side error occurred while processing the command. (WARNING: The server did not provide any stacktrace information)
Command duration or timeout: 1.83 seconds
Build info: version: &apos;2.51.0&apos;, revision: &apos;1af067d&apos;, time: &apos;2016-02-05 19:11:55&apos;
System info: host: &apos;Hitesh-Mac-Mini.local&apos;, ip: &apos;10.30.30.97&apos;, os.name: &apos;Mac OS X&apos;, os.arch: &apos;x86_64&apos;, os.version: &apos;10.11.6&apos;, java.version: &apos;1.8.0_74&apos;
Driver info: io.appium.java_client.ios.IOSDriver
Capabilities [{app=/Users/hiteshbhardwaj/Desktop/Automation/app/LanguagesForIOS/Tamil/LingoDiction.ipa, networkConnectionEnabled=false, warnings={}, appiumVersion=1.4.13, databaseEnabled=false, deviceName=Tester (9.3.5), platform=UNIX, desired={app=/Users/hiteshbhardwaj/Desktop/Automation/app/LanguagesForIOS/Tamil/LingoDiction.ipa, appiumVersion=1.4.13, platformVersion=9.2, automationName=Appium, udid=7bcb4358baa692ac8207ca4db28eaacc80a14498, platformName=iOS, deviceName=Tester (9.3.5), platform=IOS}, platformVersion=9.2, webStorageEnabled=false, locationContextEnabled=false, automationName=Appium, browserName=iOS, takesScreenshot=true, javascriptEnabled=true, udid=7bcb4358baa692ac8207ca4db28eaacc80a14498, platformName=iOS}]
Session ID: d2bb8821-dcb8-4e47-9778-30ac7a0a2d01
	at sun.reflect.NativeConstructorAccessorImpl.newInstance0(Native Method)
	at sun.reflect.NativeConstructorAccessorImpl.newInstance(NativeConstructorAccessorImpl.java:62)
	at sun.reflect.DelegatingConstructorAccessorImpl.newInstance(DelegatingConstructorAccessorImpl.java:45)
	at java.lang.reflect.Constructor.newInstance(Constructor.java:423)
	at org.openqa.selenium.remote.ErrorHandler.createThrowable(ErrorHandler.java:206)
	at org.openqa.selenium.remote.ErrorHandler.throwIfResponseFailed(ErrorHandler.java:158)
	at org.openqa.selenium.remote.RemoteWebDriver.execute(RemoteWebDriver.java:678)
	at io.appium.java_client.DefaultGenericMobileDriver.execute(DefaultGenericMobileDriver.java:43)
	at io.appium.java_client.AppiumDriver.execute(AppiumDriver.java:216)
	at org.openqa.selenium.remote.RemoteWebDriver$RemoteNavigation.back(RemoteWebDriver.java:961)
	at com.eduven.utils.Reusables.stepBack(Reusables.java:241)
	at com.eduven.testcase.SearchPageTestCases.searchPageAudioTest(SearchPageTestCases.java:59)
	at sun.reflect.NativeMethodAccessorImpl.invoke0(Native Method)
	at sun.reflect.NativeMethodAccessorImpl.invoke(NativeMethodAccessorImpl.java:62)
	at sun.reflect.DelegatingMethodAccessorImpl.invoke(DelegatingMethodAccessorImpl.java:43)
	at java.lang.reflect.Method.invoke(Method.java:498)
	at org.testng.internal.MethodInvocationHelper.invokeMethod(MethodInvocationHelper.java:85)
	at org.testng.internal.Invoker.invokeMethod(Invoker.java:639)
	at org.testng.internal.Invoker.invokeTestMethod(Invoker.java:816)
	at org.testng.internal.Invoker.invokeTestMethods(Invoker.java:1124)
	at org.testng.internal.TestMethodWorker.invokeTestMethods(TestMethodWorker.java:125)
	at org.testng.internal.TestMethodWorker.run(TestMethodWorker.java:108)
	at org.testng.TestRunner.privateRun(TestRunner.java:774)
	at org.testng.TestRunner.run(TestRunner.java:624)
	at org.testng.SuiteRunner.runTest(SuiteRunner.java:359)
	at org.testng.SuiteRunner.runSequentially(SuiteRunner.java:354)
	at org.testng.SuiteRunner.privateRun(SuiteRunner.java:312)
	at org.testng.SuiteRunner.run(SuiteRunner.java:261)
	at org.testng.SuiteRunnerWorker.runSuite(SuiteRunnerWorker.java:52)
	at org.testng.SuiteRunnerWorker.run(SuiteRunnerWorker.java:86)
	at org.testng.TestNG.runSuitesSequentially(TestNG.java:1215)
	at org.testng.TestNG.runSuitesLocally(TestNG.java:1140)
	at org.testng.TestNG.run(TestNG.java:1048)
	at com.eduven.utils.RunTestng.main(RunTestng.java:58)

</div> <!-- stack-trace -->
                </div> <!-- method-content -->
              </div> <!-- method -->
            </div> <!-- main-panel-content rounded-window-bottom -->
          </div> <!-- suite-Suite_For_Ios_Testing-class-failed -->
          <div class="suite-Suite_For_Ios_Testing-class-failed">
            <div class="main-panel-header rounded-window-top">
              <img src="failed.png"/>
              <span class="class-name">com.eduven.testcase.GamesPageTestCases</span>
            </div> <!-- main-panel-header rounded-window-top -->
            <div class="main-panel-content rounded-window-bottom">
              <div class="method">
                <div class="method-content">
                  <a name="verifyElementOnMainGamePageTest">
                  </a> <!-- verifyElementOnMainGamePageTest -->
                  <span class="method-name">verifyElementOnMainGamePageTest</span>
                  <div class="stack-trace">java.lang.IndexOutOfBoundsException: Index: 0, Size: 0
	at java.util.ArrayList.rangeCheck(ArrayList.java:653)
	at java.util.ArrayList.get(ArrayList.java:429)
	at com.eduven.modules.Games.clickOnSkipButton(Games.java:218)
	at com.eduven.testcase.GamesPageTestCases.verifyElementOnMainGamePageTest(GamesPageTestCases.java:67)
	at sun.reflect.NativeMethodAccessorImpl.invoke0(Native Method)
	at sun.reflect.NativeMethodAccessorImpl.invoke(NativeMethodAccessorImpl.java:62)
	at sun.reflect.DelegatingMethodAccessorImpl.invoke(DelegatingMethodAccessorImpl.java:43)
	at java.lang.reflect.Method.invoke(Method.java:498)
	at org.testng.internal.MethodInvocationHelper.invokeMethod(MethodInvocationHelper.java:85)
	at org.testng.internal.Invoker.invokeMethod(Invoker.java:639)
	at org.testng.internal.Invoker.invokeTestMethod(Invoker.java:816)
	at org.testng.internal.Invoker.invokeTestMethods(Invoker.java:1124)
	at org.testng.internal.TestMethodWorker.invokeTestMethods(TestMethodWorker.java:125)
	at org.testng.internal.TestMethodWorker.run(TestMethodWorker.java:108)
	at org.testng.TestRunner.privateRun(TestRunner.java:774)
	at org.testng.TestRunner.run(TestRunner.java:624)
	at org.testng.SuiteRunner.runTest(SuiteRunner.java:359)
	at org.testng.SuiteRunner.runSequentially(SuiteRunner.java:354)
	at org.testng.SuiteRunner.privateRun(SuiteRunner.java:312)
	at org.testng.SuiteRunner.run(SuiteRunner.java:261)
	at org.testng.SuiteRunnerWorker.runSuite(SuiteRunnerWorker.java:52)
	at org.testng.SuiteRunnerWorker.run(SuiteRunnerWorker.java:86)
	at org.testng.TestNG.runSuitesSequentially(TestNG.java:1215)
	at org.testng.TestNG.runSuitesLocally(TestNG.java:1140)
	at org.testng.TestNG.run(TestNG.java:1048)
	at com.eduven.utils.RunTestng.main(RunTestng.java:58)

</div> <!-- stack-trace -->
                </div> <!-- method-content -->
              </div> <!-- method -->
            </div> <!-- main-panel-content rounded-window-bottom -->
          </div> <!-- suite-Suite_For_Ios_Testing-class-failed -->
          <div class="suite-Suite_For_Ios_Testing-class-failed">
            <div class="main-panel-header rounded-window-top">
              <img src="failed.png"/>
              <span class="class-name">com.eduven.testcase.EvMenuPageTestCases</span>
            </div> <!-- main-panel-header rounded-window-top -->
            <div class="main-panel-content rounded-window-bottom">
              <div class="method">
                <div class="method-content">
                  <a name="verifyMoreAppsPageTest">
                  </a> <!-- verifyMoreAppsPageTest -->
                  <span class="method-name">verifyMoreAppsPageTest</span>
                  <div class="stack-trace">org.openqa.selenium.TimeoutException: Timed out after 60 seconds waiting for visibility of element located by By.id: MoreApps
Build info: version: &apos;2.51.0&apos;, revision: &apos;1af067d&apos;, time: &apos;2016-02-05 19:11:55&apos;
System info: host: &apos;Hitesh-Mac-Mini.local&apos;, ip: &apos;10.30.30.97&apos;, os.name: &apos;Mac OS X&apos;, os.arch: &apos;x86_64&apos;, os.version: &apos;10.11.6&apos;, java.version: &apos;1.8.0_74&apos;
Driver info: io.appium.java_client.ios.IOSDriver
Capabilities [{app=/Users/hiteshbhardwaj/Desktop/Automation/app/LanguagesForIOS/Tamil/LingoDiction.ipa, networkConnectionEnabled=false, warnings={}, appiumVersion=1.4.13, databaseEnabled=false, deviceName=Tester (9.3.5), platform=UNIX, desired={app=/Users/hiteshbhardwaj/Desktop/Automation/app/LanguagesForIOS/Tamil/LingoDiction.ipa, appiumVersion=1.4.13, platformVersion=9.2, automationName=Appium, udid=7bcb4358baa692ac8207ca4db28eaacc80a14498, platformName=iOS, deviceName=Tester (9.3.5), platform=IOS}, platformVersion=9.2, webStorageEnabled=false, locationContextEnabled=false, automationName=Appium, browserName=iOS, takesScreenshot=true, javascriptEnabled=true, udid=7bcb4358baa692ac8207ca4db28eaacc80a14498, platformName=iOS}]
Session ID: d2bb8821-dcb8-4e47-9778-30ac7a0a2d01
	at org.openqa.selenium.support.ui.WebDriverWait.timeoutException(WebDriverWait.java:80)
	at org.openqa.selenium.support.ui.FluentWait.until(FluentWait.java:261)
	at com.eduven.utils.Reusables.waitForElement(Reusables.java:65)
	at com.eduven.modules.EvMenu.navigateToAppsList(EvMenu.java:736)
	at com.eduven.testcase.EvMenuPageTestCases.verifyMoreAppsPageTest(EvMenuPageTestCases.java:49)
	at sun.reflect.NativeMethodAccessorImpl.invoke0(Native Method)
	at sun.reflect.NativeMethodAccessorImpl.invoke(NativeMethodAccessorImpl.java:62)
	at sun.reflect.DelegatingMethodAccessorImpl.invoke(DelegatingMethodAccessorImpl.java:43)
	at java.lang.reflect.Method.invoke(Method.java:498)
	at org.testng.internal.MethodInvocationHelper.invokeMethod(MethodInvocationHelper.java:85)
	at org.testng.internal.Invoker.invokeMethod(Invoker.java:639)
	at org.testng.internal.Invoker.invokeTestMethod(Invoker.java:816)
	at org.testng.internal.Invoker.invokeTestMethods(Invoker.java:1124)
	at org.testng.internal.TestMethodWorker.invokeTestMethods(TestMethodWorker.java:125)
	at org.testng.internal.TestMethodWorker.run(TestMethodWorker.java:108)
	at org.testng.TestRunner.privateRun(TestRunner.java:774)
	at org.testng.TestRunner.run(TestRunner.java:624)
	at org.testng.SuiteRunner.runTest(SuiteRunner.java:359)
	at org.testng.SuiteRunner.runSequentially(SuiteRunner.java:354)
	at org.testng.SuiteRunner.privateRun(SuiteRunner.java:312)
	at org.testng.SuiteRunner.run(SuiteRunner.java:261)
	at org.testng.SuiteRunnerWorker.runSuite(SuiteRunnerWorker.java:52)
	at org.testng.SuiteRunnerWorker.run(SuiteRunnerWorker.java:86)
	at org.testng.TestNG.runSuitesSequentially(TestNG.java:1215)
	at org.testng.TestNG.runSuitesLocally(TestNG.java:1140)
	at org.testng.TestNG.run(TestNG.java:1048)
	at com.eduven.utils.RunTestng.main(RunTestng.java:58)
Caused by: org.openqa.selenium.NoSuchElementException: An element could not be located on the page using the given search parameters. (WARNING: The server did not provide any stacktrace information)
Command duration or timeout: 39.20 seconds
For documentation on this error, please visit: http://seleniumhq.org/exceptions/no_such_element.html
Build info: version: &apos;2.51.0&apos;, revision: &apos;1af067d&apos;, time: &apos;2016-02-05 19:11:55&apos;
System info: host: &apos;Hitesh-Mac-Mini.local&apos;, ip: &apos;10.30.30.97&apos;, os.name: &apos;Mac OS X&apos;, os.arch: &apos;x86_64&apos;, os.version: &apos;10.11.6&apos;, java.version: &apos;1.8.0_74&apos;
Driver info: io.appium.java_client.ios.IOSDriver
Capabilities [{app=/Users/hiteshbhardwaj/Desktop/Automation/app/LanguagesForIOS/Tamil/LingoDiction.ipa, networkConnectionEnabled=false, warnings={}, appiumVersion=1.4.13, databaseEnabled=false, deviceName=Tester (9.3.5), platform=UNIX, desired={app=/Users/hiteshbhardwaj/Desktop/Automation/app/LanguagesForIOS/Tamil/LingoDiction.ipa, appiumVersion=1.4.13, platformVersion=9.2, automationName=Appium, udid=7bcb4358baa692ac8207ca4db28eaacc80a14498, platformName=iOS, deviceName=Tester (9.3.5), platform=IOS}, platformVersion=9.2, webStorageEnabled=false, locationContextEnabled=false, automationName=Appium, browserName=iOS, takesScreenshot=true, javascriptEnabled=true, udid=7bcb4358baa692ac8207ca4db28eaacc80a14498, platformName=iOS}]
Session ID: d2bb8821-dcb8-4e47-9778-30ac7a0a2d01
*** Element info: {Using=id, value=MoreApps}
	at sun.reflect.GeneratedConstructorAccessor51.newInstance(Unknown Source)
	at sun.reflect.DelegatingConstructorAccessorImpl.newInstance(DelegatingConstructorAccessorImpl.java:45)
	at java.lang.reflect.Constructor.newInstance(Constructor.java:423)
	at org.openqa.selenium.remote.ErrorHandler.createThrowable(ErrorHandler.java:206)
	at org.openqa.selenium.remote.ErrorHandler.throwIfResponseFailed(ErrorHandler.java:158)
	at org.openqa.selenium.remote.RemoteWebDriver.execute(RemoteWebDriver.java:678)
	at io.appium.java_client.DefaultGenericMobileDriver.execute(DefaultGenericMobileDriver.java:43)
	at io.appium.java_client.AppiumDriver.execute(AppiumDriver.java:1)
	at io.appium.java_client.ios.IOSDriver.execute(IOSDriver.java:1)
	at org.openqa.selenium.remote.RemoteWebDriver.findElement(RemoteWebDriver.java:363)
	at org.openqa.selenium.remote.RemoteWebDriver.findElementById(RemoteWebDriver.java:413)
	at io.appium.java_client.DefaultGenericMobileDriver.findElementById(DefaultGenericMobileDriver.java:59)
	at io.appium.java_client.AppiumDriver.findElementById(AppiumDriver.java:1)
	at io.appium.java_client.ios.IOSDriver.findElementById(IOSDriver.java:1)
	at org.openqa.selenium.By$ById.findElement(By.java:218)
	at org.openqa.selenium.remote.RemoteWebDriver.findElement(RemoteWebDriver.java:355)
	at io.appium.java_client.DefaultGenericMobileDriver.findElement(DefaultGenericMobileDriver.java:51)
	at io.appium.java_client.AppiumDriver.findElement(AppiumDriver.java:1)
	at io.appium.java_client.ios.IOSDriver.findElement(IOSDriver.java:1)
	at org.openqa.selenium.support.ui.ExpectedConditions.findElement(ExpectedConditions.java:911)
	at org.openqa.selenium.support.ui.ExpectedConditions.access$0(ExpectedConditions.java:909)
	at org.openqa.selenium.support.ui.ExpectedConditions$7.apply(ExpectedConditions.java:205)
	at org.openqa.selenium.support.ui.ExpectedConditions$7.apply(ExpectedConditions.java:1)
	at org.openqa.selenium.support.ui.FluentWait.until(FluentWait.java:238)
	... 25 more

</div> <!-- stack-trace -->
                </div> <!-- method-content -->
              </div> <!-- method -->
            </div> <!-- main-panel-content rounded-window-bottom -->
          </div> <!-- suite-Suite_For_Ios_Testing-class-failed -->
          <div class="suite-Suite_For_Ios_Testing-class-failed">
            <div class="main-panel-header rounded-window-top">
              <img src="failed.png"/>
              <span class="class-name">com.eduven.testcase.SwitchLanguagePageTestCases</span>
            </div> <!-- main-panel-header rounded-window-top -->
            <div class="main-panel-content rounded-window-bottom">
              <div class="method">
                <div class="method-content">
                  <a name="verifyCategoryListAfterBaseLanguageChangeTest">
                  </a> <!-- verifyCategoryListAfterBaseLanguageChangeTest -->
                  <span class="method-name">verifyCategoryListAfterBaseLanguageChangeTest</span>
                  <div class="stack-trace">java.lang.AssertionError: Error Message!! Actual and Expected category term count not matched. expected [0] but found [24]
	at org.testng.Assert.fail(Assert.java:94)
	at org.testng.Assert.failNotEquals(Assert.java:496)
	at org.testng.Assert.assertEquals(Assert.java:125)
	at org.testng.Assert.assertEquals(Assert.java:178)
	at com.eduven.utils.Reusables.verifyEqualMessage(Reusables.java:435)
	at com.eduven.modules.Categories.verifyCategoryListAndTermCount(Categories.java:116)
	at com.eduven.testcase.SwitchLanguagePageTestCases.verifyCategoryListAfterBaseLanguageChangeTest(SwitchLanguagePageTestCases.java:67)
	at sun.reflect.NativeMethodAccessorImpl.invoke0(Native Method)
	at sun.reflect.NativeMethodAccessorImpl.invoke(NativeMethodAccessorImpl.java:62)
	at sun.reflect.DelegatingMethodAccessorImpl.invoke(DelegatingMethodAccessorImpl.java:43)
	at java.lang.reflect.Method.invoke(Method.java:498)
	at org.testng.internal.MethodInvocationHelper.invokeMethod(MethodInvocationHelper.java:85)
	at org.testng.internal.Invoker.invokeMethod(Invoker.java:639)
	at org.testng.internal.Invoker.invokeTestMethod(Invoker.java:816)
	at org.testng.internal.Invoker.invokeTestMethods(Invoker.java:1124)
	at org.testng.internal.TestMethodWorker.invokeTestMethods(TestMethodWorker.java:125)
	at org.testng.internal.TestMethodWorker.run(TestMethodWorker.java:108)
	at org.testng.TestRunner.privateRun(TestRunner.java:774)
	at org.testng.TestRunner.run(TestRunner.java:624)
	at org.testng.SuiteRunner.runTest(SuiteRunner.java:359)
	at org.testng.SuiteRunner.runSequentially(SuiteRunner.java:354)
	at org.testng.SuiteRunner.privateRun(SuiteRunner.java:312)
	at org.testng.SuiteRunner.run(SuiteRunner.java:261)
	at org.testng.SuiteRunnerWorker.runSuite(SuiteRunnerWorker.java:52)
	at org.testng.SuiteRunnerWorker.run(SuiteRunnerWorker.java:86)
	at org.testng.TestNG.runSuitesSequentially(TestNG.java:1215)
	at org.testng.TestNG.runSuitesLocally(TestNG.java:1140)
	at org.testng.TestNG.run(TestNG.java:1048)
	at com.eduven.utils.RunTestng.main(RunTestng.java:58)

</div> <!-- stack-trace -->
                </div> <!-- method-content -->
              </div> <!-- method -->
            </div> <!-- main-panel-content rounded-window-bottom -->
          </div> <!-- suite-Suite_For_Ios_Testing-class-failed -->
          <div class="suite-Suite_For_Ios_Testing-class-failed">
            <div class="main-panel-header rounded-window-top">
              <img src="failed.png"/>
              <span class="class-name">com.eduven.testcase.CheckInterstetialBeforePurchase</span>
            </div> <!-- main-panel-header rounded-window-top -->
            <div class="main-panel-content rounded-window-bottom">
              <div class="method">
                <div class="method-content">
                  <a name="verifyInterstetialForInAppTest">
                  </a> <!-- verifyInterstetialForInAppTest -->
                  <span class="method-name">verifyInterstetialForInAppTest</span>
                  <div class="stack-trace">org.openqa.selenium.WebDriverException: An unknown server-side error occurred while processing the command. (WARNING: The server did not provide any stacktrace information)
Command duration or timeout: 1.66 seconds
Build info: version: &apos;2.51.0&apos;, revision: &apos;1af067d&apos;, time: &apos;2016-02-05 19:11:55&apos;
System info: host: &apos;Hitesh-Mac-Mini.local&apos;, ip: &apos;10.30.30.97&apos;, os.name: &apos;Mac OS X&apos;, os.arch: &apos;x86_64&apos;, os.version: &apos;10.11.6&apos;, java.version: &apos;1.8.0_74&apos;
Driver info: io.appium.java_client.ios.IOSDriver
Capabilities [{app=/Users/hiteshbhardwaj/Desktop/Automation/app/LanguagesForIOS/Tamil/LingoDiction.ipa, networkConnectionEnabled=false, warnings={}, appiumVersion=1.4.13, databaseEnabled=false, deviceName=Tester (9.3.5), platform=UNIX, desired={app=/Users/hiteshbhardwaj/Desktop/Automation/app/LanguagesForIOS/Tamil/LingoDiction.ipa, appiumVersion=1.4.13, platformVersion=9.2, automationName=Appium, udid=7bcb4358baa692ac8207ca4db28eaacc80a14498, platformName=iOS, deviceName=Tester (9.3.5), platform=IOS}, platformVersion=9.2, webStorageEnabled=false, locationContextEnabled=false, automationName=Appium, browserName=iOS, takesScreenshot=true, javascriptEnabled=true, udid=7bcb4358baa692ac8207ca4db28eaacc80a14498, platformName=iOS}]
Session ID: d2bb8821-dcb8-4e47-9778-30ac7a0a2d01
	at sun.reflect.NativeConstructorAccessorImpl.newInstance0(Native Method)
	at sun.reflect.NativeConstructorAccessorImpl.newInstance(NativeConstructorAccessorImpl.java:62)
	at sun.reflect.DelegatingConstructorAccessorImpl.newInstance(DelegatingConstructorAccessorImpl.java:45)
	at java.lang.reflect.Constructor.newInstance(Constructor.java:423)
	at org.openqa.selenium.remote.ErrorHandler.createThrowable(ErrorHandler.java:206)
	at org.openqa.selenium.remote.ErrorHandler.throwIfResponseFailed(ErrorHandler.java:158)
	at org.openqa.selenium.remote.RemoteWebDriver.execute(RemoteWebDriver.java:678)
	at io.appium.java_client.DefaultGenericMobileDriver.execute(DefaultGenericMobileDriver.java:43)
	at io.appium.java_client.AppiumDriver.execute(AppiumDriver.java:216)
	at org.openqa.selenium.remote.RemoteWebDriver$RemoteNavigation.back(RemoteWebDriver.java:961)
	at com.eduven.utils.Reusables.stepBack(Reusables.java:241)
	at com.eduven.modules.Interstetial.interstetialForInApp(Interstetial.java:62)
	at com.eduven.testcase.CheckInterstetialBeforePurchase.verifyInterstetialForInAppTest(CheckInterstetialBeforePurchase.java:45)
	at sun.reflect.NativeMethodAccessorImpl.invoke0(Native Method)
	at sun.reflect.NativeMethodAccessorImpl.invoke(NativeMethodAccessorImpl.java:62)
	at sun.reflect.DelegatingMethodAccessorImpl.invoke(DelegatingMethodAccessorImpl.java:43)
	at java.lang.reflect.Method.invoke(Method.java:498)
	at org.testng.internal.MethodInvocationHelper.invokeMethod(MethodInvocationHelper.java:85)
	at org.testng.internal.Invoker.invokeMethod(Invoker.java:639)
	at org.testng.internal.Invoker.invokeTestMethod(Invoker.java:816)
	at org.testng.internal.Invoker.invokeTestMethods(Invoker.java:1124)
	at org.testng.internal.TestMethodWorker.invokeTestMethods(TestMethodWorker.java:125)
	at org.testng.internal.TestMethodWorker.run(TestMethodWorker.java:108)
	at org.testng.TestRunner.privateRun(TestRunner.java:774)
	at org.testng.TestRunner.run(TestRunner.java:624)
	at org.testng.SuiteRunner.runTest(SuiteRunner.java:359)
	at org.testng.SuiteRunner.runSequentially(SuiteRunner.java:354)
	at org.testng.SuiteRunner.privateRun(SuiteRunner.java:312)
	at org.testng.SuiteRunner.run(SuiteRunner.java:261)
	at org.testng.SuiteRunnerWorker.runSuite(SuiteRunnerWorker.java:52)
	at org.testng.SuiteRunnerWorker.run(SuiteRunnerWorker.java:86)
	at org.testng.TestNG.runSuitesSequentially(TestNG.java:1215)
	at org.testng.TestNG.runSuitesLocally(TestNG.java:1140)
	at org.testng.TestNG.run(TestNG.java:1048)
	at com.eduven.utils.RunTestng.main(RunTestng.java:58)

</div> <!-- stack-trace -->
                </div> <!-- method-content -->
              </div> <!-- method -->
            </div> <!-- main-panel-content rounded-window-bottom -->
          </div> <!-- suite-Suite_For_Ios_Testing-class-failed -->
          <div class="suite-Suite_For_Ios_Testing-class-passed">
            <div class="main-panel-header rounded-window-top">
              <img src="passed.png"/>
              <span class="class-name">com.eduven.testcase.AutoPlayPageTestCases</span>
            </div> <!-- main-panel-header rounded-window-top -->
            <div class="main-panel-content rounded-window-bottom">
              <div class="method">
                <div class="method-content">
                  <a name="autoPlayButtonForPlayButtonTest">
                  </a> <!-- autoPlayButtonForPlayButtonTest -->
                  <span class="method-name">autoPlayButtonForPlayButtonTest</span>
                </div> <!-- method-content -->
              </div> <!-- method -->
              <div class="method">
                <div class="method-content">
                  <a name="handlingRateTheAppPopupTest">
                  </a> <!-- handlingRateTheAppPopupTest -->
                  <span class="method-name">handlingRateTheAppPopupTest</span>
                </div> <!-- method-content -->
              </div> <!-- method -->
              <div class="method">
                <div class="method-content">
                  <a name="increaseDealayTimeTest">
                  </a> <!-- increaseDealayTimeTest -->
                  <span class="method-name">increaseDealayTimeTest</span>
                </div> <!-- method-content -->
              </div> <!-- method -->
              <div class="method">
                <div class="method-content">
                  <a name="languageSelectionTest">
                  </a> <!-- languageSelectionTest -->
                  <span class="method-name">languageSelectionTest</span>
                </div> <!-- method-content -->
              </div> <!-- method -->
              <div class="method">
                <div class="method-content">
                  <a name="selectRandomCategoryTest">
                  </a> <!-- selectRandomCategoryTest -->
                  <span class="method-name">selectRandomCategoryTest</span>
                </div> <!-- method-content -->
              </div> <!-- method -->
              <div class="method">
                <div class="method-content">
                  <a name="verifyAutoPlayButtonTest">
                  </a> <!-- verifyAutoPlayButtonTest -->
                  <span class="method-name">verifyAutoPlayButtonTest</span>
                </div> <!-- method-content -->
              </div> <!-- method -->
              <div class="method">
                <div class="method-content">
                  <a name="verifyCategoryHeaderTxt">
                  </a> <!-- verifyCategoryHeaderTxt -->
                  <span class="method-name">verifyCategoryHeaderTxt</span>
                </div> <!-- method-content -->
              </div> <!-- method -->
              <div class="method">
                <div class="method-content">
                  <a name="verify_auto_play_works_test">
                  </a> <!-- verify_auto_play_works_test -->
                  <span class="method-name">verify_auto_play_works_test</span>
                </div> <!-- method-content -->
              </div> <!-- method -->
            </div> <!-- main-panel-content rounded-window-bottom -->
          </div> <!-- suite-Suite_For_Ios_Testing-class-passed -->
          <div class="suite-Suite_For_Ios_Testing-class-passed">
            <div class="main-panel-header rounded-window-top">
              <img src="passed.png"/>
              <span class="class-name">com.eduven.testcase.QuickListPageTestCases</span>
            </div> <!-- main-panel-header rounded-window-top -->
            <div class="main-panel-content rounded-window-bottom">
              <div class="method">
                <div class="method-content">
                  <a name="handlingRateTheAppPopupTest">
                  </a> <!-- handlingRateTheAppPopupTest -->
                  <span class="method-name">handlingRateTheAppPopupTest</span>
                </div> <!-- method-content -->
              </div> <!-- method -->
              <div class="method">
                <div class="method-content">
                  <a name="languageSelectionTest">
                  </a> <!-- languageSelectionTest -->
                  <span class="method-name">languageSelectionTest</span>
                </div> <!-- method-content -->
              </div> <!-- method -->
              <div class="method">
                <div class="method-content">
                  <a name="navigateToQuickListTermTest">
                  </a> <!-- navigateToQuickListTermTest -->
                  <span class="method-name">navigateToQuickListTermTest</span>
                </div> <!-- method-content -->
              </div> <!-- method -->
              <div class="method">
                <div class="method-content">
                  <a name="navigateToQuickListTest">
                  </a> <!-- navigateToQuickListTest -->
                  <span class="method-name">navigateToQuickListTest</span>
                </div> <!-- method-content -->
              </div> <!-- method -->
              <div class="method">
                <div class="method-content">
                  <a name="verifyLockTermNameTest">
                  </a> <!-- verifyLockTermNameTest -->
                  <span class="method-name">verifyLockTermNameTest</span>
                </div> <!-- method-content -->
              </div> <!-- method -->
              <div class="method">
                <div class="method-content">
                  <a name="verifyQuickListCategoryTest">
                  </a> <!-- verifyQuickListCategoryTest -->
                  <span class="method-name">verifyQuickListCategoryTest</span>
                </div> <!-- method-content -->
              </div> <!-- method -->
              <div class="method">
                <div class="method-content">
                  <a name="verifyQuickListHeadertxtTest">
                  </a> <!-- verifyQuickListHeadertxtTest -->
                  <span class="method-name">verifyQuickListHeadertxtTest</span>
                </div> <!-- method-content -->
              </div> <!-- method -->
              <div class="method">
                <div class="method-content">
                  <a name="verifyTermsNameOnTermlistPageTest">
                  </a> <!-- verifyTermsNameOnTermlistPageTest -->
                  <span class="method-name">verifyTermsNameOnTermlistPageTest</span>
                </div> <!-- method-content -->
              </div> <!-- method -->
              <div class="method">
                <div class="method-content">
                  <a name="verifyUnlockTermNameTest">
                  </a> <!-- verifyUnlockTermNameTest -->
                  <span class="method-name">verifyUnlockTermNameTest</span>
                </div> <!-- method-content -->
              </div> <!-- method -->
            </div> <!-- main-panel-content rounded-window-bottom -->
          </div> <!-- suite-Suite_For_Ios_Testing-class-passed -->
          <div class="suite-Suite_For_Ios_Testing-class-passed">
            <div class="main-panel-header rounded-window-top">
              <img src="passed.png"/>
              <span class="class-name">com.eduven.testcase.HomePageTestCases</span>
            </div> <!-- main-panel-header rounded-window-top -->
            <div class="main-panel-content rounded-window-bottom">
              <div class="method">
                <div class="method-content">
                  <a name="handlingRateTheAppPopupTest">
                  </a> <!-- handlingRateTheAppPopupTest -->
                  <span class="method-name">handlingRateTheAppPopupTest</span>
                </div> <!-- method-content -->
              </div> <!-- method -->
              <div class="method">
                <div class="method-content">
                  <a name="languageSelectionTest">
                  </a> <!-- languageSelectionTest -->
                  <span class="method-name">languageSelectionTest</span>
                </div> <!-- method-content -->
              </div> <!-- method -->
              <div class="method">
                <div class="method-content">
                  <a name="verifyElementOnHomePageTest">
                  </a> <!-- verifyElementOnHomePageTest -->
                  <span class="method-name">verifyElementOnHomePageTest</span>
                </div> <!-- method-content -->
              </div> <!-- method -->
              <div class="method">
                <div class="method-content">
                  <a name="verifyFooterEdubankButtonOnHomePageTest">
                  </a> <!-- verifyFooterEdubankButtonOnHomePageTest -->
                  <span class="method-name">verifyFooterEdubankButtonOnHomePageTest</span>
                </div> <!-- method-content -->
              </div> <!-- method -->
              <div class="method">
                <div class="method-content">
                  <a name="verifyFooterGameButtonOnHomePageTest">
                  </a> <!-- verifyFooterGameButtonOnHomePageTest -->
                  <span class="method-name">verifyFooterGameButtonOnHomePageTest</span>
                </div> <!-- method-content -->
              </div> <!-- method -->
              <div class="method">
                <div class="method-content">
                  <a name="verifyFooterPurchaseButtonOnHomePageTest">
                  </a> <!-- verifyFooterPurchaseButtonOnHomePageTest -->
                  <span class="method-name">verifyFooterPurchaseButtonOnHomePageTest</span>
                </div> <!-- method-content -->
              </div> <!-- method -->
              <div class="method">
                <div class="method-content">
                  <a name="verifyFooterQuicklistButtonOnHomePageTest">
                  </a> <!-- verifyFooterQuicklistButtonOnHomePageTest -->
                  <span class="method-name">verifyFooterQuicklistButtonOnHomePageTest</span>
                </div> <!-- method-content -->
              </div> <!-- method -->
              <div class="method">
                <div class="method-content">
                  <a name="verifyFooterSwitchLingoButtonOnHomePageTest">
                  </a> <!-- verifyFooterSwitchLingoButtonOnHomePageTest -->
                  <span class="method-name">verifyFooterSwitchLingoButtonOnHomePageTest</span>
                </div> <!-- method-content -->
              </div> <!-- method -->
            </div> <!-- main-panel-content rounded-window-bottom -->
          </div> <!-- suite-Suite_For_Ios_Testing-class-passed -->
          <div class="suite-Suite_For_Ios_Testing-class-passed">
            <div class="main-panel-header rounded-window-top">
              <img src="passed.png"/>
              <span class="class-name">com.eduven.testcase.CheckInterstetialAfterPurchase</span>
            </div> <!-- main-panel-header rounded-window-top -->
            <div class="main-panel-content rounded-window-bottom">
              <div class="method">
                <div class="method-content">
                  <a name="handlingRateTheAppPopupTest">
                  </a> <!-- handlingRateTheAppPopupTest -->
                  <span class="method-name">handlingRateTheAppPopupTest</span>
                </div> <!-- method-content -->
              </div> <!-- method -->
              <div class="method">
                <div class="method-content">
                  <a name="languageSelectionTest">
                  </a> <!-- languageSelectionTest -->
                  <span class="method-name">languageSelectionTest</span>
                </div> <!-- method-content -->
              </div> <!-- method -->
              <div class="method">
                <div class="method-content">
                  <a name="verifyInterstetialForQuizTest">
                  </a> <!-- verifyInterstetialForQuizTest -->
                  <span class="method-name">verifyInterstetialForQuizTest</span>
                </div> <!-- method-content -->
              </div> <!-- method -->
            </div> <!-- main-panel-content rounded-window-bottom -->
          </div> <!-- suite-Suite_For_Ios_Testing-class-passed -->
          <div class="suite-Suite_For_Ios_Testing-class-passed">
            <div class="main-panel-header rounded-window-top">
              <img src="passed.png"/>
              <span class="class-name">com.eduven.testcase.PurchaseTestCases</span>
            </div> <!-- main-panel-header rounded-window-top -->
            <div class="main-panel-content rounded-window-bottom">
              <div class="method">
                <div class="method-content">
                  <a name="buyAppPurchaseTest">
                  </a> <!-- buyAppPurchaseTest -->
                  <span class="method-name">buyAppPurchaseTest</span>
                </div> <!-- method-content -->
              </div> <!-- method -->
              <div class="method">
                <div class="method-content">
                  <a name="handlingRateTheAppPopupTest">
                  </a> <!-- handlingRateTheAppPopupTest -->
                  <span class="method-name">handlingRateTheAppPopupTest</span>
                </div> <!-- method-content -->
              </div> <!-- method -->
              <div class="method">
                <div class="method-content">
                  <a name="languageSelectionTest">
                  </a> <!-- languageSelectionTest -->
                  <span class="method-name">languageSelectionTest</span>
                </div> <!-- method-content -->
              </div> <!-- method -->
              <div class="method">
                <div class="method-content">
                  <a name="navigateToBuyTest">
                  </a> <!-- navigateToBuyTest -->
                  <span class="method-name">navigateToBuyTest</span>
                </div> <!-- method-content -->
              </div> <!-- method -->
              <div class="method">
                <div class="method-content">
                  <a name="verifyLockTermAppearAsUnlockTermTest">
                  </a> <!-- verifyLockTermAppearAsUnlockTermTest -->
                  <span class="method-name">verifyLockTermAppearAsUnlockTermTest</span>
                </div> <!-- method-content -->
              </div> <!-- method -->
              <div class="method">
                <div class="method-content">
                  <a name="verifyLockTermBeforePurchaseTest">
                  </a> <!-- verifyLockTermBeforePurchaseTest -->
                  <span class="method-name">verifyLockTermBeforePurchaseTest</span>
                </div> <!-- method-content -->
              </div> <!-- method -->
              <div class="method">
                <div class="method-content">
                  <a name="verifyPurchaseBtnAfterPurchase">
                  </a> <!-- verifyPurchaseBtnAfterPurchase -->
                  <span class="method-name">verifyPurchaseBtnAfterPurchase</span>
                </div> <!-- method-content -->
              </div> <!-- method -->
            </div> <!-- main-panel-content rounded-window-bottom -->
          </div> <!-- suite-Suite_For_Ios_Testing-class-passed -->
          <div class="suite-Suite_For_Ios_Testing-class-passed">
            <div class="main-panel-header rounded-window-top">
              <img src="passed.png"/>
              <span class="class-name">com.eduven.testcase.EvMenuPageTestCases</span>
            </div> <!-- main-panel-header rounded-window-top -->
            <div class="main-panel-content rounded-window-bottom">
              <div class="method">
                <div class="method-content">
                  <a name="categorySettingPageTest">
                  </a> <!-- categorySettingPageTest -->
                  <span class="method-name">categorySettingPageTest</span>
                </div> <!-- method-content -->
              </div> <!-- method -->
              <div class="method">
                <div class="method-content">
                  <a name="dislcaimerPageTest">
                  </a> <!-- dislcaimerPageTest -->
                  <span class="method-name">dislcaimerPageTest</span>
                </div> <!-- method-content -->
              </div> <!-- method -->
              <div class="method">
                <div class="method-content">
                  <a name="faqsPageTest">
                  </a> <!-- faqsPageTest -->
                  <span class="method-name">faqsPageTest</span>
                </div> <!-- method-content -->
              </div> <!-- method -->
              <div class="method">
                <div class="method-content">
                  <a name="getInTouchPageTest">
                  </a> <!-- getInTouchPageTest -->
                  <span class="method-name">getInTouchPageTest</span>
                </div> <!-- method-content -->
              </div> <!-- method -->
              <div class="method">
                <div class="method-content">
                  <a name="handlingRateTheAppPopupTest">
                  </a> <!-- handlingRateTheAppPopupTest -->
                  <span class="method-name">handlingRateTheAppPopupTest</span>
                </div> <!-- method-content -->
              </div> <!-- method -->
              <div class="method">
                <div class="method-content">
                  <a name="languageSelectionTest">
                  </a> <!-- languageSelectionTest -->
                  <span class="method-name">languageSelectionTest</span>
                </div> <!-- method-content -->
              </div> <!-- method -->
              <div class="method">
                <div class="method-content">
                  <a name="navigateToContributePageTest">
                  </a> <!-- navigateToContributePageTest -->
                  <span class="method-name">navigateToContributePageTest</span>
                </div> <!-- method-content -->
              </div> <!-- method -->
              <div class="method">
                <div class="method-content">
                  <a name="navigateToMoreAppsPageTest">
                  </a> <!-- navigateToMoreAppsPageTest -->
                  <span class="method-name">navigateToMoreAppsPageTest</span>
                </div> <!-- method-content -->
              </div> <!-- method -->
              <div class="method">
                <div class="method-content">
                  <a name="privacyPolicyPageTest">
                  </a> <!-- privacyPolicyPageTest -->
                  <span class="method-name">privacyPolicyPageTest</span>
                </div> <!-- method-content -->
              </div> <!-- method -->
              <div class="method">
                <div class="method-content">
                  <a name="rateThisAppTest">
                  </a> <!-- rateThisAppTest -->
                  <span class="method-name">rateThisAppTest</span>
                </div> <!-- method-content -->
              </div> <!-- method -->
              <div class="method">
                <div class="method-content">
                  <a name="selectAllCategoryInCategorySettingPageTest">
                  </a> <!-- selectAllCategoryInCategorySettingPageTest -->
                  <span class="method-name">selectAllCategoryInCategorySettingPageTest</span>
                </div> <!-- method-content -->
              </div> <!-- method -->
              <div class="method">
                <div class="method-content">
                  <a name="selectAllCategoryInWordOffTheDayPageTest">
                  </a> <!-- selectAllCategoryInWordOffTheDayPageTest -->
                  <span class="method-name">selectAllCategoryInWordOffTheDayPageTest</span>
                </div> <!-- method-content -->
              </div> <!-- method -->
              <div class="method">
                <div class="method-content">
                  <a name="termAndConditionPageTest">
                  </a> <!-- termAndConditionPageTest -->
                  <span class="method-name">termAndConditionPageTest</span>
                </div> <!-- method-content -->
              </div> <!-- method -->
              <div class="method">
                <div class="method-content">
                  <a name="verifyContributePageWithCategoryTest">
                  </a> <!-- verifyContributePageWithCategoryTest -->
                  <span class="method-name">verifyContributePageWithCategoryTest</span>
                </div> <!-- method-content -->
              </div> <!-- method -->
              <div class="method">
                <div class="method-content">
                  <a name="verifyContributePageWithRequiredTextTest">
                  </a> <!-- verifyContributePageWithRequiredTextTest -->
                  <span class="method-name">verifyContributePageWithRequiredTextTest</span>
                </div> <!-- method-content -->
              </div> <!-- method -->
              <div class="method">
                <div class="method-content">
                  <a name="verifyContributePageWithWordTest">
                  </a> <!-- verifyContributePageWithWordTest -->
                  <span class="method-name">verifyContributePageWithWordTest</span>
                </div> <!-- method-content -->
              </div> <!-- method -->
              <div class="method">
                <div class="method-content">
                  <a name="verifyContributePageWithoutTextTest">
                  </a> <!-- verifyContributePageWithoutTextTest -->
                  <span class="method-name">verifyContributePageWithoutTextTest</span>
                </div> <!-- method-content -->
              </div> <!-- method -->
              <div class="method">
                <div class="method-content">
                  <a name="wordOfTheDayTest">
                  </a> <!-- wordOfTheDayTest -->
                  <span class="method-name">wordOfTheDayTest</span>
                </div> <!-- method-content -->
              </div> <!-- method -->
            </div> <!-- main-panel-content rounded-window-bottom -->
          </div> <!-- suite-Suite_For_Ios_Testing-class-passed -->
          <div class="suite-Suite_For_Ios_Testing-class-passed">
            <div class="main-panel-header rounded-window-top">
              <img src="passed.png"/>
              <span class="class-name">com.eduven.testcase.SwitchLanguagePageTestCases</span>
            </div> <!-- main-panel-header rounded-window-top -->
            <div class="main-panel-content rounded-window-bottom">
              <div class="method">
                <div class="method-content">
                  <a name="handlingRateAppPopupTest">
                  </a> <!-- handlingRateAppPopupTest -->
                  <span class="method-name">handlingRateAppPopupTest</span>
                </div> <!-- method-content -->
              </div> <!-- method -->
              <div class="method">
                <div class="method-content">
                  <a name="languageSelectionTest">
                  </a> <!-- languageSelectionTest -->
                  <span class="method-name">languageSelectionTest</span>
                </div> <!-- method-content -->
              </div> <!-- method -->
              <div class="method">
                <div class="method-content">
                  <a name="languageSelectionTest1">
                  </a> <!-- languageSelectionTest1 -->
                  <span class="method-name">languageSelectionTest1</span>
                </div> <!-- method-content -->
              </div> <!-- method -->
              <div class="method">
                <div class="method-content">
                  <a name="navigateToQuickListTermTest">
                  </a> <!-- navigateToQuickListTermTest -->
                  <span class="method-name">navigateToQuickListTermTest</span>
                </div> <!-- method-content -->
              </div> <!-- method -->
              <div class="method">
                <div class="method-content">
                  <a name="navigateToQuickListTest">
                  </a> <!-- navigateToQuickListTest -->
                  <span class="method-name">navigateToQuickListTest</span>
                </div> <!-- method-content -->
              </div> <!-- method -->
              <div class="method">
                <div class="method-content">
                  <a name="navigateToSswitchLingoPageTest">
                  </a> <!-- navigateToSswitchLingoPageTest -->
                  <span class="method-name">navigateToSswitchLingoPageTest</span>
                </div> <!-- method-content -->
              </div> <!-- method -->
              <div class="method">
                <div class="method-content">
                  <a name="purchaseNativeLangugaeTest">
                  </a> <!-- purchaseNativeLangugaeTest -->
                  <span class="method-name">purchaseNativeLangugaeTest</span>
                </div> <!-- method-content -->
              </div> <!-- method -->
              <div class="method">
                <div class="method-content">
                  <a name="switchLingoChangeBaseLanguageTest">
                  </a> <!-- switchLingoChangeBaseLanguageTest -->
                  <span class="method-name">switchLingoChangeBaseLanguageTest</span>
                </div> <!-- method-content -->
              </div> <!-- method -->
              <div class="method">
                <div class="method-content">
                  <a name="verifyQuickListCategoryTest">
                  </a> <!-- verifyQuickListCategoryTest -->
                  <span class="method-name">verifyQuickListCategoryTest</span>
                </div> <!-- method-content -->
              </div> <!-- method -->
              <div class="method">
                <div class="method-content">
                  <a name="verifyQuickListHeadertxtTest">
                  </a> <!-- verifyQuickListHeadertxtTest -->
                  <span class="method-name">verifyQuickListHeadertxtTest</span>
                </div> <!-- method-content -->
              </div> <!-- method -->
              <div class="method">
                <div class="method-content">
                  <a name="verifyTermHeaderAndTermNameListTest">
                  </a> <!-- verifyTermHeaderAndTermNameListTest -->
                  <span class="method-name">verifyTermHeaderAndTermNameListTest</span>
                </div> <!-- method-content -->
              </div> <!-- method -->
              <div class="method">
                <div class="method-content">
                  <a name="verifyTermsNameOnTermlistPageTest">
                  </a> <!-- verifyTermsNameOnTermlistPageTest -->
                  <span class="method-name">verifyTermsNameOnTermlistPageTest</span>
                </div> <!-- method-content -->
              </div> <!-- method -->
            </div> <!-- main-panel-content rounded-window-bottom -->
          </div> <!-- suite-Suite_For_Ios_Testing-class-passed -->
          <div class="suite-Suite_For_Ios_Testing-class-passed">
            <div class="main-panel-header rounded-window-top">
              <img src="passed.png"/>
              <span class="class-name">com.eduven.testcase.SearchPageTestCases</span>
            </div> <!-- main-panel-header rounded-window-top -->
            <div class="main-panel-content rounded-window-bottom">
              <div class="method">
                <div class="method-content">
                  <a name="freeTermSearchTest">
                  </a> <!-- freeTermSearchTest -->
                  <span class="method-name">freeTermSearchTest</span>
                </div> <!-- method-content -->
              </div> <!-- method -->
              <div class="method">
                <div class="method-content">
                  <a name="handlingRateTheAppPopupTest">
                  </a> <!-- handlingRateTheAppPopupTest -->
                  <span class="method-name">handlingRateTheAppPopupTest</span>
                </div> <!-- method-content -->
              </div> <!-- method -->
              <div class="method">
                <div class="method-content">
                  <a name="languageSelectionTest">
                  </a> <!-- languageSelectionTest -->
                  <span class="method-name">languageSelectionTest</span>
                </div> <!-- method-content -->
              </div> <!-- method -->
              <div class="method">
                <div class="method-content">
                  <a name="navigateToSearchPageTest">
                  </a> <!-- navigateToSearchPageTest -->
                  <span class="method-name">navigateToSearchPageTest</span>
                </div> <!-- method-content -->
              </div> <!-- method -->
              <div class="method">
                <div class="method-content">
                  <a name="premiumTermSearchTest">
                  </a> <!-- premiumTermSearchTest -->
                  <span class="method-name">premiumTermSearchTest</span>
                </div> <!-- method-content -->
              </div> <!-- method -->
              <div class="method">
                <div class="method-content">
                  <a name="verifySearchPageHeaderTest">
                  </a> <!-- verifySearchPageHeaderTest -->
                  <span class="method-name">verifySearchPageHeaderTest</span>
                </div> <!-- method-content -->
              </div> <!-- method -->
            </div> <!-- main-panel-content rounded-window-bottom -->
          </div> <!-- suite-Suite_For_Ios_Testing-class-passed -->
          <div class="suite-Suite_For_Ios_Testing-class-passed">
            <div class="main-panel-header rounded-window-top">
              <img src="passed.png"/>
              <span class="class-name">com.eduven.testcase.CategoryPageTestCases</span>
            </div> <!-- main-panel-header rounded-window-top -->
            <div class="main-panel-content rounded-window-bottom">
              <div class="method">
                <div class="method-content">
                  <a name="handlingRateTheAppPopupTest">
                  </a> <!-- handlingRateTheAppPopupTest -->
                  <span class="method-name">handlingRateTheAppPopupTest</span>
                </div> <!-- method-content -->
              </div> <!-- method -->
              <div class="method">
                <div class="method-content">
                  <a name="languageSelectionTest">
                  </a> <!-- languageSelectionTest -->
                  <span class="method-name">languageSelectionTest</span>
                </div> <!-- method-content -->
              </div> <!-- method -->
              <div class="method">
                <div class="method-content">
                  <a name="verifyCategoriesList">
                  </a> <!-- verifyCategoriesList -->
                  <span class="method-name">verifyCategoriesList</span>
                </div> <!-- method-content -->
              </div> <!-- method -->
              <div class="method">
                <div class="method-content">
                  <a name="verifyCategoryHeaderTxt">
                  </a> <!-- verifyCategoryHeaderTxt -->
                  <span class="method-name">verifyCategoryHeaderTxt</span>
                </div> <!-- method-content -->
              </div> <!-- method -->
            </div> <!-- main-panel-content rounded-window-bottom -->
          </div> <!-- suite-Suite_For_Ios_Testing-class-passed -->
          <div class="suite-Suite_For_Ios_Testing-class-passed">
            <div class="main-panel-header rounded-window-top">
              <img src="passed.png"/>
              <span class="class-name">com.eduven.testcase.GamesPageTestCases</span>
            </div> <!-- main-panel-header rounded-window-top -->
            <div class="main-panel-content rounded-window-bottom">
              <div class="method">
                <div class="method-content">
                  <a name="handlingRateTheAppPopupTest">
                  </a> <!-- handlingRateTheAppPopupTest -->
                  <span class="method-name">handlingRateTheAppPopupTest</span>
                </div> <!-- method-content -->
              </div> <!-- method -->
              <div class="method">
                <div class="method-content">
                  <a name="languageSelectionTest">
                  </a> <!-- languageSelectionTest -->
                  <span class="method-name">languageSelectionTest</span>
                </div> <!-- method-content -->
              </div> <!-- method -->
              <div class="method">
                <div class="method-content">
                  <a name="selectGamesFromGameListTest">
                  </a> <!-- selectGamesFromGameListTest -->
                  <span class="method-name">selectGamesFromGameListTest</span>
                </div> <!-- method-content -->
              </div> <!-- method -->
              <div class="method">
                <div class="method-content">
                  <a name="startGamesTest">
                  </a> <!-- startGamesTest -->
                  <span class="method-name">startGamesTest</span>
                </div> <!-- method-content -->
              </div> <!-- method -->
              <div class="method">
                <div class="method-content">
                  <a name="verifyAttemptedQuestionOnScoreBoardTest">
                  </a> <!-- verifyAttemptedQuestionOnScoreBoardTest -->
                  <span class="method-name">verifyAttemptedQuestionOnScoreBoardTest</span>
                </div> <!-- method-content -->
              </div> <!-- method -->
              <div class="method">
                <div class="method-content">
                  <a name="verifyGamesListNavigationTest">
                  </a> <!-- verifyGamesListNavigationTest -->
                  <span class="method-name">verifyGamesListNavigationTest</span>
                </div> <!-- method-content -->
              </div> <!-- method -->
              <div class="method">
                <div class="method-content">
                  <a name="verifyNavigationToGamesPageTest">
                  </a> <!-- verifyNavigationToGamesPageTest -->
                  <span class="method-name">verifyNavigationToGamesPageTest</span>
                </div> <!-- method-content -->
              </div> <!-- method -->
              <div class="method">
                <div class="method-content">
                  <a name="verifyQuestionCountTest">
                  </a> <!-- verifyQuestionCountTest -->
                  <span class="method-name">verifyQuestionCountTest</span>
                </div> <!-- method-content -->
              </div> <!-- method -->
              <div class="method">
                <div class="method-content">
                  <a name="verifyWrongAttemptedQuestionOnScoreBoardTest">
                  </a> <!-- verifyWrongAttemptedQuestionOnScoreBoardTest -->
                  <span class="method-name">verifyWrongAttemptedQuestionOnScoreBoardTest</span>
                </div> <!-- method-content -->
              </div> <!-- method -->
            </div> <!-- main-panel-content rounded-window-bottom -->
          </div> <!-- suite-Suite_For_Ios_Testing-class-passed -->
          <div class="suite-Suite_For_Ios_Testing-class-passed">
            <div class="main-panel-header rounded-window-top">
              <img src="passed.png"/>
              <span class="class-name">com.eduven.testcase.EduBankPageTestCases</span>
            </div> <!-- main-panel-header rounded-window-top -->
            <div class="main-panel-content rounded-window-bottom">
              <div class="method">
                <div class="method-content">
                  <a name="addTermInEdubankForQuicklistTest">
                  </a> <!-- addTermInEdubankForQuicklistTest -->
                  <span class="method-name">addTermInEdubankForQuicklistTest</span>
                </div> <!-- method-content -->
              </div> <!-- method -->
              <div class="method">
                <div class="method-content">
                  <a name="addTermInEdubankTest">
                  </a> <!-- addTermInEdubankTest -->
                  <span class="method-name">addTermInEdubankTest</span>
                </div> <!-- method-content -->
              </div> <!-- method -->
              <div class="method">
                <div class="method-content">
                  <a name="handlingRateAppPopupTest">
                  </a> <!-- handlingRateAppPopupTest -->
                  <span class="method-name">handlingRateAppPopupTest</span>
                </div> <!-- method-content -->
              </div> <!-- method -->
              <div class="method">
                <div class="method-content">
                  <a name="languageSelectionTest">
                  </a> <!-- languageSelectionTest -->
                  <span class="method-name">languageSelectionTest</span>
                </div> <!-- method-content -->
              </div> <!-- method -->
              <div class="method">
                <div class="method-content">
                  <a name="navigateToEdubankQuicklistTest">
                  </a> <!-- navigateToEdubankQuicklistTest -->
                  <span class="method-name">navigateToEdubankQuicklistTest</span>
                </div> <!-- method-content -->
              </div> <!-- method -->
              <div class="method">
                <div class="method-content">
                  <a name="navigateToEdubankTest">
                  </a> <!-- navigateToEdubankTest -->
                  <span class="method-name">navigateToEdubankTest</span>
                </div> <!-- method-content -->
              </div> <!-- method -->
              <div class="method">
                <div class="method-content">
                  <a name="navigateToQuicklistPageTest">
                  </a> <!-- navigateToQuicklistPageTest -->
                  <span class="method-name">navigateToQuicklistPageTest</span>
                </div> <!-- method-content -->
              </div> <!-- method -->
              <div class="method">
                <div class="method-content">
                  <a name="navigateToQuicklistTermPageTest">
                  </a> <!-- navigateToQuicklistTermPageTest -->
                  <span class="method-name">navigateToQuicklistTermPageTest</span>
                </div> <!-- method-content -->
              </div> <!-- method -->
              <div class="method">
                <div class="method-content">
                  <a name="navigateToTermPageTest">
                  </a> <!-- navigateToTermPageTest -->
                  <span class="method-name">navigateToTermPageTest</span>
                </div> <!-- method-content -->
              </div> <!-- method -->
              <div class="method">
                <div class="method-content">
                  <a name="removeAllTermsFromEdubankForQuicklistTest">
                  </a> <!-- removeAllTermsFromEdubankForQuicklistTest -->
                  <span class="method-name">removeAllTermsFromEdubankForQuicklistTest</span>
                </div> <!-- method-content -->
              </div> <!-- method -->
              <div class="method">
                <div class="method-content">
                  <a name="removeAllTermsFromEdubankTest">
                  </a> <!-- removeAllTermsFromEdubankTest -->
                  <span class="method-name">removeAllTermsFromEdubankTest</span>
                </div> <!-- method-content -->
              </div> <!-- method -->
              <div class="method">
                <div class="method-content">
                  <a name="removeTermsFromEdubankForQuicklistTest">
                  </a> <!-- removeTermsFromEdubankForQuicklistTest -->
                  <span class="method-name">removeTermsFromEdubankForQuicklistTest</span>
                </div> <!-- method-content -->
              </div> <!-- method -->
              <div class="method">
                <div class="method-content">
                  <a name="removeTermsFromEdubankTest">
                  </a> <!-- removeTermsFromEdubankTest -->
                  <span class="method-name">removeTermsFromEdubankTest</span>
                </div> <!-- method-content -->
              </div> <!-- method -->
              <div class="method">
                <div class="method-content">
                  <a name="verifyAddedTermInEdubankAfterRemovedItTest">
                  </a> <!-- verifyAddedTermInEdubankAfterRemovedItTest -->
                  <span class="method-name">verifyAddedTermInEdubankAfterRemovedItTest</span>
                </div> <!-- method-content -->
              </div> <!-- method -->
              <div class="method">
                <div class="method-content">
                  <a name="verifyAddedTermInEdubankForQuicklistAfterRemoveOneTermTest">
                  </a> <!-- verifyAddedTermInEdubankForQuicklistAfterRemoveOneTermTest -->
                  <span class="method-name">verifyAddedTermInEdubankForQuicklistAfterRemoveOneTermTest</span>
                </div> <!-- method-content -->
              </div> <!-- method -->
              <div class="method">
                <div class="method-content">
                  <a name="verifyAddedTermInEdubankForQuicklistTest">
                  </a> <!-- verifyAddedTermInEdubankForQuicklistTest -->
                  <span class="method-name">verifyAddedTermInEdubankForQuicklistTest</span>
                </div> <!-- method-content -->
              </div> <!-- method -->
              <div class="method">
                <div class="method-content">
                  <a name="verifyAddedTermInEdubankTest">
                  </a> <!-- verifyAddedTermInEdubankTest -->
                  <span class="method-name">verifyAddedTermInEdubankTest</span>
                </div> <!-- method-content -->
              </div> <!-- method -->
            </div> <!-- main-panel-content rounded-window-bottom -->
          </div> <!-- suite-Suite_For_Ios_Testing-class-passed -->
          <div class="suite-Suite_For_Ios_Testing-class-passed">
            <div class="main-panel-header rounded-window-top">
              <img src="passed.png"/>
              <span class="class-name">com.eduven.testcase.TermListPageTestCases</span>
            </div> <!-- main-panel-header rounded-window-top -->
            <div class="main-panel-content rounded-window-bottom">
              <div class="method">
                <div class="method-content">
                  <a name="handlingRateTheAppPopupTest">
                  </a> <!-- handlingRateTheAppPopupTest -->
                  <span class="method-name">handlingRateTheAppPopupTest</span>
                </div> <!-- method-content -->
              </div> <!-- method -->
              <div class="method">
                <div class="method-content">
                  <a name="languageSelectionTest">
                  </a> <!-- languageSelectionTest -->
                  <span class="method-name">languageSelectionTest</span>
                </div> <!-- method-content -->
              </div> <!-- method -->
              <div class="method">
                <div class="method-content">
                  <a name="navigateToEditTermPageTest">
                  </a> <!-- navigateToEditTermPageTest -->
                  <span class="method-name">navigateToEditTermPageTest</span>
                </div> <!-- method-content -->
              </div> <!-- method -->
              <div class="method">
                <div class="method-content">
                  <a name="navigateToTermlistPageTest">
                  </a> <!-- navigateToTermlistPageTest -->
                  <span class="method-name">navigateToTermlistPageTest</span>
                </div> <!-- method-content -->
              </div> <!-- method -->
              <div class="method">
                <div class="method-content">
                  <a name="verifyContributePageWithWordTest">
                  </a> <!-- verifyContributePageWithWordTest -->
                  <span class="method-name">verifyContributePageWithWordTest</span>
                </div> <!-- method-content -->
              </div> <!-- method -->
              <div class="method">
                <div class="method-content">
                  <a name="verifyContributePageWithoutTextTest">
                  </a> <!-- verifyContributePageWithoutTextTest -->
                  <span class="method-name">verifyContributePageWithoutTextTest</span>
                </div> <!-- method-content -->
              </div> <!-- method -->
              <div class="method">
                <div class="method-content">
                  <a name="verifyLockTermNameTest">
                  </a> <!-- verifyLockTermNameTest -->
                  <span class="method-name">verifyLockTermNameTest</span>
                </div> <!-- method-content -->
              </div> <!-- method -->
              <div class="method">
                <div class="method-content">
                  <a name="verifyTermsNameOnTermlistPageTest">
                  </a> <!-- verifyTermsNameOnTermlistPageTest -->
                  <span class="method-name">verifyTermsNameOnTermlistPageTest</span>
                </div> <!-- method-content -->
              </div> <!-- method -->
              <div class="method">
                <div class="method-content">
                  <a name="verifyUnlockTermNameTest">
                  </a> <!-- verifyUnlockTermNameTest -->
                  <span class="method-name">verifyUnlockTermNameTest</span>
                </div> <!-- method-content -->
              </div> <!-- method -->
            </div> <!-- main-panel-content rounded-window-bottom -->
          </div> <!-- suite-Suite_For_Ios_Testing-class-passed -->
          <div class="suite-Suite_For_Ios_Testing-class-passed">
            <div class="main-panel-header rounded-window-top">
              <img src="passed.png"/>
              <span class="class-name">com.eduven.testcase.CheckInterstetialBeforePurchase</span>
            </div> <!-- main-panel-header rounded-window-top -->
            <div class="main-panel-content rounded-window-bottom">
              <div class="method">
                <div class="method-content">
                  <a name="handlingRateTheAppPopupTest">
                  </a> <!-- handlingRateTheAppPopupTest -->
                  <span class="method-name">handlingRateTheAppPopupTest</span>
                </div> <!-- method-content -->
              </div> <!-- method -->
              <div class="method">
                <div class="method-content">
                  <a name="languageSelectionTest">
                  </a> <!-- languageSelectionTest -->
                  <span class="method-name">languageSelectionTest</span>
                </div> <!-- method-content -->
              </div> <!-- method -->
              <div class="method">
                <div class="method-content">
                  <a name="verifyInterstetialForQuizTest">
                  </a> <!-- verifyInterstetialForQuizTest -->
                  <span class="method-name">verifyInterstetialForQuizTest</span>
                </div> <!-- method-content -->
              </div> <!-- method -->
            </div> <!-- main-panel-content rounded-window-bottom -->
          </div> <!-- suite-Suite_For_Ios_Testing-class-passed -->
        </div> <!-- panel Suite_For_Ios_Testing -->
        <div panel-name="test-xml-Suite_For_Ios_Testing" class="panel">
          <div class="main-panel-header rounded-window-top">
          </div> <!-- main-panel-header rounded-window-top -->
          <div class="main-panel-content rounded-window-bottom">
            <pre>
&lt;?xml version=&quot;1.0&quot; encoding=&quot;UTF-8&quot;?&gt;
&lt;!DOCTYPE suite SYSTEM &quot;http://testng.org/testng-1.0.dtd&quot;&gt;
&lt;suite verbose=&quot;4&quot; name=&quot;Suite For Ios Testing&quot;&gt;
  &lt;test name=&quot;Regression Testing Learn Tamil&quot;&gt;
    &lt;classes&gt;
      &lt;class name=&quot;com.eduven.testcase.HomePageTestCases&quot;/&gt;
      &lt;class name=&quot;com.eduven.testcase.CategoryPageTestCases&quot;/&gt;
      &lt;class name=&quot;com.eduven.testcase.EduBankPageTestCases&quot;/&gt;
      &lt;class name=&quot;com.eduven.testcase.SearchPageTestCases&quot;/&gt;
      &lt;class name=&quot;com.eduven.testcase.GamesPageTestCases&quot;/&gt;
      &lt;class name=&quot;com.eduven.testcase.EvMenuPageTestCases&quot;/&gt;
      &lt;class name=&quot;com.eduven.testcase.TermListPageTestCases&quot;/&gt;
      &lt;class name=&quot;com.eduven.testcase.QuickListPageTestCases&quot;/&gt;
      &lt;class name=&quot;com.eduven.testcase.AutoPlayPageTestCases&quot;/&gt;
      &lt;class name=&quot;com.eduven.testcase.CheckInterstetialBeforePurchase&quot;/&gt;
      &lt;class name=&quot;com.eduven.testcase.PurchaseTestCases&quot;/&gt;
      &lt;class name=&quot;com.eduven.testcase.CheckInterstetialAfterPurchase&quot;/&gt;
      &lt;class name=&quot;com.eduven.testcase.SwitchLanguagePageTestCases&quot;/&gt;
    &lt;/classes&gt;
  &lt;/test&gt; &lt;!-- Regression Testing Learn Tamil --&gt;
&lt;/suite&gt; &lt;!-- Suite For Ios Testing --&gt;
            </pre>
          </div> <!-- main-panel-content rounded-window-bottom -->
        </div> <!-- panel -->
        <div panel-name="testlist-Suite_For_Ios_Testing" class="panel">
          <div class="main-panel-header rounded-window-top">
            <span class="header-content">Tests for Suite For Ios Testing</span>
          </div> <!-- main-panel-header rounded-window-top -->
          <div class="main-panel-content rounded-window-bottom">
            <ul>
              <li>
                <span class="test-name">Regression Testing Learn Tamil (13 classes)</span>
              </li>
            </ul>
          </div> <!-- main-panel-content rounded-window-bottom -->
        </div> <!-- panel -->
        <div panel-name="group-Suite_For_Ios_Testing" class="panel">
          <div class="main-panel-header rounded-window-top">
            <span class="header-content">Groups for Suite For Ios Testing</span>
          </div> <!-- main-panel-header rounded-window-top -->
          <div class="main-panel-content rounded-window-bottom">
          </div> <!-- main-panel-content rounded-window-bottom -->
        </div> <!-- panel -->
        <div panel-name="times-Suite_For_Ios_Testing" class="panel">
          <div class="main-panel-header rounded-window-top">
            <span class="header-content">Times for Suite For Ios Testing</span>
          </div> <!-- main-panel-header rounded-window-top -->
          <div class="main-panel-content rounded-window-bottom">
            <div class="times-div">
              <script type="text/javascript">
suiteTableInitFunctions.push('tableData_Suite_For_Ios_Testing');
function tableData_Suite_For_Ios_Testing() {
var data = new google.visualization.DataTable();
data.addColumn('number', 'Number');
data.addColumn('string', 'Method');
data.addColumn('string', 'Class');
data.addColumn('number', 'Time (ms)');
data.addRows(118);
data.setCell(0, 0, 0)
data.setCell(0, 1, 'verifyCategoriesList')
data.setCell(0, 2, 'com.eduven.testcase.CategoryPageTestCases')
data.setCell(0, 3, 451060);
data.setCell(1, 0, 1)
data.setCell(1, 1, 'buyAppPurchaseTest')
data.setCell(1, 2, 'com.eduven.testcase.PurchaseTestCases')
data.setCell(1, 3, 282492);
data.setCell(2, 0, 2)
data.setCell(2, 1, 'purchaseNativeLangugaeTest')
data.setCell(2, 2, 'com.eduven.testcase.SwitchLanguagePageTestCases')
data.setCell(2, 3, 267183);
data.setCell(3, 0, 3)
data.setCell(3, 1, 'verifyTermsNameOnTermlistPageTest')
data.setCell(3, 2, 'com.eduven.testcase.TermListPageTestCases')
data.setCell(3, 3, 153293);
data.setCell(4, 0, 4)
data.setCell(4, 1, 'verifyLockTermNameTest')
data.setCell(4, 2, 'com.eduven.testcase.TermListPageTestCases')
data.setCell(4, 3, 150183);
data.setCell(5, 0, 5)
data.setCell(5, 1, 'verifyInterstetialForQuizTest')
data.setCell(5, 2, 'com.eduven.testcase.CheckInterstetialAfterPurchase')
data.setCell(5, 3, 127677);
data.setCell(6, 0, 6)
data.setCell(6, 1, 'languageSelectionTest')
data.setCell(6, 2, 'com.eduven.testcase.TermListPageTestCases')
data.setCell(6, 3, 113826);
data.setCell(7, 0, 7)
data.setCell(7, 1, 'languageSelectionTest')
data.setCell(7, 2, 'com.eduven.testcase.PurchaseTestCases')
data.setCell(7, 3, 113587);
data.setCell(8, 0, 8)
data.setCell(8, 1, 'languageSelectionTest')
data.setCell(8, 2, 'com.eduven.testcase.CategoryPageTestCases')
data.setCell(8, 3, 113519);
data.setCell(9, 0, 9)
data.setCell(9, 1, 'languageSelectionTest')
data.setCell(9, 2, 'com.eduven.testcase.EduBankPageTestCases')
data.setCell(9, 3, 113092);
data.setCell(10, 0, 10)
data.setCell(10, 1, 'languageSelectionTest')
data.setCell(10, 2, 'com.eduven.testcase.QuickListPageTestCases')
data.setCell(10, 3, 112000);
data.setCell(11, 0, 11)
data.setCell(11, 1, 'languageSelectionTest')
data.setCell(11, 2, 'com.eduven.testcase.AutoPlayPageTestCases')
data.setCell(11, 3, 111975);
data.setCell(12, 0, 12)
data.setCell(12, 1, 'languageSelectionTest')
data.setCell(12, 2, 'com.eduven.testcase.EvMenuPageTestCases')
data.setCell(12, 3, 111934);
data.setCell(13, 0, 13)
data.setCell(13, 1, 'languageSelectionTest')
data.setCell(13, 2, 'com.eduven.testcase.SearchPageTestCases')
data.setCell(13, 3, 111631);
data.setCell(14, 0, 14)
data.setCell(14, 1, 'languageSelectionTest')
data.setCell(14, 2, 'com.eduven.testcase.CheckInterstetialBeforePurchase')
data.setCell(14, 3, 111459);
data.setCell(15, 0, 15)
data.setCell(15, 1, 'languageSelectionTest')
data.setCell(15, 2, 'com.eduven.testcase.GamesPageTestCases')
data.setCell(15, 3, 111404);
data.setCell(16, 0, 16)
data.setCell(16, 1, 'languageSelectionTest')
data.setCell(16, 2, 'com.eduven.testcase.CheckInterstetialAfterPurchase')
data.setCell(16, 3, 110769);
data.setCell(17, 0, 17)
data.setCell(17, 1, 'languageSelectionTest')
data.setCell(17, 2, 'com.eduven.testcase.SwitchLanguagePageTestCases')
data.setCell(17, 3, 110557);
data.setCell(18, 0, 18)
data.setCell(18, 1, 'categorySettingPageTest')
data.setCell(18, 2, 'com.eduven.testcase.EvMenuPageTestCases')
data.setCell(18, 3, 106732);
data.setCell(19, 0, 19)
data.setCell(19, 1, 'verifyTermsNameOnTermlistPageTest')
data.setCell(19, 2, 'com.eduven.testcase.QuickListPageTestCases')
data.setCell(19, 3, 105696);
data.setCell(20, 0, 20)
data.setCell(20, 1, 'verifyInterstetialForQuizTest')
data.setCell(20, 2, 'com.eduven.testcase.CheckInterstetialBeforePurchase')
data.setCell(20, 3, 102632);
data.setCell(21, 0, 21)
data.setCell(21, 1, 'freeTermSearchTest')
data.setCell(21, 2, 'com.eduven.testcase.SearchPageTestCases')
data.setCell(21, 3, 101949);
data.setCell(22, 0, 22)
data.setCell(22, 1, 'wordOfTheDayTest')
data.setCell(22, 2, 'com.eduven.testcase.EvMenuPageTestCases')
data.setCell(22, 3, 97320);
data.setCell(23, 0, 23)
data.setCell(23, 1, 'verifyElementOnMainGamePageTest')
data.setCell(23, 2, 'com.eduven.testcase.GamesPageTestCases')
data.setCell(23, 3, 91836);
data.setCell(24, 0, 24)
data.setCell(24, 1, 'navigateToEdubankQuicklistTest')
data.setCell(24, 2, 'com.eduven.testcase.EduBankPageTestCases')
data.setCell(24, 3, 90404);
data.setCell(25, 0, 25)
data.setCell(25, 1, 'navigateToEdubankTest')
data.setCell(25, 2, 'com.eduven.testcase.EduBankPageTestCases')
data.setCell(25, 3, 90273);
data.setCell(26, 0, 26)
data.setCell(26, 1, 'verifyUnlockTermNameTest')
data.setCell(26, 2, 'com.eduven.testcase.QuickListPageTestCases')
data.setCell(26, 3, 89805);
data.setCell(27, 0, 27)
data.setCell(27, 1, 'verifyLockTermAppearAsUnlockTermTest')
data.setCell(27, 2, 'com.eduven.testcase.PurchaseTestCases')
data.setCell(27, 3, 87876);
data.setCell(28, 0, 28)
data.setCell(28, 1, 'addTermInEdubankForQuicklistTest')
data.setCell(28, 2, 'com.eduven.testcase.EduBankPageTestCases')
data.setCell(28, 3, 87187);
data.setCell(29, 0, 29)
data.setCell(29, 1, 'selectAllCategoryInCategorySettingPageTest')
data.setCell(29, 2, 'com.eduven.testcase.EvMenuPageTestCases')
data.setCell(29, 3, 86959);
data.setCell(30, 0, 30)
data.setCell(30, 1, 'verifyTermHeaderAndTermNameListTest')
data.setCell(30, 2, 'com.eduven.testcase.SwitchLanguagePageTestCases')
data.setCell(30, 3, 82401);
data.setCell(31, 0, 31)
data.setCell(31, 1, 'selectAllCategoryInWordOffTheDayPageTest')
data.setCell(31, 2, 'com.eduven.testcase.EvMenuPageTestCases')
data.setCell(31, 3, 81895);
data.setCell(32, 0, 32)
data.setCell(32, 1, 'verifyLockTermBeforePurchaseTest')
data.setCell(32, 2, 'com.eduven.testcase.PurchaseTestCases')
data.setCell(32, 3, 81240);
data.setCell(33, 0, 33)
data.setCell(33, 1, 'verifyMoreAppsPageTest')
data.setCell(33, 2, 'com.eduven.testcase.EvMenuPageTestCases')
data.setCell(33, 3, 79252);
data.setCell(34, 0, 34)
data.setCell(34, 1, 'languageSelectionTest')
data.setCell(34, 2, 'com.eduven.testcase.HomePageTestCases')
data.setCell(34, 3, 77818);
data.setCell(35, 0, 35)
data.setCell(35, 1, 'privacyPolicyPageTest')
data.setCell(35, 2, 'com.eduven.testcase.EvMenuPageTestCases')
data.setCell(35, 3, 75395);
data.setCell(36, 0, 36)
data.setCell(36, 1, 'termAndConditionPageTest')
data.setCell(36, 2, 'com.eduven.testcase.EvMenuPageTestCases')
data.setCell(36, 3, 72547);
data.setCell(37, 0, 37)
data.setCell(37, 1, 'faqsPageTest')
data.setCell(37, 2, 'com.eduven.testcase.EvMenuPageTestCases')
data.setCell(37, 3, 72430);
data.setCell(38, 0, 38)
data.setCell(38, 1, 'verifyUnlockTermNameTest')
data.setCell(38, 2, 'com.eduven.testcase.TermListPageTestCases')
data.setCell(38, 3, 71543);
data.setCell(39, 0, 39)
data.setCell(39, 1, 'verifyContributePageWithRequiredTextTest')
data.setCell(39, 2, 'com.eduven.testcase.EvMenuPageTestCases')
data.setCell(39, 3, 70993);
data.setCell(40, 0, 40)
data.setCell(40, 1, 'dislcaimerPageTest')
data.setCell(40, 2, 'com.eduven.testcase.EvMenuPageTestCases')
data.setCell(40, 3, 69909);
data.setCell(41, 0, 41)
data.setCell(41, 1, 'navigateToEditTermPageTest')
data.setCell(41, 2, 'com.eduven.testcase.TermListPageTestCases')
data.setCell(41, 3, 69821);
data.setCell(42, 0, 42)
data.setCell(42, 1, 'handlingRateTheAppPopupTest')
data.setCell(42, 2, 'com.eduven.testcase.CheckInterstetialAfterPurchase')
data.setCell(42, 3, 67537);
data.setCell(43, 0, 43)
data.setCell(43, 1, 'handlingRateAppPopupTest')
data.setCell(43, 2, 'com.eduven.testcase.SwitchLanguagePageTestCases')
data.setCell(43, 3, 67445);
data.setCell(44, 0, 44)
data.setCell(44, 1, 'handlingRateTheAppPopupTest')
data.setCell(44, 2, 'com.eduven.testcase.HomePageTestCases')
data.setCell(44, 3, 64281);
data.setCell(45, 0, 45)
data.setCell(45, 1, 'handlingRateTheAppPopupTest')
data.setCell(45, 2, 'com.eduven.testcase.CategoryPageTestCases')
data.setCell(45, 3, 63536);
data.setCell(46, 0, 46)
data.setCell(46, 1, 'handlingRateTheAppPopupTest')
data.setCell(46, 2, 'com.eduven.testcase.EvMenuPageTestCases')
data.setCell(46, 3, 63395);
data.setCell(47, 0, 47)
data.setCell(47, 1, 'handlingRateTheAppPopupTest')
data.setCell(47, 2, 'com.eduven.testcase.TermListPageTestCases')
data.setCell(47, 3, 63308);
data.setCell(48, 0, 48)
data.setCell(48, 1, 'handlingRateTheAppPopupTest')
data.setCell(48, 2, 'com.eduven.testcase.AutoPlayPageTestCases')
data.setCell(48, 3, 63237);
data.setCell(49, 0, 49)
data.setCell(49, 1, 'handlingRateTheAppPopupTest')
data.setCell(49, 2, 'com.eduven.testcase.GamesPageTestCases')
data.setCell(49, 3, 63021);
data.setCell(50, 0, 50)
data.setCell(50, 1, 'handlingRateTheAppPopupTest')
data.setCell(50, 2, 'com.eduven.testcase.QuickListPageTestCases')
data.setCell(50, 3, 62978);
data.setCell(51, 0, 51)
data.setCell(51, 1, 'handlingRateTheAppPopupTest')
data.setCell(51, 2, 'com.eduven.testcase.PurchaseTestCases')
data.setCell(51, 3, 62875);
data.setCell(52, 0, 52)
data.setCell(52, 1, 'handlingRateTheAppPopupTest')
data.setCell(52, 2, 'com.eduven.testcase.CheckInterstetialBeforePurchase')
data.setCell(52, 3, 62849);
data.setCell(53, 0, 53)
data.setCell(53, 1, 'handlingRateAppPopupTest')
data.setCell(53, 2, 'com.eduven.testcase.EduBankPageTestCases')
data.setCell(53, 3, 62377);
data.setCell(54, 0, 54)
data.setCell(54, 1, 'verifyLockTermNameTest')
data.setCell(54, 2, 'com.eduven.testcase.QuickListPageTestCases')
data.setCell(54, 3, 58989);
data.setCell(55, 0, 55)
data.setCell(55, 1, 'verifyContributePageWithCategoryTest')
data.setCell(55, 2, 'com.eduven.testcase.EvMenuPageTestCases')
data.setCell(55, 3, 57375);
data.setCell(56, 0, 56)
data.setCell(56, 1, 'verifyAddedTermInEdubankTest')
data.setCell(56, 2, 'com.eduven.testcase.EduBankPageTestCases')
data.setCell(56, 3, 53770);
data.setCell(57, 0, 57)
data.setCell(57, 1, 'verifyContributePageWithWordTest')
data.setCell(57, 2, 'com.eduven.testcase.EvMenuPageTestCases')
data.setCell(57, 3, 45845);
data.setCell(58, 0, 58)
data.setCell(58, 1, 'languageSelectionTest1')
data.setCell(58, 2, 'com.eduven.testcase.SwitchLanguagePageTestCases')
data.setCell(58, 3, 45635);
data.setCell(59, 0, 59)
data.setCell(59, 1, 'navigateToTermlistPageTest')
data.setCell(59, 2, 'com.eduven.testcase.TermListPageTestCases')
data.setCell(59, 3, 45577);
data.setCell(60, 0, 60)
data.setCell(60, 1, 'switchLingoChangeBaseLanguageTest')
data.setCell(60, 2, 'com.eduven.testcase.SwitchLanguagePageTestCases')
data.setCell(60, 3, 43635);
data.setCell(61, 0, 61)
data.setCell(61, 1, 'verifyContributePageWithWordTest')
data.setCell(61, 2, 'com.eduven.testcase.TermListPageTestCases')
data.setCell(61, 3, 43519);
data.setCell(62, 0, 62)
data.setCell(62, 1, 'premiumTermSearchTest')
data.setCell(62, 2, 'com.eduven.testcase.SearchPageTestCases')
data.setCell(62, 3, 43424);
data.setCell(63, 0, 63)
data.setCell(63, 1, 'addTermInEdubankTest')
data.setCell(63, 2, 'com.eduven.testcase.EduBankPageTestCases')
data.setCell(63, 3, 43378);
data.setCell(64, 0, 64)
data.setCell(64, 1, 'verifyInterstetialForInAppTest')
data.setCell(64, 2, 'com.eduven.testcase.CheckInterstetialBeforePurchase')
data.setCell(64, 3, 41529);
data.setCell(65, 0, 65)
data.setCell(65, 1, 'selectRandomCategoryTest')
data.setCell(65, 2, 'com.eduven.testcase.AutoPlayPageTestCases')
data.setCell(65, 3, 36258);
data.setCell(66, 0, 66)
data.setCell(66, 1, 'verifyAddedTermInEdubankForQuicklistTest')
data.setCell(66, 2, 'com.eduven.testcase.EduBankPageTestCases')
data.setCell(66, 3, 36045);
data.setCell(67, 0, 67)
data.setCell(67, 1, 'navigateToSswitchLingoPageTest')
data.setCell(67, 2, 'com.eduven.testcase.SwitchLanguagePageTestCases')
data.setCell(67, 3, 35934);
data.setCell(68, 0, 68)
data.setCell(68, 1, 'navigateToMoreAppsPageTest')
data.setCell(68, 2, 'com.eduven.testcase.EvMenuPageTestCases')
data.setCell(68, 3, 35589);
data.setCell(69, 0, 69)
data.setCell(69, 1, 'navigateToQuickListTermTest')
data.setCell(69, 2, 'com.eduven.testcase.QuickListPageTestCases')
data.setCell(69, 3, 35516);
data.setCell(70, 0, 70)
data.setCell(70, 1, 'verifyAddedTermInEdubankForQuicklistAfterRemoveOneTermTest')
data.setCell(70, 2, 'com.eduven.testcase.EduBankPageTestCases')
data.setCell(70, 3, 31672);
data.setCell(71, 0, 71)
data.setCell(71, 1, 'verifyAddedTermInEdubankAfterRemovedItTest')
data.setCell(71, 2, 'com.eduven.testcase.EduBankPageTestCases')
data.setCell(71, 3, 31518);
data.setCell(72, 0, 72)
data.setCell(72, 1, 'verifyWrongAttemptedQuestionOnScoreBoardTest')
data.setCell(72, 2, 'com.eduven.testcase.GamesPageTestCases')
data.setCell(72, 3, 30838);
data.setCell(73, 0, 73)
data.setCell(73, 1, 'verifyAttemptedQuestionOnScoreBoardTest')
data.setCell(73, 2, 'com.eduven.testcase.GamesPageTestCases')
data.setCell(73, 3, 30513);
data.setCell(74, 0, 74)
data.setCell(74, 1, 'navigateToQuicklistPageTest')
data.setCell(74, 2, 'com.eduven.testcase.EduBankPageTestCases')
data.setCell(74, 3, 29466);
data.setCell(75, 0, 75)
data.setCell(75, 1, 'navigateToQuicklistTermPageTest')
data.setCell(75, 2, 'com.eduven.testcase.EduBankPageTestCases')
data.setCell(75, 3, 29449);
data.setCell(76, 0, 76)
data.setCell(76, 1, 'navigateToBuyTest')
data.setCell(76, 2, 'com.eduven.testcase.PurchaseTestCases')
data.setCell(76, 3, 27854);
data.setCell(77, 0, 77)
data.setCell(77, 1, 'navigateToContributePageTest')
data.setCell(77, 2, 'com.eduven.testcase.EvMenuPageTestCases')
data.setCell(77, 3, 27324);
data.setCell(78, 0, 78)
data.setCell(78, 1, 'navigateToQuickListTermTest')
data.setCell(78, 2, 'com.eduven.testcase.SwitchLanguagePageTestCases')
data.setCell(78, 3, 26152);
data.setCell(79, 0, 79)
data.setCell(79, 1, 'verifyQuickListCategoryTest')
data.setCell(79, 2, 'com.eduven.testcase.QuickListPageTestCases')
data.setCell(79, 3, 26056);
data.setCell(80, 0, 80)
data.setCell(80, 1, 'verifyQuickListCategoryTest')
data.setCell(80, 2, 'com.eduven.testcase.SwitchLanguagePageTestCases')
data.setCell(80, 3, 25917);
data.setCell(81, 0, 81)
data.setCell(81, 1, 'navigateToTermPageTest')
data.setCell(81, 2, 'com.eduven.testcase.EduBankPageTestCases')
data.setCell(81, 3, 24238);
data.setCell(82, 0, 82)
data.setCell(82, 1, 'navigateToQuickListTest')
data.setCell(82, 2, 'com.eduven.testcase.SwitchLanguagePageTestCases')
data.setCell(82, 3, 23414);
data.setCell(83, 0, 83)
data.setCell(83, 1, 'verifyContributePageWithoutTextTest')
data.setCell(83, 2, 'com.eduven.testcase.EvMenuPageTestCases')
data.setCell(83, 3, 23010);
data.setCell(84, 0, 84)
data.setCell(84, 1, 'verifyContributePageWithoutTextTest')
data.setCell(84, 2, 'com.eduven.testcase.TermListPageTestCases')
data.setCell(84, 3, 22892);
data.setCell(85, 0, 85)
data.setCell(85, 1, 'navigateToQuickListTest')
data.setCell(85, 2, 'com.eduven.testcase.QuickListPageTestCases')
data.setCell(85, 3, 22462);
data.setCell(86, 0, 86)
data.setCell(86, 1, 'verifyAutoPlayButtonTest')
data.setCell(86, 2, 'com.eduven.testcase.AutoPlayPageTestCases')
data.setCell(86, 3, 22211);
data.setCell(87, 0, 87)
data.setCell(87, 1, 'verifyQuestionCountTest')
data.setCell(87, 2, 'com.eduven.testcase.GamesPageTestCases')
data.setCell(87, 3, 17604);
data.setCell(88, 0, 88)
data.setCell(88, 1, 'verifyNavigationToGamesPageTest')
data.setCell(88, 2, 'com.eduven.testcase.GamesPageTestCases')
data.setCell(88, 3, 17543);
data.setCell(89, 0, 89)
data.setCell(89, 1, 'handlingRateTheAppPopupTest')
data.setCell(89, 2, 'com.eduven.testcase.SearchPageTestCases')
data.setCell(89, 3, 16816);
data.setCell(90, 0, 90)
data.setCell(90, 1, 'autoPlayButtonForPlayButtonTest')
data.setCell(90, 2, 'com.eduven.testcase.AutoPlayPageTestCases')
data.setCell(90, 3, 15954);
data.setCell(91, 0, 91)
data.setCell(91, 1, 'startGamesTest')
data.setCell(91, 2, 'com.eduven.testcase.GamesPageTestCases')
data.setCell(91, 3, 14747);
data.setCell(92, 0, 92)
data.setCell(92, 1, 'verifyCategoryListAfterBaseLanguageChangeTest')
data.setCell(92, 2, 'com.eduven.testcase.SwitchLanguagePageTestCases')
data.setCell(92, 3, 14240);
data.setCell(93, 0, 93)
data.setCell(93, 1, 'verifyElementOnHomePageTest')
data.setCell(93, 2, 'com.eduven.testcase.HomePageTestCases')
data.setCell(93, 3, 9826);
data.setCell(94, 0, 94)
data.setCell(94, 1, 'selectGamesFromGameListTest')
data.setCell(94, 2, 'com.eduven.testcase.GamesPageTestCases')
data.setCell(94, 3, 8608);
data.setCell(95, 0, 95)
data.setCell(95, 1, 'navigateToSearchPageTest')
data.setCell(95, 2, 'com.eduven.testcase.SearchPageTestCases')
data.setCell(95, 3, 8519);
data.setCell(96, 0, 96)
data.setCell(96, 1, 'searchPageAudioTest')
data.setCell(96, 2, 'com.eduven.testcase.SearchPageTestCases')
data.setCell(96, 3, 8353);
data.setCell(97, 0, 97)
data.setCell(97, 1, 'removeAllTermsFromEdubankTest')
data.setCell(97, 2, 'com.eduven.testcase.EduBankPageTestCases')
data.setCell(97, 3, 7668);
data.setCell(98, 0, 98)
data.setCell(98, 1, 'verifyPurchaseBtnAfterPurchase')
data.setCell(98, 2, 'com.eduven.testcase.PurchaseTestCases')
data.setCell(98, 3, 7338);
data.setCell(99, 0, 99)
data.setCell(99, 1, 'verifySearchPageHeaderTest')
data.setCell(99, 2, 'com.eduven.testcase.SearchPageTestCases')
data.setCell(99, 3, 6954);
data.setCell(100, 0, 100)
data.setCell(100, 1, 'verifyTermsNameOnTermlistPageTest')
data.setCell(100, 2, 'com.eduven.testcase.SwitchLanguagePageTestCases')
data.setCell(100, 3, 6666);
data.setCell(101, 0, 101)
data.setCell(101, 1, 'removeTermsFromEdubankTest')
data.setCell(101, 2, 'com.eduven.testcase.EduBankPageTestCases')
data.setCell(101, 3, 6649);
data.setCell(102, 0, 102)
data.setCell(102, 1, 'removeTermsFromEdubankForQuicklistTest')
data.setCell(102, 2, 'com.eduven.testcase.EduBankPageTestCases')
data.setCell(102, 3, 6639);
data.setCell(103, 0, 103)
data.setCell(103, 1, 'verifyQuickListHeadertxtTest')
data.setCell(103, 2, 'com.eduven.testcase.QuickListPageTestCases')
data.setCell(103, 3, 6227);
data.setCell(104, 0, 104)
data.setCell(104, 1, 'verifyQuickListHeadertxtTest')
data.setCell(104, 2, 'com.eduven.testcase.SwitchLanguagePageTestCases')
data.setCell(104, 3, 6165);
data.setCell(105, 0, 105)
data.setCell(105, 1, 'increaseDealayTimeTest')
data.setCell(105, 2, 'com.eduven.testcase.AutoPlayPageTestCases')
data.setCell(105, 3, 5513);
data.setCell(106, 0, 106)
data.setCell(106, 1, 'removeAllTermsFromEdubankForQuicklistTest')
data.setCell(106, 2, 'com.eduven.testcase.EduBankPageTestCases')
data.setCell(106, 3, 3565);
data.setCell(107, 0, 107)
data.setCell(107, 1, 'verifyFooterQuicklistButtonOnHomePageTest')
data.setCell(107, 2, 'com.eduven.testcase.HomePageTestCases')
data.setCell(107, 3, 2216);
data.setCell(108, 0, 108)
data.setCell(108, 1, 'verifyFooterGameButtonOnHomePageTest')
data.setCell(108, 2, 'com.eduven.testcase.HomePageTestCases')
data.setCell(108, 3, 2214);
data.setCell(109, 0, 109)
data.setCell(109, 1, 'verifyFooterPurchaseButtonOnHomePageTest')
data.setCell(109, 2, 'com.eduven.testcase.HomePageTestCases')
data.setCell(109, 3, 2201);
data.setCell(110, 0, 110)
data.setCell(110, 1, 'verifyCategoryHeaderTxt')
data.setCell(110, 2, 'com.eduven.testcase.AutoPlayPageTestCases')
data.setCell(110, 3, 2189);
data.setCell(111, 0, 111)
data.setCell(111, 1, 'verifyCategoryHeaderTxt')
data.setCell(111, 2, 'com.eduven.testcase.CategoryPageTestCases')
data.setCell(111, 3, 2186);
data.setCell(112, 0, 112)
data.setCell(112, 1, 'verifyFooterEdubankButtonOnHomePageTest')
data.setCell(112, 2, 'com.eduven.testcase.HomePageTestCases')
data.setCell(112, 3, 2079);
data.setCell(113, 0, 113)
data.setCell(113, 1, 'verifyFooterSwitchLingoButtonOnHomePageTest')
data.setCell(113, 2, 'com.eduven.testcase.HomePageTestCases')
data.setCell(113, 3, 2052);
data.setCell(114, 0, 114)
data.setCell(114, 1, 'getInTouchPageTest')
data.setCell(114, 2, 'com.eduven.testcase.EvMenuPageTestCases')
data.setCell(114, 3, 0);
data.setCell(115, 0, 115)
data.setCell(115, 1, 'rateThisAppTest')
data.setCell(115, 2, 'com.eduven.testcase.EvMenuPageTestCases')
data.setCell(115, 3, 0);
data.setCell(116, 0, 116)
data.setCell(116, 1, 'verifyGamesListNavigationTest')
data.setCell(116, 2, 'com.eduven.testcase.GamesPageTestCases')
data.setCell(116, 3, 0);
data.setCell(117, 0, 117)
data.setCell(117, 1, 'verify_auto_play_works_test')
data.setCell(117, 2, 'com.eduven.testcase.AutoPlayPageTestCases')
data.setCell(117, 3, 0);
window.suiteTableData['Suite_For_Ios_Testing']= { tableData: data, tableDiv: 'times-div-Suite_For_Ios_Testing'}
return data;
}
              </script>
              <span class="suite-total-time">Total running time: 1 hours</span>
              <div id="times-div-Suite_For_Ios_Testing">
              </div> <!-- times-div-Suite_For_Ios_Testing -->
            </div> <!-- times-div -->
          </div> <!-- main-panel-content rounded-window-bottom -->
        </div> <!-- panel -->
        <div panel-name="reporter-Suite_For_Ios_Testing" class="panel">
          <div class="main-panel-header rounded-window-top">
            <span class="header-content">Reporter output for Suite For Ios Testing</span>
          </div> <!-- main-panel-header rounded-window-top -->
          <div class="main-panel-content rounded-window-bottom">
          </div> <!-- main-panel-content rounded-window-bottom -->
        </div> <!-- panel -->
        <div panel-name="ignored-methods-Suite_For_Ios_Testing" class="panel">
          <div class="main-panel-header rounded-window-top">
            <span class="header-content">0 ignored methods</span>
          </div> <!-- main-panel-header rounded-window-top -->
          <div class="main-panel-content rounded-window-bottom">
          </div> <!-- main-panel-content rounded-window-bottom -->
        </div> <!-- panel -->
        <div panel-name="chronological-Suite_For_Ios_Testing" class="panel">
          <div class="main-panel-header rounded-window-top">
            <span class="header-content">Methods in chronological order</span>
          </div> <!-- main-panel-header rounded-window-top -->
          <div class="main-panel-content rounded-window-bottom">
            <div class="chronological-class">
              <div class="chronological-class-name">com.eduven.testcase.HomePageTestCases</div> <!-- chronological-class-name -->
              <div class="test-method">
                <span class="method-name">languageSelectionTest</span>
                <span class="method-start">0 ms</span>
              </div> <!-- test-method -->
              <div class="configuration-method after">
                <span class="method-name">tearDown([TestResult name=languageSelectionTest status=SUCCESS method=HomePageTestCases.languageSelectionTest...)</span>
                <span class="method-start">77819 ms</span>
              </div> <!-- configuration-method after -->
              <div class="test-method">
                <span class="method-name">handlingRateTheAppPopupTest</span>
                <span class="method-start">77821 ms</span>
              </div> <!-- test-method -->
              <div class="configuration-method after">
                <span class="method-name">tearDown([TestResult name=handlingRateTheAppPopupTest status=SUCCESS method=HomePageTestCases.handlingRateThe...)</span>
                <span class="method-start">142103 ms</span>
              </div> <!-- configuration-method after -->
              <div class="test-method">
                <span class="method-name">verifyElementOnHomePageTest</span>
                <span class="method-start">142103 ms</span>
              </div> <!-- test-method -->
              <div class="configuration-method after">
                <span class="method-name">tearDown([TestResult name=verifyElementOnHomePageTest status=SUCCESS method=HomePageTestCases.verifyElementOn...)</span>
                <span class="method-start">151929 ms</span>
              </div> <!-- configuration-method after -->
              <div class="test-method">
                <span class="method-name">verifyFooterQuicklistButtonOnHomePageTest</span>
                <span class="method-start">151930 ms</span>
              </div> <!-- test-method -->
              <div class="configuration-method after">
                <span class="method-name">tearDown([TestResult name=verifyFooterQuicklistButtonOnHomePageTest status=SUCCESS method=HomePageTestCases.v...)</span>
                <span class="method-start">154147 ms</span>
              </div> <!-- configuration-method after -->
              <div class="test-method">
                <span class="method-name">verifyFooterEdubankButtonOnHomePageTest</span>
                <span class="method-start">154147 ms</span>
              </div> <!-- test-method -->
              <div class="configuration-method after">
                <span class="method-name">tearDown([TestResult name=verifyFooterEdubankButtonOnHomePageTest status=SUCCESS method=HomePageTestCases.ver...)</span>
                <span class="method-start">156226 ms</span>
              </div> <!-- configuration-method after -->
              <div class="test-method">
                <span class="method-name">verifyFooterPurchaseButtonOnHomePageTest</span>
                <span class="method-start">156227 ms</span>
              </div> <!-- test-method -->
              <div class="configuration-method after">
                <span class="method-name">tearDown([TestResult name=verifyFooterPurchaseButtonOnHomePageTest status=SUCCESS method=HomePageTestCases.ve...)</span>
                <span class="method-start">158428 ms</span>
              </div> <!-- configuration-method after -->
              <div class="test-method">
                <span class="method-name">verifyFooterGameButtonOnHomePageTest</span>
                <span class="method-start">158429 ms</span>
              </div> <!-- test-method -->
              <div class="configuration-method after">
                <span class="method-name">tearDown([TestResult name=verifyFooterGameButtonOnHomePageTest status=SUCCESS method=HomePageTestCases.verify...)</span>
                <span class="method-start">160644 ms</span>
              </div> <!-- configuration-method after -->
              <div class="test-method">
                <span class="method-name">verifyFooterSwitchLingoButtonOnHomePageTest</span>
                <span class="method-start">160644 ms</span>
              </div> <!-- test-method -->
              <div class="configuration-method after">
                <span class="method-name">tearDown([TestResult name=verifyFooterSwitchLingoButtonOnHomePageTest status=SUCCESS method=HomePageTestCases...)</span>
                <span class="method-start">162696 ms</span>
              </div> <!-- configuration-method after -->
              <div class="configuration-class after">
                <span class="method-name">closeApp</span>
                <span class="method-start">162696 ms</span>
              </div> <!-- configuration-class after -->
            </div> <!-- chronological-class -->
            <div class="chronological-class">
              <div class="chronological-class-name">com.eduven.testcase.CategoryPageTestCases</div> <!-- chronological-class-name -->
              <div class="test-method">
                <span class="method-name">handlingRateTheAppPopupTest</span>
                <span class="method-start">190605 ms</span>
              </div> <!-- test-method -->
              <div class="configuration-method after">
                <span class="method-name">tearDown([TestResult name=handlingRateTheAppPopupTest status=SUCCESS method=CategoryPageTestCases.handlingRat...)</span>
                <span class="method-start">254141 ms</span>
              </div> <!-- configuration-method after -->
              <div class="test-method">
                <span class="method-name">languageSelectionTest</span>
                <span class="method-start">254141 ms</span>
              </div> <!-- test-method -->
              <div class="configuration-method after">
                <span class="method-name">tearDown([TestResult name=languageSelectionTest status=SUCCESS method=CategoryPageTestCases.languageSelection...)</span>
                <span class="method-start">367661 ms</span>
              </div> <!-- configuration-method after -->
              <div class="test-method">
                <span class="method-name">verifyCategoryHeaderTxt</span>
                <span class="method-start">367661 ms</span>
              </div> <!-- test-method -->
              <div class="configuration-method after">
                <span class="method-name">tearDown([TestResult name=verifyCategoryHeaderTxt status=SUCCESS method=CategoryPageTestCases.verifyCategoryH...)</span>
                <span class="method-start">369847 ms</span>
              </div> <!-- configuration-method after -->
              <div class="test-method">
                <span class="method-name">verifyCategoriesList</span>
                <span class="method-start">369848 ms</span>
              </div> <!-- test-method -->
              <div class="configuration-method after">
                <span class="method-name">tearDown([TestResult name=verifyCategoriesList status=SUCCESS method=CategoryPageTestCases.verifyCategoriesLi...)</span>
                <span class="method-start">820908 ms</span>
              </div> <!-- configuration-method after -->
              <div class="configuration-class after">
                <span class="method-name">closeApp</span>
                <span class="method-start">820909 ms</span>
              </div> <!-- configuration-class after -->
            </div> <!-- chronological-class -->
            <div class="chronological-class">
              <div class="chronological-class-name">com.eduven.testcase.EduBankPageTestCases</div> <!-- chronological-class-name -->
              <div class="test-method">
                <span class="method-name">handlingRateAppPopupTest</span>
                <span class="method-start">860550 ms</span>
              </div> <!-- test-method -->
              <div class="configuration-method after">
                <span class="method-name">tearDown([TestResult name=handlingRateAppPopupTest status=SUCCESS method=EduBankPageTestCases.handlingRateApp...)</span>
                <span class="method-start">922927 ms</span>
              </div> <!-- configuration-method after -->
              <div class="test-method">
                <span class="method-name">languageSelectionTest</span>
                <span class="method-start">922928 ms</span>
              </div> <!-- test-method -->
              <div class="configuration-method after">
                <span class="method-name">tearDown([TestResult name=languageSelectionTest status=SUCCESS method=EduBankPageTestCases.languageSelectionT...)</span>
                <span class="method-start">1036020 ms</span>
              </div> <!-- configuration-method after -->
              <div class="test-method">
                <span class="method-name">navigateToEdubankTest</span>
                <span class="method-start">1036020 ms</span>
              </div> <!-- test-method -->
              <div class="configuration-method after">
                <span class="method-name">tearDown([TestResult name=navigateToEdubankTest status=SUCCESS method=EduBankPageTestCases.navigateToEdubankT...)</span>
                <span class="method-start">1126293 ms</span>
              </div> <!-- configuration-method after -->
              <div class="test-method">
                <span class="method-name">navigateToTermPageTest</span>
                <span class="method-start">1126294 ms</span>
              </div> <!-- test-method -->
              <div class="configuration-method after">
                <span class="method-name">tearDown([TestResult name=navigateToTermPageTest status=SUCCESS method=EduBankPageTestCases.navigateToTermPag...)</span>
                <span class="method-start">1150532 ms</span>
              </div> <!-- configuration-method after -->
              <div class="test-method">
                <span class="method-name">addTermInEdubankTest</span>
                <span class="method-start">1150533 ms</span>
              </div> <!-- test-method -->
              <div class="configuration-method after">
                <span class="method-name">tearDown([TestResult name=addTermInEdubankTest status=SUCCESS method=EduBankPageTestCases.addTermInEdubankTes...)</span>
                <span class="method-start">1193911 ms</span>
              </div> <!-- configuration-method after -->
              <div class="test-method">
                <span class="method-name">verifyAddedTermInEdubankTest</span>
                <span class="method-start">1193912 ms</span>
              </div> <!-- test-method -->
              <div class="configuration-method after">
                <span class="method-name">tearDown([TestResult name=verifyAddedTermInEdubankTest status=SUCCESS method=EduBankPageTestCases.verifyAdded...)</span>
                <span class="method-start">1247683 ms</span>
              </div> <!-- configuration-method after -->
              <div class="test-method">
                <span class="method-name">removeTermsFromEdubankTest</span>
                <span class="method-start">1247683 ms</span>
              </div> <!-- test-method -->
              <div class="configuration-method after">
                <span class="method-name">tearDown([TestResult name=removeTermsFromEdubankTest status=SUCCESS method=EduBankPageTestCases.removeTermsFr...)</span>
                <span class="method-start">1254332 ms</span>
              </div> <!-- configuration-method after -->
              <div class="test-method">
                <span class="method-name">verifyAddedTermInEdubankAfterRemovedItTest</span>
                <span class="method-start">1254333 ms</span>
              </div> <!-- test-method -->
              <div class="configuration-method after">
                <span class="method-name">tearDown([TestResult name=verifyAddedTermInEdubankAfterRemovedItTest status=SUCCESS method=EduBankPageTestCas...)</span>
                <span class="method-start">1285851 ms</span>
              </div> <!-- configuration-method after -->
              <div class="test-method">
                <span class="method-name">removeAllTermsFromEdubankTest</span>
                <span class="method-start">1285851 ms</span>
              </div> <!-- test-method -->
              <div class="configuration-method after">
                <span class="method-name">tearDown([TestResult name=removeAllTermsFromEdubankTest status=SUCCESS method=EduBankPageTestCases.removeAllT...)</span>
                <span class="method-start">1293519 ms</span>
              </div> <!-- configuration-method after -->
              <div class="test-method">
                <span class="method-name">navigateToEdubankQuicklistTest</span>
                <span class="method-start">1293519 ms</span>
              </div> <!-- test-method -->
              <div class="configuration-method after">
                <span class="method-name">tearDown([TestResult name=navigateToEdubankQuicklistTest status=SUCCESS method=EduBankPageTestCases.navigateT...)</span>
                <span class="method-start">1383924 ms</span>
              </div> <!-- configuration-method after -->
              <div class="test-method">
                <span class="method-name">navigateToQuicklistPageTest</span>
                <span class="method-start">1383924 ms</span>
              </div> <!-- test-method -->
              <div class="configuration-method after">
                <span class="method-name">tearDown([TestResult name=navigateToQuicklistPageTest status=SUCCESS method=EduBankPageTestCases.navigateToQu...)</span>
                <span class="method-start">1413390 ms</span>
              </div> <!-- configuration-method after -->
              <div class="test-method">
                <span class="method-name">navigateToQuicklistTermPageTest</span>
                <span class="method-start">1413390 ms</span>
              </div> <!-- test-method -->
              <div class="configuration-method after">
                <span class="method-name">tearDown([TestResult name=navigateToQuicklistTermPageTest status=SUCCESS method=EduBankPageTestCases.navigate...)</span>
                <span class="method-start">1442839 ms</span>
              </div> <!-- configuration-method after -->
              <div class="test-method">
                <span class="method-name">addTermInEdubankForQuicklistTest</span>
                <span class="method-start">1442840 ms</span>
              </div> <!-- test-method -->
              <div class="configuration-method after">
                <span class="method-name">tearDown([TestResult name=addTermInEdubankForQuicklistTest status=SUCCESS method=EduBankPageTestCases.addTerm...)</span>
                <span class="method-start">1530027 ms</span>
              </div> <!-- configuration-method after -->
              <div class="test-method">
                <span class="method-name">verifyAddedTermInEdubankForQuicklistTest</span>
                <span class="method-start">1530028 ms</span>
              </div> <!-- test-method -->
              <div class="configuration-method after">
                <span class="method-name">tearDown([TestResult name=verifyAddedTermInEdubankForQuicklistTest status=SUCCESS method=EduBankPageTestCases...)</span>
                <span class="method-start">1566073 ms</span>
              </div> <!-- configuration-method after -->
              <div class="test-method">
                <span class="method-name">removeTermsFromEdubankForQuicklistTest</span>
                <span class="method-start">1566074 ms</span>
              </div> <!-- test-method -->
              <div class="configuration-method after">
                <span class="method-name">tearDown([TestResult name=removeTermsFromEdubankForQuicklistTest status=SUCCESS method=EduBankPageTestCases.r...)</span>
                <span class="method-start">1572714 ms</span>
              </div> <!-- configuration-method after -->
              <div class="test-method">
                <span class="method-name">verifyAddedTermInEdubankForQuicklistAfterRemoveOneTermTest</span>
                <span class="method-start">1572714 ms</span>
              </div> <!-- test-method -->
              <div class="configuration-method after">
                <span class="method-name">tearDown([TestResult name=verifyAddedTermInEdubankForQuicklistAfterRemoveOneTermTest status=SUCCESS method=Ed...)</span>
                <span class="method-start">1604386 ms</span>
              </div> <!-- configuration-method after -->
              <div class="test-method">
                <span class="method-name">removeAllTermsFromEdubankForQuicklistTest</span>
                <span class="method-start">1604387 ms</span>
              </div> <!-- test-method -->
              <div class="configuration-method after">
                <span class="method-name">tearDown([TestResult name=removeAllTermsFromEdubankForQuicklistTest status=SUCCESS method=EduBankPageTestCase...)</span>
                <span class="method-start">1607952 ms</span>
              </div> <!-- configuration-method after -->
              <div class="configuration-class after">
                <span class="method-name">closeApp</span>
                <span class="method-start">1607953 ms</span>
              </div> <!-- configuration-class after -->
            </div> <!-- chronological-class -->
            <div class="chronological-class">
              <div class="chronological-class-name">com.eduven.testcase.SearchPageTestCases</div> <!-- chronological-class-name -->
              <div class="test-method">
                <span class="method-name">handlingRateTheAppPopupTest</span>
                <span class="method-start">1634824 ms</span>
              </div> <!-- test-method -->
              <div class="configuration-method after">
                <span class="method-name">tearDown([TestResult name=handlingRateTheAppPopupTest status=SUCCESS method=SearchPageTestCases.handlingRateT...)</span>
                <span class="method-start">1651640 ms</span>
              </div> <!-- configuration-method after -->
              <div class="test-method">
                <span class="method-name">languageSelectionTest</span>
                <span class="method-start">1651640 ms</span>
              </div> <!-- test-method -->
              <div class="configuration-method after">
                <span class="method-name">tearDown([TestResult name=languageSelectionTest status=SUCCESS method=SearchPageTestCases.languageSelectionTe...)</span>
                <span class="method-start">1763271 ms</span>
              </div> <!-- configuration-method after -->
              <div class="test-method">
                <span class="method-name">navigateToSearchPageTest</span>
                <span class="method-start">1763271 ms</span>
              </div> <!-- test-method -->
              <div class="configuration-method after">
                <span class="method-name">tearDown([TestResult name=navigateToSearchPageTest status=SUCCESS method=SearchPageTestCases.navigateToSearch...)</span>
                <span class="method-start">1771790 ms</span>
              </div> <!-- configuration-method after -->
              <div class="test-method">
                <span class="method-name">verifySearchPageHeaderTest</span>
                <span class="method-start">1771790 ms</span>
              </div> <!-- test-method -->
              <div class="configuration-method after">
                <span class="method-name">tearDown([TestResult name=verifySearchPageHeaderTest status=SUCCESS method=SearchPageTestCases.verifySearchPa...)</span>
                <span class="method-start">1778744 ms</span>
              </div> <!-- configuration-method after -->
              <div class="test-method">
                <span class="method-name">freeTermSearchTest</span>
                <span class="method-start">1778745 ms</span>
              </div> <!-- test-method -->
              <div class="configuration-method after">
                <span class="method-name">tearDown([TestResult name=freeTermSearchTest status=SUCCESS method=SearchPageTestCases.freeTermSearchTest()[p...)</span>
                <span class="method-start">1880694 ms</span>
              </div> <!-- configuration-method after -->
              <div class="test-method">
                <img src="failed.png">
                </img>
                <span class="method-name">searchPageAudioTest</span>
                <span class="method-start">1880695 ms</span>
              </div> <!-- test-method -->
              <div class="configuration-method after">
                <span class="method-name">tearDown([TestResult name=searchPageAudioTest status=FAILURE method=SearchPageTestCases.searchPageAudioTest()...)</span>
                <span class="method-start">1889049 ms</span>
              </div> <!-- configuration-method after -->
              <div class="test-method">
                <span class="method-name">premiumTermSearchTest</span>
                <span class="method-start">1891774 ms</span>
              </div> <!-- test-method -->
              <div class="configuration-method after">
                <span class="method-name">tearDown([TestResult name=premiumTermSearchTest status=SUCCESS method=SearchPageTestCases.premiumTermSearchTe...)</span>
                <span class="method-start">1935198 ms</span>
              </div> <!-- configuration-method after -->
              <div class="configuration-class after">
                <span class="method-name">closeApp</span>
                <span class="method-start">1935198 ms</span>
              </div> <!-- configuration-class after -->
            </div> <!-- chronological-class -->
            <div class="chronological-class">
              <div class="chronological-class-name">com.eduven.testcase.GamesPageTestCases</div> <!-- chronological-class-name -->
              <div class="test-method">
                <span class="method-name">handlingRateTheAppPopupTest</span>
                <span class="method-start">1961591 ms</span>
              </div> <!-- test-method -->
              <div class="configuration-method after">
                <span class="method-name">tear_down([TestResult name=handlingRateTheAppPopupTest status=SUCCESS method=GamesPageTestCases.handlingRateTh...)</span>
                <span class="method-start">2024613 ms</span>
              </div> <!-- configuration-method after -->
              <div class="test-method">
                <span class="method-name">languageSelectionTest</span>
                <span class="method-start">2024613 ms</span>
              </div> <!-- test-method -->
              <div class="configuration-method after">
                <span class="method-name">tear_down([TestResult name=languageSelectionTest status=SUCCESS method=GamesPageTestCases.languageSelectionTes...)</span>
                <span class="method-start">2136017 ms</span>
              </div> <!-- configuration-method after -->
              <div class="test-method">
                <span class="method-name">verifyNavigationToGamesPageTest</span>
                <span class="method-start">2136018 ms</span>
              </div> <!-- test-method -->
              <div class="configuration-method after">
                <span class="method-name">tear_down([TestResult name=verifyNavigationToGamesPageTest status=SUCCESS method=GamesPageTestCases.verifyNavi...)</span>
                <span class="method-start">2153561 ms</span>
              </div> <!-- configuration-method after -->
              <div class="test-method">
                <span class="method-name">verifyGamesListNavigationTest</span>
                <span class="method-start">2153561 ms</span>
              </div> <!-- test-method -->
              <div class="configuration-method after">
                <span class="method-name">tear_down([TestResult name=verifyGamesListNavigationTest status=SUCCESS method=GamesPageTestCases.verifyGamesL...)</span>
                <span class="method-start">2153561 ms</span>
              </div> <!-- configuration-method after -->
              <div class="test-method">
                <span class="method-name">selectGamesFromGameListTest</span>
                <span class="method-start">2153562 ms</span>
              </div> <!-- test-method -->
              <div class="configuration-method after">
                <span class="method-name">tear_down([TestResult name=selectGamesFromGameListTest status=SUCCESS method=GamesPageTestCases.selectGamesFro...)</span>
                <span class="method-start">2162171 ms</span>
              </div> <!-- configuration-method after -->
              <div class="test-method">
                <span class="method-name">verifyQuestionCountTest</span>
                <span class="method-start">2162171 ms</span>
              </div> <!-- test-method -->
              <div class="configuration-method after">
                <span class="method-name">tear_down([TestResult name=verifyQuestionCountTest status=SUCCESS method=GamesPageTestCases.verifyQuestionCoun...)</span>
                <span class="method-start">2179775 ms</span>
              </div> <!-- configuration-method after -->
              <div class="test-method">
                <span class="method-name">startGamesTest</span>
                <span class="method-start">2179775 ms</span>
              </div> <!-- test-method -->
              <div class="configuration-method after">
                <span class="method-name">tear_down([TestResult name=startGamesTest status=SUCCESS method=GamesPageTestCases.startGamesTest()[pri:40, in...)</span>
                <span class="method-start">2194522 ms</span>
              </div> <!-- configuration-method after -->
              <div class="test-method">
                <img src="failed.png">
                </img>
                <span class="method-name">verifyElementOnMainGamePageTest</span>
                <span class="method-start">2194522 ms</span>
              </div> <!-- test-method -->
              <div class="configuration-method after">
                <span class="method-name">tear_down([TestResult name=verifyElementOnMainGamePageTest status=FAILURE method=GamesPageTestCases.verifyElem...)</span>
                <span class="method-start">2286358 ms</span>
              </div> <!-- configuration-method after -->
              <div class="test-method">
                <span class="method-name">verifyAttemptedQuestionOnScoreBoardTest</span>
                <span class="method-start">2289048 ms</span>
              </div> <!-- test-method -->
              <div class="configuration-method after">
                <span class="method-name">tear_down([TestResult name=verifyAttemptedQuestionOnScoreBoardTest status=SUCCESS method=GamesPageTestCases.ve...)</span>
                <span class="method-start">2319561 ms</span>
              </div> <!-- configuration-method after -->
              <div class="test-method">
                <span class="method-name">verifyWrongAttemptedQuestionOnScoreBoardTest</span>
                <span class="method-start">2319562 ms</span>
              </div> <!-- test-method -->
              <div class="configuration-method after">
                <span class="method-name">tear_down([TestResult name=verifyWrongAttemptedQuestionOnScoreBoardTest status=SUCCESS method=GamesPageTestCas...)</span>
                <span class="method-start">2350401 ms</span>
              </div> <!-- configuration-method after -->
              <div class="configuration-class after">
                <span class="method-name">closeApp</span>
                <span class="method-start">2350401 ms</span>
              </div> <!-- configuration-class after -->
            </div> <!-- chronological-class -->
            <div class="chronological-class">
              <div class="chronological-class-name">com.eduven.testcase.EvMenuPageTestCases</div> <!-- chronological-class-name -->
              <div class="test-method">
                <span class="method-name">handlingRateTheAppPopupTest</span>
                <span class="method-start">2375463 ms</span>
              </div> <!-- test-method -->
              <div class="configuration-method after">
                <span class="method-name">tearDown([TestResult name=handlingRateTheAppPopupTest status=SUCCESS method=EvMenuPageTestCases.handlingRateT...)</span>
                <span class="method-start">2438858 ms</span>
              </div> <!-- configuration-method after -->
              <div class="test-method">
                <span class="method-name">languageSelectionTest</span>
                <span class="method-start">2438858 ms</span>
              </div> <!-- test-method -->
              <div class="configuration-method after">
                <span class="method-name">tearDown([TestResult name=languageSelectionTest status=SUCCESS method=EvMenuPageTestCases.languageSelectionTe...)</span>
                <span class="method-start">2550792 ms</span>
              </div> <!-- configuration-method after -->
              <div class="test-method">
                <span class="method-name">navigateToMoreAppsPageTest</span>
                <span class="method-start">2550793 ms</span>
              </div> <!-- test-method -->
              <div class="configuration-method after">
                <span class="method-name">tearDown([TestResult name=navigateToMoreAppsPageTest status=SUCCESS method=EvMenuPageTestCases.navigateToMore...)</span>
                <span class="method-start">2586382 ms</span>
              </div> <!-- configuration-method after -->
              <div class="test-method">
                <img src="failed.png">
                </img>
                <span class="method-name">verifyMoreAppsPageTest</span>
                <span class="method-start">2586382 ms</span>
              </div> <!-- test-method -->
              <div class="configuration-method after">
                <span class="method-name">tearDown([TestResult name=verifyMoreAppsPageTest status=FAILURE method=EvMenuPageTestCases.verifyMoreAppsPage...)</span>
                <span class="method-start">2665634 ms</span>
              </div> <!-- configuration-method after -->
              <div class="test-method">
                <span class="method-name">navigateToContributePageTest</span>
                <span class="method-start">2668349 ms</span>
              </div> <!-- test-method -->
              <div class="configuration-method after">
                <span class="method-name">tearDown([TestResult name=navigateToContributePageTest status=SUCCESS method=EvMenuPageTestCases.navigateToCo...)</span>
                <span class="method-start">2695673 ms</span>
              </div> <!-- configuration-method after -->
              <div class="test-method">
                <span class="method-name">verifyContributePageWithoutTextTest</span>
                <span class="method-start">2695673 ms</span>
              </div> <!-- test-method -->
              <div class="configuration-method after">
                <span class="method-name">tearDown([TestResult name=verifyContributePageWithoutTextTest status=SUCCESS method=EvMenuPageTestCases.verif...)</span>
                <span class="method-start">2718683 ms</span>
              </div> <!-- configuration-method after -->
              <div class="test-method">
                <span class="method-name">verifyContributePageWithCategoryTest</span>
                <span class="method-start">2718684 ms</span>
              </div> <!-- test-method -->
              <div class="configuration-method after">
                <span class="method-name">tearDown([TestResult name=verifyContributePageWithCategoryTest status=SUCCESS method=EvMenuPageTestCases.veri...)</span>
                <span class="method-start">2776059 ms</span>
              </div> <!-- configuration-method after -->
              <div class="test-method">
                <span class="method-name">verifyContributePageWithWordTest</span>
                <span class="method-start">2776059 ms</span>
              </div> <!-- test-method -->
              <div class="configuration-method after">
                <span class="method-name">tearDown([TestResult name=verifyContributePageWithWordTest status=SUCCESS method=EvMenuPageTestCases.verifyCo...)</span>
                <span class="method-start">2821905 ms</span>
              </div> <!-- configuration-method after -->
              <div class="test-method">
                <span class="method-name">verifyContributePageWithRequiredTextTest</span>
                <span class="method-start">2821905 ms</span>
              </div> <!-- test-method -->
              <div class="configuration-method after">
                <span class="method-name">tearDown([TestResult name=verifyContributePageWithRequiredTextTest status=SUCCESS method=EvMenuPageTestCases....)</span>
                <span class="method-start">2892898 ms</span>
              </div> <!-- configuration-method after -->
              <div class="test-method">
                <span class="method-name">categorySettingPageTest</span>
                <span class="method-start">2892899 ms</span>
              </div> <!-- test-method -->
              <div class="configuration-method after">
                <span class="method-name">tearDown([TestResult name=categorySettingPageTest status=SUCCESS method=EvMenuPageTestCases.categorySettingPa...)</span>
                <span class="method-start">2999631 ms</span>
              </div> <!-- configuration-method after -->
              <div class="test-method">
                <span class="method-name">wordOfTheDayTest</span>
                <span class="method-start">2999631 ms</span>
              </div> <!-- test-method -->
              <div class="configuration-method after">
                <span class="method-name">tearDown([TestResult name=wordOfTheDayTest status=SUCCESS method=EvMenuPageTestCases.wordOfTheDayTest()[pri:1...)</span>
                <span class="method-start">3096952 ms</span>
              </div> <!-- configuration-method after -->
              <div class="test-method">
                <span class="method-name">getInTouchPageTest</span>
                <span class="method-start">3096952 ms</span>
              </div> <!-- test-method -->
              <div class="configuration-method after">
                <span class="method-name">tearDown([TestResult name=getInTouchPageTest status=SUCCESS method=EvMenuPageTestCases.getInTouchPageTest()[p...)</span>
                <span class="method-start">3096952 ms</span>
              </div> <!-- configuration-method after -->
              <div class="test-method">
                <span class="method-name">dislcaimerPageTest</span>
                <span class="method-start">3096953 ms</span>
              </div> <!-- test-method -->
              <div class="configuration-method after">
                <span class="method-name">tearDown([TestResult name=dislcaimerPageTest status=SUCCESS method=EvMenuPageTestCases.dislcaimerPageTest()[p...)</span>
                <span class="method-start">3166863 ms</span>
              </div> <!-- configuration-method after -->
              <div class="test-method">
                <span class="method-name">faqsPageTest</span>
                <span class="method-start">3166863 ms</span>
              </div> <!-- test-method -->
              <div class="configuration-method after">
                <span class="method-name">tearDown([TestResult name=faqsPageTest status=SUCCESS method=EvMenuPageTestCases.faqsPageTest()[pri:130, inst...)</span>
                <span class="method-start">3239293 ms</span>
              </div> <!-- configuration-method after -->
              <div class="test-method">
                <span class="method-name">termAndConditionPageTest</span>
                <span class="method-start">3239293 ms</span>
              </div> <!-- test-method -->
              <div class="configuration-method after">
                <span class="method-name">tearDown([TestResult name=termAndConditionPageTest status=SUCCESS method=EvMenuPageTestCases.termAndCondition...)</span>
                <span class="method-start">3311840 ms</span>
              </div> <!-- configuration-method after -->
              <div class="test-method">
                <span class="method-name">privacyPolicyPageTest</span>
                <span class="method-start">3311840 ms</span>
              </div> <!-- test-method -->
              <div class="configuration-method after">
                <span class="method-name">tearDown([TestResult name=privacyPolicyPageTest status=SUCCESS method=EvMenuPageTestCases.privacyPolicyPageTe...)</span>
                <span class="method-start">3387236 ms</span>
              </div> <!-- configuration-method after -->
              <div class="test-method">
                <span class="method-name">selectAllCategoryInCategorySettingPageTest</span>
                <span class="method-start">3387237 ms</span>
              </div> <!-- test-method -->
              <div class="configuration-method after">
                <span class="method-name">tearDown([TestResult name=selectAllCategoryInCategorySettingPageTest status=SUCCESS method=EvMenuPageTestCase...)</span>
                <span class="method-start">3474197 ms</span>
              </div> <!-- configuration-method after -->
              <div class="test-method">
                <span class="method-name">selectAllCategoryInWordOffTheDayPageTest</span>
                <span class="method-start">3474197 ms</span>
              </div> <!-- test-method -->
              <div class="configuration-method after">
                <span class="method-name">tearDown([TestResult name=selectAllCategoryInWordOffTheDayPageTest status=SUCCESS method=EvMenuPageTestCases....)</span>
                <span class="method-start">3556092 ms</span>
              </div> <!-- configuration-method after -->
              <div class="test-method">
                <span class="method-name">rateThisAppTest</span>
                <span class="method-start">3556093 ms</span>
              </div> <!-- test-method -->
              <div class="configuration-method after">
                <span class="method-name">tearDown([TestResult name=rateThisAppTest status=SUCCESS method=EvMenuPageTestCases.rateThisAppTest()[pri:180...)</span>
                <span class="method-start">3556093 ms</span>
              </div> <!-- configuration-method after -->
              <div class="configuration-class after">
                <span class="method-name">closeApp</span>
                <span class="method-start">3556093 ms</span>
              </div> <!-- configuration-class after -->
            </div> <!-- chronological-class -->
            <div class="chronological-class">
              <div class="chronological-class-name">com.eduven.testcase.TermListPageTestCases</div> <!-- chronological-class-name -->
              <div class="test-method">
                <span class="method-name">handlingRateTheAppPopupTest</span>
                <span class="method-start">3584261 ms</span>
              </div> <!-- test-method -->
              <div class="configuration-method after">
                <span class="method-name">tearDown([TestResult name=handlingRateTheAppPopupTest status=SUCCESS method=TermListPageTestCases.handlingRat...)</span>
                <span class="method-start">3647569 ms</span>
              </div> <!-- configuration-method after -->
              <div class="test-method">
                <span class="method-name">languageSelectionTest</span>
                <span class="method-start">3647570 ms</span>
              </div> <!-- test-method -->
              <div class="configuration-method after">
                <span class="method-name">tearDown([TestResult name=languageSelectionTest status=SUCCESS method=TermListPageTestCases.languageSelection...)</span>
                <span class="method-start">3761397 ms</span>
              </div> <!-- configuration-method after -->
              <div class="test-method">
                <span class="method-name">navigateToTermlistPageTest</span>
                <span class="method-start">3761397 ms</span>
              </div> <!-- test-method -->
              <div class="configuration-method after">
                <span class="method-name">tearDown([TestResult name=navigateToTermlistPageTest status=SUCCESS method=TermListPageTestCases.navigateToTe...)</span>
                <span class="method-start">3806974 ms</span>
              </div> <!-- configuration-method after -->
              <div class="test-method">
                <span class="method-name">verifyTermsNameOnTermlistPageTest</span>
                <span class="method-start">3806974 ms</span>
              </div> <!-- test-method -->
              <div class="configuration-method after">
                <span class="method-name">tearDown([TestResult name=verifyTermsNameOnTermlistPageTest status=SUCCESS method=TermListPageTestCases.verif...)</span>
                <span class="method-start">3960267 ms</span>
              </div> <!-- configuration-method after -->
              <div class="test-method">
                <span class="method-name">verifyUnlockTermNameTest</span>
                <span class="method-start">3960268 ms</span>
              </div> <!-- test-method -->
              <div class="configuration-method after">
                <span class="method-name">tearDown([TestResult name=verifyUnlockTermNameTest status=SUCCESS method=TermListPageTestCases.verifyUnlockTe...)</span>
                <span class="method-start">4031811 ms</span>
              </div> <!-- configuration-method after -->
              <div class="test-method">
                <span class="method-name">verifyLockTermNameTest</span>
                <span class="method-start">4031811 ms</span>
              </div> <!-- test-method -->
              <div class="configuration-method after">
                <span class="method-name">tearDown([TestResult name=verifyLockTermNameTest status=SUCCESS method=TermListPageTestCases.verifyLockTermNa...)</span>
                <span class="method-start">4181994 ms</span>
              </div> <!-- configuration-method after -->
              <div class="test-method">
                <span class="method-name">navigateToEditTermPageTest</span>
                <span class="method-start">4181994 ms</span>
              </div> <!-- test-method -->
              <div class="configuration-method after">
                <span class="method-name">tearDown([TestResult name=navigateToEditTermPageTest status=SUCCESS method=TermListPageTestCases.navigateToEd...)</span>
                <span class="method-start">4251815 ms</span>
              </div> <!-- configuration-method after -->
              <div class="test-method">
                <span class="method-name">verifyContributePageWithoutTextTest</span>
                <span class="method-start">4251815 ms</span>
              </div> <!-- test-method -->
              <div class="configuration-method after">
                <span class="method-name">tearDown([TestResult name=verifyContributePageWithoutTextTest status=SUCCESS method=TermListPageTestCases.ver...)</span>
                <span class="method-start">4274707 ms</span>
              </div> <!-- configuration-method after -->
              <div class="test-method">
                <span class="method-name">verifyContributePageWithWordTest</span>
                <span class="method-start">4274708 ms</span>
              </div> <!-- test-method -->
              <div class="configuration-method after">
                <span class="method-name">tearDown([TestResult name=verifyContributePageWithWordTest status=SUCCESS method=TermListPageTestCases.verify...)</span>
                <span class="method-start">4318227 ms</span>
              </div> <!-- configuration-method after -->
              <div class="configuration-class after">
                <span class="method-name">closApp</span>
                <span class="method-start">4318228 ms</span>
              </div> <!-- configuration-class after -->
            </div> <!-- chronological-class -->
            <div class="chronological-class">
              <div class="chronological-class-name">com.eduven.testcase.QuickListPageTestCases</div> <!-- chronological-class-name -->
              <div class="test-method">
                <span class="method-name">handlingRateTheAppPopupTest</span>
                <span class="method-start">4347538 ms</span>
              </div> <!-- test-method -->
              <div class="configuration-method after">
                <span class="method-name">tearDown([TestResult name=handlingRateTheAppPopupTest status=SUCCESS method=QuickListPageTestCases.handlingRa...)</span>
                <span class="method-start">4410517 ms</span>
              </div> <!-- configuration-method after -->
              <div class="test-method">
                <span class="method-name">languageSelectionTest</span>
                <span class="method-start">4410517 ms</span>
              </div> <!-- test-method -->
              <div class="configuration-method after">
                <span class="method-name">tearDown([TestResult name=languageSelectionTest status=SUCCESS method=QuickListPageTestCases.languageSelectio...)</span>
                <span class="method-start">4522517 ms</span>
              </div> <!-- configuration-method after -->
              <div class="test-method">
                <span class="method-name">navigateToQuickListTest</span>
                <span class="method-start">4522518 ms</span>
              </div> <!-- test-method -->
              <div class="configuration-method after">
                <span class="method-name">tearDown([TestResult name=navigateToQuickListTest status=SUCCESS method=QuickListPageTestCases.navigateToQuic...)</span>
                <span class="method-start">4544980 ms</span>
              </div> <!-- configuration-method after -->
              <div class="test-method">
                <span class="method-name">verifyQuickListHeadertxtTest</span>
                <span class="method-start">4544981 ms</span>
              </div> <!-- test-method -->
              <div class="configuration-method after">
                <span class="method-name">tearDown([TestResult name=verifyQuickListHeadertxtTest status=SUCCESS method=QuickListPageTestCases.verifyQui...)</span>
                <span class="method-start">4551208 ms</span>
              </div> <!-- configuration-method after -->
              <div class="test-method">
                <span class="method-name">verifyQuickListCategoryTest</span>
                <span class="method-start">4551209 ms</span>
              </div> <!-- test-method -->
              <div class="configuration-method after">
                <span class="method-name">tearDown([TestResult name=verifyQuickListCategoryTest status=SUCCESS method=QuickListPageTestCases.verifyQuic...)</span>
                <span class="method-start">4577265 ms</span>
              </div> <!-- configuration-method after -->
              <div class="test-method">
                <span class="method-name">navigateToQuickListTermTest</span>
                <span class="method-start">4577265 ms</span>
              </div> <!-- test-method -->
              <div class="configuration-method after">
                <span class="method-name">tearDown([TestResult name=navigateToQuickListTermTest status=SUCCESS method=QuickListPageTestCases.navigateTo...)</span>
                <span class="method-start">4612781 ms</span>
              </div> <!-- configuration-method after -->
              <div class="test-method">
                <span class="method-name">verifyTermsNameOnTermlistPageTest</span>
                <span class="method-start">4612781 ms</span>
              </div> <!-- test-method -->
              <div class="configuration-method after">
                <span class="method-name">tearDown([TestResult name=verifyTermsNameOnTermlistPageTest status=SUCCESS method=QuickListPageTestCases.veri...)</span>
                <span class="method-start">4718477 ms</span>
              </div> <!-- configuration-method after -->
              <div class="test-method">
                <span class="method-name">verifyUnlockTermNameTest</span>
                <span class="method-start">4718477 ms</span>
              </div> <!-- test-method -->
              <div class="configuration-method after">
                <span class="method-name">tearDown([TestResult name=verifyUnlockTermNameTest status=SUCCESS method=QuickListPageTestCases.verifyUnlockT...)</span>
                <span class="method-start">4808282 ms</span>
              </div> <!-- configuration-method after -->
              <div class="test-method">
                <span class="method-name">verifyLockTermNameTest</span>
                <span class="method-start">4808282 ms</span>
              </div> <!-- test-method -->
              <div class="configuration-method after">
                <span class="method-name">tearDown([TestResult name=verifyLockTermNameTest status=SUCCESS method=QuickListPageTestCases.verifyLockTermN...)</span>
                <span class="method-start">4867271 ms</span>
              </div> <!-- configuration-method after -->
              <div class="configuration-class after">
                <span class="method-name">closeApp</span>
                <span class="method-start">4867271 ms</span>
              </div> <!-- configuration-class after -->
            </div> <!-- chronological-class -->
            <div class="chronological-class">
              <div class="chronological-class-name">com.eduven.testcase.AutoPlayPageTestCases</div> <!-- chronological-class-name -->
              <div class="test-method">
                <span class="method-name">handlingRateTheAppPopupTest</span>
                <span class="method-start">4894971 ms</span>
              </div> <!-- test-method -->
              <div class="configuration-method after">
                <span class="method-name">tearDown([TestResult name=handlingRateTheAppPopupTest status=SUCCESS method=AutoPlayPageTestCases.handlingRat...)</span>
                <span class="method-start">4958208 ms</span>
              </div> <!-- configuration-method after -->
              <div class="test-method">
                <span class="method-name">languageSelectionTest</span>
                <span class="method-start">4958209 ms</span>
              </div> <!-- test-method -->
              <div class="configuration-method after">
                <span class="method-name">tearDown([TestResult name=languageSelectionTest status=SUCCESS method=AutoPlayPageTestCases.languageSelection...)</span>
                <span class="method-start">5070184 ms</span>
              </div> <!-- configuration-method after -->
              <div class="test-method">
                <span class="method-name">verifyCategoryHeaderTxt</span>
                <span class="method-start">5070184 ms</span>
              </div> <!-- test-method -->
              <div class="configuration-method after">
                <span class="method-name">tearDown([TestResult name=verifyCategoryHeaderTxt status=SUCCESS method=AutoPlayPageTestCases.verifyCategoryH...)</span>
                <span class="method-start">5072373 ms</span>
              </div> <!-- configuration-method after -->
              <div class="test-method">
                <span class="method-name">selectRandomCategoryTest</span>
                <span class="method-start">5072374 ms</span>
              </div> <!-- test-method -->
              <div class="configuration-method after">
                <span class="method-name">tearDown([TestResult name=selectRandomCategoryTest status=SUCCESS method=AutoPlayPageTestCases.selectRandomCa...)</span>
                <span class="method-start">5108632 ms</span>
              </div> <!-- configuration-method after -->
              <div class="test-method">
                <span class="method-name">verifyAutoPlayButtonTest</span>
                <span class="method-start">5108632 ms</span>
              </div> <!-- test-method -->
              <div class="configuration-method after">
                <span class="method-name">tearDown([TestResult name=verifyAutoPlayButtonTest status=SUCCESS method=AutoPlayPageTestCases.verifyAutoPlay...)</span>
                <span class="method-start">5130843 ms</span>
              </div> <!-- configuration-method after -->
              <div class="test-method">
                <span class="method-name">increaseDealayTimeTest</span>
                <span class="method-start">5130844 ms</span>
              </div> <!-- test-method -->
              <div class="configuration-method after">
                <span class="method-name">tearDown([TestResult name=increaseDealayTimeTest status=SUCCESS method=AutoPlayPageTestCases.increaseDealayTi...)</span>
                <span class="method-start">5136357 ms</span>
              </div> <!-- configuration-method after -->
              <div class="test-method">
                <span class="method-name">autoPlayButtonForPlayButtonTest</span>
                <span class="method-start">5136357 ms</span>
              </div> <!-- test-method -->
              <div class="configuration-method after">
                <span class="method-name">tearDown([TestResult name=autoPlayButtonForPlayButtonTest status=SUCCESS method=AutoPlayPageTestCases.autoPla...)</span>
                <span class="method-start">5152312 ms</span>
              </div> <!-- configuration-method after -->
              <div class="test-method">
                <span class="method-name">verify_auto_play_works_test</span>
                <span class="method-start">5152312 ms</span>
              </div> <!-- test-method -->
              <div class="configuration-method after">
                <span class="method-name">tearDown([TestResult name=verify_auto_play_works_test status=SUCCESS method=AutoPlayPageTestCases.verify_auto...)</span>
                <span class="method-start">5152312 ms</span>
              </div> <!-- configuration-method after -->
              <div class="configuration-class after">
                <span class="method-name">closeApp</span>
                <span class="method-start">5152312 ms</span>
              </div> <!-- configuration-class after -->
            </div> <!-- chronological-class -->
            <div class="chronological-class">
              <div class="chronological-class-name">com.eduven.testcase.CheckInterstetialBeforePurchase</div> <!-- chronological-class-name -->
              <div class="test-method">
                <span class="method-name">handlingRateTheAppPopupTest</span>
                <span class="method-start">5177916 ms</span>
              </div> <!-- test-method -->
              <div class="test-method">
                <span class="method-name">languageSelectionTest</span>
                <span class="method-start">5240765 ms</span>
              </div> <!-- test-method -->
              <div class="test-method">
                <span class="method-name">verifyInterstetialForQuizTest</span>
                <span class="method-start">5352224 ms</span>
              </div> <!-- test-method -->
              <div class="test-method">
                <img src="failed.png">
                </img>
                <span class="method-name">verifyInterstetialForInAppTest</span>
                <span class="method-start">5454856 ms</span>
              </div> <!-- test-method -->
              <div class="configuration-class after">
                <span class="method-name">closeApp</span>
                <span class="method-start">5496385 ms</span>
              </div> <!-- configuration-class after -->
            </div> <!-- chronological-class -->
            <div class="chronological-class">
              <div class="chronological-class-name">com.eduven.testcase.PurchaseTestCases</div> <!-- chronological-class-name -->
              <div class="test-method">
                <span class="method-name">handlingRateTheAppPopupTest</span>
                <span class="method-start">5521691 ms</span>
              </div> <!-- test-method -->
              <div class="test-method">
                <span class="method-name">languageSelectionTest</span>
                <span class="method-start">5584567 ms</span>
              </div> <!-- test-method -->
              <div class="test-method">
                <span class="method-name">verifyLockTermBeforePurchaseTest</span>
                <span class="method-start">5698154 ms</span>
              </div> <!-- test-method -->
              <div class="test-method">
                <span class="method-name">navigateToBuyTest</span>
                <span class="method-start">5779394 ms</span>
              </div> <!-- test-method -->
              <div class="test-method">
                <span class="method-name">buyAppPurchaseTest</span>
                <span class="method-start">5807248 ms</span>
              </div> <!-- test-method -->
              <div class="test-method">
                <span class="method-name">verifyPurchaseBtnAfterPurchase</span>
                <span class="method-start">6089741 ms</span>
              </div> <!-- test-method -->
              <div class="test-method">
                <span class="method-name">verifyLockTermAppearAsUnlockTermTest</span>
                <span class="method-start">6097079 ms</span>
              </div> <!-- test-method -->
              <div class="configuration-class after">
                <span class="method-name">closeApp</span>
                <span class="method-start">6184956 ms</span>
              </div> <!-- configuration-class after -->
            </div> <!-- chronological-class -->
            <div class="chronological-class">
              <div class="chronological-class-name">com.eduven.testcase.CheckInterstetialAfterPurchase</div> <!-- chronological-class-name -->
              <div class="test-method">
                <span class="method-name">handlingRateTheAppPopupTest</span>
                <span class="method-start">6211721 ms</span>
              </div> <!-- test-method -->
              <div class="test-method">
                <span class="method-name">languageSelectionTest</span>
                <span class="method-start">6279258 ms</span>
              </div> <!-- test-method -->
              <div class="test-method">
                <span class="method-name">verifyInterstetialForQuizTest</span>
                <span class="method-start">6390027 ms</span>
              </div> <!-- test-method -->
              <div class="configuration-class after">
                <span class="method-name">closeApp</span>
                <span class="method-start">6517704 ms</span>
              </div> <!-- configuration-class after -->
            </div> <!-- chronological-class -->
            <div class="chronological-class">
              <div class="chronological-class-name">com.eduven.testcase.SwitchLanguagePageTestCases</div> <!-- chronological-class-name -->
              <div class="test-method">
                <span class="method-name">handlingRateAppPopupTest</span>
                <span class="method-start">6543045 ms</span>
              </div> <!-- test-method -->
              <div class="configuration-method after">
                <span class="method-name">tearDown([TestResult name=handlingRateAppPopupTest status=SUCCESS method=SwitchLanguagePageTestCases.handling...)</span>
                <span class="method-start">6610490 ms</span>
              </div> <!-- configuration-method after -->
              <div class="test-method">
                <span class="method-name">languageSelectionTest</span>
                <span class="method-start">6610490 ms</span>
              </div> <!-- test-method -->
              <div class="configuration-method after">
                <span class="method-name">tearDown([TestResult name=languageSelectionTest status=SUCCESS method=SwitchLanguagePageTestCases.languageSel...)</span>
                <span class="method-start">6721047 ms</span>
              </div> <!-- configuration-method after -->
              <div class="test-method">
                <span class="method-name">navigateToSswitchLingoPageTest</span>
                <span class="method-start">6721048 ms</span>
              </div> <!-- test-method -->
              <div class="configuration-method after">
                <span class="method-name">tearDown([TestResult name=navigateToSswitchLingoPageTest status=SUCCESS method=SwitchLanguagePageTestCases.na...)</span>
                <span class="method-start">6756982 ms</span>
              </div> <!-- configuration-method after -->
              <div class="test-method">
                <span class="method-name">switchLingoChangeBaseLanguageTest</span>
                <span class="method-start">6756983 ms</span>
              </div> <!-- test-method -->
              <div class="configuration-method after">
                <span class="method-name">tearDown([TestResult name=switchLingoChangeBaseLanguageTest status=SUCCESS method=SwitchLanguagePageTestCases...)</span>
                <span class="method-start">6800618 ms</span>
              </div> <!-- configuration-method after -->
              <div class="test-method">
                <span class="method-name">purchaseNativeLangugaeTest</span>
                <span class="method-start">6800619 ms</span>
              </div> <!-- test-method -->
              <div class="configuration-method after">
                <span class="method-name">tearDown([TestResult name=purchaseNativeLangugaeTest status=SUCCESS method=SwitchLanguagePageTestCases.purcha...)</span>
                <span class="method-start">7067802 ms</span>
              </div> <!-- configuration-method after -->
              <div class="test-method">
                <span class="method-name">languageSelectionTest1</span>
                <span class="method-start">7067802 ms</span>
              </div> <!-- test-method -->
              <div class="configuration-method after">
                <span class="method-name">tearDown([TestResult name=languageSelectionTest1 status=SUCCESS method=SwitchLanguagePageTestCases.languageSe...)</span>
                <span class="method-start">7113437 ms</span>
              </div> <!-- configuration-method after -->
              <div class="test-method">
                <img src="failed.png">
                </img>
                <span class="method-name">verifyCategoryListAfterBaseLanguageChangeTest</span>
                <span class="method-start">7113437 ms</span>
              </div> <!-- test-method -->
              <div class="configuration-method after">
                <span class="method-name">tearDown([TestResult name=verifyCategoryListAfterBaseLanguageChangeTest status=FAILURE method=SwitchLanguageP...)</span>
                <span class="method-start">7127677 ms</span>
              </div> <!-- configuration-method after -->
              <div class="test-method">
                <span class="method-name">verifyTermHeaderAndTermNameListTest</span>
                <span class="method-start">7130349 ms</span>
              </div> <!-- test-method -->
              <div class="configuration-method after">
                <span class="method-name">tearDown([TestResult name=verifyTermHeaderAndTermNameListTest status=SUCCESS method=SwitchLanguagePageTestCas...)</span>
                <span class="method-start">7212750 ms</span>
              </div> <!-- configuration-method after -->
              <div class="test-method">
                <span class="method-name">navigateToQuickListTest</span>
                <span class="method-start">7212750 ms</span>
              </div> <!-- test-method -->
              <div class="configuration-method after">
                <span class="method-name">tearDown([TestResult name=navigateToQuickListTest status=SUCCESS method=SwitchLanguagePageTestCases.navigateT...)</span>
                <span class="method-start">7236164 ms</span>
              </div> <!-- configuration-method after -->
              <div class="test-method">
                <span class="method-name">verifyQuickListHeadertxtTest</span>
                <span class="method-start">7236164 ms</span>
              </div> <!-- test-method -->
              <div class="configuration-method after">
                <span class="method-name">tearDown([TestResult name=verifyQuickListHeadertxtTest status=SUCCESS method=SwitchLanguagePageTestCases.veri...)</span>
                <span class="method-start">7242329 ms</span>
              </div> <!-- configuration-method after -->
              <div class="test-method">
                <span class="method-name">verifyQuickListCategoryTest</span>
                <span class="method-start">7242329 ms</span>
              </div> <!-- test-method -->
              <div class="configuration-method after">
                <span class="method-name">tearDown([TestResult name=verifyQuickListCategoryTest status=SUCCESS method=SwitchLanguagePageTestCases.verif...)</span>
                <span class="method-start">7268246 ms</span>
              </div> <!-- configuration-method after -->
              <div class="test-method">
                <span class="method-name">navigateToQuickListTermTest</span>
                <span class="method-start">7268247 ms</span>
              </div> <!-- test-method -->
              <div class="configuration-method after">
                <span class="method-name">tearDown([TestResult name=navigateToQuickListTermTest status=SUCCESS method=SwitchLanguagePageTestCases.navig...)</span>
                <span class="method-start">7294399 ms</span>
              </div> <!-- configuration-method after -->
              <div class="test-method">
                <span class="method-name">verifyTermsNameOnTermlistPageTest</span>
                <span class="method-start">7294400 ms</span>
              </div> <!-- test-method -->
              <div class="configuration-method after">
                <span class="method-name">tearDown([TestResult name=verifyTermsNameOnTermlistPageTest status=SUCCESS method=SwitchLanguagePageTestCases...)</span>
                <span class="method-start">7301066 ms</span>
              </div> <!-- configuration-method after -->
              <div class="configuration-class after">
                <span class="method-name">closeApp</span>
                <span class="method-start">7301067 ms</span>
              </div> <!-- configuration-class after -->
            </div> <!-- chronological-class -->
            <div class="chronological-class">
              <div class="chronological-class-name">com.eduven.testcase.CheckInterstetialAfterPurchase</div> <!-- chronological-class-name -->
              <div class="configuration-test after">
                <img src="failed.png">
                </img>
                <span class="method-name">tearDown</span>
                <span class="method-start">7330545 ms</span>
              </div> <!-- configuration-test after -->
          </div> <!-- main-panel-content rounded-window-bottom -->
        </div> <!-- panel -->
      </div> <!-- main-panel-root -->
    </div> <!-- wrapper -->
  </body>
</html>
