<?xml version="1.0" encoding="UTF-8"?>
<!-- Generated by org.testng.reporters.JUnitReportReporter -->
<testsuite hostname="Akashs-Mac-mini.local" name="com.eduven.testcase.HomePageTest" tests="4" failures="0" timestamp="11 Feb 2016 11:24:31 GMT" time="23.782" errors="1">
  <testcase name="clickOnCategoryIcon" time="5.857" classname="com.eduven.testcase.HomePageTest"/>
  <testcase name="clickOnQuizIcon" time="5.787" classname="com.eduven.testcase.HomePageTest"/>
  <testcase name="clickOnTimelineIcon" time="6.201" classname="com.eduven.testcase.HomePageTest">
    <error type="org.openqa.selenium.WebDriverException" message="An unknown server-side error occurred while processing the command. (WARNING: The server did not provide any stacktrace information)
Command duration or timeout: 1.50 seconds
Build info: version: &#039;2.51.0&#039;, revision: &#039;1af067d&#039;, time: &#039;2016-02-05 19:15:17&#039;
System info: host: &#039;Akashs-Mac-mini.local&#039;, ip: &#039;10.30.30.98&#039;, os.name: &#039;Mac OS X&#039;, os.arch: &#039;x86_64&#039;, os.version: &#039;10.9.5&#039;, java.version: &#039;1.8.0_74&#039;
Driver info: io.appium.java_client.ios.IOSDriver
Capabilities [{app=/Users/hiteshbhardwaj/Desktop/automation/app/LD Cricket.ipa, networkConnectionEnabled=false, warnings={}, appiumVersion=1.4.13, databaseEnabled=false, deviceName=iPhone 5s, platform=UNIX, desired={app=/Users/hiteshbhardwaj/Desktop/automation/app/LD Cricket.ipa, platformVersion=8.1, appiumVersion=1.4.13, automationName=ios_automation, udid=1729b469f8bacbe08fa578a280114ad92400f973, platformName=iOS, deviceName=iPhone 5s, platform=IOS}, platformVersion=8.1, webStorageEnabled=false, locationContextEnabled=false, automationName=ios_automation, browserName=iOS, takesScreenshot=true, javascriptEnabled=true, udid=1729b469f8bacbe08fa578a280114ad92400f973, platformName=iOS}]
Session ID: b317ceed-7ae3-4b6f-a473-7cd56b8a721a">
      <![CDATA[org.openqa.selenium.WebDriverException: An unknown server-side error occurred while processing the command. (WARNING: The server did not provide any stacktrace information)
Command duration or timeout: 1.50 seconds
Build info: version: '2.51.0', revision: '1af067d', time: '2016-02-05 19:15:17'
System info: host: 'Akashs-Mac-mini.local', ip: '10.30.30.98', os.name: 'Mac OS X', os.arch: 'x86_64', os.version: '10.9.5', java.version: '1.8.0_74'
Driver info: io.appium.java_client.ios.IOSDriver
Capabilities [{app=/Users/hiteshbhardwaj/Desktop/automation/app/LD Cricket.ipa, networkConnectionEnabled=false, warnings={}, appiumVersion=1.4.13, databaseEnabled=false, deviceName=iPhone 5s, platform=UNIX, desired={app=/Users/hiteshbhardwaj/Desktop/automation/app/LD Cricket.ipa, platformVersion=8.1, appiumVersion=1.4.13, automationName=ios_automation, udid=1729b469f8bacbe08fa578a280114ad92400f973, platformName=iOS, deviceName=iPhone 5s, platform=IOS}, platformVersion=8.1, webStorageEnabled=false, locationContextEnabled=false, automationName=ios_automation, browserName=iOS, takesScreenshot=true, javascriptEnabled=true, udid=1729b469f8bacbe08fa578a280114ad92400f973, platformName=iOS}]
Session ID: b317ceed-7ae3-4b6f-a473-7cd56b8a721a
	at sun.reflect.NativeConstructorAccessorImpl.newInstance0(Native Method)
	at sun.reflect.NativeConstructorAccessorImpl.newInstance(NativeConstructorAccessorImpl.java:62)
	at sun.reflect.DelegatingConstructorAccessorImpl.newInstance(DelegatingConstructorAccessorImpl.java:45)
	at java.lang.reflect.Constructor.newInstance(Constructor.java:423)
	at org.openqa.selenium.remote.ErrorHandler.createThrowable(ErrorHandler.java:206)
	at org.openqa.selenium.remote.ErrorHandler.throwIfResponseFailed(ErrorHandler.java:158)
	at org.openqa.selenium.remote.RemoteWebDriver.execute(RemoteWebDriver.java:678)
	at io.appium.java_client.DefaultGenericMobileDriver.execute(DefaultGenericMobileDriver.java:42)
	at io.appium.java_client.AppiumDriver.execute(AppiumDriver.java:206)
	at org.openqa.selenium.remote.RemoteWebDriver$RemoteNavigation.back(RemoteWebDriver.java:961)
	at com.eduven.testcase.HomePageTest.onesStepBack(HomePageTest.java:49)
	at com.eduven.testcase.HomePageTest.clickOnTimelineIcon(HomePageTest.java:29)
	at sun.reflect.NativeMethodAccessorImpl.invoke0(Native Method)
	at sun.reflect.NativeMethodAccessorImpl.invoke(NativeMethodAccessorImpl.java:62)
	at sun.reflect.DelegatingMethodAccessorImpl.invoke(DelegatingMethodAccessorImpl.java:43)
	at java.lang.reflect.Method.invoke(Method.java:498)
	at org.testng.internal.MethodInvocationHelper.invokeMethod(MethodInvocationHelper.java:85)
	at org.testng.internal.Invoker.invokeMethod(Invoker.java:639)
	at org.testng.internal.Invoker.invokeTestMethod(Invoker.java:816)
	at org.testng.internal.Invoker.invokeTestMethods(Invoker.java:1124)
	at org.testng.internal.TestMethodWorker.invokeTestMethods(TestMethodWorker.java:125)
	at org.testng.internal.TestMethodWorker.run(TestMethodWorker.java:108)
	at org.testng.TestRunner.privateRun(TestRunner.java:774)
	at org.testng.TestRunner.run(TestRunner.java:624)
	at org.testng.SuiteRunner.runTest(SuiteRunner.java:359)
	at org.testng.SuiteRunner.runSequentially(SuiteRunner.java:354)
	at org.testng.SuiteRunner.privateRun(SuiteRunner.java:312)
	at org.testng.SuiteRunner.run(SuiteRunner.java:261)
	at org.testng.SuiteRunnerWorker.runSuite(SuiteRunnerWorker.java:52)
	at org.testng.SuiteRunnerWorker.run(SuiteRunnerWorker.java:86)
	at org.testng.TestNG.runSuitesSequentially(TestNG.java:1215)
	at org.testng.TestNG.runSuitesLocally(TestNG.java:1140)
	at org.testng.TestNG.run(TestNG.java:1048)
	at org.testng.remote.RemoteTestNG.run(RemoteTestNG.java:112)
	at org.testng.remote.RemoteTestNG.initAndRun(RemoteTestNG.java:205)
	at org.testng.remote.RemoteTestNG.main(RemoteTestNG.java:176)
]]>
    </error>
  </testcase> <!-- clickOnTimelineIcon -->
  <testcase name="clickOnSearchIcon" time="5.937" classname="com.eduven.testcase.HomePageTest"/>
</testsuite> <!-- com.eduven.testcase.HomePageTest -->
