<?xml version="1.0" encoding="UTF-8"?>
<!-- Generated by org.testng.reporters.JUnitReportReporter -->
<testsuite hostname="Hitesh-Mac-Mini.local" name="com.eduven.testcase.CarnivalsFestivalsPageTestCases" tests="8" failures="0" timestamp="7 Jul 2016 13:43:01 GMT" time="583.428" errors="1">
  <testcase name="carnivals_festivals_page_test" time="172.929" classname="com.eduven.testcase.CarnivalsFestivalsPageTestCases"/>
  <testcase name="verify_city_name_and_header_text_inside_term_test" time="52.993" classname="com.eduven.testcase.CarnivalsFestivalsPageTestCases"/>
  <testcase name="carnivals_festivals_page_header_test" time="22.516" classname="com.eduven.testcase.CarnivalsFestivalsPageTestCases"/>
  <testcase name="carnivals_festivals_page_free_entity_test" time="26.841" classname="com.eduven.testcase.CarnivalsFestivalsPageTestCases"/>
  <testcase name="carnivals_festivals_page_check_paid_term_as_free_term_test" time="11.536" classname="com.eduven.testcase.CarnivalsFestivalsPageTestCases"/>
  <testcase name="carnivals_festivals_page_entity_test" time="50.699" classname="com.eduven.testcase.CarnivalsFestivalsPageTestCases"/>
  <testcase name="carnivals_festivals_page_buy_subscription" time="200.409" classname="com.eduven.testcase.CarnivalsFestivalsPageTestCases">
    <error type="org.openqa.selenium.TimeoutException" message="Timed out after 60 seconds waiting for alert to be present
Build info: version: &#039;2.51.0&#039;, revision: &#039;1af067d&#039;, time: &#039;2016-02-05 19:11:55&#039;
System info: host: &#039;Hitesh-Mac-Mini.local&#039;, ip: &#039;192.168.2.1&#039;, os.name: &#039;Mac OS X&#039;, os.arch: &#039;x86_64&#039;, os.version: &#039;10.11.5&#039;, java.version: &#039;1.8.0_74&#039;
Driver info: io.appium.java_client.ios.IOSDriver
Capabilities [{app=/Users/hiteshbhardwaj/Desktop/Automation/app/CountryGuideIOS/Payload/CountryGuideFramework.app, networkConnectionEnabled=false, warnings={}, appiumVersion=1.4.13, databaseEnabled=false, deviceName=iPhone 6 Plus, platform=UNIX, desired={app=/Users/hiteshbhardwaj/Desktop/Automation/app/CountryGuideIOS/Payload/CountryGuideFramework.app, appiumVersion=1.4.13, platformVersion=9.3, automationName=Appium, platformName=iOS, deviceName=iPhone 6 Plus, platform=IOS}, platformVersion=9.3, webStorageEnabled=false, locationContextEnabled=false, automationName=Appium, browserName=iOS, takesScreenshot=true, javascriptEnabled=true, platformName=iOS}]
Session ID: 427ae044-251d-42d8-9da5-abf0f7f40486">
      <![CDATA[org.openqa.selenium.TimeoutException: Timed out after 60 seconds waiting for alert to be present
Build info: version: '2.51.0', revision: '1af067d', time: '2016-02-05 19:11:55'
System info: host: 'Hitesh-Mac-Mini.local', ip: '192.168.2.1', os.name: 'Mac OS X', os.arch: 'x86_64', os.version: '10.11.5', java.version: '1.8.0_74'
Driver info: io.appium.java_client.ios.IOSDriver
Capabilities [{app=/Users/hiteshbhardwaj/Desktop/Automation/app/CountryGuideIOS/Payload/CountryGuideFramework.app, networkConnectionEnabled=false, warnings={}, appiumVersion=1.4.13, databaseEnabled=false, deviceName=iPhone 6 Plus, platform=UNIX, desired={app=/Users/hiteshbhardwaj/Desktop/Automation/app/CountryGuideIOS/Payload/CountryGuideFramework.app, appiumVersion=1.4.13, platformVersion=9.3, automationName=Appium, platformName=iOS, deviceName=iPhone 6 Plus, platform=IOS}, platformVersion=9.3, webStorageEnabled=false, locationContextEnabled=false, automationName=Appium, browserName=iOS, takesScreenshot=true, javascriptEnabled=true, platformName=iOS}]
Session ID: 427ae044-251d-42d8-9da5-abf0f7f40486
	at org.openqa.selenium.support.ui.WebDriverWait.timeoutException(WebDriverWait.java:80)
	at org.openqa.selenium.support.ui.FluentWait.until(FluentWait.java:261)
	at com.eduven.utils.Reusables.waitForAlert(Reusables.java:96)
	at com.eduven.utils.Reusables.alertInstance(Reusables.java:135)
	at com.eduven.utils.Reusables.acceptAlert(Reusables.java:155)
	at com.eduven.modules.EntityDetailPage.donePayment(EntityDetailPage.java:303)
	at com.eduven.testcase.CarnivalsFestivalsPageTestCases.carnivals_festivals_page_buy_subscription(CarnivalsFestivalsPageTestCases.java:65)
	at sun.reflect.NativeMethodAccessorImpl.invoke0(Native Method)
	at sun.reflect.NativeMethodAccessorImpl.invoke(NativeMethodAccessorImpl.java:62)
	at sun.reflect.DelegatingMethodAccessorImpl.invoke(DelegatingMethodAccessorImpl.java:43)
	at java.lang.reflect.Method.invoke(Method.java:498)
	at org.testng.internal.MethodInvocationHelper.invokeMethod(MethodInvocationHelper.java:86)
	at org.testng.internal.Invoker.invokeMethod(Invoker.java:645)
	at org.testng.internal.Invoker.invokeTestMethod(Invoker.java:822)
	at org.testng.internal.Invoker.invokeTestMethods(Invoker.java:1130)
	at org.testng.internal.TestMethodWorker.invokeTestMethods(TestMethodWorker.java:129)
	at org.testng.internal.TestMethodWorker.run(TestMethodWorker.java:112)
	at org.testng.TestRunner.privateRun(TestRunner.java:782)
	at org.testng.TestRunner.run(TestRunner.java:632)
	at org.testng.SuiteRunner.runTest(SuiteRunner.java:366)
	at org.testng.SuiteRunner.runSequentially(SuiteRunner.java:361)
	at org.testng.SuiteRunner.privateRun(SuiteRunner.java:319)
	at org.testng.SuiteRunner.run(SuiteRunner.java:268)
	at org.testng.SuiteRunnerWorker.runSuite(SuiteRunnerWorker.java:52)
	at org.testng.SuiteRunnerWorker.run(SuiteRunnerWorker.java:86)
	at org.testng.TestNG.runSuitesSequentially(TestNG.java:1244)
	at org.testng.TestNG.runSuitesLocally(TestNG.java:1169)
	at org.testng.TestNG.run(TestNG.java:1064)
	at org.testng.remote.RemoteTestNG.run(RemoteTestNG.java:113)
	at org.testng.remote.RemoteTestNG.initAndRun(RemoteTestNG.java:206)
	at org.testng.remote.RemoteTestNG.main(RemoteTestNG.java:177)
]]>
    </error>
  </testcase> <!-- carnivals_festivals_page_buy_subscription -->
  <testcase name="carnivals_festivals_page_premium_entity_test" time="45.505" classname="com.eduven.testcase.CarnivalsFestivalsPageTestCases"/>
</testsuite> <!-- com.eduven.testcase.CarnivalsFestivalsPageTestCases -->
