<?xml version="1.0" encoding="UTF-8"?>
<!-- Generated by org.testng.reporters.JUnitReportReporter -->
<testsuite hostname="Hitesh-Mac-Mini.local" name="com.eduven.testcase.WildlifePageTestCases" tests="6" failures="0" timestamp="4 Jul 2016 09:46:15 GMT" time="454.584" errors="1">
  <testcase name="wildlif_page_free_entity_test" time="21.570" classname="com.eduven.testcase.WildlifePageTestCases"/>
  <testcase name="wildlife_page_test" time="152.624" classname="com.eduven.testcase.WildlifePageTestCases"/>
  <testcase name="wildlife_page_entity_test" time="126.500" classname="com.eduven.testcase.WildlifePageTestCases">
    <error type="org.openqa.selenium.TimeoutException" message="Timed out after 60 seconds waiting for visibility of [[IOSDriver: iOS on UNIX (78609f6c-5f68-41ff-bf5d-777bfde75575)] -&gt; name: Rodents]
Build info: version: &#039;2.51.0&#039;, revision: &#039;1af067d&#039;, time: &#039;2016-02-05 19:11:55&#039;
System info: host: &#039;Hitesh-Mac-Mini.local&#039;, ip: &#039;192.168.2.1&#039;, os.name: &#039;Mac OS X&#039;, os.arch: &#039;x86_64&#039;, os.version: &#039;10.11.5&#039;, java.version: &#039;1.8.0_74&#039;
Driver info: io.appium.java_client.ios.IOSDriver
Capabilities [{app=/Users/hiteshbhardwaj/Desktop/Automation/app/CountryGuideIOS/Payload/CountryGuideFramework.app, networkConnectionEnabled=false, warnings={}, appiumVersion=1.4.13, databaseEnabled=false, deviceName=MediaAgility’s iPhone (9.3.2), platform=UNIX, desired={app=/Users/hiteshbhardwaj/Desktop/Automation/app/CountryGuideIOS/Payload/CountryGuideFramework.app, appiumVersion=1.4.13, platformVersion=9.3, automationName=Appium, platformName=iOS, deviceName=MediaAgility’s iPhone (9.3.2), platform=IOS}, platformVersion=9.3, webStorageEnabled=false, locationContextEnabled=false, automationName=Appium, browserName=iOS, takesScreenshot=true, javascriptEnabled=true, platformName=iOS}]
Session ID: 78609f6c-5f68-41ff-bf5d-777bfde75575">
      <![CDATA[org.openqa.selenium.TimeoutException: Timed out after 60 seconds waiting for visibility of [[IOSDriver: iOS on UNIX (78609f6c-5f68-41ff-bf5d-777bfde75575)] -> name: Rodents]
Build info: version: '2.51.0', revision: '1af067d', time: '2016-02-05 19:11:55'
System info: host: 'Hitesh-Mac-Mini.local', ip: '192.168.2.1', os.name: 'Mac OS X', os.arch: 'x86_64', os.version: '10.11.5', java.version: '1.8.0_74'
Driver info: io.appium.java_client.ios.IOSDriver
Capabilities [{app=/Users/hiteshbhardwaj/Desktop/Automation/app/CountryGuideIOS/Payload/CountryGuideFramework.app, networkConnectionEnabled=false, warnings={}, appiumVersion=1.4.13, databaseEnabled=false, deviceName=MediaAgility’s iPhone (9.3.2), platform=UNIX, desired={app=/Users/hiteshbhardwaj/Desktop/Automation/app/CountryGuideIOS/Payload/CountryGuideFramework.app, appiumVersion=1.4.13, platformVersion=9.3, automationName=Appium, platformName=iOS, deviceName=MediaAgility’s iPhone (9.3.2), platform=IOS}, platformVersion=9.3, webStorageEnabled=false, locationContextEnabled=false, automationName=Appium, browserName=iOS, takesScreenshot=true, javascriptEnabled=true, platformName=iOS}]
Session ID: 78609f6c-5f68-41ff-bf5d-777bfde75575
	at org.openqa.selenium.support.ui.WebDriverWait.timeoutException(WebDriverWait.java:80)
	at org.openqa.selenium.support.ui.FluentWait.until(FluentWait.java:261)
	at com.eduven.utils.Reusables.waitForIosElement(Reusables.java:78)
	at com.eduven.utils.Reusables.verifySubCategoryList(Reusables.java:765)
	at com.eduven.testcase.WildlifePageTestCases.wildlife_page_entity_test(WildlifePageTestCases.java:41)
	at sun.reflect.NativeMethodAccessorImpl.invoke0(Native Method)
	at sun.reflect.NativeMethodAccessorImpl.invoke(NativeMethodAccessorImpl.java:62)
	at sun.reflect.DelegatingMethodAccessorImpl.invoke(DelegatingMethodAccessorImpl.java:43)
	at java.lang.reflect.Method.invoke(Method.java:498)
	at org.testng.internal.MethodInvocationHelper.invokeMethod(MethodInvocationHelper.java:86)
	at org.testng.internal.Invoker.invokeMethod(Invoker.java:645)
	at org.testng.internal.Invoker.invokeTestMethod(Invoker.java:822)
	at org.testng.internal.Invoker.invokeTestMethods(Invoker.java:1130)
	at org.testng.internal.TestMethodWorker.invokeTestMethods(TestMethodWorker.java:129)
	at org.testng.internal.TestMethodWorker.run(TestMethodWorker.java:112)
	at org.testng.TestRunner.privateRun(TestRunner.java:782)
	at org.testng.TestRunner.run(TestRunner.java:632)
	at org.testng.SuiteRunner.runTest(SuiteRunner.java:366)
	at org.testng.SuiteRunner.runSequentially(SuiteRunner.java:361)
	at org.testng.SuiteRunner.privateRun(SuiteRunner.java:319)
	at org.testng.SuiteRunner.run(SuiteRunner.java:268)
	at org.testng.SuiteRunnerWorker.runSuite(SuiteRunnerWorker.java:52)
	at org.testng.SuiteRunnerWorker.run(SuiteRunnerWorker.java:86)
	at org.testng.TestNG.runSuitesSequentially(TestNG.java:1244)
	at org.testng.TestNG.runSuitesLocally(TestNG.java:1169)
	at org.testng.TestNG.run(TestNG.java:1064)
	at org.testng.remote.RemoteTestNG.run(RemoteTestNG.java:113)
	at org.testng.remote.RemoteTestNG.initAndRun(RemoteTestNG.java:206)
	at org.testng.remote.RemoteTestNG.main(RemoteTestNG.java:177)
]]>
    </error>
  </testcase> <!-- wildlife_page_entity_test -->
  <testcase name="verify_contribute_entity_test" time="20.190" classname="com.eduven.testcase.WildlifePageTestCases"/>
  <testcase name="wildlif_page_premium_entity_test" time="115.571" classname="com.eduven.testcase.WildlifePageTestCases"/>
  <testcase name="wildlife_page_header_test" time="18.129" classname="com.eduven.testcase.WildlifePageTestCases"/>
</testsuite> <!-- com.eduven.testcase.WildlifePageTestCases -->
