<?xml version="1.0" encoding="UTF-8"?>
<!-- Generated by org.testng.reporters.JUnitReportReporter -->
<testsuite hostname="Hitesh-Mac-Mini.local" name="com.eduven.testcase.ArtAficionadosPageTestCases" tests="8" failures="1" timestamp="8 Jul 2016 15:41:55 GMT" time="429.980" errors="0">
  <testcase name="close_flyer_popup_test" time="85.726" classname="com.eduven.testcase.ArtAficionadosPageTestCases"/>
  <testcase name="verify_city_name_and_header_text_inside_term_test" time="205.391" classname="com.eduven.testcase.ArtAficionadosPageTestCases"/>
  <testcase name="art_aficionados_page_free_entity_test" time="35.808" classname="com.eduven.testcase.ArtAficionadosPageTestCases"/>
  <testcase name="search_with_special_character_and_others_test" time="15.686" classname="com.eduven.testcase.ArtAficionadosPageTestCases">
    <failure type="java.lang.AssertionError" message="Error Message!!Search Term not matched with search one. expected [national film and television institute] but found [add]">
      <![CDATA[java.lang.AssertionError: Error Message!!Search Term not matched with search one. expected [national film and television institute] but found [add]
	at org.testng.Assert.fail(Assert.java:94)
	at org.testng.Assert.failNotEquals(Assert.java:513)
	at org.testng.Assert.assertEqualsImpl(Assert.java:135)
	at org.testng.Assert.assertEquals(Assert.java:116)
	at org.testng.Assert.assertEquals(Assert.java:190)
	at com.eduven.utils.Reusables.verifyEqualMessage(Reusables.java:875)
	at com.eduven.modules.Search.verifySearchWord(Search.java:43)
	at com.eduven.testcase.ArtAficionadosPageTestCases.search_with_special_character_and_others_test(ArtAficionadosPageTestCases.java:71)
	at sun.reflect.NativeMethodAccessorImpl.invoke0(Native Method)
	at sun.reflect.NativeMethodAccessorImpl.invoke(NativeMethodAccessorImpl.java:62)
	at sun.reflect.DelegatingMethodAccessorImpl.invoke(DelegatingMethodAccessorImpl.java:43)
	at java.lang.reflect.Method.invoke(Method.java:498)
	at org.testng.internal.MethodInvocationHelper.invokeMethod(MethodInvocationHelper.java:86)
	at org.testng.internal.Invoker.invokeMethod(Invoker.java:645)
	at org.testng.internal.Invoker.invokeTestMethod(Invoker.java:822)
	at org.testng.internal.Invoker.invokeTestMethods(Invoker.java:1130)
	at org.testng.internal.TestMethodWorker.invokeTestMethods(TestMethodWorker.java:129)
	at org.testng.internal.TestMethodWorker.run(TestMethodWorker.java:112)
	at org.testng.TestRunner.privateRun(TestRunner.java:782)
	at org.testng.TestRunner.run(TestRunner.java:632)
	at org.testng.SuiteRunner.runTest(SuiteRunner.java:366)
	at org.testng.SuiteRunner.runSequentially(SuiteRunner.java:361)
	at org.testng.SuiteRunner.privateRun(SuiteRunner.java:319)
	at org.testng.SuiteRunner.run(SuiteRunner.java:268)
	at org.testng.SuiteRunnerWorker.runSuite(SuiteRunnerWorker.java:52)
	at org.testng.SuiteRunnerWorker.run(SuiteRunnerWorker.java:86)
	at org.testng.TestNG.runSuitesSequentially(TestNG.java:1244)
	at org.testng.TestNG.runSuitesLocally(TestNG.java:1169)
	at org.testng.TestNG.run(TestNG.java:1064)
	at com.eduven.utils.RunTestng.main(RunTestng.java:63)
]]>
    </failure>
  </testcase> <!-- search_with_special_character_and_others_test -->
  <testcase name="art_aficionados_page_verify_contribute_entity" time="14.921" classname="com.eduven.testcase.ArtAficionadosPageTestCases"/>
  <testcase name="art_aficionados_page_premium_entity_test" time="44.735" classname="com.eduven.testcase.ArtAficionadosPageTestCases"/>
  <testcase name="verify_art_aficionados_page_header_test" time="16.790" classname="com.eduven.testcase.ArtAficionadosPageTestCases"/>
  <testcase name="verify_sub_category_list_test" time="10.923" classname="com.eduven.testcase.ArtAficionadosPageTestCases"/>
</testsuite> <!-- com.eduven.testcase.ArtAficionadosPageTestCases -->
