<?xml version="1.0" encoding="UTF-8"?>
<!-- Generated by org.testng.reporters.JUnitReportReporter -->
<testsuite hostname="Hitesh-Mac-Mini.local" name="com.eduven.testcase.ContributePageTestCases" tests="16" failures="0" timestamp="8 Jul 2016 15:41:55 GMT" time="737.381" errors="1">
  <testcase name="contribute_page_settings_information_and_support_disclaimer_test" time="35.524" classname="com.eduven.testcase.ContributePageTestCases"/>
  <testcase name="contribute_page_facebook_message_sharing_test" time="62.696" classname="com.eduven.testcase.ContributePageTestCases"/>
  <testcase name="contribute_page_facebook_login_test" time="113.621" classname="com.eduven.testcase.ContributePageTestCases"/>
  <testcase name="contribute_page_add_contribute_without_title_test" time="13.923" classname="com.eduven.testcase.ContributePageTestCases"/>
  <testcase name="contribute_page_settings_information_and_support_privacy_policy_test" time="65.676" classname="com.eduven.testcase.ContributePageTestCases"/>
  <testcase name="contribute_page_navigate_to_contribute_test" time="8.533" classname="com.eduven.testcase.ContributePageTestCases"/>
  <testcase name="close_flyer_popup_test" time="87.205" classname="com.eduven.testcase.ContributePageTestCases"/>
  <testcase name="contribute_page_verify_profile_pic_adder_test" time="1.139" classname="com.eduven.testcase.ContributePageTestCases"/>
  <testcase name="contribute_page_add_contribute_with_space_title_test" time="13.263" classname="com.eduven.testcase.ContributePageTestCases"/>
  <testcase name="contribute_page_add_contribute_with_title_test" time="29.092" classname="com.eduven.testcase.ContributePageTestCases"/>
  <testcase name="contribute_page_more_apps_test" time="13.702" classname="com.eduven.testcase.ContributePageTestCases"/>
  <testcase name="contribute_page_navigate_to_settings_page_test" time="7.121" classname="com.eduven.testcase.ContributePageTestCases"/>
  <testcase name="contribute_page_settings_information_and_support_for_terms_and_conditions_test" time="65.027" classname="com.eduven.testcase.ContributePageTestCases"/>
  <testcase name="contribute_page_navigate_to_app_sharing_page_test" time="93.685" classname="com.eduven.testcase.ContributePageTestCases"/>
  <testcase name="contribute_page_select_audience_test" time="61.486" classname="com.eduven.testcase.ContributePageTestCases">
    <error type="java.lang.IndexOutOfBoundsException" message="Index: 1, Size: 0">
      <![CDATA[java.lang.IndexOutOfBoundsException: Index: 1, Size: 0
	at java.util.ArrayList.rangeCheck(ArrayList.java:653)
	at java.util.ArrayList.get(ArrayList.java:429)
	at com.eduven.modules.Contribute.selectAudience(Contribute.java:634)
	at com.eduven.testcase.ContributePageTestCases.contribute_page_select_audience_test(ContributePageTestCases.java:117)
	at sun.reflect.NativeMethodAccessorImpl.invoke0(Native Method)
	at sun.reflect.NativeMethodAccessorImpl.invoke(NativeMethodAccessorImpl.java:62)
	at sun.reflect.DelegatingMethodAccessorImpl.invoke(DelegatingMethodAccessorImpl.java:43)
	at java.lang.reflect.Method.invoke(Method.java:498)
	at org.testng.internal.MethodInvocationHelper.invokeMethod(MethodInvocationHelper.java:86)
	at org.testng.internal.Invoker.invokeMethod(Invoker.java:645)
	at org.testng.internal.Invoker.invokeTestMethod(Invoker.java:822)
	at org.testng.internal.Invoker.invokeTestMethods(Invoker.java:1130)
	at org.testng.internal.TestMethodWorker.invokeTestMethods(TestMethodWorker.java:129)
	at org.testng.internal.TestMethodWorker.run(TestMethodWorker.java:112)
	at org.testng.TestRunner.privateRun(TestRunner.java:782)
	at org.testng.TestRunner.run(TestRunner.java:632)
	at org.testng.SuiteRunner.runTest(SuiteRunner.java:366)
	at org.testng.SuiteRunner.runSequentially(SuiteRunner.java:361)
	at org.testng.SuiteRunner.privateRun(SuiteRunner.java:319)
	at org.testng.SuiteRunner.run(SuiteRunner.java:268)
	at org.testng.SuiteRunnerWorker.runSuite(SuiteRunnerWorker.java:52)
	at org.testng.SuiteRunnerWorker.run(SuiteRunnerWorker.java:86)
	at org.testng.TestNG.runSuitesSequentially(TestNG.java:1244)
	at org.testng.TestNG.runSuitesLocally(TestNG.java:1169)
	at org.testng.TestNG.run(TestNG.java:1064)
	at com.eduven.utils.RunTestng.main(RunTestng.java:63)
]]>
    </error>
  </testcase> <!-- contribute_page_select_audience_test -->
  <testcase name="contribute_page_settings_information_and_support_faqs_test" time="65.688" classname="com.eduven.testcase.ContributePageTestCases"/>
</testsuite> <!-- com.eduven.testcase.ContributePageTestCases -->
