<?xml version="1.0" encoding="UTF-8"?>
<!-- Generated by org.testng.reporters.JUnitReportReporter -->
<testsuite hostname="Hitesh-Mac-Mini.local" name="com.eduven.testcase.TransportationPageTestCases" tests="7" failures="1" timestamp="8 Jul 2016 15:41:55 GMT" time="531.230" errors="1">
  <testcase name="transportation_page_premium_entity_test" time="175.612" classname="com.eduven.testcase.TransportationPageTestCases">
    <error type="org.openqa.selenium.NoSuchElementException" message="An element could not be located on the page using the given search parameters. (WARNING: The server did not provide any stacktrace information)
Command duration or timeout: 136.85 seconds
For documentation on this error, please visit: http://seleniumhq.org/exceptions/no_such_element.html
Build info: version: &#039;2.51.0&#039;, revision: &#039;1af067d&#039;, time: &#039;2016-02-05 19:11:55&#039;
System info: host: &#039;Hitesh-Mac-Mini.local&#039;, ip: &#039;10.30.30.97&#039;, os.name: &#039;Mac OS X&#039;, os.arch: &#039;x86_64&#039;, os.version: &#039;10.11.5&#039;, java.version: &#039;1.8.0_74&#039;
Driver info: io.appium.java_client.android.AndroidDriver
Capabilities [{app=/Users/hiteshbhardwaj/Desktop/Automation/app/CountryGuideAndroid/app-africa-debug.apk, appPackage=com.eduven.cg.africa, networkConnectionEnabled=true, warnings={}, appiumVersion=1.4.13, databaseEnabled=false, deviceName=014E0F500200D002, platform=LINUX, appActivity=com.eduven.cg.activity.CheckSDCard, desired={app=/Users/hiteshbhardwaj/Desktop/Automation/app/CountryGuideAndroid/app-africa-debug.apk, appPackage=com.eduven.cg.africa, appActivity=com.eduven.cg.activity.CheckSDCard, platformVersion=4.4, appiumVersion=1.4.13, automationName=Appium, platformName=Android, deviceName=014E0F500200D002}, platformVersion=4.3, webStorageEnabled=false, locationContextEnabled=false, automationName=Appium, browserName=Android, takesScreenshot=true, javascriptEnabled=true, platformName=Android}]
Session ID: 18fd19f5-b11c-4e69-95a7-d1fd1123f471
*** Element info: {Using=-android uiautomator, value=new UiScrollable(new UiSelector().scrollable(true).instance(0)).scrollIntoView(new UiSelector().description(&quot;Touat Cheikh Sidi Mohamed Belkebir Airport&quot;).instance(0));new UiScrollable(new UiSelector().scrollable(true).instance(0)).scrollIntoView(new UiSelector().text(&quot;Touat Cheikh Sidi Mohamed Belkebir Airport&quot;).instance(0));}">
      <![CDATA[org.openqa.selenium.NoSuchElementException: An element could not be located on the page using the given search parameters. (WARNING: The server did not provide any stacktrace information)
Command duration or timeout: 136.85 seconds
For documentation on this error, please visit: http://seleniumhq.org/exceptions/no_such_element.html
Build info: version: '2.51.0', revision: '1af067d', time: '2016-02-05 19:11:55'
System info: host: 'Hitesh-Mac-Mini.local', ip: '10.30.30.97', os.name: 'Mac OS X', os.arch: 'x86_64', os.version: '10.11.5', java.version: '1.8.0_74'
Driver info: io.appium.java_client.android.AndroidDriver
Capabilities [{app=/Users/hiteshbhardwaj/Desktop/Automation/app/CountryGuideAndroid/app-africa-debug.apk, appPackage=com.eduven.cg.africa, networkConnectionEnabled=true, warnings={}, appiumVersion=1.4.13, databaseEnabled=false, deviceName=014E0F500200D002, platform=LINUX, appActivity=com.eduven.cg.activity.CheckSDCard, desired={app=/Users/hiteshbhardwaj/Desktop/Automation/app/CountryGuideAndroid/app-africa-debug.apk, appPackage=com.eduven.cg.africa, appActivity=com.eduven.cg.activity.CheckSDCard, platformVersion=4.4, appiumVersion=1.4.13, automationName=Appium, platformName=Android, deviceName=014E0F500200D002}, platformVersion=4.3, webStorageEnabled=false, locationContextEnabled=false, automationName=Appium, browserName=Android, takesScreenshot=true, javascriptEnabled=true, platformName=Android}]
Session ID: 18fd19f5-b11c-4e69-95a7-d1fd1123f471
*** Element info: {Using=-android uiautomator, value=new UiScrollable(new UiSelector().scrollable(true).instance(0)).scrollIntoView(new UiSelector().description("Touat Cheikh Sidi Mohamed Belkebir Airport").instance(0));new UiScrollable(new UiSelector().scrollable(true).instance(0)).scrollIntoView(new UiSelector().text("Touat Cheikh Sidi Mohamed Belkebir Airport").instance(0));}
	at sun.reflect.GeneratedConstructorAccessor51.newInstance(Unknown Source)
	at sun.reflect.DelegatingConstructorAccessorImpl.newInstance(DelegatingConstructorAccessorImpl.java:45)
	at java.lang.reflect.Constructor.newInstance(Constructor.java:423)
	at org.openqa.selenium.remote.ErrorHandler.createThrowable(ErrorHandler.java:206)
	at org.openqa.selenium.remote.ErrorHandler.throwIfResponseFailed(ErrorHandler.java:158)
	at org.openqa.selenium.remote.RemoteWebDriver.execute(RemoteWebDriver.java:678)
	at io.appium.java_client.DefaultGenericMobileDriver.execute(DefaultGenericMobileDriver.java:43)
	at io.appium.java_client.AppiumDriver.execute(AppiumDriver.java:1)
	at io.appium.java_client.android.AndroidDriver.execute(AndroidDriver.java:1)
	at org.openqa.selenium.remote.RemoteWebDriver.findElement(RemoteWebDriver.java:363)
	at io.appium.java_client.android.AndroidDriver.findElementByAndroidUIAutomator(AndroidDriver.java:324)
	at io.appium.java_client.android.AndroidDriver.scrollToExact(AndroidDriver.java:128)
	at com.eduven.utils.Reusables.clickUsingScrollToExactTxt(Reusables.java:628)
	at com.eduven.utils.Reusables.checkPremiumEntity(Reusables.java:491)
	at com.eduven.testcase.TransportationPageTestCases.transportation_page_premium_entity_test(TransportationPageTestCases.java:56)
	at sun.reflect.NativeMethodAccessorImpl.invoke0(Native Method)
	at sun.reflect.NativeMethodAccessorImpl.invoke(NativeMethodAccessorImpl.java:62)
	at sun.reflect.DelegatingMethodAccessorImpl.invoke(DelegatingMethodAccessorImpl.java:43)
	at java.lang.reflect.Method.invoke(Method.java:498)
	at org.testng.internal.MethodInvocationHelper.invokeMethod(MethodInvocationHelper.java:86)
	at org.testng.internal.Invoker.invokeMethod(Invoker.java:645)
	at org.testng.internal.Invoker.invokeTestMethod(Invoker.java:822)
	at org.testng.internal.Invoker.invokeTestMethods(Invoker.java:1130)
	at org.testng.internal.TestMethodWorker.invokeTestMethods(TestMethodWorker.java:129)
	at org.testng.internal.TestMethodWorker.run(TestMethodWorker.java:112)
	at org.testng.TestRunner.privateRun(TestRunner.java:782)
	at org.testng.TestRunner.run(TestRunner.java:632)
	at org.testng.SuiteRunner.runTest(SuiteRunner.java:366)
	at org.testng.SuiteRunner.runSequentially(SuiteRunner.java:361)
	at org.testng.SuiteRunner.privateRun(SuiteRunner.java:319)
	at org.testng.SuiteRunner.run(SuiteRunner.java:268)
	at org.testng.SuiteRunnerWorker.runSuite(SuiteRunnerWorker.java:52)
	at org.testng.SuiteRunnerWorker.run(SuiteRunnerWorker.java:86)
	at org.testng.TestNG.runSuitesSequentially(TestNG.java:1244)
	at org.testng.TestNG.runSuitesLocally(TestNG.java:1169)
	at org.testng.TestNG.run(TestNG.java:1064)
	at com.eduven.utils.RunTestng.main(RunTestng.java:63)
]]>
    </error>
  </testcase> <!-- transportation_page_premium_entity_test -->
  <testcase name="verify_transportation_page_header_test" time="80.336" classname="com.eduven.testcase.TransportationPageTestCases"/>
  <testcase name="transportation_page_free_entity_test" time="73.977" classname="com.eduven.testcase.TransportationPageTestCases"/>
  <testcase name="transportation_page_verify_contribute_entity_test" time="40.691" classname="com.eduven.testcase.TransportationPageTestCases"/>
  <testcase name="close_flyer_popup_test" time="88.097" classname="com.eduven.testcase.TransportationPageTestCases"/>
  <testcase name="transportation_page_entity_test" time="5.429" classname="com.eduven.testcase.TransportationPageTestCases"/>
  <testcase name="verify_city_name_and_header_text_inside_term_test" time="67.088" classname="com.eduven.testcase.TransportationPageTestCases">
    <failure type="java.lang.AssertionError" message="Error Message!! Actual and Expected text not matched. expected [dakar] but found [sea port]">
      <![CDATA[java.lang.AssertionError: Error Message!! Actual and Expected text not matched. expected [dakar] but found [sea port]
	at org.testng.Assert.fail(Assert.java:94)
	at org.testng.Assert.failNotEquals(Assert.java:513)
	at org.testng.Assert.assertEqualsImpl(Assert.java:135)
	at org.testng.Assert.assertEquals(Assert.java:116)
	at org.testng.Assert.assertEquals(Assert.java:190)
	at com.eduven.utils.Reusables.verifyEqualMessage(Reusables.java:875)
	at com.eduven.utils.Reusables.verifyCityHeaderName(Reusables.java:801)
	at com.eduven.testcase.TransportationPageTestCases.verify_city_name_and_header_text_inside_term_test(TransportationPageTestCases.java:71)
	at sun.reflect.NativeMethodAccessorImpl.invoke0(Native Method)
	at sun.reflect.NativeMethodAccessorImpl.invoke(NativeMethodAccessorImpl.java:62)
	at sun.reflect.DelegatingMethodAccessorImpl.invoke(DelegatingMethodAccessorImpl.java:43)
	at java.lang.reflect.Method.invoke(Method.java:498)
	at org.testng.internal.MethodInvocationHelper.invokeMethod(MethodInvocationHelper.java:86)
	at org.testng.internal.Invoker.invokeMethod(Invoker.java:645)
	at org.testng.internal.Invoker.invokeTestMethod(Invoker.java:822)
	at org.testng.internal.Invoker.invokeTestMethods(Invoker.java:1130)
	at org.testng.internal.TestMethodWorker.invokeTestMethods(TestMethodWorker.java:129)
	at org.testng.internal.TestMethodWorker.run(TestMethodWorker.java:112)
	at org.testng.TestRunner.privateRun(TestRunner.java:782)
	at org.testng.TestRunner.run(TestRunner.java:632)
	at org.testng.SuiteRunner.runTest(SuiteRunner.java:366)
	at org.testng.SuiteRunner.runSequentially(SuiteRunner.java:361)
	at org.testng.SuiteRunner.privateRun(SuiteRunner.java:319)
	at org.testng.SuiteRunner.run(SuiteRunner.java:268)
	at org.testng.SuiteRunnerWorker.runSuite(SuiteRunnerWorker.java:52)
	at org.testng.SuiteRunnerWorker.run(SuiteRunnerWorker.java:86)
	at org.testng.TestNG.runSuitesSequentially(TestNG.java:1244)
	at org.testng.TestNG.runSuitesLocally(TestNG.java:1169)
	at org.testng.TestNG.run(TestNG.java:1064)
	at com.eduven.utils.RunTestng.main(RunTestng.java:63)
]]>
    </failure>
  </testcase> <!-- verify_city_name_and_header_text_inside_term_test -->
</testsuite> <!-- com.eduven.testcase.TransportationPageTestCases -->
