<?xml version="1.0" encoding="UTF-8"?>
<testng-results skipped="4" failed="1" total="5" passed="0">
  <reporter-output>
  </reporter-output>
  <suite name="Default suite" duration-ms="7789" started-at="2016-09-23T12:43:35Z" finished-at="2016-09-23T12:43:43Z">
    <groups>
    </groups>
    <test name="Default test" duration-ms="7789" started-at="2016-09-23T12:43:35Z" finished-at="2016-09-23T12:43:43Z">
      <class name="com.eduven.testcase.HomePageTestCases">
        <test-method status="FAIL" signature="home_page_splash_screen_test()[pri:0, instance:com.eduven.testcase.HomePageTestCases@13fee20c]" name="home_page_splash_screen_test" duration-ms="5358" started-at="2016-09-23T18:13:35Z" finished-at="2016-09-23T18:13:41Z">
          <exception class="java.lang.ExceptionInInitializerError">
            <full-stacktrace>
              <![CDATA[java.lang.ExceptionInInitializerError
	at com.eduven.testcase.HomePageTestCases.home_page_splash_screen_test(HomePageTestCases.java:18)
	at sun.reflect.NativeMethodAccessorImpl.invoke0(Native Method)
	at sun.reflect.NativeMethodAccessorImpl.invoke(NativeMethodAccessorImpl.java:62)
	at sun.reflect.DelegatingMethodAccessorImpl.invoke(DelegatingMethodAccessorImpl.java:43)
	at java.lang.reflect.Method.invoke(Method.java:498)
	at org.testng.internal.MethodInvocationHelper.invokeMethod(MethodInvocationHelper.java:86)
	at org.testng.internal.Invoker.invokeMethod(Invoker.java:645)
	at org.testng.internal.Invoker.invokeTestMethod(Invoker.java:822)
	at org.testng.internal.Invoker.invokeTestMethods(Invoker.java:1130)
	at org.testng.internal.TestMethodWorker.invokeTestMethods(TestMethodWorker.java:129)
	at org.testng.internal.TestMethodWorker.run(TestMethodWorker.java:112)
	at org.testng.TestRunner.privateRun(TestRunner.java:782)
	at org.testng.TestRunner.run(TestRunner.java:632)
	at org.testng.SuiteRunner.runTest(SuiteRunner.java:366)
	at org.testng.SuiteRunner.runSequentially(SuiteRunner.java:361)
	at org.testng.SuiteRunner.privateRun(SuiteRunner.java:319)
	at org.testng.SuiteRunner.run(SuiteRunner.java:268)
	at org.testng.SuiteRunnerWorker.runSuite(SuiteRunnerWorker.java:52)
	at org.testng.SuiteRunnerWorker.run(SuiteRunnerWorker.java:86)
	at org.testng.TestNG.runSuitesSequentially(TestNG.java:1244)
	at org.testng.TestNG.runSuitesLocally(TestNG.java:1169)
	at org.testng.TestNG.run(TestNG.java:1064)
	at org.testng.remote.RemoteTestNG.run(RemoteTestNG.java:113)
	at org.testng.remote.RemoteTestNG.initAndRun(RemoteTestNG.java:206)
	at org.testng.remote.RemoteTestNG.main(RemoteTestNG.java:177)
Caused by: org.openqa.selenium.SessionNotCreatedException: A new session could not be created. (Original error: Installing /Users/hiteshbhardwaj/Downloads/Payload/CountryGuideFramework.app failed) (WARNING: The server did not provide any stacktrace information)
Command duration or timeout: 1.54 seconds
Build info: version: '2.51.0', revision: '1af067d', time: '2016-02-05 19:11:55'
System info: host: 'Hitesh-Mac-Mini.local', ip: '10.30.30.98', os.name: 'Mac OS X', os.arch: 'x86_64', os.version: '10.11.6', java.version: '1.8.0_74'
Driver info: io.appium.java_client.ios.IOSDriver
	at sun.reflect.NativeConstructorAccessorImpl.newInstance0(Native Method)
	at sun.reflect.NativeConstructorAccessorImpl.newInstance(NativeConstructorAccessorImpl.java:62)
	at sun.reflect.DelegatingConstructorAccessorImpl.newInstance(DelegatingConstructorAccessorImpl.java:45)
	at java.lang.reflect.Constructor.newInstance(Constructor.java:423)
	at org.openqa.selenium.remote.ErrorHandler.createThrowable(ErrorHandler.java:206)
	at org.openqa.selenium.remote.ErrorHandler.throwIfResponseFailed(ErrorHandler.java:158)
	at org.openqa.selenium.remote.RemoteWebDriver.execute(RemoteWebDriver.java:678)
	at io.appium.java_client.DefaultGenericMobileDriver.execute(DefaultGenericMobileDriver.java:43)
	at io.appium.java_client.AppiumDriver.execute(AppiumDriver.java:1)
	at io.appium.java_client.ios.IOSDriver.execute(IOSDriver.java:1)
	at org.openqa.selenium.remote.RemoteWebDriver.startSession(RemoteWebDriver.java:249)
	at org.openqa.selenium.remote.RemoteWebDriver.<init>(RemoteWebDriver.java:131)
	at org.openqa.selenium.remote.RemoteWebDriver.<init>(RemoteWebDriver.java:144)
	at io.appium.java_client.DefaultGenericMobileDriver.<init>(DefaultGenericMobileDriver.java:39)
	at io.appium.java_client.AppiumDriver.<init>(AppiumDriver.java:69)
	at io.appium.java_client.AppiumDriver.<init>(AppiumDriver.java:78)
	at io.appium.java_client.ios.IOSDriver.<init>(IOSDriver.java:55)
	at com.eduven.utils.DriverInstance.getIosDriver(DriverInstance.java:45)
	at com.eduven.modules.SplashScreen.<clinit>(SplashScreen.java:16)
	... 25 more
]]>
            </full-stacktrace>
          </exception> <!-- java.lang.ExceptionInInitializerError -->
          <reporter-output>
          </reporter-output>
        </test-method> <!-- home_page_splash_screen_test -->
        <test-method status="FAIL" signature="tearDown(org.testng.ITestResult)[pri:0, instance:com.eduven.testcase.HomePageTestCases@13fee20c]" name="tearDown" is-config="true" duration-ms="0" started-at="2016-09-23T18:13:41Z" finished-at="2016-09-23T18:13:41Z">
          <params>
            <param index="0">
              <value>
                <![CDATA[[TestResult name=home_page_splash_screen_test status=FAILURE method=HomePageTestCases.home_page_splash_screen_test()[pri:0, instance:com.eduven.testcase.HomePageTestCases@13fee20c] output={null}]]]>
              </value>
            </param>
          </params>
          <exception class="java.lang.ExceptionInInitializerError">
            <full-stacktrace>
              <![CDATA[java.lang.ExceptionInInitializerError
	at com.eduven.testcase.HomePageTestCases.tearDown(HomePageTestCases.java:47)
	at sun.reflect.NativeMethodAccessorImpl.invoke0(Native Method)
	at sun.reflect.NativeMethodAccessorImpl.invoke(NativeMethodAccessorImpl.java:62)
	at sun.reflect.DelegatingMethodAccessorImpl.invoke(DelegatingMethodAccessorImpl.java:43)
	at java.lang.reflect.Method.invoke(Method.java:498)
	at org.testng.internal.MethodInvocationHelper.invokeMethod(MethodInvocationHelper.java:86)
	at org.testng.internal.Invoker.invokeConfigurationMethod(Invoker.java:514)
	at org.testng.internal.Invoker.invokeConfigurations(Invoker.java:215)
	at org.testng.internal.Invoker.invokeMethod(Invoker.java:709)
	at org.testng.internal.Invoker.invokeTestMethod(Invoker.java:822)
	at org.testng.internal.Invoker.invokeTestMethods(Invoker.java:1130)
	at org.testng.internal.TestMethodWorker.invokeTestMethods(TestMethodWorker.java:129)
	at org.testng.internal.TestMethodWorker.run(TestMethodWorker.java:112)
	at org.testng.TestRunner.privateRun(TestRunner.java:782)
	at org.testng.TestRunner.run(TestRunner.java:632)
	at org.testng.SuiteRunner.runTest(SuiteRunner.java:366)
	at org.testng.SuiteRunner.runSequentially(SuiteRunner.java:361)
	at org.testng.SuiteRunner.privateRun(SuiteRunner.java:319)
	at org.testng.SuiteRunner.run(SuiteRunner.java:268)
	at org.testng.SuiteRunnerWorker.runSuite(SuiteRunnerWorker.java:52)
	at org.testng.SuiteRunnerWorker.run(SuiteRunnerWorker.java:86)
	at org.testng.TestNG.runSuitesSequentially(TestNG.java:1244)
	at org.testng.TestNG.runSuitesLocally(TestNG.java:1169)
	at org.testng.TestNG.run(TestNG.java:1064)
	at org.testng.remote.RemoteTestNG.run(RemoteTestNG.java:113)
	at org.testng.remote.RemoteTestNG.initAndRun(RemoteTestNG.java:206)
	at org.testng.remote.RemoteTestNG.main(RemoteTestNG.java:177)
Caused by: org.openqa.selenium.SessionNotCreatedException: A new session could not be created. (Original error: Installing /Users/hiteshbhardwaj/Downloads/Payload/CountryGuideFramework.app failed) (WARNING: The server did not provide any stacktrace information)
Command duration or timeout: 1.97 seconds
Build info: version: '2.51.0', revision: '1af067d', time: '2016-02-05 19:11:55'
System info: host: 'Hitesh-Mac-Mini.local', ip: '10.30.30.98', os.name: 'Mac OS X', os.arch: 'x86_64', os.version: '10.11.6', java.version: '1.8.0_74'
Driver info: io.appium.java_client.ios.IOSDriver
	at sun.reflect.NativeConstructorAccessorImpl.newInstance0(Native Method)
	at sun.reflect.NativeConstructorAccessorImpl.newInstance(NativeConstructorAccessorImpl.java:62)
	at sun.reflect.DelegatingConstructorAccessorImpl.newInstance(DelegatingConstructorAccessorImpl.java:45)
	at java.lang.reflect.Constructor.newInstance(Constructor.java:423)
	at org.openqa.selenium.remote.ErrorHandler.createThrowable(ErrorHandler.java:206)
	at org.openqa.selenium.remote.ErrorHandler.throwIfResponseFailed(ErrorHandler.java:158)
	at org.openqa.selenium.remote.RemoteWebDriver.execute(RemoteWebDriver.java:678)
	at io.appium.java_client.DefaultGenericMobileDriver.execute(DefaultGenericMobileDriver.java:43)
	at io.appium.java_client.AppiumDriver.execute(AppiumDriver.java:1)
	at io.appium.java_client.ios.IOSDriver.execute(IOSDriver.java:1)
	at org.openqa.selenium.remote.RemoteWebDriver.startSession(RemoteWebDriver.java:249)
	at org.openqa.selenium.remote.RemoteWebDriver.<init>(RemoteWebDriver.java:131)
	at org.openqa.selenium.remote.RemoteWebDriver.<init>(RemoteWebDriver.java:144)
	at io.appium.java_client.DefaultGenericMobileDriver.<init>(DefaultGenericMobileDriver.java:39)
	at io.appium.java_client.AppiumDriver.<init>(AppiumDriver.java:69)
	at io.appium.java_client.AppiumDriver.<init>(AppiumDriver.java:78)
	at io.appium.java_client.ios.IOSDriver.<init>(IOSDriver.java:55)
	at com.eduven.utils.DriverInstance.getIosDriver(DriverInstance.java:45)
	at com.eduven.report.ScreenShot.<clinit>(ScreenShot.java:19)
	... 27 more
]]>
            </full-stacktrace>
          </exception> <!-- java.lang.ExceptionInInitializerError -->
          <reporter-output>
          </reporter-output>
        </test-method> <!-- tearDown -->
        <test-method status="SKIP" signature="home_page_header_txt_test()[pri:1, instance:com.eduven.testcase.HomePageTestCases@13fee20c]" name="home_page_header_txt_test" duration-ms="1" started-at="2016-09-23T18:13:43Z" finished-at="2016-09-23T18:13:43Z">
          <reporter-output>
          </reporter-output>
        </test-method> <!-- home_page_header_txt_test -->
        <test-method status="SKIP" signature="tearDown(org.testng.ITestResult)[pri:0, instance:com.eduven.testcase.HomePageTestCases@13fee20c]" name="tearDown" is-config="true" duration-ms="0" started-at="2016-09-23T18:13:43Z" finished-at="2016-09-23T18:13:43Z">
          <reporter-output>
          </reporter-output>
        </test-method> <!-- tearDown -->
        <test-method status="SKIP" signature="home_page_ev_menu_test()[pri:2, instance:com.eduven.testcase.HomePageTestCases@13fee20c]" name="home_page_ev_menu_test" duration-ms="0" started-at="2016-09-23T18:13:43Z" finished-at="2016-09-23T18:13:43Z">
          <reporter-output>
          </reporter-output>
        </test-method> <!-- home_page_ev_menu_test -->
        <test-method status="SKIP" signature="tearDown(org.testng.ITestResult)[pri:0, instance:com.eduven.testcase.HomePageTestCases@13fee20c]" name="tearDown" is-config="true" duration-ms="0" started-at="2016-09-23T18:13:43Z" finished-at="2016-09-23T18:13:43Z">
          <reporter-output>
          </reporter-output>
        </test-method> <!-- tearDown -->
        <test-method status="SKIP" signature="home_page_categories_test()[pri:3, instance:com.eduven.testcase.HomePageTestCases@13fee20c]" name="home_page_categories_test" duration-ms="1" started-at="2016-09-23T18:13:43Z" finished-at="2016-09-23T18:13:43Z">
          <reporter-output>
          </reporter-output>
        </test-method> <!-- home_page_categories_test -->
        <test-method status="SKIP" signature="tearDown(org.testng.ITestResult)[pri:0, instance:com.eduven.testcase.HomePageTestCases@13fee20c]" name="tearDown" is-config="true" duration-ms="0" started-at="2016-09-23T18:13:43Z" finished-at="2016-09-23T18:13:43Z">
          <reporter-output>
          </reporter-output>
        </test-method> <!-- tearDown -->
        <test-method status="SKIP" signature="home_page_cities_test()[pri:4, instance:com.eduven.testcase.HomePageTestCases@13fee20c]" name="home_page_cities_test" duration-ms="0" started-at="2016-09-23T18:13:43Z" finished-at="2016-09-23T18:13:43Z">
          <reporter-output>
          </reporter-output>
        </test-method> <!-- home_page_cities_test -->
        <test-method status="SKIP" signature="tearDown(org.testng.ITestResult)[pri:0, instance:com.eduven.testcase.HomePageTestCases@13fee20c]" name="tearDown" is-config="true" duration-ms="0" started-at="2016-09-23T18:13:43Z" finished-at="2016-09-23T18:13:43Z">
          <reporter-output>
          </reporter-output>
        </test-method> <!-- tearDown -->
        <test-method status="SKIP" signature="close_app()[pri:0, instance:com.eduven.testcase.HomePageTestCases@13fee20c]" name="close_app" is-config="true" duration-ms="0" started-at="2016-09-23T18:13:43Z" finished-at="2016-09-23T18:13:43Z">
          <reporter-output>
          </reporter-output>
        </test-method> <!-- close_app -->
      </class> <!-- com.eduven.testcase.HomePageTestCases -->
    </test> <!-- Default test -->
  </suite> <!-- Default suite -->
</testng-results>
