<?xml version="1.0" encoding="UTF-8"?>
<testng-results skipped="0" failed="1" total="3" passed="2">
  <reporter-output>
  </reporter-output>
  <suite name="Default suite" duration-ms="145849" started-at="2016-12-15T07:14:33Z" finished-at="2016-12-15T07:16:59Z">
    <groups>
    </groups>
    <test name="Default test" duration-ms="145849" started-at="2016-12-15T07:14:33Z" finished-at="2016-12-15T07:16:59Z">
      <class name="com.eduven.testcase.TermDetailPageTestCases">
        <test-method status="PASS" signature="navigateTermPageTest()[pri:0, instance:com.eduven.testcase.TermDetailPageTestCases@4566e5bd]" name="navigateTermPageTest" duration-ms="52225" started-at="2016-12-15T12:44:33Z" finished-at="2016-12-15T12:45:25Z">
          <reporter-output>
          </reporter-output>
        </test-method> <!-- navigateTermPageTest -->
        <test-method status="PASS" signature="tearDown(org.testng.ITestResult)[pri:0, instance:com.eduven.testcase.TermDetailPageTestCases@4566e5bd]" name="tearDown" is-config="true" duration-ms="2" started-at="2016-12-15T12:45:25Z" finished-at="2016-12-15T12:45:25Z">
          <params>
            <param index="0">
              <value>
                <![CDATA[[TestResult name=navigateTermPageTest status=SUCCESS method=TermDetailPageTestCases.navigateTermPageTest()[pri:0, instance:com.eduven.testcase.TermDetailPageTestCases@4566e5bd] output={null}]]]>
              </value>
            </param>
          </params>
          <reporter-output>
          </reporter-output>
        </test-method> <!-- tearDown -->
        <test-method status="PASS" signature="navigateToTermDetailPageTest()[pri:10, instance:com.eduven.testcase.TermDetailPageTestCases@4566e5bd]" name="navigateToTermDetailPageTest" duration-ms="69452" started-at="2016-12-15T12:45:25Z" finished-at="2016-12-15T12:46:35Z">
          <reporter-output>
          </reporter-output>
        </test-method> <!-- navigateToTermDetailPageTest -->
        <test-method status="PASS" signature="tearDown(org.testng.ITestResult)[pri:0, instance:com.eduven.testcase.TermDetailPageTestCases@4566e5bd]" name="tearDown" is-config="true" duration-ms="0" started-at="2016-12-15T12:46:35Z" finished-at="2016-12-15T12:46:35Z">
          <params>
            <param index="0">
              <value>
                <![CDATA[[TestResult name=navigateToTermDetailPageTest status=SUCCESS method=TermDetailPageTestCases.navigateToTermDetailPageTest()[pri:10, instance:com.eduven.testcase.TermDetailPageTestCases@4566e5bd] output={null}]]]>
              </value>
            </param>
          </params>
          <reporter-output>
          </reporter-output>
        </test-method> <!-- tearDown -->
        <test-method status="FAIL" signature="verifyElementsOnTermDetailPageTest()[pri:30, instance:com.eduven.testcase.TermDetailPageTestCases@4566e5bd]" name="verifyElementsOnTermDetailPageTest" duration-ms="4797" started-at="2016-12-15T12:46:35Z" finished-at="2016-12-15T12:46:39Z">
          <exception class="java.lang.AssertionError">
            <message>
              <![CDATA[Error Message!!Actual & Expected header value not matched.]]>
            </message>
            <full-stacktrace>
              <![CDATA[java.lang.AssertionError: Error Message!!Actual & Expected header value not matched.
	at org.testng.Assert.fail(Assert.java:94)
	at org.testng.Assert.assertNotEquals(Assert.java:856)
	at com.eduven.utils.Reusables.verifyNotEqualMessage(Reusables.java:848)
	at com.eduven.modules.TermDetailPage.verifyElementOnTermDetailPage(TermDetailPage.java:362)
	at com.eduven.testcase.TermDetailPageTestCases.verifyElementsOnTermDetailPageTest(TermDetailPageTestCases.java:56)
	at sun.reflect.NativeMethodAccessorImpl.invoke0(Native Method)
	at sun.reflect.NativeMethodAccessorImpl.invoke(NativeMethodAccessorImpl.java:62)
	at sun.reflect.DelegatingMethodAccessorImpl.invoke(DelegatingMethodAccessorImpl.java:43)
	at java.lang.reflect.Method.invoke(Method.java:498)
	at org.testng.internal.MethodInvocationHelper.invokeMethod(MethodInvocationHelper.java:85)
	at org.testng.internal.Invoker.invokeMethod(Invoker.java:639)
	at org.testng.internal.Invoker.invokeTestMethod(Invoker.java:816)
	at org.testng.internal.Invoker.invokeTestMethods(Invoker.java:1124)
	at org.testng.internal.TestMethodWorker.invokeTestMethods(TestMethodWorker.java:125)
	at org.testng.internal.TestMethodWorker.run(TestMethodWorker.java:108)
	at org.testng.TestRunner.privateRun(TestRunner.java:774)
	at org.testng.TestRunner.run(TestRunner.java:624)
	at org.testng.SuiteRunner.runTest(SuiteRunner.java:359)
	at org.testng.SuiteRunner.runSequentially(SuiteRunner.java:354)
	at org.testng.SuiteRunner.privateRun(SuiteRunner.java:312)
	at org.testng.SuiteRunner.run(SuiteRunner.java:261)
	at org.testng.SuiteRunnerWorker.runSuite(SuiteRunnerWorker.java:52)
	at org.testng.SuiteRunnerWorker.run(SuiteRunnerWorker.java:86)
	at org.testng.TestNG.runSuitesSequentially(TestNG.java:1215)
	at org.testng.TestNG.runSuitesLocally(TestNG.java:1140)
	at org.testng.TestNG.run(TestNG.java:1048)
	at org.testng.remote.AbstractRemoteTestNG.run(AbstractRemoteTestNG.java:132)
	at org.testng.remote.RemoteTestNG.initAndRun(RemoteTestNG.java:236)
	at org.testng.remote.RemoteTestNG.main(RemoteTestNG.java:81)
]]>
            </full-stacktrace>
          </exception> <!-- java.lang.AssertionError -->
          <reporter-output>
          </reporter-output>
        </test-method> <!-- verifyElementsOnTermDetailPageTest -->
        <test-method status="PASS" signature="tearDown(org.testng.ITestResult)[pri:0, instance:com.eduven.testcase.TermDetailPageTestCases@4566e5bd]" name="tearDown" is-config="true" duration-ms="2752" started-at="2016-12-15T12:46:39Z" finished-at="2016-12-15T12:46:42Z">
          <params>
            <param index="0">
              <value>
                <![CDATA[[TestResult name=verifyElementsOnTermDetailPageTest status=FAILURE method=TermDetailPageTestCases.verifyElementsOnTermDetailPageTest()[pri:30, instance:com.eduven.testcase.TermDetailPageTestCases@4566e5bd] output={null}]]]>
              </value>
            </param>
          </params>
          <reporter-output>
          </reporter-output>
        </test-method> <!-- tearDown -->
        <test-method status="PASS" signature="closeApp()[pri:0, instance:com.eduven.testcase.TermDetailPageTestCases@4566e5bd]" name="closeApp" is-config="true" duration-ms="16590" started-at="2016-12-15T12:46:42Z" finished-at="2016-12-15T12:46:59Z">
          <reporter-output>
          </reporter-output>
        </test-method> <!-- closeApp -->
      </class> <!-- com.eduven.testcase.TermDetailPageTestCases -->
    </test> <!-- Default test -->
  </suite> <!-- Default suite -->
</testng-results>
