<?xml version="1.0" encoding="UTF-8"?>
<!-- Generated by org.testng.reporters.JUnitXMLReporter -->
<testsuite hostname="Hitesh-Mac-Mini.local" name="Regression Testing Learn French" tests="102" failures="14" timestamp="3 Nov 2016 09:13:57 GMT" time="3238.355" errors="0">
  <testcase name="@AfterMethod tearDown" time="0.0" classname="com.eduven.testcase.EvMenuPageTestCases">
    <failure type="org.openqa.selenium.remote.SessionNotFoundException" message="
Command duration or timeout: 19 milliseconds
Build info: version: &amp;apos;2.51.0&amp;apos;, revision: &amp;apos;1af067d&amp;apos;, time: &amp;apos;2016-02-05 19:11:55&amp;apos;
System info: host: &amp;apos;Hitesh-Mac-Mini.local&amp;apos;, ip: &amp;apos;10.30.30.97&amp;apos;, os.name: &amp;apos;Mac OS X&amp;apos;, os.arch: &amp;apos;x86_64&amp;apos;, os.version: &amp;apos;10.11.6&amp;apos;, java.version: &amp;apos;1.8.0_74&amp;apos;
Driver info: io.appium.java_client.ios.IOSDriver
Capabilities [{app=/Users/hiteshbhardwaj/Desktop/Automation/app/LanguagesForIOS/french/french.ipa, networkConnectionEnabled=false, warnings={}, appiumVersion=1.4.13, databaseEnabled=false, deviceName=Rahul&amp;apos;s iPad (9.3.5), platform=UNIX, desired={app=/Users/hiteshbhardwaj/Desktop/Automation/app/LanguagesForIOS/french/french.ipa, appiumVersion=1.4.13, platformVersion=9.3, automationName=Appium, udid=84974ee52e47314f4e50b296df4610e953edc63f, platformName=iOS, deviceName=Rahul&amp;apos;s iPad (9.3.5), platform=IOS}, platformVersion=9.3, webStorageEnabled=false, locationContextEnabled=false, automationName=Appium, browserName=iOS, takesScreenshot=true, javascriptEnabled=true, udid=84974ee52e47314f4e50b296df4610e953edc63f, platformName=iOS}]
Session ID: 8b4f176e-d88b-4c08-8ebc-d65e5ed3e633">
      <![CDATA[org.openqa.selenium.remote.SessionNotFoundException: 
Command duration or timeout: 19 milliseconds
Build info: version: '2.51.0', revision: '1af067d', time: '2016-02-05 19:11:55'
System info: host: 'Hitesh-Mac-Mini.local', ip: '10.30.30.97', os.name: 'Mac OS X', os.arch: 'x86_64', os.version: '10.11.6', java.version: '1.8.0_74'
Driver info: io.appium.java_client.ios.IOSDriver
Capabilities [{app=/Users/hiteshbhardwaj/Desktop/Automation/app/LanguagesForIOS/french/french.ipa, networkConnectionEnabled=false, warnings={}, appiumVersion=1.4.13, databaseEnabled=false, deviceName=Rahul's iPad (9.3.5), platform=UNIX, desired={app=/Users/hiteshbhardwaj/Desktop/Automation/app/LanguagesForIOS/french/french.ipa, appiumVersion=1.4.13, platformVersion=9.3, automationName=Appium, udid=84974ee52e47314f4e50b296df4610e953edc63f, platformName=iOS, deviceName=Rahul's iPad (9.3.5), platform=IOS}, platformVersion=9.3, webStorageEnabled=false, locationContextEnabled=false, automationName=Appium, browserName=iOS, takesScreenshot=true, javascriptEnabled=true, udid=84974ee52e47314f4e50b296df4610e953edc63f, platformName=iOS}]
Session ID: 8b4f176e-d88b-4c08-8ebc-d65e5ed3e633
	at sun.reflect.NativeConstructorAccessorImpl.newInstance0(Native Method)
	at sun.reflect.NativeConstructorAccessorImpl.newInstance(NativeConstructorAccessorImpl.java:62)
	at sun.reflect.DelegatingConstructorAccessorImpl.newInstance(DelegatingConstructorAccessorImpl.java:45)
	at java.lang.reflect.Constructor.newInstance(Constructor.java:423)
	at org.openqa.selenium.remote.ErrorHandler.createThrowable(ErrorHandler.java:206)
	at org.openqa.selenium.remote.ErrorHandler.throwIfResponseFailed(ErrorHandler.java:164)
	at org.openqa.selenium.remote.RemoteWebDriver.execute(RemoteWebDriver.java:678)
	at io.appium.java_client.DefaultGenericMobileDriver.execute(DefaultGenericMobileDriver.java:43)
	at io.appium.java_client.AppiumDriver.execute(AppiumDriver.java:216)
	at org.openqa.selenium.remote.RemoteWebDriver.getScreenshotAs(RemoteWebDriver.java:335)
	at com.eduven.report.ScreenShot.takesScreenShotCapture(ScreenShot.java:33)
	at com.eduven.testcase.EvMenuPageTestCases.tearDown(EvMenuPageTestCases.java:191)
	at sun.reflect.GeneratedMethodAccessor6.invoke(Unknown Source)
	at sun.reflect.DelegatingMethodAccessorImpl.invoke(DelegatingMethodAccessorImpl.java:43)
	at java.lang.reflect.Method.invoke(Method.java:498)
	at org.testng.internal.MethodInvocationHelper.invokeMethod(MethodInvocationHelper.java:85)
	at org.testng.internal.Invoker.invokeConfigurationMethod(Invoker.java:510)
	at org.testng.internal.Invoker.invokeConfigurations(Invoker.java:211)
	at org.testng.internal.Invoker.invokeMethod(Invoker.java:703)
	at org.testng.internal.Invoker.invokeTestMethod(Invoker.java:816)
	at org.testng.internal.Invoker.invokeTestMethods(Invoker.java:1124)
	at org.testng.internal.TestMethodWorker.invokeTestMethods(TestMethodWorker.java:125)
	at org.testng.internal.TestMethodWorker.run(TestMethodWorker.java:108)
	at org.testng.TestRunner.privateRun(TestRunner.java:774)
	at org.testng.TestRunner.run(TestRunner.java:624)
	at org.testng.SuiteRunner.runTest(SuiteRunner.java:359)
	at org.testng.SuiteRunner.runSequentially(SuiteRunner.java:354)
	at org.testng.SuiteRunner.privateRun(SuiteRunner.java:312)
	at org.testng.SuiteRunner.run(SuiteRunner.java:261)
	at org.testng.SuiteRunnerWorker.runSuite(SuiteRunnerWorker.java:52)
	at org.testng.SuiteRunnerWorker.run(SuiteRunnerWorker.java:86)
	at org.testng.TestNG.runSuitesSequentially(TestNG.java:1215)
	at org.testng.TestNG.runSuitesLocally(TestNG.java:1140)
	at org.testng.TestNG.run(TestNG.java:1048)
	at com.eduven.utils.RunTestng.main(RunTestng.java:58)
]]>
    </failure>
  </testcase> <!-- @AfterMethod tearDown -->
  <testcase name="@AfterMethod tearDown" time="0.0" classname="com.eduven.testcase.EvMenuPageTestCases">
    <skipped/>
  </testcase> <!-- @AfterMethod tearDown -->
  <testcase name="@AfterMethod tearDown" time="0.0" classname="com.eduven.testcase.EvMenuPageTestCases">
    <skipped/>
  </testcase> <!-- @AfterMethod tearDown -->
  <testcase name="@AfterClass close_app" time="0.0" classname="com.eduven.testcase.EvMenuPageTestCases">
    <skipped/>
  </testcase> <!-- @AfterClass close_app -->
  <testcase name="@AfterMethod tearDown" time="0.0" classname="com.eduven.testcase.TermListPageTestCases">
    <failure type="org.openqa.selenium.remote.SessionNotFoundException" message="
Command duration or timeout: 7 milliseconds
Build info: version: &amp;apos;2.51.0&amp;apos;, revision: &amp;apos;1af067d&amp;apos;, time: &amp;apos;2016-02-05 19:11:55&amp;apos;
System info: host: &amp;apos;Hitesh-Mac-Mini.local&amp;apos;, ip: &amp;apos;10.30.30.97&amp;apos;, os.name: &amp;apos;Mac OS X&amp;apos;, os.arch: &amp;apos;x86_64&amp;apos;, os.version: &amp;apos;10.11.6&amp;apos;, java.version: &amp;apos;1.8.0_74&amp;apos;
Driver info: io.appium.java_client.ios.IOSDriver
Capabilities [{app=/Users/hiteshbhardwaj/Desktop/Automation/app/LanguagesForIOS/french/french.ipa, networkConnectionEnabled=false, warnings={}, appiumVersion=1.4.13, databaseEnabled=false, deviceName=Rahul&amp;apos;s iPad (9.3.5), platform=UNIX, desired={app=/Users/hiteshbhardwaj/Desktop/Automation/app/LanguagesForIOS/french/french.ipa, appiumVersion=1.4.13, platformVersion=9.3, automationName=Appium, udid=84974ee52e47314f4e50b296df4610e953edc63f, platformName=iOS, deviceName=Rahul&amp;apos;s iPad (9.3.5), platform=IOS}, platformVersion=9.3, webStorageEnabled=false, locationContextEnabled=false, automationName=Appium, browserName=iOS, takesScreenshot=true, javascriptEnabled=true, udid=84974ee52e47314f4e50b296df4610e953edc63f, platformName=iOS}]
Session ID: 8b4f176e-d88b-4c08-8ebc-d65e5ed3e633">
      <![CDATA[org.openqa.selenium.remote.SessionNotFoundException: 
Command duration or timeout: 7 milliseconds
Build info: version: '2.51.0', revision: '1af067d', time: '2016-02-05 19:11:55'
System info: host: 'Hitesh-Mac-Mini.local', ip: '10.30.30.97', os.name: 'Mac OS X', os.arch: 'x86_64', os.version: '10.11.6', java.version: '1.8.0_74'
Driver info: io.appium.java_client.ios.IOSDriver
Capabilities [{app=/Users/hiteshbhardwaj/Desktop/Automation/app/LanguagesForIOS/french/french.ipa, networkConnectionEnabled=false, warnings={}, appiumVersion=1.4.13, databaseEnabled=false, deviceName=Rahul's iPad (9.3.5), platform=UNIX, desired={app=/Users/hiteshbhardwaj/Desktop/Automation/app/LanguagesForIOS/french/french.ipa, appiumVersion=1.4.13, platformVersion=9.3, automationName=Appium, udid=84974ee52e47314f4e50b296df4610e953edc63f, platformName=iOS, deviceName=Rahul's iPad (9.3.5), platform=IOS}, platformVersion=9.3, webStorageEnabled=false, locationContextEnabled=false, automationName=Appium, browserName=iOS, takesScreenshot=true, javascriptEnabled=true, udid=84974ee52e47314f4e50b296df4610e953edc63f, platformName=iOS}]
Session ID: 8b4f176e-d88b-4c08-8ebc-d65e5ed3e633
	at sun.reflect.NativeConstructorAccessorImpl.newInstance0(Native Method)
	at sun.reflect.NativeConstructorAccessorImpl.newInstance(NativeConstructorAccessorImpl.java:62)
	at sun.reflect.DelegatingConstructorAccessorImpl.newInstance(DelegatingConstructorAccessorImpl.java:45)
	at java.lang.reflect.Constructor.newInstance(Constructor.java:423)
	at org.openqa.selenium.remote.ErrorHandler.createThrowable(ErrorHandler.java:206)
	at org.openqa.selenium.remote.ErrorHandler.throwIfResponseFailed(ErrorHandler.java:164)
	at org.openqa.selenium.remote.RemoteWebDriver.execute(RemoteWebDriver.java:678)
	at io.appium.java_client.DefaultGenericMobileDriver.execute(DefaultGenericMobileDriver.java:43)
	at io.appium.java_client.AppiumDriver.execute(AppiumDriver.java:216)
	at org.openqa.selenium.remote.RemoteWebDriver.getScreenshotAs(RemoteWebDriver.java:335)
	at com.eduven.report.ScreenShot.takesScreenShotCapture(ScreenShot.java:33)
	at com.eduven.testcase.TermListPageTestCases.tearDown(TermListPageTestCases.java:112)
	at sun.reflect.NativeMethodAccessorImpl.invoke0(Native Method)
	at sun.reflect.NativeMethodAccessorImpl.invoke(NativeMethodAccessorImpl.java:62)
	at sun.reflect.DelegatingMethodAccessorImpl.invoke(DelegatingMethodAccessorImpl.java:43)
	at java.lang.reflect.Method.invoke(Method.java:498)
	at org.testng.internal.MethodInvocationHelper.invokeMethod(MethodInvocationHelper.java:85)
	at org.testng.internal.Invoker.invokeConfigurationMethod(Invoker.java:510)
	at org.testng.internal.Invoker.invokeConfigurations(Invoker.java:211)
	at org.testng.internal.Invoker.invokeMethod(Invoker.java:703)
	at org.testng.internal.Invoker.invokeTestMethod(Invoker.java:816)
	at org.testng.internal.Invoker.invokeTestMethods(Invoker.java:1124)
	at org.testng.internal.TestMethodWorker.invokeTestMethods(TestMethodWorker.java:125)
	at org.testng.internal.TestMethodWorker.run(TestMethodWorker.java:108)
	at org.testng.TestRunner.privateRun(TestRunner.java:774)
	at org.testng.TestRunner.run(TestRunner.java:624)
	at org.testng.SuiteRunner.runTest(SuiteRunner.java:359)
	at org.testng.SuiteRunner.runSequentially(SuiteRunner.java:354)
	at org.testng.SuiteRunner.privateRun(SuiteRunner.java:312)
	at org.testng.SuiteRunner.run(SuiteRunner.java:261)
	at org.testng.SuiteRunnerWorker.runSuite(SuiteRunnerWorker.java:52)
	at org.testng.SuiteRunnerWorker.run(SuiteRunnerWorker.java:86)
	at org.testng.TestNG.runSuitesSequentially(TestNG.java:1215)
	at org.testng.TestNG.runSuitesLocally(TestNG.java:1140)
	at org.testng.TestNG.run(TestNG.java:1048)
	at com.eduven.utils.RunTestng.main(RunTestng.java:58)
]]>
    </failure>
  </testcase> <!-- @AfterMethod tearDown -->
  <testcase name="@AfterMethod tearDown" time="0.0" classname="com.eduven.testcase.TermListPageTestCases">
    <skipped/>
  </testcase> <!-- @AfterMethod tearDown -->
  <testcase name="@AfterMethod tearDown" time="0.0" classname="com.eduven.testcase.TermListPageTestCases">
    <skipped/>
  </testcase> <!-- @AfterMethod tearDown -->
  <testcase name="@AfterMethod tearDown" time="0.0" classname="com.eduven.testcase.TermListPageTestCases">
    <skipped/>
  </testcase> <!-- @AfterMethod tearDown -->
  <testcase name="@AfterMethod tearDown" time="0.0" classname="com.eduven.testcase.TermListPageTestCases">
    <skipped/>
  </testcase> <!-- @AfterMethod tearDown -->
  <testcase name="@AfterMethod tearDown" time="0.0" classname="com.eduven.testcase.TermListPageTestCases">
    <skipped/>
  </testcase> <!-- @AfterMethod tearDown -->
  <testcase name="@AfterClass closApp" time="0.0" classname="com.eduven.testcase.TermListPageTestCases">
    <skipped/>
  </testcase> <!-- @AfterClass closApp -->
  <testcase name="@AfterMethod tearDown" time="0.0" classname="com.eduven.testcase.QuickListPageTestCases">
    <failure type="org.openqa.selenium.remote.SessionNotFoundException" message="
Command duration or timeout: 4 milliseconds
Build info: version: &amp;apos;2.51.0&amp;apos;, revision: &amp;apos;1af067d&amp;apos;, time: &amp;apos;2016-02-05 19:11:55&amp;apos;
System info: host: &amp;apos;Hitesh-Mac-Mini.local&amp;apos;, ip: &amp;apos;10.30.30.97&amp;apos;, os.name: &amp;apos;Mac OS X&amp;apos;, os.arch: &amp;apos;x86_64&amp;apos;, os.version: &amp;apos;10.11.6&amp;apos;, java.version: &amp;apos;1.8.0_74&amp;apos;
Driver info: io.appium.java_client.ios.IOSDriver
Capabilities [{app=/Users/hiteshbhardwaj/Desktop/Automation/app/LanguagesForIOS/french/french.ipa, networkConnectionEnabled=false, warnings={}, appiumVersion=1.4.13, databaseEnabled=false, deviceName=Rahul&amp;apos;s iPad (9.3.5), platform=UNIX, desired={app=/Users/hiteshbhardwaj/Desktop/Automation/app/LanguagesForIOS/french/french.ipa, appiumVersion=1.4.13, platformVersion=9.3, automationName=Appium, udid=84974ee52e47314f4e50b296df4610e953edc63f, platformName=iOS, deviceName=Rahul&amp;apos;s iPad (9.3.5), platform=IOS}, platformVersion=9.3, webStorageEnabled=false, locationContextEnabled=false, automationName=Appium, browserName=iOS, takesScreenshot=true, javascriptEnabled=true, udid=84974ee52e47314f4e50b296df4610e953edc63f, platformName=iOS}]
Session ID: 8b4f176e-d88b-4c08-8ebc-d65e5ed3e633">
      <![CDATA[org.openqa.selenium.remote.SessionNotFoundException: 
Command duration or timeout: 4 milliseconds
Build info: version: '2.51.0', revision: '1af067d', time: '2016-02-05 19:11:55'
System info: host: 'Hitesh-Mac-Mini.local', ip: '10.30.30.97', os.name: 'Mac OS X', os.arch: 'x86_64', os.version: '10.11.6', java.version: '1.8.0_74'
Driver info: io.appium.java_client.ios.IOSDriver
Capabilities [{app=/Users/hiteshbhardwaj/Desktop/Automation/app/LanguagesForIOS/french/french.ipa, networkConnectionEnabled=false, warnings={}, appiumVersion=1.4.13, databaseEnabled=false, deviceName=Rahul's iPad (9.3.5), platform=UNIX, desired={app=/Users/hiteshbhardwaj/Desktop/Automation/app/LanguagesForIOS/french/french.ipa, appiumVersion=1.4.13, platformVersion=9.3, automationName=Appium, udid=84974ee52e47314f4e50b296df4610e953edc63f, platformName=iOS, deviceName=Rahul's iPad (9.3.5), platform=IOS}, platformVersion=9.3, webStorageEnabled=false, locationContextEnabled=false, automationName=Appium, browserName=iOS, takesScreenshot=true, javascriptEnabled=true, udid=84974ee52e47314f4e50b296df4610e953edc63f, platformName=iOS}]
Session ID: 8b4f176e-d88b-4c08-8ebc-d65e5ed3e633
	at sun.reflect.NativeConstructorAccessorImpl.newInstance0(Native Method)
	at sun.reflect.NativeConstructorAccessorImpl.newInstance(NativeConstructorAccessorImpl.java:62)
	at sun.reflect.DelegatingConstructorAccessorImpl.newInstance(DelegatingConstructorAccessorImpl.java:45)
	at java.lang.reflect.Constructor.newInstance(Constructor.java:423)
	at org.openqa.selenium.remote.ErrorHandler.createThrowable(ErrorHandler.java:206)
	at org.openqa.selenium.remote.ErrorHandler.throwIfResponseFailed(ErrorHandler.java:164)
	at org.openqa.selenium.remote.RemoteWebDriver.execute(RemoteWebDriver.java:678)
	at io.appium.java_client.DefaultGenericMobileDriver.execute(DefaultGenericMobileDriver.java:43)
	at io.appium.java_client.AppiumDriver.execute(AppiumDriver.java:216)
	at org.openqa.selenium.remote.RemoteWebDriver.getScreenshotAs(RemoteWebDriver.java:335)
	at com.eduven.report.ScreenShot.takesScreenShotCapture(ScreenShot.java:33)
	at com.eduven.testcase.QuickListPageTestCases.tearDown(QuickListPageTestCases.java:78)
	at sun.reflect.NativeMethodAccessorImpl.invoke0(Native Method)
	at sun.reflect.NativeMethodAccessorImpl.invoke(NativeMethodAccessorImpl.java:62)
	at sun.reflect.DelegatingMethodAccessorImpl.invoke(DelegatingMethodAccessorImpl.java:43)
	at java.lang.reflect.Method.invoke(Method.java:498)
	at org.testng.internal.MethodInvocationHelper.invokeMethod(MethodInvocationHelper.java:85)
	at org.testng.internal.Invoker.invokeConfigurationMethod(Invoker.java:510)
	at org.testng.internal.Invoker.invokeConfigurations(Invoker.java:211)
	at org.testng.internal.Invoker.invokeMethod(Invoker.java:703)
	at org.testng.internal.Invoker.invokeTestMethod(Invoker.java:816)
	at org.testng.internal.Invoker.invokeTestMethods(Invoker.java:1124)
	at org.testng.internal.TestMethodWorker.invokeTestMethods(TestMethodWorker.java:125)
	at org.testng.internal.TestMethodWorker.run(TestMethodWorker.java:108)
	at org.testng.TestRunner.privateRun(TestRunner.java:774)
	at org.testng.TestRunner.run(TestRunner.java:624)
	at org.testng.SuiteRunner.runTest(SuiteRunner.java:359)
	at org.testng.SuiteRunner.runSequentially(SuiteRunner.java:354)
	at org.testng.SuiteRunner.privateRun(SuiteRunner.java:312)
	at org.testng.SuiteRunner.run(SuiteRunner.java:261)
	at org.testng.SuiteRunnerWorker.runSuite(SuiteRunnerWorker.java:52)
	at org.testng.SuiteRunnerWorker.run(SuiteRunnerWorker.java:86)
	at org.testng.TestNG.runSuitesSequentially(TestNG.java:1215)
	at org.testng.TestNG.runSuitesLocally(TestNG.java:1140)
	at org.testng.TestNG.run(TestNG.java:1048)
	at com.eduven.utils.RunTestng.main(RunTestng.java:58)
]]>
    </failure>
  </testcase> <!-- @AfterMethod tearDown -->
  <testcase name="@AfterMethod tearDown" time="0.0" classname="com.eduven.testcase.QuickListPageTestCases">
    <skipped/>
  </testcase> <!-- @AfterMethod tearDown -->
  <testcase name="@AfterMethod tearDown" time="0.0" classname="com.eduven.testcase.QuickListPageTestCases">
    <skipped/>
  </testcase> <!-- @AfterMethod tearDown -->
  <testcase name="@AfterMethod tearDown" time="0.0" classname="com.eduven.testcase.QuickListPageTestCases">
    <skipped/>
  </testcase> <!-- @AfterMethod tearDown -->
  <testcase name="@AfterMethod tearDown" time="0.0" classname="com.eduven.testcase.QuickListPageTestCases">
    <skipped/>
  </testcase> <!-- @AfterMethod tearDown -->
  <testcase name="@AfterMethod tearDown" time="0.0" classname="com.eduven.testcase.QuickListPageTestCases">
    <skipped/>
  </testcase> <!-- @AfterMethod tearDown -->
  <testcase name="@AfterMethod tearDown" time="0.0" classname="com.eduven.testcase.QuickListPageTestCases">
    <skipped/>
  </testcase> <!-- @AfterMethod tearDown -->
  <testcase name="@AfterMethod tearDown" time="0.0" classname="com.eduven.testcase.QuickListPageTestCases">
    <skipped/>
  </testcase> <!-- @AfterMethod tearDown -->
  <testcase name="@AfterMethod tearDown" time="0.0" classname="com.eduven.testcase.QuickListPageTestCases">
    <skipped/>
  </testcase> <!-- @AfterMethod tearDown -->
  <testcase name="@AfterClass close_app" time="0.0" classname="com.eduven.testcase.QuickListPageTestCases">
    <skipped/>
  </testcase> <!-- @AfterClass close_app -->
  <testcase name="@AfterMethod tearDown" time="0.0" classname="com.eduven.testcase.AutoPlayPageTestCases">
    <failure type="org.openqa.selenium.remote.SessionNotFoundException" message="
Command duration or timeout: 5 milliseconds
Build info: version: &amp;apos;2.51.0&amp;apos;, revision: &amp;apos;1af067d&amp;apos;, time: &amp;apos;2016-02-05 19:11:55&amp;apos;
System info: host: &amp;apos;Hitesh-Mac-Mini.local&amp;apos;, ip: &amp;apos;10.30.30.97&amp;apos;, os.name: &amp;apos;Mac OS X&amp;apos;, os.arch: &amp;apos;x86_64&amp;apos;, os.version: &amp;apos;10.11.6&amp;apos;, java.version: &amp;apos;1.8.0_74&amp;apos;
Driver info: io.appium.java_client.ios.IOSDriver
Capabilities [{app=/Users/hiteshbhardwaj/Desktop/Automation/app/LanguagesForIOS/french/french.ipa, networkConnectionEnabled=false, warnings={}, appiumVersion=1.4.13, databaseEnabled=false, deviceName=Rahul&amp;apos;s iPad (9.3.5), platform=UNIX, desired={app=/Users/hiteshbhardwaj/Desktop/Automation/app/LanguagesForIOS/french/french.ipa, appiumVersion=1.4.13, platformVersion=9.3, automationName=Appium, udid=84974ee52e47314f4e50b296df4610e953edc63f, platformName=iOS, deviceName=Rahul&amp;apos;s iPad (9.3.5), platform=IOS}, platformVersion=9.3, webStorageEnabled=false, locationContextEnabled=false, automationName=Appium, browserName=iOS, takesScreenshot=true, javascriptEnabled=true, udid=84974ee52e47314f4e50b296df4610e953edc63f, platformName=iOS}]
Session ID: 8b4f176e-d88b-4c08-8ebc-d65e5ed3e633">
      <![CDATA[org.openqa.selenium.remote.SessionNotFoundException: 
Command duration or timeout: 5 milliseconds
Build info: version: '2.51.0', revision: '1af067d', time: '2016-02-05 19:11:55'
System info: host: 'Hitesh-Mac-Mini.local', ip: '10.30.30.97', os.name: 'Mac OS X', os.arch: 'x86_64', os.version: '10.11.6', java.version: '1.8.0_74'
Driver info: io.appium.java_client.ios.IOSDriver
Capabilities [{app=/Users/hiteshbhardwaj/Desktop/Automation/app/LanguagesForIOS/french/french.ipa, networkConnectionEnabled=false, warnings={}, appiumVersion=1.4.13, databaseEnabled=false, deviceName=Rahul's iPad (9.3.5), platform=UNIX, desired={app=/Users/hiteshbhardwaj/Desktop/Automation/app/LanguagesForIOS/french/french.ipa, appiumVersion=1.4.13, platformVersion=9.3, automationName=Appium, udid=84974ee52e47314f4e50b296df4610e953edc63f, platformName=iOS, deviceName=Rahul's iPad (9.3.5), platform=IOS}, platformVersion=9.3, webStorageEnabled=false, locationContextEnabled=false, automationName=Appium, browserName=iOS, takesScreenshot=true, javascriptEnabled=true, udid=84974ee52e47314f4e50b296df4610e953edc63f, platformName=iOS}]
Session ID: 8b4f176e-d88b-4c08-8ebc-d65e5ed3e633
	at sun.reflect.NativeConstructorAccessorImpl.newInstance0(Native Method)
	at sun.reflect.NativeConstructorAccessorImpl.newInstance(NativeConstructorAccessorImpl.java:62)
	at sun.reflect.DelegatingConstructorAccessorImpl.newInstance(DelegatingConstructorAccessorImpl.java:45)
	at java.lang.reflect.Constructor.newInstance(Constructor.java:423)
	at org.openqa.selenium.remote.ErrorHandler.createThrowable(ErrorHandler.java:206)
	at org.openqa.selenium.remote.ErrorHandler.throwIfResponseFailed(ErrorHandler.java:164)
	at org.openqa.selenium.remote.RemoteWebDriver.execute(RemoteWebDriver.java:678)
	at io.appium.java_client.DefaultGenericMobileDriver.execute(DefaultGenericMobileDriver.java:43)
	at io.appium.java_client.AppiumDriver.execute(AppiumDriver.java:216)
	at org.openqa.selenium.remote.RemoteWebDriver.getScreenshotAs(RemoteWebDriver.java:335)
	at com.eduven.report.ScreenShot.takesScreenShotCapture(ScreenShot.java:33)
	at com.eduven.testcase.AutoPlayPageTestCases.tearDown(AutoPlayPageTestCases.java:70)
	at sun.reflect.NativeMethodAccessorImpl.invoke0(Native Method)
	at sun.reflect.NativeMethodAccessorImpl.invoke(NativeMethodAccessorImpl.java:62)
	at sun.reflect.DelegatingMethodAccessorImpl.invoke(DelegatingMethodAccessorImpl.java:43)
	at java.lang.reflect.Method.invoke(Method.java:498)
	at org.testng.internal.MethodInvocationHelper.invokeMethod(MethodInvocationHelper.java:85)
	at org.testng.internal.Invoker.invokeConfigurationMethod(Invoker.java:510)
	at org.testng.internal.Invoker.invokeConfigurations(Invoker.java:211)
	at org.testng.internal.Invoker.invokeMethod(Invoker.java:703)
	at org.testng.internal.Invoker.invokeTestMethod(Invoker.java:816)
	at org.testng.internal.Invoker.invokeTestMethods(Invoker.java:1124)
	at org.testng.internal.TestMethodWorker.invokeTestMethods(TestMethodWorker.java:125)
	at org.testng.internal.TestMethodWorker.run(TestMethodWorker.java:108)
	at org.testng.TestRunner.privateRun(TestRunner.java:774)
	at org.testng.TestRunner.run(TestRunner.java:624)
	at org.testng.SuiteRunner.runTest(SuiteRunner.java:359)
	at org.testng.SuiteRunner.runSequentially(SuiteRunner.java:354)
	at org.testng.SuiteRunner.privateRun(SuiteRunner.java:312)
	at org.testng.SuiteRunner.run(SuiteRunner.java:261)
	at org.testng.SuiteRunnerWorker.runSuite(SuiteRunnerWorker.java:52)
	at org.testng.SuiteRunnerWorker.run(SuiteRunnerWorker.java:86)
	at org.testng.TestNG.runSuitesSequentially(TestNG.java:1215)
	at org.testng.TestNG.runSuitesLocally(TestNG.java:1140)
	at org.testng.TestNG.run(TestNG.java:1048)
	at com.eduven.utils.RunTestng.main(RunTestng.java:58)
]]>
    </failure>
  </testcase> <!-- @AfterMethod tearDown -->
  <testcase name="@AfterMethod tearDown" time="0.0" classname="com.eduven.testcase.AutoPlayPageTestCases">
    <skipped/>
  </testcase> <!-- @AfterMethod tearDown -->
  <testcase name="@AfterMethod tearDown" time="0.0" classname="com.eduven.testcase.AutoPlayPageTestCases">
    <skipped/>
  </testcase> <!-- @AfterMethod tearDown -->
  <testcase name="@AfterMethod tearDown" time="0.0" classname="com.eduven.testcase.AutoPlayPageTestCases">
    <skipped/>
  </testcase> <!-- @AfterMethod tearDown -->
  <testcase name="@AfterMethod tearDown" time="0.0" classname="com.eduven.testcase.AutoPlayPageTestCases">
    <skipped/>
  </testcase> <!-- @AfterMethod tearDown -->
  <testcase name="@AfterMethod tearDown" time="0.0" classname="com.eduven.testcase.AutoPlayPageTestCases">
    <skipped/>
  </testcase> <!-- @AfterMethod tearDown -->
  <testcase name="@AfterMethod tearDown" time="0.0" classname="com.eduven.testcase.AutoPlayPageTestCases">
    <skipped/>
  </testcase> <!-- @AfterMethod tearDown -->
  <testcase name="@AfterMethod tearDown" time="0.0" classname="com.eduven.testcase.AutoPlayPageTestCases">
    <skipped/>
  </testcase> <!-- @AfterMethod tearDown -->
  <testcase name="@AfterClass close_app" time="0.0" classname="com.eduven.testcase.AutoPlayPageTestCases">
    <skipped/>
  </testcase> <!-- @AfterClass close_app -->
  <testcase name="@AfterClass restartApp" time="0.0" classname="com.eduven.testcase.PurchaseTestCases">
    <failure type="org.openqa.selenium.remote.SessionNotFoundException" message="
Command duration or timeout: 4 milliseconds
Build info: version: &amp;apos;2.51.0&amp;apos;, revision: &amp;apos;1af067d&amp;apos;, time: &amp;apos;2016-02-05 19:11:55&amp;apos;
System info: host: &amp;apos;Hitesh-Mac-Mini.local&amp;apos;, ip: &amp;apos;10.30.30.97&amp;apos;, os.name: &amp;apos;Mac OS X&amp;apos;, os.arch: &amp;apos;x86_64&amp;apos;, os.version: &amp;apos;10.11.6&amp;apos;, java.version: &amp;apos;1.8.0_74&amp;apos;
Driver info: io.appium.java_client.ios.IOSDriver
Capabilities [{app=/Users/hiteshbhardwaj/Desktop/Automation/app/LanguagesForIOS/french/french.ipa, networkConnectionEnabled=false, warnings={}, appiumVersion=1.4.13, databaseEnabled=false, deviceName=Rahul&amp;apos;s iPad (9.3.5), platform=UNIX, desired={app=/Users/hiteshbhardwaj/Desktop/Automation/app/LanguagesForIOS/french/french.ipa, appiumVersion=1.4.13, platformVersion=9.3, automationName=Appium, udid=84974ee52e47314f4e50b296df4610e953edc63f, platformName=iOS, deviceName=Rahul&amp;apos;s iPad (9.3.5), platform=IOS}, platformVersion=9.3, webStorageEnabled=false, locationContextEnabled=false, automationName=Appium, browserName=iOS, takesScreenshot=true, javascriptEnabled=true, udid=84974ee52e47314f4e50b296df4610e953edc63f, platformName=iOS}]
Session ID: 8b4f176e-d88b-4c08-8ebc-d65e5ed3e633">
      <![CDATA[org.openqa.selenium.remote.SessionNotFoundException: 
Command duration or timeout: 4 milliseconds
Build info: version: '2.51.0', revision: '1af067d', time: '2016-02-05 19:11:55'
System info: host: 'Hitesh-Mac-Mini.local', ip: '10.30.30.97', os.name: 'Mac OS X', os.arch: 'x86_64', os.version: '10.11.6', java.version: '1.8.0_74'
Driver info: io.appium.java_client.ios.IOSDriver
Capabilities [{app=/Users/hiteshbhardwaj/Desktop/Automation/app/LanguagesForIOS/french/french.ipa, networkConnectionEnabled=false, warnings={}, appiumVersion=1.4.13, databaseEnabled=false, deviceName=Rahul's iPad (9.3.5), platform=UNIX, desired={app=/Users/hiteshbhardwaj/Desktop/Automation/app/LanguagesForIOS/french/french.ipa, appiumVersion=1.4.13, platformVersion=9.3, automationName=Appium, udid=84974ee52e47314f4e50b296df4610e953edc63f, platformName=iOS, deviceName=Rahul's iPad (9.3.5), platform=IOS}, platformVersion=9.3, webStorageEnabled=false, locationContextEnabled=false, automationName=Appium, browserName=iOS, takesScreenshot=true, javascriptEnabled=true, udid=84974ee52e47314f4e50b296df4610e953edc63f, platformName=iOS}]
Session ID: 8b4f176e-d88b-4c08-8ebc-d65e5ed3e633
	at sun.reflect.NativeConstructorAccessorImpl.newInstance0(Native Method)
	at sun.reflect.NativeConstructorAccessorImpl.newInstance(NativeConstructorAccessorImpl.java:62)
	at sun.reflect.DelegatingConstructorAccessorImpl.newInstance(DelegatingConstructorAccessorImpl.java:45)
	at java.lang.reflect.Constructor.newInstance(Constructor.java:423)
	at org.openqa.selenium.remote.ErrorHandler.createThrowable(ErrorHandler.java:206)
	at org.openqa.selenium.remote.ErrorHandler.throwIfResponseFailed(ErrorHandler.java:164)
	at org.openqa.selenium.remote.RemoteWebDriver.execute(RemoteWebDriver.java:678)
	at io.appium.java_client.DefaultGenericMobileDriver.execute(DefaultGenericMobileDriver.java:43)
	at io.appium.java_client.AppiumDriver.execute(AppiumDriver.java:216)
	at io.appium.java_client.AppiumDriver.resetApp(AppiumDriver.java:227)
	at com.eduven.utils.Reusables.terminatesAppInstance(Reusables.java:617)
	at com.eduven.testcase.PurchaseTestCases.restartApp(PurchaseTestCases.java:87)
	at sun.reflect.NativeMethodAccessorImpl.invoke0(Native Method)
	at sun.reflect.NativeMethodAccessorImpl.invoke(NativeMethodAccessorImpl.java:62)
	at sun.reflect.DelegatingMethodAccessorImpl.invoke(DelegatingMethodAccessorImpl.java:43)
	at java.lang.reflect.Method.invoke(Method.java:498)
	at org.testng.internal.MethodInvocationHelper.invokeMethod(MethodInvocationHelper.java:85)
	at org.testng.internal.Invoker.invokeConfigurationMethod(Invoker.java:510)
	at org.testng.internal.Invoker.invokeConfigurations(Invoker.java:211)
	at org.testng.internal.Invoker.invokeConfigurations(Invoker.java:138)
	at org.testng.internal.TestMethodWorker.invokeAfterClassMethods(TestMethodWorker.java:220)
	at org.testng.internal.TestMethodWorker.run(TestMethodWorker.java:111)
	at org.testng.TestRunner.privateRun(TestRunner.java:774)
	at org.testng.TestRunner.run(TestRunner.java:624)
	at org.testng.SuiteRunner.runTest(SuiteRunner.java:359)
	at org.testng.SuiteRunner.runSequentially(SuiteRunner.java:354)
	at org.testng.SuiteRunner.privateRun(SuiteRunner.java:312)
	at org.testng.SuiteRunner.run(SuiteRunner.java:261)
	at org.testng.SuiteRunnerWorker.runSuite(SuiteRunnerWorker.java:52)
	at org.testng.SuiteRunnerWorker.run(SuiteRunnerWorker.java:86)
	at org.testng.TestNG.runSuitesSequentially(TestNG.java:1215)
	at org.testng.TestNG.runSuitesLocally(TestNG.java:1140)
	at org.testng.TestNG.run(TestNG.java:1048)
	at com.eduven.utils.RunTestng.main(RunTestng.java:58)
]]>
    </failure>
  </testcase> <!-- @AfterClass restartApp -->
  <testcase name="@AfterMethod tearDown" time="0.0" classname="com.eduven.testcase.SwitchLanguagePageTestCases">
    <failure type="org.openqa.selenium.remote.SessionNotFoundException" message="
Command duration or timeout: 4 milliseconds
Build info: version: &amp;apos;2.51.0&amp;apos;, revision: &amp;apos;1af067d&amp;apos;, time: &amp;apos;2016-02-05 19:11:55&amp;apos;
System info: host: &amp;apos;Hitesh-Mac-Mini.local&amp;apos;, ip: &amp;apos;10.30.30.97&amp;apos;, os.name: &amp;apos;Mac OS X&amp;apos;, os.arch: &amp;apos;x86_64&amp;apos;, os.version: &amp;apos;10.11.6&amp;apos;, java.version: &amp;apos;1.8.0_74&amp;apos;
Driver info: io.appium.java_client.ios.IOSDriver
Capabilities [{app=/Users/hiteshbhardwaj/Desktop/Automation/app/LanguagesForIOS/french/french.ipa, networkConnectionEnabled=false, warnings={}, appiumVersion=1.4.13, databaseEnabled=false, deviceName=Rahul&amp;apos;s iPad (9.3.5), platform=UNIX, desired={app=/Users/hiteshbhardwaj/Desktop/Automation/app/LanguagesForIOS/french/french.ipa, appiumVersion=1.4.13, platformVersion=9.3, automationName=Appium, udid=84974ee52e47314f4e50b296df4610e953edc63f, platformName=iOS, deviceName=Rahul&amp;apos;s iPad (9.3.5), platform=IOS}, platformVersion=9.3, webStorageEnabled=false, locationContextEnabled=false, automationName=Appium, browserName=iOS, takesScreenshot=true, javascriptEnabled=true, udid=84974ee52e47314f4e50b296df4610e953edc63f, platformName=iOS}]
Session ID: 8b4f176e-d88b-4c08-8ebc-d65e5ed3e633">
      <![CDATA[org.openqa.selenium.remote.SessionNotFoundException: 
Command duration or timeout: 4 milliseconds
Build info: version: '2.51.0', revision: '1af067d', time: '2016-02-05 19:11:55'
System info: host: 'Hitesh-Mac-Mini.local', ip: '10.30.30.97', os.name: 'Mac OS X', os.arch: 'x86_64', os.version: '10.11.6', java.version: '1.8.0_74'
Driver info: io.appium.java_client.ios.IOSDriver
Capabilities [{app=/Users/hiteshbhardwaj/Desktop/Automation/app/LanguagesForIOS/french/french.ipa, networkConnectionEnabled=false, warnings={}, appiumVersion=1.4.13, databaseEnabled=false, deviceName=Rahul's iPad (9.3.5), platform=UNIX, desired={app=/Users/hiteshbhardwaj/Desktop/Automation/app/LanguagesForIOS/french/french.ipa, appiumVersion=1.4.13, platformVersion=9.3, automationName=Appium, udid=84974ee52e47314f4e50b296df4610e953edc63f, platformName=iOS, deviceName=Rahul's iPad (9.3.5), platform=IOS}, platformVersion=9.3, webStorageEnabled=false, locationContextEnabled=false, automationName=Appium, browserName=iOS, takesScreenshot=true, javascriptEnabled=true, udid=84974ee52e47314f4e50b296df4610e953edc63f, platformName=iOS}]
Session ID: 8b4f176e-d88b-4c08-8ebc-d65e5ed3e633
	at sun.reflect.GeneratedConstructorAccessor52.newInstance(Unknown Source)
	at sun.reflect.DelegatingConstructorAccessorImpl.newInstance(DelegatingConstructorAccessorImpl.java:45)
	at java.lang.reflect.Constructor.newInstance(Constructor.java:423)
	at org.openqa.selenium.remote.ErrorHandler.createThrowable(ErrorHandler.java:206)
	at org.openqa.selenium.remote.ErrorHandler.throwIfResponseFailed(ErrorHandler.java:164)
	at org.openqa.selenium.remote.RemoteWebDriver.execute(RemoteWebDriver.java:678)
	at io.appium.java_client.DefaultGenericMobileDriver.execute(DefaultGenericMobileDriver.java:43)
	at io.appium.java_client.AppiumDriver.execute(AppiumDriver.java:216)
	at org.openqa.selenium.remote.RemoteWebDriver.getScreenshotAs(RemoteWebDriver.java:335)
	at com.eduven.report.ScreenShot.takesScreenShotCapture(ScreenShot.java:33)
	at com.eduven.testcase.SwitchLanguagePageTestCases.tearDown(SwitchLanguagePageTestCases.java:109)
	at sun.reflect.NativeMethodAccessorImpl.invoke0(Native Method)
	at sun.reflect.NativeMethodAccessorImpl.invoke(NativeMethodAccessorImpl.java:62)
	at sun.reflect.DelegatingMethodAccessorImpl.invoke(DelegatingMethodAccessorImpl.java:43)
	at java.lang.reflect.Method.invoke(Method.java:498)
	at org.testng.internal.MethodInvocationHelper.invokeMethod(MethodInvocationHelper.java:85)
	at org.testng.internal.Invoker.invokeConfigurationMethod(Invoker.java:510)
	at org.testng.internal.Invoker.invokeConfigurations(Invoker.java:211)
	at org.testng.internal.Invoker.invokeMethod(Invoker.java:703)
	at org.testng.internal.Invoker.invokeTestMethod(Invoker.java:816)
	at org.testng.internal.Invoker.invokeTestMethods(Invoker.java:1124)
	at org.testng.internal.TestMethodWorker.invokeTestMethods(TestMethodWorker.java:125)
	at org.testng.internal.TestMethodWorker.run(TestMethodWorker.java:108)
	at org.testng.TestRunner.privateRun(TestRunner.java:774)
	at org.testng.TestRunner.run(TestRunner.java:624)
	at org.testng.SuiteRunner.runTest(SuiteRunner.java:359)
	at org.testng.SuiteRunner.runSequentially(SuiteRunner.java:354)
	at org.testng.SuiteRunner.privateRun(SuiteRunner.java:312)
	at org.testng.SuiteRunner.run(SuiteRunner.java:261)
	at org.testng.SuiteRunnerWorker.runSuite(SuiteRunnerWorker.java:52)
	at org.testng.SuiteRunnerWorker.run(SuiteRunnerWorker.java:86)
	at org.testng.TestNG.runSuitesSequentially(TestNG.java:1215)
	at org.testng.TestNG.runSuitesLocally(TestNG.java:1140)
	at org.testng.TestNG.run(TestNG.java:1048)
	at com.eduven.utils.RunTestng.main(RunTestng.java:58)
]]>
    </failure>
  </testcase> <!-- @AfterMethod tearDown -->
  <testcase name="@AfterMethod tearDown" time="0.0" classname="com.eduven.testcase.SwitchLanguagePageTestCases">
    <skipped/>
  </testcase> <!-- @AfterMethod tearDown -->
  <testcase name="@AfterMethod tearDown" time="0.0" classname="com.eduven.testcase.SwitchLanguagePageTestCases">
    <skipped/>
  </testcase> <!-- @AfterMethod tearDown -->
  <testcase name="@AfterMethod tearDown" time="0.0" classname="com.eduven.testcase.SwitchLanguagePageTestCases">
    <skipped/>
  </testcase> <!-- @AfterMethod tearDown -->
  <testcase name="@AfterMethod tearDown" time="0.0" classname="com.eduven.testcase.SwitchLanguagePageTestCases">
    <skipped/>
  </testcase> <!-- @AfterMethod tearDown -->
  <testcase name="@AfterMethod tearDown" time="0.0" classname="com.eduven.testcase.SwitchLanguagePageTestCases">
    <skipped/>
  </testcase> <!-- @AfterMethod tearDown -->
  <testcase name="@AfterMethod tearDown" time="0.0" classname="com.eduven.testcase.SwitchLanguagePageTestCases">
    <skipped/>
  </testcase> <!-- @AfterMethod tearDown -->
  <testcase name="@AfterMethod tearDown" time="0.0" classname="com.eduven.testcase.SwitchLanguagePageTestCases">
    <skipped/>
  </testcase> <!-- @AfterMethod tearDown -->
  <testcase name="@AfterMethod tearDown" time="0.0" classname="com.eduven.testcase.SwitchLanguagePageTestCases">
    <skipped/>
  </testcase> <!-- @AfterMethod tearDown -->
  <testcase name="@AfterMethod tearDown" time="0.0" classname="com.eduven.testcase.SwitchLanguagePageTestCases">
    <skipped/>
  </testcase> <!-- @AfterMethod tearDown -->
  <testcase name="@AfterMethod tearDown" time="0.0" classname="com.eduven.testcase.SwitchLanguagePageTestCases">
    <skipped/>
  </testcase> <!-- @AfterMethod tearDown -->
  <testcase name="@AfterMethod tearDown" time="0.0" classname="com.eduven.testcase.SwitchLanguagePageTestCases">
    <skipped/>
  </testcase> <!-- @AfterMethod tearDown -->
  <testcase name="@AfterMethod tearDown" time="0.0" classname="com.eduven.testcase.SwitchLanguagePageTestCases">
    <skipped/>
  </testcase> <!-- @AfterMethod tearDown -->
  <testcase name="@AfterClass close_app" time="0.0" classname="com.eduven.testcase.SwitchLanguagePageTestCases">
    <skipped/>
  </testcase> <!-- @AfterClass close_app -->
  <testcase name="@AfterTest tearDown" time="0.0" classname="com.eduven.testcase.PurchaseTestCases">
    <skipped/>
  </testcase> <!-- @AfterTest tearDown -->
  <testcase name="install_app_and_language_selection_test" time="75.146" classname="com.eduven.testcase.HomePageTestCases"/>
  <testcase name="handling_rate_app_popup_test" time="64.838" classname="com.eduven.testcase.HomePageTestCases"/>
  <testcase name="verify_element_on_homePage_test" time="9.956" classname="com.eduven.testcase.HomePageTestCases"/>
  <testcase name="verify_footer_quicklist_button_on_home_page_test" time="2.07" classname="com.eduven.testcase.HomePageTestCases"/>
  <testcase name="verify_footer_edubank_button_on_home_page_test" time="2.194" classname="com.eduven.testcase.HomePageTestCases"/>
  <testcase name="verify_footer_purchase_button_on_home_page_test" time="2.067" classname="com.eduven.testcase.HomePageTestCases"/>
  <testcase name="verify_footer_games_button_on_home_page_test" time="2.195" classname="com.eduven.testcase.HomePageTestCases"/>
  <testcase name="verify_footer_switchlingo_button_on_home_page_test" time="2.211" classname="com.eduven.testcase.HomePageTestCases"/>
  <testcase name="handling_rate_app_popup_test" time="63.548" classname="com.eduven.testcase.CategoryPageTestCases"/>
  <testcase name="install_app_and_language_selection_test" time="112.106" classname="com.eduven.testcase.CategoryPageTestCases"/>
  <testcase name="verifyCategoryHeaderTxt" time="2.215" classname="com.eduven.testcase.CategoryPageTestCases"/>
  <testcase name="verifyCategoriesList" time="445.515" classname="com.eduven.testcase.CategoryPageTestCases"/>
  <testcase name="handlingRateAppPopupTest" time="16.591" classname="com.eduven.testcase.EduBankPageTestCases"/>
  <testcase name="installAppAndLanguageSelectionTest" time="110.846" classname="com.eduven.testcase.EduBankPageTestCases"/>
  <testcase name="navigate_to_edubank_test" time="89.256" classname="com.eduven.testcase.EduBankPageTestCases"/>
  <testcase name="navigate_to_term_page_test" time="42.359" classname="com.eduven.testcase.EduBankPageTestCases"/>
  <testcase name="add_term_in_edubank_test" time="33.71" classname="com.eduven.testcase.EduBankPageTestCases"/>
  <testcase name="verify_added_term_in_edubank_test" time="46.997" classname="com.eduven.testcase.EduBankPageTestCases"/>
  <testcase name="remove_terms_from_Edubank_test" time="6.525" classname="com.eduven.testcase.EduBankPageTestCases"/>
  <testcase name="verify_added_term_in_edubank_after_removedItTest" time="31.01" classname="com.eduven.testcase.EduBankPageTestCases"/>
  <testcase name="remove_all_terms_from_Edubank_test" time="6.764" classname="com.eduven.testcase.EduBankPageTestCases"/>
  <testcase name="navigate_to_edubank_quicklist_test" time="92.423" classname="com.eduven.testcase.EduBankPageTestCases"/>
  <testcase name="navigate_to_quicklist_page_test" time="29.091" classname="com.eduven.testcase.EduBankPageTestCases"/>
  <testcase name="navigate_to_quicklist_term_page_test" time="19.321" classname="com.eduven.testcase.EduBankPageTestCases"/>
  <testcase name="add_term_in_edubank_for_quicklist_test" time="92.29" classname="com.eduven.testcase.EduBankPageTestCases"/>
  <testcase name="verify_added_term_in_edubank_for_quicklist_test" time="56.113" classname="com.eduven.testcase.EduBankPageTestCases">
    <failure type="org.openqa.selenium.WebDriverException" message="An unknown server-side error occurred while processing the command. (Original error: Unexpected character ?) (WARNING: The server did not provide any stacktrace information)
Command duration or timeout: 31.47 seconds
Build info: version: &amp;apos;2.51.0&amp;apos;, revision: &amp;apos;1af067d&amp;apos;, time: &amp;apos;2016-02-05 19:11:55&amp;apos;
System info: host: &amp;apos;Hitesh-Mac-Mini.local&amp;apos;, ip: &amp;apos;10.30.30.97&amp;apos;, os.name: &amp;apos;Mac OS X&amp;apos;, os.arch: &amp;apos;x86_64&amp;apos;, os.version: &amp;apos;10.11.6&amp;apos;, java.version: &amp;apos;1.8.0_74&amp;apos;
Driver info: io.appium.java_client.ios.IOSDriver
Capabilities [{app=/Users/hiteshbhardwaj/Desktop/Automation/app/LanguagesForIOS/french/french.ipa, networkConnectionEnabled=false, warnings={}, appiumVersion=1.4.13, databaseEnabled=false, deviceName=Rahul&amp;apos;s iPad (9.3.5), platform=UNIX, desired={app=/Users/hiteshbhardwaj/Desktop/Automation/app/LanguagesForIOS/french/french.ipa, appiumVersion=1.4.13, platformVersion=9.3, automationName=Appium, udid=84974ee52e47314f4e50b296df4610e953edc63f, platformName=iOS, deviceName=Rahul&amp;apos;s iPad (9.3.5), platform=IOS}, platformVersion=9.3, webStorageEnabled=false, locationContextEnabled=false, automationName=Appium, browserName=iOS, takesScreenshot=true, javascriptEnabled=true, udid=84974ee52e47314f4e50b296df4610e953edc63f, platformName=iOS}]
Session ID: 8b4f176e-d88b-4c08-8ebc-d65e5ed3e633
*** Element info: {Using=xpath, value=//*[@value=&amp;apos;What&amp;apos;s Your Name?&amp;apos;]}">
      <![CDATA[org.openqa.selenium.WebDriverException: An unknown server-side error occurred while processing the command. (Original error: Unexpected character ?) (WARNING: The server did not provide any stacktrace information)
Command duration or timeout: 31.47 seconds
Build info: version: '2.51.0', revision: '1af067d', time: '2016-02-05 19:11:55'
System info: host: 'Hitesh-Mac-Mini.local', ip: '10.30.30.97', os.name: 'Mac OS X', os.arch: 'x86_64', os.version: '10.11.6', java.version: '1.8.0_74'
Driver info: io.appium.java_client.ios.IOSDriver
Capabilities [{app=/Users/hiteshbhardwaj/Desktop/Automation/app/LanguagesForIOS/french/french.ipa, networkConnectionEnabled=false, warnings={}, appiumVersion=1.4.13, databaseEnabled=false, deviceName=Rahul's iPad (9.3.5), platform=UNIX, desired={app=/Users/hiteshbhardwaj/Desktop/Automation/app/LanguagesForIOS/french/french.ipa, appiumVersion=1.4.13, platformVersion=9.3, automationName=Appium, udid=84974ee52e47314f4e50b296df4610e953edc63f, platformName=iOS, deviceName=Rahul's iPad (9.3.5), platform=IOS}, platformVersion=9.3, webStorageEnabled=false, locationContextEnabled=false, automationName=Appium, browserName=iOS, takesScreenshot=true, javascriptEnabled=true, udid=84974ee52e47314f4e50b296df4610e953edc63f, platformName=iOS}]
Session ID: 8b4f176e-d88b-4c08-8ebc-d65e5ed3e633
*** Element info: {Using=xpath, value=//*[@value='What's Your Name?']}
	at sun.reflect.NativeConstructorAccessorImpl.newInstance0(Native Method)
	at sun.reflect.NativeConstructorAccessorImpl.newInstance(NativeConstructorAccessorImpl.java:62)
	at sun.reflect.DelegatingConstructorAccessorImpl.newInstance(DelegatingConstructorAccessorImpl.java:45)
	at java.lang.reflect.Constructor.newInstance(Constructor.java:423)
	at org.openqa.selenium.remote.ErrorHandler.createThrowable(ErrorHandler.java:206)
	at org.openqa.selenium.remote.ErrorHandler.throwIfResponseFailed(ErrorHandler.java:158)
	at org.openqa.selenium.remote.RemoteWebDriver.execute(RemoteWebDriver.java:678)
	at io.appium.java_client.DefaultGenericMobileDriver.execute(DefaultGenericMobileDriver.java:43)
	at io.appium.java_client.AppiumDriver.execute(AppiumDriver.java:1)
	at io.appium.java_client.ios.IOSDriver.execute(IOSDriver.java:1)
	at org.openqa.selenium.remote.RemoteWebDriver.findElement(RemoteWebDriver.java:363)
	at org.openqa.selenium.remote.RemoteWebDriver.findElementByXPath(RemoteWebDriver.java:500)
	at io.appium.java_client.DefaultGenericMobileDriver.findElementByXPath(DefaultGenericMobileDriver.java:129)
	at io.appium.java_client.AppiumDriver.findElementByXPath(AppiumDriver.java:1)
	at io.appium.java_client.ios.IOSDriver.findElementByXPath(IOSDriver.java:1)
	at org.openqa.selenium.By$ByXPath.findElement(By.java:361)
	at org.openqa.selenium.remote.RemoteWebDriver.findElement(RemoteWebDriver.java:355)
	at io.appium.java_client.DefaultGenericMobileDriver.findElement(DefaultGenericMobileDriver.java:51)
	at io.appium.java_client.AppiumDriver.findElement(AppiumDriver.java:1)
	at io.appium.java_client.ios.IOSDriver.findElement(IOSDriver.java:1)
	at com.eduven.utils.Reusables.getElement(Reusables.java:720)
	at com.eduven.modules.EduBank.verifyTermInEduBank(EduBank.java:121)
	at com.eduven.testcase.EduBankPageTestCases.verify_added_term_in_edubank_for_quicklist_test(EduBankPageTestCases.java:119)
	at sun.reflect.NativeMethodAccessorImpl.invoke0(Native Method)
	at sun.reflect.NativeMethodAccessorImpl.invoke(NativeMethodAccessorImpl.java:62)
	at sun.reflect.DelegatingMethodAccessorImpl.invoke(DelegatingMethodAccessorImpl.java:43)
	at java.lang.reflect.Method.invoke(Method.java:498)
	at org.testng.internal.MethodInvocationHelper.invokeMethod(MethodInvocationHelper.java:85)
	at org.testng.internal.Invoker.invokeMethod(Invoker.java:639)
	at org.testng.internal.Invoker.invokeTestMethod(Invoker.java:816)
	at org.testng.internal.Invoker.invokeTestMethods(Invoker.java:1124)
	at org.testng.internal.TestMethodWorker.invokeTestMethods(TestMethodWorker.java:125)
	at org.testng.internal.TestMethodWorker.run(TestMethodWorker.java:108)
	at org.testng.TestRunner.privateRun(TestRunner.java:774)
	at org.testng.TestRunner.run(TestRunner.java:624)
	at org.testng.SuiteRunner.runTest(SuiteRunner.java:359)
	at org.testng.SuiteRunner.runSequentially(SuiteRunner.java:354)
	at org.testng.SuiteRunner.privateRun(SuiteRunner.java:312)
	at org.testng.SuiteRunner.run(SuiteRunner.java:261)
	at org.testng.SuiteRunnerWorker.runSuite(SuiteRunnerWorker.java:52)
	at org.testng.SuiteRunnerWorker.run(SuiteRunnerWorker.java:86)
	at org.testng.TestNG.runSuitesSequentially(TestNG.java:1215)
	at org.testng.TestNG.runSuitesLocally(TestNG.java:1140)
	at org.testng.TestNG.run(TestNG.java:1048)
	at com.eduven.utils.RunTestng.main(RunTestng.java:58)
]]>
    </failure>
  </testcase> <!-- verify_added_term_in_edubank_for_quicklist_test -->
  <testcase name="remove_terms_from_Edubank_for_quicklist_test" time="6.115" classname="com.eduven.testcase.EduBankPageTestCases"/>
  <testcase name="verify_added_term_in_edubank_for_quicklist_after_remove_one_term_test" time="31.102" classname="com.eduven.testcase.EduBankPageTestCases"/>
  <testcase name="remove_all_terms_from_Edubank_for_quicklist_test" time="3.507" classname="com.eduven.testcase.EduBankPageTestCases"/>
  <testcase name="handlingRateTheAppPopupTest" time="63.529" classname="com.eduven.testcase.SearchPageTestCases"/>
  <testcase name="languageSelectionTest" time="112.356" classname="com.eduven.testcase.SearchPageTestCases"/>
  <testcase name="navigate_to_search_page_test" time="8.552" classname="com.eduven.testcase.SearchPageTestCases"/>
  <testcase name="verifySearchPageHeaderTest" time="6.734" classname="com.eduven.testcase.SearchPageTestCases"/>
  <testcase name="free_term_search_test" time="100.925" classname="com.eduven.testcase.SearchPageTestCases"/>
  <testcase name="search_page_audio_test" time="65.793" classname="com.eduven.testcase.SearchPageTestCases">
    <failure type="org.openqa.selenium.WebDriverException" message="An unknown server-side error occurred while processing the command. (WARNING: The server did not provide any stacktrace information)
Command duration or timeout: 1.80 seconds
Build info: version: &amp;apos;2.51.0&amp;apos;, revision: &amp;apos;1af067d&amp;apos;, time: &amp;apos;2016-02-05 19:11:55&amp;apos;
System info: host: &amp;apos;Hitesh-Mac-Mini.local&amp;apos;, ip: &amp;apos;10.30.30.97&amp;apos;, os.name: &amp;apos;Mac OS X&amp;apos;, os.arch: &amp;apos;x86_64&amp;apos;, os.version: &amp;apos;10.11.6&amp;apos;, java.version: &amp;apos;1.8.0_74&amp;apos;
Driver info: io.appium.java_client.ios.IOSDriver
Capabilities [{app=/Users/hiteshbhardwaj/Desktop/Automation/app/LanguagesForIOS/french/french.ipa, networkConnectionEnabled=false, warnings={}, appiumVersion=1.4.13, databaseEnabled=false, deviceName=Rahul&amp;apos;s iPad (9.3.5), platform=UNIX, desired={app=/Users/hiteshbhardwaj/Desktop/Automation/app/LanguagesForIOS/french/french.ipa, appiumVersion=1.4.13, platformVersion=9.3, automationName=Appium, udid=84974ee52e47314f4e50b296df4610e953edc63f, platformName=iOS, deviceName=Rahul&amp;apos;s iPad (9.3.5), platform=IOS}, platformVersion=9.3, webStorageEnabled=false, locationContextEnabled=false, automationName=Appium, browserName=iOS, takesScreenshot=true, javascriptEnabled=true, udid=84974ee52e47314f4e50b296df4610e953edc63f, platformName=iOS}]
Session ID: 8b4f176e-d88b-4c08-8ebc-d65e5ed3e633">
      <![CDATA[org.openqa.selenium.WebDriverException: An unknown server-side error occurred while processing the command. (WARNING: The server did not provide any stacktrace information)
Command duration or timeout: 1.80 seconds
Build info: version: '2.51.0', revision: '1af067d', time: '2016-02-05 19:11:55'
System info: host: 'Hitesh-Mac-Mini.local', ip: '10.30.30.97', os.name: 'Mac OS X', os.arch: 'x86_64', os.version: '10.11.6', java.version: '1.8.0_74'
Driver info: io.appium.java_client.ios.IOSDriver
Capabilities [{app=/Users/hiteshbhardwaj/Desktop/Automation/app/LanguagesForIOS/french/french.ipa, networkConnectionEnabled=false, warnings={}, appiumVersion=1.4.13, databaseEnabled=false, deviceName=Rahul's iPad (9.3.5), platform=UNIX, desired={app=/Users/hiteshbhardwaj/Desktop/Automation/app/LanguagesForIOS/french/french.ipa, appiumVersion=1.4.13, platformVersion=9.3, automationName=Appium, udid=84974ee52e47314f4e50b296df4610e953edc63f, platformName=iOS, deviceName=Rahul's iPad (9.3.5), platform=IOS}, platformVersion=9.3, webStorageEnabled=false, locationContextEnabled=false, automationName=Appium, browserName=iOS, takesScreenshot=true, javascriptEnabled=true, udid=84974ee52e47314f4e50b296df4610e953edc63f, platformName=iOS}]
Session ID: 8b4f176e-d88b-4c08-8ebc-d65e5ed3e633
	at sun.reflect.NativeConstructorAccessorImpl.newInstance0(Native Method)
	at sun.reflect.NativeConstructorAccessorImpl.newInstance(NativeConstructorAccessorImpl.java:62)
	at sun.reflect.DelegatingConstructorAccessorImpl.newInstance(DelegatingConstructorAccessorImpl.java:45)
	at java.lang.reflect.Constructor.newInstance(Constructor.java:423)
	at org.openqa.selenium.remote.ErrorHandler.createThrowable(ErrorHandler.java:206)
	at org.openqa.selenium.remote.ErrorHandler.throwIfResponseFailed(ErrorHandler.java:158)
	at org.openqa.selenium.remote.RemoteWebDriver.execute(RemoteWebDriver.java:678)
	at io.appium.java_client.DefaultGenericMobileDriver.execute(DefaultGenericMobileDriver.java:43)
	at io.appium.java_client.AppiumDriver.execute(AppiumDriver.java:216)
	at org.openqa.selenium.remote.RemoteWebDriver$RemoteNavigation.back(RemoteWebDriver.java:961)
	at com.eduven.utils.Reusables.stepBack(Reusables.java:213)
	at com.eduven.testcase.SearchPageTestCases.search_page_audio_test(SearchPageTestCases.java:57)
	at sun.reflect.NativeMethodAccessorImpl.invoke0(Native Method)
	at sun.reflect.NativeMethodAccessorImpl.invoke(NativeMethodAccessorImpl.java:62)
	at sun.reflect.DelegatingMethodAccessorImpl.invoke(DelegatingMethodAccessorImpl.java:43)
	at java.lang.reflect.Method.invoke(Method.java:498)
	at org.testng.internal.MethodInvocationHelper.invokeMethod(MethodInvocationHelper.java:85)
	at org.testng.internal.Invoker.invokeMethod(Invoker.java:639)
	at org.testng.internal.Invoker.invokeTestMethod(Invoker.java:816)
	at org.testng.internal.Invoker.invokeTestMethods(Invoker.java:1124)
	at org.testng.internal.TestMethodWorker.invokeTestMethods(TestMethodWorker.java:125)
	at org.testng.internal.TestMethodWorker.run(TestMethodWorker.java:108)
	at org.testng.TestRunner.privateRun(TestRunner.java:774)
	at org.testng.TestRunner.run(TestRunner.java:624)
	at org.testng.SuiteRunner.runTest(SuiteRunner.java:359)
	at org.testng.SuiteRunner.runSequentially(SuiteRunner.java:354)
	at org.testng.SuiteRunner.privateRun(SuiteRunner.java:312)
	at org.testng.SuiteRunner.run(SuiteRunner.java:261)
	at org.testng.SuiteRunnerWorker.runSuite(SuiteRunnerWorker.java:52)
	at org.testng.SuiteRunnerWorker.run(SuiteRunnerWorker.java:86)
	at org.testng.TestNG.runSuitesSequentially(TestNG.java:1215)
	at org.testng.TestNG.runSuitesLocally(TestNG.java:1140)
	at org.testng.TestNG.run(TestNG.java:1048)
	at com.eduven.utils.RunTestng.main(RunTestng.java:58)
]]>
    </failure>
  </testcase> <!-- search_page_audio_test -->
  <testcase name="premium_term_search_test" time="45.992" classname="com.eduven.testcase.SearchPageTestCases"/>
  <testcase name="handlingRateThisAppTest" time="63.487" classname="com.eduven.testcase.EvMenuPageTestCases"/>
  <testcase name="installAppAndLanguageSelectionTest" time="112.538" classname="com.eduven.testcase.EvMenuPageTestCases"/>
  <testcase name="navigateToMoreAppsPageTest" time="42.661" classname="com.eduven.testcase.EvMenuPageTestCases"/>
  <testcase name="verifyMoreAppsPageTest" time="0.0" classname="com.eduven.testcase.EvMenuPageTestCases"/>
  <testcase name="navigateToContributePageTest" time="29.067" classname="com.eduven.testcase.EvMenuPageTestCases"/>
  <testcase name="verifyContributePageWithoutTextTest" time="22.86" classname="com.eduven.testcase.EvMenuPageTestCases"/>
  <testcase name="verifyContributePageWithCategoryTest" time="57.349" classname="com.eduven.testcase.EvMenuPageTestCases"/>
  <testcase name="verifyContributePageWithWordTest" time="45.711" classname="com.eduven.testcase.EvMenuPageTestCases"/>
  <testcase name="verifyContributePageWithRequiredTextTest" time="69.548" classname="com.eduven.testcase.EvMenuPageTestCases"/>
  <testcase name="categorySettingPageTest" time="100.072" classname="com.eduven.testcase.EvMenuPageTestCases"/>
  <testcase name="wordOfTheDayTest" time="97.32" classname="com.eduven.testcase.EvMenuPageTestCases"/>
  <testcase name="getInTouchPageTest" time="45.766" classname="com.eduven.testcase.EvMenuPageTestCases"/>
  <testcase name="dislcaimerPageTest" time="49.705" classname="com.eduven.testcase.EvMenuPageTestCases"/>
  <testcase name="faqsPageTest" time="49.856" classname="com.eduven.testcase.EvMenuPageTestCases"/>
  <testcase name="termAndConditionPageTest" time="50.497" classname="com.eduven.testcase.EvMenuPageTestCases"/>
  <testcase name="privacyPolicyPageTest" time="50.719" classname="com.eduven.testcase.EvMenuPageTestCases"/>
  <testcase name="selectAllCategoryInCategorySettingPageTest" time="78.965" classname="com.eduven.testcase.EvMenuPageTestCases"/>
  <testcase name="selectAllCategoryInWordOffTheDayPageTest" time="80.254" classname="com.eduven.testcase.EvMenuPageTestCases"/>
  <testcase name="rateThisAppTest" time="0.0" classname="com.eduven.testcase.EvMenuPageTestCases"/>
  <testcase name="evmenuShareAppTest" time="41.468" classname="com.eduven.testcase.EvMenuPageTestCases"/>
  <testcase name="evmenuLoginFacebookTest" time="98.27" classname="com.eduven.testcase.EvMenuPageTestCases">
    <failure type="org.openqa.selenium.WebDriverException" message="Instruments died while responding to command, please check appium logs (WARNING: The server did not provide any stacktrace information)
Command duration or timeout: 52.07 seconds
Build info: version: &amp;apos;2.51.0&amp;apos;, revision: &amp;apos;1af067d&amp;apos;, time: &amp;apos;2016-02-05 19:11:55&amp;apos;
System info: host: &amp;apos;Hitesh-Mac-Mini.local&amp;apos;, ip: &amp;apos;10.30.30.97&amp;apos;, os.name: &amp;apos;Mac OS X&amp;apos;, os.arch: &amp;apos;x86_64&amp;apos;, os.version: &amp;apos;10.11.6&amp;apos;, java.version: &amp;apos;1.8.0_74&amp;apos;
Driver info: io.appium.java_client.ios.IOSDriver
Capabilities [{app=/Users/hiteshbhardwaj/Desktop/Automation/app/LanguagesForIOS/french/french.ipa, networkConnectionEnabled=false, warnings={}, appiumVersion=1.4.13, databaseEnabled=false, deviceName=Rahul&amp;apos;s iPad (9.3.5), platform=UNIX, desired={app=/Users/hiteshbhardwaj/Desktop/Automation/app/LanguagesForIOS/french/french.ipa, appiumVersion=1.4.13, platformVersion=9.3, automationName=Appium, udid=84974ee52e47314f4e50b296df4610e953edc63f, platformName=iOS, deviceName=Rahul&amp;apos;s iPad (9.3.5), platform=IOS}, platformVersion=9.3, webStorageEnabled=false, locationContextEnabled=false, automationName=Appium, browserName=iOS, takesScreenshot=true, javascriptEnabled=true, udid=84974ee52e47314f4e50b296df4610e953edc63f, platformName=iOS}]
Session ID: 8b4f176e-d88b-4c08-8ebc-d65e5ed3e633
*** Element info: {Using=xpath, value=//UIAButton[@name=&amp;apos;Post&amp;apos;]}">
      <![CDATA[org.openqa.selenium.WebDriverException: Instruments died while responding to command, please check appium logs (WARNING: The server did not provide any stacktrace information)
Command duration or timeout: 52.07 seconds
Build info: version: '2.51.0', revision: '1af067d', time: '2016-02-05 19:11:55'
System info: host: 'Hitesh-Mac-Mini.local', ip: '10.30.30.97', os.name: 'Mac OS X', os.arch: 'x86_64', os.version: '10.11.6', java.version: '1.8.0_74'
Driver info: io.appium.java_client.ios.IOSDriver
Capabilities [{app=/Users/hiteshbhardwaj/Desktop/Automation/app/LanguagesForIOS/french/french.ipa, networkConnectionEnabled=false, warnings={}, appiumVersion=1.4.13, databaseEnabled=false, deviceName=Rahul's iPad (9.3.5), platform=UNIX, desired={app=/Users/hiteshbhardwaj/Desktop/Automation/app/LanguagesForIOS/french/french.ipa, appiumVersion=1.4.13, platformVersion=9.3, automationName=Appium, udid=84974ee52e47314f4e50b296df4610e953edc63f, platformName=iOS, deviceName=Rahul's iPad (9.3.5), platform=IOS}, platformVersion=9.3, webStorageEnabled=false, locationContextEnabled=false, automationName=Appium, browserName=iOS, takesScreenshot=true, javascriptEnabled=true, udid=84974ee52e47314f4e50b296df4610e953edc63f, platformName=iOS}]
Session ID: 8b4f176e-d88b-4c08-8ebc-d65e5ed3e633
*** Element info: {Using=xpath, value=//UIAButton[@name='Post']}
	at sun.reflect.NativeConstructorAccessorImpl.newInstance0(Native Method)
	at sun.reflect.NativeConstructorAccessorImpl.newInstance(NativeConstructorAccessorImpl.java:62)
	at sun.reflect.DelegatingConstructorAccessorImpl.newInstance(DelegatingConstructorAccessorImpl.java:45)
	at java.lang.reflect.Constructor.newInstance(Constructor.java:423)
	at org.openqa.selenium.remote.ErrorHandler.createThrowable(ErrorHandler.java:206)
	at org.openqa.selenium.remote.ErrorHandler.throwIfResponseFailed(ErrorHandler.java:158)
	at org.openqa.selenium.remote.RemoteWebDriver.execute(RemoteWebDriver.java:678)
	at io.appium.java_client.DefaultGenericMobileDriver.execute(DefaultGenericMobileDriver.java:43)
	at io.appium.java_client.AppiumDriver.execute(AppiumDriver.java:1)
	at io.appium.java_client.ios.IOSDriver.execute(IOSDriver.java:1)
	at org.openqa.selenium.remote.RemoteWebDriver.findElement(RemoteWebDriver.java:363)
	at org.openqa.selenium.remote.RemoteWebDriver.findElementByXPath(RemoteWebDriver.java:500)
	at io.appium.java_client.DefaultGenericMobileDriver.findElementByXPath(DefaultGenericMobileDriver.java:129)
	at io.appium.java_client.AppiumDriver.findElementByXPath(AppiumDriver.java:1)
	at io.appium.java_client.ios.IOSDriver.findElementByXPath(IOSDriver.java:1)
	at org.openqa.selenium.By$ByXPath.findElement(By.java:361)
	at org.openqa.selenium.remote.RemoteWebDriver.findElement(RemoteWebDriver.java:355)
	at io.appium.java_client.DefaultGenericMobileDriver.findElement(DefaultGenericMobileDriver.java:51)
	at io.appium.java_client.AppiumDriver.findElement(AppiumDriver.java:1)
	at io.appium.java_client.ios.IOSDriver.findElement(IOSDriver.java:1)
	at com.eduven.utils.Reusables.getElement(Reusables.java:720)
	at com.eduven.modules.EvMenu.verifyFacebookPostButton(EvMenu.java:702)
	at com.eduven.testcase.EvMenuPageTestCases.evmenuLoginFacebookTest(EvMenuPageTestCases.java:171)
	at sun.reflect.NativeMethodAccessorImpl.invoke0(Native Method)
	at sun.reflect.NativeMethodAccessorImpl.invoke(NativeMethodAccessorImpl.java:62)
	at sun.reflect.DelegatingMethodAccessorImpl.invoke(DelegatingMethodAccessorImpl.java:43)
	at java.lang.reflect.Method.invoke(Method.java:498)
	at org.testng.internal.MethodInvocationHelper.invokeMethod(MethodInvocationHelper.java:85)
	at org.testng.internal.Invoker.invokeMethod(Invoker.java:639)
	at org.testng.internal.Invoker.invokeTestMethod(Invoker.java:816)
	at org.testng.internal.Invoker.invokeTestMethods(Invoker.java:1124)
	at org.testng.internal.TestMethodWorker.invokeTestMethods(TestMethodWorker.java:125)
	at org.testng.internal.TestMethodWorker.run(TestMethodWorker.java:108)
	at org.testng.TestRunner.privateRun(TestRunner.java:774)
	at org.testng.TestRunner.run(TestRunner.java:624)
	at org.testng.SuiteRunner.runTest(SuiteRunner.java:359)
	at org.testng.SuiteRunner.runSequentially(SuiteRunner.java:354)
	at org.testng.SuiteRunner.privateRun(SuiteRunner.java:312)
	at org.testng.SuiteRunner.run(SuiteRunner.java:261)
	at org.testng.SuiteRunnerWorker.runSuite(SuiteRunnerWorker.java:52)
	at org.testng.SuiteRunnerWorker.run(SuiteRunnerWorker.java:86)
	at org.testng.TestNG.runSuitesSequentially(TestNG.java:1215)
	at org.testng.TestNG.runSuitesLocally(TestNG.java:1140)
	at org.testng.TestNG.run(TestNG.java:1048)
	at com.eduven.utils.RunTestng.main(RunTestng.java:58)
]]>
    </failure>
  </testcase> <!-- evmenuLoginFacebookTest -->
  <testcase name="evmenuSelectAudienceTest" time="0.0" classname="com.eduven.testcase.EvMenuPageTestCases">
    <skipped/>
  </testcase> <!-- evmenuSelectAudienceTest -->
  <testcase name="evmenuFacebookMessageSharingTest" time="0.0" classname="com.eduven.testcase.EvMenuPageTestCases">
    <skipped/>
  </testcase> <!-- evmenuFacebookMessageSharingTest -->
  <testcase name="handling_rate_app_popup_test" time="2.011" classname="com.eduven.testcase.TermListPageTestCases">
    <failure type="org.openqa.selenium.remote.SessionNotFoundException" message="
Command duration or timeout: 8 milliseconds
Build info: version: &amp;apos;2.51.0&amp;apos;, revision: &amp;apos;1af067d&amp;apos;, time: &amp;apos;2016-02-05 19:11:55&amp;apos;
System info: host: &amp;apos;Hitesh-Mac-Mini.local&amp;apos;, ip: &amp;apos;10.30.30.97&amp;apos;, os.name: &amp;apos;Mac OS X&amp;apos;, os.arch: &amp;apos;x86_64&amp;apos;, os.version: &amp;apos;10.11.6&amp;apos;, java.version: &amp;apos;1.8.0_74&amp;apos;
Driver info: io.appium.java_client.ios.IOSDriver
Capabilities [{app=/Users/hiteshbhardwaj/Desktop/Automation/app/LanguagesForIOS/french/french.ipa, networkConnectionEnabled=false, warnings={}, appiumVersion=1.4.13, databaseEnabled=false, deviceName=Rahul&amp;apos;s iPad (9.3.5), platform=UNIX, desired={app=/Users/hiteshbhardwaj/Desktop/Automation/app/LanguagesForIOS/french/french.ipa, appiumVersion=1.4.13, platformVersion=9.3, automationName=Appium, udid=84974ee52e47314f4e50b296df4610e953edc63f, platformName=iOS, deviceName=Rahul&amp;apos;s iPad (9.3.5), platform=IOS}, platformVersion=9.3, webStorageEnabled=false, locationContextEnabled=false, automationName=Appium, browserName=iOS, takesScreenshot=true, javascriptEnabled=true, udid=84974ee52e47314f4e50b296df4610e953edc63f, platformName=iOS}]
Session ID: 8b4f176e-d88b-4c08-8ebc-d65e5ed3e633
*** Element info: {Using=xpath, value=//UIAButton[@name=&amp;apos;No, thanks&amp;apos;]}">
      <![CDATA[org.openqa.selenium.remote.SessionNotFoundException: 
Command duration or timeout: 8 milliseconds
Build info: version: '2.51.0', revision: '1af067d', time: '2016-02-05 19:11:55'
System info: host: 'Hitesh-Mac-Mini.local', ip: '10.30.30.97', os.name: 'Mac OS X', os.arch: 'x86_64', os.version: '10.11.6', java.version: '1.8.0_74'
Driver info: io.appium.java_client.ios.IOSDriver
Capabilities [{app=/Users/hiteshbhardwaj/Desktop/Automation/app/LanguagesForIOS/french/french.ipa, networkConnectionEnabled=false, warnings={}, appiumVersion=1.4.13, databaseEnabled=false, deviceName=Rahul's iPad (9.3.5), platform=UNIX, desired={app=/Users/hiteshbhardwaj/Desktop/Automation/app/LanguagesForIOS/french/french.ipa, appiumVersion=1.4.13, platformVersion=9.3, automationName=Appium, udid=84974ee52e47314f4e50b296df4610e953edc63f, platformName=iOS, deviceName=Rahul's iPad (9.3.5), platform=IOS}, platformVersion=9.3, webStorageEnabled=false, locationContextEnabled=false, automationName=Appium, browserName=iOS, takesScreenshot=true, javascriptEnabled=true, udid=84974ee52e47314f4e50b296df4610e953edc63f, platformName=iOS}]
Session ID: 8b4f176e-d88b-4c08-8ebc-d65e5ed3e633
*** Element info: {Using=xpath, value=//UIAButton[@name='No, thanks']}
	at sun.reflect.NativeConstructorAccessorImpl.newInstance0(Native Method)
	at sun.reflect.NativeConstructorAccessorImpl.newInstance(NativeConstructorAccessorImpl.java:62)
	at sun.reflect.DelegatingConstructorAccessorImpl.newInstance(DelegatingConstructorAccessorImpl.java:45)
	at java.lang.reflect.Constructor.newInstance(Constructor.java:423)
	at org.openqa.selenium.remote.ErrorHandler.createThrowable(ErrorHandler.java:206)
	at org.openqa.selenium.remote.ErrorHandler.throwIfResponseFailed(ErrorHandler.java:164)
	at org.openqa.selenium.remote.RemoteWebDriver.execute(RemoteWebDriver.java:678)
	at io.appium.java_client.DefaultGenericMobileDriver.execute(DefaultGenericMobileDriver.java:43)
	at io.appium.java_client.AppiumDriver.execute(AppiumDriver.java:1)
	at io.appium.java_client.ios.IOSDriver.execute(IOSDriver.java:1)
	at org.openqa.selenium.remote.RemoteWebDriver.findElement(RemoteWebDriver.java:363)
	at org.openqa.selenium.remote.RemoteWebDriver.findElementByXPath(RemoteWebDriver.java:500)
	at io.appium.java_client.DefaultGenericMobileDriver.findElementByXPath(DefaultGenericMobileDriver.java:129)
	at io.appium.java_client.AppiumDriver.findElementByXPath(AppiumDriver.java:1)
	at io.appium.java_client.ios.IOSDriver.findElementByXPath(IOSDriver.java:1)
	at org.openqa.selenium.By$ByXPath.findElement(By.java:361)
	at org.openqa.selenium.remote.RemoteWebDriver.findElement(RemoteWebDriver.java:355)
	at io.appium.java_client.DefaultGenericMobileDriver.findElement(DefaultGenericMobileDriver.java:51)
	at io.appium.java_client.AppiumDriver.findElement(AppiumDriver.java:1)
	at io.appium.java_client.ios.IOSDriver.findElement(IOSDriver.java:1)
	at com.eduven.utils.Reusables.getElement(Reusables.java:720)
	at com.eduven.utils.Reusables.isElementPresent(Reusables.java:119)
	at com.eduven.modules.SplashScreen.hideAppRatePopup(SplashScreen.java:42)
	at com.eduven.testcase.TermListPageTestCases.handling_rate_app_popup_test(TermListPageTestCases.java:34)
	at sun.reflect.NativeMethodAccessorImpl.invoke0(Native Method)
	at sun.reflect.NativeMethodAccessorImpl.invoke(NativeMethodAccessorImpl.java:62)
	at sun.reflect.DelegatingMethodAccessorImpl.invoke(DelegatingMethodAccessorImpl.java:43)
	at java.lang.reflect.Method.invoke(Method.java:498)
	at org.testng.internal.MethodInvocationHelper.invokeMethod(MethodInvocationHelper.java:85)
	at org.testng.internal.Invoker.invokeMethod(Invoker.java:639)
	at org.testng.internal.Invoker.invokeTestMethod(Invoker.java:816)
	at org.testng.internal.Invoker.invokeTestMethods(Invoker.java:1124)
	at org.testng.internal.TestMethodWorker.invokeTestMethods(TestMethodWorker.java:125)
	at org.testng.internal.TestMethodWorker.run(TestMethodWorker.java:108)
	at org.testng.TestRunner.privateRun(TestRunner.java:774)
	at org.testng.TestRunner.run(TestRunner.java:624)
	at org.testng.SuiteRunner.runTest(SuiteRunner.java:359)
	at org.testng.SuiteRunner.runSequentially(SuiteRunner.java:354)
	at org.testng.SuiteRunner.privateRun(SuiteRunner.java:312)
	at org.testng.SuiteRunner.run(SuiteRunner.java:261)
	at org.testng.SuiteRunnerWorker.runSuite(SuiteRunnerWorker.java:52)
	at org.testng.SuiteRunnerWorker.run(SuiteRunnerWorker.java:86)
	at org.testng.TestNG.runSuitesSequentially(TestNG.java:1215)
	at org.testng.TestNG.runSuitesLocally(TestNG.java:1140)
	at org.testng.TestNG.run(TestNG.java:1048)
	at com.eduven.utils.RunTestng.main(RunTestng.java:58)
]]>
    </failure>
  </testcase> <!-- handling_rate_app_popup_test -->
  <testcase name="install_app_and_language_selection_test" time="0.0" classname="com.eduven.testcase.TermListPageTestCases">
    <skipped/>
  </testcase> <!-- install_app_and_language_selection_test -->
  <testcase name="verify_rendering_name_on_termlist_page_test" time="0.0" classname="com.eduven.testcase.TermListPageTestCases">
    <skipped/>
  </testcase> <!-- verify_rendering_name_on_termlist_page_test -->
  <testcase name="navigate_to_edit_term_page_test" time="0.0" classname="com.eduven.testcase.TermListPageTestCases">
    <skipped/>
  </testcase> <!-- navigate_to_edit_term_page_test -->
  <testcase name="verify_contribute_page_without_text_test" time="0.0" classname="com.eduven.testcase.TermListPageTestCases">
    <skipped/>
  </testcase> <!-- verify_contribute_page_without_text_test -->
  <testcase name="verify_contribute_page_with_word_test" time="0.0" classname="com.eduven.testcase.TermListPageTestCases">
    <skipped/>
  </testcase> <!-- verify_contribute_page_with_word_test -->
  <testcase name="handling_rate_app_popup_test" time="2.007" classname="com.eduven.testcase.QuickListPageTestCases">
    <failure type="org.openqa.selenium.remote.SessionNotFoundException" message="
Command duration or timeout: 5 milliseconds
Build info: version: &amp;apos;2.51.0&amp;apos;, revision: &amp;apos;1af067d&amp;apos;, time: &amp;apos;2016-02-05 19:11:55&amp;apos;
System info: host: &amp;apos;Hitesh-Mac-Mini.local&amp;apos;, ip: &amp;apos;10.30.30.97&amp;apos;, os.name: &amp;apos;Mac OS X&amp;apos;, os.arch: &amp;apos;x86_64&amp;apos;, os.version: &amp;apos;10.11.6&amp;apos;, java.version: &amp;apos;1.8.0_74&amp;apos;
Driver info: io.appium.java_client.ios.IOSDriver
Capabilities [{app=/Users/hiteshbhardwaj/Desktop/Automation/app/LanguagesForIOS/french/french.ipa, networkConnectionEnabled=false, warnings={}, appiumVersion=1.4.13, databaseEnabled=false, deviceName=Rahul&amp;apos;s iPad (9.3.5), platform=UNIX, desired={app=/Users/hiteshbhardwaj/Desktop/Automation/app/LanguagesForIOS/french/french.ipa, appiumVersion=1.4.13, platformVersion=9.3, automationName=Appium, udid=84974ee52e47314f4e50b296df4610e953edc63f, platformName=iOS, deviceName=Rahul&amp;apos;s iPad (9.3.5), platform=IOS}, platformVersion=9.3, webStorageEnabled=false, locationContextEnabled=false, automationName=Appium, browserName=iOS, takesScreenshot=true, javascriptEnabled=true, udid=84974ee52e47314f4e50b296df4610e953edc63f, platformName=iOS}]
Session ID: 8b4f176e-d88b-4c08-8ebc-d65e5ed3e633
*** Element info: {Using=xpath, value=//UIAButton[@name=&amp;apos;No, thanks&amp;apos;]}">
      <![CDATA[org.openqa.selenium.remote.SessionNotFoundException: 
Command duration or timeout: 5 milliseconds
Build info: version: '2.51.0', revision: '1af067d', time: '2016-02-05 19:11:55'
System info: host: 'Hitesh-Mac-Mini.local', ip: '10.30.30.97', os.name: 'Mac OS X', os.arch: 'x86_64', os.version: '10.11.6', java.version: '1.8.0_74'
Driver info: io.appium.java_client.ios.IOSDriver
Capabilities [{app=/Users/hiteshbhardwaj/Desktop/Automation/app/LanguagesForIOS/french/french.ipa, networkConnectionEnabled=false, warnings={}, appiumVersion=1.4.13, databaseEnabled=false, deviceName=Rahul's iPad (9.3.5), platform=UNIX, desired={app=/Users/hiteshbhardwaj/Desktop/Automation/app/LanguagesForIOS/french/french.ipa, appiumVersion=1.4.13, platformVersion=9.3, automationName=Appium, udid=84974ee52e47314f4e50b296df4610e953edc63f, platformName=iOS, deviceName=Rahul's iPad (9.3.5), platform=IOS}, platformVersion=9.3, webStorageEnabled=false, locationContextEnabled=false, automationName=Appium, browserName=iOS, takesScreenshot=true, javascriptEnabled=true, udid=84974ee52e47314f4e50b296df4610e953edc63f, platformName=iOS}]
Session ID: 8b4f176e-d88b-4c08-8ebc-d65e5ed3e633
*** Element info: {Using=xpath, value=//UIAButton[@name='No, thanks']}
	at sun.reflect.NativeConstructorAccessorImpl.newInstance0(Native Method)
	at sun.reflect.NativeConstructorAccessorImpl.newInstance(NativeConstructorAccessorImpl.java:62)
	at sun.reflect.DelegatingConstructorAccessorImpl.newInstance(DelegatingConstructorAccessorImpl.java:45)
	at java.lang.reflect.Constructor.newInstance(Constructor.java:423)
	at org.openqa.selenium.remote.ErrorHandler.createThrowable(ErrorHandler.java:206)
	at org.openqa.selenium.remote.ErrorHandler.throwIfResponseFailed(ErrorHandler.java:164)
	at org.openqa.selenium.remote.RemoteWebDriver.execute(RemoteWebDriver.java:678)
	at io.appium.java_client.DefaultGenericMobileDriver.execute(DefaultGenericMobileDriver.java:43)
	at io.appium.java_client.AppiumDriver.execute(AppiumDriver.java:1)
	at io.appium.java_client.ios.IOSDriver.execute(IOSDriver.java:1)
	at org.openqa.selenium.remote.RemoteWebDriver.findElement(RemoteWebDriver.java:363)
	at org.openqa.selenium.remote.RemoteWebDriver.findElementByXPath(RemoteWebDriver.java:500)
	at io.appium.java_client.DefaultGenericMobileDriver.findElementByXPath(DefaultGenericMobileDriver.java:129)
	at io.appium.java_client.AppiumDriver.findElementByXPath(AppiumDriver.java:1)
	at io.appium.java_client.ios.IOSDriver.findElementByXPath(IOSDriver.java:1)
	at org.openqa.selenium.By$ByXPath.findElement(By.java:361)
	at org.openqa.selenium.remote.RemoteWebDriver.findElement(RemoteWebDriver.java:355)
	at io.appium.java_client.DefaultGenericMobileDriver.findElement(DefaultGenericMobileDriver.java:51)
	at io.appium.java_client.AppiumDriver.findElement(AppiumDriver.java:1)
	at io.appium.java_client.ios.IOSDriver.findElement(IOSDriver.java:1)
	at com.eduven.utils.Reusables.getElement(Reusables.java:720)
	at com.eduven.utils.Reusables.isElementPresent(Reusables.java:119)
	at com.eduven.modules.SplashScreen.hideAppRatePopup(SplashScreen.java:42)
	at com.eduven.testcase.QuickListPageTestCases.handling_rate_app_popup_test(QuickListPageTestCases.java:26)
	at sun.reflect.NativeMethodAccessorImpl.invoke0(Native Method)
	at sun.reflect.NativeMethodAccessorImpl.invoke(NativeMethodAccessorImpl.java:62)
	at sun.reflect.DelegatingMethodAccessorImpl.invoke(DelegatingMethodAccessorImpl.java:43)
	at java.lang.reflect.Method.invoke(Method.java:498)
	at org.testng.internal.MethodInvocationHelper.invokeMethod(MethodInvocationHelper.java:85)
	at org.testng.internal.Invoker.invokeMethod(Invoker.java:639)
	at org.testng.internal.Invoker.invokeTestMethod(Invoker.java:816)
	at org.testng.internal.Invoker.invokeTestMethods(Invoker.java:1124)
	at org.testng.internal.TestMethodWorker.invokeTestMethods(TestMethodWorker.java:125)
	at org.testng.internal.TestMethodWorker.run(TestMethodWorker.java:108)
	at org.testng.TestRunner.privateRun(TestRunner.java:774)
	at org.testng.TestRunner.run(TestRunner.java:624)
	at org.testng.SuiteRunner.runTest(SuiteRunner.java:359)
	at org.testng.SuiteRunner.runSequentially(SuiteRunner.java:354)
	at org.testng.SuiteRunner.privateRun(SuiteRunner.java:312)
	at org.testng.SuiteRunner.run(SuiteRunner.java:261)
	at org.testng.SuiteRunnerWorker.runSuite(SuiteRunnerWorker.java:52)
	at org.testng.SuiteRunnerWorker.run(SuiteRunnerWorker.java:86)
	at org.testng.TestNG.runSuitesSequentially(TestNG.java:1215)
	at org.testng.TestNG.runSuitesLocally(TestNG.java:1140)
	at org.testng.TestNG.run(TestNG.java:1048)
	at com.eduven.utils.RunTestng.main(RunTestng.java:58)
]]>
    </failure>
  </testcase> <!-- handling_rate_app_popup_test -->
  <testcase name="install_app_and_language_selection_test" time="0.0" classname="com.eduven.testcase.QuickListPageTestCases">
    <skipped/>
  </testcase> <!-- install_app_and_language_selection_test -->
  <testcase name="navigate_to_quick_list_test" time="0.0" classname="com.eduven.testcase.QuickListPageTestCases">
    <skipped/>
  </testcase> <!-- navigate_to_quick_list_test -->
  <testcase name="verify_quick_list_headertxt_test" time="0.0" classname="com.eduven.testcase.QuickListPageTestCases">
    <skipped/>
  </testcase> <!-- verify_quick_list_headertxt_test -->
  <testcase name="verify_quick_list_category_test" time="0.0" classname="com.eduven.testcase.QuickListPageTestCases">
    <skipped/>
  </testcase> <!-- verify_quick_list_category_test -->
  <testcase name="navigate_to_quick_list_term_test" time="0.0" classname="com.eduven.testcase.QuickListPageTestCases">
    <skipped/>
  </testcase> <!-- navigate_to_quick_list_term_test -->
  <testcase name="verify_terms_name_on_termlist_page_test" time="0.0" classname="com.eduven.testcase.QuickListPageTestCases">
    <skipped/>
  </testcase> <!-- verify_terms_name_on_termlist_page_test -->
  <testcase name="verify_unlock_term_name_test" time="0.0" classname="com.eduven.testcase.QuickListPageTestCases">
    <skipped/>
  </testcase> <!-- verify_unlock_term_name_test -->
  <testcase name="verify_lock_term_name_test" time="0.0" classname="com.eduven.testcase.QuickListPageTestCases">
    <skipped/>
  </testcase> <!-- verify_lock_term_name_test -->
  <testcase name="handlingRateTheAppPopupTest" time="2.01" classname="com.eduven.testcase.AutoPlayPageTestCases">
    <failure type="org.openqa.selenium.remote.SessionNotFoundException" message="
Command duration or timeout: 5 milliseconds
Build info: version: &amp;apos;2.51.0&amp;apos;, revision: &amp;apos;1af067d&amp;apos;, time: &amp;apos;2016-02-05 19:11:55&amp;apos;
System info: host: &amp;apos;Hitesh-Mac-Mini.local&amp;apos;, ip: &amp;apos;10.30.30.97&amp;apos;, os.name: &amp;apos;Mac OS X&amp;apos;, os.arch: &amp;apos;x86_64&amp;apos;, os.version: &amp;apos;10.11.6&amp;apos;, java.version: &amp;apos;1.8.0_74&amp;apos;
Driver info: io.appium.java_client.ios.IOSDriver
Capabilities [{app=/Users/hiteshbhardwaj/Desktop/Automation/app/LanguagesForIOS/french/french.ipa, networkConnectionEnabled=false, warnings={}, appiumVersion=1.4.13, databaseEnabled=false, deviceName=Rahul&amp;apos;s iPad (9.3.5), platform=UNIX, desired={app=/Users/hiteshbhardwaj/Desktop/Automation/app/LanguagesForIOS/french/french.ipa, appiumVersion=1.4.13, platformVersion=9.3, automationName=Appium, udid=84974ee52e47314f4e50b296df4610e953edc63f, platformName=iOS, deviceName=Rahul&amp;apos;s iPad (9.3.5), platform=IOS}, platformVersion=9.3, webStorageEnabled=false, locationContextEnabled=false, automationName=Appium, browserName=iOS, takesScreenshot=true, javascriptEnabled=true, udid=84974ee52e47314f4e50b296df4610e953edc63f, platformName=iOS}]
Session ID: 8b4f176e-d88b-4c08-8ebc-d65e5ed3e633
*** Element info: {Using=xpath, value=//UIAButton[@name=&amp;apos;No, thanks&amp;apos;]}">
      <![CDATA[org.openqa.selenium.remote.SessionNotFoundException: 
Command duration or timeout: 5 milliseconds
Build info: version: '2.51.0', revision: '1af067d', time: '2016-02-05 19:11:55'
System info: host: 'Hitesh-Mac-Mini.local', ip: '10.30.30.97', os.name: 'Mac OS X', os.arch: 'x86_64', os.version: '10.11.6', java.version: '1.8.0_74'
Driver info: io.appium.java_client.ios.IOSDriver
Capabilities [{app=/Users/hiteshbhardwaj/Desktop/Automation/app/LanguagesForIOS/french/french.ipa, networkConnectionEnabled=false, warnings={}, appiumVersion=1.4.13, databaseEnabled=false, deviceName=Rahul's iPad (9.3.5), platform=UNIX, desired={app=/Users/hiteshbhardwaj/Desktop/Automation/app/LanguagesForIOS/french/french.ipa, appiumVersion=1.4.13, platformVersion=9.3, automationName=Appium, udid=84974ee52e47314f4e50b296df4610e953edc63f, platformName=iOS, deviceName=Rahul's iPad (9.3.5), platform=IOS}, platformVersion=9.3, webStorageEnabled=false, locationContextEnabled=false, automationName=Appium, browserName=iOS, takesScreenshot=true, javascriptEnabled=true, udid=84974ee52e47314f4e50b296df4610e953edc63f, platformName=iOS}]
Session ID: 8b4f176e-d88b-4c08-8ebc-d65e5ed3e633
*** Element info: {Using=xpath, value=//UIAButton[@name='No, thanks']}
	at sun.reflect.NativeConstructorAccessorImpl.newInstance0(Native Method)
	at sun.reflect.NativeConstructorAccessorImpl.newInstance(NativeConstructorAccessorImpl.java:62)
	at sun.reflect.DelegatingConstructorAccessorImpl.newInstance(DelegatingConstructorAccessorImpl.java:45)
	at java.lang.reflect.Constructor.newInstance(Constructor.java:423)
	at org.openqa.selenium.remote.ErrorHandler.createThrowable(ErrorHandler.java:206)
	at org.openqa.selenium.remote.ErrorHandler.throwIfResponseFailed(ErrorHandler.java:164)
	at org.openqa.selenium.remote.RemoteWebDriver.execute(RemoteWebDriver.java:678)
	at io.appium.java_client.DefaultGenericMobileDriver.execute(DefaultGenericMobileDriver.java:43)
	at io.appium.java_client.AppiumDriver.execute(AppiumDriver.java:1)
	at io.appium.java_client.ios.IOSDriver.execute(IOSDriver.java:1)
	at org.openqa.selenium.remote.RemoteWebDriver.findElement(RemoteWebDriver.java:363)
	at org.openqa.selenium.remote.RemoteWebDriver.findElementByXPath(RemoteWebDriver.java:500)
	at io.appium.java_client.DefaultGenericMobileDriver.findElementByXPath(DefaultGenericMobileDriver.java:129)
	at io.appium.java_client.AppiumDriver.findElementByXPath(AppiumDriver.java:1)
	at io.appium.java_client.ios.IOSDriver.findElementByXPath(IOSDriver.java:1)
	at org.openqa.selenium.By$ByXPath.findElement(By.java:361)
	at org.openqa.selenium.remote.RemoteWebDriver.findElement(RemoteWebDriver.java:355)
	at io.appium.java_client.DefaultGenericMobileDriver.findElement(DefaultGenericMobileDriver.java:51)
	at io.appium.java_client.AppiumDriver.findElement(AppiumDriver.java:1)
	at io.appium.java_client.ios.IOSDriver.findElement(IOSDriver.java:1)
	at com.eduven.utils.Reusables.getElement(Reusables.java:720)
	at com.eduven.utils.Reusables.isElementPresent(Reusables.java:119)
	at com.eduven.modules.SplashScreen.hideAppRatePopup(SplashScreen.java:42)
	at com.eduven.testcase.AutoPlayPageTestCases.handlingRateTheAppPopupTest(AutoPlayPageTestCases.java:26)
	at sun.reflect.NativeMethodAccessorImpl.invoke0(Native Method)
	at sun.reflect.NativeMethodAccessorImpl.invoke(NativeMethodAccessorImpl.java:62)
	at sun.reflect.DelegatingMethodAccessorImpl.invoke(DelegatingMethodAccessorImpl.java:43)
	at java.lang.reflect.Method.invoke(Method.java:498)
	at org.testng.internal.MethodInvocationHelper.invokeMethod(MethodInvocationHelper.java:85)
	at org.testng.internal.Invoker.invokeMethod(Invoker.java:639)
	at org.testng.internal.Invoker.invokeTestMethod(Invoker.java:816)
	at org.testng.internal.Invoker.invokeTestMethods(Invoker.java:1124)
	at org.testng.internal.TestMethodWorker.invokeTestMethods(TestMethodWorker.java:125)
	at org.testng.internal.TestMethodWorker.run(TestMethodWorker.java:108)
	at org.testng.TestRunner.privateRun(TestRunner.java:774)
	at org.testng.TestRunner.run(TestRunner.java:624)
	at org.testng.SuiteRunner.runTest(SuiteRunner.java:359)
	at org.testng.SuiteRunner.runSequentially(SuiteRunner.java:354)
	at org.testng.SuiteRunner.privateRun(SuiteRunner.java:312)
	at org.testng.SuiteRunner.run(SuiteRunner.java:261)
	at org.testng.SuiteRunnerWorker.runSuite(SuiteRunnerWorker.java:52)
	at org.testng.SuiteRunnerWorker.run(SuiteRunnerWorker.java:86)
	at org.testng.TestNG.runSuitesSequentially(TestNG.java:1215)
	at org.testng.TestNG.runSuitesLocally(TestNG.java:1140)
	at org.testng.TestNG.run(TestNG.java:1048)
	at com.eduven.utils.RunTestng.main(RunTestng.java:58)
]]>
    </failure>
  </testcase> <!-- handlingRateTheAppPopupTest -->
  <testcase name="languageSelectionTest" time="0.001" classname="com.eduven.testcase.AutoPlayPageTestCases">
    <skipped/>
  </testcase> <!-- languageSelectionTest -->
  <testcase name="verifyCategoryHeaderTxt" time="0.0" classname="com.eduven.testcase.AutoPlayPageTestCases">
    <skipped/>
  </testcase> <!-- verifyCategoryHeaderTxt -->
  <testcase name="selectRandomCategoryTest" time="0.0" classname="com.eduven.testcase.AutoPlayPageTestCases">
    <skipped/>
  </testcase> <!-- selectRandomCategoryTest -->
  <testcase name="verifyAutoPlayButtonTest" time="0.0" classname="com.eduven.testcase.AutoPlayPageTestCases">
    <skipped/>
  </testcase> <!-- verifyAutoPlayButtonTest -->
  <testcase name="increaseDealayTimeTest" time="0.001" classname="com.eduven.testcase.AutoPlayPageTestCases">
    <skipped/>
  </testcase> <!-- increaseDealayTimeTest -->
  <testcase name="autoPlayButtonForPlayButtonTest" time="0.0" classname="com.eduven.testcase.AutoPlayPageTestCases">
    <skipped/>
  </testcase> <!-- autoPlayButtonForPlayButtonTest -->
  <testcase name="verify_auto_play_works_test" time="0.0" classname="com.eduven.testcase.AutoPlayPageTestCases">
    <skipped/>
  </testcase> <!-- verify_auto_play_works_test -->
  <testcase name="handling_rate_app_popup_test" time="2.012" classname="com.eduven.testcase.PurchaseTestCases">
    <failure type="org.openqa.selenium.remote.SessionNotFoundException" message="
Command duration or timeout: 8 milliseconds
Build info: version: &amp;apos;2.51.0&amp;apos;, revision: &amp;apos;1af067d&amp;apos;, time: &amp;apos;2016-02-05 19:11:55&amp;apos;
System info: host: &amp;apos;Hitesh-Mac-Mini.local&amp;apos;, ip: &amp;apos;10.30.30.97&amp;apos;, os.name: &amp;apos;Mac OS X&amp;apos;, os.arch: &amp;apos;x86_64&amp;apos;, os.version: &amp;apos;10.11.6&amp;apos;, java.version: &amp;apos;1.8.0_74&amp;apos;
Driver info: io.appium.java_client.ios.IOSDriver
Capabilities [{app=/Users/hiteshbhardwaj/Desktop/Automation/app/LanguagesForIOS/french/french.ipa, networkConnectionEnabled=false, warnings={}, appiumVersion=1.4.13, databaseEnabled=false, deviceName=Rahul&amp;apos;s iPad (9.3.5), platform=UNIX, desired={app=/Users/hiteshbhardwaj/Desktop/Automation/app/LanguagesForIOS/french/french.ipa, appiumVersion=1.4.13, platformVersion=9.3, automationName=Appium, udid=84974ee52e47314f4e50b296df4610e953edc63f, platformName=iOS, deviceName=Rahul&amp;apos;s iPad (9.3.5), platform=IOS}, platformVersion=9.3, webStorageEnabled=false, locationContextEnabled=false, automationName=Appium, browserName=iOS, takesScreenshot=true, javascriptEnabled=true, udid=84974ee52e47314f4e50b296df4610e953edc63f, platformName=iOS}]
Session ID: 8b4f176e-d88b-4c08-8ebc-d65e5ed3e633
*** Element info: {Using=xpath, value=//UIAButton[@name=&amp;apos;No, thanks&amp;apos;]}">
      <![CDATA[org.openqa.selenium.remote.SessionNotFoundException: 
Command duration or timeout: 8 milliseconds
Build info: version: '2.51.0', revision: '1af067d', time: '2016-02-05 19:11:55'
System info: host: 'Hitesh-Mac-Mini.local', ip: '10.30.30.97', os.name: 'Mac OS X', os.arch: 'x86_64', os.version: '10.11.6', java.version: '1.8.0_74'
Driver info: io.appium.java_client.ios.IOSDriver
Capabilities [{app=/Users/hiteshbhardwaj/Desktop/Automation/app/LanguagesForIOS/french/french.ipa, networkConnectionEnabled=false, warnings={}, appiumVersion=1.4.13, databaseEnabled=false, deviceName=Rahul's iPad (9.3.5), platform=UNIX, desired={app=/Users/hiteshbhardwaj/Desktop/Automation/app/LanguagesForIOS/french/french.ipa, appiumVersion=1.4.13, platformVersion=9.3, automationName=Appium, udid=84974ee52e47314f4e50b296df4610e953edc63f, platformName=iOS, deviceName=Rahul's iPad (9.3.5), platform=IOS}, platformVersion=9.3, webStorageEnabled=false, locationContextEnabled=false, automationName=Appium, browserName=iOS, takesScreenshot=true, javascriptEnabled=true, udid=84974ee52e47314f4e50b296df4610e953edc63f, platformName=iOS}]
Session ID: 8b4f176e-d88b-4c08-8ebc-d65e5ed3e633
*** Element info: {Using=xpath, value=//UIAButton[@name='No, thanks']}
	at sun.reflect.NativeConstructorAccessorImpl.newInstance0(Native Method)
	at sun.reflect.NativeConstructorAccessorImpl.newInstance(NativeConstructorAccessorImpl.java:62)
	at sun.reflect.DelegatingConstructorAccessorImpl.newInstance(DelegatingConstructorAccessorImpl.java:45)
	at java.lang.reflect.Constructor.newInstance(Constructor.java:423)
	at org.openqa.selenium.remote.ErrorHandler.createThrowable(ErrorHandler.java:206)
	at org.openqa.selenium.remote.ErrorHandler.throwIfResponseFailed(ErrorHandler.java:164)
	at org.openqa.selenium.remote.RemoteWebDriver.execute(RemoteWebDriver.java:678)
	at io.appium.java_client.DefaultGenericMobileDriver.execute(DefaultGenericMobileDriver.java:43)
	at io.appium.java_client.AppiumDriver.execute(AppiumDriver.java:1)
	at io.appium.java_client.ios.IOSDriver.execute(IOSDriver.java:1)
	at org.openqa.selenium.remote.RemoteWebDriver.findElement(RemoteWebDriver.java:363)
	at org.openqa.selenium.remote.RemoteWebDriver.findElementByXPath(RemoteWebDriver.java:500)
	at io.appium.java_client.DefaultGenericMobileDriver.findElementByXPath(DefaultGenericMobileDriver.java:129)
	at io.appium.java_client.AppiumDriver.findElementByXPath(AppiumDriver.java:1)
	at io.appium.java_client.ios.IOSDriver.findElementByXPath(IOSDriver.java:1)
	at org.openqa.selenium.By$ByXPath.findElement(By.java:361)
	at org.openqa.selenium.remote.RemoteWebDriver.findElement(RemoteWebDriver.java:355)
	at io.appium.java_client.DefaultGenericMobileDriver.findElement(DefaultGenericMobileDriver.java:51)
	at io.appium.java_client.AppiumDriver.findElement(AppiumDriver.java:1)
	at io.appium.java_client.ios.IOSDriver.findElement(IOSDriver.java:1)
	at com.eduven.utils.Reusables.getElement(Reusables.java:720)
	at com.eduven.utils.Reusables.isElementPresent(Reusables.java:119)
	at com.eduven.modules.SplashScreen.hideAppRatePopup(SplashScreen.java:42)
	at com.eduven.testcase.PurchaseTestCases.handling_rate_app_popup_test(PurchaseTestCases.java:29)
	at sun.reflect.NativeMethodAccessorImpl.invoke0(Native Method)
	at sun.reflect.NativeMethodAccessorImpl.invoke(NativeMethodAccessorImpl.java:62)
	at sun.reflect.DelegatingMethodAccessorImpl.invoke(DelegatingMethodAccessorImpl.java:43)
	at java.lang.reflect.Method.invoke(Method.java:498)
	at org.testng.internal.MethodInvocationHelper.invokeMethod(MethodInvocationHelper.java:85)
	at org.testng.internal.Invoker.invokeMethod(Invoker.java:639)
	at org.testng.internal.Invoker.invokeTestMethod(Invoker.java:816)
	at org.testng.internal.Invoker.invokeTestMethods(Invoker.java:1124)
	at org.testng.internal.TestMethodWorker.invokeTestMethods(TestMethodWorker.java:125)
	at org.testng.internal.TestMethodWorker.run(TestMethodWorker.java:108)
	at org.testng.TestRunner.privateRun(TestRunner.java:774)
	at org.testng.TestRunner.run(TestRunner.java:624)
	at org.testng.SuiteRunner.runTest(SuiteRunner.java:359)
	at org.testng.SuiteRunner.runSequentially(SuiteRunner.java:354)
	at org.testng.SuiteRunner.privateRun(SuiteRunner.java:312)
	at org.testng.SuiteRunner.run(SuiteRunner.java:261)
	at org.testng.SuiteRunnerWorker.runSuite(SuiteRunnerWorker.java:52)
	at org.testng.SuiteRunnerWorker.run(SuiteRunnerWorker.java:86)
	at org.testng.TestNG.runSuitesSequentially(TestNG.java:1215)
	at org.testng.TestNG.runSuitesLocally(TestNG.java:1140)
	at org.testng.TestNG.run(TestNG.java:1048)
	at com.eduven.utils.RunTestng.main(RunTestng.java:58)
]]>
    </failure>
  </testcase> <!-- handling_rate_app_popup_test -->
  <testcase name="install_app_and_language_selection_test" time="3.01" classname="com.eduven.testcase.PurchaseTestCases">
    <failure type="org.openqa.selenium.remote.SessionNotFoundException" message="
Command duration or timeout: 6 milliseconds
Build info: version: &amp;apos;2.51.0&amp;apos;, revision: &amp;apos;1af067d&amp;apos;, time: &amp;apos;2016-02-05 19:11:55&amp;apos;
System info: host: &amp;apos;Hitesh-Mac-Mini.local&amp;apos;, ip: &amp;apos;10.30.30.97&amp;apos;, os.name: &amp;apos;Mac OS X&amp;apos;, os.arch: &amp;apos;x86_64&amp;apos;, os.version: &amp;apos;10.11.6&amp;apos;, java.version: &amp;apos;1.8.0_74&amp;apos;
Driver info: io.appium.java_client.ios.IOSDriver
Capabilities [{app=/Users/hiteshbhardwaj/Desktop/Automation/app/LanguagesForIOS/french/french.ipa, networkConnectionEnabled=false, warnings={}, appiumVersion=1.4.13, databaseEnabled=false, deviceName=Rahul&amp;apos;s iPad (9.3.5), platform=UNIX, desired={app=/Users/hiteshbhardwaj/Desktop/Automation/app/LanguagesForIOS/french/french.ipa, appiumVersion=1.4.13, platformVersion=9.3, automationName=Appium, udid=84974ee52e47314f4e50b296df4610e953edc63f, platformName=iOS, deviceName=Rahul&amp;apos;s iPad (9.3.5), platform=IOS}, platformVersion=9.3, webStorageEnabled=false, locationContextEnabled=false, automationName=Appium, browserName=iOS, takesScreenshot=true, javascriptEnabled=true, udid=84974ee52e47314f4e50b296df4610e953edc63f, platformName=iOS}]
Session ID: 8b4f176e-d88b-4c08-8ebc-d65e5ed3e633
*** Element info: {Using=id, value=Select Base Language}">
      <![CDATA[org.openqa.selenium.remote.SessionNotFoundException: 
Command duration or timeout: 6 milliseconds
Build info: version: '2.51.0', revision: '1af067d', time: '2016-02-05 19:11:55'
System info: host: 'Hitesh-Mac-Mini.local', ip: '10.30.30.97', os.name: 'Mac OS X', os.arch: 'x86_64', os.version: '10.11.6', java.version: '1.8.0_74'
Driver info: io.appium.java_client.ios.IOSDriver
Capabilities [{app=/Users/hiteshbhardwaj/Desktop/Automation/app/LanguagesForIOS/french/french.ipa, networkConnectionEnabled=false, warnings={}, appiumVersion=1.4.13, databaseEnabled=false, deviceName=Rahul's iPad (9.3.5), platform=UNIX, desired={app=/Users/hiteshbhardwaj/Desktop/Automation/app/LanguagesForIOS/french/french.ipa, appiumVersion=1.4.13, platformVersion=9.3, automationName=Appium, udid=84974ee52e47314f4e50b296df4610e953edc63f, platformName=iOS, deviceName=Rahul's iPad (9.3.5), platform=IOS}, platformVersion=9.3, webStorageEnabled=false, locationContextEnabled=false, automationName=Appium, browserName=iOS, takesScreenshot=true, javascriptEnabled=true, udid=84974ee52e47314f4e50b296df4610e953edc63f, platformName=iOS}]
Session ID: 8b4f176e-d88b-4c08-8ebc-d65e5ed3e633
*** Element info: {Using=id, value=Select Base Language}
	at sun.reflect.NativeConstructorAccessorImpl.newInstance0(Native Method)
	at sun.reflect.NativeConstructorAccessorImpl.newInstance(NativeConstructorAccessorImpl.java:62)
	at sun.reflect.DelegatingConstructorAccessorImpl.newInstance(DelegatingConstructorAccessorImpl.java:45)
	at java.lang.reflect.Constructor.newInstance(Constructor.java:423)
	at org.openqa.selenium.remote.ErrorHandler.createThrowable(ErrorHandler.java:206)
	at org.openqa.selenium.remote.ErrorHandler.throwIfResponseFailed(ErrorHandler.java:164)
	at org.openqa.selenium.remote.RemoteWebDriver.execute(RemoteWebDriver.java:678)
	at io.appium.java_client.DefaultGenericMobileDriver.execute(DefaultGenericMobileDriver.java:43)
	at io.appium.java_client.AppiumDriver.execute(AppiumDriver.java:1)
	at io.appium.java_client.ios.IOSDriver.execute(IOSDriver.java:1)
	at org.openqa.selenium.remote.RemoteWebDriver.findElement(RemoteWebDriver.java:363)
	at org.openqa.selenium.remote.RemoteWebDriver.findElementById(RemoteWebDriver.java:413)
	at io.appium.java_client.DefaultGenericMobileDriver.findElementById(DefaultGenericMobileDriver.java:59)
	at io.appium.java_client.AppiumDriver.findElementById(AppiumDriver.java:1)
	at io.appium.java_client.ios.IOSDriver.findElementById(IOSDriver.java:1)
	at org.openqa.selenium.By$ById.findElement(By.java:218)
	at org.openqa.selenium.remote.RemoteWebDriver.findElement(RemoteWebDriver.java:355)
	at io.appium.java_client.DefaultGenericMobileDriver.findElement(DefaultGenericMobileDriver.java:51)
	at io.appium.java_client.AppiumDriver.findElement(AppiumDriver.java:1)
	at io.appium.java_client.ios.IOSDriver.findElement(IOSDriver.java:1)
	at com.eduven.utils.Reusables.getElement(Reusables.java:720)
	at com.eduven.utils.Reusables.isElementPresent(Reusables.java:119)
	at com.eduven.modules.LanguageCategoryPage.langugeSelection(LanguageCategoryPage.java:72)
	at com.eduven.testcase.PurchaseTestCases.install_app_and_language_selection_test(PurchaseTestCases.java:34)
	at sun.reflect.NativeMethodAccessorImpl.invoke0(Native Method)
	at sun.reflect.NativeMethodAccessorImpl.invoke(NativeMethodAccessorImpl.java:62)
	at sun.reflect.DelegatingMethodAccessorImpl.invoke(DelegatingMethodAccessorImpl.java:43)
	at java.lang.reflect.Method.invoke(Method.java:498)
	at org.testng.internal.MethodInvocationHelper.invokeMethod(MethodInvocationHelper.java:85)
	at org.testng.internal.Invoker.invokeMethod(Invoker.java:639)
	at org.testng.internal.Invoker.invokeTestMethod(Invoker.java:816)
	at org.testng.internal.Invoker.invokeTestMethods(Invoker.java:1124)
	at org.testng.internal.TestMethodWorker.invokeTestMethods(TestMethodWorker.java:125)
	at org.testng.internal.TestMethodWorker.run(TestMethodWorker.java:108)
	at org.testng.TestRunner.privateRun(TestRunner.java:774)
	at org.testng.TestRunner.run(TestRunner.java:624)
	at org.testng.SuiteRunner.runTest(SuiteRunner.java:359)
	at org.testng.SuiteRunner.runSequentially(SuiteRunner.java:354)
	at org.testng.SuiteRunner.privateRun(SuiteRunner.java:312)
	at org.testng.SuiteRunner.run(SuiteRunner.java:261)
	at org.testng.SuiteRunnerWorker.runSuite(SuiteRunnerWorker.java:52)
	at org.testng.SuiteRunnerWorker.run(SuiteRunnerWorker.java:86)
	at org.testng.TestNG.runSuitesSequentially(TestNG.java:1215)
	at org.testng.TestNG.runSuitesLocally(TestNG.java:1140)
	at org.testng.TestNG.run(TestNG.java:1048)
	at com.eduven.utils.RunTestng.main(RunTestng.java:58)
]]>
    </failure>
  </testcase> <!-- install_app_and_language_selection_test -->
  <testcase name="verify_lock_term_before_purchase_test" time="0.004" classname="com.eduven.testcase.PurchaseTestCases">
    <failure type="org.openqa.selenium.remote.SessionNotFoundException" message="
Command duration or timeout: 4 milliseconds
Build info: version: &amp;apos;2.51.0&amp;apos;, revision: &amp;apos;1af067d&amp;apos;, time: &amp;apos;2016-02-05 19:11:55&amp;apos;
System info: host: &amp;apos;Hitesh-Mac-Mini.local&amp;apos;, ip: &amp;apos;10.30.30.97&amp;apos;, os.name: &amp;apos;Mac OS X&amp;apos;, os.arch: &amp;apos;x86_64&amp;apos;, os.version: &amp;apos;10.11.6&amp;apos;, java.version: &amp;apos;1.8.0_74&amp;apos;
Driver info: io.appium.java_client.ios.IOSDriver
Capabilities [{app=/Users/hiteshbhardwaj/Desktop/Automation/app/LanguagesForIOS/french/french.ipa, networkConnectionEnabled=false, warnings={}, appiumVersion=1.4.13, databaseEnabled=false, deviceName=Rahul&amp;apos;s iPad (9.3.5), platform=UNIX, desired={app=/Users/hiteshbhardwaj/Desktop/Automation/app/LanguagesForIOS/french/french.ipa, appiumVersion=1.4.13, platformVersion=9.3, automationName=Appium, udid=84974ee52e47314f4e50b296df4610e953edc63f, platformName=iOS, deviceName=Rahul&amp;apos;s iPad (9.3.5), platform=IOS}, platformVersion=9.3, webStorageEnabled=false, locationContextEnabled=false, automationName=Appium, browserName=iOS, takesScreenshot=true, javascriptEnabled=true, udid=84974ee52e47314f4e50b296df4610e953edc63f, platformName=iOS}]
Session ID: 8b4f176e-d88b-4c08-8ebc-d65e5ed3e633
*** Element info: {Using=id, value=CategoryHeader}">
      <![CDATA[org.openqa.selenium.remote.SessionNotFoundException: 
Command duration or timeout: 4 milliseconds
Build info: version: '2.51.0', revision: '1af067d', time: '2016-02-05 19:11:55'
System info: host: 'Hitesh-Mac-Mini.local', ip: '10.30.30.97', os.name: 'Mac OS X', os.arch: 'x86_64', os.version: '10.11.6', java.version: '1.8.0_74'
Driver info: io.appium.java_client.ios.IOSDriver
Capabilities [{app=/Users/hiteshbhardwaj/Desktop/Automation/app/LanguagesForIOS/french/french.ipa, networkConnectionEnabled=false, warnings={}, appiumVersion=1.4.13, databaseEnabled=false, deviceName=Rahul's iPad (9.3.5), platform=UNIX, desired={app=/Users/hiteshbhardwaj/Desktop/Automation/app/LanguagesForIOS/french/french.ipa, appiumVersion=1.4.13, platformVersion=9.3, automationName=Appium, udid=84974ee52e47314f4e50b296df4610e953edc63f, platformName=iOS, deviceName=Rahul's iPad (9.3.5), platform=IOS}, platformVersion=9.3, webStorageEnabled=false, locationContextEnabled=false, automationName=Appium, browserName=iOS, takesScreenshot=true, javascriptEnabled=true, udid=84974ee52e47314f4e50b296df4610e953edc63f, platformName=iOS}]
Session ID: 8b4f176e-d88b-4c08-8ebc-d65e5ed3e633
*** Element info: {Using=id, value=CategoryHeader}
	at sun.reflect.NativeConstructorAccessorImpl.newInstance0(Native Method)
	at sun.reflect.NativeConstructorAccessorImpl.newInstance(NativeConstructorAccessorImpl.java:62)
	at sun.reflect.DelegatingConstructorAccessorImpl.newInstance(DelegatingConstructorAccessorImpl.java:45)
	at java.lang.reflect.Constructor.newInstance(Constructor.java:423)
	at org.openqa.selenium.remote.ErrorHandler.createThrowable(ErrorHandler.java:206)
	at org.openqa.selenium.remote.ErrorHandler.throwIfResponseFailed(ErrorHandler.java:164)
	at org.openqa.selenium.remote.RemoteWebDriver.execute(RemoteWebDriver.java:678)
	at io.appium.java_client.DefaultGenericMobileDriver.execute(DefaultGenericMobileDriver.java:43)
	at io.appium.java_client.AppiumDriver.execute(AppiumDriver.java:1)
	at io.appium.java_client.ios.IOSDriver.execute(IOSDriver.java:1)
	at org.openqa.selenium.remote.RemoteWebDriver.findElement(RemoteWebDriver.java:363)
	at org.openqa.selenium.remote.RemoteWebDriver.findElementById(RemoteWebDriver.java:413)
	at io.appium.java_client.DefaultGenericMobileDriver.findElementById(DefaultGenericMobileDriver.java:59)
	at io.appium.java_client.AppiumDriver.findElementById(AppiumDriver.java:1)
	at io.appium.java_client.ios.IOSDriver.findElementById(IOSDriver.java:1)
	at org.openqa.selenium.By$ById.findElement(By.java:218)
	at org.openqa.selenium.remote.RemoteWebDriver.findElement(RemoteWebDriver.java:355)
	at io.appium.java_client.DefaultGenericMobileDriver.findElement(DefaultGenericMobileDriver.java:51)
	at io.appium.java_client.AppiumDriver.findElement(AppiumDriver.java:1)
	at io.appium.java_client.ios.IOSDriver.findElement(IOSDriver.java:1)
	at com.eduven.utils.Reusables.getElement(Reusables.java:720)
	at com.eduven.modules.Categories.verifyCategoryHeaderTxt(Categories.java:29)
	at com.eduven.testcase.PurchaseTestCases.verify_lock_term_before_purchase_test(PurchaseTestCases.java:39)
	at sun.reflect.NativeMethodAccessorImpl.invoke0(Native Method)
	at sun.reflect.NativeMethodAccessorImpl.invoke(NativeMethodAccessorImpl.java:62)
	at sun.reflect.DelegatingMethodAccessorImpl.invoke(DelegatingMethodAccessorImpl.java:43)
	at java.lang.reflect.Method.invoke(Method.java:498)
	at org.testng.internal.MethodInvocationHelper.invokeMethod(MethodInvocationHelper.java:85)
	at org.testng.internal.Invoker.invokeMethod(Invoker.java:639)
	at org.testng.internal.Invoker.invokeTestMethod(Invoker.java:816)
	at org.testng.internal.Invoker.invokeTestMethods(Invoker.java:1124)
	at org.testng.internal.TestMethodWorker.invokeTestMethods(TestMethodWorker.java:125)
	at org.testng.internal.TestMethodWorker.run(TestMethodWorker.java:108)
	at org.testng.TestRunner.privateRun(TestRunner.java:774)
	at org.testng.TestRunner.run(TestRunner.java:624)
	at org.testng.SuiteRunner.runTest(SuiteRunner.java:359)
	at org.testng.SuiteRunner.runSequentially(SuiteRunner.java:354)
	at org.testng.SuiteRunner.privateRun(SuiteRunner.java:312)
	at org.testng.SuiteRunner.run(SuiteRunner.java:261)
	at org.testng.SuiteRunnerWorker.runSuite(SuiteRunnerWorker.java:52)
	at org.testng.SuiteRunnerWorker.run(SuiteRunnerWorker.java:86)
	at org.testng.TestNG.runSuitesSequentially(TestNG.java:1215)
	at org.testng.TestNG.runSuitesLocally(TestNG.java:1140)
	at org.testng.TestNG.run(TestNG.java:1048)
	at com.eduven.utils.RunTestng.main(RunTestng.java:58)
]]>
    </failure>
  </testcase> <!-- verify_lock_term_before_purchase_test -->
  <testcase name="navigate_to_buy_test" time="2.009" classname="com.eduven.testcase.PurchaseTestCases">
    <failure type="org.openqa.selenium.remote.SessionNotFoundException" message="
Command duration or timeout: 7 milliseconds
Build info: version: &amp;apos;2.51.0&amp;apos;, revision: &amp;apos;1af067d&amp;apos;, time: &amp;apos;2016-02-05 19:11:55&amp;apos;
System info: host: &amp;apos;Hitesh-Mac-Mini.local&amp;apos;, ip: &amp;apos;10.30.30.97&amp;apos;, os.name: &amp;apos;Mac OS X&amp;apos;, os.arch: &amp;apos;x86_64&amp;apos;, os.version: &amp;apos;10.11.6&amp;apos;, java.version: &amp;apos;1.8.0_74&amp;apos;
Driver info: io.appium.java_client.ios.IOSDriver
Capabilities [{app=/Users/hiteshbhardwaj/Desktop/Automation/app/LanguagesForIOS/french/french.ipa, networkConnectionEnabled=false, warnings={}, appiumVersion=1.4.13, databaseEnabled=false, deviceName=Rahul&amp;apos;s iPad (9.3.5), platform=UNIX, desired={app=/Users/hiteshbhardwaj/Desktop/Automation/app/LanguagesForIOS/french/french.ipa, appiumVersion=1.4.13, platformVersion=9.3, automationName=Appium, udid=84974ee52e47314f4e50b296df4610e953edc63f, platformName=iOS, deviceName=Rahul&amp;apos;s iPad (9.3.5), platform=IOS}, platformVersion=9.3, webStorageEnabled=false, locationContextEnabled=false, automationName=Appium, browserName=iOS, takesScreenshot=true, javascriptEnabled=true, udid=84974ee52e47314f4e50b296df4610e953edc63f, platformName=iOS}]
Session ID: 8b4f176e-d88b-4c08-8ebc-d65e5ed3e633
*** Element info: {Using=xpath, value=//UIAButton[@name=&amp;apos;be pro&amp;apos;][1]}">
      <![CDATA[org.openqa.selenium.remote.SessionNotFoundException: 
Command duration or timeout: 7 milliseconds
Build info: version: '2.51.0', revision: '1af067d', time: '2016-02-05 19:11:55'
System info: host: 'Hitesh-Mac-Mini.local', ip: '10.30.30.97', os.name: 'Mac OS X', os.arch: 'x86_64', os.version: '10.11.6', java.version: '1.8.0_74'
Driver info: io.appium.java_client.ios.IOSDriver
Capabilities [{app=/Users/hiteshbhardwaj/Desktop/Automation/app/LanguagesForIOS/french/french.ipa, networkConnectionEnabled=false, warnings={}, appiumVersion=1.4.13, databaseEnabled=false, deviceName=Rahul's iPad (9.3.5), platform=UNIX, desired={app=/Users/hiteshbhardwaj/Desktop/Automation/app/LanguagesForIOS/french/french.ipa, appiumVersion=1.4.13, platformVersion=9.3, automationName=Appium, udid=84974ee52e47314f4e50b296df4610e953edc63f, platformName=iOS, deviceName=Rahul's iPad (9.3.5), platform=IOS}, platformVersion=9.3, webStorageEnabled=false, locationContextEnabled=false, automationName=Appium, browserName=iOS, takesScreenshot=true, javascriptEnabled=true, udid=84974ee52e47314f4e50b296df4610e953edc63f, platformName=iOS}]
Session ID: 8b4f176e-d88b-4c08-8ebc-d65e5ed3e633
*** Element info: {Using=xpath, value=//UIAButton[@name='be pro'][1]}
	at sun.reflect.NativeConstructorAccessorImpl.newInstance0(Native Method)
	at sun.reflect.NativeConstructorAccessorImpl.newInstance(NativeConstructorAccessorImpl.java:62)
	at sun.reflect.DelegatingConstructorAccessorImpl.newInstance(DelegatingConstructorAccessorImpl.java:45)
	at java.lang.reflect.Constructor.newInstance(Constructor.java:423)
	at org.openqa.selenium.remote.ErrorHandler.createThrowable(ErrorHandler.java:206)
	at org.openqa.selenium.remote.ErrorHandler.throwIfResponseFailed(ErrorHandler.java:164)
	at org.openqa.selenium.remote.RemoteWebDriver.execute(RemoteWebDriver.java:678)
	at io.appium.java_client.DefaultGenericMobileDriver.execute(DefaultGenericMobileDriver.java:43)
	at io.appium.java_client.AppiumDriver.execute(AppiumDriver.java:1)
	at io.appium.java_client.ios.IOSDriver.execute(IOSDriver.java:1)
	at org.openqa.selenium.remote.RemoteWebDriver.findElement(RemoteWebDriver.java:363)
	at org.openqa.selenium.remote.RemoteWebDriver.findElementByXPath(RemoteWebDriver.java:500)
	at io.appium.java_client.DefaultGenericMobileDriver.findElementByXPath(DefaultGenericMobileDriver.java:129)
	at io.appium.java_client.AppiumDriver.findElementByXPath(AppiumDriver.java:1)
	at io.appium.java_client.ios.IOSDriver.findElementByXPath(IOSDriver.java:1)
	at org.openqa.selenium.By$ByXPath.findElement(By.java:361)
	at org.openqa.selenium.remote.RemoteWebDriver.findElement(RemoteWebDriver.java:355)
	at io.appium.java_client.DefaultGenericMobileDriver.findElement(DefaultGenericMobileDriver.java:51)
	at io.appium.java_client.AppiumDriver.findElement(AppiumDriver.java:1)
	at io.appium.java_client.ios.IOSDriver.findElement(IOSDriver.java:1)
	at com.eduven.utils.Reusables.getElement(Reusables.java:720)
	at com.eduven.utils.Reusables.tapOnElementUsingLocator(Reusables.java:243)
	at com.eduven.modules.EntityDetailPage.navigateToPurchasePage(EntityDetailPage.java:67)
	at com.eduven.testcase.PurchaseTestCases.navigate_to_buy_test(PurchaseTestCases.java:47)
	at sun.reflect.NativeMethodAccessorImpl.invoke0(Native Method)
	at sun.reflect.NativeMethodAccessorImpl.invoke(NativeMethodAccessorImpl.java:62)
	at sun.reflect.DelegatingMethodAccessorImpl.invoke(DelegatingMethodAccessorImpl.java:43)
	at java.lang.reflect.Method.invoke(Method.java:498)
	at org.testng.internal.MethodInvocationHelper.invokeMethod(MethodInvocationHelper.java:85)
	at org.testng.internal.Invoker.invokeMethod(Invoker.java:639)
	at org.testng.internal.Invoker.invokeTestMethod(Invoker.java:816)
	at org.testng.internal.Invoker.invokeTestMethods(Invoker.java:1124)
	at org.testng.internal.TestMethodWorker.invokeTestMethods(TestMethodWorker.java:125)
	at org.testng.internal.TestMethodWorker.run(TestMethodWorker.java:108)
	at org.testng.TestRunner.privateRun(TestRunner.java:774)
	at org.testng.TestRunner.run(TestRunner.java:624)
	at org.testng.SuiteRunner.runTest(SuiteRunner.java:359)
	at org.testng.SuiteRunner.runSequentially(SuiteRunner.java:354)
	at org.testng.SuiteRunner.privateRun(SuiteRunner.java:312)
	at org.testng.SuiteRunner.run(SuiteRunner.java:261)
	at org.testng.SuiteRunnerWorker.runSuite(SuiteRunnerWorker.java:52)
	at org.testng.SuiteRunnerWorker.run(SuiteRunnerWorker.java:86)
	at org.testng.TestNG.runSuitesSequentially(TestNG.java:1215)
	at org.testng.TestNG.runSuitesLocally(TestNG.java:1140)
	at org.testng.TestNG.run(TestNG.java:1048)
	at com.eduven.utils.RunTestng.main(RunTestng.java:58)
]]>
    </failure>
  </testcase> <!-- navigate_to_buy_test -->
  <testcase name="buy_app_purchase_test" time="4.015" classname="com.eduven.testcase.PurchaseTestCases">
    <failure type="org.openqa.selenium.remote.SessionNotFoundException" message="
Command duration or timeout: 7 milliseconds
Build info: version: &amp;apos;2.51.0&amp;apos;, revision: &amp;apos;1af067d&amp;apos;, time: &amp;apos;2016-02-05 19:11:55&amp;apos;
System info: host: &amp;apos;Hitesh-Mac-Mini.local&amp;apos;, ip: &amp;apos;10.30.30.97&amp;apos;, os.name: &amp;apos;Mac OS X&amp;apos;, os.arch: &amp;apos;x86_64&amp;apos;, os.version: &amp;apos;10.11.6&amp;apos;, java.version: &amp;apos;1.8.0_74&amp;apos;
Driver info: io.appium.java_client.ios.IOSDriver
Capabilities [{app=/Users/hiteshbhardwaj/Desktop/Automation/app/LanguagesForIOS/french/french.ipa, networkConnectionEnabled=false, warnings={}, appiumVersion=1.4.13, databaseEnabled=false, deviceName=Rahul&amp;apos;s iPad (9.3.5), platform=UNIX, desired={app=/Users/hiteshbhardwaj/Desktop/Automation/app/LanguagesForIOS/french/french.ipa, appiumVersion=1.4.13, platformVersion=9.3, automationName=Appium, udid=84974ee52e47314f4e50b296df4610e953edc63f, platformName=iOS, deviceName=Rahul&amp;apos;s iPad (9.3.5), platform=IOS}, platformVersion=9.3, webStorageEnabled=false, locationContextEnabled=false, automationName=Appium, browserName=iOS, takesScreenshot=true, javascriptEnabled=true, udid=84974ee52e47314f4e50b296df4610e953edc63f, platformName=iOS}]
Session ID: 8b4f176e-d88b-4c08-8ebc-d65e5ed3e633
*** Element info: {Using=xpath, value=//UIAButton[@name=&amp;apos;buttonWithAdd&amp;apos;]}">
      <![CDATA[org.openqa.selenium.remote.SessionNotFoundException: 
Command duration or timeout: 7 milliseconds
Build info: version: '2.51.0', revision: '1af067d', time: '2016-02-05 19:11:55'
System info: host: 'Hitesh-Mac-Mini.local', ip: '10.30.30.97', os.name: 'Mac OS X', os.arch: 'x86_64', os.version: '10.11.6', java.version: '1.8.0_74'
Driver info: io.appium.java_client.ios.IOSDriver
Capabilities [{app=/Users/hiteshbhardwaj/Desktop/Automation/app/LanguagesForIOS/french/french.ipa, networkConnectionEnabled=false, warnings={}, appiumVersion=1.4.13, databaseEnabled=false, deviceName=Rahul's iPad (9.3.5), platform=UNIX, desired={app=/Users/hiteshbhardwaj/Desktop/Automation/app/LanguagesForIOS/french/french.ipa, appiumVersion=1.4.13, platformVersion=9.3, automationName=Appium, udid=84974ee52e47314f4e50b296df4610e953edc63f, platformName=iOS, deviceName=Rahul's iPad (9.3.5), platform=IOS}, platformVersion=9.3, webStorageEnabled=false, locationContextEnabled=false, automationName=Appium, browserName=iOS, takesScreenshot=true, javascriptEnabled=true, udid=84974ee52e47314f4e50b296df4610e953edc63f, platformName=iOS}]
Session ID: 8b4f176e-d88b-4c08-8ebc-d65e5ed3e633
*** Element info: {Using=xpath, value=//UIAButton[@name='buttonWithAdd']}
	at sun.reflect.NativeConstructorAccessorImpl.newInstance0(Native Method)
	at sun.reflect.NativeConstructorAccessorImpl.newInstance(NativeConstructorAccessorImpl.java:62)
	at sun.reflect.DelegatingConstructorAccessorImpl.newInstance(DelegatingConstructorAccessorImpl.java:45)
	at java.lang.reflect.Constructor.newInstance(Constructor.java:423)
	at org.openqa.selenium.remote.ErrorHandler.createThrowable(ErrorHandler.java:206)
	at org.openqa.selenium.remote.ErrorHandler.throwIfResponseFailed(ErrorHandler.java:164)
	at org.openqa.selenium.remote.RemoteWebDriver.execute(RemoteWebDriver.java:678)
	at io.appium.java_client.DefaultGenericMobileDriver.execute(DefaultGenericMobileDriver.java:43)
	at io.appium.java_client.AppiumDriver.execute(AppiumDriver.java:1)
	at io.appium.java_client.ios.IOSDriver.execute(IOSDriver.java:1)
	at org.openqa.selenium.remote.RemoteWebDriver.findElement(RemoteWebDriver.java:363)
	at org.openqa.selenium.remote.RemoteWebDriver.findElementByXPath(RemoteWebDriver.java:500)
	at io.appium.java_client.DefaultGenericMobileDriver.findElementByXPath(DefaultGenericMobileDriver.java:129)
	at io.appium.java_client.AppiumDriver.findElementByXPath(AppiumDriver.java:1)
	at io.appium.java_client.ios.IOSDriver.findElementByXPath(IOSDriver.java:1)
	at org.openqa.selenium.By$ByXPath.findElement(By.java:361)
	at org.openqa.selenium.remote.RemoteWebDriver.findElement(RemoteWebDriver.java:355)
	at io.appium.java_client.DefaultGenericMobileDriver.findElement(DefaultGenericMobileDriver.java:51)
	at io.appium.java_client.AppiumDriver.findElement(AppiumDriver.java:1)
	at io.appium.java_client.ios.IOSDriver.findElement(IOSDriver.java:1)
	at com.eduven.utils.Reusables.getElement(Reusables.java:720)
	at com.eduven.utils.Reusables.tapOnElementUsingLocator(Reusables.java:243)
	at com.eduven.modules.EntityDetailPage.selectPurchaseOption(EntityDetailPage.java:95)
	at com.eduven.modules.EntityDetailPage.verifyFirstTimeSignin(EntityDetailPage.java:206)
	at com.eduven.modules.EntityDetailPage.signInStore(EntityDetailPage.java:233)
	at com.eduven.testcase.PurchaseTestCases.buy_app_purchase_test(PurchaseTestCases.java:52)
	at sun.reflect.NativeMethodAccessorImpl.invoke0(Native Method)
	at sun.reflect.NativeMethodAccessorImpl.invoke(NativeMethodAccessorImpl.java:62)
	at sun.reflect.DelegatingMethodAccessorImpl.invoke(DelegatingMethodAccessorImpl.java:43)
	at java.lang.reflect.Method.invoke(Method.java:498)
	at org.testng.internal.MethodInvocationHelper.invokeMethod(MethodInvocationHelper.java:85)
	at org.testng.internal.Invoker.invokeMethod(Invoker.java:639)
	at org.testng.internal.Invoker.invokeTestMethod(Invoker.java:816)
	at org.testng.internal.Invoker.invokeTestMethods(Invoker.java:1124)
	at org.testng.internal.TestMethodWorker.invokeTestMethods(TestMethodWorker.java:125)
	at org.testng.internal.TestMethodWorker.run(TestMethodWorker.java:108)
	at org.testng.TestRunner.privateRun(TestRunner.java:774)
	at org.testng.TestRunner.run(TestRunner.java:624)
	at org.testng.SuiteRunner.runTest(SuiteRunner.java:359)
	at org.testng.SuiteRunner.runSequentially(SuiteRunner.java:354)
	at org.testng.SuiteRunner.privateRun(SuiteRunner.java:312)
	at org.testng.SuiteRunner.run(SuiteRunner.java:261)
	at org.testng.SuiteRunnerWorker.runSuite(SuiteRunnerWorker.java:52)
	at org.testng.SuiteRunnerWorker.run(SuiteRunnerWorker.java:86)
	at org.testng.TestNG.runSuitesSequentially(TestNG.java:1215)
	at org.testng.TestNG.runSuitesLocally(TestNG.java:1140)
	at org.testng.TestNG.run(TestNG.java:1048)
	at com.eduven.utils.RunTestng.main(RunTestng.java:58)
]]>
    </failure>
  </testcase> <!-- buy_app_purchase_test -->
  <testcase name="verify_purchase_btn_after_purchase" time="2.008" classname="com.eduven.testcase.PurchaseTestCases">
    <failure type="org.openqa.selenium.remote.SessionNotFoundException" message="
Command duration or timeout: 6 milliseconds
Build info: version: &amp;apos;2.51.0&amp;apos;, revision: &amp;apos;1af067d&amp;apos;, time: &amp;apos;2016-02-05 19:11:55&amp;apos;
System info: host: &amp;apos;Hitesh-Mac-Mini.local&amp;apos;, ip: &amp;apos;10.30.30.97&amp;apos;, os.name: &amp;apos;Mac OS X&amp;apos;, os.arch: &amp;apos;x86_64&amp;apos;, os.version: &amp;apos;10.11.6&amp;apos;, java.version: &amp;apos;1.8.0_74&amp;apos;
Driver info: io.appium.java_client.ios.IOSDriver
Capabilities [{app=/Users/hiteshbhardwaj/Desktop/Automation/app/LanguagesForIOS/french/french.ipa, networkConnectionEnabled=false, warnings={}, appiumVersion=1.4.13, databaseEnabled=false, deviceName=Rahul&amp;apos;s iPad (9.3.5), platform=UNIX, desired={app=/Users/hiteshbhardwaj/Desktop/Automation/app/LanguagesForIOS/french/french.ipa, appiumVersion=1.4.13, platformVersion=9.3, automationName=Appium, udid=84974ee52e47314f4e50b296df4610e953edc63f, platformName=iOS, deviceName=Rahul&amp;apos;s iPad (9.3.5), platform=IOS}, platformVersion=9.3, webStorageEnabled=false, locationContextEnabled=false, automationName=Appium, browserName=iOS, takesScreenshot=true, javascriptEnabled=true, udid=84974ee52e47314f4e50b296df4610e953edc63f, platformName=iOS}]
Session ID: 8b4f176e-d88b-4c08-8ebc-d65e5ed3e633">
      <![CDATA[org.openqa.selenium.remote.SessionNotFoundException: 
Command duration or timeout: 6 milliseconds
Build info: version: '2.51.0', revision: '1af067d', time: '2016-02-05 19:11:55'
System info: host: 'Hitesh-Mac-Mini.local', ip: '10.30.30.97', os.name: 'Mac OS X', os.arch: 'x86_64', os.version: '10.11.6', java.version: '1.8.0_74'
Driver info: io.appium.java_client.ios.IOSDriver
Capabilities [{app=/Users/hiteshbhardwaj/Desktop/Automation/app/LanguagesForIOS/french/french.ipa, networkConnectionEnabled=false, warnings={}, appiumVersion=1.4.13, databaseEnabled=false, deviceName=Rahul's iPad (9.3.5), platform=UNIX, desired={app=/Users/hiteshbhardwaj/Desktop/Automation/app/LanguagesForIOS/french/french.ipa, appiumVersion=1.4.13, platformVersion=9.3, automationName=Appium, udid=84974ee52e47314f4e50b296df4610e953edc63f, platformName=iOS, deviceName=Rahul's iPad (9.3.5), platform=IOS}, platformVersion=9.3, webStorageEnabled=false, locationContextEnabled=false, automationName=Appium, browserName=iOS, takesScreenshot=true, javascriptEnabled=true, udid=84974ee52e47314f4e50b296df4610e953edc63f, platformName=iOS}]
Session ID: 8b4f176e-d88b-4c08-8ebc-d65e5ed3e633
	at sun.reflect.NativeConstructorAccessorImpl.newInstance0(Native Method)
	at sun.reflect.NativeConstructorAccessorImpl.newInstance(NativeConstructorAccessorImpl.java:62)
	at sun.reflect.DelegatingConstructorAccessorImpl.newInstance(DelegatingConstructorAccessorImpl.java:45)
	at java.lang.reflect.Constructor.newInstance(Constructor.java:423)
	at org.openqa.selenium.remote.ErrorHandler.createThrowable(ErrorHandler.java:206)
	at org.openqa.selenium.remote.ErrorHandler.throwIfResponseFailed(ErrorHandler.java:164)
	at org.openqa.selenium.remote.RemoteWebDriver.execute(RemoteWebDriver.java:678)
	at io.appium.java_client.DefaultGenericMobileDriver.execute(DefaultGenericMobileDriver.java:43)
	at io.appium.java_client.AppiumDriver.execute(AppiumDriver.java:216)
	at org.openqa.selenium.remote.RemoteWebDriver$RemoteNavigation.back(RemoteWebDriver.java:961)
	at com.eduven.utils.Reusables.stepBack(Reusables.java:213)
	at com.eduven.testcase.PurchaseTestCases.verify_purchase_btn_after_purchase(PurchaseTestCases.java:60)
	at sun.reflect.NativeMethodAccessorImpl.invoke0(Native Method)
	at sun.reflect.NativeMethodAccessorImpl.invoke(NativeMethodAccessorImpl.java:62)
	at sun.reflect.DelegatingMethodAccessorImpl.invoke(DelegatingMethodAccessorImpl.java:43)
	at java.lang.reflect.Method.invoke(Method.java:498)
	at org.testng.internal.MethodInvocationHelper.invokeMethod(MethodInvocationHelper.java:85)
	at org.testng.internal.Invoker.invokeMethod(Invoker.java:639)
	at org.testng.internal.Invoker.invokeTestMethod(Invoker.java:816)
	at org.testng.internal.Invoker.invokeTestMethods(Invoker.java:1124)
	at org.testng.internal.TestMethodWorker.invokeTestMethods(TestMethodWorker.java:125)
	at org.testng.internal.TestMethodWorker.run(TestMethodWorker.java:108)
	at org.testng.TestRunner.privateRun(TestRunner.java:774)
	at org.testng.TestRunner.run(TestRunner.java:624)
	at org.testng.SuiteRunner.runTest(SuiteRunner.java:359)
	at org.testng.SuiteRunner.runSequentially(SuiteRunner.java:354)
	at org.testng.SuiteRunner.privateRun(SuiteRunner.java:312)
	at org.testng.SuiteRunner.run(SuiteRunner.java:261)
	at org.testng.SuiteRunnerWorker.runSuite(SuiteRunnerWorker.java:52)
	at org.testng.SuiteRunnerWorker.run(SuiteRunnerWorker.java:86)
	at org.testng.TestNG.runSuitesSequentially(TestNG.java:1215)
	at org.testng.TestNG.runSuitesLocally(TestNG.java:1140)
	at org.testng.TestNG.run(TestNG.java:1048)
	at com.eduven.utils.RunTestng.main(RunTestng.java:58)
]]>
    </failure>
  </testcase> <!-- verify_purchase_btn_after_purchase -->
  <testcase name="verify_lock_term_appear_as_unlock_term_test" time="0.006" classname="com.eduven.testcase.PurchaseTestCases">
    <failure type="org.openqa.selenium.remote.SessionNotFoundException" message="
Command duration or timeout: 4 milliseconds
Build info: version: &amp;apos;2.51.0&amp;apos;, revision: &amp;apos;1af067d&amp;apos;, time: &amp;apos;2016-02-05 19:11:55&amp;apos;
System info: host: &amp;apos;Hitesh-Mac-Mini.local&amp;apos;, ip: &amp;apos;10.30.30.97&amp;apos;, os.name: &amp;apos;Mac OS X&amp;apos;, os.arch: &amp;apos;x86_64&amp;apos;, os.version: &amp;apos;10.11.6&amp;apos;, java.version: &amp;apos;1.8.0_74&amp;apos;
Driver info: io.appium.java_client.ios.IOSDriver
Capabilities [{app=/Users/hiteshbhardwaj/Desktop/Automation/app/LanguagesForIOS/french/french.ipa, networkConnectionEnabled=false, warnings={}, appiumVersion=1.4.13, databaseEnabled=false, deviceName=Rahul&amp;apos;s iPad (9.3.5), platform=UNIX, desired={app=/Users/hiteshbhardwaj/Desktop/Automation/app/LanguagesForIOS/french/french.ipa, appiumVersion=1.4.13, platformVersion=9.3, automationName=Appium, udid=84974ee52e47314f4e50b296df4610e953edc63f, platformName=iOS, deviceName=Rahul&amp;apos;s iPad (9.3.5), platform=IOS}, platformVersion=9.3, webStorageEnabled=false, locationContextEnabled=false, automationName=Appium, browserName=iOS, takesScreenshot=true, javascriptEnabled=true, udid=84974ee52e47314f4e50b296df4610e953edc63f, platformName=iOS}]
Session ID: 8b4f176e-d88b-4c08-8ebc-d65e5ed3e633
*** Element info: {Using=id, value=CategoryHeader}">
      <![CDATA[org.openqa.selenium.remote.SessionNotFoundException: 
Command duration or timeout: 4 milliseconds
Build info: version: '2.51.0', revision: '1af067d', time: '2016-02-05 19:11:55'
System info: host: 'Hitesh-Mac-Mini.local', ip: '10.30.30.97', os.name: 'Mac OS X', os.arch: 'x86_64', os.version: '10.11.6', java.version: '1.8.0_74'
Driver info: io.appium.java_client.ios.IOSDriver
Capabilities [{app=/Users/hiteshbhardwaj/Desktop/Automation/app/LanguagesForIOS/french/french.ipa, networkConnectionEnabled=false, warnings={}, appiumVersion=1.4.13, databaseEnabled=false, deviceName=Rahul's iPad (9.3.5), platform=UNIX, desired={app=/Users/hiteshbhardwaj/Desktop/Automation/app/LanguagesForIOS/french/french.ipa, appiumVersion=1.4.13, platformVersion=9.3, automationName=Appium, udid=84974ee52e47314f4e50b296df4610e953edc63f, platformName=iOS, deviceName=Rahul's iPad (9.3.5), platform=IOS}, platformVersion=9.3, webStorageEnabled=false, locationContextEnabled=false, automationName=Appium, browserName=iOS, takesScreenshot=true, javascriptEnabled=true, udid=84974ee52e47314f4e50b296df4610e953edc63f, platformName=iOS}]
Session ID: 8b4f176e-d88b-4c08-8ebc-d65e5ed3e633
*** Element info: {Using=id, value=CategoryHeader}
	at sun.reflect.NativeConstructorAccessorImpl.newInstance0(Native Method)
	at sun.reflect.NativeConstructorAccessorImpl.newInstance(NativeConstructorAccessorImpl.java:62)
	at sun.reflect.DelegatingConstructorAccessorImpl.newInstance(DelegatingConstructorAccessorImpl.java:45)
	at java.lang.reflect.Constructor.newInstance(Constructor.java:423)
	at org.openqa.selenium.remote.ErrorHandler.createThrowable(ErrorHandler.java:206)
	at org.openqa.selenium.remote.ErrorHandler.throwIfResponseFailed(ErrorHandler.java:164)
	at org.openqa.selenium.remote.RemoteWebDriver.execute(RemoteWebDriver.java:678)
	at io.appium.java_client.DefaultGenericMobileDriver.execute(DefaultGenericMobileDriver.java:43)
	at io.appium.java_client.AppiumDriver.execute(AppiumDriver.java:1)
	at io.appium.java_client.ios.IOSDriver.execute(IOSDriver.java:1)
	at org.openqa.selenium.remote.RemoteWebDriver.findElement(RemoteWebDriver.java:363)
	at org.openqa.selenium.remote.RemoteWebDriver.findElementById(RemoteWebDriver.java:413)
	at io.appium.java_client.DefaultGenericMobileDriver.findElementById(DefaultGenericMobileDriver.java:59)
	at io.appium.java_client.AppiumDriver.findElementById(AppiumDriver.java:1)
	at io.appium.java_client.ios.IOSDriver.findElementById(IOSDriver.java:1)
	at org.openqa.selenium.By$ById.findElement(By.java:218)
	at org.openqa.selenium.remote.RemoteWebDriver.findElement(RemoteWebDriver.java:355)
	at io.appium.java_client.DefaultGenericMobileDriver.findElement(DefaultGenericMobileDriver.java:51)
	at io.appium.java_client.AppiumDriver.findElement(AppiumDriver.java:1)
	at io.appium.java_client.ios.IOSDriver.findElement(IOSDriver.java:1)
	at com.eduven.utils.Reusables.getElement(Reusables.java:720)
	at com.eduven.modules.Categories.verifyCategoryHeaderTxt(Categories.java:29)
	at com.eduven.testcase.PurchaseTestCases.verify_lock_term_appear_as_unlock_term_test(PurchaseTestCases.java:66)
	at sun.reflect.NativeMethodAccessorImpl.invoke0(Native Method)
	at sun.reflect.NativeMethodAccessorImpl.invoke(NativeMethodAccessorImpl.java:62)
	at sun.reflect.DelegatingMethodAccessorImpl.invoke(DelegatingMethodAccessorImpl.java:43)
	at java.lang.reflect.Method.invoke(Method.java:498)
	at org.testng.internal.MethodInvocationHelper.invokeMethod(MethodInvocationHelper.java:85)
	at org.testng.internal.Invoker.invokeMethod(Invoker.java:639)
	at org.testng.internal.Invoker.invokeTestMethod(Invoker.java:816)
	at org.testng.internal.Invoker.invokeTestMethods(Invoker.java:1124)
	at org.testng.internal.TestMethodWorker.invokeTestMethods(TestMethodWorker.java:125)
	at org.testng.internal.TestMethodWorker.run(TestMethodWorker.java:108)
	at org.testng.TestRunner.privateRun(TestRunner.java:774)
	at org.testng.TestRunner.run(TestRunner.java:624)
	at org.testng.SuiteRunner.runTest(SuiteRunner.java:359)
	at org.testng.SuiteRunner.runSequentially(SuiteRunner.java:354)
	at org.testng.SuiteRunner.privateRun(SuiteRunner.java:312)
	at org.testng.SuiteRunner.run(SuiteRunner.java:261)
	at org.testng.SuiteRunnerWorker.runSuite(SuiteRunnerWorker.java:52)
	at org.testng.SuiteRunnerWorker.run(SuiteRunnerWorker.java:86)
	at org.testng.TestNG.runSuitesSequentially(TestNG.java:1215)
	at org.testng.TestNG.runSuitesLocally(TestNG.java:1140)
	at org.testng.TestNG.run(TestNG.java:1048)
	at com.eduven.utils.RunTestng.main(RunTestng.java:58)
]]>
    </failure>
  </testcase> <!-- verify_lock_term_appear_as_unlock_term_test -->
  <testcase name="handlingRateAppPopupTest" time="2.01" classname="com.eduven.testcase.SwitchLanguagePageTestCases">
    <failure type="org.openqa.selenium.remote.SessionNotFoundException" message="
Command duration or timeout: 7 milliseconds
Build info: version: &amp;apos;2.51.0&amp;apos;, revision: &amp;apos;1af067d&amp;apos;, time: &amp;apos;2016-02-05 19:11:55&amp;apos;
System info: host: &amp;apos;Hitesh-Mac-Mini.local&amp;apos;, ip: &amp;apos;10.30.30.97&amp;apos;, os.name: &amp;apos;Mac OS X&amp;apos;, os.arch: &amp;apos;x86_64&amp;apos;, os.version: &amp;apos;10.11.6&amp;apos;, java.version: &amp;apos;1.8.0_74&amp;apos;
Driver info: io.appium.java_client.ios.IOSDriver
Capabilities [{app=/Users/hiteshbhardwaj/Desktop/Automation/app/LanguagesForIOS/french/french.ipa, networkConnectionEnabled=false, warnings={}, appiumVersion=1.4.13, databaseEnabled=false, deviceName=Rahul&amp;apos;s iPad (9.3.5), platform=UNIX, desired={app=/Users/hiteshbhardwaj/Desktop/Automation/app/LanguagesForIOS/french/french.ipa, appiumVersion=1.4.13, platformVersion=9.3, automationName=Appium, udid=84974ee52e47314f4e50b296df4610e953edc63f, platformName=iOS, deviceName=Rahul&amp;apos;s iPad (9.3.5), platform=IOS}, platformVersion=9.3, webStorageEnabled=false, locationContextEnabled=false, automationName=Appium, browserName=iOS, takesScreenshot=true, javascriptEnabled=true, udid=84974ee52e47314f4e50b296df4610e953edc63f, platformName=iOS}]
Session ID: 8b4f176e-d88b-4c08-8ebc-d65e5ed3e633
*** Element info: {Using=xpath, value=//UIAButton[@name=&amp;apos;No, thanks&amp;apos;]}">
      <![CDATA[org.openqa.selenium.remote.SessionNotFoundException: 
Command duration or timeout: 7 milliseconds
Build info: version: '2.51.0', revision: '1af067d', time: '2016-02-05 19:11:55'
System info: host: 'Hitesh-Mac-Mini.local', ip: '10.30.30.97', os.name: 'Mac OS X', os.arch: 'x86_64', os.version: '10.11.6', java.version: '1.8.0_74'
Driver info: io.appium.java_client.ios.IOSDriver
Capabilities [{app=/Users/hiteshbhardwaj/Desktop/Automation/app/LanguagesForIOS/french/french.ipa, networkConnectionEnabled=false, warnings={}, appiumVersion=1.4.13, databaseEnabled=false, deviceName=Rahul's iPad (9.3.5), platform=UNIX, desired={app=/Users/hiteshbhardwaj/Desktop/Automation/app/LanguagesForIOS/french/french.ipa, appiumVersion=1.4.13, platformVersion=9.3, automationName=Appium, udid=84974ee52e47314f4e50b296df4610e953edc63f, platformName=iOS, deviceName=Rahul's iPad (9.3.5), platform=IOS}, platformVersion=9.3, webStorageEnabled=false, locationContextEnabled=false, automationName=Appium, browserName=iOS, takesScreenshot=true, javascriptEnabled=true, udid=84974ee52e47314f4e50b296df4610e953edc63f, platformName=iOS}]
Session ID: 8b4f176e-d88b-4c08-8ebc-d65e5ed3e633
*** Element info: {Using=xpath, value=//UIAButton[@name='No, thanks']}
	at sun.reflect.NativeConstructorAccessorImpl.newInstance0(Native Method)
	at sun.reflect.NativeConstructorAccessorImpl.newInstance(NativeConstructorAccessorImpl.java:62)
	at sun.reflect.DelegatingConstructorAccessorImpl.newInstance(DelegatingConstructorAccessorImpl.java:45)
	at java.lang.reflect.Constructor.newInstance(Constructor.java:423)
	at org.openqa.selenium.remote.ErrorHandler.createThrowable(ErrorHandler.java:206)
	at org.openqa.selenium.remote.ErrorHandler.throwIfResponseFailed(ErrorHandler.java:164)
	at org.openqa.selenium.remote.RemoteWebDriver.execute(RemoteWebDriver.java:678)
	at io.appium.java_client.DefaultGenericMobileDriver.execute(DefaultGenericMobileDriver.java:43)
	at io.appium.java_client.AppiumDriver.execute(AppiumDriver.java:1)
	at io.appium.java_client.ios.IOSDriver.execute(IOSDriver.java:1)
	at org.openqa.selenium.remote.RemoteWebDriver.findElement(RemoteWebDriver.java:363)
	at org.openqa.selenium.remote.RemoteWebDriver.findElementByXPath(RemoteWebDriver.java:500)
	at io.appium.java_client.DefaultGenericMobileDriver.findElementByXPath(DefaultGenericMobileDriver.java:129)
	at io.appium.java_client.AppiumDriver.findElementByXPath(AppiumDriver.java:1)
	at io.appium.java_client.ios.IOSDriver.findElementByXPath(IOSDriver.java:1)
	at org.openqa.selenium.By$ByXPath.findElement(By.java:361)
	at org.openqa.selenium.remote.RemoteWebDriver.findElement(RemoteWebDriver.java:355)
	at io.appium.java_client.DefaultGenericMobileDriver.findElement(DefaultGenericMobileDriver.java:51)
	at io.appium.java_client.AppiumDriver.findElement(AppiumDriver.java:1)
	at io.appium.java_client.ios.IOSDriver.findElement(IOSDriver.java:1)
	at com.eduven.utils.Reusables.getElement(Reusables.java:720)
	at com.eduven.utils.Reusables.isElementPresent(Reusables.java:119)
	at com.eduven.modules.SplashScreen.hideAppRatePopup(SplashScreen.java:42)
	at com.eduven.testcase.SwitchLanguagePageTestCases.handlingRateAppPopupTest(SwitchLanguagePageTestCases.java:34)
	at sun.reflect.NativeMethodAccessorImpl.invoke0(Native Method)
	at sun.reflect.NativeMethodAccessorImpl.invoke(NativeMethodAccessorImpl.java:62)
	at sun.reflect.DelegatingMethodAccessorImpl.invoke(DelegatingMethodAccessorImpl.java:43)
	at java.lang.reflect.Method.invoke(Method.java:498)
	at org.testng.internal.MethodInvocationHelper.invokeMethod(MethodInvocationHelper.java:85)
	at org.testng.internal.Invoker.invokeMethod(Invoker.java:639)
	at org.testng.internal.Invoker.invokeTestMethod(Invoker.java:816)
	at org.testng.internal.Invoker.invokeTestMethods(Invoker.java:1124)
	at org.testng.internal.TestMethodWorker.invokeTestMethods(TestMethodWorker.java:125)
	at org.testng.internal.TestMethodWorker.run(TestMethodWorker.java:108)
	at org.testng.TestRunner.privateRun(TestRunner.java:774)
	at org.testng.TestRunner.run(TestRunner.java:624)
	at org.testng.SuiteRunner.runTest(SuiteRunner.java:359)
	at org.testng.SuiteRunner.runSequentially(SuiteRunner.java:354)
	at org.testng.SuiteRunner.privateRun(SuiteRunner.java:312)
	at org.testng.SuiteRunner.run(SuiteRunner.java:261)
	at org.testng.SuiteRunnerWorker.runSuite(SuiteRunnerWorker.java:52)
	at org.testng.SuiteRunnerWorker.run(SuiteRunnerWorker.java:86)
	at org.testng.TestNG.runSuitesSequentially(TestNG.java:1215)
	at org.testng.TestNG.runSuitesLocally(TestNG.java:1140)
	at org.testng.TestNG.run(TestNG.java:1048)
	at com.eduven.utils.RunTestng.main(RunTestng.java:58)
]]>
    </failure>
  </testcase> <!-- handlingRateAppPopupTest -->
  <testcase name="installAppAndLanguageSelectionTest" time="0.0" classname="com.eduven.testcase.SwitchLanguagePageTestCases">
    <skipped/>
  </testcase> <!-- installAppAndLanguageSelectionTest -->
  <testcase name="navigateToSswitchLingoPageTest" time="0.0" classname="com.eduven.testcase.SwitchLanguagePageTestCases">
    <skipped/>
  </testcase> <!-- navigateToSswitchLingoPageTest -->
  <testcase name="switch_lingo_change_base_language_test" time="0.0" classname="com.eduven.testcase.SwitchLanguagePageTestCases">
    <skipped/>
  </testcase> <!-- switch_lingo_change_base_language_test -->
  <testcase name="purchase_native_langugae_test" time="0.0" classname="com.eduven.testcase.SwitchLanguagePageTestCases">
    <skipped/>
  </testcase> <!-- purchase_native_langugae_test -->
  <testcase name="language_selection_test" time="0.0" classname="com.eduven.testcase.SwitchLanguagePageTestCases">
    <skipped/>
  </testcase> <!-- language_selection_test -->
  <testcase name="verify_category_list_after_base_language_change_test" time="0.0" classname="com.eduven.testcase.SwitchLanguagePageTestCases">
    <skipped/>
  </testcase> <!-- verify_category_list_after_base_language_change_test -->
  <testcase name="verify_term_header_and_term_name_list_test" time="0.0" classname="com.eduven.testcase.SwitchLanguagePageTestCases">
    <skipped/>
  </testcase> <!-- verify_term_header_and_term_name_list_test -->
  <testcase name="navigate_to_quick_list_test" time="0.0" classname="com.eduven.testcase.SwitchLanguagePageTestCases">
    <skipped/>
  </testcase> <!-- navigate_to_quick_list_test -->
  <testcase name="verify_quick_list_headertxt_test" time="0.0" classname="com.eduven.testcase.SwitchLanguagePageTestCases">
    <skipped/>
  </testcase> <!-- verify_quick_list_headertxt_test -->
  <testcase name="verify_quick_list_category_test" time="0.0" classname="com.eduven.testcase.SwitchLanguagePageTestCases">
    <skipped/>
  </testcase> <!-- verify_quick_list_category_test -->
  <testcase name="navigate_to_quick_list_term_test" time="0.0" classname="com.eduven.testcase.SwitchLanguagePageTestCases">
    <skipped/>
  </testcase> <!-- navigate_to_quick_list_term_test -->
  <testcase name="verify_terms_name_on_termlist_page_test" time="0.0" classname="com.eduven.testcase.SwitchLanguagePageTestCases">
    <skipped/>
  </testcase> <!-- verify_terms_name_on_termlist_page_test -->
</testsuite> <!-- Regression Testing Learn French -->
