<?xml version="1.0" encoding="UTF-8"?>
<!-- Generated by org.testng.reporters.JUnitXMLReporter -->
<testsuite hostname="Hitesh-Mac-Mini.local" name="Regression Testing Learn Welsh" tests="118" failures="7" timestamp="9 Dec 2016 05:56:51 GMT" time="7424.247" errors="0">
  <testcase name="@AfterTest tearDown" time="0.0" classname="com.eduven.testcase.CheckInterstetialAfterPurchase">
    <failure type="java.lang.IllegalArgumentException" message="wrong number of arguments">
      <![CDATA[java.lang.IllegalArgumentException: wrong number of arguments
	at sun.reflect.NativeMethodAccessorImpl.invoke0(Native Method)
	at sun.reflect.NativeMethodAccessorImpl.invoke(NativeMethodAccessorImpl.java:62)
	at sun.reflect.DelegatingMethodAccessorImpl.invoke(DelegatingMethodAccessorImpl.java:43)
	at java.lang.reflect.Method.invoke(Method.java:498)
	at org.testng.internal.MethodInvocationHelper.invokeMethod(MethodInvocationHelper.java:85)
	at org.testng.internal.Invoker.invokeConfigurationMethod(Invoker.java:510)
	at org.testng.internal.Invoker.invokeConfigurations(Invoker.java:211)
	at org.testng.internal.Invoker.invokeConfigurations(Invoker.java:138)
	at org.testng.TestRunner.afterRun(TestRunner.java:1023)
	at org.testng.TestRunner.run(TestRunner.java:628)
	at org.testng.SuiteRunner.runTest(SuiteRunner.java:359)
	at org.testng.SuiteRunner.runSequentially(SuiteRunner.java:354)
	at org.testng.SuiteRunner.privateRun(SuiteRunner.java:312)
	at org.testng.SuiteRunner.run(SuiteRunner.java:261)
	at org.testng.SuiteRunnerWorker.runSuite(SuiteRunnerWorker.java:52)
	at org.testng.SuiteRunnerWorker.run(SuiteRunnerWorker.java:86)
	at org.testng.TestNG.runSuitesSequentially(TestNG.java:1215)
	at org.testng.TestNG.runSuitesLocally(TestNG.java:1140)
	at org.testng.TestNG.run(TestNG.java:1048)
	at com.eduven.utils.RunTestng.main(RunTestng.java:58)
]]>
    </failure>
  </testcase> <!-- @AfterTest tearDown -->
  <testcase name="@AfterTest tearDown" time="0.0" classname="com.eduven.testcase.CheckInterstetialAfterPurchase">
    <skipped/>
  </testcase> <!-- @AfterTest tearDown -->
  <testcase name="@AfterTest tearDown" time="0.0" classname="com.eduven.testcase.CheckInterstetialAfterPurchase">
    <skipped/>
  </testcase> <!-- @AfterTest tearDown -->
  <testcase name="languageSelectionTest" time="92.353" classname="com.eduven.testcase.HomePageTestCases"/>
  <testcase name="handlingRateTheAppPopupTest" time="65.069" classname="com.eduven.testcase.HomePageTestCases"/>
  <testcase name="verifyElementOnHomePageTest" time="10.072" classname="com.eduven.testcase.HomePageTestCases"/>
  <testcase name="verifyFooterQuicklistButtonOnHomePageTest" time="2.218" classname="com.eduven.testcase.HomePageTestCases"/>
  <testcase name="verifyFooterEdubankButtonOnHomePageTest" time="2.057" classname="com.eduven.testcase.HomePageTestCases"/>
  <testcase name="verifyFooterPurchaseButtonOnHomePageTest" time="2.198" classname="com.eduven.testcase.HomePageTestCases"/>
  <testcase name="verifyFooterGameButtonOnHomePageTest" time="2.268" classname="com.eduven.testcase.HomePageTestCases"/>
  <testcase name="verifyFooterSwitchLingoButtonOnHomePageTest" time="1.993" classname="com.eduven.testcase.HomePageTestCases"/>
  <testcase name="handlingRateTheAppPopupTest" time="62.992" classname="com.eduven.testcase.CategoryPageTestCases"/>
  <testcase name="languageSelectionTest" time="112.054" classname="com.eduven.testcase.CategoryPageTestCases"/>
  <testcase name="verifyCategoryHeaderTxt" time="2.175" classname="com.eduven.testcase.CategoryPageTestCases"/>
  <testcase name="verifyCategoriesList" time="449.534" classname="com.eduven.testcase.CategoryPageTestCases"/>
  <testcase name="handlingRateAppPopupTest" time="62.895" classname="com.eduven.testcase.EduBankPageTestCases"/>
  <testcase name="languageSelectionTest" time="110.816" classname="com.eduven.testcase.EduBankPageTestCases"/>
  <testcase name="navigateToEdubankTest" time="90.15" classname="com.eduven.testcase.EduBankPageTestCases"/>
  <testcase name="navigateToTermPageTest" time="61.764" classname="com.eduven.testcase.EduBankPageTestCases"/>
  <testcase name="addTermInEdubankTest" time="37.074" classname="com.eduven.testcase.EduBankPageTestCases"/>
  <testcase name="verifyAddedTermInEdubankTest" time="52.366" classname="com.eduven.testcase.EduBankPageTestCases"/>
  <testcase name="removeTermsFromEdubankTest" time="6.552" classname="com.eduven.testcase.EduBankPageTestCases"/>
  <testcase name="verifyAddedTermInEdubankAfterRemovedItTest" time="31.273" classname="com.eduven.testcase.EduBankPageTestCases"/>
  <testcase name="removeAllTermsFromEdubankTest" time="7.036" classname="com.eduven.testcase.EduBankPageTestCases"/>
  <testcase name="navigateToEdubankQuicklistTest" time="89.202" classname="com.eduven.testcase.EduBankPageTestCases"/>
  <testcase name="navigateToQuicklistPageTest" time="29.185" classname="com.eduven.testcase.EduBankPageTestCases"/>
  <testcase name="navigateToQuicklistTermPageTest" time="25.202" classname="com.eduven.testcase.EduBankPageTestCases"/>
  <testcase name="addTermInEdubankForQuicklistTest" time="97.767" classname="com.eduven.testcase.EduBankPageTestCases"/>
  <testcase name="verifyAddedTermInEdubankForQuicklistTest" time="35.519" classname="com.eduven.testcase.EduBankPageTestCases"/>
  <testcase name="removeTermsFromEdubankForQuicklistTest" time="6.496" classname="com.eduven.testcase.EduBankPageTestCases"/>
  <testcase name="verifyAddedTermInEdubankForQuicklistAfterRemoveOneTermTest" time="31.277" classname="com.eduven.testcase.EduBankPageTestCases"/>
  <testcase name="removeAllTermsFromEdubankForQuicklistTest" time="3.573" classname="com.eduven.testcase.EduBankPageTestCases"/>
  <testcase name="handlingRateTheAppPopupTest" time="16.541" classname="com.eduven.testcase.SearchPageTestCases"/>
  <testcase name="languageSelectionTest" time="111.713" classname="com.eduven.testcase.SearchPageTestCases"/>
  <testcase name="navigateToSearchPageTest" time="8.394" classname="com.eduven.testcase.SearchPageTestCases"/>
  <testcase name="verifySearchPageHeaderTest" time="6.736" classname="com.eduven.testcase.SearchPageTestCases"/>
  <testcase name="freeTermSearchTest" time="99.74" classname="com.eduven.testcase.SearchPageTestCases"/>
  <testcase name="searchPageAudioTest" time="10.43" classname="com.eduven.testcase.SearchPageTestCases">
    <failure type="org.openqa.selenium.WebDriverException" message="An unknown server-side error occurred while processing the command. (WARNING: The server did not provide any stacktrace information)
Command duration or timeout: 1.84 seconds
Build info: version: &amp;apos;2.51.0&amp;apos;, revision: &amp;apos;1af067d&amp;apos;, time: &amp;apos;2016-02-05 19:11:55&amp;apos;
System info: host: &amp;apos;Hitesh-Mac-Mini.local&amp;apos;, ip: &amp;apos;10.30.30.98&amp;apos;, os.name: &amp;apos;Mac OS X&amp;apos;, os.arch: &amp;apos;x86_64&amp;apos;, os.version: &amp;apos;10.11.6&amp;apos;, java.version: &amp;apos;1.8.0_74&amp;apos;
Driver info: io.appium.java_client.ios.IOSDriver
Capabilities [{app=/Users/hiteshbhardwaj/Desktop/Automation/app/LanguagesForIOS/WelshIPA/LingoDiction.ipa, networkConnectionEnabled=false, warnings={}, appiumVersion=1.4.13, databaseEnabled=false, deviceName=Tester (9.3.5), platform=UNIX, desired={app=/Users/hiteshbhardwaj/Desktop/Automation/app/LanguagesForIOS/WelshIPA/LingoDiction.ipa, appiumVersion=1.4.13, platformVersion=9.2, automationName=Appium, udid=7bcb4358baa692ac8207ca4db28eaacc80a14498, platformName=iOS, deviceName=Tester (9.3.5), platform=IOS}, platformVersion=9.2, webStorageEnabled=false, locationContextEnabled=false, automationName=Appium, browserName=iOS, takesScreenshot=true, javascriptEnabled=true, udid=7bcb4358baa692ac8207ca4db28eaacc80a14498, platformName=iOS}]
Session ID: 1992663b-4c0b-4e44-aa62-9dd2b57b3ca8">
      <![CDATA[org.openqa.selenium.WebDriverException: An unknown server-side error occurred while processing the command. (WARNING: The server did not provide any stacktrace information)
Command duration or timeout: 1.84 seconds
Build info: version: '2.51.0', revision: '1af067d', time: '2016-02-05 19:11:55'
System info: host: 'Hitesh-Mac-Mini.local', ip: '10.30.30.98', os.name: 'Mac OS X', os.arch: 'x86_64', os.version: '10.11.6', java.version: '1.8.0_74'
Driver info: io.appium.java_client.ios.IOSDriver
Capabilities [{app=/Users/hiteshbhardwaj/Desktop/Automation/app/LanguagesForIOS/WelshIPA/LingoDiction.ipa, networkConnectionEnabled=false, warnings={}, appiumVersion=1.4.13, databaseEnabled=false, deviceName=Tester (9.3.5), platform=UNIX, desired={app=/Users/hiteshbhardwaj/Desktop/Automation/app/LanguagesForIOS/WelshIPA/LingoDiction.ipa, appiumVersion=1.4.13, platformVersion=9.2, automationName=Appium, udid=7bcb4358baa692ac8207ca4db28eaacc80a14498, platformName=iOS, deviceName=Tester (9.3.5), platform=IOS}, platformVersion=9.2, webStorageEnabled=false, locationContextEnabled=false, automationName=Appium, browserName=iOS, takesScreenshot=true, javascriptEnabled=true, udid=7bcb4358baa692ac8207ca4db28eaacc80a14498, platformName=iOS}]
Session ID: 1992663b-4c0b-4e44-aa62-9dd2b57b3ca8
	at sun.reflect.NativeConstructorAccessorImpl.newInstance0(Native Method)
	at sun.reflect.NativeConstructorAccessorImpl.newInstance(NativeConstructorAccessorImpl.java:62)
	at sun.reflect.DelegatingConstructorAccessorImpl.newInstance(DelegatingConstructorAccessorImpl.java:45)
	at java.lang.reflect.Constructor.newInstance(Constructor.java:423)
	at org.openqa.selenium.remote.ErrorHandler.createThrowable(ErrorHandler.java:206)
	at org.openqa.selenium.remote.ErrorHandler.throwIfResponseFailed(ErrorHandler.java:158)
	at org.openqa.selenium.remote.RemoteWebDriver.execute(RemoteWebDriver.java:678)
	at io.appium.java_client.DefaultGenericMobileDriver.execute(DefaultGenericMobileDriver.java:43)
	at io.appium.java_client.AppiumDriver.execute(AppiumDriver.java:216)
	at org.openqa.selenium.remote.RemoteWebDriver$RemoteNavigation.back(RemoteWebDriver.java:961)
	at com.eduven.utils.Reusables.stepBack(Reusables.java:241)
	at com.eduven.testcase.SearchPageTestCases.searchPageAudioTest(SearchPageTestCases.java:59)
	at sun.reflect.NativeMethodAccessorImpl.invoke0(Native Method)
	at sun.reflect.NativeMethodAccessorImpl.invoke(NativeMethodAccessorImpl.java:62)
	at sun.reflect.DelegatingMethodAccessorImpl.invoke(DelegatingMethodAccessorImpl.java:43)
	at java.lang.reflect.Method.invoke(Method.java:498)
	at org.testng.internal.MethodInvocationHelper.invokeMethod(MethodInvocationHelper.java:85)
	at org.testng.internal.Invoker.invokeMethod(Invoker.java:639)
	at org.testng.internal.Invoker.invokeTestMethod(Invoker.java:816)
	at org.testng.internal.Invoker.invokeTestMethods(Invoker.java:1124)
	at org.testng.internal.TestMethodWorker.invokeTestMethods(TestMethodWorker.java:125)
	at org.testng.internal.TestMethodWorker.run(TestMethodWorker.java:108)
	at org.testng.TestRunner.privateRun(TestRunner.java:774)
	at org.testng.TestRunner.run(TestRunner.java:624)
	at org.testng.SuiteRunner.runTest(SuiteRunner.java:359)
	at org.testng.SuiteRunner.runSequentially(SuiteRunner.java:354)
	at org.testng.SuiteRunner.privateRun(SuiteRunner.java:312)
	at org.testng.SuiteRunner.run(SuiteRunner.java:261)
	at org.testng.SuiteRunnerWorker.runSuite(SuiteRunnerWorker.java:52)
	at org.testng.SuiteRunnerWorker.run(SuiteRunnerWorker.java:86)
	at org.testng.TestNG.runSuitesSequentially(TestNG.java:1215)
	at org.testng.TestNG.runSuitesLocally(TestNG.java:1140)
	at org.testng.TestNG.run(TestNG.java:1048)
	at com.eduven.utils.RunTestng.main(RunTestng.java:58)
]]>
    </failure>
  </testcase> <!-- searchPageAudioTest -->
  <testcase name="premiumTermSearchTest" time="45.564" classname="com.eduven.testcase.SearchPageTestCases"/>
  <testcase name="handlingRateTheAppPopupTest" time="64.589" classname="com.eduven.testcase.GamesPageTestCases"/>
  <testcase name="languageSelectionTest" time="112.332" classname="com.eduven.testcase.GamesPageTestCases"/>
  <testcase name="verifyNavigationToGamesPageTest" time="17.57" classname="com.eduven.testcase.GamesPageTestCases"/>
  <testcase name="verifyGamesListNavigationTest" time="0.0" classname="com.eduven.testcase.GamesPageTestCases"/>
  <testcase name="selectGamesFromGameListTest" time="8.571" classname="com.eduven.testcase.GamesPageTestCases"/>
  <testcase name="verifyQuestionCountTest" time="17.613" classname="com.eduven.testcase.GamesPageTestCases"/>
  <testcase name="startGamesTest" time="14.871" classname="com.eduven.testcase.GamesPageTestCases"/>
  <testcase name="verifyElementOnMainGamePageTest" time="92.159" classname="com.eduven.testcase.GamesPageTestCases">
    <failure type="java.lang.IndexOutOfBoundsException" message="Index: 0, Size: 0">
      <![CDATA[java.lang.IndexOutOfBoundsException: Index: 0, Size: 0
	at java.util.ArrayList.rangeCheck(ArrayList.java:653)
	at java.util.ArrayList.get(ArrayList.java:429)
	at com.eduven.modules.Games.clickOnSkipButton(Games.java:218)
	at com.eduven.testcase.GamesPageTestCases.verifyElementOnMainGamePageTest(GamesPageTestCases.java:67)
	at sun.reflect.NativeMethodAccessorImpl.invoke0(Native Method)
	at sun.reflect.NativeMethodAccessorImpl.invoke(NativeMethodAccessorImpl.java:62)
	at sun.reflect.DelegatingMethodAccessorImpl.invoke(DelegatingMethodAccessorImpl.java:43)
	at java.lang.reflect.Method.invoke(Method.java:498)
	at org.testng.internal.MethodInvocationHelper.invokeMethod(MethodInvocationHelper.java:85)
	at org.testng.internal.Invoker.invokeMethod(Invoker.java:639)
	at org.testng.internal.Invoker.invokeTestMethod(Invoker.java:816)
	at org.testng.internal.Invoker.invokeTestMethods(Invoker.java:1124)
	at org.testng.internal.TestMethodWorker.invokeTestMethods(TestMethodWorker.java:125)
	at org.testng.internal.TestMethodWorker.run(TestMethodWorker.java:108)
	at org.testng.TestRunner.privateRun(TestRunner.java:774)
	at org.testng.TestRunner.run(TestRunner.java:624)
	at org.testng.SuiteRunner.runTest(SuiteRunner.java:359)
	at org.testng.SuiteRunner.runSequentially(SuiteRunner.java:354)
	at org.testng.SuiteRunner.privateRun(SuiteRunner.java:312)
	at org.testng.SuiteRunner.run(SuiteRunner.java:261)
	at org.testng.SuiteRunnerWorker.runSuite(SuiteRunnerWorker.java:52)
	at org.testng.SuiteRunnerWorker.run(SuiteRunnerWorker.java:86)
	at org.testng.TestNG.runSuitesSequentially(TestNG.java:1215)
	at org.testng.TestNG.runSuitesLocally(TestNG.java:1140)
	at org.testng.TestNG.run(TestNG.java:1048)
	at com.eduven.utils.RunTestng.main(RunTestng.java:58)
]]>
    </failure>
  </testcase> <!-- verifyElementOnMainGamePageTest -->
  <testcase name="verifyAttemptedQuestionOnScoreBoardTest" time="30.295" classname="com.eduven.testcase.GamesPageTestCases"/>
  <testcase name="verifyWrongAttemptedQuestionOnScoreBoardTest" time="30.924" classname="com.eduven.testcase.GamesPageTestCases"/>
  <testcase name="handlingRateTheAppPopupTest" time="63.228" classname="com.eduven.testcase.EvMenuPageTestCases"/>
  <testcase name="languageSelectionTest" time="111.584" classname="com.eduven.testcase.EvMenuPageTestCases"/>
  <testcase name="navigateToMoreAppsPageTest" time="37.755" classname="com.eduven.testcase.EvMenuPageTestCases"/>
  <testcase name="verifyMoreAppsPageTest" time="79.305" classname="com.eduven.testcase.EvMenuPageTestCases">
    <failure type="org.openqa.selenium.TimeoutException" message="Timed out after 60 seconds waiting for visibility of element located by By.id: MoreApps
Build info: version: &amp;apos;2.51.0&amp;apos;, revision: &amp;apos;1af067d&amp;apos;, time: &amp;apos;2016-02-05 19:11:55&amp;apos;
System info: host: &amp;apos;Hitesh-Mac-Mini.local&amp;apos;, ip: &amp;apos;10.30.30.98&amp;apos;, os.name: &amp;apos;Mac OS X&amp;apos;, os.arch: &amp;apos;x86_64&amp;apos;, os.version: &amp;apos;10.11.6&amp;apos;, java.version: &amp;apos;1.8.0_74&amp;apos;
Driver info: io.appium.java_client.ios.IOSDriver
Capabilities [{app=/Users/hiteshbhardwaj/Desktop/Automation/app/LanguagesForIOS/WelshIPA/LingoDiction.ipa, networkConnectionEnabled=false, warnings={}, appiumVersion=1.4.13, databaseEnabled=false, deviceName=Tester (9.3.5), platform=UNIX, desired={app=/Users/hiteshbhardwaj/Desktop/Automation/app/LanguagesForIOS/WelshIPA/LingoDiction.ipa, appiumVersion=1.4.13, platformVersion=9.2, automationName=Appium, udid=7bcb4358baa692ac8207ca4db28eaacc80a14498, platformName=iOS, deviceName=Tester (9.3.5), platform=IOS}, platformVersion=9.2, webStorageEnabled=false, locationContextEnabled=false, automationName=Appium, browserName=iOS, takesScreenshot=true, javascriptEnabled=true, udid=7bcb4358baa692ac8207ca4db28eaacc80a14498, platformName=iOS}]
Session ID: 1992663b-4c0b-4e44-aa62-9dd2b57b3ca8">
      <![CDATA[org.openqa.selenium.TimeoutException: Timed out after 60 seconds waiting for visibility of element located by By.id: MoreApps
Build info: version: '2.51.0', revision: '1af067d', time: '2016-02-05 19:11:55'
System info: host: 'Hitesh-Mac-Mini.local', ip: '10.30.30.98', os.name: 'Mac OS X', os.arch: 'x86_64', os.version: '10.11.6', java.version: '1.8.0_74'
Driver info: io.appium.java_client.ios.IOSDriver
Capabilities [{app=/Users/hiteshbhardwaj/Desktop/Automation/app/LanguagesForIOS/WelshIPA/LingoDiction.ipa, networkConnectionEnabled=false, warnings={}, appiumVersion=1.4.13, databaseEnabled=false, deviceName=Tester (9.3.5), platform=UNIX, desired={app=/Users/hiteshbhardwaj/Desktop/Automation/app/LanguagesForIOS/WelshIPA/LingoDiction.ipa, appiumVersion=1.4.13, platformVersion=9.2, automationName=Appium, udid=7bcb4358baa692ac8207ca4db28eaacc80a14498, platformName=iOS, deviceName=Tester (9.3.5), platform=IOS}, platformVersion=9.2, webStorageEnabled=false, locationContextEnabled=false, automationName=Appium, browserName=iOS, takesScreenshot=true, javascriptEnabled=true, udid=7bcb4358baa692ac8207ca4db28eaacc80a14498, platformName=iOS}]
Session ID: 1992663b-4c0b-4e44-aa62-9dd2b57b3ca8
	at org.openqa.selenium.support.ui.WebDriverWait.timeoutException(WebDriverWait.java:80)
	at org.openqa.selenium.support.ui.FluentWait.until(FluentWait.java:261)
	at com.eduven.utils.Reusables.waitForElement(Reusables.java:65)
	at com.eduven.modules.EvMenu.navigateToAppsList(EvMenu.java:736)
	at com.eduven.testcase.EvMenuPageTestCases.verifyMoreAppsPageTest(EvMenuPageTestCases.java:49)
	at sun.reflect.NativeMethodAccessorImpl.invoke0(Native Method)
	at sun.reflect.NativeMethodAccessorImpl.invoke(NativeMethodAccessorImpl.java:62)
	at sun.reflect.DelegatingMethodAccessorImpl.invoke(DelegatingMethodAccessorImpl.java:43)
	at java.lang.reflect.Method.invoke(Method.java:498)
	at org.testng.internal.MethodInvocationHelper.invokeMethod(MethodInvocationHelper.java:85)
	at org.testng.internal.Invoker.invokeMethod(Invoker.java:639)
	at org.testng.internal.Invoker.invokeTestMethod(Invoker.java:816)
	at org.testng.internal.Invoker.invokeTestMethods(Invoker.java:1124)
	at org.testng.internal.TestMethodWorker.invokeTestMethods(TestMethodWorker.java:125)
	at org.testng.internal.TestMethodWorker.run(TestMethodWorker.java:108)
	at org.testng.TestRunner.privateRun(TestRunner.java:774)
	at org.testng.TestRunner.run(TestRunner.java:624)
	at org.testng.SuiteRunner.runTest(SuiteRunner.java:359)
	at org.testng.SuiteRunner.runSequentially(SuiteRunner.java:354)
	at org.testng.SuiteRunner.privateRun(SuiteRunner.java:312)
	at org.testng.SuiteRunner.run(SuiteRunner.java:261)
	at org.testng.SuiteRunnerWorker.runSuite(SuiteRunnerWorker.java:52)
	at org.testng.SuiteRunnerWorker.run(SuiteRunnerWorker.java:86)
	at org.testng.TestNG.runSuitesSequentially(TestNG.java:1215)
	at org.testng.TestNG.runSuitesLocally(TestNG.java:1140)
	at org.testng.TestNG.run(TestNG.java:1048)
	at com.eduven.utils.RunTestng.main(RunTestng.java:58)
Caused by: org.openqa.selenium.NoSuchElementException: An element could not be located on the page using the given search parameters. (WARNING: The server did not provide any stacktrace information)
Command duration or timeout: 39.21 seconds
For documentation on this error, please visit: http://seleniumhq.org/exceptions/no_such_element.html
Build info: version: '2.51.0', revision: '1af067d', time: '2016-02-05 19:11:55'
System info: host: 'Hitesh-Mac-Mini.local', ip: '10.30.30.98', os.name: 'Mac OS X', os.arch: 'x86_64', os.version: '10.11.6', java.version: '1.8.0_74'
Driver info: io.appium.java_client.ios.IOSDriver
Capabilities [{app=/Users/hiteshbhardwaj/Desktop/Automation/app/LanguagesForIOS/WelshIPA/LingoDiction.ipa, networkConnectionEnabled=false, warnings={}, appiumVersion=1.4.13, databaseEnabled=false, deviceName=Tester (9.3.5), platform=UNIX, desired={app=/Users/hiteshbhardwaj/Desktop/Automation/app/LanguagesForIOS/WelshIPA/LingoDiction.ipa, appiumVersion=1.4.13, platformVersion=9.2, automationName=Appium, udid=7bcb4358baa692ac8207ca4db28eaacc80a14498, platformName=iOS, deviceName=Tester (9.3.5), platform=IOS}, platformVersion=9.2, webStorageEnabled=false, locationContextEnabled=false, automationName=Appium, browserName=iOS, takesScreenshot=true, javascriptEnabled=true, udid=7bcb4358baa692ac8207ca4db28eaacc80a14498, platformName=iOS}]
Session ID: 1992663b-4c0b-4e44-aa62-9dd2b57b3ca8
*** Element info: {Using=id, value=MoreApps}
	at sun.reflect.GeneratedConstructorAccessor51.newInstance(Unknown Source)
	at sun.reflect.DelegatingConstructorAccessorImpl.newInstance(DelegatingConstructorAccessorImpl.java:45)
	at java.lang.reflect.Constructor.newInstance(Constructor.java:423)
	at org.openqa.selenium.remote.ErrorHandler.createThrowable(ErrorHandler.java:206)
	at org.openqa.selenium.remote.ErrorHandler.throwIfResponseFailed(ErrorHandler.java:158)
	at org.openqa.selenium.remote.RemoteWebDriver.execute(RemoteWebDriver.java:678)
	at io.appium.java_client.DefaultGenericMobileDriver.execute(DefaultGenericMobileDriver.java:43)
	at io.appium.java_client.AppiumDriver.execute(AppiumDriver.java:1)
	at io.appium.java_client.ios.IOSDriver.execute(IOSDriver.java:1)
	at org.openqa.selenium.remote.RemoteWebDriver.findElement(RemoteWebDriver.java:363)
	at org.openqa.selenium.remote.RemoteWebDriver.findElementById(RemoteWebDriver.java:413)
	at io.appium.java_client.DefaultGenericMobileDriver.findElementById(DefaultGenericMobileDriver.java:59)
	at io.appium.java_client.AppiumDriver.findElementById(AppiumDriver.java:1)
	at io.appium.java_client.ios.IOSDriver.findElementById(IOSDriver.java:1)
	at org.openqa.selenium.By$ById.findElement(By.java:218)
	at org.openqa.selenium.remote.RemoteWebDriver.findElement(RemoteWebDriver.java:355)
	at io.appium.java_client.DefaultGenericMobileDriver.findElement(DefaultGenericMobileDriver.java:51)
	at io.appium.java_client.AppiumDriver.findElement(AppiumDriver.java:1)
	at io.appium.java_client.ios.IOSDriver.findElement(IOSDriver.java:1)
	at org.openqa.selenium.support.ui.ExpectedConditions.findElement(ExpectedConditions.java:911)
	at org.openqa.selenium.support.ui.ExpectedConditions.access$0(ExpectedConditions.java:909)
	at org.openqa.selenium.support.ui.ExpectedConditions$7.apply(ExpectedConditions.java:205)
	at org.openqa.selenium.support.ui.ExpectedConditions$7.apply(ExpectedConditions.java:1)
	at org.openqa.selenium.support.ui.FluentWait.until(FluentWait.java:238)
	... 25 more
]]>
    </failure>
  </testcase> <!-- verifyMoreAppsPageTest -->
  <testcase name="navigateToContributePageTest" time="27.275" classname="com.eduven.testcase.EvMenuPageTestCases"/>
  <testcase name="verifyContributePageWithoutTextTest" time="22.893" classname="com.eduven.testcase.EvMenuPageTestCases"/>
  <testcase name="verifyContributePageWithCategoryTest" time="57.581" classname="com.eduven.testcase.EvMenuPageTestCases"/>
  <testcase name="verifyContributePageWithWordTest" time="46.716" classname="com.eduven.testcase.EvMenuPageTestCases"/>
  <testcase name="verifyContributePageWithRequiredTextTest" time="71.148" classname="com.eduven.testcase.EvMenuPageTestCases"/>
  <testcase name="categorySettingPageTest" time="108.425" classname="com.eduven.testcase.EvMenuPageTestCases"/>
  <testcase name="wordOfTheDayTest" time="97.276" classname="com.eduven.testcase.EvMenuPageTestCases"/>
  <testcase name="getInTouchPageTest" time="0.0" classname="com.eduven.testcase.EvMenuPageTestCases"/>
  <testcase name="dislcaimerPageTest" time="70.174" classname="com.eduven.testcase.EvMenuPageTestCases"/>
  <testcase name="faqsPageTest" time="72.455" classname="com.eduven.testcase.EvMenuPageTestCases"/>
  <testcase name="termAndConditionPageTest" time="72.377" classname="com.eduven.testcase.EvMenuPageTestCases"/>
  <testcase name="privacyPolicyPageTest" time="75.044" classname="com.eduven.testcase.EvMenuPageTestCases"/>
  <testcase name="selectAllCategoryInCategorySettingPageTest" time="85.783" classname="com.eduven.testcase.EvMenuPageTestCases"/>
  <testcase name="selectAllCategoryInWordOffTheDayPageTest" time="80.574" classname="com.eduven.testcase.EvMenuPageTestCases"/>
  <testcase name="rateThisAppTest" time="0.0" classname="com.eduven.testcase.EvMenuPageTestCases"/>
  <testcase name="handlingRateTheAppPopupTest" time="63.969" classname="com.eduven.testcase.TermListPageTestCases"/>
  <testcase name="languageSelectionTest" time="112.427" classname="com.eduven.testcase.TermListPageTestCases"/>
  <testcase name="navigateToTermlistPageTest" time="70.861" classname="com.eduven.testcase.TermListPageTestCases"/>
  <testcase name="verifyTermsNameOnTermlistPageTest" time="213.434" classname="com.eduven.testcase.TermListPageTestCases"/>
  <testcase name="verifyUnlockTermNameTest" time="49.332" classname="com.eduven.testcase.TermListPageTestCases"/>
  <testcase name="verifyLockTermNameTest" time="116.367" classname="com.eduven.testcase.TermListPageTestCases"/>
  <testcase name="navigateToEditTermPageTest" time="61.054" classname="com.eduven.testcase.TermListPageTestCases"/>
  <testcase name="verifyContributePageWithoutTextTest" time="22.897" classname="com.eduven.testcase.TermListPageTestCases"/>
  <testcase name="verifyContributePageWithWordTest" time="46.281" classname="com.eduven.testcase.TermListPageTestCases"/>
  <testcase name="handlingRateTheAppPopupTest" time="64.787" classname="com.eduven.testcase.QuickListPageTestCases"/>
  <testcase name="languageSelectionTest" time="111.67" classname="com.eduven.testcase.QuickListPageTestCases"/>
  <testcase name="navigateToQuickListTest" time="22.726" classname="com.eduven.testcase.QuickListPageTestCases"/>
  <testcase name="verifyQuickListHeadertxtTest" time="6.213" classname="com.eduven.testcase.QuickListPageTestCases"/>
  <testcase name="verifyQuickListCategoryTest" time="26.04" classname="com.eduven.testcase.QuickListPageTestCases"/>
  <testcase name="navigateToQuickListTermTest" time="59.416" classname="com.eduven.testcase.QuickListPageTestCases">
    <failure type="java.lang.AssertionError" message="Error Message!! Actual Term List not matched with expected one. expected [flora] but found []">
      <![CDATA[java.lang.AssertionError: Error Message!! Actual Term List not matched with expected one. expected [flora] but found []
	at org.testng.Assert.fail(Assert.java:94)
	at org.testng.Assert.failNotEquals(Assert.java:496)
	at org.testng.Assert.assertEquals(Assert.java:125)
	at org.testng.Assert.assertEquals(Assert.java:178)
	at com.eduven.utils.Reusables.verifyEqualMessage(Reusables.java:435)
	at com.eduven.modules.QuickList.verifyQuickListTermHeaderTxt(QuickList.java:166)
	at com.eduven.testcase.QuickListPageTestCases.navigateToQuickListTermTest(QuickListPageTestCases.java:53)
	at sun.reflect.NativeMethodAccessorImpl.invoke0(Native Method)
	at sun.reflect.NativeMethodAccessorImpl.invoke(NativeMethodAccessorImpl.java:62)
	at sun.reflect.DelegatingMethodAccessorImpl.invoke(DelegatingMethodAccessorImpl.java:43)
	at java.lang.reflect.Method.invoke(Method.java:498)
	at org.testng.internal.MethodInvocationHelper.invokeMethod(MethodInvocationHelper.java:85)
	at org.testng.internal.Invoker.invokeMethod(Invoker.java:639)
	at org.testng.internal.Invoker.invokeTestMethod(Invoker.java:816)
	at org.testng.internal.Invoker.invokeTestMethods(Invoker.java:1124)
	at org.testng.internal.TestMethodWorker.invokeTestMethods(TestMethodWorker.java:125)
	at org.testng.internal.TestMethodWorker.run(TestMethodWorker.java:108)
	at org.testng.TestRunner.privateRun(TestRunner.java:774)
	at org.testng.TestRunner.run(TestRunner.java:624)
	at org.testng.SuiteRunner.runTest(SuiteRunner.java:359)
	at org.testng.SuiteRunner.runSequentially(SuiteRunner.java:354)
	at org.testng.SuiteRunner.privateRun(SuiteRunner.java:312)
	at org.testng.SuiteRunner.run(SuiteRunner.java:261)
	at org.testng.SuiteRunnerWorker.runSuite(SuiteRunnerWorker.java:52)
	at org.testng.SuiteRunnerWorker.run(SuiteRunnerWorker.java:86)
	at org.testng.TestNG.runSuitesSequentially(TestNG.java:1215)
	at org.testng.TestNG.runSuitesLocally(TestNG.java:1140)
	at org.testng.TestNG.run(TestNG.java:1048)
	at com.eduven.utils.RunTestng.main(RunTestng.java:58)
]]>
    </failure>
  </testcase> <!-- navigateToQuickListTermTest -->
  <testcase name="verifyTermsNameOnTermlistPageTest" time="31.042" classname="com.eduven.testcase.QuickListPageTestCases">
    <failure type="java.lang.IndexOutOfBoundsException" message="Index: 0, Size: 0">
      <![CDATA[java.lang.IndexOutOfBoundsException: Index: 0, Size: 0
	at java.util.ArrayList.rangeCheck(ArrayList.java:653)
	at java.util.ArrayList.get(ArrayList.java:429)
	at com.eduven.modules.QuickList.verifyTermNameList(QuickList.java:201)
	at com.eduven.testcase.QuickListPageTestCases.verifyTermsNameOnTermlistPageTest(QuickListPageTestCases.java:59)
	at sun.reflect.NativeMethodAccessorImpl.invoke0(Native Method)
	at sun.reflect.NativeMethodAccessorImpl.invoke(NativeMethodAccessorImpl.java:62)
	at sun.reflect.DelegatingMethodAccessorImpl.invoke(DelegatingMethodAccessorImpl.java:43)
	at java.lang.reflect.Method.invoke(Method.java:498)
	at org.testng.internal.MethodInvocationHelper.invokeMethod(MethodInvocationHelper.java:85)
	at org.testng.internal.Invoker.invokeMethod(Invoker.java:639)
	at org.testng.internal.Invoker.invokeTestMethod(Invoker.java:816)
	at org.testng.internal.Invoker.invokeTestMethods(Invoker.java:1124)
	at org.testng.internal.TestMethodWorker.invokeTestMethods(TestMethodWorker.java:125)
	at org.testng.internal.TestMethodWorker.run(TestMethodWorker.java:108)
	at org.testng.TestRunner.privateRun(TestRunner.java:774)
	at org.testng.TestRunner.run(TestRunner.java:624)
	at org.testng.SuiteRunner.runTest(SuiteRunner.java:359)
	at org.testng.SuiteRunner.runSequentially(SuiteRunner.java:354)
	at org.testng.SuiteRunner.privateRun(SuiteRunner.java:312)
	at org.testng.SuiteRunner.run(SuiteRunner.java:261)
	at org.testng.SuiteRunnerWorker.runSuite(SuiteRunnerWorker.java:52)
	at org.testng.SuiteRunnerWorker.run(SuiteRunnerWorker.java:86)
	at org.testng.TestNG.runSuitesSequentially(TestNG.java:1215)
	at org.testng.TestNG.runSuitesLocally(TestNG.java:1140)
	at org.testng.TestNG.run(TestNG.java:1048)
	at com.eduven.utils.RunTestng.main(RunTestng.java:58)
]]>
    </failure>
  </testcase> <!-- verifyTermsNameOnTermlistPageTest -->
  <testcase name="verifyUnlockTermNameTest" time="49.242" classname="com.eduven.testcase.QuickListPageTestCases"/>
  <testcase name="verifyLockTermNameTest" time="84.673" classname="com.eduven.testcase.QuickListPageTestCases"/>
  <testcase name="handlingRateTheAppPopupTest" time="63.198" classname="com.eduven.testcase.AutoPlayPageTestCases"/>
  <testcase name="languageSelectionTest" time="110.903" classname="com.eduven.testcase.AutoPlayPageTestCases"/>
  <testcase name="verifyCategoryHeaderTxt" time="2.192" classname="com.eduven.testcase.AutoPlayPageTestCases"/>
  <testcase name="selectRandomCategoryTest" time="27.286" classname="com.eduven.testcase.AutoPlayPageTestCases"/>
  <testcase name="verifyAutoPlayButtonTest" time="22.113" classname="com.eduven.testcase.AutoPlayPageTestCases"/>
  <testcase name="increaseDealayTimeTest" time="5.641" classname="com.eduven.testcase.AutoPlayPageTestCases"/>
  <testcase name="autoPlayButtonForPlayButtonTest" time="15.873" classname="com.eduven.testcase.AutoPlayPageTestCases"/>
  <testcase name="verify_auto_play_works_test" time="0.0" classname="com.eduven.testcase.AutoPlayPageTestCases"/>
  <testcase name="handlingRateTheAppPopupTest" time="63.793" classname="com.eduven.testcase.CheckInterstetialBeforePurchase"/>
  <testcase name="languageSelectionTest" time="113.288" classname="com.eduven.testcase.CheckInterstetialBeforePurchase"/>
  <testcase name="verifyInterstetialForQuizTest" time="101.763" classname="com.eduven.testcase.CheckInterstetialBeforePurchase"/>
  <testcase name="verifyInterstetialForInAppTest" time="41.433" classname="com.eduven.testcase.CheckInterstetialBeforePurchase">
    <failure type="org.openqa.selenium.WebDriverException" message="An unknown server-side error occurred while processing the command. (WARNING: The server did not provide any stacktrace information)
Command duration or timeout: 1.54 seconds
Build info: version: &amp;apos;2.51.0&amp;apos;, revision: &amp;apos;1af067d&amp;apos;, time: &amp;apos;2016-02-05 19:11:55&amp;apos;
System info: host: &amp;apos;Hitesh-Mac-Mini.local&amp;apos;, ip: &amp;apos;10.30.30.98&amp;apos;, os.name: &amp;apos;Mac OS X&amp;apos;, os.arch: &amp;apos;x86_64&amp;apos;, os.version: &amp;apos;10.11.6&amp;apos;, java.version: &amp;apos;1.8.0_74&amp;apos;
Driver info: io.appium.java_client.ios.IOSDriver
Capabilities [{app=/Users/hiteshbhardwaj/Desktop/Automation/app/LanguagesForIOS/WelshIPA/LingoDiction.ipa, networkConnectionEnabled=false, warnings={}, appiumVersion=1.4.13, databaseEnabled=false, deviceName=Tester (9.3.5), platform=UNIX, desired={app=/Users/hiteshbhardwaj/Desktop/Automation/app/LanguagesForIOS/WelshIPA/LingoDiction.ipa, appiumVersion=1.4.13, platformVersion=9.2, automationName=Appium, udid=7bcb4358baa692ac8207ca4db28eaacc80a14498, platformName=iOS, deviceName=Tester (9.3.5), platform=IOS}, platformVersion=9.2, webStorageEnabled=false, locationContextEnabled=false, automationName=Appium, browserName=iOS, takesScreenshot=true, javascriptEnabled=true, udid=7bcb4358baa692ac8207ca4db28eaacc80a14498, platformName=iOS}]
Session ID: 1992663b-4c0b-4e44-aa62-9dd2b57b3ca8">
      <![CDATA[org.openqa.selenium.WebDriverException: An unknown server-side error occurred while processing the command. (WARNING: The server did not provide any stacktrace information)
Command duration or timeout: 1.54 seconds
Build info: version: '2.51.0', revision: '1af067d', time: '2016-02-05 19:11:55'
System info: host: 'Hitesh-Mac-Mini.local', ip: '10.30.30.98', os.name: 'Mac OS X', os.arch: 'x86_64', os.version: '10.11.6', java.version: '1.8.0_74'
Driver info: io.appium.java_client.ios.IOSDriver
Capabilities [{app=/Users/hiteshbhardwaj/Desktop/Automation/app/LanguagesForIOS/WelshIPA/LingoDiction.ipa, networkConnectionEnabled=false, warnings={}, appiumVersion=1.4.13, databaseEnabled=false, deviceName=Tester (9.3.5), platform=UNIX, desired={app=/Users/hiteshbhardwaj/Desktop/Automation/app/LanguagesForIOS/WelshIPA/LingoDiction.ipa, appiumVersion=1.4.13, platformVersion=9.2, automationName=Appium, udid=7bcb4358baa692ac8207ca4db28eaacc80a14498, platformName=iOS, deviceName=Tester (9.3.5), platform=IOS}, platformVersion=9.2, webStorageEnabled=false, locationContextEnabled=false, automationName=Appium, browserName=iOS, takesScreenshot=true, javascriptEnabled=true, udid=7bcb4358baa692ac8207ca4db28eaacc80a14498, platformName=iOS}]
Session ID: 1992663b-4c0b-4e44-aa62-9dd2b57b3ca8
	at sun.reflect.NativeConstructorAccessorImpl.newInstance0(Native Method)
	at sun.reflect.NativeConstructorAccessorImpl.newInstance(NativeConstructorAccessorImpl.java:62)
	at sun.reflect.DelegatingConstructorAccessorImpl.newInstance(DelegatingConstructorAccessorImpl.java:45)
	at java.lang.reflect.Constructor.newInstance(Constructor.java:423)
	at org.openqa.selenium.remote.ErrorHandler.createThrowable(ErrorHandler.java:206)
	at org.openqa.selenium.remote.ErrorHandler.throwIfResponseFailed(ErrorHandler.java:158)
	at org.openqa.selenium.remote.RemoteWebDriver.execute(RemoteWebDriver.java:678)
	at io.appium.java_client.DefaultGenericMobileDriver.execute(DefaultGenericMobileDriver.java:43)
	at io.appium.java_client.AppiumDriver.execute(AppiumDriver.java:216)
	at org.openqa.selenium.remote.RemoteWebDriver$RemoteNavigation.back(RemoteWebDriver.java:961)
	at com.eduven.utils.Reusables.stepBack(Reusables.java:241)
	at com.eduven.modules.Interstetial.interstetialForInApp(Interstetial.java:62)
	at com.eduven.testcase.CheckInterstetialBeforePurchase.verifyInterstetialForInAppTest(CheckInterstetialBeforePurchase.java:45)
	at sun.reflect.NativeMethodAccessorImpl.invoke0(Native Method)
	at sun.reflect.NativeMethodAccessorImpl.invoke(NativeMethodAccessorImpl.java:62)
	at sun.reflect.DelegatingMethodAccessorImpl.invoke(DelegatingMethodAccessorImpl.java:43)
	at java.lang.reflect.Method.invoke(Method.java:498)
	at org.testng.internal.MethodInvocationHelper.invokeMethod(MethodInvocationHelper.java:85)
	at org.testng.internal.Invoker.invokeMethod(Invoker.java:639)
	at org.testng.internal.Invoker.invokeTestMethod(Invoker.java:816)
	at org.testng.internal.Invoker.invokeTestMethods(Invoker.java:1124)
	at org.testng.internal.TestMethodWorker.invokeTestMethods(TestMethodWorker.java:125)
	at org.testng.internal.TestMethodWorker.run(TestMethodWorker.java:108)
	at org.testng.TestRunner.privateRun(TestRunner.java:774)
	at org.testng.TestRunner.run(TestRunner.java:624)
	at org.testng.SuiteRunner.runTest(SuiteRunner.java:359)
	at org.testng.SuiteRunner.runSequentially(SuiteRunner.java:354)
	at org.testng.SuiteRunner.privateRun(SuiteRunner.java:312)
	at org.testng.SuiteRunner.run(SuiteRunner.java:261)
	at org.testng.SuiteRunnerWorker.runSuite(SuiteRunnerWorker.java:52)
	at org.testng.SuiteRunnerWorker.run(SuiteRunnerWorker.java:86)
	at org.testng.TestNG.runSuitesSequentially(TestNG.java:1215)
	at org.testng.TestNG.runSuitesLocally(TestNG.java:1140)
	at org.testng.TestNG.run(TestNG.java:1048)
	at com.eduven.utils.RunTestng.main(RunTestng.java:58)
]]>
    </failure>
  </testcase> <!-- verifyInterstetialForInAppTest -->
  <testcase name="handlingRateTheAppPopupTest" time="63.281" classname="com.eduven.testcase.PurchaseTestCases"/>
  <testcase name="languageSelectionTest" time="111.699" classname="com.eduven.testcase.PurchaseTestCases"/>
  <testcase name="verifyLockTermBeforePurchaseTest" time="88.107" classname="com.eduven.testcase.PurchaseTestCases"/>
  <testcase name="navigateToBuyTest" time="35.052" classname="com.eduven.testcase.PurchaseTestCases"/>
  <testcase name="buyAppPurchaseTest" time="290.078" classname="com.eduven.testcase.PurchaseTestCases"/>
  <testcase name="verifyPurchaseBtnAfterPurchase" time="5.463" classname="com.eduven.testcase.PurchaseTestCases"/>
  <testcase name="verifyLockTermAppearAsUnlockTermTest" time="151.45" classname="com.eduven.testcase.PurchaseTestCases"/>
  <testcase name="handlingRateTheAppPopupTest" time="67.914" classname="com.eduven.testcase.CheckInterstetialAfterPurchase"/>
  <testcase name="languageSelectionTest" time="110.775" classname="com.eduven.testcase.CheckInterstetialAfterPurchase"/>
  <testcase name="verifyInterstetialForQuizTest" time="127.78" classname="com.eduven.testcase.CheckInterstetialAfterPurchase"/>
  <testcase name="handlingRateAppPopupTest" time="67.201" classname="com.eduven.testcase.SwitchLanguagePageTestCases"/>
  <testcase name="languageSelectionTest" time="110.817" classname="com.eduven.testcase.SwitchLanguagePageTestCases"/>
  <testcase name="navigateToSswitchLingoPageTest" time="35.694" classname="com.eduven.testcase.SwitchLanguagePageTestCases"/>
  <testcase name="switchLingoChangeBaseLanguageTest" time="43.619" classname="com.eduven.testcase.SwitchLanguagePageTestCases"/>
  <testcase name="purchaseNativeLangugaeTest" time="269.986" classname="com.eduven.testcase.SwitchLanguagePageTestCases"/>
  <testcase name="languageSelectionTest1" time="45.66" classname="com.eduven.testcase.SwitchLanguagePageTestCases"/>
  <testcase name="verifyCategoryListAfterBaseLanguageChangeTest" time="14.224" classname="com.eduven.testcase.SwitchLanguagePageTestCases">
    <failure type="java.lang.AssertionError" message="Error Message!! Actual and Expected category term count not matched. expected [0] but found [24]">
      <![CDATA[java.lang.AssertionError: Error Message!! Actual and Expected category term count not matched. expected [0] but found [24]
	at org.testng.Assert.fail(Assert.java:94)
	at org.testng.Assert.failNotEquals(Assert.java:496)
	at org.testng.Assert.assertEquals(Assert.java:125)
	at org.testng.Assert.assertEquals(Assert.java:178)
	at com.eduven.utils.Reusables.verifyEqualMessage(Reusables.java:435)
	at com.eduven.modules.Categories.verifyCategoryListAndTermCount(Categories.java:116)
	at com.eduven.testcase.SwitchLanguagePageTestCases.verifyCategoryListAfterBaseLanguageChangeTest(SwitchLanguagePageTestCases.java:67)
	at sun.reflect.NativeMethodAccessorImpl.invoke0(Native Method)
	at sun.reflect.NativeMethodAccessorImpl.invoke(NativeMethodAccessorImpl.java:62)
	at sun.reflect.DelegatingMethodAccessorImpl.invoke(DelegatingMethodAccessorImpl.java:43)
	at java.lang.reflect.Method.invoke(Method.java:498)
	at org.testng.internal.MethodInvocationHelper.invokeMethod(MethodInvocationHelper.java:85)
	at org.testng.internal.Invoker.invokeMethod(Invoker.java:639)
	at org.testng.internal.Invoker.invokeTestMethod(Invoker.java:816)
	at org.testng.internal.Invoker.invokeTestMethods(Invoker.java:1124)
	at org.testng.internal.TestMethodWorker.invokeTestMethods(TestMethodWorker.java:125)
	at org.testng.internal.TestMethodWorker.run(TestMethodWorker.java:108)
	at org.testng.TestRunner.privateRun(TestRunner.java:774)
	at org.testng.TestRunner.run(TestRunner.java:624)
	at org.testng.SuiteRunner.runTest(SuiteRunner.java:359)
	at org.testng.SuiteRunner.runSequentially(SuiteRunner.java:354)
	at org.testng.SuiteRunner.privateRun(SuiteRunner.java:312)
	at org.testng.SuiteRunner.run(SuiteRunner.java:261)
	at org.testng.SuiteRunnerWorker.runSuite(SuiteRunnerWorker.java:52)
	at org.testng.SuiteRunnerWorker.run(SuiteRunnerWorker.java:86)
	at org.testng.TestNG.runSuitesSequentially(TestNG.java:1215)
	at org.testng.TestNG.runSuitesLocally(TestNG.java:1140)
	at org.testng.TestNG.run(TestNG.java:1048)
	at com.eduven.utils.RunTestng.main(RunTestng.java:58)
]]>
    </failure>
  </testcase> <!-- verifyCategoryListAfterBaseLanguageChangeTest -->
  <testcase name="verifyTermHeaderAndTermNameListTest" time="63.463" classname="com.eduven.testcase.SwitchLanguagePageTestCases"/>
  <testcase name="navigateToQuickListTest" time="23.531" classname="com.eduven.testcase.SwitchLanguagePageTestCases"/>
  <testcase name="verifyQuickListHeadertxtTest" time="6.145" classname="com.eduven.testcase.SwitchLanguagePageTestCases"/>
  <testcase name="verifyQuickListCategoryTest" time="25.966" classname="com.eduven.testcase.SwitchLanguagePageTestCases"/>
  <testcase name="navigateToQuickListTermTest" time="29.186" classname="com.eduven.testcase.SwitchLanguagePageTestCases"/>
  <testcase name="verifyTermsNameOnTermlistPageTest" time="5.861" classname="com.eduven.testcase.SwitchLanguagePageTestCases"/>
</testsuite> <!-- Regression Testing Learn Welsh -->
