<?xml version="1.0" encoding="UTF-8"?>
<!-- Generated by org.testng.reporters.JUnitXMLReporter -->
<testsuite hostname="Hitesh-Mac-Mini.local" name="Regression Testing Learn Swedish" tests="44" failures="2" timestamp="25 Nov 2016 08:21:05 GMT" time="2955.372" errors="0">
  <testcase name="@AfterTest tearDown" time="0.0" classname="com.eduven.testcase.CheckInterstetialAfterPurchase">
    <failure type="java.lang.IllegalArgumentException" message="wrong number of arguments">
      <![CDATA[java.lang.IllegalArgumentException: wrong number of arguments
	at sun.reflect.NativeMethodAccessorImpl.invoke0(Native Method)
	at sun.reflect.NativeMethodAccessorImpl.invoke(NativeMethodAccessorImpl.java:62)
	at sun.reflect.DelegatingMethodAccessorImpl.invoke(DelegatingMethodAccessorImpl.java:43)
	at java.lang.reflect.Method.invoke(Method.java:498)
	at org.testng.internal.MethodInvocationHelper.invokeMethod(MethodInvocationHelper.java:85)
	at org.testng.internal.Invoker.invokeConfigurationMethod(Invoker.java:510)
	at org.testng.internal.Invoker.invokeConfigurations(Invoker.java:211)
	at org.testng.internal.Invoker.invokeConfigurations(Invoker.java:138)
	at org.testng.TestRunner.afterRun(TestRunner.java:1023)
	at org.testng.TestRunner.run(TestRunner.java:628)
	at org.testng.SuiteRunner.runTest(SuiteRunner.java:359)
	at org.testng.SuiteRunner.runSequentially(SuiteRunner.java:354)
	at org.testng.SuiteRunner.privateRun(SuiteRunner.java:312)
	at org.testng.SuiteRunner.run(SuiteRunner.java:261)
	at org.testng.SuiteRunnerWorker.runSuite(SuiteRunnerWorker.java:52)
	at org.testng.SuiteRunnerWorker.run(SuiteRunnerWorker.java:86)
	at org.testng.TestNG.runSuitesSequentially(TestNG.java:1215)
	at org.testng.TestNG.runSuitesLocally(TestNG.java:1140)
	at org.testng.TestNG.run(TestNG.java:1048)
	at com.eduven.utils.RunTestng.main(RunTestng.java:58)
]]>
    </failure>
  </testcase> <!-- @AfterTest tearDown -->
  <testcase name="@AfterTest tearDown" time="0.0" classname="com.eduven.testcase.CheckInterstetialAfterPurchase">
    <skipped/>
  </testcase> <!-- @AfterTest tearDown -->
  <testcase name="@AfterTest tearDown" time="0.0" classname="com.eduven.testcase.CheckInterstetialAfterPurchase">
    <skipped/>
  </testcase> <!-- @AfterTest tearDown -->
  <testcase name="handlingRateTheAppPopupTest" time="90.431" classname="com.eduven.testcase.QuickListPageTestCases"/>
  <testcase name="languageSelectionTest" time="40.453" classname="com.eduven.testcase.QuickListPageTestCases"/>
  <testcase name="navigateToQuickListTest" time="24.729" classname="com.eduven.testcase.QuickListPageTestCases"/>
  <testcase name="verifyQuickListHeadertxtTest" time="6.262" classname="com.eduven.testcase.QuickListPageTestCases"/>
  <testcase name="verifyQuickListCategoryTest" time="27.017" classname="com.eduven.testcase.QuickListPageTestCases"/>
  <testcase name="navigateToQuickListTermTest" time="23.151" classname="com.eduven.testcase.QuickListPageTestCases"/>
  <testcase name="verifyTermsNameOnTermlistPageTest" time="115.033" classname="com.eduven.testcase.QuickListPageTestCases"/>
  <testcase name="verifyUnlockTermNameTest" time="101.23" classname="com.eduven.testcase.QuickListPageTestCases"/>
  <testcase name="verifyLockTermNameTest" time="68.791" classname="com.eduven.testcase.QuickListPageTestCases"/>
  <testcase name="handlingRateTheAppPopupTest" time="68.832" classname="com.eduven.testcase.AutoPlayPageTestCases"/>
  <testcase name="languageSelectionTest" time="112.28" classname="com.eduven.testcase.AutoPlayPageTestCases"/>
  <testcase name="verifyCategoryHeaderTxt" time="2.191" classname="com.eduven.testcase.AutoPlayPageTestCases"/>
  <testcase name="selectRandomCategoryTest" time="50.658" classname="com.eduven.testcase.AutoPlayPageTestCases"/>
  <testcase name="verifyAutoPlayButtonTest" time="22.058" classname="com.eduven.testcase.AutoPlayPageTestCases"/>
  <testcase name="increaseDealayTimeTest" time="5.587" classname="com.eduven.testcase.AutoPlayPageTestCases"/>
  <testcase name="autoPlayButtonForPlayButtonTest" time="16.044" classname="com.eduven.testcase.AutoPlayPageTestCases"/>
  <testcase name="verify_auto_play_works_test" time="0.0" classname="com.eduven.testcase.AutoPlayPageTestCases"/>
  <testcase name="handlingRateTheAppPopupTest" time="68.288" classname="com.eduven.testcase.CheckInterstetialBeforePurchase"/>
  <testcase name="languageSelectionTest" time="110.969" classname="com.eduven.testcase.CheckInterstetialBeforePurchase"/>
  <testcase name="verifyInterstetialForQuizTest" time="102.156" classname="com.eduven.testcase.CheckInterstetialBeforePurchase"/>
  <testcase name="verifyInterstetialForInAppTest" time="61.717" classname="com.eduven.testcase.CheckInterstetialBeforePurchase">
    <failure type="org.openqa.selenium.WebDriverException" message="An unknown server-side error occurred while processing the command. (WARNING: The server did not provide any stacktrace information)
Command duration or timeout: 1.58 seconds
Build info: version: &amp;apos;2.51.0&amp;apos;, revision: &amp;apos;1af067d&amp;apos;, time: &amp;apos;2016-02-05 19:11:55&amp;apos;
System info: host: &amp;apos;Hitesh-Mac-Mini.local&amp;apos;, ip: &amp;apos;10.30.30.98&amp;apos;, os.name: &amp;apos;Mac OS X&amp;apos;, os.arch: &amp;apos;x86_64&amp;apos;, os.version: &amp;apos;10.11.6&amp;apos;, java.version: &amp;apos;1.8.0_74&amp;apos;
Driver info: io.appium.java_client.ios.IOSDriver
Capabilities [{app=/Users/hiteshbhardwaj/Desktop/Automation/app/LanguagesForIOS/Swedish/swedish.ipa, networkConnectionEnabled=false, warnings={}, appiumVersion=1.4.13, databaseEnabled=false, deviceName=Rahul&amp;apos;s iPad (9.3.5), platform=UNIX, desired={app=/Users/hiteshbhardwaj/Desktop/Automation/app/LanguagesForIOS/Swedish/swedish.ipa, appiumVersion=1.4.13, platformVersion=9.2, automationName=Appium, udid=84974ee52e47314f4e50b296df4610e953edc63f, platformName=iOS, deviceName=Rahul&amp;apos;s iPad (9.3.5), platform=IOS}, platformVersion=9.2, webStorageEnabled=false, locationContextEnabled=false, automationName=Appium, browserName=iOS, takesScreenshot=true, javascriptEnabled=true, udid=84974ee52e47314f4e50b296df4610e953edc63f, platformName=iOS}]
Session ID: 92207061-7f3c-4027-ba79-9e696b236b11">
      <![CDATA[org.openqa.selenium.WebDriverException: An unknown server-side error occurred while processing the command. (WARNING: The server did not provide any stacktrace information)
Command duration or timeout: 1.58 seconds
Build info: version: '2.51.0', revision: '1af067d', time: '2016-02-05 19:11:55'
System info: host: 'Hitesh-Mac-Mini.local', ip: '10.30.30.98', os.name: 'Mac OS X', os.arch: 'x86_64', os.version: '10.11.6', java.version: '1.8.0_74'
Driver info: io.appium.java_client.ios.IOSDriver
Capabilities [{app=/Users/hiteshbhardwaj/Desktop/Automation/app/LanguagesForIOS/Swedish/swedish.ipa, networkConnectionEnabled=false, warnings={}, appiumVersion=1.4.13, databaseEnabled=false, deviceName=Rahul's iPad (9.3.5), platform=UNIX, desired={app=/Users/hiteshbhardwaj/Desktop/Automation/app/LanguagesForIOS/Swedish/swedish.ipa, appiumVersion=1.4.13, platformVersion=9.2, automationName=Appium, udid=84974ee52e47314f4e50b296df4610e953edc63f, platformName=iOS, deviceName=Rahul's iPad (9.3.5), platform=IOS}, platformVersion=9.2, webStorageEnabled=false, locationContextEnabled=false, automationName=Appium, browserName=iOS, takesScreenshot=true, javascriptEnabled=true, udid=84974ee52e47314f4e50b296df4610e953edc63f, platformName=iOS}]
Session ID: 92207061-7f3c-4027-ba79-9e696b236b11
	at sun.reflect.NativeConstructorAccessorImpl.newInstance0(Native Method)
	at sun.reflect.NativeConstructorAccessorImpl.newInstance(NativeConstructorAccessorImpl.java:62)
	at sun.reflect.DelegatingConstructorAccessorImpl.newInstance(DelegatingConstructorAccessorImpl.java:45)
	at java.lang.reflect.Constructor.newInstance(Constructor.java:423)
	at org.openqa.selenium.remote.ErrorHandler.createThrowable(ErrorHandler.java:206)
	at org.openqa.selenium.remote.ErrorHandler.throwIfResponseFailed(ErrorHandler.java:158)
	at org.openqa.selenium.remote.RemoteWebDriver.execute(RemoteWebDriver.java:678)
	at io.appium.java_client.DefaultGenericMobileDriver.execute(DefaultGenericMobileDriver.java:43)
	at io.appium.java_client.AppiumDriver.execute(AppiumDriver.java:216)
	at org.openqa.selenium.remote.RemoteWebDriver$RemoteNavigation.back(RemoteWebDriver.java:961)
	at com.eduven.utils.Reusables.stepBack(Reusables.java:241)
	at com.eduven.modules.Interstetial.interstetialForInApp(Interstetial.java:62)
	at com.eduven.testcase.CheckInterstetialBeforePurchase.verifyInterstetialForInAppTest(CheckInterstetialBeforePurchase.java:45)
	at sun.reflect.NativeMethodAccessorImpl.invoke0(Native Method)
	at sun.reflect.NativeMethodAccessorImpl.invoke(NativeMethodAccessorImpl.java:62)
	at sun.reflect.DelegatingMethodAccessorImpl.invoke(DelegatingMethodAccessorImpl.java:43)
	at java.lang.reflect.Method.invoke(Method.java:498)
	at org.testng.internal.MethodInvocationHelper.invokeMethod(MethodInvocationHelper.java:85)
	at org.testng.internal.Invoker.invokeMethod(Invoker.java:639)
	at org.testng.internal.Invoker.invokeTestMethod(Invoker.java:816)
	at org.testng.internal.Invoker.invokeTestMethods(Invoker.java:1124)
	at org.testng.internal.TestMethodWorker.invokeTestMethods(TestMethodWorker.java:125)
	at org.testng.internal.TestMethodWorker.run(TestMethodWorker.java:108)
	at org.testng.TestRunner.privateRun(TestRunner.java:774)
	at org.testng.TestRunner.run(TestRunner.java:624)
	at org.testng.SuiteRunner.runTest(SuiteRunner.java:359)
	at org.testng.SuiteRunner.runSequentially(SuiteRunner.java:354)
	at org.testng.SuiteRunner.privateRun(SuiteRunner.java:312)
	at org.testng.SuiteRunner.run(SuiteRunner.java:261)
	at org.testng.SuiteRunnerWorker.runSuite(SuiteRunnerWorker.java:52)
	at org.testng.SuiteRunnerWorker.run(SuiteRunnerWorker.java:86)
	at org.testng.TestNG.runSuitesSequentially(TestNG.java:1215)
	at org.testng.TestNG.runSuitesLocally(TestNG.java:1140)
	at org.testng.TestNG.run(TestNG.java:1048)
	at com.eduven.utils.RunTestng.main(RunTestng.java:58)
]]>
    </failure>
  </testcase> <!-- verifyInterstetialForInAppTest -->
  <testcase name="handlingRateTheAppPopupTest" time="17.396" classname="com.eduven.testcase.PurchaseTestCases"/>
  <testcase name="languageSelectionTest" time="111.96" classname="com.eduven.testcase.PurchaseTestCases"/>
  <testcase name="verifyLockTermBeforePurchaseTest" time="101.944" classname="com.eduven.testcase.PurchaseTestCases"/>
  <testcase name="navigateToBuyTest" time="31.758" classname="com.eduven.testcase.PurchaseTestCases"/>
  <testcase name="buyAppPurchaseTest" time="270.808" classname="com.eduven.testcase.PurchaseTestCases"/>
  <testcase name="verifyPurchaseBtnAfterPurchase" time="5.46" classname="com.eduven.testcase.PurchaseTestCases"/>
  <testcase name="verifyLockTermAppearAsUnlockTermTest" time="88.112" classname="com.eduven.testcase.PurchaseTestCases"/>
  <testcase name="handlingRateTheAppPopupTest" time="65.168" classname="com.eduven.testcase.CheckInterstetialAfterPurchase"/>
  <testcase name="languageSelectionTest" time="109.344" classname="com.eduven.testcase.CheckInterstetialAfterPurchase"/>
  <testcase name="verifyInterstetialForQuizTest" time="128.523" classname="com.eduven.testcase.CheckInterstetialAfterPurchase"/>
  <testcase name="handlingRateAppPopupTest" time="65.382" classname="com.eduven.testcase.SwitchLanguagePageTestCases"/>
  <testcase name="languageSelectionTest" time="110.103" classname="com.eduven.testcase.SwitchLanguagePageTestCases"/>
  <testcase name="navigateToSswitchLingoPageTest" time="35.378" classname="com.eduven.testcase.SwitchLanguagePageTestCases"/>
  <testcase name="switchLingoChangeBaseLanguageTest" time="43.522" classname="com.eduven.testcase.SwitchLanguagePageTestCases"/>
  <testcase name="purchaseNativeLangugaeTest" time="263.899" classname="com.eduven.testcase.SwitchLanguagePageTestCases"/>
  <testcase name="languageSelectionTest1" time="45.345" classname="com.eduven.testcase.SwitchLanguagePageTestCases"/>
  <testcase name="verifyCategoryListAfterBaseLanguageChangeTest" time="14.163" classname="com.eduven.testcase.SwitchLanguagePageTestCases">
    <failure type="java.lang.AssertionError" message="Error Message!! Actual and Expected category term count not matched. expected [0] but found [24]">
      <![CDATA[java.lang.AssertionError: Error Message!! Actual and Expected category term count not matched. expected [0] but found [24]
	at org.testng.Assert.fail(Assert.java:94)
	at org.testng.Assert.failNotEquals(Assert.java:496)
	at org.testng.Assert.assertEquals(Assert.java:125)
	at org.testng.Assert.assertEquals(Assert.java:178)
	at com.eduven.utils.Reusables.verifyEqualMessage(Reusables.java:435)
	at com.eduven.modules.Categories.verifyCategoryListAndTermCount(Categories.java:116)
	at com.eduven.testcase.SwitchLanguagePageTestCases.verifyCategoryListAfterBaseLanguageChangeTest(SwitchLanguagePageTestCases.java:67)
	at sun.reflect.NativeMethodAccessorImpl.invoke0(Native Method)
	at sun.reflect.NativeMethodAccessorImpl.invoke(NativeMethodAccessorImpl.java:62)
	at sun.reflect.DelegatingMethodAccessorImpl.invoke(DelegatingMethodAccessorImpl.java:43)
	at java.lang.reflect.Method.invoke(Method.java:498)
	at org.testng.internal.MethodInvocationHelper.invokeMethod(MethodInvocationHelper.java:85)
	at org.testng.internal.Invoker.invokeMethod(Invoker.java:639)
	at org.testng.internal.Invoker.invokeTestMethod(Invoker.java:816)
	at org.testng.internal.Invoker.invokeTestMethods(Invoker.java:1124)
	at org.testng.internal.TestMethodWorker.invokeTestMethods(TestMethodWorker.java:125)
	at org.testng.internal.TestMethodWorker.run(TestMethodWorker.java:108)
	at org.testng.TestRunner.privateRun(TestRunner.java:774)
	at org.testng.TestRunner.run(TestRunner.java:624)
	at org.testng.SuiteRunner.runTest(SuiteRunner.java:359)
	at org.testng.SuiteRunner.runSequentially(SuiteRunner.java:354)
	at org.testng.SuiteRunner.privateRun(SuiteRunner.java:312)
	at org.testng.SuiteRunner.run(SuiteRunner.java:261)
	at org.testng.SuiteRunnerWorker.runSuite(SuiteRunnerWorker.java:52)
	at org.testng.SuiteRunnerWorker.run(SuiteRunnerWorker.java:86)
	at org.testng.TestNG.runSuitesSequentially(TestNG.java:1215)
	at org.testng.TestNG.runSuitesLocally(TestNG.java:1140)
	at org.testng.TestNG.run(TestNG.java:1048)
	at com.eduven.utils.RunTestng.main(RunTestng.java:58)
]]>
    </failure>
  </testcase> <!-- verifyCategoryListAfterBaseLanguageChangeTest -->
  <testcase name="verifyTermHeaderAndTermNameListTest" time="48.381" classname="com.eduven.testcase.SwitchLanguagePageTestCases"/>
  <testcase name="navigateToQuickListTest" time="23.158" classname="com.eduven.testcase.SwitchLanguagePageTestCases"/>
  <testcase name="verifyQuickListHeadertxtTest" time="6.162" classname="com.eduven.testcase.SwitchLanguagePageTestCases"/>
  <testcase name="verifyQuickListCategoryTest" time="25.93" classname="com.eduven.testcase.SwitchLanguagePageTestCases"/>
  <testcase name="navigateToQuickListTermTest" time="19.053" classname="com.eduven.testcase.SwitchLanguagePageTestCases"/>
  <testcase name="verifyTermsNameOnTermlistPageTest" time="25.492" classname="com.eduven.testcase.SwitchLanguagePageTestCases"/>
</testsuite> <!-- Regression Testing Learn Swedish -->
