<?xml version="1.0" encoding="UTF-8"?>
<!-- Generated by org.testng.reporters.JUnitXMLReporter -->
<testsuite hostname="Hitesh-Mac-Mini.local" name="Regression Testing Learn Hindi" tests="101" failures="6" timestamp="7 Nov 2016 11:32:05 GMT" time="6068.378" errors="0">
  <testcase name="@AfterTest tearDown" time="0.0" classname="com.eduven.testcase.PurchaseTestCases">
    <failure type="java.lang.IllegalArgumentException" message="wrong number of arguments">
      <![CDATA[java.lang.IllegalArgumentException: wrong number of arguments
	at sun.reflect.NativeMethodAccessorImpl.invoke0(Native Method)
	at sun.reflect.NativeMethodAccessorImpl.invoke(NativeMethodAccessorImpl.java:62)
	at sun.reflect.DelegatingMethodAccessorImpl.invoke(DelegatingMethodAccessorImpl.java:43)
	at java.lang.reflect.Method.invoke(Method.java:498)
	at org.testng.internal.MethodInvocationHelper.invokeMethod(MethodInvocationHelper.java:85)
	at org.testng.internal.Invoker.invokeConfigurationMethod(Invoker.java:510)
	at org.testng.internal.Invoker.invokeConfigurations(Invoker.java:211)
	at org.testng.internal.Invoker.invokeConfigurations(Invoker.java:138)
	at org.testng.TestRunner.afterRun(TestRunner.java:1023)
	at org.testng.TestRunner.run(TestRunner.java:628)
	at org.testng.SuiteRunner.runTest(SuiteRunner.java:359)
	at org.testng.SuiteRunner.runSequentially(SuiteRunner.java:354)
	at org.testng.SuiteRunner.privateRun(SuiteRunner.java:312)
	at org.testng.SuiteRunner.run(SuiteRunner.java:261)
	at org.testng.SuiteRunnerWorker.runSuite(SuiteRunnerWorker.java:52)
	at org.testng.SuiteRunnerWorker.run(SuiteRunnerWorker.java:86)
	at org.testng.TestNG.runSuitesSequentially(TestNG.java:1215)
	at org.testng.TestNG.runSuitesLocally(TestNG.java:1140)
	at org.testng.TestNG.run(TestNG.java:1048)
	at com.eduven.utils.RunTestng.main(RunTestng.java:58)
]]>
    </failure>
  </testcase> <!-- @AfterTest tearDown -->
  <testcase name="install_app_and_language_selection_test" time="76.306" classname="com.eduven.testcase.HomePageTestCases"/>
  <testcase name="handling_rate_app_popup_test" time="64.838" classname="com.eduven.testcase.HomePageTestCases"/>
  <testcase name="verify_element_on_homePage_test" time="9.991" classname="com.eduven.testcase.HomePageTestCases"/>
  <testcase name="verify_footer_quicklist_button_on_home_page_test" time="2.068" classname="com.eduven.testcase.HomePageTestCases"/>
  <testcase name="verify_footer_edubank_button_on_home_page_test" time="2.182" classname="com.eduven.testcase.HomePageTestCases"/>
  <testcase name="verify_footer_purchase_button_on_home_page_test" time="2.207" classname="com.eduven.testcase.HomePageTestCases"/>
  <testcase name="verify_footer_games_button_on_home_page_test" time="2.052" classname="com.eduven.testcase.HomePageTestCases"/>
  <testcase name="verify_footer_switchlingo_button_on_home_page_test" time="2.2" classname="com.eduven.testcase.HomePageTestCases"/>
  <testcase name="handling_rate_app_popup_test" time="63.939" classname="com.eduven.testcase.CategoryPageTestCases"/>
  <testcase name="install_app_and_language_selection_test" time="110.774" classname="com.eduven.testcase.CategoryPageTestCases"/>
  <testcase name="verifyCategoryHeaderTxt" time="2.185" classname="com.eduven.testcase.CategoryPageTestCases"/>
  <testcase name="verifyCategoriesList" time="454.674" classname="com.eduven.testcase.CategoryPageTestCases"/>
  <testcase name="handlingRateAppPopupTest" time="16.646" classname="com.eduven.testcase.EduBankPageTestCases"/>
  <testcase name="installAppAndLanguageSelectionTest" time="110.848" classname="com.eduven.testcase.EduBankPageTestCases"/>
  <testcase name="navigate_to_edubank_test" time="89.332" classname="com.eduven.testcase.EduBankPageTestCases"/>
  <testcase name="navigate_to_term_page_test" time="22.383" classname="com.eduven.testcase.EduBankPageTestCases"/>
  <testcase name="add_term_in_edubank_test" time="26.757" classname="com.eduven.testcase.EduBankPageTestCases"/>
  <testcase name="verify_added_term_in_edubank_test" time="37.014" classname="com.eduven.testcase.EduBankPageTestCases"/>
  <testcase name="remove_terms_from_Edubank_test" time="6.523" classname="com.eduven.testcase.EduBankPageTestCases"/>
  <testcase name="verify_added_term_in_edubank_after_removedItTest" time="31.12" classname="com.eduven.testcase.EduBankPageTestCases"/>
  <testcase name="remove_all_terms_from_Edubank_test" time="6.793" classname="com.eduven.testcase.EduBankPageTestCases"/>
  <testcase name="navigate_to_edubank_quicklist_test" time="91.227" classname="com.eduven.testcase.EduBankPageTestCases"/>
  <testcase name="navigate_to_quicklist_page_test" time="29.093" classname="com.eduven.testcase.EduBankPageTestCases"/>
  <testcase name="navigate_to_quicklist_term_page_test" time="27.423" classname="com.eduven.testcase.EduBankPageTestCases"/>
  <testcase name="add_term_in_edubank_for_quicklist_test" time="89.465" classname="com.eduven.testcase.EduBankPageTestCases"/>
  <testcase name="verify_added_term_in_edubank_for_quicklist_test" time="35.479" classname="com.eduven.testcase.EduBankPageTestCases"/>
  <testcase name="remove_terms_from_Edubank_for_quicklist_test" time="6.516" classname="com.eduven.testcase.EduBankPageTestCases"/>
  <testcase name="verify_added_term_in_edubank_for_quicklist_after_remove_one_term_test" time="31.155" classname="com.eduven.testcase.EduBankPageTestCases"/>
  <testcase name="remove_all_terms_from_Edubank_for_quicklist_test" time="3.465" classname="com.eduven.testcase.EduBankPageTestCases"/>
  <testcase name="handlingRateTheAppPopupTest" time="64.293" classname="com.eduven.testcase.SearchPageTestCases"/>
  <testcase name="languageSelectionTest" time="112.057" classname="com.eduven.testcase.SearchPageTestCases"/>
  <testcase name="navigate_to_search_page_test" time="8.574" classname="com.eduven.testcase.SearchPageTestCases"/>
  <testcase name="verifySearchPageHeaderTest" time="7.073" classname="com.eduven.testcase.SearchPageTestCases"/>
  <testcase name="free_term_search_test" time="102.756" classname="com.eduven.testcase.SearchPageTestCases"/>
  <testcase name="search_page_audio_test" time="8.399" classname="com.eduven.testcase.SearchPageTestCases">
    <failure type="org.openqa.selenium.WebDriverException" message="An unknown server-side error occurred while processing the command. (WARNING: The server did not provide any stacktrace information)
Command duration or timeout: 1.87 seconds
Build info: version: &amp;apos;2.51.0&amp;apos;, revision: &amp;apos;1af067d&amp;apos;, time: &amp;apos;2016-02-05 19:11:55&amp;apos;
System info: host: &amp;apos;Hitesh-Mac-Mini.local&amp;apos;, ip: &amp;apos;10.30.30.97&amp;apos;, os.name: &amp;apos;Mac OS X&amp;apos;, os.arch: &amp;apos;x86_64&amp;apos;, os.version: &amp;apos;10.11.6&amp;apos;, java.version: &amp;apos;1.8.0_74&amp;apos;
Driver info: io.appium.java_client.ios.IOSDriver
Capabilities [{app=/Users/hiteshbhardwaj/Desktop/Automation/app/LanguagesForIOS/Hindi/hindi.ipa, networkConnectionEnabled=false, warnings={}, appiumVersion=1.4.13, databaseEnabled=false, deviceName=Rahul&amp;apos;s iPad (9.3.5), platform=UNIX, desired={app=/Users/hiteshbhardwaj/Desktop/Automation/app/LanguagesForIOS/Hindi/hindi.ipa, appiumVersion=1.4.13, platformVersion=9.3, automationName=Appium, udid=84974ee52e47314f4e50b296df4610e953edc63f, platformName=iOS, deviceName=Rahul&amp;apos;s iPad (9.3.5), platform=IOS}, platformVersion=9.3, webStorageEnabled=false, locationContextEnabled=false, automationName=Appium, browserName=iOS, takesScreenshot=true, javascriptEnabled=true, udid=84974ee52e47314f4e50b296df4610e953edc63f, platformName=iOS}]
Session ID: b4e861d2-eb3c-4f82-9f6a-1984333a3d19">
      <![CDATA[org.openqa.selenium.WebDriverException: An unknown server-side error occurred while processing the command. (WARNING: The server did not provide any stacktrace information)
Command duration or timeout: 1.87 seconds
Build info: version: '2.51.0', revision: '1af067d', time: '2016-02-05 19:11:55'
System info: host: 'Hitesh-Mac-Mini.local', ip: '10.30.30.97', os.name: 'Mac OS X', os.arch: 'x86_64', os.version: '10.11.6', java.version: '1.8.0_74'
Driver info: io.appium.java_client.ios.IOSDriver
Capabilities [{app=/Users/hiteshbhardwaj/Desktop/Automation/app/LanguagesForIOS/Hindi/hindi.ipa, networkConnectionEnabled=false, warnings={}, appiumVersion=1.4.13, databaseEnabled=false, deviceName=Rahul's iPad (9.3.5), platform=UNIX, desired={app=/Users/hiteshbhardwaj/Desktop/Automation/app/LanguagesForIOS/Hindi/hindi.ipa, appiumVersion=1.4.13, platformVersion=9.3, automationName=Appium, udid=84974ee52e47314f4e50b296df4610e953edc63f, platformName=iOS, deviceName=Rahul's iPad (9.3.5), platform=IOS}, platformVersion=9.3, webStorageEnabled=false, locationContextEnabled=false, automationName=Appium, browserName=iOS, takesScreenshot=true, javascriptEnabled=true, udid=84974ee52e47314f4e50b296df4610e953edc63f, platformName=iOS}]
Session ID: b4e861d2-eb3c-4f82-9f6a-1984333a3d19
	at sun.reflect.NativeConstructorAccessorImpl.newInstance0(Native Method)
	at sun.reflect.NativeConstructorAccessorImpl.newInstance(NativeConstructorAccessorImpl.java:62)
	at sun.reflect.DelegatingConstructorAccessorImpl.newInstance(DelegatingConstructorAccessorImpl.java:45)
	at java.lang.reflect.Constructor.newInstance(Constructor.java:423)
	at org.openqa.selenium.remote.ErrorHandler.createThrowable(ErrorHandler.java:206)
	at org.openqa.selenium.remote.ErrorHandler.throwIfResponseFailed(ErrorHandler.java:158)
	at org.openqa.selenium.remote.RemoteWebDriver.execute(RemoteWebDriver.java:678)
	at io.appium.java_client.DefaultGenericMobileDriver.execute(DefaultGenericMobileDriver.java:43)
	at io.appium.java_client.AppiumDriver.execute(AppiumDriver.java:216)
	at org.openqa.selenium.remote.RemoteWebDriver$RemoteNavigation.back(RemoteWebDriver.java:961)
	at com.eduven.utils.Reusables.stepBack(Reusables.java:241)
	at com.eduven.testcase.SearchPageTestCases.search_page_audio_test(SearchPageTestCases.java:58)
	at sun.reflect.NativeMethodAccessorImpl.invoke0(Native Method)
	at sun.reflect.NativeMethodAccessorImpl.invoke(NativeMethodAccessorImpl.java:62)
	at sun.reflect.DelegatingMethodAccessorImpl.invoke(DelegatingMethodAccessorImpl.java:43)
	at java.lang.reflect.Method.invoke(Method.java:498)
	at org.testng.internal.MethodInvocationHelper.invokeMethod(MethodInvocationHelper.java:85)
	at org.testng.internal.Invoker.invokeMethod(Invoker.java:639)
	at org.testng.internal.Invoker.invokeTestMethod(Invoker.java:816)
	at org.testng.internal.Invoker.invokeTestMethods(Invoker.java:1124)
	at org.testng.internal.TestMethodWorker.invokeTestMethods(TestMethodWorker.java:125)
	at org.testng.internal.TestMethodWorker.run(TestMethodWorker.java:108)
	at org.testng.TestRunner.privateRun(TestRunner.java:774)
	at org.testng.TestRunner.run(TestRunner.java:624)
	at org.testng.SuiteRunner.runTest(SuiteRunner.java:359)
	at org.testng.SuiteRunner.runSequentially(SuiteRunner.java:354)
	at org.testng.SuiteRunner.privateRun(SuiteRunner.java:312)
	at org.testng.SuiteRunner.run(SuiteRunner.java:261)
	at org.testng.SuiteRunnerWorker.runSuite(SuiteRunnerWorker.java:52)
	at org.testng.SuiteRunnerWorker.run(SuiteRunnerWorker.java:86)
	at org.testng.TestNG.runSuitesSequentially(TestNG.java:1215)
	at org.testng.TestNG.runSuitesLocally(TestNG.java:1140)
	at org.testng.TestNG.run(TestNG.java:1048)
	at com.eduven.utils.RunTestng.main(RunTestng.java:58)
]]>
    </failure>
  </testcase> <!-- search_page_audio_test -->
  <testcase name="premium_term_search_test" time="47.282" classname="com.eduven.testcase.SearchPageTestCases"/>
  <testcase name="handlingRateThisAppTest" time="63.688" classname="com.eduven.testcase.EvMenuPageTestCases"/>
  <testcase name="installAppAndLanguageSelectionTest" time="112.685" classname="com.eduven.testcase.EvMenuPageTestCases"/>
  <testcase name="navigateToMoreAppsPageTest" time="42.676" classname="com.eduven.testcase.EvMenuPageTestCases"/>
  <testcase name="verifyMoreAppsPageTest" time="0.0" classname="com.eduven.testcase.EvMenuPageTestCases"/>
  <testcase name="navigateToContributePageTest" time="29.043" classname="com.eduven.testcase.EvMenuPageTestCases"/>
  <testcase name="verifyContributePageWithoutTextTest" time="23.12" classname="com.eduven.testcase.EvMenuPageTestCases"/>
  <testcase name="verifyContributePageWithCategoryTest" time="57.558" classname="com.eduven.testcase.EvMenuPageTestCases"/>
  <testcase name="verifyContributePageWithWordTest" time="46.589" classname="com.eduven.testcase.EvMenuPageTestCases"/>
  <testcase name="verifyContributePageWithRequiredTextTest" time="58.306" classname="com.eduven.testcase.EvMenuPageTestCases">
    <failure type="java.lang.AssertionError" message="Error Message!!Actual submission message not matched with expected one. expected [message thanks for this valuable suggestion.] but found [message please fill the mandatory fields.]">
      <![CDATA[java.lang.AssertionError: Error Message!!Actual submission message not matched with expected one. expected [message thanks for this valuable suggestion.] but found [message please fill the mandatory fields.]
	at org.testng.Assert.fail(Assert.java:94)
	at org.testng.Assert.failNotEquals(Assert.java:496)
	at org.testng.Assert.assertEquals(Assert.java:125)
	at org.testng.Assert.assertEquals(Assert.java:178)
	at com.eduven.utils.Reusables.verifyEqualMessage(Reusables.java:435)
	at com.eduven.modules.EvMenu.verifyContribteSubmissionMessage(EvMenu.java:435)
	at com.eduven.testcase.EvMenuPageTestCases.verifyContributePageWithRequiredTextTest(EvMenuPageTestCases.java:87)
	at sun.reflect.NativeMethodAccessorImpl.invoke0(Native Method)
	at sun.reflect.NativeMethodAccessorImpl.invoke(NativeMethodAccessorImpl.java:62)
	at sun.reflect.DelegatingMethodAccessorImpl.invoke(DelegatingMethodAccessorImpl.java:43)
	at java.lang.reflect.Method.invoke(Method.java:498)
	at org.testng.internal.MethodInvocationHelper.invokeMethod(MethodInvocationHelper.java:85)
	at org.testng.internal.Invoker.invokeMethod(Invoker.java:639)
	at org.testng.internal.Invoker.invokeTestMethod(Invoker.java:816)
	at org.testng.internal.Invoker.invokeTestMethods(Invoker.java:1124)
	at org.testng.internal.TestMethodWorker.invokeTestMethods(TestMethodWorker.java:125)
	at org.testng.internal.TestMethodWorker.run(TestMethodWorker.java:108)
	at org.testng.TestRunner.privateRun(TestRunner.java:774)
	at org.testng.TestRunner.run(TestRunner.java:624)
	at org.testng.SuiteRunner.runTest(SuiteRunner.java:359)
	at org.testng.SuiteRunner.runSequentially(SuiteRunner.java:354)
	at org.testng.SuiteRunner.privateRun(SuiteRunner.java:312)
	at org.testng.SuiteRunner.run(SuiteRunner.java:261)
	at org.testng.SuiteRunnerWorker.runSuite(SuiteRunnerWorker.java:52)
	at org.testng.SuiteRunnerWorker.run(SuiteRunnerWorker.java:86)
	at org.testng.TestNG.runSuitesSequentially(TestNG.java:1215)
	at org.testng.TestNG.runSuitesLocally(TestNG.java:1140)
	at org.testng.TestNG.run(TestNG.java:1048)
	at com.eduven.utils.RunTestng.main(RunTestng.java:58)
]]>
    </failure>
  </testcase> <!-- verifyContributePageWithRequiredTextTest -->
  <testcase name="categorySettingPageTest" time="62.61" classname="com.eduven.testcase.EvMenuPageTestCases">
    <failure type="org.openqa.selenium.TimeoutException" message="Timed out after 60 seconds waiting for visibility of element located by By.id: neweduventurelogo
Build info: version: &amp;apos;2.51.0&amp;apos;, revision: &amp;apos;1af067d&amp;apos;, time: &amp;apos;2016-02-05 19:11:55&amp;apos;
System info: host: &amp;apos;Hitesh-Mac-Mini.local&amp;apos;, ip: &amp;apos;10.30.30.97&amp;apos;, os.name: &amp;apos;Mac OS X&amp;apos;, os.arch: &amp;apos;x86_64&amp;apos;, os.version: &amp;apos;10.11.6&amp;apos;, java.version: &amp;apos;1.8.0_74&amp;apos;
Driver info: io.appium.java_client.ios.IOSDriver
Capabilities [{app=/Users/hiteshbhardwaj/Desktop/Automation/app/LanguagesForIOS/Hindi/hindi.ipa, networkConnectionEnabled=false, warnings={}, appiumVersion=1.4.13, databaseEnabled=false, deviceName=Rahul&amp;apos;s iPad (9.3.5), platform=UNIX, desired={app=/Users/hiteshbhardwaj/Desktop/Automation/app/LanguagesForIOS/Hindi/hindi.ipa, appiumVersion=1.4.13, platformVersion=9.3, automationName=Appium, udid=84974ee52e47314f4e50b296df4610e953edc63f, platformName=iOS, deviceName=Rahul&amp;apos;s iPad (9.3.5), platform=IOS}, platformVersion=9.3, webStorageEnabled=false, locationContextEnabled=false, automationName=Appium, browserName=iOS, takesScreenshot=true, javascriptEnabled=true, udid=84974ee52e47314f4e50b296df4610e953edc63f, platformName=iOS}]
Session ID: b4e861d2-eb3c-4f82-9f6a-1984333a3d19">
      <![CDATA[org.openqa.selenium.TimeoutException: Timed out after 60 seconds waiting for visibility of element located by By.id: neweduventurelogo
Build info: version: '2.51.0', revision: '1af067d', time: '2016-02-05 19:11:55'
System info: host: 'Hitesh-Mac-Mini.local', ip: '10.30.30.97', os.name: 'Mac OS X', os.arch: 'x86_64', os.version: '10.11.6', java.version: '1.8.0_74'
Driver info: io.appium.java_client.ios.IOSDriver
Capabilities [{app=/Users/hiteshbhardwaj/Desktop/Automation/app/LanguagesForIOS/Hindi/hindi.ipa, networkConnectionEnabled=false, warnings={}, appiumVersion=1.4.13, databaseEnabled=false, deviceName=Rahul's iPad (9.3.5), platform=UNIX, desired={app=/Users/hiteshbhardwaj/Desktop/Automation/app/LanguagesForIOS/Hindi/hindi.ipa, appiumVersion=1.4.13, platformVersion=9.3, automationName=Appium, udid=84974ee52e47314f4e50b296df4610e953edc63f, platformName=iOS, deviceName=Rahul's iPad (9.3.5), platform=IOS}, platformVersion=9.3, webStorageEnabled=false, locationContextEnabled=false, automationName=Appium, browserName=iOS, takesScreenshot=true, javascriptEnabled=true, udid=84974ee52e47314f4e50b296df4610e953edc63f, platformName=iOS}]
Session ID: b4e861d2-eb3c-4f82-9f6a-1984333a3d19
	at org.openqa.selenium.support.ui.WebDriverWait.timeoutException(WebDriverWait.java:80)
	at org.openqa.selenium.support.ui.FluentWait.until(FluentWait.java:261)
	at com.eduven.utils.Reusables.waitForElement(Reusables.java:65)
	at com.eduven.modules.EvMenu.navigateToEvMenuPage(EvMenu.java:86)
	at com.eduven.modules.EvMenu.navigateToSettingPage(EvMenu.java:125)
	at com.eduven.modules.EvMenu.navigateToCategorySetting(EvMenu.java:164)
	at com.eduven.testcase.EvMenuPageTestCases.categorySettingPageTest(EvMenuPageTestCases.java:92)
	at sun.reflect.NativeMethodAccessorImpl.invoke0(Native Method)
	at sun.reflect.NativeMethodAccessorImpl.invoke(NativeMethodAccessorImpl.java:62)
	at sun.reflect.DelegatingMethodAccessorImpl.invoke(DelegatingMethodAccessorImpl.java:43)
	at java.lang.reflect.Method.invoke(Method.java:498)
	at org.testng.internal.MethodInvocationHelper.invokeMethod(MethodInvocationHelper.java:85)
	at org.testng.internal.Invoker.invokeMethod(Invoker.java:639)
	at org.testng.internal.Invoker.invokeTestMethod(Invoker.java:816)
	at org.testng.internal.Invoker.invokeTestMethods(Invoker.java:1124)
	at org.testng.internal.TestMethodWorker.invokeTestMethods(TestMethodWorker.java:125)
	at org.testng.internal.TestMethodWorker.run(TestMethodWorker.java:108)
	at org.testng.TestRunner.privateRun(TestRunner.java:774)
	at org.testng.TestRunner.run(TestRunner.java:624)
	at org.testng.SuiteRunner.runTest(SuiteRunner.java:359)
	at org.testng.SuiteRunner.runSequentially(SuiteRunner.java:354)
	at org.testng.SuiteRunner.privateRun(SuiteRunner.java:312)
	at org.testng.SuiteRunner.run(SuiteRunner.java:261)
	at org.testng.SuiteRunnerWorker.runSuite(SuiteRunnerWorker.java:52)
	at org.testng.SuiteRunnerWorker.run(SuiteRunnerWorker.java:86)
	at org.testng.TestNG.runSuitesSequentially(TestNG.java:1215)
	at org.testng.TestNG.runSuitesLocally(TestNG.java:1140)
	at org.testng.TestNG.run(TestNG.java:1048)
	at com.eduven.utils.RunTestng.main(RunTestng.java:58)
Caused by: org.openqa.selenium.NoSuchElementException: An element could not be located on the page using the given search parameters. (WARNING: The server did not provide any stacktrace information)
Command duration or timeout: 31.16 seconds
For documentation on this error, please visit: http://seleniumhq.org/exceptions/no_such_element.html
Build info: version: '2.51.0', revision: '1af067d', time: '2016-02-05 19:11:55'
System info: host: 'Hitesh-Mac-Mini.local', ip: '10.30.30.97', os.name: 'Mac OS X', os.arch: 'x86_64', os.version: '10.11.6', java.version: '1.8.0_74'
Driver info: io.appium.java_client.ios.IOSDriver
Capabilities [{app=/Users/hiteshbhardwaj/Desktop/Automation/app/LanguagesForIOS/Hindi/hindi.ipa, networkConnectionEnabled=false, warnings={}, appiumVersion=1.4.13, databaseEnabled=false, deviceName=Rahul's iPad (9.3.5), platform=UNIX, desired={app=/Users/hiteshbhardwaj/Desktop/Automation/app/LanguagesForIOS/Hindi/hindi.ipa, appiumVersion=1.4.13, platformVersion=9.3, automationName=Appium, udid=84974ee52e47314f4e50b296df4610e953edc63f, platformName=iOS, deviceName=Rahul's iPad (9.3.5), platform=IOS}, platformVersion=9.3, webStorageEnabled=false, locationContextEnabled=false, automationName=Appium, browserName=iOS, takesScreenshot=true, javascriptEnabled=true, udid=84974ee52e47314f4e50b296df4610e953edc63f, platformName=iOS}]
Session ID: b4e861d2-eb3c-4f82-9f6a-1984333a3d19
*** Element info: {Using=id, value=neweduventurelogo}
	at sun.reflect.GeneratedConstructorAccessor51.newInstance(Unknown Source)
	at sun.reflect.DelegatingConstructorAccessorImpl.newInstance(DelegatingConstructorAccessorImpl.java:45)
	at java.lang.reflect.Constructor.newInstance(Constructor.java:423)
	at org.openqa.selenium.remote.ErrorHandler.createThrowable(ErrorHandler.java:206)
	at org.openqa.selenium.remote.ErrorHandler.throwIfResponseFailed(ErrorHandler.java:158)
	at org.openqa.selenium.remote.RemoteWebDriver.execute(RemoteWebDriver.java:678)
	at io.appium.java_client.DefaultGenericMobileDriver.execute(DefaultGenericMobileDriver.java:43)
	at io.appium.java_client.AppiumDriver.execute(AppiumDriver.java:1)
	at io.appium.java_client.ios.IOSDriver.execute(IOSDriver.java:1)
	at org.openqa.selenium.remote.RemoteWebDriver.findElement(RemoteWebDriver.java:363)
	at org.openqa.selenium.remote.RemoteWebDriver.findElementById(RemoteWebDriver.java:413)
	at io.appium.java_client.DefaultGenericMobileDriver.findElementById(DefaultGenericMobileDriver.java:59)
	at io.appium.java_client.AppiumDriver.findElementById(AppiumDriver.java:1)
	at io.appium.java_client.ios.IOSDriver.findElementById(IOSDriver.java:1)
	at org.openqa.selenium.By$ById.findElement(By.java:218)
	at org.openqa.selenium.remote.RemoteWebDriver.findElement(RemoteWebDriver.java:355)
	at io.appium.java_client.DefaultGenericMobileDriver.findElement(DefaultGenericMobileDriver.java:51)
	at io.appium.java_client.AppiumDriver.findElement(AppiumDriver.java:1)
	at io.appium.java_client.ios.IOSDriver.findElement(IOSDriver.java:1)
	at org.openqa.selenium.support.ui.ExpectedConditions.findElement(ExpectedConditions.java:911)
	at org.openqa.selenium.support.ui.ExpectedConditions.access$0(ExpectedConditions.java:909)
	at org.openqa.selenium.support.ui.ExpectedConditions$7.apply(ExpectedConditions.java:205)
	at org.openqa.selenium.support.ui.ExpectedConditions$7.apply(ExpectedConditions.java:1)
	at org.openqa.selenium.support.ui.FluentWait.until(FluentWait.java:238)
	... 27 more
]]>
    </failure>
  </testcase> <!-- categorySettingPageTest -->
  <testcase name="wordOfTheDayTest" time="158.187" classname="com.eduven.testcase.EvMenuPageTestCases"/>
  <testcase name="getInTouchPageTest" time="45.767" classname="com.eduven.testcase.EvMenuPageTestCases"/>
  <testcase name="dislcaimerPageTest" time="49.441" classname="com.eduven.testcase.EvMenuPageTestCases"/>
  <testcase name="faqsPageTest" time="49.922" classname="com.eduven.testcase.EvMenuPageTestCases"/>
  <testcase name="termAndConditionPageTest" time="50.336" classname="com.eduven.testcase.EvMenuPageTestCases"/>
  <testcase name="privacyPolicyPageTest" time="50.411" classname="com.eduven.testcase.EvMenuPageTestCases"/>
  <testcase name="selectAllCategoryInCategorySettingPageTest" time="130.878" classname="com.eduven.testcase.EvMenuPageTestCases">
    <failure type="org.openqa.selenium.TimeoutException" message="Timed out after 60 seconds waiting for visibility of element located by By.id: Save
Build info: version: &amp;apos;2.51.0&amp;apos;, revision: &amp;apos;1af067d&amp;apos;, time: &amp;apos;2016-02-05 19:11:55&amp;apos;
System info: host: &amp;apos;Hitesh-Mac-Mini.local&amp;apos;, ip: &amp;apos;10.30.30.97&amp;apos;, os.name: &amp;apos;Mac OS X&amp;apos;, os.arch: &amp;apos;x86_64&amp;apos;, os.version: &amp;apos;10.11.6&amp;apos;, java.version: &amp;apos;1.8.0_74&amp;apos;
Driver info: io.appium.java_client.ios.IOSDriver
Capabilities [{app=/Users/hiteshbhardwaj/Desktop/Automation/app/LanguagesForIOS/Hindi/hindi.ipa, networkConnectionEnabled=false, warnings={}, appiumVersion=1.4.13, databaseEnabled=false, deviceName=Rahul&amp;apos;s iPad (9.3.5), platform=UNIX, desired={app=/Users/hiteshbhardwaj/Desktop/Automation/app/LanguagesForIOS/Hindi/hindi.ipa, appiumVersion=1.4.13, platformVersion=9.3, automationName=Appium, udid=84974ee52e47314f4e50b296df4610e953edc63f, platformName=iOS, deviceName=Rahul&amp;apos;s iPad (9.3.5), platform=IOS}, platformVersion=9.3, webStorageEnabled=false, locationContextEnabled=false, automationName=Appium, browserName=iOS, takesScreenshot=true, javascriptEnabled=true, udid=84974ee52e47314f4e50b296df4610e953edc63f, platformName=iOS}]
Session ID: b4e861d2-eb3c-4f82-9f6a-1984333a3d19">
      <![CDATA[org.openqa.selenium.TimeoutException: Timed out after 60 seconds waiting for visibility of element located by By.id: Save
Build info: version: '2.51.0', revision: '1af067d', time: '2016-02-05 19:11:55'
System info: host: 'Hitesh-Mac-Mini.local', ip: '10.30.30.97', os.name: 'Mac OS X', os.arch: 'x86_64', os.version: '10.11.6', java.version: '1.8.0_74'
Driver info: io.appium.java_client.ios.IOSDriver
Capabilities [{app=/Users/hiteshbhardwaj/Desktop/Automation/app/LanguagesForIOS/Hindi/hindi.ipa, networkConnectionEnabled=false, warnings={}, appiumVersion=1.4.13, databaseEnabled=false, deviceName=Rahul's iPad (9.3.5), platform=UNIX, desired={app=/Users/hiteshbhardwaj/Desktop/Automation/app/LanguagesForIOS/Hindi/hindi.ipa, appiumVersion=1.4.13, platformVersion=9.3, automationName=Appium, udid=84974ee52e47314f4e50b296df4610e953edc63f, platformName=iOS, deviceName=Rahul's iPad (9.3.5), platform=IOS}, platformVersion=9.3, webStorageEnabled=false, locationContextEnabled=false, automationName=Appium, browserName=iOS, takesScreenshot=true, javascriptEnabled=true, udid=84974ee52e47314f4e50b296df4610e953edc63f, platformName=iOS}]
Session ID: b4e861d2-eb3c-4f82-9f6a-1984333a3d19
	at org.openqa.selenium.support.ui.WebDriverWait.timeoutException(WebDriverWait.java:80)
	at org.openqa.selenium.support.ui.FluentWait.until(FluentWait.java:261)
	at com.eduven.utils.Reusables.waitForElement(Reusables.java:65)
	at com.eduven.modules.EvMenu.submitSelectCategory(EvMenu.java:220)
	at com.eduven.testcase.EvMenuPageTestCases.selectAllCategoryInCategorySettingPageTest(EvMenuPageTestCases.java:145)
	at sun.reflect.NativeMethodAccessorImpl.invoke0(Native Method)
	at sun.reflect.NativeMethodAccessorImpl.invoke(NativeMethodAccessorImpl.java:62)
	at sun.reflect.DelegatingMethodAccessorImpl.invoke(DelegatingMethodAccessorImpl.java:43)
	at java.lang.reflect.Method.invoke(Method.java:498)
	at org.testng.internal.MethodInvocationHelper.invokeMethod(MethodInvocationHelper.java:85)
	at org.testng.internal.Invoker.invokeMethod(Invoker.java:639)
	at org.testng.internal.Invoker.invokeTestMethod(Invoker.java:816)
	at org.testng.internal.Invoker.invokeTestMethods(Invoker.java:1124)
	at org.testng.internal.TestMethodWorker.invokeTestMethods(TestMethodWorker.java:125)
	at org.testng.internal.TestMethodWorker.run(TestMethodWorker.java:108)
	at org.testng.TestRunner.privateRun(TestRunner.java:774)
	at org.testng.TestRunner.run(TestRunner.java:624)
	at org.testng.SuiteRunner.runTest(SuiteRunner.java:359)
	at org.testng.SuiteRunner.runSequentially(SuiteRunner.java:354)
	at org.testng.SuiteRunner.privateRun(SuiteRunner.java:312)
	at org.testng.SuiteRunner.run(SuiteRunner.java:261)
	at org.testng.SuiteRunnerWorker.runSuite(SuiteRunnerWorker.java:52)
	at org.testng.SuiteRunnerWorker.run(SuiteRunnerWorker.java:86)
	at org.testng.TestNG.runSuitesSequentially(TestNG.java:1215)
	at org.testng.TestNG.runSuitesLocally(TestNG.java:1140)
	at org.testng.TestNG.run(TestNG.java:1048)
	at com.eduven.utils.RunTestng.main(RunTestng.java:58)
Caused by: org.openqa.selenium.NoSuchElementException: An element could not be located on the page using the given search parameters. (WARNING: The server did not provide any stacktrace information)
Command duration or timeout: 36.20 seconds
For documentation on this error, please visit: http://seleniumhq.org/exceptions/no_such_element.html
Build info: version: '2.51.0', revision: '1af067d', time: '2016-02-05 19:11:55'
System info: host: 'Hitesh-Mac-Mini.local', ip: '10.30.30.97', os.name: 'Mac OS X', os.arch: 'x86_64', os.version: '10.11.6', java.version: '1.8.0_74'
Driver info: io.appium.java_client.ios.IOSDriver
Capabilities [{app=/Users/hiteshbhardwaj/Desktop/Automation/app/LanguagesForIOS/Hindi/hindi.ipa, networkConnectionEnabled=false, warnings={}, appiumVersion=1.4.13, databaseEnabled=false, deviceName=Rahul's iPad (9.3.5), platform=UNIX, desired={app=/Users/hiteshbhardwaj/Desktop/Automation/app/LanguagesForIOS/Hindi/hindi.ipa, appiumVersion=1.4.13, platformVersion=9.3, automationName=Appium, udid=84974ee52e47314f4e50b296df4610e953edc63f, platformName=iOS, deviceName=Rahul's iPad (9.3.5), platform=IOS}, platformVersion=9.3, webStorageEnabled=false, locationContextEnabled=false, automationName=Appium, browserName=iOS, takesScreenshot=true, javascriptEnabled=true, udid=84974ee52e47314f4e50b296df4610e953edc63f, platformName=iOS}]
Session ID: b4e861d2-eb3c-4f82-9f6a-1984333a3d19
*** Element info: {Using=id, value=Save}
	at sun.reflect.GeneratedConstructorAccessor51.newInstance(Unknown Source)
	at sun.reflect.DelegatingConstructorAccessorImpl.newInstance(DelegatingConstructorAccessorImpl.java:45)
	at java.lang.reflect.Constructor.newInstance(Constructor.java:423)
	at org.openqa.selenium.remote.ErrorHandler.createThrowable(ErrorHandler.java:206)
	at org.openqa.selenium.remote.ErrorHandler.throwIfResponseFailed(ErrorHandler.java:158)
	at org.openqa.selenium.remote.RemoteWebDriver.execute(RemoteWebDriver.java:678)
	at io.appium.java_client.DefaultGenericMobileDriver.execute(DefaultGenericMobileDriver.java:43)
	at io.appium.java_client.AppiumDriver.execute(AppiumDriver.java:1)
	at io.appium.java_client.ios.IOSDriver.execute(IOSDriver.java:1)
	at org.openqa.selenium.remote.RemoteWebDriver.findElement(RemoteWebDriver.java:363)
	at org.openqa.selenium.remote.RemoteWebDriver.findElementById(RemoteWebDriver.java:413)
	at io.appium.java_client.DefaultGenericMobileDriver.findElementById(DefaultGenericMobileDriver.java:59)
	at io.appium.java_client.AppiumDriver.findElementById(AppiumDriver.java:1)
	at io.appium.java_client.ios.IOSDriver.findElementById(IOSDriver.java:1)
	at org.openqa.selenium.By$ById.findElement(By.java:218)
	at org.openqa.selenium.remote.RemoteWebDriver.findElement(RemoteWebDriver.java:355)
	at io.appium.java_client.DefaultGenericMobileDriver.findElement(DefaultGenericMobileDriver.java:51)
	at io.appium.java_client.AppiumDriver.findElement(AppiumDriver.java:1)
	at io.appium.java_client.ios.IOSDriver.findElement(IOSDriver.java:1)
	at org.openqa.selenium.support.ui.ExpectedConditions.findElement(ExpectedConditions.java:911)
	at org.openqa.selenium.support.ui.ExpectedConditions.access$0(ExpectedConditions.java:909)
	at org.openqa.selenium.support.ui.ExpectedConditions$7.apply(ExpectedConditions.java:205)
	at org.openqa.selenium.support.ui.ExpectedConditions$7.apply(ExpectedConditions.java:1)
	at org.openqa.selenium.support.ui.FluentWait.until(FluentWait.java:238)
	... 25 more
]]>
    </failure>
  </testcase> <!-- selectAllCategoryInCategorySettingPageTest -->
  <testcase name="selectAllCategoryInWordOffTheDayPageTest" time="73.135" classname="com.eduven.testcase.EvMenuPageTestCases">
    <failure type="org.openqa.selenium.TimeoutException" message="Timed out after 60 seconds waiting for visibility of element located by By.id: neweduventurelogo
Build info: version: &amp;apos;2.51.0&amp;apos;, revision: &amp;apos;1af067d&amp;apos;, time: &amp;apos;2016-02-05 19:11:55&amp;apos;
System info: host: &amp;apos;Hitesh-Mac-Mini.local&amp;apos;, ip: &amp;apos;10.30.30.97&amp;apos;, os.name: &amp;apos;Mac OS X&amp;apos;, os.arch: &amp;apos;x86_64&amp;apos;, os.version: &amp;apos;10.11.6&amp;apos;, java.version: &amp;apos;1.8.0_74&amp;apos;
Driver info: io.appium.java_client.ios.IOSDriver
Capabilities [{app=/Users/hiteshbhardwaj/Desktop/Automation/app/LanguagesForIOS/Hindi/hindi.ipa, networkConnectionEnabled=false, warnings={}, appiumVersion=1.4.13, databaseEnabled=false, deviceName=Rahul&amp;apos;s iPad (9.3.5), platform=UNIX, desired={app=/Users/hiteshbhardwaj/Desktop/Automation/app/LanguagesForIOS/Hindi/hindi.ipa, appiumVersion=1.4.13, platformVersion=9.3, automationName=Appium, udid=84974ee52e47314f4e50b296df4610e953edc63f, platformName=iOS, deviceName=Rahul&amp;apos;s iPad (9.3.5), platform=IOS}, platformVersion=9.3, webStorageEnabled=false, locationContextEnabled=false, automationName=Appium, browserName=iOS, takesScreenshot=true, javascriptEnabled=true, udid=84974ee52e47314f4e50b296df4610e953edc63f, platformName=iOS}]
Session ID: b4e861d2-eb3c-4f82-9f6a-1984333a3d19">
      <![CDATA[org.openqa.selenium.TimeoutException: Timed out after 60 seconds waiting for visibility of element located by By.id: neweduventurelogo
Build info: version: '2.51.0', revision: '1af067d', time: '2016-02-05 19:11:55'
System info: host: 'Hitesh-Mac-Mini.local', ip: '10.30.30.97', os.name: 'Mac OS X', os.arch: 'x86_64', os.version: '10.11.6', java.version: '1.8.0_74'
Driver info: io.appium.java_client.ios.IOSDriver
Capabilities [{app=/Users/hiteshbhardwaj/Desktop/Automation/app/LanguagesForIOS/Hindi/hindi.ipa, networkConnectionEnabled=false, warnings={}, appiumVersion=1.4.13, databaseEnabled=false, deviceName=Rahul's iPad (9.3.5), platform=UNIX, desired={app=/Users/hiteshbhardwaj/Desktop/Automation/app/LanguagesForIOS/Hindi/hindi.ipa, appiumVersion=1.4.13, platformVersion=9.3, automationName=Appium, udid=84974ee52e47314f4e50b296df4610e953edc63f, platformName=iOS, deviceName=Rahul's iPad (9.3.5), platform=IOS}, platformVersion=9.3, webStorageEnabled=false, locationContextEnabled=false, automationName=Appium, browserName=iOS, takesScreenshot=true, javascriptEnabled=true, udid=84974ee52e47314f4e50b296df4610e953edc63f, platformName=iOS}]
Session ID: b4e861d2-eb3c-4f82-9f6a-1984333a3d19
	at org.openqa.selenium.support.ui.WebDriverWait.timeoutException(WebDriverWait.java:80)
	at org.openqa.selenium.support.ui.FluentWait.until(FluentWait.java:261)
	at com.eduven.utils.Reusables.waitForElement(Reusables.java:65)
	at com.eduven.modules.EvMenu.navigateToEvMenuPage(EvMenu.java:86)
	at com.eduven.modules.EvMenu.navigateToSettingPage(EvMenu.java:125)
	at com.eduven.modules.EvMenu.navigateToWordOfTheDay(EvMenu.java:236)
	at com.eduven.testcase.EvMenuPageTestCases.selectAllCategoryInWordOffTheDayPageTest(EvMenuPageTestCases.java:151)
	at sun.reflect.NativeMethodAccessorImpl.invoke0(Native Method)
	at sun.reflect.NativeMethodAccessorImpl.invoke(NativeMethodAccessorImpl.java:62)
	at sun.reflect.DelegatingMethodAccessorImpl.invoke(DelegatingMethodAccessorImpl.java:43)
	at java.lang.reflect.Method.invoke(Method.java:498)
	at org.testng.internal.MethodInvocationHelper.invokeMethod(MethodInvocationHelper.java:85)
	at org.testng.internal.Invoker.invokeMethod(Invoker.java:639)
	at org.testng.internal.Invoker.invokeTestMethod(Invoker.java:816)
	at org.testng.internal.Invoker.invokeTestMethods(Invoker.java:1124)
	at org.testng.internal.TestMethodWorker.invokeTestMethods(TestMethodWorker.java:125)
	at org.testng.internal.TestMethodWorker.run(TestMethodWorker.java:108)
	at org.testng.TestRunner.privateRun(TestRunner.java:774)
	at org.testng.TestRunner.run(TestRunner.java:624)
	at org.testng.SuiteRunner.runTest(SuiteRunner.java:359)
	at org.testng.SuiteRunner.runSequentially(SuiteRunner.java:354)
	at org.testng.SuiteRunner.privateRun(SuiteRunner.java:312)
	at org.testng.SuiteRunner.run(SuiteRunner.java:261)
	at org.testng.SuiteRunnerWorker.runSuite(SuiteRunnerWorker.java:52)
	at org.testng.SuiteRunnerWorker.run(SuiteRunnerWorker.java:86)
	at org.testng.TestNG.runSuitesSequentially(TestNG.java:1215)
	at org.testng.TestNG.runSuitesLocally(TestNG.java:1140)
	at org.testng.TestNG.run(TestNG.java:1048)
	at com.eduven.utils.RunTestng.main(RunTestng.java:58)
Caused by: org.openqa.selenium.NoSuchElementException: An element could not be located on the page using the given search parameters. (WARNING: The server did not provide any stacktrace information)
Command duration or timeout: 36.01 seconds
For documentation on this error, please visit: http://seleniumhq.org/exceptions/no_such_element.html
Build info: version: '2.51.0', revision: '1af067d', time: '2016-02-05 19:11:55'
System info: host: 'Hitesh-Mac-Mini.local', ip: '10.30.30.97', os.name: 'Mac OS X', os.arch: 'x86_64', os.version: '10.11.6', java.version: '1.8.0_74'
Driver info: io.appium.java_client.ios.IOSDriver
Capabilities [{app=/Users/hiteshbhardwaj/Desktop/Automation/app/LanguagesForIOS/Hindi/hindi.ipa, networkConnectionEnabled=false, warnings={}, appiumVersion=1.4.13, databaseEnabled=false, deviceName=Rahul's iPad (9.3.5), platform=UNIX, desired={app=/Users/hiteshbhardwaj/Desktop/Automation/app/LanguagesForIOS/Hindi/hindi.ipa, appiumVersion=1.4.13, platformVersion=9.3, automationName=Appium, udid=84974ee52e47314f4e50b296df4610e953edc63f, platformName=iOS, deviceName=Rahul's iPad (9.3.5), platform=IOS}, platformVersion=9.3, webStorageEnabled=false, locationContextEnabled=false, automationName=Appium, browserName=iOS, takesScreenshot=true, javascriptEnabled=true, udid=84974ee52e47314f4e50b296df4610e953edc63f, platformName=iOS}]
Session ID: b4e861d2-eb3c-4f82-9f6a-1984333a3d19
*** Element info: {Using=id, value=neweduventurelogo}
	at sun.reflect.GeneratedConstructorAccessor51.newInstance(Unknown Source)
	at sun.reflect.DelegatingConstructorAccessorImpl.newInstance(DelegatingConstructorAccessorImpl.java:45)
	at java.lang.reflect.Constructor.newInstance(Constructor.java:423)
	at org.openqa.selenium.remote.ErrorHandler.createThrowable(ErrorHandler.java:206)
	at org.openqa.selenium.remote.ErrorHandler.throwIfResponseFailed(ErrorHandler.java:158)
	at org.openqa.selenium.remote.RemoteWebDriver.execute(RemoteWebDriver.java:678)
	at io.appium.java_client.DefaultGenericMobileDriver.execute(DefaultGenericMobileDriver.java:43)
	at io.appium.java_client.AppiumDriver.execute(AppiumDriver.java:1)
	at io.appium.java_client.ios.IOSDriver.execute(IOSDriver.java:1)
	at org.openqa.selenium.remote.RemoteWebDriver.findElement(RemoteWebDriver.java:363)
	at org.openqa.selenium.remote.RemoteWebDriver.findElementById(RemoteWebDriver.java:413)
	at io.appium.java_client.DefaultGenericMobileDriver.findElementById(DefaultGenericMobileDriver.java:59)
	at io.appium.java_client.AppiumDriver.findElementById(AppiumDriver.java:1)
	at io.appium.java_client.ios.IOSDriver.findElementById(IOSDriver.java:1)
	at org.openqa.selenium.By$ById.findElement(By.java:218)
	at org.openqa.selenium.remote.RemoteWebDriver.findElement(RemoteWebDriver.java:355)
	at io.appium.java_client.DefaultGenericMobileDriver.findElement(DefaultGenericMobileDriver.java:51)
	at io.appium.java_client.AppiumDriver.findElement(AppiumDriver.java:1)
	at io.appium.java_client.ios.IOSDriver.findElement(IOSDriver.java:1)
	at org.openqa.selenium.support.ui.ExpectedConditions.findElement(ExpectedConditions.java:911)
	at org.openqa.selenium.support.ui.ExpectedConditions.access$0(ExpectedConditions.java:909)
	at org.openqa.selenium.support.ui.ExpectedConditions$7.apply(ExpectedConditions.java:205)
	at org.openqa.selenium.support.ui.ExpectedConditions$7.apply(ExpectedConditions.java:1)
	at org.openqa.selenium.support.ui.FluentWait.until(FluentWait.java:238)
	... 27 more
]]>
    </failure>
  </testcase> <!-- selectAllCategoryInWordOffTheDayPageTest -->
  <testcase name="rateThisAppTest" time="0.0" classname="com.eduven.testcase.EvMenuPageTestCases"/>
  <testcase name="handling_rate_app_popup_test" time="63.977" classname="com.eduven.testcase.TermListPageTestCases"/>
  <testcase name="install_app_and_language_selection_test" time="105.634" classname="com.eduven.testcase.TermListPageTestCases"/>
  <testcase name="navigate_to_termlist_page_test" time="62.932" classname="com.eduven.testcase.TermListPageTestCases"/>
  <testcase name="verify_terms_name_on_termlist_page_test" time="134.07" classname="com.eduven.testcase.TermListPageTestCases"/>
  <testcase name="verify_unlock_term_name_test" time="54.365" classname="com.eduven.testcase.TermListPageTestCases"/>
  <testcase name="verify_lock_term_name_test" time="103.686" classname="com.eduven.testcase.TermListPageTestCases"/>
  <testcase name="navigate_to_edit_term_page_test" time="88.279" classname="com.eduven.testcase.TermListPageTestCases"/>
  <testcase name="verify_contribute_page_without_text_test" time="22.69" classname="com.eduven.testcase.TermListPageTestCases"/>
  <testcase name="verify_contribute_page_with_word_test" time="41.723" classname="com.eduven.testcase.TermListPageTestCases"/>
  <testcase name="handling_rate_app_popup_test" time="63.684" classname="com.eduven.testcase.QuickListPageTestCases"/>
  <testcase name="install_app_and_language_selection_test" time="112.579" classname="com.eduven.testcase.QuickListPageTestCases"/>
  <testcase name="navigate_to_quick_list_test" time="22.682" classname="com.eduven.testcase.QuickListPageTestCases"/>
  <testcase name="verify_quick_list_headertxt_test" time="6.297" classname="com.eduven.testcase.QuickListPageTestCases"/>
  <testcase name="verify_quick_list_category_test" time="25.936" classname="com.eduven.testcase.QuickListPageTestCases"/>
  <testcase name="navigate_to_quick_list_term_test" time="27.204" classname="com.eduven.testcase.QuickListPageTestCases"/>
  <testcase name="verify_terms_name_on_termlist_page_test" time="73.65" classname="com.eduven.testcase.QuickListPageTestCases"/>
  <testcase name="verify_unlock_term_name_test" time="61.01" classname="com.eduven.testcase.QuickListPageTestCases"/>
  <testcase name="verify_lock_term_name_test" time="69.532" classname="com.eduven.testcase.QuickListPageTestCases"/>
  <testcase name="handlingRateTheAppPopupTest" time="63.707" classname="com.eduven.testcase.AutoPlayPageTestCases"/>
  <testcase name="languageSelectionTest" time="112.501" classname="com.eduven.testcase.AutoPlayPageTestCases"/>
  <testcase name="verifyCategoryHeaderTxt" time="2.07" classname="com.eduven.testcase.AutoPlayPageTestCases"/>
  <testcase name="selectRandomCategoryTest" time="66.928" classname="com.eduven.testcase.AutoPlayPageTestCases"/>
  <testcase name="verifyAutoPlayButtonTest" time="21.904" classname="com.eduven.testcase.AutoPlayPageTestCases"/>
  <testcase name="increaseDealayTimeTest" time="5.614" classname="com.eduven.testcase.AutoPlayPageTestCases"/>
  <testcase name="autoPlayButtonForPlayButtonTest" time="15.812" classname="com.eduven.testcase.AutoPlayPageTestCases"/>
  <testcase name="verify_auto_play_works_test" time="0.0" classname="com.eduven.testcase.AutoPlayPageTestCases"/>
  <testcase name="handling_rate_app_popup_test" time="63.65" classname="com.eduven.testcase.PurchaseTestCases"/>
  <testcase name="install_app_and_language_selection_test" time="113.001" classname="com.eduven.testcase.PurchaseTestCases"/>
  <testcase name="verify_lock_term_before_purchase_test" time="99.721" classname="com.eduven.testcase.PurchaseTestCases"/>
  <testcase name="navigate_to_buy_test" time="31.216" classname="com.eduven.testcase.PurchaseTestCases"/>
  <testcase name="buy_app_purchase_test" time="263.768" classname="com.eduven.testcase.PurchaseTestCases"/>
  <testcase name="verify_purchase_btn_after_purchase" time="5.473" classname="com.eduven.testcase.PurchaseTestCases"/>
  <testcase name="verify_lock_term_appear_as_unlock_term_test" time="142.681" classname="com.eduven.testcase.PurchaseTestCases"/>
  <testcase name="handlingRateAppPopupTest" time="65.148" classname="com.eduven.testcase.SwitchLanguagePageTestCases"/>
  <testcase name="installAppAndLanguageSelectionTest" time="109.66" classname="com.eduven.testcase.SwitchLanguagePageTestCases"/>
  <testcase name="navigateToSswitchLingoPageTest" time="35.366" classname="com.eduven.testcase.SwitchLanguagePageTestCases"/>
  <testcase name="switch_lingo_change_base_language_test" time="43.357" classname="com.eduven.testcase.SwitchLanguagePageTestCases"/>
  <testcase name="purchase_native_langugae_test" time="264.512" classname="com.eduven.testcase.SwitchLanguagePageTestCases"/>
  <testcase name="language_selection_test" time="45.48" classname="com.eduven.testcase.SwitchLanguagePageTestCases"/>
  <testcase name="verify_category_list_after_base_language_change_test" time="14.17" classname="com.eduven.testcase.SwitchLanguagePageTestCases">
    <failure type="java.lang.AssertionError" message="Error Message!! Actual and Expected category term count not matched. expected [0] but found [24]">
      <![CDATA[java.lang.AssertionError: Error Message!! Actual and Expected category term count not matched. expected [0] but found [24]
	at org.testng.Assert.fail(Assert.java:94)
	at org.testng.Assert.failNotEquals(Assert.java:496)
	at org.testng.Assert.assertEquals(Assert.java:125)
	at org.testng.Assert.assertEquals(Assert.java:178)
	at com.eduven.utils.Reusables.verifyEqualMessage(Reusables.java:435)
	at com.eduven.modules.Categories.verifyCategoryListAndTermCount(Categories.java:116)
	at com.eduven.testcase.SwitchLanguagePageTestCases.verify_category_list_after_base_language_change_test(SwitchLanguagePageTestCases.java:66)
	at sun.reflect.NativeMethodAccessorImpl.invoke0(Native Method)
	at sun.reflect.NativeMethodAccessorImpl.invoke(NativeMethodAccessorImpl.java:62)
	at sun.reflect.DelegatingMethodAccessorImpl.invoke(DelegatingMethodAccessorImpl.java:43)
	at java.lang.reflect.Method.invoke(Method.java:498)
	at org.testng.internal.MethodInvocationHelper.invokeMethod(MethodInvocationHelper.java:85)
	at org.testng.internal.Invoker.invokeMethod(Invoker.java:639)
	at org.testng.internal.Invoker.invokeTestMethod(Invoker.java:816)
	at org.testng.internal.Invoker.invokeTestMethods(Invoker.java:1124)
	at org.testng.internal.TestMethodWorker.invokeTestMethods(TestMethodWorker.java:125)
	at org.testng.internal.TestMethodWorker.run(TestMethodWorker.java:108)
	at org.testng.TestRunner.privateRun(TestRunner.java:774)
	at org.testng.TestRunner.run(TestRunner.java:624)
	at org.testng.SuiteRunner.runTest(SuiteRunner.java:359)
	at org.testng.SuiteRunner.runSequentially(SuiteRunner.java:354)
	at org.testng.SuiteRunner.privateRun(SuiteRunner.java:312)
	at org.testng.SuiteRunner.run(SuiteRunner.java:261)
	at org.testng.SuiteRunnerWorker.runSuite(SuiteRunnerWorker.java:52)
	at org.testng.SuiteRunnerWorker.run(SuiteRunnerWorker.java:86)
	at org.testng.TestNG.runSuitesSequentially(TestNG.java:1215)
	at org.testng.TestNG.runSuitesLocally(TestNG.java:1140)
	at org.testng.TestNG.run(TestNG.java:1048)
	at com.eduven.utils.RunTestng.main(RunTestng.java:58)
]]>
    </failure>
  </testcase> <!-- verify_category_list_after_base_language_change_test -->
  <testcase name="verify_term_header_and_term_name_list_test" time="34.103" classname="com.eduven.testcase.SwitchLanguagePageTestCases"/>
  <testcase name="navigate_to_quick_list_test" time="22.485" classname="com.eduven.testcase.SwitchLanguagePageTestCases"/>
  <testcase name="verify_quick_list_headertxt_test" time="6.122" classname="com.eduven.testcase.SwitchLanguagePageTestCases"/>
  <testcase name="verify_quick_list_category_test" time="25.876" classname="com.eduven.testcase.SwitchLanguagePageTestCases"/>
  <testcase name="navigate_to_quick_list_term_test" time="27.115" classname="com.eduven.testcase.SwitchLanguagePageTestCases"/>
  <testcase name="verify_terms_name_on_termlist_page_test" time="7.382" classname="com.eduven.testcase.SwitchLanguagePageTestCases"/>
</testsuite> <!-- Regression Testing Learn Hindi -->
