<html>
<head>
<title>TestNG:  Regression Testing Learn Afrikaans</title>
<link href="../testng.css" rel="stylesheet" type="text/css" />
<link href="../my-testng.css" rel="stylesheet" type="text/css" />

<style type="text/css">
.log { display: none;} 
.stack-trace { display: none;} 
</style>
<script type="text/javascript">
<!--
function flip(e) {
  current = e.style.display;
  if (current == 'block') {
    e.style.display = 'none';
    return 0;
  }
  else {
    e.style.display = 'block';
    return 1;
  }
}

function toggleBox(szDivId, elem, msg1, msg2)
{
  var res = -1;  if (document.getElementById) {
    res = flip(document.getElementById(szDivId));
  }
  else if (document.all) {
    // this is the way old msie versions work
    res = flip(document.all[szDivId]);
  }
  if(elem) {
    if(res == 0) elem.innerHTML = msg1; else elem.innerHTML = msg2;
  }

}

function toggleAllBoxes() {
  if (document.getElementsByTagName) {
    d = document.getElementsByTagName('div');
    for (i = 0; i < d.length; i++) {
      if (d[i].className == 'log') {
        flip(d[i]);
      }
    }
  }
}

// -->
</script>

</head>
<body>
<h2 align='center'>Regression Testing Learn Afrikaans</h2><table border='1' align="center">
<tr>
<td>Tests passed/Failed/Skipped:</td><td>97/4/0</td>
</tr><tr>
<td>Started on:</td><td>Fri Nov 04 13:41:13 IST 2016</td>
</tr>
<tr><td>Total time:</td><td>6015 seconds (6015420 ms)</td>
</tr><tr>
<td>Included groups:</td><td></td>
</tr><tr>
<td>Excluded groups:</td><td></td>
</tr>
</table><p/>
<small><i>(Hover the method name to see the test class name)</i></small><p/>
<table width='100%' border='1' class='invocation-failed'>
<tr><td colspan='4' align='center'><b>FAILED CONFIGURATIONS</b></td></tr>
<tr><td><b>Test method</b></td>
<td width="30%"><b>Exception</b></td>
<td width="10%"><b>Time (seconds)</b></td>
<td><b>Instance</b></td>
</tr>
<tr>
<td title='com.eduven.testcase.PurchaseTestCases.tearDown()'><b>tearDown</b><br>Test class: com.eduven.testcase.PurchaseTestCases</td>
<td><div><pre>java.lang.IllegalArgumentException: wrong number of arguments
	at sun.reflect.NativeMethodAccessorImpl.invoke0(Native Method)
	at sun.reflect.NativeMethodAccessorImpl.invoke(NativeMethodAccessorImpl.java:62)
	at sun.reflect.DelegatingMethodAccessorImpl.invoke(DelegatingMethodAccessorImpl.java:43)
	at java.lang.reflect.Method.invoke(Method.java:498)
	at org.testng.internal.MethodInvocationHelper.invokeMethod(MethodInvocationHelper.java:85)
	at org.testng.internal.Invoker.invokeConfigurationMethod(Invoker.java:510)
	at org.testng.internal.Invoker.invokeConfigurations(Invoker.java:211)
	at org.testng.internal.Invoker.invokeConfigurations(Invoker.java:138)
	at org.testng.TestRunner.afterRun(TestRunner.java:1023)
	at org.testng.TestRunner.run(TestRunner.java:628)
	at org.testng.SuiteRunner.runTest(SuiteRunner.java:359)
	at org.testng.SuiteRunner.runSequentially(SuiteRunner.java:354)
	at org.testng.SuiteRunner.privateRun(SuiteRunner.java:312)
	at org.testng.SuiteRunner.run(SuiteRunner.java:261)
	at org.testng.SuiteRunnerWorker.runSuite(SuiteRunnerWorker.java:52)
	at org.testng.SuiteRunnerWorker.run(SuiteRunnerWorker.java:86)
	at org.testng.TestNG.runSuitesSequentially(TestNG.java:1215)
	at org.testng.TestNG.runSuitesLocally(TestNG.java:1140)
	at org.testng.TestNG.run(TestNG.java:1048)
	at com.eduven.utils.RunTestng.main(RunTestng.java:58)
</pre></div><a href='#' onClick='toggleBox("stack-trace1971991758", this, "Click to show all stack frames", "Click to hide stack frames")'>Click to show all stack frames</a>
<div class='stack-trace' id='stack-trace1971991758'><pre>java.lang.IllegalArgumentException: wrong number of arguments
	at sun.reflect.NativeMethodAccessorImpl.invoke0(Native Method)
	at sun.reflect.NativeMethodAccessorImpl.invoke(NativeMethodAccessorImpl.java:62)
	at sun.reflect.DelegatingMethodAccessorImpl.invoke(DelegatingMethodAccessorImpl.java:43)
	at java.lang.reflect.Method.invoke(Method.java:498)
	at org.testng.internal.MethodInvocationHelper.invokeMethod(MethodInvocationHelper.java:85)
	at org.testng.internal.Invoker.invokeConfigurationMethod(Invoker.java:510)
	at org.testng.internal.Invoker.invokeConfigurations(Invoker.java:211)
	at org.testng.internal.Invoker.invokeConfigurations(Invoker.java:138)
	at org.testng.TestRunner.afterRun(TestRunner.java:1023)
	at org.testng.TestRunner.run(TestRunner.java:628)
	at org.testng.SuiteRunner.runTest(SuiteRunner.java:359)
	at org.testng.SuiteRunner.runSequentially(SuiteRunner.java:354)
	at org.testng.SuiteRunner.privateRun(SuiteRunner.java:312)
	at org.testng.SuiteRunner.run(SuiteRunner.java:261)
	at org.testng.SuiteRunnerWorker.runSuite(SuiteRunnerWorker.java:52)
	at org.testng.SuiteRunnerWorker.run(SuiteRunnerWorker.java:86)
	at org.testng.TestNG.runSuitesSequentially(TestNG.java:1215)
	at org.testng.TestNG.runSuitesLocally(TestNG.java:1140)
	at org.testng.TestNG.run(TestNG.java:1048)
	at com.eduven.utils.RunTestng.main(RunTestng.java:58)
</pre></div></td>
<td>0</td>
<td>null</td></tr>
</table><p>
<table width='100%' border='1' class='invocation-failed'>
<tr><td colspan='4' align='center'><b>FAILED TESTS</b></td></tr>
<tr><td><b>Test method</b></td>
<td width="30%"><b>Exception</b></td>
<td width="10%"><b>Time (seconds)</b></td>
<td><b>Instance</b></td>
</tr>
<tr>
<td title='com.eduven.testcase.SwitchLanguagePageTestCases.navigate_to_quick_list_term_test()'><b>navigate_to_quick_list_term_test</b><br>Test class: com.eduven.testcase.SwitchLanguagePageTestCases</td>
<td><div><pre>java.lang.IllegalArgumentException: bound must be positive
	at java.util.Random.nextInt(Random.java:388)
	at com.eduven.utils.Reusables.randomNumber(Reusables.java:486)
	at com.eduven.modules.QuickList.clickOnRandomQuickList(QuickList.java:102)
	at com.eduven.testcase.SwitchLanguagePageTestCases.navigate_to_quick_list_term_test(SwitchLanguagePageTestCases.java:95)
	at sun.reflect.NativeMethodAccessorImpl.invoke0(Native Method)
	at sun.reflect.NativeMethodAccessorImpl.invoke(NativeMethodAccessorImpl.java:62)
	at sun.reflect.DelegatingMethodAccessorImpl.invoke(DelegatingMethodAccessorImpl.java:43)
	at java.lang.reflect.Method.invoke(Method.java:498)
	at org.testng.internal.MethodInvocationHelper.invokeMethod(MethodInvocationHelper.java:85)
	at org.testng.internal.Invoker.invokeMethod(Invoker.java:639)
	at org.testng.internal.Invoker.invokeTestMethod(Invoker.java:816)
	at org.testng.internal.Invoker.invokeTestMethods(Invoker.java:1124)
	at org.testng.internal.TestMethodWorker.invokeTestMethods(TestMethodWorker.java:125)
	at org.testng.internal.TestMethodWorker.run(TestMethodWorker.java:108)
	at org.testng.TestRunner.privateRun(TestRunner.java:774)
	at org.testng.TestRunner.run(TestRunner.java:624)
	at org.testng.SuiteRunner.runTest(SuiteRunner.java:359)
	at org.testng.SuiteRunner.runSequentially(SuiteRunner.java:354)
	at org.testng.SuiteRunner.privateRun(SuiteRunner.java:312)
	at org.testng.SuiteRunner.run(SuiteRunner.java:261)
	at org.testng.SuiteRunnerWorker.runSuite(SuiteRunnerWorker.java:52)
	at org.testng.SuiteRunnerWorker.run(SuiteRunnerWorker.java:86)
	at org.testng.TestNG.runSuitesSequentially(TestNG.java:1215)
	at org.testng.TestNG.runSuitesLocally(TestNG.java:1140)
	at org.testng.TestNG.run(TestNG.java:1048)
	at com.eduven.utils.RunTestng.main(RunTestng.java:58)
</pre></div><a href='#' onClick='toggleBox("stack-trace334593716", this, "Click to show all stack frames", "Click to hide stack frames")'>Click to show all stack frames</a>
<div class='stack-trace' id='stack-trace334593716'><pre>java.lang.IllegalArgumentException: bound must be positive
	at java.util.Random.nextInt(Random.java:388)
	at com.eduven.utils.Reusables.randomNumber(Reusables.java:486)
	at com.eduven.modules.QuickList.clickOnRandomQuickList(QuickList.java:102)
	at com.eduven.testcase.SwitchLanguagePageTestCases.navigate_to_quick_list_term_test(SwitchLanguagePageTestCases.java:95)
	at sun.reflect.NativeMethodAccessorImpl.invoke0(Native Method)
	at sun.reflect.NativeMethodAccessorImpl.invoke(NativeMethodAccessorImpl.java:62)
	at sun.reflect.DelegatingMethodAccessorImpl.invoke(DelegatingMethodAccessorImpl.java:43)
	at java.lang.reflect.Method.invoke(Method.java:498)
	at org.testng.internal.MethodInvocationHelper.invokeMethod(MethodInvocationHelper.java:85)
	at org.testng.internal.Invoker.invokeMethod(Invoker.java:639)
	at org.testng.internal.Invoker.invokeTestMethod(Invoker.java:816)
	at org.testng.internal.Invoker.invokeTestMethods(Invoker.java:1124)
	at org.testng.internal.TestMethodWorker.invokeTestMethods(TestMethodWorker.java:125)
	at org.testng.internal.TestMethodWorker.run(TestMethodWorker.java:108)
	at org.testng.TestRunner.privateRun(TestRunner.java:774)
	at org.testng.TestRunner.run(TestRunner.java:624)
	at org.testng.SuiteRunner.runTest(SuiteRunner.java:359)
	at org.testng.SuiteRunner.runSequentially(SuiteRunner.java:354)
	at org.testng.SuiteRunner.privateRun(SuiteRunner.java:312)
	at org.testng.SuiteRunner.run(SuiteRunner.java:261)
	at org.testng.SuiteRunnerWorker.runSuite(SuiteRunnerWorker.java:52)
	at org.testng.SuiteRunnerWorker.run(SuiteRunnerWorker.java:86)
	at org.testng.TestNG.runSuitesSequentially(TestNG.java:1215)
	at org.testng.TestNG.runSuitesLocally(TestNG.java:1140)
	at org.testng.TestNG.run(TestNG.java:1048)
	at com.eduven.utils.RunTestng.main(RunTestng.java:58)
</pre></div></td>
<td>6</td>
<td>com.eduven.testcase.SwitchLanguagePageTestCases@40005471</td></tr>
<tr>
<td title='com.eduven.testcase.SearchPageTestCases.search_page_audio_test()'><b>search_page_audio_test</b><br>Test class: com.eduven.testcase.SearchPageTestCases</td>
<td><div><pre>org.openqa.selenium.WebDriverException: An unknown server-side error occurred while processing the command. (WARNING: The server did not provide any stacktrace information)
Command duration or timeout: 1.76 seconds
Build info: version: &apos;2.51.0&apos;, revision: &apos;1af067d&apos;, time: &apos;2016-02-05 19:11:55&apos;
System info: host: &apos;Hitesh-Mac-Mini.local&apos;, ip: &apos;10.30.30.97&apos;, os.name: &apos;Mac OS X&apos;, os.arch: &apos;x86_64&apos;, os.version: &apos;10.11.6&apos;, java.version: &apos;1.8.0_74&apos;
Driver info: io.appium.java_client.ios.IOSDriver
Capabilities [{app=/Users/hiteshbhardwaj/Desktop/Automation/app/LanguagesForIOS/Afrikaans/afrikaans.ipa, networkConnectionEnabled=false, warnings={}, appiumVersion=1.4.13, databaseEnabled=false, deviceName=Rahul&apos;s iPad (9.3.5), platform=UNIX, desired={app=/Users/hiteshbhardwaj/Desktop/Automation/app/LanguagesForIOS/Afrikaans/afrikaans.ipa, appiumVersion=1.4.13, platformVersion=9.3, automationName=Appium, udid=84974ee52e47314f4e50b296df4610e953edc63f, platformName=iOS, deviceName=Rahul&apos;s iPad (9.3.5), platform=IOS}, platformVersion=9.3, webStorageEnabled=false, locationContextEnabled=false, automationName=Appium, browserName=iOS, takesScreenshot=true, javascriptEnabled=true, udid=84974ee52e47314f4e50b296df4610e953edc63f, platformName=iOS}]
Session ID: c16424be-236e-4249-a75b-57b4e1936807
	at sun.reflect.NativeConstructorAccessorImpl.newInstance0(Native Method)
	at sun.reflect.NativeConstructorAccessorImpl.newInstance(NativeConstructorAccessorImpl.java:62)
	at sun.reflect.DelegatingConstructorAccessorImpl.newInstance(DelegatingConstructorAccessorImpl.java:45)
	at java.lang.reflect.Constructor.newInstance(Constructor.java:423)
	at org.openqa.selenium.remote.ErrorHandler.createThrowable(ErrorHandler.java:206)
	at org.openqa.selenium.remote.ErrorHandler.throwIfResponseFailed(ErrorHandler.java:158)
	at org.openqa.selenium.remote.RemoteWebDriver.execute(RemoteWebDriver.java:678)
	at io.appium.java_client.DefaultGenericMobileDriver.execute(DefaultGenericMobileDriver.java:43)
	at io.appium.java_client.AppiumDriver.execute(AppiumDriver.java:216)
	at org.openqa.selenium.remote.RemoteWebDriver$RemoteNavigation.back(RemoteWebDriver.java:961)
	at com.eduven.utils.Reusables.stepBack(Reusables.java:241)
	at com.eduven.testcase.SearchPageTestCases.search_page_audio_test(SearchPageTestCases.java:58)
	at sun.reflect.NativeMethodAccessorImpl.invoke0(Native Method)
	at sun.reflect.NativeMethodAccessorImpl.invoke(NativeMethodAccessorImpl.java:62)
	at sun.reflect.DelegatingMethodAccessorImpl.invoke(DelegatingMethodAccessorImpl.java:43)
	at java.lang.reflect.Method.invoke(Method.java:498)
	at org.testng.internal.MethodInvocationHelper.invokeMethod(MethodInvocationHelper.java:85)
	at org.testng.internal.Invoker.invokeMethod(Invoker.java:639)
	at org.testng.internal.Invoker.invokeTestMethod(Invoker.java:816)
	at org.testng.internal.Invoker.invokeTestMethods(Invoker.java:1124)
	at org.testng.internal.TestMethodWorker.invokeTestMethods(TestMethodWorker.java:125)
	at org.testng.internal.TestMethodWorker.run(TestMethodWorker.java:108)
	at org.testng.TestRunner.privateRun(TestRunner.java:774)
	at org.testng.TestRunner.run(TestRunner.java:624)
	at org.testng.SuiteRunner.runTest(SuiteRunner.java:359)
	at org.testng.SuiteRunner.runSequentially(SuiteRunner.java:354)
	at org.testng.SuiteRunner.privateRun(SuiteRunner.java:312)
	at org.testng.SuiteRunner.run(SuiteRunner.java:261)
	at org.testng.SuiteRunnerWorker.runSuite(SuiteRunnerWorker.java:52)
	at org.testng.SuiteRunnerWorker.run(SuiteRunnerWorker.java:86)
	at org.testng.TestNG.runSuitesSequentially(TestNG.java:1215)
	at org.testng.TestNG.runSuitesLocally(TestNG.java:1140)
	at org.testng.TestNG.run(TestNG.java:1048)
	at com.eduven.utils.RunTestng.main(RunTestng.java:58)
</pre></div><a href='#' onClick='toggleBox("stack-trace403547747", this, "Click to show all stack frames", "Click to hide stack frames")'>Click to show all stack frames</a>
<div class='stack-trace' id='stack-trace403547747'><pre>org.openqa.selenium.WebDriverException: An unknown server-side error occurred while processing the command. (WARNING: The server did not provide any stacktrace information)
Command duration or timeout: 1.76 seconds
Build info: version: &apos;2.51.0&apos;, revision: &apos;1af067d&apos;, time: &apos;2016-02-05 19:11:55&apos;
System info: host: &apos;Hitesh-Mac-Mini.local&apos;, ip: &apos;10.30.30.97&apos;, os.name: &apos;Mac OS X&apos;, os.arch: &apos;x86_64&apos;, os.version: &apos;10.11.6&apos;, java.version: &apos;1.8.0_74&apos;
Driver info: io.appium.java_client.ios.IOSDriver
Capabilities [{app=/Users/hiteshbhardwaj/Desktop/Automation/app/LanguagesForIOS/Afrikaans/afrikaans.ipa, networkConnectionEnabled=false, warnings={}, appiumVersion=1.4.13, databaseEnabled=false, deviceName=Rahul&apos;s iPad (9.3.5), platform=UNIX, desired={app=/Users/hiteshbhardwaj/Desktop/Automation/app/LanguagesForIOS/Afrikaans/afrikaans.ipa, appiumVersion=1.4.13, platformVersion=9.3, automationName=Appium, udid=84974ee52e47314f4e50b296df4610e953edc63f, platformName=iOS, deviceName=Rahul&apos;s iPad (9.3.5), platform=IOS}, platformVersion=9.3, webStorageEnabled=false, locationContextEnabled=false, automationName=Appium, browserName=iOS, takesScreenshot=true, javascriptEnabled=true, udid=84974ee52e47314f4e50b296df4610e953edc63f, platformName=iOS}]
Session ID: c16424be-236e-4249-a75b-57b4e1936807
	at sun.reflect.NativeConstructorAccessorImpl.newInstance0(Native Method)
	at sun.reflect.NativeConstructorAccessorImpl.newInstance(NativeConstructorAccessorImpl.java:62)
	at sun.reflect.DelegatingConstructorAccessorImpl.newInstance(DelegatingConstructorAccessorImpl.java:45)
	at java.lang.reflect.Constructor.newInstance(Constructor.java:423)
	at org.openqa.selenium.remote.ErrorHandler.createThrowable(ErrorHandler.java:206)
	at org.openqa.selenium.remote.ErrorHandler.throwIfResponseFailed(ErrorHandler.java:158)
	at org.openqa.selenium.remote.RemoteWebDriver.execute(RemoteWebDriver.java:678)
	at io.appium.java_client.DefaultGenericMobileDriver.execute(DefaultGenericMobileDriver.java:43)
	at io.appium.java_client.AppiumDriver.execute(AppiumDriver.java:216)
	at org.openqa.selenium.remote.RemoteWebDriver$RemoteNavigation.back(RemoteWebDriver.java:961)
	at com.eduven.utils.Reusables.stepBack(Reusables.java:241)
	at com.eduven.testcase.SearchPageTestCases.search_page_audio_test(SearchPageTestCases.java:58)
	at sun.reflect.NativeMethodAccessorImpl.invoke0(Native Method)
	at sun.reflect.NativeMethodAccessorImpl.invoke(NativeMethodAccessorImpl.java:62)
	at sun.reflect.DelegatingMethodAccessorImpl.invoke(DelegatingMethodAccessorImpl.java:43)
	at java.lang.reflect.Method.invoke(Method.java:498)
	at org.testng.internal.MethodInvocationHelper.invokeMethod(MethodInvocationHelper.java:85)
	at org.testng.internal.Invoker.invokeMethod(Invoker.java:639)
	at org.testng.internal.Invoker.invokeTestMethod(Invoker.java:816)
	at org.testng.internal.Invoker.invokeTestMethods(Invoker.java:1124)
	at org.testng.internal.TestMethodWorker.invokeTestMethods(TestMethodWorker.java:125)
	at org.testng.internal.TestMethodWorker.run(TestMethodWorker.java:108)
	at org.testng.TestRunner.privateRun(TestRunner.java:774)
	at org.testng.TestRunner.run(TestRunner.java:624)
	at org.testng.SuiteRunner.runTest(SuiteRunner.java:359)
	at org.testng.SuiteRunner.runSequentially(SuiteRunner.java:354)
	at org.testng.SuiteRunner.privateRun(SuiteRunner.java:312)
	at org.testng.SuiteRunner.run(SuiteRunner.java:261)
	at org.testng.SuiteRunnerWorker.runSuite(SuiteRunnerWorker.java:52)
	at org.testng.SuiteRunnerWorker.run(SuiteRunnerWorker.java:86)
	at org.testng.TestNG.runSuitesSequentially(TestNG.java:1215)
	at org.testng.TestNG.runSuitesLocally(TestNG.java:1140)
	at org.testng.TestNG.run(TestNG.java:1048)
	at com.eduven.utils.RunTestng.main(RunTestng.java:58)
</pre></div></td>
<td>8</td>
<td>com.eduven.testcase.SearchPageTestCases@4b2bac3f</td></tr>
<tr>
<td title='com.eduven.testcase.SwitchLanguagePageTestCases.verify_term_header_and_term_name_list_test()'><b>verify_term_header_and_term_name_list_test</b><br>Test class: com.eduven.testcase.SwitchLanguagePageTestCases</td>
<td><div><pre>java.lang.IllegalArgumentException: bound must be positive
	at java.util.Random.nextInt(Random.java:388)
	at com.eduven.utils.Reusables.randomNumber(Reusables.java:486)
	at com.eduven.modules.Categories.clickOnRandomCategory(Categories.java:139)
	at com.eduven.testcase.SwitchLanguagePageTestCases.verify_term_header_and_term_name_list_test(SwitchLanguagePageTestCases.java:71)
	at sun.reflect.NativeMethodAccessorImpl.invoke0(Native Method)
	at sun.reflect.NativeMethodAccessorImpl.invoke(NativeMethodAccessorImpl.java:62)
	at sun.reflect.DelegatingMethodAccessorImpl.invoke(DelegatingMethodAccessorImpl.java:43)
	at java.lang.reflect.Method.invoke(Method.java:498)
	at org.testng.internal.MethodInvocationHelper.invokeMethod(MethodInvocationHelper.java:85)
	at org.testng.internal.Invoker.invokeMethod(Invoker.java:639)
	at org.testng.internal.Invoker.invokeTestMethod(Invoker.java:816)
	at org.testng.internal.Invoker.invokeTestMethods(Invoker.java:1124)
	at org.testng.internal.TestMethodWorker.invokeTestMethods(TestMethodWorker.java:125)
	at org.testng.internal.TestMethodWorker.run(TestMethodWorker.java:108)
	at org.testng.TestRunner.privateRun(TestRunner.java:774)
	at org.testng.TestRunner.run(TestRunner.java:624)
	at org.testng.SuiteRunner.runTest(SuiteRunner.java:359)
	at org.testng.SuiteRunner.runSequentially(SuiteRunner.java:354)
	at org.testng.SuiteRunner.privateRun(SuiteRunner.java:312)
	at org.testng.SuiteRunner.run(SuiteRunner.java:261)
	at org.testng.SuiteRunnerWorker.runSuite(SuiteRunnerWorker.java:52)
	at org.testng.SuiteRunnerWorker.run(SuiteRunnerWorker.java:86)
	at org.testng.TestNG.runSuitesSequentially(TestNG.java:1215)
	at org.testng.TestNG.runSuitesLocally(TestNG.java:1140)
	at org.testng.TestNG.run(TestNG.java:1048)
	at com.eduven.utils.RunTestng.main(RunTestng.java:58)
</pre></div><a href='#' onClick='toggleBox("stack-trace795748540", this, "Click to show all stack frames", "Click to hide stack frames")'>Click to show all stack frames</a>
<div class='stack-trace' id='stack-trace795748540'><pre>java.lang.IllegalArgumentException: bound must be positive
	at java.util.Random.nextInt(Random.java:388)
	at com.eduven.utils.Reusables.randomNumber(Reusables.java:486)
	at com.eduven.modules.Categories.clickOnRandomCategory(Categories.java:139)
	at com.eduven.testcase.SwitchLanguagePageTestCases.verify_term_header_and_term_name_list_test(SwitchLanguagePageTestCases.java:71)
	at sun.reflect.NativeMethodAccessorImpl.invoke0(Native Method)
	at sun.reflect.NativeMethodAccessorImpl.invoke(NativeMethodAccessorImpl.java:62)
	at sun.reflect.DelegatingMethodAccessorImpl.invoke(DelegatingMethodAccessorImpl.java:43)
	at java.lang.reflect.Method.invoke(Method.java:498)
	at org.testng.internal.MethodInvocationHelper.invokeMethod(MethodInvocationHelper.java:85)
	at org.testng.internal.Invoker.invokeMethod(Invoker.java:639)
	at org.testng.internal.Invoker.invokeTestMethod(Invoker.java:816)
	at org.testng.internal.Invoker.invokeTestMethods(Invoker.java:1124)
	at org.testng.internal.TestMethodWorker.invokeTestMethods(TestMethodWorker.java:125)
	at org.testng.internal.TestMethodWorker.run(TestMethodWorker.java:108)
	at org.testng.TestRunner.privateRun(TestRunner.java:774)
	at org.testng.TestRunner.run(TestRunner.java:624)
	at org.testng.SuiteRunner.runTest(SuiteRunner.java:359)
	at org.testng.SuiteRunner.runSequentially(SuiteRunner.java:354)
	at org.testng.SuiteRunner.privateRun(SuiteRunner.java:312)
	at org.testng.SuiteRunner.run(SuiteRunner.java:261)
	at org.testng.SuiteRunnerWorker.runSuite(SuiteRunnerWorker.java:52)
	at org.testng.SuiteRunnerWorker.run(SuiteRunnerWorker.java:86)
	at org.testng.TestNG.runSuitesSequentially(TestNG.java:1215)
	at org.testng.TestNG.runSuitesLocally(TestNG.java:1140)
	at org.testng.TestNG.run(TestNG.java:1048)
	at com.eduven.utils.RunTestng.main(RunTestng.java:58)
</pre></div></td>
<td>5</td>
<td>com.eduven.testcase.SwitchLanguagePageTestCases@40005471</td></tr>
<tr>
<td title='com.eduven.testcase.SwitchLanguagePageTestCases.verify_terms_name_on_termlist_page_test()'><b>verify_terms_name_on_termlist_page_test</b><br>Test class: com.eduven.testcase.SwitchLanguagePageTestCases</td>
<td><div><pre>org.openqa.selenium.WebDriverException: An unknown server-side error occurred while processing the command. (WARNING: The server did not provide any stacktrace information)
Command duration or timeout: 1.49 seconds
Build info: version: &apos;2.51.0&apos;, revision: &apos;1af067d&apos;, time: &apos;2016-02-05 19:11:55&apos;
System info: host: &apos;Hitesh-Mac-Mini.local&apos;, ip: &apos;10.30.30.97&apos;, os.name: &apos;Mac OS X&apos;, os.arch: &apos;x86_64&apos;, os.version: &apos;10.11.6&apos;, java.version: &apos;1.8.0_74&apos;
Driver info: io.appium.java_client.ios.IOSDriver
Capabilities [{app=/Users/hiteshbhardwaj/Desktop/Automation/app/LanguagesForIOS/Afrikaans/afrikaans.ipa, networkConnectionEnabled=false, warnings={}, appiumVersion=1.4.13, databaseEnabled=false, deviceName=Rahul&apos;s iPad (9.3.5), platform=UNIX, desired={app=/Users/hiteshbhardwaj/Desktop/Automation/app/LanguagesForIOS/Afrikaans/afrikaans.ipa, appiumVersion=1.4.13, platformVersion=9.3, automationName=Appium, udid=84974ee52e47314f4e50b296df4610e953edc63f, platformName=iOS, deviceName=Rahul&apos;s iPad (9.3.5), platform=IOS}, platformVersion=9.3, webStorageEnabled=false, locationContextEnabled=false, automationName=Appium, browserName=iOS, takesScreenshot=true, javascriptEnabled=true, udid=84974ee52e47314f4e50b296df4610e953edc63f, platformName=iOS}]
Session ID: c16424be-236e-4249-a75b-57b4e1936807
	at sun.reflect.NativeConstructorAccessorImpl.newInstance0(Native Method)
	at sun.reflect.NativeConstructorAccessorImpl.newInstance(NativeConstructorAccessorImpl.java:62)
	at sun.reflect.DelegatingConstructorAccessorImpl.newInstance(DelegatingConstructorAccessorImpl.java:45)
	at java.lang.reflect.Constructor.newInstance(Constructor.java:423)
	at org.openqa.selenium.remote.ErrorHandler.createThrowable(ErrorHandler.java:206)
	at org.openqa.selenium.remote.ErrorHandler.throwIfResponseFailed(ErrorHandler.java:158)
	at org.openqa.selenium.remote.RemoteWebDriver.execute(RemoteWebDriver.java:678)
	at io.appium.java_client.DefaultGenericMobileDriver.execute(DefaultGenericMobileDriver.java:43)
	at io.appium.java_client.AppiumDriver.execute(AppiumDriver.java:216)
	at org.openqa.selenium.remote.RemoteWebDriver$RemoteNavigation.back(RemoteWebDriver.java:961)
	at com.eduven.utils.Reusables.stepBack(Reusables.java:241)
	at com.eduven.testcase.SwitchLanguagePageTestCases.verify_terms_name_on_termlist_page_test(SwitchLanguagePageTestCases.java:103)
	at sun.reflect.NativeMethodAccessorImpl.invoke0(Native Method)
	at sun.reflect.NativeMethodAccessorImpl.invoke(NativeMethodAccessorImpl.java:62)
	at sun.reflect.DelegatingMethodAccessorImpl.invoke(DelegatingMethodAccessorImpl.java:43)
	at java.lang.reflect.Method.invoke(Method.java:498)
	at org.testng.internal.MethodInvocationHelper.invokeMethod(MethodInvocationHelper.java:85)
	at org.testng.internal.Invoker.invokeMethod(Invoker.java:639)
	at org.testng.internal.Invoker.invokeTestMethod(Invoker.java:816)
	at org.testng.internal.Invoker.invokeTestMethods(Invoker.java:1124)
	at org.testng.internal.TestMethodWorker.invokeTestMethods(TestMethodWorker.java:125)
	at org.testng.internal.TestMethodWorker.run(TestMethodWorker.java:108)
	at org.testng.TestRunner.privateRun(TestRunner.java:774)
	at org.testng.TestRunner.run(TestRunner.java:624)
	at org.testng.SuiteRunner.runTest(SuiteRunner.java:359)
	at org.testng.SuiteRunner.runSequentially(SuiteRunner.java:354)
	at org.testng.SuiteRunner.privateRun(SuiteRunner.java:312)
	at org.testng.SuiteRunner.run(SuiteRunner.java:261)
	at org.testng.SuiteRunnerWorker.runSuite(SuiteRunnerWorker.java:52)
	at org.testng.SuiteRunnerWorker.run(SuiteRunnerWorker.java:86)
	at org.testng.TestNG.runSuitesSequentially(TestNG.java:1215)
	at org.testng.TestNG.runSuitesLocally(TestNG.java:1140)
	at org.testng.TestNG.run(TestNG.java:1048)
	at com.eduven.utils.RunTestng.main(RunTestng.java:58)
</pre></div><a href='#' onClick='toggleBox("stack-trace1271041075", this, "Click to show all stack frames", "Click to hide stack frames")'>Click to show all stack frames</a>
<div class='stack-trace' id='stack-trace1271041075'><pre>org.openqa.selenium.WebDriverException: An unknown server-side error occurred while processing the command. (WARNING: The server did not provide any stacktrace information)
Command duration or timeout: 1.49 seconds
Build info: version: &apos;2.51.0&apos;, revision: &apos;1af067d&apos;, time: &apos;2016-02-05 19:11:55&apos;
System info: host: &apos;Hitesh-Mac-Mini.local&apos;, ip: &apos;10.30.30.97&apos;, os.name: &apos;Mac OS X&apos;, os.arch: &apos;x86_64&apos;, os.version: &apos;10.11.6&apos;, java.version: &apos;1.8.0_74&apos;
Driver info: io.appium.java_client.ios.IOSDriver
Capabilities [{app=/Users/hiteshbhardwaj/Desktop/Automation/app/LanguagesForIOS/Afrikaans/afrikaans.ipa, networkConnectionEnabled=false, warnings={}, appiumVersion=1.4.13, databaseEnabled=false, deviceName=Rahul&apos;s iPad (9.3.5), platform=UNIX, desired={app=/Users/hiteshbhardwaj/Desktop/Automation/app/LanguagesForIOS/Afrikaans/afrikaans.ipa, appiumVersion=1.4.13, platformVersion=9.3, automationName=Appium, udid=84974ee52e47314f4e50b296df4610e953edc63f, platformName=iOS, deviceName=Rahul&apos;s iPad (9.3.5), platform=IOS}, platformVersion=9.3, webStorageEnabled=false, locationContextEnabled=false, automationName=Appium, browserName=iOS, takesScreenshot=true, javascriptEnabled=true, udid=84974ee52e47314f4e50b296df4610e953edc63f, platformName=iOS}]
Session ID: c16424be-236e-4249-a75b-57b4e1936807
	at sun.reflect.NativeConstructorAccessorImpl.newInstance0(Native Method)
	at sun.reflect.NativeConstructorAccessorImpl.newInstance(NativeConstructorAccessorImpl.java:62)
	at sun.reflect.DelegatingConstructorAccessorImpl.newInstance(DelegatingConstructorAccessorImpl.java:45)
	at java.lang.reflect.Constructor.newInstance(Constructor.java:423)
	at org.openqa.selenium.remote.ErrorHandler.createThrowable(ErrorHandler.java:206)
	at org.openqa.selenium.remote.ErrorHandler.throwIfResponseFailed(ErrorHandler.java:158)
	at org.openqa.selenium.remote.RemoteWebDriver.execute(RemoteWebDriver.java:678)
	at io.appium.java_client.DefaultGenericMobileDriver.execute(DefaultGenericMobileDriver.java:43)
	at io.appium.java_client.AppiumDriver.execute(AppiumDriver.java:216)
	at org.openqa.selenium.remote.RemoteWebDriver$RemoteNavigation.back(RemoteWebDriver.java:961)
	at com.eduven.utils.Reusables.stepBack(Reusables.java:241)
	at com.eduven.testcase.SwitchLanguagePageTestCases.verify_terms_name_on_termlist_page_test(SwitchLanguagePageTestCases.java:103)
	at sun.reflect.NativeMethodAccessorImpl.invoke0(Native Method)
	at sun.reflect.NativeMethodAccessorImpl.invoke(NativeMethodAccessorImpl.java:62)
	at sun.reflect.DelegatingMethodAccessorImpl.invoke(DelegatingMethodAccessorImpl.java:43)
	at java.lang.reflect.Method.invoke(Method.java:498)
	at org.testng.internal.MethodInvocationHelper.invokeMethod(MethodInvocationHelper.java:85)
	at org.testng.internal.Invoker.invokeMethod(Invoker.java:639)
	at org.testng.internal.Invoker.invokeTestMethod(Invoker.java:816)
	at org.testng.internal.Invoker.invokeTestMethods(Invoker.java:1124)
	at org.testng.internal.TestMethodWorker.invokeTestMethods(TestMethodWorker.java:125)
	at org.testng.internal.TestMethodWorker.run(TestMethodWorker.java:108)
	at org.testng.TestRunner.privateRun(TestRunner.java:774)
	at org.testng.TestRunner.run(TestRunner.java:624)
	at org.testng.SuiteRunner.runTest(SuiteRunner.java:359)
	at org.testng.SuiteRunner.runSequentially(SuiteRunner.java:354)
	at org.testng.SuiteRunner.privateRun(SuiteRunner.java:312)
	at org.testng.SuiteRunner.run(SuiteRunner.java:261)
	at org.testng.SuiteRunnerWorker.runSuite(SuiteRunnerWorker.java:52)
	at org.testng.SuiteRunnerWorker.run(SuiteRunnerWorker.java:86)
	at org.testng.TestNG.runSuitesSequentially(TestNG.java:1215)
	at org.testng.TestNG.runSuitesLocally(TestNG.java:1140)
	at org.testng.TestNG.run(TestNG.java:1048)
	at com.eduven.utils.RunTestng.main(RunTestng.java:58)
</pre></div></td>
<td>34</td>
<td>com.eduven.testcase.SwitchLanguagePageTestCases@40005471</td></tr>
</table><p>
<table width='100%' border='1' class='invocation-passed'>
<tr><td colspan='4' align='center'><b>PASSED TESTS</b></td></tr>
<tr><td><b>Test method</b></td>
<td width="30%"><b>Exception</b></td>
<td width="10%"><b>Time (seconds)</b></td>
<td><b>Instance</b></td>
</tr>
<tr>
<td title='com.eduven.testcase.EduBankPageTestCases.add_term_in_edubank_for_quicklist_test()'><b>add_term_in_edubank_for_quicklist_test</b><br>Test class: com.eduven.testcase.EduBankPageTestCases</td>
<td></td>
<td>102</td>
<td>com.eduven.testcase.EduBankPageTestCases@4d1c00d0</td></tr>
<tr>
<td title='com.eduven.testcase.EduBankPageTestCases.add_term_in_edubank_test()'><b>add_term_in_edubank_test</b><br>Test class: com.eduven.testcase.EduBankPageTestCases</td>
<td></td>
<td>42</td>
<td>com.eduven.testcase.EduBankPageTestCases@4d1c00d0</td></tr>
<tr>
<td title='com.eduven.testcase.AutoPlayPageTestCases.autoPlayButtonForPlayButtonTest()'><b>autoPlayButtonForPlayButtonTest</b><br>Test class: com.eduven.testcase.AutoPlayPageTestCases</td>
<td></td>
<td>15</td>
<td>com.eduven.testcase.AutoPlayPageTestCases@302552ec</td></tr>
<tr>
<td title='com.eduven.testcase.PurchaseTestCases.buy_app_purchase_test()'><b>buy_app_purchase_test</b><br>Test class: com.eduven.testcase.PurchaseTestCases</td>
<td></td>
<td>257</td>
<td>com.eduven.testcase.PurchaseTestCases@3d285d7e</td></tr>
<tr>
<td title='com.eduven.testcase.EvMenuPageTestCases.categorySettingPageTest()'><b>categorySettingPageTest</b><br>Test class: com.eduven.testcase.EvMenuPageTestCases</td>
<td></td>
<td>101</td>
<td>com.eduven.testcase.EvMenuPageTestCases@4e08711f</td></tr>
<tr>
<td title='com.eduven.testcase.EvMenuPageTestCases.dislcaimerPageTest()'><b>dislcaimerPageTest</b><br>Test class: com.eduven.testcase.EvMenuPageTestCases</td>
<td></td>
<td>50</td>
<td>com.eduven.testcase.EvMenuPageTestCases@4e08711f</td></tr>
<tr>
<td title='com.eduven.testcase.EvMenuPageTestCases.faqsPageTest()'><b>faqsPageTest</b><br>Test class: com.eduven.testcase.EvMenuPageTestCases</td>
<td></td>
<td>50</td>
<td>com.eduven.testcase.EvMenuPageTestCases@4e08711f</td></tr>
<tr>
<td title='com.eduven.testcase.SearchPageTestCases.free_term_search_test()'><b>free_term_search_test</b><br>Test class: com.eduven.testcase.SearchPageTestCases</td>
<td></td>
<td>101</td>
<td>com.eduven.testcase.SearchPageTestCases@4b2bac3f</td></tr>
<tr>
<td title='com.eduven.testcase.EvMenuPageTestCases.getInTouchPageTest()'><b>getInTouchPageTest</b><br>Test class: com.eduven.testcase.EvMenuPageTestCases</td>
<td></td>
<td>46</td>
<td>com.eduven.testcase.EvMenuPageTestCases@4e08711f</td></tr>
<tr>
<td title='com.eduven.testcase.EduBankPageTestCases.handlingRateAppPopupTest()'><b>handlingRateAppPopupTest</b><br>Test class: com.eduven.testcase.EduBankPageTestCases</td>
<td></td>
<td>16</td>
<td>com.eduven.testcase.EduBankPageTestCases@4d1c00d0</td></tr>
<tr>
<td title='com.eduven.testcase.SwitchLanguagePageTestCases.handlingRateAppPopupTest()'><b>handlingRateAppPopupTest</b><br>Test class: com.eduven.testcase.SwitchLanguagePageTestCases</td>
<td></td>
<td>65</td>
<td>com.eduven.testcase.SwitchLanguagePageTestCases@40005471</td></tr>
<tr>
<td title='com.eduven.testcase.SearchPageTestCases.handlingRateTheAppPopupTest()'><b>handlingRateTheAppPopupTest</b><br>Test class: com.eduven.testcase.SearchPageTestCases</td>
<td></td>
<td>63</td>
<td>com.eduven.testcase.SearchPageTestCases@4b2bac3f</td></tr>
<tr>
<td title='com.eduven.testcase.AutoPlayPageTestCases.handlingRateTheAppPopupTest()'><b>handlingRateTheAppPopupTest</b><br>Test class: com.eduven.testcase.AutoPlayPageTestCases</td>
<td></td>
<td>63</td>
<td>com.eduven.testcase.AutoPlayPageTestCases@302552ec</td></tr>
<tr>
<td title='com.eduven.testcase.EvMenuPageTestCases.handlingRateThisAppTest()'><b>handlingRateThisAppTest</b><br>Test class: com.eduven.testcase.EvMenuPageTestCases</td>
<td></td>
<td>63</td>
<td>com.eduven.testcase.EvMenuPageTestCases@4e08711f</td></tr>
<tr>
<td title='com.eduven.testcase.HomePageTestCases.handling_rate_app_popup_test()'><b>handling_rate_app_popup_test</b><br>Test class: com.eduven.testcase.HomePageTestCases</td>
<td></td>
<td>63</td>
<td>com.eduven.testcase.HomePageTestCases@3bf7ca37</td></tr>
<tr>
<td title='com.eduven.testcase.CategoryPageTestCases.handling_rate_app_popup_test()'><b>handling_rate_app_popup_test</b><br>Test class: com.eduven.testcase.CategoryPageTestCases</td>
<td></td>
<td>64</td>
<td>com.eduven.testcase.CategoryPageTestCases@79079097</td></tr>
<tr>
<td title='com.eduven.testcase.TermListPageTestCases.handling_rate_app_popup_test()'><b>handling_rate_app_popup_test</b><br>Test class: com.eduven.testcase.TermListPageTestCases</td>
<td></td>
<td>63</td>
<td>com.eduven.testcase.TermListPageTestCases@bcec361</td></tr>
<tr>
<td title='com.eduven.testcase.QuickListPageTestCases.handling_rate_app_popup_test()'><b>handling_rate_app_popup_test</b><br>Test class: com.eduven.testcase.QuickListPageTestCases</td>
<td></td>
<td>64</td>
<td>com.eduven.testcase.QuickListPageTestCases@26794848</td></tr>
<tr>
<td title='com.eduven.testcase.PurchaseTestCases.handling_rate_app_popup_test()'><b>handling_rate_app_popup_test</b><br>Test class: com.eduven.testcase.PurchaseTestCases</td>
<td></td>
<td>63</td>
<td>com.eduven.testcase.PurchaseTestCases@3d285d7e</td></tr>
<tr>
<td title='com.eduven.testcase.AutoPlayPageTestCases.increaseDealayTimeTest()'><b>increaseDealayTimeTest</b><br>Test class: com.eduven.testcase.AutoPlayPageTestCases</td>
<td></td>
<td>5</td>
<td>com.eduven.testcase.AutoPlayPageTestCases@302552ec</td></tr>
<tr>
<td title='com.eduven.testcase.EduBankPageTestCases.installAppAndLanguageSelectionTest()'><b>installAppAndLanguageSelectionTest</b><br>Test class: com.eduven.testcase.EduBankPageTestCases</td>
<td></td>
<td>111</td>
<td>com.eduven.testcase.EduBankPageTestCases@4d1c00d0</td></tr>
<tr>
<td title='com.eduven.testcase.EvMenuPageTestCases.installAppAndLanguageSelectionTest()'><b>installAppAndLanguageSelectionTest</b><br>Test class: com.eduven.testcase.EvMenuPageTestCases</td>
<td></td>
<td>113</td>
<td>com.eduven.testcase.EvMenuPageTestCases@4e08711f</td></tr>
<tr>
<td title='com.eduven.testcase.SwitchLanguagePageTestCases.installAppAndLanguageSelectionTest()'><b>installAppAndLanguageSelectionTest</b><br>Test class: com.eduven.testcase.SwitchLanguagePageTestCases</td>
<td></td>
<td>109</td>
<td>com.eduven.testcase.SwitchLanguagePageTestCases@40005471</td></tr>
<tr>
<td title='com.eduven.testcase.HomePageTestCases.install_app_and_language_selection_test()'><b>install_app_and_language_selection_test</b><br>Test class: com.eduven.testcase.HomePageTestCases</td>
<td></td>
<td>75</td>
<td>com.eduven.testcase.HomePageTestCases@3bf7ca37</td></tr>
<tr>
<td title='com.eduven.testcase.CategoryPageTestCases.install_app_and_language_selection_test()'><b>install_app_and_language_selection_test</b><br>Test class: com.eduven.testcase.CategoryPageTestCases</td>
<td></td>
<td>111</td>
<td>com.eduven.testcase.CategoryPageTestCases@79079097</td></tr>
<tr>
<td title='com.eduven.testcase.TermListPageTestCases.install_app_and_language_selection_test()'><b>install_app_and_language_selection_test</b><br>Test class: com.eduven.testcase.TermListPageTestCases</td>
<td></td>
<td>113</td>
<td>com.eduven.testcase.TermListPageTestCases@bcec361</td></tr>
<tr>
<td title='com.eduven.testcase.QuickListPageTestCases.install_app_and_language_selection_test()'><b>install_app_and_language_selection_test</b><br>Test class: com.eduven.testcase.QuickListPageTestCases</td>
<td></td>
<td>112</td>
<td>com.eduven.testcase.QuickListPageTestCases@26794848</td></tr>
<tr>
<td title='com.eduven.testcase.PurchaseTestCases.install_app_and_language_selection_test()'><b>install_app_and_language_selection_test</b><br>Test class: com.eduven.testcase.PurchaseTestCases</td>
<td></td>
<td>113</td>
<td>com.eduven.testcase.PurchaseTestCases@3d285d7e</td></tr>
<tr>
<td title='com.eduven.testcase.SearchPageTestCases.languageSelectionTest()'><b>languageSelectionTest</b><br>Test class: com.eduven.testcase.SearchPageTestCases</td>
<td></td>
<td>112</td>
<td>com.eduven.testcase.SearchPageTestCases@4b2bac3f</td></tr>
<tr>
<td title='com.eduven.testcase.AutoPlayPageTestCases.languageSelectionTest()'><b>languageSelectionTest</b><br>Test class: com.eduven.testcase.AutoPlayPageTestCases</td>
<td></td>
<td>113</td>
<td>com.eduven.testcase.AutoPlayPageTestCases@302552ec</td></tr>
<tr>
<td title='com.eduven.testcase.SwitchLanguagePageTestCases.language_selection_test()'><b>language_selection_test</b><br>Test class: com.eduven.testcase.SwitchLanguagePageTestCases</td>
<td></td>
<td>45</td>
<td>com.eduven.testcase.SwitchLanguagePageTestCases@40005471</td></tr>
<tr>
<td title='com.eduven.testcase.EvMenuPageTestCases.navigateToContributePageTest()'><b>navigateToContributePageTest</b><br>Test class: com.eduven.testcase.EvMenuPageTestCases</td>
<td></td>
<td>29</td>
<td>com.eduven.testcase.EvMenuPageTestCases@4e08711f</td></tr>
<tr>
<td title='com.eduven.testcase.EvMenuPageTestCases.navigateToMoreAppsPageTest()'><b>navigateToMoreAppsPageTest</b><br>Test class: com.eduven.testcase.EvMenuPageTestCases</td>
<td></td>
<td>42</td>
<td>com.eduven.testcase.EvMenuPageTestCases@4e08711f</td></tr>
<tr>
<td title='com.eduven.testcase.SwitchLanguagePageTestCases.navigateToSswitchLingoPageTest()'><b>navigateToSswitchLingoPageTest</b><br>Test class: com.eduven.testcase.SwitchLanguagePageTestCases</td>
<td></td>
<td>35</td>
<td>com.eduven.testcase.SwitchLanguagePageTestCases@40005471</td></tr>
<tr>
<td title='com.eduven.testcase.PurchaseTestCases.navigate_to_buy_test()'><b>navigate_to_buy_test</b><br>Test class: com.eduven.testcase.PurchaseTestCases</td>
<td></td>
<td>24</td>
<td>com.eduven.testcase.PurchaseTestCases@3d285d7e</td></tr>
<tr>
<td title='com.eduven.testcase.TermListPageTestCases.navigate_to_edit_term_page_test()'><b>navigate_to_edit_term_page_test</b><br>Test class: com.eduven.testcase.TermListPageTestCases</td>
<td></td>
<td>51</td>
<td>com.eduven.testcase.TermListPageTestCases@bcec361</td></tr>
<tr>
<td title='com.eduven.testcase.EduBankPageTestCases.navigate_to_edubank_quicklist_test()'><b>navigate_to_edubank_quicklist_test</b><br>Test class: com.eduven.testcase.EduBankPageTestCases</td>
<td></td>
<td>92</td>
<td>com.eduven.testcase.EduBankPageTestCases@4d1c00d0</td></tr>
<tr>
<td title='com.eduven.testcase.EduBankPageTestCases.navigate_to_edubank_test()'><b>navigate_to_edubank_test</b><br>Test class: com.eduven.testcase.EduBankPageTestCases</td>
<td></td>
<td>89</td>
<td>com.eduven.testcase.EduBankPageTestCases@4d1c00d0</td></tr>
<tr>
<td title='com.eduven.testcase.QuickListPageTestCases.navigate_to_quick_list_term_test()'><b>navigate_to_quick_list_term_test</b><br>Test class: com.eduven.testcase.QuickListPageTestCases</td>
<td></td>
<td>20</td>
<td>com.eduven.testcase.QuickListPageTestCases@26794848</td></tr>
<tr>
<td title='com.eduven.testcase.QuickListPageTestCases.navigate_to_quick_list_test()'><b>navigate_to_quick_list_test</b><br>Test class: com.eduven.testcase.QuickListPageTestCases</td>
<td></td>
<td>22</td>
<td>com.eduven.testcase.QuickListPageTestCases@26794848</td></tr>
<tr>
<td title='com.eduven.testcase.SwitchLanguagePageTestCases.navigate_to_quick_list_test()'><b>navigate_to_quick_list_test</b><br>Test class: com.eduven.testcase.SwitchLanguagePageTestCases</td>
<td></td>
<td>23</td>
<td>com.eduven.testcase.SwitchLanguagePageTestCases@40005471</td></tr>
<tr>
<td title='com.eduven.testcase.EduBankPageTestCases.navigate_to_quicklist_page_test()'><b>navigate_to_quicklist_page_test</b><br>Test class: com.eduven.testcase.EduBankPageTestCases</td>
<td></td>
<td>29</td>
<td>com.eduven.testcase.EduBankPageTestCases@4d1c00d0</td></tr>
<tr>
<td title='com.eduven.testcase.EduBankPageTestCases.navigate_to_quicklist_term_page_test()'><b>navigate_to_quicklist_term_page_test</b><br>Test class: com.eduven.testcase.EduBankPageTestCases</td>
<td></td>
<td>22</td>
<td>com.eduven.testcase.EduBankPageTestCases@4d1c00d0</td></tr>
<tr>
<td title='com.eduven.testcase.SearchPageTestCases.navigate_to_search_page_test()'><b>navigate_to_search_page_test</b><br>Test class: com.eduven.testcase.SearchPageTestCases</td>
<td></td>
<td>8</td>
<td>com.eduven.testcase.SearchPageTestCases@4b2bac3f</td></tr>
<tr>
<td title='com.eduven.testcase.EduBankPageTestCases.navigate_to_term_page_test()'><b>navigate_to_term_page_test</b><br>Test class: com.eduven.testcase.EduBankPageTestCases</td>
<td></td>
<td>62</td>
<td>com.eduven.testcase.EduBankPageTestCases@4d1c00d0</td></tr>
<tr>
<td title='com.eduven.testcase.TermListPageTestCases.navigate_to_termlist_page_test()'><b>navigate_to_termlist_page_test</b><br>Test class: com.eduven.testcase.TermListPageTestCases</td>
<td></td>
<td>57</td>
<td>com.eduven.testcase.TermListPageTestCases@bcec361</td></tr>
<tr>
<td title='com.eduven.testcase.SearchPageTestCases.premium_term_search_test()'><b>premium_term_search_test</b><br>Test class: com.eduven.testcase.SearchPageTestCases</td>
<td></td>
<td>45</td>
<td>com.eduven.testcase.SearchPageTestCases@4b2bac3f</td></tr>
<tr>
<td title='com.eduven.testcase.EvMenuPageTestCases.privacyPolicyPageTest()'><b>privacyPolicyPageTest</b><br>Test class: com.eduven.testcase.EvMenuPageTestCases</td>
<td></td>
<td>51</td>
<td>com.eduven.testcase.EvMenuPageTestCases@4e08711f</td></tr>
<tr>
<td title='com.eduven.testcase.SwitchLanguagePageTestCases.purchase_native_langugae_test()'><b>purchase_native_langugae_test</b><br>Test class: com.eduven.testcase.SwitchLanguagePageTestCases</td>
<td></td>
<td>262</td>
<td>com.eduven.testcase.SwitchLanguagePageTestCases@40005471</td></tr>
<tr>
<td title='com.eduven.testcase.EvMenuPageTestCases.rateThisAppTest()'><b>rateThisAppTest</b><br>Test class: com.eduven.testcase.EvMenuPageTestCases</td>
<td></td>
<td>0</td>
<td>com.eduven.testcase.EvMenuPageTestCases@4e08711f</td></tr>
<tr>
<td title='com.eduven.testcase.EduBankPageTestCases.remove_all_terms_from_Edubank_for_quicklist_test()'><b>remove_all_terms_from_Edubank_for_quicklist_test</b><br>Test class: com.eduven.testcase.EduBankPageTestCases</td>
<td></td>
<td>3</td>
<td>com.eduven.testcase.EduBankPageTestCases@4d1c00d0</td></tr>
<tr>
<td title='com.eduven.testcase.EduBankPageTestCases.remove_all_terms_from_Edubank_test()'><b>remove_all_terms_from_Edubank_test</b><br>Test class: com.eduven.testcase.EduBankPageTestCases</td>
<td></td>
<td>6</td>
<td>com.eduven.testcase.EduBankPageTestCases@4d1c00d0</td></tr>
<tr>
<td title='com.eduven.testcase.EduBankPageTestCases.remove_terms_from_Edubank_for_quicklist_test()'><b>remove_terms_from_Edubank_for_quicklist_test</b><br>Test class: com.eduven.testcase.EduBankPageTestCases</td>
<td></td>
<td>6</td>
<td>com.eduven.testcase.EduBankPageTestCases@4d1c00d0</td></tr>
<tr>
<td title='com.eduven.testcase.EduBankPageTestCases.remove_terms_from_Edubank_test()'><b>remove_terms_from_Edubank_test</b><br>Test class: com.eduven.testcase.EduBankPageTestCases</td>
<td></td>
<td>6</td>
<td>com.eduven.testcase.EduBankPageTestCases@4d1c00d0</td></tr>
<tr>
<td title='com.eduven.testcase.EvMenuPageTestCases.selectAllCategoryInCategorySettingPageTest()'><b>selectAllCategoryInCategorySettingPageTest</b><br>Test class: com.eduven.testcase.EvMenuPageTestCases</td>
<td></td>
<td>79</td>
<td>com.eduven.testcase.EvMenuPageTestCases@4e08711f</td></tr>
<tr>
<td title='com.eduven.testcase.EvMenuPageTestCases.selectAllCategoryInWordOffTheDayPageTest()'><b>selectAllCategoryInWordOffTheDayPageTest</b><br>Test class: com.eduven.testcase.EvMenuPageTestCases</td>
<td></td>
<td>81</td>
<td>com.eduven.testcase.EvMenuPageTestCases@4e08711f</td></tr>
<tr>
<td title='com.eduven.testcase.AutoPlayPageTestCases.selectRandomCategoryTest()'><b>selectRandomCategoryTest</b><br>Test class: com.eduven.testcase.AutoPlayPageTestCases</td>
<td></td>
<td>64</td>
<td>com.eduven.testcase.AutoPlayPageTestCases@302552ec</td></tr>
<tr>
<td title='com.eduven.testcase.SwitchLanguagePageTestCases.switch_lingo_change_base_language_test()'><b>switch_lingo_change_base_language_test</b><br>Test class: com.eduven.testcase.SwitchLanguagePageTestCases</td>
<td></td>
<td>43</td>
<td>com.eduven.testcase.SwitchLanguagePageTestCases@40005471</td></tr>
<tr>
<td title='com.eduven.testcase.EvMenuPageTestCases.termAndConditionPageTest()'><b>termAndConditionPageTest</b><br>Test class: com.eduven.testcase.EvMenuPageTestCases</td>
<td></td>
<td>50</td>
<td>com.eduven.testcase.EvMenuPageTestCases@4e08711f</td></tr>
<tr>
<td title='com.eduven.testcase.AutoPlayPageTestCases.verifyAutoPlayButtonTest()'><b>verifyAutoPlayButtonTest</b><br>Test class: com.eduven.testcase.AutoPlayPageTestCases</td>
<td></td>
<td>22</td>
<td>com.eduven.testcase.AutoPlayPageTestCases@302552ec</td></tr>
<tr>
<td title='com.eduven.testcase.CategoryPageTestCases.verifyCategoriesList()'><b>verifyCategoriesList</b><br>Test class: com.eduven.testcase.CategoryPageTestCases</td>
<td></td>
<td>449</td>
<td>com.eduven.testcase.CategoryPageTestCases@79079097</td></tr>
<tr>
<td title='com.eduven.testcase.CategoryPageTestCases.verifyCategoryHeaderTxt()'><b>verifyCategoryHeaderTxt</b><br>Test class: com.eduven.testcase.CategoryPageTestCases</td>
<td></td>
<td>2</td>
<td>com.eduven.testcase.CategoryPageTestCases@79079097</td></tr>
<tr>
<td title='com.eduven.testcase.AutoPlayPageTestCases.verifyCategoryHeaderTxt()'><b>verifyCategoryHeaderTxt</b><br>Test class: com.eduven.testcase.AutoPlayPageTestCases</td>
<td></td>
<td>2</td>
<td>com.eduven.testcase.AutoPlayPageTestCases@302552ec</td></tr>
<tr>
<td title='com.eduven.testcase.EvMenuPageTestCases.verifyContributePageWithCategoryTest()'><b>verifyContributePageWithCategoryTest</b><br>Test class: com.eduven.testcase.EvMenuPageTestCases</td>
<td></td>
<td>57</td>
<td>com.eduven.testcase.EvMenuPageTestCases@4e08711f</td></tr>
<tr>
<td title='com.eduven.testcase.EvMenuPageTestCases.verifyContributePageWithRequiredTextTest()'><b>verifyContributePageWithRequiredTextTest</b><br>Test class: com.eduven.testcase.EvMenuPageTestCases</td>
<td></td>
<td>69</td>
<td>com.eduven.testcase.EvMenuPageTestCases@4e08711f</td></tr>
<tr>
<td title='com.eduven.testcase.EvMenuPageTestCases.verifyContributePageWithWordTest()'><b>verifyContributePageWithWordTest</b><br>Test class: com.eduven.testcase.EvMenuPageTestCases</td>
<td></td>
<td>46</td>
<td>com.eduven.testcase.EvMenuPageTestCases@4e08711f</td></tr>
<tr>
<td title='com.eduven.testcase.EvMenuPageTestCases.verifyContributePageWithoutTextTest()'><b>verifyContributePageWithoutTextTest</b><br>Test class: com.eduven.testcase.EvMenuPageTestCases</td>
<td></td>
<td>22</td>
<td>com.eduven.testcase.EvMenuPageTestCases@4e08711f</td></tr>
<tr>
<td title='com.eduven.testcase.EvMenuPageTestCases.verifyMoreAppsPageTest()'><b>verifyMoreAppsPageTest</b><br>Test class: com.eduven.testcase.EvMenuPageTestCases</td>
<td></td>
<td>0</td>
<td>com.eduven.testcase.EvMenuPageTestCases@4e08711f</td></tr>
<tr>
<td title='com.eduven.testcase.SearchPageTestCases.verifySearchPageHeaderTest()'><b>verifySearchPageHeaderTest</b><br>Test class: com.eduven.testcase.SearchPageTestCases</td>
<td></td>
<td>7</td>
<td>com.eduven.testcase.SearchPageTestCases@4b2bac3f</td></tr>
<tr>
<td title='com.eduven.testcase.EduBankPageTestCases.verify_added_term_in_edubank_after_removedItTest()'><b>verify_added_term_in_edubank_after_removedItTest</b><br>Test class: com.eduven.testcase.EduBankPageTestCases</td>
<td></td>
<td>31</td>
<td>com.eduven.testcase.EduBankPageTestCases@4d1c00d0</td></tr>
<tr>
<td title='com.eduven.testcase.EduBankPageTestCases.verify_added_term_in_edubank_for_quicklist_after_remove_one_term_test()'><b>verify_added_term_in_edubank_for_quicklist_after_remove_one_term_test</b><br>Test class: com.eduven.testcase.EduBankPageTestCases</td>
<td></td>
<td>31</td>
<td>com.eduven.testcase.EduBankPageTestCases@4d1c00d0</td></tr>
<tr>
<td title='com.eduven.testcase.EduBankPageTestCases.verify_added_term_in_edubank_for_quicklist_test()'><b>verify_added_term_in_edubank_for_quicklist_test</b><br>Test class: com.eduven.testcase.EduBankPageTestCases</td>
<td></td>
<td>35</td>
<td>com.eduven.testcase.EduBankPageTestCases@4d1c00d0</td></tr>
<tr>
<td title='com.eduven.testcase.EduBankPageTestCases.verify_added_term_in_edubank_test()'><b>verify_added_term_in_edubank_test</b><br>Test class: com.eduven.testcase.EduBankPageTestCases</td>
<td></td>
<td>59</td>
<td>com.eduven.testcase.EduBankPageTestCases@4d1c00d0</td></tr>
<tr>
<td title='com.eduven.testcase.AutoPlayPageTestCases.verify_auto_play_works_test()'><b>verify_auto_play_works_test</b><br>Test class: com.eduven.testcase.AutoPlayPageTestCases</td>
<td></td>
<td>0</td>
<td>com.eduven.testcase.AutoPlayPageTestCases@302552ec</td></tr>
<tr>
<td title='com.eduven.testcase.SwitchLanguagePageTestCases.verify_category_list_after_base_language_change_test()'><b>verify_category_list_after_base_language_change_test</b><br>Test class: com.eduven.testcase.SwitchLanguagePageTestCases</td>
<td></td>
<td>5</td>
<td>com.eduven.testcase.SwitchLanguagePageTestCases@40005471</td></tr>
<tr>
<td title='com.eduven.testcase.TermListPageTestCases.verify_contribute_page_with_word_test()'><b>verify_contribute_page_with_word_test</b><br>Test class: com.eduven.testcase.TermListPageTestCases</td>
<td></td>
<td>43</td>
<td>com.eduven.testcase.TermListPageTestCases@bcec361</td></tr>
<tr>
<td title='com.eduven.testcase.TermListPageTestCases.verify_contribute_page_without_text_test()'><b>verify_contribute_page_without_text_test</b><br>Test class: com.eduven.testcase.TermListPageTestCases</td>
<td></td>
<td>22</td>
<td>com.eduven.testcase.TermListPageTestCases@bcec361</td></tr>
<tr>
<td title='com.eduven.testcase.HomePageTestCases.verify_element_on_homePage_test()'><b>verify_element_on_homePage_test</b><br>Test class: com.eduven.testcase.HomePageTestCases</td>
<td></td>
<td>9</td>
<td>com.eduven.testcase.HomePageTestCases@3bf7ca37</td></tr>
<tr>
<td title='com.eduven.testcase.HomePageTestCases.verify_footer_edubank_button_on_home_page_test()'><b>verify_footer_edubank_button_on_home_page_test</b><br>Test class: com.eduven.testcase.HomePageTestCases</td>
<td></td>
<td>2</td>
<td>com.eduven.testcase.HomePageTestCases@3bf7ca37</td></tr>
<tr>
<td title='com.eduven.testcase.HomePageTestCases.verify_footer_games_button_on_home_page_test()'><b>verify_footer_games_button_on_home_page_test</b><br>Test class: com.eduven.testcase.HomePageTestCases</td>
<td></td>
<td>2</td>
<td>com.eduven.testcase.HomePageTestCases@3bf7ca37</td></tr>
<tr>
<td title='com.eduven.testcase.HomePageTestCases.verify_footer_purchase_button_on_home_page_test()'><b>verify_footer_purchase_button_on_home_page_test</b><br>Test class: com.eduven.testcase.HomePageTestCases</td>
<td></td>
<td>2</td>
<td>com.eduven.testcase.HomePageTestCases@3bf7ca37</td></tr>
<tr>
<td title='com.eduven.testcase.HomePageTestCases.verify_footer_quicklist_button_on_home_page_test()'><b>verify_footer_quicklist_button_on_home_page_test</b><br>Test class: com.eduven.testcase.HomePageTestCases</td>
<td></td>
<td>2</td>
<td>com.eduven.testcase.HomePageTestCases@3bf7ca37</td></tr>
<tr>
<td title='com.eduven.testcase.HomePageTestCases.verify_footer_switchlingo_button_on_home_page_test()'><b>verify_footer_switchlingo_button_on_home_page_test</b><br>Test class: com.eduven.testcase.HomePageTestCases</td>
<td></td>
<td>2</td>
<td>com.eduven.testcase.HomePageTestCases@3bf7ca37</td></tr>
<tr>
<td title='com.eduven.testcase.PurchaseTestCases.verify_lock_term_appear_as_unlock_term_test()'><b>verify_lock_term_appear_as_unlock_term_test</b><br>Test class: com.eduven.testcase.PurchaseTestCases</td>
<td></td>
<td>122</td>
<td>com.eduven.testcase.PurchaseTestCases@3d285d7e</td></tr>
<tr>
<td title='com.eduven.testcase.PurchaseTestCases.verify_lock_term_before_purchase_test()'><b>verify_lock_term_before_purchase_test</b><br>Test class: com.eduven.testcase.PurchaseTestCases</td>
<td></td>
<td>109</td>
<td>com.eduven.testcase.PurchaseTestCases@3d285d7e</td></tr>
<tr>
<td title='com.eduven.testcase.TermListPageTestCases.verify_lock_term_name_test()'><b>verify_lock_term_name_test</b><br>Test class: com.eduven.testcase.TermListPageTestCases</td>
<td></td>
<td>158</td>
<td>com.eduven.testcase.TermListPageTestCases@bcec361</td></tr>
<tr>
<td title='com.eduven.testcase.QuickListPageTestCases.verify_lock_term_name_test()'><b>verify_lock_term_name_test</b><br>Test class: com.eduven.testcase.QuickListPageTestCases</td>
<td></td>
<td>75</td>
<td>com.eduven.testcase.QuickListPageTestCases@26794848</td></tr>
<tr>
<td title='com.eduven.testcase.PurchaseTestCases.verify_purchase_btn_after_purchase()'><b>verify_purchase_btn_after_purchase</b><br>Test class: com.eduven.testcase.PurchaseTestCases</td>
<td></td>
<td>5</td>
<td>com.eduven.testcase.PurchaseTestCases@3d285d7e</td></tr>
<tr>
<td title='com.eduven.testcase.QuickListPageTestCases.verify_quick_list_category_test()'><b>verify_quick_list_category_test</b><br>Test class: com.eduven.testcase.QuickListPageTestCases</td>
<td></td>
<td>26</td>
<td>com.eduven.testcase.QuickListPageTestCases@26794848</td></tr>
<tr>
<td title='com.eduven.testcase.SwitchLanguagePageTestCases.verify_quick_list_category_test()'><b>verify_quick_list_category_test</b><br>Test class: com.eduven.testcase.SwitchLanguagePageTestCases</td>
<td></td>
<td>5</td>
<td>com.eduven.testcase.SwitchLanguagePageTestCases@40005471</td></tr>
<tr>
<td title='com.eduven.testcase.QuickListPageTestCases.verify_quick_list_headertxt_test()'><b>verify_quick_list_headertxt_test</b><br>Test class: com.eduven.testcase.QuickListPageTestCases</td>
<td></td>
<td>6</td>
<td>com.eduven.testcase.QuickListPageTestCases@26794848</td></tr>
<tr>
<td title='com.eduven.testcase.SwitchLanguagePageTestCases.verify_quick_list_headertxt_test()'><b>verify_quick_list_headertxt_test</b><br>Test class: com.eduven.testcase.SwitchLanguagePageTestCases</td>
<td></td>
<td>6</td>
<td>com.eduven.testcase.SwitchLanguagePageTestCases@40005471</td></tr>
<tr>
<td title='com.eduven.testcase.TermListPageTestCases.verify_terms_name_on_termlist_page_test()'><b>verify_terms_name_on_termlist_page_test</b><br>Test class: com.eduven.testcase.TermListPageTestCases</td>
<td></td>
<td>108</td>
<td>com.eduven.testcase.TermListPageTestCases@bcec361</td></tr>
<tr>
<td title='com.eduven.testcase.QuickListPageTestCases.verify_terms_name_on_termlist_page_test()'><b>verify_terms_name_on_termlist_page_test</b><br>Test class: com.eduven.testcase.QuickListPageTestCases</td>
<td></td>
<td>45</td>
<td>com.eduven.testcase.QuickListPageTestCases@26794848</td></tr>
<tr>
<td title='com.eduven.testcase.TermListPageTestCases.verify_unlock_term_name_test()'><b>verify_unlock_term_name_test</b><br>Test class: com.eduven.testcase.TermListPageTestCases</td>
<td></td>
<td>99</td>
<td>com.eduven.testcase.TermListPageTestCases@bcec361</td></tr>
<tr>
<td title='com.eduven.testcase.QuickListPageTestCases.verify_unlock_term_name_test()'><b>verify_unlock_term_name_test</b><br>Test class: com.eduven.testcase.QuickListPageTestCases</td>
<td></td>
<td>35</td>
<td>com.eduven.testcase.QuickListPageTestCases@26794848</td></tr>
<tr>
<td title='com.eduven.testcase.EvMenuPageTestCases.wordOfTheDayTest()'><b>wordOfTheDayTest</b><br>Test class: com.eduven.testcase.EvMenuPageTestCases</td>
<td></td>
<td>97</td>
<td>com.eduven.testcase.EvMenuPageTestCases@4e08711f</td></tr>
</table><p>
</body>
</html>