<?xml version="1.0" encoding="UTF-8"?>
<!-- Generated by org.testng.reporters.JUnitXMLReporter -->
<testsuite hostname="Hitesh-Mac-Mini.local" name="Regression Testing Learn Russian" tests="98" failures="4" timestamp="24 Oct 2016 09:45:22 GMT" time="6253.143" errors="0">
  <testcase name="@AfterTest tearDown" time="0.0" classname="com.eduven.testcase.PurchaseTestCases">
    <failure type="java.lang.IllegalArgumentException" message="wrong number of arguments">
      <![CDATA[java.lang.IllegalArgumentException: wrong number of arguments
	at sun.reflect.NativeMethodAccessorImpl.invoke0(Native Method)
	at sun.reflect.NativeMethodAccessorImpl.invoke(NativeMethodAccessorImpl.java:62)
	at sun.reflect.DelegatingMethodAccessorImpl.invoke(DelegatingMethodAccessorImpl.java:43)
	at java.lang.reflect.Method.invoke(Method.java:498)
	at org.testng.internal.MethodInvocationHelper.invokeMethod(MethodInvocationHelper.java:85)
	at org.testng.internal.Invoker.invokeConfigurationMethod(Invoker.java:510)
	at org.testng.internal.Invoker.invokeConfigurations(Invoker.java:211)
	at org.testng.internal.Invoker.invokeConfigurations(Invoker.java:138)
	at org.testng.TestRunner.afterRun(TestRunner.java:1023)
	at org.testng.TestRunner.run(TestRunner.java:628)
	at org.testng.SuiteRunner.runTest(SuiteRunner.java:359)
	at org.testng.SuiteRunner.runSequentially(SuiteRunner.java:354)
	at org.testng.SuiteRunner.privateRun(SuiteRunner.java:312)
	at org.testng.SuiteRunner.run(SuiteRunner.java:261)
	at org.testng.SuiteRunnerWorker.runSuite(SuiteRunnerWorker.java:52)
	at org.testng.SuiteRunnerWorker.run(SuiteRunnerWorker.java:86)
	at org.testng.TestNG.runSuitesSequentially(TestNG.java:1215)
	at org.testng.TestNG.runSuitesLocally(TestNG.java:1140)
	at org.testng.TestNG.run(TestNG.java:1048)
	at com.eduven.utils.RunTestng.main(RunTestng.java:58)
]]>
    </failure>
  </testcase> <!-- @AfterTest tearDown -->
  <testcase name="install_app_and_language_selection_test" time="72.351" classname="com.eduven.testcase.HomePageTestCases"/>
  <testcase name="handling_rate_app_popup_test" time="66.117" classname="com.eduven.testcase.HomePageTestCases"/>
  <testcase name="verify_element_on_homePage_test" time="9.832" classname="com.eduven.testcase.HomePageTestCases"/>
  <testcase name="verify_footer_quicklist_button_on_home_page_test" time="2.19" classname="com.eduven.testcase.HomePageTestCases"/>
  <testcase name="verify_footer_edubank_button_on_home_page_test" time="2.196" classname="com.eduven.testcase.HomePageTestCases"/>
  <testcase name="verify_footer_purchase_button_on_home_page_test" time="2.06" classname="com.eduven.testcase.HomePageTestCases"/>
  <testcase name="verify_footer_games_button_on_home_page_test" time="2.189" classname="com.eduven.testcase.HomePageTestCases"/>
  <testcase name="verify_footer_switchlingo_button_on_home_page_test" time="2.079" classname="com.eduven.testcase.HomePageTestCases"/>
  <testcase name="handling_rate_app_popup_test" time="64.819" classname="com.eduven.testcase.CategoryPageTestCases"/>
  <testcase name="install_app_and_language_selection_test" time="113.056" classname="com.eduven.testcase.CategoryPageTestCases"/>
  <testcase name="verifyCategoryHeaderTxt" time="2.194" classname="com.eduven.testcase.CategoryPageTestCases"/>
  <testcase name="verifyCategoriesList" time="445.627" classname="com.eduven.testcase.CategoryPageTestCases"/>
  <testcase name="handling_rate_app_popup_test" time="16.909" classname="com.eduven.testcase.EduBankPageTestCases"/>
  <testcase name="install_app_and_language_selection_test" time="110.655" classname="com.eduven.testcase.EduBankPageTestCases"/>
  <testcase name="navigate_to_edubank_test" time="89.288" classname="com.eduven.testcase.EduBankPageTestCases"/>
  <testcase name="navigate_to_term_page_test" time="51.449" classname="com.eduven.testcase.EduBankPageTestCases"/>
  <testcase name="add_term_in_edubank_test" time="34.511" classname="com.eduven.testcase.EduBankPageTestCases"/>
  <testcase name="verify_added_term_in_edubank_test" time="42.573" classname="com.eduven.testcase.EduBankPageTestCases"/>
  <testcase name="remove_terms_from_Edubank_test" time="6.492" classname="com.eduven.testcase.EduBankPageTestCases"/>
  <testcase name="verify_added_term_in_edubank_after_remove_one_term_test" time="33.475" classname="com.eduven.testcase.EduBankPageTestCases"/>
  <testcase name="remove_all_terms_from_Edubank_test" time="6.897" classname="com.eduven.testcase.EduBankPageTestCases"/>
  <testcase name="navigate_to_edubank_quicklist_test" time="92.212" classname="com.eduven.testcase.EduBankPageTestCases"/>
  <testcase name="navigate_to_quicklist_page_test" time="29.209" classname="com.eduven.testcase.EduBankPageTestCases"/>
  <testcase name="navigate_to_quicklist_term_page_test" time="20.212" classname="com.eduven.testcase.EduBankPageTestCases"/>
  <testcase name="add_term_in_edubank_for_quicklist_test" time="86.435" classname="com.eduven.testcase.EduBankPageTestCases"/>
  <testcase name="verify_added_term_in_edubank_for_quicklist_test" time="29.288" classname="com.eduven.testcase.EduBankPageTestCases"/>
  <testcase name="remove_terms_from_Edubank_for_quicklist_test" time="6.498" classname="com.eduven.testcase.EduBankPageTestCases"/>
  <testcase name="verify_added_term_in_edubank_for_quicklist_after_remove_one_term_test" time="6.379" classname="com.eduven.testcase.EduBankPageTestCases">
    <failure type="java.lang.AssertionError" message="Remove term still exists.">
      <![CDATA[java.lang.AssertionError: Remove term still exists.
	at org.testng.Assert.fail(Assert.java:94)
	at com.eduven.modules.EduBank.verifyTermInEduBankAfterRemove(EduBank.java:138)
	at com.eduven.testcase.EduBankPageTestCases.verify_added_term_in_edubank_for_quicklist_after_remove_one_term_test(EduBankPageTestCases.java:128)
	at sun.reflect.NativeMethodAccessorImpl.invoke0(Native Method)
	at sun.reflect.NativeMethodAccessorImpl.invoke(NativeMethodAccessorImpl.java:62)
	at sun.reflect.DelegatingMethodAccessorImpl.invoke(DelegatingMethodAccessorImpl.java:43)
	at java.lang.reflect.Method.invoke(Method.java:498)
	at org.testng.internal.MethodInvocationHelper.invokeMethod(MethodInvocationHelper.java:85)
	at org.testng.internal.Invoker.invokeMethod(Invoker.java:639)
	at org.testng.internal.Invoker.invokeTestMethod(Invoker.java:816)
	at org.testng.internal.Invoker.invokeTestMethods(Invoker.java:1124)
	at org.testng.internal.TestMethodWorker.invokeTestMethods(TestMethodWorker.java:125)
	at org.testng.internal.TestMethodWorker.run(TestMethodWorker.java:108)
	at org.testng.TestRunner.privateRun(TestRunner.java:774)
	at org.testng.TestRunner.run(TestRunner.java:624)
	at org.testng.SuiteRunner.runTest(SuiteRunner.java:359)
	at org.testng.SuiteRunner.runSequentially(SuiteRunner.java:354)
	at org.testng.SuiteRunner.privateRun(SuiteRunner.java:312)
	at org.testng.SuiteRunner.run(SuiteRunner.java:261)
	at org.testng.SuiteRunnerWorker.runSuite(SuiteRunnerWorker.java:52)
	at org.testng.SuiteRunnerWorker.run(SuiteRunnerWorker.java:86)
	at org.testng.TestNG.runSuitesSequentially(TestNG.java:1215)
	at org.testng.TestNG.runSuitesLocally(TestNG.java:1140)
	at org.testng.TestNG.run(TestNG.java:1048)
	at com.eduven.utils.RunTestng.main(RunTestng.java:58)
]]>
    </failure>
  </testcase> <!-- verify_added_term_in_edubank_for_quicklist_after_remove_one_term_test -->
  <testcase name="remove_all_terms_from_Edubank_for_quicklist_test" time="3.068" classname="com.eduven.testcase.EduBankPageTestCases"/>
  <testcase name="handling_rate_app_popup_test" time="65.017" classname="com.eduven.testcase.SearchPageTestCases"/>
  <testcase name="install_app_and_language_selection_test" time="113.027" classname="com.eduven.testcase.SearchPageTestCases"/>
  <testcase name="navigate_to_search_page_test" time="8.446" classname="com.eduven.testcase.SearchPageTestCases"/>
  <testcase name="verify_search_page_header_test" time="7.044" classname="com.eduven.testcase.SearchPageTestCases"/>
  <testcase name="free_term_search_test" time="298.26" classname="com.eduven.testcase.SearchPageTestCases"/>
  <testcase name="search_page_audio_test" time="74.059" classname="com.eduven.testcase.SearchPageTestCases">
    <failure type="org.openqa.selenium.WebDriverException" message="An unknown server-side error occurred while processing the command. (WARNING: The server did not provide any stacktrace information)
Command duration or timeout: 1.79 seconds
Build info: version: &amp;apos;2.51.0&amp;apos;, revision: &amp;apos;1af067d&amp;apos;, time: &amp;apos;2016-02-05 19:11:55&amp;apos;
System info: host: &amp;apos;Hitesh-Mac-Mini.local&amp;apos;, ip: &amp;apos;10.30.30.97&amp;apos;, os.name: &amp;apos;Mac OS X&amp;apos;, os.arch: &amp;apos;x86_64&amp;apos;, os.version: &amp;apos;10.11.6&amp;apos;, java.version: &amp;apos;1.8.0_74&amp;apos;
Driver info: io.appium.java_client.ios.IOSDriver
Capabilities [{app=/Users/hiteshbhardwaj/Desktop/Automation/app/LanguagesForIOS/Russian/russian.ipa, networkConnectionEnabled=false, warnings={}, appiumVersion=1.4.13, databaseEnabled=false, deviceName=Tester (9.3.5), platform=UNIX, desired={app=/Users/hiteshbhardwaj/Desktop/Automation/app/LanguagesForIOS/Russian/russian.ipa, appiumVersion=1.4.13, platformVersion=9.3, automationName=Appium, udid=7bcb4358baa692ac8207ca4db28eaacc80a14498, platformName=iOS, deviceName=Tester (9.3.5), platform=IOS}, platformVersion=9.3, webStorageEnabled=false, locationContextEnabled=false, automationName=Appium, browserName=iOS, takesScreenshot=true, javascriptEnabled=true, udid=7bcb4358baa692ac8207ca4db28eaacc80a14498, platformName=iOS}]
Session ID: 27ecf607-ba78-4fa9-a5b3-627ab60326ea">
      <![CDATA[org.openqa.selenium.WebDriverException: An unknown server-side error occurred while processing the command. (WARNING: The server did not provide any stacktrace information)
Command duration or timeout: 1.79 seconds
Build info: version: '2.51.0', revision: '1af067d', time: '2016-02-05 19:11:55'
System info: host: 'Hitesh-Mac-Mini.local', ip: '10.30.30.97', os.name: 'Mac OS X', os.arch: 'x86_64', os.version: '10.11.6', java.version: '1.8.0_74'
Driver info: io.appium.java_client.ios.IOSDriver
Capabilities [{app=/Users/hiteshbhardwaj/Desktop/Automation/app/LanguagesForIOS/Russian/russian.ipa, networkConnectionEnabled=false, warnings={}, appiumVersion=1.4.13, databaseEnabled=false, deviceName=Tester (9.3.5), platform=UNIX, desired={app=/Users/hiteshbhardwaj/Desktop/Automation/app/LanguagesForIOS/Russian/russian.ipa, appiumVersion=1.4.13, platformVersion=9.3, automationName=Appium, udid=7bcb4358baa692ac8207ca4db28eaacc80a14498, platformName=iOS, deviceName=Tester (9.3.5), platform=IOS}, platformVersion=9.3, webStorageEnabled=false, locationContextEnabled=false, automationName=Appium, browserName=iOS, takesScreenshot=true, javascriptEnabled=true, udid=7bcb4358baa692ac8207ca4db28eaacc80a14498, platformName=iOS}]
Session ID: 27ecf607-ba78-4fa9-a5b3-627ab60326ea
	at sun.reflect.NativeConstructorAccessorImpl.newInstance0(Native Method)
	at sun.reflect.NativeConstructorAccessorImpl.newInstance(NativeConstructorAccessorImpl.java:62)
	at sun.reflect.DelegatingConstructorAccessorImpl.newInstance(DelegatingConstructorAccessorImpl.java:45)
	at java.lang.reflect.Constructor.newInstance(Constructor.java:423)
	at org.openqa.selenium.remote.ErrorHandler.createThrowable(ErrorHandler.java:206)
	at org.openqa.selenium.remote.ErrorHandler.throwIfResponseFailed(ErrorHandler.java:158)
	at org.openqa.selenium.remote.RemoteWebDriver.execute(RemoteWebDriver.java:678)
	at io.appium.java_client.DefaultGenericMobileDriver.execute(DefaultGenericMobileDriver.java:43)
	at io.appium.java_client.AppiumDriver.execute(AppiumDriver.java:216)
	at org.openqa.selenium.remote.RemoteWebDriver$RemoteNavigation.back(RemoteWebDriver.java:961)
	at com.eduven.utils.Reusables.stepBack(Reusables.java:213)
	at com.eduven.testcase.SearchPageTestCases.search_page_audio_test(SearchPageTestCases.java:57)
	at sun.reflect.NativeMethodAccessorImpl.invoke0(Native Method)
	at sun.reflect.NativeMethodAccessorImpl.invoke(NativeMethodAccessorImpl.java:62)
	at sun.reflect.DelegatingMethodAccessorImpl.invoke(DelegatingMethodAccessorImpl.java:43)
	at java.lang.reflect.Method.invoke(Method.java:498)
	at org.testng.internal.MethodInvocationHelper.invokeMethod(MethodInvocationHelper.java:85)
	at org.testng.internal.Invoker.invokeMethod(Invoker.java:639)
	at org.testng.internal.Invoker.invokeTestMethod(Invoker.java:816)
	at org.testng.internal.Invoker.invokeTestMethods(Invoker.java:1124)
	at org.testng.internal.TestMethodWorker.invokeTestMethods(TestMethodWorker.java:125)
	at org.testng.internal.TestMethodWorker.run(TestMethodWorker.java:108)
	at org.testng.TestRunner.privateRun(TestRunner.java:774)
	at org.testng.TestRunner.run(TestRunner.java:624)
	at org.testng.SuiteRunner.runTest(SuiteRunner.java:359)
	at org.testng.SuiteRunner.runSequentially(SuiteRunner.java:354)
	at org.testng.SuiteRunner.privateRun(SuiteRunner.java:312)
	at org.testng.SuiteRunner.run(SuiteRunner.java:261)
	at org.testng.SuiteRunnerWorker.runSuite(SuiteRunnerWorker.java:52)
	at org.testng.SuiteRunnerWorker.run(SuiteRunnerWorker.java:86)
	at org.testng.TestNG.runSuitesSequentially(TestNG.java:1215)
	at org.testng.TestNG.runSuitesLocally(TestNG.java:1140)
	at org.testng.TestNG.run(TestNG.java:1048)
	at com.eduven.utils.RunTestng.main(RunTestng.java:58)
]]>
    </failure>
  </testcase> <!-- search_page_audio_test -->
  <testcase name="premium_term_search_test" time="318.356" classname="com.eduven.testcase.SearchPageTestCases"/>
  <testcase name="handlingRateThisAppTest" time="70.197" classname="com.eduven.testcase.EvMenuPageTestCases"/>
  <testcase name="installAppAndLanguageSelectionTest" time="113.228" classname="com.eduven.testcase.EvMenuPageTestCases"/>
  <testcase name="navigateToMoreAppsPageTest" time="42.879" classname="com.eduven.testcase.EvMenuPageTestCases"/>
  <testcase name="verifyMoreAppsPageTest" time="0.0" classname="com.eduven.testcase.EvMenuPageTestCases"/>
  <testcase name="navigateToContributePageTest" time="29.109" classname="com.eduven.testcase.EvMenuPageTestCases"/>
  <testcase name="verifyContributePageWithoutTextTest" time="23.06" classname="com.eduven.testcase.EvMenuPageTestCases"/>
  <testcase name="verifyContributePageWithCategoryTest" time="57.387" classname="com.eduven.testcase.EvMenuPageTestCases"/>
  <testcase name="verifyContributePageWithWordTest" time="45.055" classname="com.eduven.testcase.EvMenuPageTestCases"/>
  <testcase name="verifyContributePageWithRequiredTextTest" time="68.245" classname="com.eduven.testcase.EvMenuPageTestCases"/>
  <testcase name="categorySettingPageTest" time="102.129" classname="com.eduven.testcase.EvMenuPageTestCases"/>
  <testcase name="wordOfTheDayTest" time="97.798" classname="com.eduven.testcase.EvMenuPageTestCases"/>
  <testcase name="getInTouchPageTest" time="45.918" classname="com.eduven.testcase.EvMenuPageTestCases"/>
  <testcase name="dislcaimerPageTest" time="49.867" classname="com.eduven.testcase.EvMenuPageTestCases"/>
  <testcase name="faqsPageTest" time="50.229" classname="com.eduven.testcase.EvMenuPageTestCases"/>
  <testcase name="termAndConditionPageTest" time="50.518" classname="com.eduven.testcase.EvMenuPageTestCases"/>
  <testcase name="privacyPolicyPageTest" time="51.013" classname="com.eduven.testcase.EvMenuPageTestCases"/>
  <testcase name="selectAllCategoryInCategorySettingPageTest" time="79.611" classname="com.eduven.testcase.EvMenuPageTestCases"/>
  <testcase name="selectAllCategoryInWordOffTheDayPageTest" time="81.339" classname="com.eduven.testcase.EvMenuPageTestCases"/>
  <testcase name="rateThisAppTest" time="0.0" classname="com.eduven.testcase.EvMenuPageTestCases"/>
  <testcase name="handling_rate_app_popup_test" time="65.494" classname="com.eduven.testcase.TermListPageTestCases"/>
  <testcase name="install_app_and_language_selection_test" time="111.995" classname="com.eduven.testcase.TermListPageTestCases"/>
  <testcase name="verify_rendering_name_on_termlist_page_test" time="0.0" classname="com.eduven.testcase.TermListPageTestCases"/>
  <testcase name="navigate_to_edit_term_page_test" time="88.183" classname="com.eduven.testcase.TermListPageTestCases"/>
  <testcase name="verify_contribute_page_without_text_test" time="23.0" classname="com.eduven.testcase.TermListPageTestCases"/>
  <testcase name="verify_contribute_page_with_word_test" time="44.346" classname="com.eduven.testcase.TermListPageTestCases"/>
  <testcase name="handling_rate_app_popup_test" time="64.904" classname="com.eduven.testcase.QuickListPageTestCases"/>
  <testcase name="install_app_and_language_selection_test" time="110.815" classname="com.eduven.testcase.QuickListPageTestCases"/>
  <testcase name="navigate_to_quick_list_test" time="22.812" classname="com.eduven.testcase.QuickListPageTestCases"/>
  <testcase name="verify_quick_list_headertxt_test" time="6.202" classname="com.eduven.testcase.QuickListPageTestCases"/>
  <testcase name="verify_quick_list_category_test" time="26.08" classname="com.eduven.testcase.QuickListPageTestCases"/>
  <testcase name="navigate_to_quick_list_term_test" time="25.192" classname="com.eduven.testcase.QuickListPageTestCases"/>
  <testcase name="verify_terms_name_on_termlist_page_test" time="137.781" classname="com.eduven.testcase.QuickListPageTestCases"/>
  <testcase name="verify_unlock_term_name_test" time="50.881" classname="com.eduven.testcase.QuickListPageTestCases"/>
  <testcase name="verify_lock_term_name_test" time="126.526" classname="com.eduven.testcase.QuickListPageTestCases"/>
  <testcase name="handlingRateTheAppPopupTest" time="64.838" classname="com.eduven.testcase.AutoPlayPageTestCases"/>
  <testcase name="languageSelectionTest" time="113.557" classname="com.eduven.testcase.AutoPlayPageTestCases"/>
  <testcase name="verifyCategoryHeaderTxt" time="2.188" classname="com.eduven.testcase.AutoPlayPageTestCases"/>
  <testcase name="selectRandomCategoryTest" time="25.208" classname="com.eduven.testcase.AutoPlayPageTestCases"/>
  <testcase name="verifyAutoPlayButtonTest" time="22.3" classname="com.eduven.testcase.AutoPlayPageTestCases"/>
  <testcase name="increaseDealayTimeTest" time="5.578" classname="com.eduven.testcase.AutoPlayPageTestCases"/>
  <testcase name="autoPlayButtonForPlayButtonTest" time="15.95" classname="com.eduven.testcase.AutoPlayPageTestCases"/>
  <testcase name="verify_auto_play_works_test" time="9.343" classname="com.eduven.testcase.AutoPlayPageTestCases">
    <failure type="java.lang.AssertionError" message="Error Message!! Turbo play does not work. expected [false] but found [true]">
      <![CDATA[java.lang.AssertionError: Error Message!! Turbo play does not work. expected [false] but found [true]
	at org.testng.Assert.fail(Assert.java:94)
	at org.testng.Assert.failNotEquals(Assert.java:496)
	at org.testng.Assert.assertFalse(Assert.java:63)
	at com.eduven.utils.Reusables.verifyElementNotPresent(Reusables.java:391)
	at com.eduven.modules.AutoPlay.verifyTermNameAfterAutoPlay(AutoPlay.java:264)
	at com.eduven.testcase.AutoPlayPageTestCases.verify_auto_play_works_test(AutoPlayPageTestCases.java:64)
	at sun.reflect.NativeMethodAccessorImpl.invoke0(Native Method)
	at sun.reflect.NativeMethodAccessorImpl.invoke(NativeMethodAccessorImpl.java:62)
	at sun.reflect.DelegatingMethodAccessorImpl.invoke(DelegatingMethodAccessorImpl.java:43)
	at java.lang.reflect.Method.invoke(Method.java:498)
	at org.testng.internal.MethodInvocationHelper.invokeMethod(MethodInvocationHelper.java:85)
	at org.testng.internal.Invoker.invokeMethod(Invoker.java:639)
	at org.testng.internal.Invoker.invokeTestMethod(Invoker.java:816)
	at org.testng.internal.Invoker.invokeTestMethods(Invoker.java:1124)
	at org.testng.internal.TestMethodWorker.invokeTestMethods(TestMethodWorker.java:125)
	at org.testng.internal.TestMethodWorker.run(TestMethodWorker.java:108)
	at org.testng.TestRunner.privateRun(TestRunner.java:774)
	at org.testng.TestRunner.run(TestRunner.java:624)
	at org.testng.SuiteRunner.runTest(SuiteRunner.java:359)
	at org.testng.SuiteRunner.runSequentially(SuiteRunner.java:354)
	at org.testng.SuiteRunner.privateRun(SuiteRunner.java:312)
	at org.testng.SuiteRunner.run(SuiteRunner.java:261)
	at org.testng.SuiteRunnerWorker.runSuite(SuiteRunnerWorker.java:52)
	at org.testng.SuiteRunnerWorker.run(SuiteRunnerWorker.java:86)
	at org.testng.TestNG.runSuitesSequentially(TestNG.java:1215)
	at org.testng.TestNG.runSuitesLocally(TestNG.java:1140)
	at org.testng.TestNG.run(TestNG.java:1048)
	at com.eduven.utils.RunTestng.main(RunTestng.java:58)
]]>
    </failure>
  </testcase> <!-- verify_auto_play_works_test -->
  <testcase name="handling_rate_app_popup_test" time="65.083" classname="com.eduven.testcase.PurchaseTestCases"/>
  <testcase name="install_app_and_language_selection_test" time="110.928" classname="com.eduven.testcase.PurchaseTestCases"/>
  <testcase name="verify_lock_term_before_purchase_test" time="131.807" classname="com.eduven.testcase.PurchaseTestCases"/>
  <testcase name="navigate_to_buy_test" time="44.767" classname="com.eduven.testcase.PurchaseTestCases"/>
  <testcase name="buy_app_purchase_test" time="211.58" classname="com.eduven.testcase.PurchaseTestCases"/>
  <testcase name="verify_purchase_btn_after_purchase" time="5.436" classname="com.eduven.testcase.PurchaseTestCases"/>
  <testcase name="verify_lock_term_appear_as_unlock_term_test" time="131.152" classname="com.eduven.testcase.PurchaseTestCases"/>
  <testcase name="handling_rate_app_popup_test" time="66.664" classname="com.eduven.testcase.SwitchLanguagePageTestCases"/>
  <testcase name="install_app_and_language_selection_test" time="109.758" classname="com.eduven.testcase.SwitchLanguagePageTestCases"/>
  <testcase name="navigate_to_switch_lingo_page_test" time="28.155" classname="com.eduven.testcase.SwitchLanguagePageTestCases"/>
  <testcase name="switch_lingo_change_base_language_test" time="43.415" classname="com.eduven.testcase.SwitchLanguagePageTestCases"/>
  <testcase name="purchase_native_langugae_test" time="264.995" classname="com.eduven.testcase.SwitchLanguagePageTestCases"/>
  <testcase name="language_selection_test" time="45.385" classname="com.eduven.testcase.SwitchLanguagePageTestCases"/>
  <testcase name="verify_category_list_after_base_language_change_test" time="14.878" classname="com.eduven.testcase.SwitchLanguagePageTestCases">
    <failure type="java.lang.AssertionError" message="Error Message!! Actual and Expected category term count not matched. expected [0] but found [24]">
      <![CDATA[java.lang.AssertionError: Error Message!! Actual and Expected category term count not matched. expected [0] but found [24]
	at org.testng.Assert.fail(Assert.java:94)
	at org.testng.Assert.failNotEquals(Assert.java:496)
	at org.testng.Assert.assertEquals(Assert.java:125)
	at org.testng.Assert.assertEquals(Assert.java:178)
	at com.eduven.utils.Reusables.verifyEqualMessage(Reusables.java:407)
	at com.eduven.modules.Categories.verifyCategoryListAndTermCount(Categories.java:116)
	at com.eduven.testcase.SwitchLanguagePageTestCases.verify_category_list_after_base_language_change_test(SwitchLanguagePageTestCases.java:65)
	at sun.reflect.NativeMethodAccessorImpl.invoke0(Native Method)
	at sun.reflect.NativeMethodAccessorImpl.invoke(NativeMethodAccessorImpl.java:62)
	at sun.reflect.DelegatingMethodAccessorImpl.invoke(DelegatingMethodAccessorImpl.java:43)
	at java.lang.reflect.Method.invoke(Method.java:498)
	at org.testng.internal.MethodInvocationHelper.invokeMethod(MethodInvocationHelper.java:85)
	at org.testng.internal.Invoker.invokeMethod(Invoker.java:639)
	at org.testng.internal.Invoker.invokeTestMethod(Invoker.java:816)
	at org.testng.internal.Invoker.invokeTestMethods(Invoker.java:1124)
	at org.testng.internal.TestMethodWorker.invokeTestMethods(TestMethodWorker.java:125)
	at org.testng.internal.TestMethodWorker.run(TestMethodWorker.java:108)
	at org.testng.TestRunner.privateRun(TestRunner.java:774)
	at org.testng.TestRunner.run(TestRunner.java:624)
	at org.testng.SuiteRunner.runTest(SuiteRunner.java:359)
	at org.testng.SuiteRunner.runSequentially(SuiteRunner.java:354)
	at org.testng.SuiteRunner.privateRun(SuiteRunner.java:312)
	at org.testng.SuiteRunner.run(SuiteRunner.java:261)
	at org.testng.SuiteRunnerWorker.runSuite(SuiteRunnerWorker.java:52)
	at org.testng.SuiteRunnerWorker.run(SuiteRunnerWorker.java:86)
	at org.testng.TestNG.runSuitesSequentially(TestNG.java:1215)
	at org.testng.TestNG.runSuitesLocally(TestNG.java:1140)
	at org.testng.TestNG.run(TestNG.java:1048)
	at com.eduven.utils.RunTestng.main(RunTestng.java:58)
]]>
    </failure>
  </testcase> <!-- verify_category_list_after_base_language_change_test -->
  <testcase name="verify_term_header_and_term_name_list_test" time="35.732" classname="com.eduven.testcase.SwitchLanguagePageTestCases"/>
  <testcase name="navigate_to_quick_list_test" time="22.7" classname="com.eduven.testcase.SwitchLanguagePageTestCases"/>
  <testcase name="verify_quick_list_headertxt_test" time="6.152" classname="com.eduven.testcase.SwitchLanguagePageTestCases"/>
  <testcase name="verify_quick_list_category_test" time="26.088" classname="com.eduven.testcase.SwitchLanguagePageTestCases"/>
  <testcase name="navigate_to_quick_list_term_test" time="16.932" classname="com.eduven.testcase.SwitchLanguagePageTestCases"/>
  <testcase name="verify_terms_name_on_termlist_page_test" time="14.191" classname="com.eduven.testcase.SwitchLanguagePageTestCases"/>
</testsuite> <!-- Regression Testing Learn Russian -->
