<?xml version="1.0" encoding="UTF-8"?>
<!-- Generated by org.testng.reporters.JUnitXMLReporter -->
<testsuite hostname="Hitesh-Mac-Mini.local" name="Regression Testing Speak Portuguese" tests="105" failures="8" timestamp="21 Oct 2016 12:20:48 GMT" time="6737.039" errors="0">
  <testcase name="@AfterTest tearDown" time="0.0" classname="com.eduven.testcase.CheckInterstetialAfterPurchase">
    <failure type="java.lang.IllegalArgumentException" message="wrong number of arguments">
      <![CDATA[java.lang.IllegalArgumentException: wrong number of arguments
	at sun.reflect.NativeMethodAccessorImpl.invoke0(Native Method)
	at sun.reflect.NativeMethodAccessorImpl.invoke(NativeMethodAccessorImpl.java:62)
	at sun.reflect.DelegatingMethodAccessorImpl.invoke(DelegatingMethodAccessorImpl.java:43)
	at java.lang.reflect.Method.invoke(Method.java:498)
	at org.testng.internal.MethodInvocationHelper.invokeMethod(MethodInvocationHelper.java:85)
	at org.testng.internal.Invoker.invokeConfigurationMethod(Invoker.java:510)
	at org.testng.internal.Invoker.invokeConfigurations(Invoker.java:211)
	at org.testng.internal.Invoker.invokeConfigurations(Invoker.java:138)
	at org.testng.TestRunner.afterRun(TestRunner.java:1023)
	at org.testng.TestRunner.run(TestRunner.java:628)
	at org.testng.SuiteRunner.runTest(SuiteRunner.java:359)
	at org.testng.SuiteRunner.runSequentially(SuiteRunner.java:354)
	at org.testng.SuiteRunner.privateRun(SuiteRunner.java:312)
	at org.testng.SuiteRunner.run(SuiteRunner.java:261)
	at org.testng.SuiteRunnerWorker.runSuite(SuiteRunnerWorker.java:52)
	at org.testng.SuiteRunnerWorker.run(SuiteRunnerWorker.java:86)
	at org.testng.TestNG.runSuitesSequentially(TestNG.java:1215)
	at org.testng.TestNG.runSuitesLocally(TestNG.java:1140)
	at org.testng.TestNG.run(TestNG.java:1048)
	at com.eduven.utils.RunTestng.main(RunTestng.java:58)
]]>
    </failure>
  </testcase> <!-- @AfterTest tearDown -->
  <testcase name="@AfterTest tearDown" time="0.0" classname="com.eduven.testcase.CheckInterstetialAfterPurchase">
    <skipped/>
  </testcase> <!-- @AfterTest tearDown -->
  <testcase name="@AfterTest tearDown" time="0.0" classname="com.eduven.testcase.CheckInterstetialAfterPurchase">
    <skipped/>
  </testcase> <!-- @AfterTest tearDown -->
  <testcase name="install_app_and_language_selection_test" time="67.76" classname="com.eduven.testcase.HomePageTestCases"/>
  <testcase name="handling_rate_app_popup_test" time="65.096" classname="com.eduven.testcase.HomePageTestCases"/>
  <testcase name="verify_element_on_homePage_test" time="9.991" classname="com.eduven.testcase.HomePageTestCases"/>
  <testcase name="verify_footer_quicklist_button_on_home_page_test" time="2.066" classname="com.eduven.testcase.HomePageTestCases"/>
  <testcase name="verify_footer_edubank_button_on_home_page_test" time="2.198" classname="com.eduven.testcase.HomePageTestCases"/>
  <testcase name="verify_footer_purchase_button_on_home_page_test" time="2.064" classname="com.eduven.testcase.HomePageTestCases"/>
  <testcase name="verify_footer_games_button_on_home_page_test" time="2.199" classname="com.eduven.testcase.HomePageTestCases"/>
  <testcase name="verify_footer_switchlingo_button_on_home_page_test" time="2.077" classname="com.eduven.testcase.HomePageTestCases"/>
  <testcase name="handling_rate_app_popup_test" time="63.79" classname="com.eduven.testcase.CategoryPageTestCases"/>
  <testcase name="install_app_and_language_selection_test" time="112.701" classname="com.eduven.testcase.CategoryPageTestCases"/>
  <testcase name="verifyCategoryHeaderTxt" time="2.212" classname="com.eduven.testcase.CategoryPageTestCases"/>
  <testcase name="verifyCategoriesList" time="629.492" classname="com.eduven.testcase.CategoryPageTestCases"/>
  <testcase name="handling_rate_app_popup_test" time="62.756" classname="com.eduven.testcase.EduBankPageTestCases"/>
  <testcase name="install_app_and_language_selection_test" time="110.877" classname="com.eduven.testcase.EduBankPageTestCases"/>
  <testcase name="navigate_to_edubank_test" time="89.064" classname="com.eduven.testcase.EduBankPageTestCases"/>
  <testcase name="navigate_to_term_page_test" time="52.43" classname="com.eduven.testcase.EduBankPageTestCases"/>
  <testcase name="add_term_in_edubank_test" time="29.946" classname="com.eduven.testcase.EduBankPageTestCases"/>
  <testcase name="verify_added_term_in_edubank_test" time="35.713" classname="com.eduven.testcase.EduBankPageTestCases"/>
  <testcase name="remove_terms_from_Edubank_test" time="6.505" classname="com.eduven.testcase.EduBankPageTestCases"/>
  <testcase name="verify_added_term_in_edubank_after_remove_one_term_test" time="33.419" classname="com.eduven.testcase.EduBankPageTestCases"/>
  <testcase name="remove_all_terms_from_Edubank_test" time="6.782" classname="com.eduven.testcase.EduBankPageTestCases"/>
  <testcase name="navigate_to_edubank_quicklist_test" time="91.946" classname="com.eduven.testcase.EduBankPageTestCases"/>
  <testcase name="navigate_to_quicklist_page_test" time="29.166" classname="com.eduven.testcase.EduBankPageTestCases"/>
  <testcase name="navigate_to_quicklist_term_page_test" time="28.39" classname="com.eduven.testcase.EduBankPageTestCases"/>
  <testcase name="add_term_in_edubank_for_quicklist_test" time="104.544" classname="com.eduven.testcase.EduBankPageTestCases"/>
  <testcase name="verify_added_term_in_edubank_for_quicklist_test" time="29.125" classname="com.eduven.testcase.EduBankPageTestCases"/>
  <testcase name="remove_terms_from_Edubank_for_quicklist_test" time="6.464" classname="com.eduven.testcase.EduBankPageTestCases"/>
  <testcase name="verify_added_term_in_edubank_for_quicklist_after_remove_one_term_test" time="33.49" classname="com.eduven.testcase.EduBankPageTestCases"/>
  <testcase name="remove_all_terms_from_Edubank_for_quicklist_test" time="3.42" classname="com.eduven.testcase.EduBankPageTestCases"/>
  <testcase name="handling_rate_app_popup_test" time="17.068" classname="com.eduven.testcase.SearchPageTestCases"/>
  <testcase name="install_app_and_language_selection_test" time="112.896" classname="com.eduven.testcase.SearchPageTestCases"/>
  <testcase name="navigate_to_search_page_test" time="8.376" classname="com.eduven.testcase.SearchPageTestCases"/>
  <testcase name="verify_search_page_header_test" time="6.709" classname="com.eduven.testcase.SearchPageTestCases"/>
  <testcase name="free_term_search_test" time="182.607" classname="com.eduven.testcase.SearchPageTestCases"/>
  <testcase name="search_page_audio_test" time="65.773" classname="com.eduven.testcase.SearchPageTestCases">
    <failure type="org.openqa.selenium.WebDriverException" message="An unknown server-side error occurred while processing the command. (WARNING: The server did not provide any stacktrace information)
Command duration or timeout: 1.82 seconds
Build info: version: &amp;apos;2.51.0&amp;apos;, revision: &amp;apos;1af067d&amp;apos;, time: &amp;apos;2016-02-05 19:11:55&amp;apos;
System info: host: &amp;apos;Hitesh-Mac-Mini.local&amp;apos;, ip: &amp;apos;10.30.30.97&amp;apos;, os.name: &amp;apos;Mac OS X&amp;apos;, os.arch: &amp;apos;x86_64&amp;apos;, os.version: &amp;apos;10.11.6&amp;apos;, java.version: &amp;apos;1.8.0_74&amp;apos;
Driver info: io.appium.java_client.ios.IOSDriver
Capabilities [{app=/Users/hiteshbhardwaj/Desktop/Automation/app/LanguagesForIOS/portuguese/portuguese.ipa, networkConnectionEnabled=false, warnings={}, appiumVersion=1.4.13, databaseEnabled=false, deviceName=Rahul&amp;apos;s iPad (9.3.5), platform=UNIX, desired={app=/Users/hiteshbhardwaj/Desktop/Automation/app/LanguagesForIOS/portuguese/portuguese.ipa, appiumVersion=1.4.13, platformVersion=9.3, automationName=Appium, udid=84974ee52e47314f4e50b296df4610e953edc63f, platformName=iOS, deviceName=Rahul&amp;apos;s iPad (9.3.5), platform=IOS}, platformVersion=9.3, webStorageEnabled=false, locationContextEnabled=false, automationName=Appium, browserName=iOS, takesScreenshot=true, javascriptEnabled=true, udid=84974ee52e47314f4e50b296df4610e953edc63f, platformName=iOS}]
Session ID: acab19ef-df8c-4b83-9659-e37893ab7483">
      <![CDATA[org.openqa.selenium.WebDriverException: An unknown server-side error occurred while processing the command. (WARNING: The server did not provide any stacktrace information)
Command duration or timeout: 1.82 seconds
Build info: version: '2.51.0', revision: '1af067d', time: '2016-02-05 19:11:55'
System info: host: 'Hitesh-Mac-Mini.local', ip: '10.30.30.97', os.name: 'Mac OS X', os.arch: 'x86_64', os.version: '10.11.6', java.version: '1.8.0_74'
Driver info: io.appium.java_client.ios.IOSDriver
Capabilities [{app=/Users/hiteshbhardwaj/Desktop/Automation/app/LanguagesForIOS/portuguese/portuguese.ipa, networkConnectionEnabled=false, warnings={}, appiumVersion=1.4.13, databaseEnabled=false, deviceName=Rahul's iPad (9.3.5), platform=UNIX, desired={app=/Users/hiteshbhardwaj/Desktop/Automation/app/LanguagesForIOS/portuguese/portuguese.ipa, appiumVersion=1.4.13, platformVersion=9.3, automationName=Appium, udid=84974ee52e47314f4e50b296df4610e953edc63f, platformName=iOS, deviceName=Rahul's iPad (9.3.5), platform=IOS}, platformVersion=9.3, webStorageEnabled=false, locationContextEnabled=false, automationName=Appium, browserName=iOS, takesScreenshot=true, javascriptEnabled=true, udid=84974ee52e47314f4e50b296df4610e953edc63f, platformName=iOS}]
Session ID: acab19ef-df8c-4b83-9659-e37893ab7483
	at sun.reflect.NativeConstructorAccessorImpl.newInstance0(Native Method)
	at sun.reflect.NativeConstructorAccessorImpl.newInstance(NativeConstructorAccessorImpl.java:62)
	at sun.reflect.DelegatingConstructorAccessorImpl.newInstance(DelegatingConstructorAccessorImpl.java:45)
	at java.lang.reflect.Constructor.newInstance(Constructor.java:423)
	at org.openqa.selenium.remote.ErrorHandler.createThrowable(ErrorHandler.java:206)
	at org.openqa.selenium.remote.ErrorHandler.throwIfResponseFailed(ErrorHandler.java:158)
	at org.openqa.selenium.remote.RemoteWebDriver.execute(RemoteWebDriver.java:678)
	at io.appium.java_client.DefaultGenericMobileDriver.execute(DefaultGenericMobileDriver.java:43)
	at io.appium.java_client.AppiumDriver.execute(AppiumDriver.java:216)
	at org.openqa.selenium.remote.RemoteWebDriver$RemoteNavigation.back(RemoteWebDriver.java:961)
	at com.eduven.utils.Reusables.stepBack(Reusables.java:213)
	at com.eduven.testcase.SearchPageTestCases.search_page_audio_test(SearchPageTestCases.java:57)
	at sun.reflect.NativeMethodAccessorImpl.invoke0(Native Method)
	at sun.reflect.NativeMethodAccessorImpl.invoke(NativeMethodAccessorImpl.java:62)
	at sun.reflect.DelegatingMethodAccessorImpl.invoke(DelegatingMethodAccessorImpl.java:43)
	at java.lang.reflect.Method.invoke(Method.java:498)
	at org.testng.internal.MethodInvocationHelper.invokeMethod(MethodInvocationHelper.java:85)
	at org.testng.internal.Invoker.invokeMethod(Invoker.java:639)
	at org.testng.internal.Invoker.invokeTestMethod(Invoker.java:816)
	at org.testng.internal.Invoker.invokeTestMethods(Invoker.java:1124)
	at org.testng.internal.TestMethodWorker.invokeTestMethods(TestMethodWorker.java:125)
	at org.testng.internal.TestMethodWorker.run(TestMethodWorker.java:108)
	at org.testng.TestRunner.privateRun(TestRunner.java:774)
	at org.testng.TestRunner.run(TestRunner.java:624)
	at org.testng.SuiteRunner.runTest(SuiteRunner.java:359)
	at org.testng.SuiteRunner.runSequentially(SuiteRunner.java:354)
	at org.testng.SuiteRunner.privateRun(SuiteRunner.java:312)
	at org.testng.SuiteRunner.run(SuiteRunner.java:261)
	at org.testng.SuiteRunnerWorker.runSuite(SuiteRunnerWorker.java:52)
	at org.testng.SuiteRunnerWorker.run(SuiteRunnerWorker.java:86)
	at org.testng.TestNG.runSuitesSequentially(TestNG.java:1215)
	at org.testng.TestNG.runSuitesLocally(TestNG.java:1140)
	at org.testng.TestNG.run(TestNG.java:1048)
	at com.eduven.utils.RunTestng.main(RunTestng.java:58)
]]>
    </failure>
  </testcase> <!-- search_page_audio_test -->
  <testcase name="premium_term_search_test" time="60.903" classname="com.eduven.testcase.SearchPageTestCases"/>
  <testcase name="handlingRateThisAppTest" time="63.732" classname="com.eduven.testcase.EvMenuPageTestCases"/>
  <testcase name="installAppAndLanguageSelectionTest" time="113.104" classname="com.eduven.testcase.EvMenuPageTestCases"/>
  <testcase name="navigateToMoreAppsPageTest" time="42.592" classname="com.eduven.testcase.EvMenuPageTestCases"/>
  <testcase name="verifyMoreAppsPageTest" time="0.0" classname="com.eduven.testcase.EvMenuPageTestCases"/>
  <testcase name="navigateToContributePageTest" time="28.812" classname="com.eduven.testcase.EvMenuPageTestCases"/>
  <testcase name="verifyContributePageWithoutTextTest" time="23.165" classname="com.eduven.testcase.EvMenuPageTestCases"/>
  <testcase name="verifyContributePageWithCategoryTest" time="57.68" classname="com.eduven.testcase.EvMenuPageTestCases"/>
  <testcase name="verifyContributePageWithWordTest" time="45.122" classname="com.eduven.testcase.EvMenuPageTestCases"/>
  <testcase name="verifyContributePageWithRequiredTextTest" time="67.96" classname="com.eduven.testcase.EvMenuPageTestCases"/>
  <testcase name="categorySettingPageTest" time="101.761" classname="com.eduven.testcase.EvMenuPageTestCases"/>
  <testcase name="wordOfTheDayTest" time="99.796" classname="com.eduven.testcase.EvMenuPageTestCases"/>
  <testcase name="getInTouchPageTest" time="45.971" classname="com.eduven.testcase.EvMenuPageTestCases"/>
  <testcase name="dislcaimerPageTest" time="49.881" classname="com.eduven.testcase.EvMenuPageTestCases"/>
  <testcase name="faqsPageTest" time="49.805" classname="com.eduven.testcase.EvMenuPageTestCases"/>
  <testcase name="termAndConditionPageTest" time="50.307" classname="com.eduven.testcase.EvMenuPageTestCases"/>
  <testcase name="privacyPolicyPageTest" time="50.681" classname="com.eduven.testcase.EvMenuPageTestCases"/>
  <testcase name="selectAllCategoryInCategorySettingPageTest" time="78.837" classname="com.eduven.testcase.EvMenuPageTestCases"/>
  <testcase name="selectAllCategoryInWordOffTheDayPageTest" time="81.285" classname="com.eduven.testcase.EvMenuPageTestCases"/>
  <testcase name="rateThisAppTest" time="0.0" classname="com.eduven.testcase.EvMenuPageTestCases"/>
  <testcase name="handling_rate_app_popup_test" time="64.08" classname="com.eduven.testcase.TermListPageTestCases"/>
  <testcase name="install_app_and_language_selection_test" time="112.763" classname="com.eduven.testcase.TermListPageTestCases"/>
  <testcase name="verify_rendering_name_on_termlist_page_test" time="0.0" classname="com.eduven.testcase.TermListPageTestCases"/>
  <testcase name="navigate_to_edit_term_page_test" time="58.688" classname="com.eduven.testcase.TermListPageTestCases"/>
  <testcase name="verify_contribute_page_without_text_test" time="22.791" classname="com.eduven.testcase.TermListPageTestCases"/>
  <testcase name="verify_contribute_page_with_word_test" time="39.777" classname="com.eduven.testcase.TermListPageTestCases"/>
  <testcase name="handling_rate_app_popup_test" time="64.025" classname="com.eduven.testcase.QuickListPageTestCases"/>
  <testcase name="install_app_and_language_selection_test" time="113.554" classname="com.eduven.testcase.QuickListPageTestCases"/>
  <testcase name="navigate_to_quick_list_test" time="22.713" classname="com.eduven.testcase.QuickListPageTestCases"/>
  <testcase name="verify_quick_list_headertxt_test" time="6.164" classname="com.eduven.testcase.QuickListPageTestCases"/>
  <testcase name="verify_quick_list_category_test" time="25.945" classname="com.eduven.testcase.QuickListPageTestCases"/>
  <testcase name="navigate_to_quick_list_term_test" time="21.194" classname="com.eduven.testcase.QuickListPageTestCases"/>
  <testcase name="verify_terms_name_on_termlist_page_test" time="73.572" classname="com.eduven.testcase.QuickListPageTestCases"/>
  <testcase name="verify_unlock_term_name_test" time="91.437" classname="com.eduven.testcase.QuickListPageTestCases">
    <failure type="org.openqa.selenium.WebDriverException" message="An unknown server-side error occurred while processing the command. (WARNING: The server did not provide any stacktrace information)
Command duration or timeout: 1.61 seconds
Build info: version: &amp;apos;2.51.0&amp;apos;, revision: &amp;apos;1af067d&amp;apos;, time: &amp;apos;2016-02-05 19:11:55&amp;apos;
System info: host: &amp;apos;Hitesh-Mac-Mini.local&amp;apos;, ip: &amp;apos;10.30.30.97&amp;apos;, os.name: &amp;apos;Mac OS X&amp;apos;, os.arch: &amp;apos;x86_64&amp;apos;, os.version: &amp;apos;10.11.6&amp;apos;, java.version: &amp;apos;1.8.0_74&amp;apos;
Driver info: io.appium.java_client.ios.IOSDriver
Capabilities [{app=/Users/hiteshbhardwaj/Desktop/Automation/app/LanguagesForIOS/portuguese/portuguese.ipa, networkConnectionEnabled=false, warnings={}, appiumVersion=1.4.13, databaseEnabled=false, deviceName=Rahul&amp;apos;s iPad (9.3.5), platform=UNIX, desired={app=/Users/hiteshbhardwaj/Desktop/Automation/app/LanguagesForIOS/portuguese/portuguese.ipa, appiumVersion=1.4.13, platformVersion=9.3, automationName=Appium, udid=84974ee52e47314f4e50b296df4610e953edc63f, platformName=iOS, deviceName=Rahul&amp;apos;s iPad (9.3.5), platform=IOS}, platformVersion=9.3, webStorageEnabled=false, locationContextEnabled=false, automationName=Appium, browserName=iOS, takesScreenshot=true, javascriptEnabled=true, udid=84974ee52e47314f4e50b296df4610e953edc63f, platformName=iOS}]
Session ID: acab19ef-df8c-4b83-9659-e37893ab7483">
      <![CDATA[org.openqa.selenium.WebDriverException: An unknown server-side error occurred while processing the command. (WARNING: The server did not provide any stacktrace information)
Command duration or timeout: 1.61 seconds
Build info: version: '2.51.0', revision: '1af067d', time: '2016-02-05 19:11:55'
System info: host: 'Hitesh-Mac-Mini.local', ip: '10.30.30.97', os.name: 'Mac OS X', os.arch: 'x86_64', os.version: '10.11.6', java.version: '1.8.0_74'
Driver info: io.appium.java_client.ios.IOSDriver
Capabilities [{app=/Users/hiteshbhardwaj/Desktop/Automation/app/LanguagesForIOS/portuguese/portuguese.ipa, networkConnectionEnabled=false, warnings={}, appiumVersion=1.4.13, databaseEnabled=false, deviceName=Rahul's iPad (9.3.5), platform=UNIX, desired={app=/Users/hiteshbhardwaj/Desktop/Automation/app/LanguagesForIOS/portuguese/portuguese.ipa, appiumVersion=1.4.13, platformVersion=9.3, automationName=Appium, udid=84974ee52e47314f4e50b296df4610e953edc63f, platformName=iOS, deviceName=Rahul's iPad (9.3.5), platform=IOS}, platformVersion=9.3, webStorageEnabled=false, locationContextEnabled=false, automationName=Appium, browserName=iOS, takesScreenshot=true, javascriptEnabled=true, udid=84974ee52e47314f4e50b296df4610e953edc63f, platformName=iOS}]
Session ID: acab19ef-df8c-4b83-9659-e37893ab7483
	at sun.reflect.NativeConstructorAccessorImpl.newInstance0(Native Method)
	at sun.reflect.NativeConstructorAccessorImpl.newInstance(NativeConstructorAccessorImpl.java:62)
	at sun.reflect.DelegatingConstructorAccessorImpl.newInstance(DelegatingConstructorAccessorImpl.java:45)
	at java.lang.reflect.Constructor.newInstance(Constructor.java:423)
	at org.openqa.selenium.remote.ErrorHandler.createThrowable(ErrorHandler.java:206)
	at org.openqa.selenium.remote.ErrorHandler.throwIfResponseFailed(ErrorHandler.java:158)
	at org.openqa.selenium.remote.RemoteWebDriver.execute(RemoteWebDriver.java:678)
	at io.appium.java_client.DefaultGenericMobileDriver.execute(DefaultGenericMobileDriver.java:43)
	at io.appium.java_client.AppiumDriver.execute(AppiumDriver.java:216)
	at org.openqa.selenium.remote.RemoteWebDriver$RemoteNavigation.back(RemoteWebDriver.java:961)
	at com.eduven.utils.Reusables.stepBack(Reusables.java:213)
	at com.eduven.testcase.QuickListPageTestCases.verify_unlock_term_name_test(QuickListPageTestCases.java:66)
	at sun.reflect.NativeMethodAccessorImpl.invoke0(Native Method)
	at sun.reflect.NativeMethodAccessorImpl.invoke(NativeMethodAccessorImpl.java:62)
	at sun.reflect.DelegatingMethodAccessorImpl.invoke(DelegatingMethodAccessorImpl.java:43)
	at java.lang.reflect.Method.invoke(Method.java:498)
	at org.testng.internal.MethodInvocationHelper.invokeMethod(MethodInvocationHelper.java:85)
	at org.testng.internal.Invoker.invokeMethod(Invoker.java:639)
	at org.testng.internal.Invoker.invokeTestMethod(Invoker.java:816)
	at org.testng.internal.Invoker.invokeTestMethods(Invoker.java:1124)
	at org.testng.internal.TestMethodWorker.invokeTestMethods(TestMethodWorker.java:125)
	at org.testng.internal.TestMethodWorker.run(TestMethodWorker.java:108)
	at org.testng.TestRunner.privateRun(TestRunner.java:774)
	at org.testng.TestRunner.run(TestRunner.java:624)
	at org.testng.SuiteRunner.runTest(SuiteRunner.java:359)
	at org.testng.SuiteRunner.runSequentially(SuiteRunner.java:354)
	at org.testng.SuiteRunner.privateRun(SuiteRunner.java:312)
	at org.testng.SuiteRunner.run(SuiteRunner.java:261)
	at org.testng.SuiteRunnerWorker.runSuite(SuiteRunnerWorker.java:52)
	at org.testng.SuiteRunnerWorker.run(SuiteRunnerWorker.java:86)
	at org.testng.TestNG.runSuitesSequentially(TestNG.java:1215)
	at org.testng.TestNG.runSuitesLocally(TestNG.java:1140)
	at org.testng.TestNG.run(TestNG.java:1048)
	at com.eduven.utils.RunTestng.main(RunTestng.java:58)
]]>
    </failure>
  </testcase> <!-- verify_unlock_term_name_test -->
  <testcase name="verify_lock_term_name_test" time="89.912" classname="com.eduven.testcase.QuickListPageTestCases"/>
  <testcase name="handlingRateTheAppPopupTest" time="63.907" classname="com.eduven.testcase.AutoPlayPageTestCases"/>
  <testcase name="languageSelectionTest" time="112.649" classname="com.eduven.testcase.AutoPlayPageTestCases"/>
  <testcase name="verifyCategoryHeaderTxt" time="2.098" classname="com.eduven.testcase.AutoPlayPageTestCases"/>
  <testcase name="selectRandomCategoryTest" time="19.168" classname="com.eduven.testcase.AutoPlayPageTestCases"/>
  <testcase name="autoPlayButtonTest" time="43.44" classname="com.eduven.testcase.AutoPlayPageTestCases">
    <failure type="java.lang.NullPointerException">
      <![CDATA[java.lang.NullPointerException
	at com.eduven.utils.Reusables.verifyElementPresent(Reusables.java:371)
	at com.eduven.modules.AutoPlay.verifyButtonPresent(AutoPlay.java:214)
	at com.eduven.testcase.AutoPlayPageTestCases.autoPlayButtonTest(AutoPlayPageTestCases.java:48)
	at sun.reflect.NativeMethodAccessorImpl.invoke0(Native Method)
	at sun.reflect.NativeMethodAccessorImpl.invoke(NativeMethodAccessorImpl.java:62)
	at sun.reflect.DelegatingMethodAccessorImpl.invoke(DelegatingMethodAccessorImpl.java:43)
	at java.lang.reflect.Method.invoke(Method.java:498)
	at org.testng.internal.MethodInvocationHelper.invokeMethod(MethodInvocationHelper.java:85)
	at org.testng.internal.Invoker.invokeMethod(Invoker.java:639)
	at org.testng.internal.Invoker.invokeTestMethod(Invoker.java:816)
	at org.testng.internal.Invoker.invokeTestMethods(Invoker.java:1124)
	at org.testng.internal.TestMethodWorker.invokeTestMethods(TestMethodWorker.java:125)
	at org.testng.internal.TestMethodWorker.run(TestMethodWorker.java:108)
	at org.testng.TestRunner.privateRun(TestRunner.java:774)
	at org.testng.TestRunner.run(TestRunner.java:624)
	at org.testng.SuiteRunner.runTest(SuiteRunner.java:359)
	at org.testng.SuiteRunner.runSequentially(SuiteRunner.java:354)
	at org.testng.SuiteRunner.privateRun(SuiteRunner.java:312)
	at org.testng.SuiteRunner.run(SuiteRunner.java:261)
	at org.testng.SuiteRunnerWorker.runSuite(SuiteRunnerWorker.java:52)
	at org.testng.SuiteRunnerWorker.run(SuiteRunnerWorker.java:86)
	at org.testng.TestNG.runSuitesSequentially(TestNG.java:1215)
	at org.testng.TestNG.runSuitesLocally(TestNG.java:1140)
	at org.testng.TestNG.run(TestNG.java:1048)
	at com.eduven.utils.RunTestng.main(RunTestng.java:58)
]]>
    </failure>
  </testcase> <!-- autoPlayButtonTest -->
  <testcase name="increaseDealayTimeTest" time="33.6" classname="com.eduven.testcase.AutoPlayPageTestCases"/>
  <testcase name="autoPlayButtonForPlayButtonTest" time="37.349" classname="com.eduven.testcase.AutoPlayPageTestCases">
    <failure type="java.lang.NullPointerException">
      <![CDATA[java.lang.NullPointerException
	at com.eduven.utils.Reusables.verifyElementDisable(Reusables.java:357)
	at com.eduven.modules.AutoPlay.verifyButtonAfterStartPlayButton(AutoPlay.java:230)
	at com.eduven.testcase.AutoPlayPageTestCases.autoPlayButtonForPlayButtonTest(AutoPlayPageTestCases.java:59)
	at sun.reflect.NativeMethodAccessorImpl.invoke0(Native Method)
	at sun.reflect.NativeMethodAccessorImpl.invoke(NativeMethodAccessorImpl.java:62)
	at sun.reflect.DelegatingMethodAccessorImpl.invoke(DelegatingMethodAccessorImpl.java:43)
	at java.lang.reflect.Method.invoke(Method.java:498)
	at org.testng.internal.MethodInvocationHelper.invokeMethod(MethodInvocationHelper.java:85)
	at org.testng.internal.Invoker.invokeMethod(Invoker.java:639)
	at org.testng.internal.Invoker.invokeTestMethod(Invoker.java:816)
	at org.testng.internal.Invoker.invokeTestMethods(Invoker.java:1124)
	at org.testng.internal.TestMethodWorker.invokeTestMethods(TestMethodWorker.java:125)
	at org.testng.internal.TestMethodWorker.run(TestMethodWorker.java:108)
	at org.testng.TestRunner.privateRun(TestRunner.java:774)
	at org.testng.TestRunner.run(TestRunner.java:624)
	at org.testng.SuiteRunner.runTest(SuiteRunner.java:359)
	at org.testng.SuiteRunner.runSequentially(SuiteRunner.java:354)
	at org.testng.SuiteRunner.privateRun(SuiteRunner.java:312)
	at org.testng.SuiteRunner.run(SuiteRunner.java:261)
	at org.testng.SuiteRunnerWorker.runSuite(SuiteRunnerWorker.java:52)
	at org.testng.SuiteRunnerWorker.run(SuiteRunnerWorker.java:86)
	at org.testng.TestNG.runSuitesSequentially(TestNG.java:1215)
	at org.testng.TestNG.runSuitesLocally(TestNG.java:1140)
	at org.testng.TestNG.run(TestNG.java:1048)
	at com.eduven.utils.RunTestng.main(RunTestng.java:58)
]]>
    </failure>
  </testcase> <!-- autoPlayButtonForPlayButtonTest -->
  <testcase name="verify_auto_play_works_test" time="5.599" classname="com.eduven.testcase.AutoPlayPageTestCases"/>
  <testcase name="handling_rate_app_popup_test" time="64.276" classname="com.eduven.testcase.CheckInterstetialBeforePurchase"/>
  <testcase name="installAppAndLanguageSelectionTest" time="113.199" classname="com.eduven.testcase.CheckInterstetialBeforePurchase"/>
  <testcase name="verify_interstetial_for_quiz_test" time="68.659" classname="com.eduven.testcase.CheckInterstetialBeforePurchase">
    <failure type="org.openqa.selenium.WebDriverException" message="An unknown server-side error occurred while processing the command. (WARNING: The server did not provide any stacktrace information)
Command duration or timeout: 1.49 seconds
Build info: version: &amp;apos;2.51.0&amp;apos;, revision: &amp;apos;1af067d&amp;apos;, time: &amp;apos;2016-02-05 19:11:55&amp;apos;
System info: host: &amp;apos;Hitesh-Mac-Mini.local&amp;apos;, ip: &amp;apos;10.30.30.97&amp;apos;, os.name: &amp;apos;Mac OS X&amp;apos;, os.arch: &amp;apos;x86_64&amp;apos;, os.version: &amp;apos;10.11.6&amp;apos;, java.version: &amp;apos;1.8.0_74&amp;apos;
Driver info: io.appium.java_client.ios.IOSDriver
Capabilities [{app=/Users/hiteshbhardwaj/Desktop/Automation/app/LanguagesForIOS/portuguese/portuguese.ipa, networkConnectionEnabled=false, warnings={}, appiumVersion=1.4.13, databaseEnabled=false, deviceName=Rahul&amp;apos;s iPad (9.3.5), platform=UNIX, desired={app=/Users/hiteshbhardwaj/Desktop/Automation/app/LanguagesForIOS/portuguese/portuguese.ipa, appiumVersion=1.4.13, platformVersion=9.3, automationName=Appium, udid=84974ee52e47314f4e50b296df4610e953edc63f, platformName=iOS, deviceName=Rahul&amp;apos;s iPad (9.3.5), platform=IOS}, platformVersion=9.3, webStorageEnabled=false, locationContextEnabled=false, automationName=Appium, browserName=iOS, takesScreenshot=true, javascriptEnabled=true, udid=84974ee52e47314f4e50b296df4610e953edc63f, platformName=iOS}]
Session ID: acab19ef-df8c-4b83-9659-e37893ab7483">
      <![CDATA[org.openqa.selenium.WebDriverException: An unknown server-side error occurred while processing the command. (WARNING: The server did not provide any stacktrace information)
Command duration or timeout: 1.49 seconds
Build info: version: '2.51.0', revision: '1af067d', time: '2016-02-05 19:11:55'
System info: host: 'Hitesh-Mac-Mini.local', ip: '10.30.30.97', os.name: 'Mac OS X', os.arch: 'x86_64', os.version: '10.11.6', java.version: '1.8.0_74'
Driver info: io.appium.java_client.ios.IOSDriver
Capabilities [{app=/Users/hiteshbhardwaj/Desktop/Automation/app/LanguagesForIOS/portuguese/portuguese.ipa, networkConnectionEnabled=false, warnings={}, appiumVersion=1.4.13, databaseEnabled=false, deviceName=Rahul's iPad (9.3.5), platform=UNIX, desired={app=/Users/hiteshbhardwaj/Desktop/Automation/app/LanguagesForIOS/portuguese/portuguese.ipa, appiumVersion=1.4.13, platformVersion=9.3, automationName=Appium, udid=84974ee52e47314f4e50b296df4610e953edc63f, platformName=iOS, deviceName=Rahul's iPad (9.3.5), platform=IOS}, platformVersion=9.3, webStorageEnabled=false, locationContextEnabled=false, automationName=Appium, browserName=iOS, takesScreenshot=true, javascriptEnabled=true, udid=84974ee52e47314f4e50b296df4610e953edc63f, platformName=iOS}]
Session ID: acab19ef-df8c-4b83-9659-e37893ab7483
	at sun.reflect.NativeConstructorAccessorImpl.newInstance0(Native Method)
	at sun.reflect.NativeConstructorAccessorImpl.newInstance(NativeConstructorAccessorImpl.java:62)
	at sun.reflect.DelegatingConstructorAccessorImpl.newInstance(DelegatingConstructorAccessorImpl.java:45)
	at java.lang.reflect.Constructor.newInstance(Constructor.java:423)
	at org.openqa.selenium.remote.ErrorHandler.createThrowable(ErrorHandler.java:206)
	at org.openqa.selenium.remote.ErrorHandler.throwIfResponseFailed(ErrorHandler.java:158)
	at org.openqa.selenium.remote.RemoteWebDriver.execute(RemoteWebDriver.java:678)
	at io.appium.java_client.DefaultGenericMobileDriver.execute(DefaultGenericMobileDriver.java:43)
	at io.appium.java_client.AppiumDriver.execute(AppiumDriver.java:216)
	at org.openqa.selenium.remote.RemoteWebDriver$RemoteNavigation.back(RemoteWebDriver.java:961)
	at com.eduven.utils.Reusables.stepBack(Reusables.java:213)
	at com.eduven.testcase.CheckInterstetialBeforePurchase.verify_interstetial_for_quiz_test(CheckInterstetialBeforePurchase.java:38)
	at sun.reflect.NativeMethodAccessorImpl.invoke0(Native Method)
	at sun.reflect.NativeMethodAccessorImpl.invoke(NativeMethodAccessorImpl.java:62)
	at sun.reflect.DelegatingMethodAccessorImpl.invoke(DelegatingMethodAccessorImpl.java:43)
	at java.lang.reflect.Method.invoke(Method.java:498)
	at org.testng.internal.MethodInvocationHelper.invokeMethod(MethodInvocationHelper.java:85)
	at org.testng.internal.Invoker.invokeMethod(Invoker.java:639)
	at org.testng.internal.Invoker.invokeTestMethod(Invoker.java:816)
	at org.testng.internal.Invoker.invokeTestMethods(Invoker.java:1124)
	at org.testng.internal.TestMethodWorker.invokeTestMethods(TestMethodWorker.java:125)
	at org.testng.internal.TestMethodWorker.run(TestMethodWorker.java:108)
	at org.testng.TestRunner.privateRun(TestRunner.java:774)
	at org.testng.TestRunner.run(TestRunner.java:624)
	at org.testng.SuiteRunner.runTest(SuiteRunner.java:359)
	at org.testng.SuiteRunner.runSequentially(SuiteRunner.java:354)
	at org.testng.SuiteRunner.privateRun(SuiteRunner.java:312)
	at org.testng.SuiteRunner.run(SuiteRunner.java:261)
	at org.testng.SuiteRunnerWorker.runSuite(SuiteRunnerWorker.java:52)
	at org.testng.SuiteRunnerWorker.run(SuiteRunnerWorker.java:86)
	at org.testng.TestNG.runSuitesSequentially(TestNG.java:1215)
	at org.testng.TestNG.runSuitesLocally(TestNG.java:1140)
	at org.testng.TestNG.run(TestNG.java:1048)
	at com.eduven.utils.RunTestng.main(RunTestng.java:58)
]]>
    </failure>
  </testcase> <!-- verify_interstetial_for_quiz_test -->
  <testcase name="verify_interstetial_for_inApp_test" time="65.506" classname="com.eduven.testcase.CheckInterstetialBeforePurchase">
    <failure type="org.openqa.selenium.WebDriverException" message="An unknown server-side error occurred while processing the command. (WARNING: The server did not provide any stacktrace information)
Command duration or timeout: 1.55 seconds
Build info: version: &amp;apos;2.51.0&amp;apos;, revision: &amp;apos;1af067d&amp;apos;, time: &amp;apos;2016-02-05 19:11:55&amp;apos;
System info: host: &amp;apos;Hitesh-Mac-Mini.local&amp;apos;, ip: &amp;apos;10.30.30.97&amp;apos;, os.name: &amp;apos;Mac OS X&amp;apos;, os.arch: &amp;apos;x86_64&amp;apos;, os.version: &amp;apos;10.11.6&amp;apos;, java.version: &amp;apos;1.8.0_74&amp;apos;
Driver info: io.appium.java_client.ios.IOSDriver
Capabilities [{app=/Users/hiteshbhardwaj/Desktop/Automation/app/LanguagesForIOS/portuguese/portuguese.ipa, networkConnectionEnabled=false, warnings={}, appiumVersion=1.4.13, databaseEnabled=false, deviceName=Rahul&amp;apos;s iPad (9.3.5), platform=UNIX, desired={app=/Users/hiteshbhardwaj/Desktop/Automation/app/LanguagesForIOS/portuguese/portuguese.ipa, appiumVersion=1.4.13, platformVersion=9.3, automationName=Appium, udid=84974ee52e47314f4e50b296df4610e953edc63f, platformName=iOS, deviceName=Rahul&amp;apos;s iPad (9.3.5), platform=IOS}, platformVersion=9.3, webStorageEnabled=false, locationContextEnabled=false, automationName=Appium, browserName=iOS, takesScreenshot=true, javascriptEnabled=true, udid=84974ee52e47314f4e50b296df4610e953edc63f, platformName=iOS}]
Session ID: acab19ef-df8c-4b83-9659-e37893ab7483">
      <![CDATA[org.openqa.selenium.WebDriverException: An unknown server-side error occurred while processing the command. (WARNING: The server did not provide any stacktrace information)
Command duration or timeout: 1.55 seconds
Build info: version: '2.51.0', revision: '1af067d', time: '2016-02-05 19:11:55'
System info: host: 'Hitesh-Mac-Mini.local', ip: '10.30.30.97', os.name: 'Mac OS X', os.arch: 'x86_64', os.version: '10.11.6', java.version: '1.8.0_74'
Driver info: io.appium.java_client.ios.IOSDriver
Capabilities [{app=/Users/hiteshbhardwaj/Desktop/Automation/app/LanguagesForIOS/portuguese/portuguese.ipa, networkConnectionEnabled=false, warnings={}, appiumVersion=1.4.13, databaseEnabled=false, deviceName=Rahul's iPad (9.3.5), platform=UNIX, desired={app=/Users/hiteshbhardwaj/Desktop/Automation/app/LanguagesForIOS/portuguese/portuguese.ipa, appiumVersion=1.4.13, platformVersion=9.3, automationName=Appium, udid=84974ee52e47314f4e50b296df4610e953edc63f, platformName=iOS, deviceName=Rahul's iPad (9.3.5), platform=IOS}, platformVersion=9.3, webStorageEnabled=false, locationContextEnabled=false, automationName=Appium, browserName=iOS, takesScreenshot=true, javascriptEnabled=true, udid=84974ee52e47314f4e50b296df4610e953edc63f, platformName=iOS}]
Session ID: acab19ef-df8c-4b83-9659-e37893ab7483
	at sun.reflect.NativeConstructorAccessorImpl.newInstance0(Native Method)
	at sun.reflect.NativeConstructorAccessorImpl.newInstance(NativeConstructorAccessorImpl.java:62)
	at sun.reflect.DelegatingConstructorAccessorImpl.newInstance(DelegatingConstructorAccessorImpl.java:45)
	at java.lang.reflect.Constructor.newInstance(Constructor.java:423)
	at org.openqa.selenium.remote.ErrorHandler.createThrowable(ErrorHandler.java:206)
	at org.openqa.selenium.remote.ErrorHandler.throwIfResponseFailed(ErrorHandler.java:158)
	at org.openqa.selenium.remote.RemoteWebDriver.execute(RemoteWebDriver.java:678)
	at io.appium.java_client.DefaultGenericMobileDriver.execute(DefaultGenericMobileDriver.java:43)
	at io.appium.java_client.AppiumDriver.execute(AppiumDriver.java:216)
	at org.openqa.selenium.remote.RemoteWebDriver$RemoteNavigation.back(RemoteWebDriver.java:961)
	at com.eduven.utils.Reusables.stepBack(Reusables.java:213)
	at com.eduven.modules.Interstetial.interstetialForInApp(Interstetial.java:62)
	at com.eduven.testcase.CheckInterstetialBeforePurchase.verify_interstetial_for_inApp_test(CheckInterstetialBeforePurchase.java:44)
	at sun.reflect.NativeMethodAccessorImpl.invoke0(Native Method)
	at sun.reflect.NativeMethodAccessorImpl.invoke(NativeMethodAccessorImpl.java:62)
	at sun.reflect.DelegatingMethodAccessorImpl.invoke(DelegatingMethodAccessorImpl.java:43)
	at java.lang.reflect.Method.invoke(Method.java:498)
	at org.testng.internal.MethodInvocationHelper.invokeMethod(MethodInvocationHelper.java:85)
	at org.testng.internal.Invoker.invokeMethod(Invoker.java:639)
	at org.testng.internal.Invoker.invokeTestMethod(Invoker.java:816)
	at org.testng.internal.Invoker.invokeTestMethods(Invoker.java:1124)
	at org.testng.internal.TestMethodWorker.invokeTestMethods(TestMethodWorker.java:125)
	at org.testng.internal.TestMethodWorker.run(TestMethodWorker.java:108)
	at org.testng.TestRunner.privateRun(TestRunner.java:774)
	at org.testng.TestRunner.run(TestRunner.java:624)
	at org.testng.SuiteRunner.runTest(SuiteRunner.java:359)
	at org.testng.SuiteRunner.runSequentially(SuiteRunner.java:354)
	at org.testng.SuiteRunner.privateRun(SuiteRunner.java:312)
	at org.testng.SuiteRunner.run(SuiteRunner.java:261)
	at org.testng.SuiteRunnerWorker.runSuite(SuiteRunnerWorker.java:52)
	at org.testng.SuiteRunnerWorker.run(SuiteRunnerWorker.java:86)
	at org.testng.TestNG.runSuitesSequentially(TestNG.java:1215)
	at org.testng.TestNG.runSuitesLocally(TestNG.java:1140)
	at org.testng.TestNG.run(TestNG.java:1048)
	at com.eduven.utils.RunTestng.main(RunTestng.java:58)
]]>
    </failure>
  </testcase> <!-- verify_interstetial_for_inApp_test -->
  <testcase name="handling_rate_app_popup_test" time="63.818" classname="com.eduven.testcase.PurchaseTestCases"/>
  <testcase name="install_app_and_language_selection_test" time="112.661" classname="com.eduven.testcase.PurchaseTestCases"/>
  <testcase name="verify_lock_term_before_purchase_test" time="127.368" classname="com.eduven.testcase.PurchaseTestCases"/>
  <testcase name="navigate_to_buy_test" time="34.369" classname="com.eduven.testcase.PurchaseTestCases"/>
  <testcase name="buy_app_purchase_test" time="202.72" classname="com.eduven.testcase.PurchaseTestCases"/>
  <testcase name="verify_purchase_btn_after_purchase" time="5.375" classname="com.eduven.testcase.PurchaseTestCases"/>
  <testcase name="verify_lock_term_appear_as_unlock_term_test" time="134.644" classname="com.eduven.testcase.PurchaseTestCases"/>
  <testcase name="handlingRateThisAppPopupTest" time="66.189" classname="com.eduven.testcase.CheckInterstetialAfterPurchase"/>
  <testcase name="installAppAndLanguageSelectionTest" time="109.691" classname="com.eduven.testcase.CheckInterstetialAfterPurchase"/>
  <testcase name="verifyInterstetialForQuizTest" time="156.52" classname="com.eduven.testcase.CheckInterstetialAfterPurchase"/>
  <testcase name="handling_rate_app_popup_test" time="66.139" classname="com.eduven.testcase.SwitchLanguagePageTestCases"/>
  <testcase name="install_app_and_language_selection_test" time="109.544" classname="com.eduven.testcase.SwitchLanguagePageTestCases"/>
  <testcase name="navigate_to_switch_lingo_page_test" time="28.135" classname="com.eduven.testcase.SwitchLanguagePageTestCases"/>
  <testcase name="switch_lingo_change_base_language_test" time="43.624" classname="com.eduven.testcase.SwitchLanguagePageTestCases"/>
  <testcase name="purchase_native_langugae_test" time="266.397" classname="com.eduven.testcase.SwitchLanguagePageTestCases"/>
  <testcase name="language_selection_test" time="43.385" classname="com.eduven.testcase.SwitchLanguagePageTestCases"/>
  <testcase name="verify_category_list_after_base_language_change_test" time="17.849" classname="com.eduven.testcase.SwitchLanguagePageTestCases">
    <failure type="java.lang.AssertionError" message="Error Message!! Actual and Expected category term count not matched. expected [0] but found [24]">
      <![CDATA[java.lang.AssertionError: Error Message!! Actual and Expected category term count not matched. expected [0] but found [24]
	at org.testng.Assert.fail(Assert.java:94)
	at org.testng.Assert.failNotEquals(Assert.java:496)
	at org.testng.Assert.assertEquals(Assert.java:125)
	at org.testng.Assert.assertEquals(Assert.java:178)
	at com.eduven.utils.Reusables.verifyEqualMessage(Reusables.java:407)
	at com.eduven.modules.Categories.verifyCategoryListAndTermCount(Categories.java:116)
	at com.eduven.testcase.SwitchLanguagePageTestCases.verify_category_list_after_base_language_change_test(SwitchLanguagePageTestCases.java:65)
	at sun.reflect.NativeMethodAccessorImpl.invoke0(Native Method)
	at sun.reflect.NativeMethodAccessorImpl.invoke(NativeMethodAccessorImpl.java:62)
	at sun.reflect.DelegatingMethodAccessorImpl.invoke(DelegatingMethodAccessorImpl.java:43)
	at java.lang.reflect.Method.invoke(Method.java:498)
	at org.testng.internal.MethodInvocationHelper.invokeMethod(MethodInvocationHelper.java:85)
	at org.testng.internal.Invoker.invokeMethod(Invoker.java:639)
	at org.testng.internal.Invoker.invokeTestMethod(Invoker.java:816)
	at org.testng.internal.Invoker.invokeTestMethods(Invoker.java:1124)
	at org.testng.internal.TestMethodWorker.invokeTestMethods(TestMethodWorker.java:125)
	at org.testng.internal.TestMethodWorker.run(TestMethodWorker.java:108)
	at org.testng.TestRunner.privateRun(TestRunner.java:774)
	at org.testng.TestRunner.run(TestRunner.java:624)
	at org.testng.SuiteRunner.runTest(SuiteRunner.java:359)
	at org.testng.SuiteRunner.runSequentially(SuiteRunner.java:354)
	at org.testng.SuiteRunner.privateRun(SuiteRunner.java:312)
	at org.testng.SuiteRunner.run(SuiteRunner.java:261)
	at org.testng.SuiteRunnerWorker.runSuite(SuiteRunnerWorker.java:52)
	at org.testng.SuiteRunnerWorker.run(SuiteRunnerWorker.java:86)
	at org.testng.TestNG.runSuitesSequentially(TestNG.java:1215)
	at org.testng.TestNG.runSuitesLocally(TestNG.java:1140)
	at org.testng.TestNG.run(TestNG.java:1048)
	at com.eduven.utils.RunTestng.main(RunTestng.java:58)
]]>
    </failure>
  </testcase> <!-- verify_category_list_after_base_language_change_test -->
  <testcase name="verify_term_header_and_term_name_list_test" time="50.769" classname="com.eduven.testcase.SwitchLanguagePageTestCases"/>
  <testcase name="navigate_to_quick_list_test" time="23.546" classname="com.eduven.testcase.SwitchLanguagePageTestCases"/>
  <testcase name="verify_quick_list_headertxt_test" time="6.16" classname="com.eduven.testcase.SwitchLanguagePageTestCases"/>
  <testcase name="verify_quick_list_category_test" time="13.863" classname="com.eduven.testcase.SwitchLanguagePageTestCases">
    <failure type="java.lang.AssertionError" message="Error Message!!Actual and expected quick list term not matched. expected [grüßt] but found [grüßt]">
      <![CDATA[java.lang.AssertionError: Error Message!!Actual and expected quick list term not matched. expected [grüßt] but found [grüßt]
	at org.testng.Assert.fail(Assert.java:94)
	at org.testng.Assert.failNotEquals(Assert.java:496)
	at org.testng.Assert.assertEquals(Assert.java:125)
	at org.testng.Assert.assertEquals(Assert.java:178)
	at com.eduven.utils.Reusables.verifyEqualMessage(Reusables.java:407)
	at com.eduven.modules.QuickList.verifyQuickListCategory(QuickList.java:85)
	at com.eduven.testcase.SwitchLanguagePageTestCases.verify_quick_list_category_test(SwitchLanguagePageTestCases.java:90)
	at sun.reflect.NativeMethodAccessorImpl.invoke0(Native Method)
	at sun.reflect.NativeMethodAccessorImpl.invoke(NativeMethodAccessorImpl.java:62)
	at sun.reflect.DelegatingMethodAccessorImpl.invoke(DelegatingMethodAccessorImpl.java:43)
	at java.lang.reflect.Method.invoke(Method.java:498)
	at org.testng.internal.MethodInvocationHelper.invokeMethod(MethodInvocationHelper.java:85)
	at org.testng.internal.Invoker.invokeMethod(Invoker.java:639)
	at org.testng.internal.Invoker.invokeTestMethod(Invoker.java:816)
	at org.testng.internal.Invoker.invokeTestMethods(Invoker.java:1124)
	at org.testng.internal.TestMethodWorker.invokeTestMethods(TestMethodWorker.java:125)
	at org.testng.internal.TestMethodWorker.run(TestMethodWorker.java:108)
	at org.testng.TestRunner.privateRun(TestRunner.java:774)
	at org.testng.TestRunner.run(TestRunner.java:624)
	at org.testng.SuiteRunner.runTest(SuiteRunner.java:359)
	at org.testng.SuiteRunner.runSequentially(SuiteRunner.java:354)
	at org.testng.SuiteRunner.privateRun(SuiteRunner.java:312)
	at org.testng.SuiteRunner.run(SuiteRunner.java:261)
	at org.testng.SuiteRunnerWorker.runSuite(SuiteRunnerWorker.java:52)
	at org.testng.SuiteRunnerWorker.run(SuiteRunnerWorker.java:86)
	at org.testng.TestNG.runSuitesSequentially(TestNG.java:1215)
	at org.testng.TestNG.runSuitesLocally(TestNG.java:1140)
	at org.testng.TestNG.run(TestNG.java:1048)
	at com.eduven.utils.RunTestng.main(RunTestng.java:58)
]]>
    </failure>
  </testcase> <!-- verify_quick_list_category_test -->
  <testcase name="navigate_to_quick_list_term_test" time="36.238" classname="com.eduven.testcase.SwitchLanguagePageTestCases"/>
  <testcase name="verify_terms_name_on_termlist_page_test" time="5.617" classname="com.eduven.testcase.SwitchLanguagePageTestCases"/>
</testsuite> <!-- Regression Testing Speak Portuguese -->
