<html>
<head>
<title>TestNG:  Regression Testing Learn Serbian</title>
<link href="../testng.css" rel="stylesheet" type="text/css" />
<link href="../my-testng.css" rel="stylesheet" type="text/css" />

<style type="text/css">
.log { display: none;} 
.stack-trace { display: none;} 
</style>
<script type="text/javascript">
<!--
function flip(e) {
  current = e.style.display;
  if (current == 'block') {
    e.style.display = 'none';
    return 0;
  }
  else {
    e.style.display = 'block';
    return 1;
  }
}

function toggleBox(szDivId, elem, msg1, msg2)
{
  var res = -1;  if (document.getElementById) {
    res = flip(document.getElementById(szDivId));
  }
  else if (document.all) {
    // this is the way old msie versions work
    res = flip(document.all[szDivId]);
  }
  if(elem) {
    if(res == 0) elem.innerHTML = msg1; else elem.innerHTML = msg2;
  }

}

function toggleAllBoxes() {
  if (document.getElementsByTagName) {
    d = document.getElementsByTagName('div');
    for (i = 0; i < d.length; i++) {
      if (d[i].className == 'log') {
        flip(d[i]);
      }
    }
  }
}

// -->
</script>

</head>
<body>
<h2 align='center'>Regression Testing Learn Serbian</h2><table border='1' align="center">
<tr>
<td>Tests passed/Failed/Skipped:</td><td>41/3/0</td>
</tr><tr>
<td>Started on:</td><td>Wed Nov 30 17:30:00 IST 2016</td>
</tr>
<tr><td>Total time:</td><td>2881 seconds (2881430 ms)</td>
</tr><tr>
<td>Included groups:</td><td></td>
</tr><tr>
<td>Excluded groups:</td><td></td>
</tr>
</table><p/>
<small><i>(Hover the method name to see the test class name)</i></small><p/>
<table width='100%' border='1' class='invocation-failed'>
<tr><td colspan='4' align='center'><b>FAILED CONFIGURATIONS</b></td></tr>
<tr><td><b>Test method</b></td>
<td width="30%"><b>Exception</b></td>
<td width="10%"><b>Time (seconds)</b></td>
<td><b>Instance</b></td>
</tr>
<tr>
<td title='com.eduven.testcase.CheckInterstetialAfterPurchase.tearDown()'><b>tearDown</b><br>Test class: com.eduven.testcase.CheckInterstetialAfterPurchase</td>
<td><div><pre>java.lang.IllegalArgumentException: wrong number of arguments
	at sun.reflect.NativeMethodAccessorImpl.invoke0(Native Method)
	at sun.reflect.NativeMethodAccessorImpl.invoke(NativeMethodAccessorImpl.java:62)
	at sun.reflect.DelegatingMethodAccessorImpl.invoke(DelegatingMethodAccessorImpl.java:43)
	at java.lang.reflect.Method.invoke(Method.java:498)
	at org.testng.internal.MethodInvocationHelper.invokeMethod(MethodInvocationHelper.java:85)
	at org.testng.internal.Invoker.invokeConfigurationMethod(Invoker.java:510)
	at org.testng.internal.Invoker.invokeConfigurations(Invoker.java:211)
	at org.testng.internal.Invoker.invokeConfigurations(Invoker.java:138)
	at org.testng.TestRunner.afterRun(TestRunner.java:1023)
	at org.testng.TestRunner.run(TestRunner.java:628)
	at org.testng.SuiteRunner.runTest(SuiteRunner.java:359)
	at org.testng.SuiteRunner.runSequentially(SuiteRunner.java:354)
	at org.testng.SuiteRunner.privateRun(SuiteRunner.java:312)
	at org.testng.SuiteRunner.run(SuiteRunner.java:261)
	at org.testng.SuiteRunnerWorker.runSuite(SuiteRunnerWorker.java:52)
	at org.testng.SuiteRunnerWorker.run(SuiteRunnerWorker.java:86)
	at org.testng.TestNG.runSuitesSequentially(TestNG.java:1215)
	at org.testng.TestNG.runSuitesLocally(TestNG.java:1140)
	at org.testng.TestNG.run(TestNG.java:1048)
	at com.eduven.utils.RunTestng.main(RunTestng.java:58)
</pre></div><a href='#' onClick='toggleBox("stack-trace1601935322", this, "Click to show all stack frames", "Click to hide stack frames")'>Click to show all stack frames</a>
<div class='stack-trace' id='stack-trace1601935322'><pre>java.lang.IllegalArgumentException: wrong number of arguments
	at sun.reflect.NativeMethodAccessorImpl.invoke0(Native Method)
	at sun.reflect.NativeMethodAccessorImpl.invoke(NativeMethodAccessorImpl.java:62)
	at sun.reflect.DelegatingMethodAccessorImpl.invoke(DelegatingMethodAccessorImpl.java:43)
	at java.lang.reflect.Method.invoke(Method.java:498)
	at org.testng.internal.MethodInvocationHelper.invokeMethod(MethodInvocationHelper.java:85)
	at org.testng.internal.Invoker.invokeConfigurationMethod(Invoker.java:510)
	at org.testng.internal.Invoker.invokeConfigurations(Invoker.java:211)
	at org.testng.internal.Invoker.invokeConfigurations(Invoker.java:138)
	at org.testng.TestRunner.afterRun(TestRunner.java:1023)
	at org.testng.TestRunner.run(TestRunner.java:628)
	at org.testng.SuiteRunner.runTest(SuiteRunner.java:359)
	at org.testng.SuiteRunner.runSequentially(SuiteRunner.java:354)
	at org.testng.SuiteRunner.privateRun(SuiteRunner.java:312)
	at org.testng.SuiteRunner.run(SuiteRunner.java:261)
	at org.testng.SuiteRunnerWorker.runSuite(SuiteRunnerWorker.java:52)
	at org.testng.SuiteRunnerWorker.run(SuiteRunnerWorker.java:86)
	at org.testng.TestNG.runSuitesSequentially(TestNG.java:1215)
	at org.testng.TestNG.runSuitesLocally(TestNG.java:1140)
	at org.testng.TestNG.run(TestNG.java:1048)
	at com.eduven.utils.RunTestng.main(RunTestng.java:58)
</pre></div></td>
<td>0</td>
<td>null</td></tr>
</table><p>
<table width='100%' border='1' class='invocation-skipped'>
<tr><td colspan='4' align='center'><b>SKIPPED CONFIGURATIONS</b></td></tr>
<tr><td><b>Test method</b></td>
<td width="30%"><b>Exception</b></td>
<td width="10%"><b>Time (seconds)</b></td>
<td><b>Instance</b></td>
</tr>
<tr>
<td title='com.eduven.testcase.CheckInterstetialAfterPurchase.tearDown()'><b>tearDown</b><br>Test class: com.eduven.testcase.CheckInterstetialAfterPurchase</td>
<td></td>
<td>0</td>
<td>null</td></tr>
<tr>
<td title='com.eduven.testcase.CheckInterstetialAfterPurchase.tearDown()'><b>tearDown</b><br>Test class: com.eduven.testcase.CheckInterstetialAfterPurchase</td>
<td></td>
<td>0</td>
<td>null</td></tr>
</table><p>
<table width='100%' border='1' class='invocation-failed'>
<tr><td colspan='4' align='center'><b>FAILED TESTS</b></td></tr>
<tr><td><b>Test method</b></td>
<td width="30%"><b>Exception</b></td>
<td width="10%"><b>Time (seconds)</b></td>
<td><b>Instance</b></td>
</tr>
<tr>
<td title='com.eduven.testcase.SwitchLanguagePageTestCases.verifyCategoryListAfterBaseLanguageChangeTest()'><b>verifyCategoryListAfterBaseLanguageChangeTest</b><br>Test class: com.eduven.testcase.SwitchLanguagePageTestCases</td>
<td><div><pre>java.lang.AssertionError: Error Message!! Actual and Expected category term count not matched. expected [0] but found [24]
	at org.testng.Assert.fail(Assert.java:94)
	at org.testng.Assert.failNotEquals(Assert.java:496)
	at org.testng.Assert.assertEquals(Assert.java:125)
	at org.testng.Assert.assertEquals(Assert.java:178)
	at com.eduven.utils.Reusables.verifyEqualMessage(Reusables.java:435)
	at com.eduven.modules.Categories.verifyCategoryListAndTermCount(Categories.java:116)
	at com.eduven.testcase.SwitchLanguagePageTestCases.verifyCategoryListAfterBaseLanguageChangeTest(SwitchLanguagePageTestCases.java:67)
	at sun.reflect.NativeMethodAccessorImpl.invoke0(Native Method)
	at sun.reflect.NativeMethodAccessorImpl.invoke(NativeMethodAccessorImpl.java:62)
	at sun.reflect.DelegatingMethodAccessorImpl.invoke(DelegatingMethodAccessorImpl.java:43)
	at java.lang.reflect.Method.invoke(Method.java:498)
	at org.testng.internal.MethodInvocationHelper.invokeMethod(MethodInvocationHelper.java:85)
	at org.testng.internal.Invoker.invokeMethod(Invoker.java:639)
	at org.testng.internal.Invoker.invokeTestMethod(Invoker.java:816)
	at org.testng.internal.Invoker.invokeTestMethods(Invoker.java:1124)
	at org.testng.internal.TestMethodWorker.invokeTestMethods(TestMethodWorker.java:125)
	at org.testng.internal.TestMethodWorker.run(TestMethodWorker.java:108)
	at org.testng.TestRunner.privateRun(TestRunner.java:774)
	at org.testng.TestRunner.run(TestRunner.java:624)
	at org.testng.SuiteRunner.runTest(SuiteRunner.java:359)
	at org.testng.SuiteRunner.runSequentially(SuiteRunner.java:354)
	at org.testng.SuiteRunner.privateRun(SuiteRunner.java:312)
	at org.testng.SuiteRunner.run(SuiteRunner.java:261)
	at org.testng.SuiteRunnerWorker.runSuite(SuiteRunnerWorker.java:52)
	at org.testng.SuiteRunnerWorker.run(SuiteRunnerWorker.java:86)
	at org.testng.TestNG.runSuitesSequentially(TestNG.java:1215)
	at org.testng.TestNG.runSuitesLocally(TestNG.java:1140)
	at org.testng.TestNG.run(TestNG.java:1048)
	at com.eduven.utils.RunTestng.main(RunTestng.java:58)
</pre></div><a href='#' onClick='toggleBox("stack-trace2116511124", this, "Click to show all stack frames", "Click to hide stack frames")'>Click to show all stack frames</a>
<div class='stack-trace' id='stack-trace2116511124'><pre>java.lang.AssertionError: Error Message!! Actual and Expected category term count not matched. expected [0] but found [24]
	at org.testng.Assert.fail(Assert.java:94)
	at org.testng.Assert.failNotEquals(Assert.java:496)
	at org.testng.Assert.assertEquals(Assert.java:125)
	at org.testng.Assert.assertEquals(Assert.java:178)
	at com.eduven.utils.Reusables.verifyEqualMessage(Reusables.java:435)
	at com.eduven.modules.Categories.verifyCategoryListAndTermCount(Categories.java:116)
	at com.eduven.testcase.SwitchLanguagePageTestCases.verifyCategoryListAfterBaseLanguageChangeTest(SwitchLanguagePageTestCases.java:67)
	at sun.reflect.NativeMethodAccessorImpl.invoke0(Native Method)
	at sun.reflect.NativeMethodAccessorImpl.invoke(NativeMethodAccessorImpl.java:62)
	at sun.reflect.DelegatingMethodAccessorImpl.invoke(DelegatingMethodAccessorImpl.java:43)
	at java.lang.reflect.Method.invoke(Method.java:498)
	at org.testng.internal.MethodInvocationHelper.invokeMethod(MethodInvocationHelper.java:85)
	at org.testng.internal.Invoker.invokeMethod(Invoker.java:639)
	at org.testng.internal.Invoker.invokeTestMethod(Invoker.java:816)
	at org.testng.internal.Invoker.invokeTestMethods(Invoker.java:1124)
	at org.testng.internal.TestMethodWorker.invokeTestMethods(TestMethodWorker.java:125)
	at org.testng.internal.TestMethodWorker.run(TestMethodWorker.java:108)
	at org.testng.TestRunner.privateRun(TestRunner.java:774)
	at org.testng.TestRunner.run(TestRunner.java:624)
	at org.testng.SuiteRunner.runTest(SuiteRunner.java:359)
	at org.testng.SuiteRunner.runSequentially(SuiteRunner.java:354)
	at org.testng.SuiteRunner.privateRun(SuiteRunner.java:312)
	at org.testng.SuiteRunner.run(SuiteRunner.java:261)
	at org.testng.SuiteRunnerWorker.runSuite(SuiteRunnerWorker.java:52)
	at org.testng.SuiteRunnerWorker.run(SuiteRunnerWorker.java:86)
	at org.testng.TestNG.runSuitesSequentially(TestNG.java:1215)
	at org.testng.TestNG.runSuitesLocally(TestNG.java:1140)
	at org.testng.TestNG.run(TestNG.java:1048)
	at com.eduven.utils.RunTestng.main(RunTestng.java:58)
</pre></div></td>
<td>14</td>
<td>com.eduven.testcase.SwitchLanguagePageTestCases@5e5d171f</td></tr>
<tr>
<td title='com.eduven.testcase.CheckInterstetialBeforePurchase.verifyInterstetialForInAppTest()'><b>verifyInterstetialForInAppTest</b><br>Test class: com.eduven.testcase.CheckInterstetialBeforePurchase</td>
<td><div><pre>org.openqa.selenium.WebDriverException: An unknown server-side error occurred while processing the command. (WARNING: The server did not provide any stacktrace information)
Command duration or timeout: 1.63 seconds
Build info: version: &apos;2.51.0&apos;, revision: &apos;1af067d&apos;, time: &apos;2016-02-05 19:11:55&apos;
System info: host: &apos;Hitesh-Mac-Mini.local&apos;, ip: &apos;10.30.30.97&apos;, os.name: &apos;Mac OS X&apos;, os.arch: &apos;x86_64&apos;, os.version: &apos;10.11.6&apos;, java.version: &apos;1.8.0_74&apos;
Driver info: io.appium.java_client.ios.IOSDriver
Capabilities [{app=/Users/hiteshbhardwaj/Desktop/Automation/app/LanguagesForIOS/Serbian/Serbian.ipa, networkConnectionEnabled=false, warnings={}, appiumVersion=1.4.13, databaseEnabled=false, deviceName=Tester (9.3.5), platform=UNIX, desired={app=/Users/hiteshbhardwaj/Desktop/Automation/app/LanguagesForIOS/Serbian/Serbian.ipa, appiumVersion=1.4.13, platformVersion=9.2, automationName=Appium, udid=7bcb4358baa692ac8207ca4db28eaacc80a14498, platformName=iOS, deviceName=Tester (9.3.5), platform=IOS}, platformVersion=9.2, webStorageEnabled=false, locationContextEnabled=false, automationName=Appium, browserName=iOS, takesScreenshot=true, javascriptEnabled=true, udid=7bcb4358baa692ac8207ca4db28eaacc80a14498, platformName=iOS}]
Session ID: f5e384cb-562f-4f55-8827-9c5a5d0e1706
	at sun.reflect.NativeConstructorAccessorImpl.newInstance0(Native Method)
	at sun.reflect.NativeConstructorAccessorImpl.newInstance(NativeConstructorAccessorImpl.java:62)
	at sun.reflect.DelegatingConstructorAccessorImpl.newInstance(DelegatingConstructorAccessorImpl.java:45)
	at java.lang.reflect.Constructor.newInstance(Constructor.java:423)
	at org.openqa.selenium.remote.ErrorHandler.createThrowable(ErrorHandler.java:206)
	at org.openqa.selenium.remote.ErrorHandler.throwIfResponseFailed(ErrorHandler.java:158)
	at org.openqa.selenium.remote.RemoteWebDriver.execute(RemoteWebDriver.java:678)
	at io.appium.java_client.DefaultGenericMobileDriver.execute(DefaultGenericMobileDriver.java:43)
	at io.appium.java_client.AppiumDriver.execute(AppiumDriver.java:216)
	at org.openqa.selenium.remote.RemoteWebDriver$RemoteNavigation.back(RemoteWebDriver.java:961)
	at com.eduven.utils.Reusables.stepBack(Reusables.java:241)
	at com.eduven.modules.Interstetial.interstetialForInApp(Interstetial.java:62)
	at com.eduven.testcase.CheckInterstetialBeforePurchase.verifyInterstetialForInAppTest(CheckInterstetialBeforePurchase.java:45)
	at sun.reflect.NativeMethodAccessorImpl.invoke0(Native Method)
	at sun.reflect.NativeMethodAccessorImpl.invoke(NativeMethodAccessorImpl.java:62)
	at sun.reflect.DelegatingMethodAccessorImpl.invoke(DelegatingMethodAccessorImpl.java:43)
	at java.lang.reflect.Method.invoke(Method.java:498)
	at org.testng.internal.MethodInvocationHelper.invokeMethod(MethodInvocationHelper.java:85)
	at org.testng.internal.Invoker.invokeMethod(Invoker.java:639)
	at org.testng.internal.Invoker.invokeTestMethod(Invoker.java:816)
	at org.testng.internal.Invoker.invokeTestMethods(Invoker.java:1124)
	at org.testng.internal.TestMethodWorker.invokeTestMethods(TestMethodWorker.java:125)
	at org.testng.internal.TestMethodWorker.run(TestMethodWorker.java:108)
	at org.testng.TestRunner.privateRun(TestRunner.java:774)
	at org.testng.TestRunner.run(TestRunner.java:624)
	at org.testng.SuiteRunner.runTest(SuiteRunner.java:359)
	at org.testng.SuiteRunner.runSequentially(SuiteRunner.java:354)
	at org.testng.SuiteRunner.privateRun(SuiteRunner.java:312)
	at org.testng.SuiteRunner.run(SuiteRunner.java:261)
	at org.testng.SuiteRunnerWorker.runSuite(SuiteRunnerWorker.java:52)
	at org.testng.SuiteRunnerWorker.run(SuiteRunnerWorker.java:86)
	at org.testng.TestNG.runSuitesSequentially(TestNG.java:1215)
	at org.testng.TestNG.runSuitesLocally(TestNG.java:1140)
	at org.testng.TestNG.run(TestNG.java:1048)
	at com.eduven.utils.RunTestng.main(RunTestng.java:58)
</pre></div><a href='#' onClick='toggleBox("stack-trace1555990397", this, "Click to show all stack frames", "Click to hide stack frames")'>Click to show all stack frames</a>
<div class='stack-trace' id='stack-trace1555990397'><pre>org.openqa.selenium.WebDriverException: An unknown server-side error occurred while processing the command. (WARNING: The server did not provide any stacktrace information)
Command duration or timeout: 1.63 seconds
Build info: version: &apos;2.51.0&apos;, revision: &apos;1af067d&apos;, time: &apos;2016-02-05 19:11:55&apos;
System info: host: &apos;Hitesh-Mac-Mini.local&apos;, ip: &apos;10.30.30.97&apos;, os.name: &apos;Mac OS X&apos;, os.arch: &apos;x86_64&apos;, os.version: &apos;10.11.6&apos;, java.version: &apos;1.8.0_74&apos;
Driver info: io.appium.java_client.ios.IOSDriver
Capabilities [{app=/Users/hiteshbhardwaj/Desktop/Automation/app/LanguagesForIOS/Serbian/Serbian.ipa, networkConnectionEnabled=false, warnings={}, appiumVersion=1.4.13, databaseEnabled=false, deviceName=Tester (9.3.5), platform=UNIX, desired={app=/Users/hiteshbhardwaj/Desktop/Automation/app/LanguagesForIOS/Serbian/Serbian.ipa, appiumVersion=1.4.13, platformVersion=9.2, automationName=Appium, udid=7bcb4358baa692ac8207ca4db28eaacc80a14498, platformName=iOS, deviceName=Tester (9.3.5), platform=IOS}, platformVersion=9.2, webStorageEnabled=false, locationContextEnabled=false, automationName=Appium, browserName=iOS, takesScreenshot=true, javascriptEnabled=true, udid=7bcb4358baa692ac8207ca4db28eaacc80a14498, platformName=iOS}]
Session ID: f5e384cb-562f-4f55-8827-9c5a5d0e1706
	at sun.reflect.NativeConstructorAccessorImpl.newInstance0(Native Method)
	at sun.reflect.NativeConstructorAccessorImpl.newInstance(NativeConstructorAccessorImpl.java:62)
	at sun.reflect.DelegatingConstructorAccessorImpl.newInstance(DelegatingConstructorAccessorImpl.java:45)
	at java.lang.reflect.Constructor.newInstance(Constructor.java:423)
	at org.openqa.selenium.remote.ErrorHandler.createThrowable(ErrorHandler.java:206)
	at org.openqa.selenium.remote.ErrorHandler.throwIfResponseFailed(ErrorHandler.java:158)
	at org.openqa.selenium.remote.RemoteWebDriver.execute(RemoteWebDriver.java:678)
	at io.appium.java_client.DefaultGenericMobileDriver.execute(DefaultGenericMobileDriver.java:43)
	at io.appium.java_client.AppiumDriver.execute(AppiumDriver.java:216)
	at org.openqa.selenium.remote.RemoteWebDriver$RemoteNavigation.back(RemoteWebDriver.java:961)
	at com.eduven.utils.Reusables.stepBack(Reusables.java:241)
	at com.eduven.modules.Interstetial.interstetialForInApp(Interstetial.java:62)
	at com.eduven.testcase.CheckInterstetialBeforePurchase.verifyInterstetialForInAppTest(CheckInterstetialBeforePurchase.java:45)
	at sun.reflect.NativeMethodAccessorImpl.invoke0(Native Method)
	at sun.reflect.NativeMethodAccessorImpl.invoke(NativeMethodAccessorImpl.java:62)
	at sun.reflect.DelegatingMethodAccessorImpl.invoke(DelegatingMethodAccessorImpl.java:43)
	at java.lang.reflect.Method.invoke(Method.java:498)
	at org.testng.internal.MethodInvocationHelper.invokeMethod(MethodInvocationHelper.java:85)
	at org.testng.internal.Invoker.invokeMethod(Invoker.java:639)
	at org.testng.internal.Invoker.invokeTestMethod(Invoker.java:816)
	at org.testng.internal.Invoker.invokeTestMethods(Invoker.java:1124)
	at org.testng.internal.TestMethodWorker.invokeTestMethods(TestMethodWorker.java:125)
	at org.testng.internal.TestMethodWorker.run(TestMethodWorker.java:108)
	at org.testng.TestRunner.privateRun(TestRunner.java:774)
	at org.testng.TestRunner.run(TestRunner.java:624)
	at org.testng.SuiteRunner.runTest(SuiteRunner.java:359)
	at org.testng.SuiteRunner.runSequentially(SuiteRunner.java:354)
	at org.testng.SuiteRunner.privateRun(SuiteRunner.java:312)
	at org.testng.SuiteRunner.run(SuiteRunner.java:261)
	at org.testng.SuiteRunnerWorker.runSuite(SuiteRunnerWorker.java:52)
	at org.testng.SuiteRunnerWorker.run(SuiteRunnerWorker.java:86)
	at org.testng.TestNG.runSuitesSequentially(TestNG.java:1215)
	at org.testng.TestNG.runSuitesLocally(TestNG.java:1140)
	at org.testng.TestNG.run(TestNG.java:1048)
	at com.eduven.utils.RunTestng.main(RunTestng.java:58)
</pre></div></td>
<td>44</td>
<td>com.eduven.testcase.CheckInterstetialBeforePurchase@247bddad</td></tr>
<tr>
<td title='com.eduven.testcase.SwitchLanguagePageTestCases.verifyQuickListCategoryTest()'><b>verifyQuickListCategoryTest</b><br>Test class: com.eduven.testcase.SwitchLanguagePageTestCases</td>
<td><div><pre>java.lang.AssertionError: Error Message!!Actual and expected quick list term not matched. expected [grüßt] but found [grüßt]
	at org.testng.Assert.fail(Assert.java:94)
	at org.testng.Assert.failNotEquals(Assert.java:496)
	at org.testng.Assert.assertEquals(Assert.java:125)
	at org.testng.Assert.assertEquals(Assert.java:178)
	at com.eduven.utils.Reusables.verifyEqualMessage(Reusables.java:435)
	at com.eduven.modules.QuickList.verifyQuickListCategory(QuickList.java:85)
	at com.eduven.testcase.SwitchLanguagePageTestCases.verifyQuickListCategoryTest(SwitchLanguagePageTestCases.java:91)
	at sun.reflect.NativeMethodAccessorImpl.invoke0(Native Method)
	at sun.reflect.NativeMethodAccessorImpl.invoke(NativeMethodAccessorImpl.java:62)
	at sun.reflect.DelegatingMethodAccessorImpl.invoke(DelegatingMethodAccessorImpl.java:43)
	at java.lang.reflect.Method.invoke(Method.java:498)
	at org.testng.internal.MethodInvocationHelper.invokeMethod(MethodInvocationHelper.java:85)
	at org.testng.internal.Invoker.invokeMethod(Invoker.java:639)
	at org.testng.internal.Invoker.invokeTestMethod(Invoker.java:816)
	at org.testng.internal.Invoker.invokeTestMethods(Invoker.java:1124)
	at org.testng.internal.TestMethodWorker.invokeTestMethods(TestMethodWorker.java:125)
	at org.testng.internal.TestMethodWorker.run(TestMethodWorker.java:108)
	at org.testng.TestRunner.privateRun(TestRunner.java:774)
	at org.testng.TestRunner.run(TestRunner.java:624)
	at org.testng.SuiteRunner.runTest(SuiteRunner.java:359)
	at org.testng.SuiteRunner.runSequentially(SuiteRunner.java:354)
	at org.testng.SuiteRunner.privateRun(SuiteRunner.java:312)
	at org.testng.SuiteRunner.run(SuiteRunner.java:261)
	at org.testng.SuiteRunnerWorker.runSuite(SuiteRunnerWorker.java:52)
	at org.testng.SuiteRunnerWorker.run(SuiteRunnerWorker.java:86)
	at org.testng.TestNG.runSuitesSequentially(TestNG.java:1215)
	at org.testng.TestNG.runSuitesLocally(TestNG.java:1140)
	at org.testng.TestNG.run(TestNG.java:1048)
	at com.eduven.utils.RunTestng.main(RunTestng.java:58)
</pre></div><a href='#' onClick='toggleBox("stack-trace882646447", this, "Click to show all stack frames", "Click to hide stack frames")'>Click to show all stack frames</a>
<div class='stack-trace' id='stack-trace882646447'><pre>java.lang.AssertionError: Error Message!!Actual and expected quick list term not matched. expected [grüßt] but found [grüßt]
	at org.testng.Assert.fail(Assert.java:94)
	at org.testng.Assert.failNotEquals(Assert.java:496)
	at org.testng.Assert.assertEquals(Assert.java:125)
	at org.testng.Assert.assertEquals(Assert.java:178)
	at com.eduven.utils.Reusables.verifyEqualMessage(Reusables.java:435)
	at com.eduven.modules.QuickList.verifyQuickListCategory(QuickList.java:85)
	at com.eduven.testcase.SwitchLanguagePageTestCases.verifyQuickListCategoryTest(SwitchLanguagePageTestCases.java:91)
	at sun.reflect.NativeMethodAccessorImpl.invoke0(Native Method)
	at sun.reflect.NativeMethodAccessorImpl.invoke(NativeMethodAccessorImpl.java:62)
	at sun.reflect.DelegatingMethodAccessorImpl.invoke(DelegatingMethodAccessorImpl.java:43)
	at java.lang.reflect.Method.invoke(Method.java:498)
	at org.testng.internal.MethodInvocationHelper.invokeMethod(MethodInvocationHelper.java:85)
	at org.testng.internal.Invoker.invokeMethod(Invoker.java:639)
	at org.testng.internal.Invoker.invokeTestMethod(Invoker.java:816)
	at org.testng.internal.Invoker.invokeTestMethods(Invoker.java:1124)
	at org.testng.internal.TestMethodWorker.invokeTestMethods(TestMethodWorker.java:125)
	at org.testng.internal.TestMethodWorker.run(TestMethodWorker.java:108)
	at org.testng.TestRunner.privateRun(TestRunner.java:774)
	at org.testng.TestRunner.run(TestRunner.java:624)
	at org.testng.SuiteRunner.runTest(SuiteRunner.java:359)
	at org.testng.SuiteRunner.runSequentially(SuiteRunner.java:354)
	at org.testng.SuiteRunner.privateRun(SuiteRunner.java:312)
	at org.testng.SuiteRunner.run(SuiteRunner.java:261)
	at org.testng.SuiteRunnerWorker.runSuite(SuiteRunnerWorker.java:52)
	at org.testng.SuiteRunnerWorker.run(SuiteRunnerWorker.java:86)
	at org.testng.TestNG.runSuitesSequentially(TestNG.java:1215)
	at org.testng.TestNG.runSuitesLocally(TestNG.java:1140)
	at org.testng.TestNG.run(TestNG.java:1048)
	at com.eduven.utils.RunTestng.main(RunTestng.java:58)
</pre></div></td>
<td>13</td>
<td>com.eduven.testcase.SwitchLanguagePageTestCases@5e5d171f</td></tr>
</table><p>
<table width='100%' border='1' class='invocation-passed'>
<tr><td colspan='4' align='center'><b>PASSED TESTS</b></td></tr>
<tr><td><b>Test method</b></td>
<td width="30%"><b>Exception</b></td>
<td width="10%"><b>Time (seconds)</b></td>
<td><b>Instance</b></td>
</tr>
<tr>
<td title='com.eduven.testcase.AutoPlayPageTestCases.autoPlayButtonForPlayButtonTest()'><b>autoPlayButtonForPlayButtonTest</b><br>Test class: com.eduven.testcase.AutoPlayPageTestCases</td>
<td></td>
<td>15</td>
<td>com.eduven.testcase.AutoPlayPageTestCases@544fa968</td></tr>
<tr>
<td title='com.eduven.testcase.PurchaseTestCases.buyAppPurchaseTest()'><b>buyAppPurchaseTest</b><br>Test class: com.eduven.testcase.PurchaseTestCases</td>
<td></td>
<td>266</td>
<td>com.eduven.testcase.PurchaseTestCases@d35dea7</td></tr>
<tr>
<td title='com.eduven.testcase.SwitchLanguagePageTestCases.handlingRateAppPopupTest()'><b>handlingRateAppPopupTest</b><br>Test class: com.eduven.testcase.SwitchLanguagePageTestCases</td>
<td></td>
<td>67</td>
<td>com.eduven.testcase.SwitchLanguagePageTestCases@5e5d171f</td></tr>
<tr>
<td title='com.eduven.testcase.QuickListPageTestCases.handlingRateTheAppPopupTest()'><b>handlingRateTheAppPopupTest</b><br>Test class: com.eduven.testcase.QuickListPageTestCases</td>
<td></td>
<td>0</td>
<td>com.eduven.testcase.QuickListPageTestCases@3bd82cf5</td></tr>
<tr>
<td title='com.eduven.testcase.AutoPlayPageTestCases.handlingRateTheAppPopupTest()'><b>handlingRateTheAppPopupTest</b><br>Test class: com.eduven.testcase.AutoPlayPageTestCases</td>
<td></td>
<td>69</td>
<td>com.eduven.testcase.AutoPlayPageTestCases@544fa968</td></tr>
<tr>
<td title='com.eduven.testcase.CheckInterstetialBeforePurchase.handlingRateTheAppPopupTest()'><b>handlingRateTheAppPopupTest</b><br>Test class: com.eduven.testcase.CheckInterstetialBeforePurchase</td>
<td></td>
<td>70</td>
<td>com.eduven.testcase.CheckInterstetialBeforePurchase@247bddad</td></tr>
<tr>
<td title='com.eduven.testcase.PurchaseTestCases.handlingRateTheAppPopupTest()'><b>handlingRateTheAppPopupTest</b><br>Test class: com.eduven.testcase.PurchaseTestCases</td>
<td></td>
<td>17</td>
<td>com.eduven.testcase.PurchaseTestCases@d35dea7</td></tr>
<tr>
<td title='com.eduven.testcase.CheckInterstetialAfterPurchase.handlingRateTheAppPopupTest()'><b>handlingRateTheAppPopupTest</b><br>Test class: com.eduven.testcase.CheckInterstetialAfterPurchase</td>
<td></td>
<td>67</td>
<td>com.eduven.testcase.CheckInterstetialAfterPurchase@7770f470</td></tr>
<tr>
<td title='com.eduven.testcase.AutoPlayPageTestCases.increaseDealayTimeTest()'><b>increaseDealayTimeTest</b><br>Test class: com.eduven.testcase.AutoPlayPageTestCases</td>
<td></td>
<td>5</td>
<td>com.eduven.testcase.AutoPlayPageTestCases@544fa968</td></tr>
<tr>
<td title='com.eduven.testcase.QuickListPageTestCases.languageSelectionTest()'><b>languageSelectionTest</b><br>Test class: com.eduven.testcase.QuickListPageTestCases</td>
<td></td>
<td>83</td>
<td>com.eduven.testcase.QuickListPageTestCases@3bd82cf5</td></tr>
<tr>
<td title='com.eduven.testcase.AutoPlayPageTestCases.languageSelectionTest()'><b>languageSelectionTest</b><br>Test class: com.eduven.testcase.AutoPlayPageTestCases</td>
<td></td>
<td>110</td>
<td>com.eduven.testcase.AutoPlayPageTestCases@544fa968</td></tr>
<tr>
<td title='com.eduven.testcase.CheckInterstetialBeforePurchase.languageSelectionTest()'><b>languageSelectionTest</b><br>Test class: com.eduven.testcase.CheckInterstetialBeforePurchase</td>
<td></td>
<td>111</td>
<td>com.eduven.testcase.CheckInterstetialBeforePurchase@247bddad</td></tr>
<tr>
<td title='com.eduven.testcase.PurchaseTestCases.languageSelectionTest()'><b>languageSelectionTest</b><br>Test class: com.eduven.testcase.PurchaseTestCases</td>
<td></td>
<td>110</td>
<td>com.eduven.testcase.PurchaseTestCases@d35dea7</td></tr>
<tr>
<td title='com.eduven.testcase.CheckInterstetialAfterPurchase.languageSelectionTest()'><b>languageSelectionTest</b><br>Test class: com.eduven.testcase.CheckInterstetialAfterPurchase</td>
<td></td>
<td>109</td>
<td>com.eduven.testcase.CheckInterstetialAfterPurchase@7770f470</td></tr>
<tr>
<td title='com.eduven.testcase.SwitchLanguagePageTestCases.languageSelectionTest()'><b>languageSelectionTest</b><br>Test class: com.eduven.testcase.SwitchLanguagePageTestCases</td>
<td></td>
<td>109</td>
<td>com.eduven.testcase.SwitchLanguagePageTestCases@5e5d171f</td></tr>
<tr>
<td title='com.eduven.testcase.SwitchLanguagePageTestCases.languageSelectionTest1()'><b>languageSelectionTest1</b><br>Test class: com.eduven.testcase.SwitchLanguagePageTestCases</td>
<td></td>
<td>45</td>
<td>com.eduven.testcase.SwitchLanguagePageTestCases@5e5d171f</td></tr>
<tr>
<td title='com.eduven.testcase.PurchaseTestCases.navigateToBuyTest()'><b>navigateToBuyTest</b><br>Test class: com.eduven.testcase.PurchaseTestCases</td>
<td></td>
<td>34</td>
<td>com.eduven.testcase.PurchaseTestCases@d35dea7</td></tr>
<tr>
<td title='com.eduven.testcase.QuickListPageTestCases.navigateToQuickListTermTest()'><b>navigateToQuickListTermTest</b><br>Test class: com.eduven.testcase.QuickListPageTestCases</td>
<td></td>
<td>33</td>
<td>com.eduven.testcase.QuickListPageTestCases@3bd82cf5</td></tr>
<tr>
<td title='com.eduven.testcase.SwitchLanguagePageTestCases.navigateToQuickListTermTest()'><b>navigateToQuickListTermTest</b><br>Test class: com.eduven.testcase.SwitchLanguagePageTestCases</td>
<td></td>
<td>23</td>
<td>com.eduven.testcase.SwitchLanguagePageTestCases@5e5d171f</td></tr>
<tr>
<td title='com.eduven.testcase.QuickListPageTestCases.navigateToQuickListTest()'><b>navigateToQuickListTest</b><br>Test class: com.eduven.testcase.QuickListPageTestCases</td>
<td></td>
<td>23</td>
<td>com.eduven.testcase.QuickListPageTestCases@3bd82cf5</td></tr>
<tr>
<td title='com.eduven.testcase.SwitchLanguagePageTestCases.navigateToQuickListTest()'><b>navigateToQuickListTest</b><br>Test class: com.eduven.testcase.SwitchLanguagePageTestCases</td>
<td></td>
<td>23</td>
<td>com.eduven.testcase.SwitchLanguagePageTestCases@5e5d171f</td></tr>
<tr>
<td title='com.eduven.testcase.SwitchLanguagePageTestCases.navigateToSswitchLingoPageTest()'><b>navigateToSswitchLingoPageTest</b><br>Test class: com.eduven.testcase.SwitchLanguagePageTestCases</td>
<td></td>
<td>35</td>
<td>com.eduven.testcase.SwitchLanguagePageTestCases@5e5d171f</td></tr>
<tr>
<td title='com.eduven.testcase.SwitchLanguagePageTestCases.purchaseNativeLangugaeTest()'><b>purchaseNativeLangugaeTest</b><br>Test class: com.eduven.testcase.SwitchLanguagePageTestCases</td>
<td></td>
<td>262</td>
<td>com.eduven.testcase.SwitchLanguagePageTestCases@5e5d171f</td></tr>
<tr>
<td title='com.eduven.testcase.AutoPlayPageTestCases.selectRandomCategoryTest()'><b>selectRandomCategoryTest</b><br>Test class: com.eduven.testcase.AutoPlayPageTestCases</td>
<td></td>
<td>29</td>
<td>com.eduven.testcase.AutoPlayPageTestCases@544fa968</td></tr>
<tr>
<td title='com.eduven.testcase.SwitchLanguagePageTestCases.switchLingoChangeBaseLanguageTest()'><b>switchLingoChangeBaseLanguageTest</b><br>Test class: com.eduven.testcase.SwitchLanguagePageTestCases</td>
<td></td>
<td>43</td>
<td>com.eduven.testcase.SwitchLanguagePageTestCases@5e5d171f</td></tr>
<tr>
<td title='com.eduven.testcase.AutoPlayPageTestCases.verifyAutoPlayButtonTest()'><b>verifyAutoPlayButtonTest</b><br>Test class: com.eduven.testcase.AutoPlayPageTestCases</td>
<td></td>
<td>22</td>
<td>com.eduven.testcase.AutoPlayPageTestCases@544fa968</td></tr>
<tr>
<td title='com.eduven.testcase.AutoPlayPageTestCases.verifyCategoryHeaderTxt()'><b>verifyCategoryHeaderTxt</b><br>Test class: com.eduven.testcase.AutoPlayPageTestCases</td>
<td></td>
<td>2</td>
<td>com.eduven.testcase.AutoPlayPageTestCases@544fa968</td></tr>
<tr>
<td title='com.eduven.testcase.CheckInterstetialBeforePurchase.verifyInterstetialForQuizTest()'><b>verifyInterstetialForQuizTest</b><br>Test class: com.eduven.testcase.CheckInterstetialBeforePurchase</td>
<td></td>
<td>102</td>
<td>com.eduven.testcase.CheckInterstetialBeforePurchase@247bddad</td></tr>
<tr>
<td title='com.eduven.testcase.CheckInterstetialAfterPurchase.verifyInterstetialForQuizTest()'><b>verifyInterstetialForQuizTest</b><br>Test class: com.eduven.testcase.CheckInterstetialAfterPurchase</td>
<td></td>
<td>128</td>
<td>com.eduven.testcase.CheckInterstetialAfterPurchase@7770f470</td></tr>
<tr>
<td title='com.eduven.testcase.PurchaseTestCases.verifyLockTermAppearAsUnlockTermTest()'><b>verifyLockTermAppearAsUnlockTermTest</b><br>Test class: com.eduven.testcase.PurchaseTestCases</td>
<td></td>
<td>97</td>
<td>com.eduven.testcase.PurchaseTestCases@d35dea7</td></tr>
<tr>
<td title='com.eduven.testcase.PurchaseTestCases.verifyLockTermBeforePurchaseTest()'><b>verifyLockTermBeforePurchaseTest</b><br>Test class: com.eduven.testcase.PurchaseTestCases</td>
<td></td>
<td>137</td>
<td>com.eduven.testcase.PurchaseTestCases@d35dea7</td></tr>
<tr>
<td title='com.eduven.testcase.QuickListPageTestCases.verifyLockTermNameTest()'><b>verifyLockTermNameTest</b><br>Test class: com.eduven.testcase.QuickListPageTestCases</td>
<td></td>
<td>88</td>
<td>com.eduven.testcase.QuickListPageTestCases@3bd82cf5</td></tr>
<tr>
<td title='com.eduven.testcase.PurchaseTestCases.verifyPurchaseBtnAfterPurchase()'><b>verifyPurchaseBtnAfterPurchase</b><br>Test class: com.eduven.testcase.PurchaseTestCases</td>
<td></td>
<td>5</td>
<td>com.eduven.testcase.PurchaseTestCases@d35dea7</td></tr>
<tr>
<td title='com.eduven.testcase.QuickListPageTestCases.verifyQuickListCategoryTest()'><b>verifyQuickListCategoryTest</b><br>Test class: com.eduven.testcase.QuickListPageTestCases</td>
<td></td>
<td>27</td>
<td>com.eduven.testcase.QuickListPageTestCases@3bd82cf5</td></tr>
<tr>
<td title='com.eduven.testcase.QuickListPageTestCases.verifyQuickListHeadertxtTest()'><b>verifyQuickListHeadertxtTest</b><br>Test class: com.eduven.testcase.QuickListPageTestCases</td>
<td></td>
<td>6</td>
<td>com.eduven.testcase.QuickListPageTestCases@3bd82cf5</td></tr>
<tr>
<td title='com.eduven.testcase.SwitchLanguagePageTestCases.verifyQuickListHeadertxtTest()'><b>verifyQuickListHeadertxtTest</b><br>Test class: com.eduven.testcase.SwitchLanguagePageTestCases</td>
<td></td>
<td>6</td>
<td>com.eduven.testcase.SwitchLanguagePageTestCases@5e5d171f</td></tr>
<tr>
<td title='com.eduven.testcase.SwitchLanguagePageTestCases.verifyTermHeaderAndTermNameListTest()'><b>verifyTermHeaderAndTermNameListTest</b><br>Test class: com.eduven.testcase.SwitchLanguagePageTestCases</td>
<td></td>
<td>73</td>
<td>com.eduven.testcase.SwitchLanguagePageTestCases@5e5d171f</td></tr>
<tr>
<td title='com.eduven.testcase.QuickListPageTestCases.verifyTermsNameOnTermlistPageTest()'><b>verifyTermsNameOnTermlistPageTest</b><br>Test class: com.eduven.testcase.QuickListPageTestCases</td>
<td></td>
<td>113</td>
<td>com.eduven.testcase.QuickListPageTestCases@3bd82cf5</td></tr>
<tr>
<td title='com.eduven.testcase.SwitchLanguagePageTestCases.verifyTermsNameOnTermlistPageTest()'><b>verifyTermsNameOnTermlistPageTest</b><br>Test class: com.eduven.testcase.SwitchLanguagePageTestCases</td>
<td></td>
<td>7</td>
<td>com.eduven.testcase.SwitchLanguagePageTestCases@5e5d171f</td></tr>
<tr>
<td title='com.eduven.testcase.QuickListPageTestCases.verifyUnlockTermNameTest()'><b>verifyUnlockTermNameTest</b><br>Test class: com.eduven.testcase.QuickListPageTestCases</td>
<td></td>
<td>37</td>
<td>com.eduven.testcase.QuickListPageTestCases@3bd82cf5</td></tr>
<tr>
<td title='com.eduven.testcase.AutoPlayPageTestCases.verify_auto_play_works_test()'><b>verify_auto_play_works_test</b><br>Test class: com.eduven.testcase.AutoPlayPageTestCases</td>
<td></td>
<td>0</td>
<td>com.eduven.testcase.AutoPlayPageTestCases@544fa968</td></tr>
</table><p>
</body>
</html>