<?xml version="1.0" encoding="UTF-8"?>
<!-- Generated by org.testng.reporters.JUnitXMLReporter -->
<testsuite hostname="Hitesh-Mac-Mini.local" name="Regression Testing Learn Bosnian" tests="44" failures="4" timestamp="8 Dec 2016 12:16:24 GMT" time="2807.158" errors="0">
  <testcase name="@AfterTest tearDown" time="0.0" classname="com.eduven.testcase.CheckInterstetialAfterPurchase">
    <failure type="java.lang.IllegalArgumentException" message="wrong number of arguments">
      <![CDATA[java.lang.IllegalArgumentException: wrong number of arguments
	at sun.reflect.NativeMethodAccessorImpl.invoke0(Native Method)
	at sun.reflect.NativeMethodAccessorImpl.invoke(NativeMethodAccessorImpl.java:62)
	at sun.reflect.DelegatingMethodAccessorImpl.invoke(DelegatingMethodAccessorImpl.java:43)
	at java.lang.reflect.Method.invoke(Method.java:498)
	at org.testng.internal.MethodInvocationHelper.invokeMethod(MethodInvocationHelper.java:85)
	at org.testng.internal.Invoker.invokeConfigurationMethod(Invoker.java:510)
	at org.testng.internal.Invoker.invokeConfigurations(Invoker.java:211)
	at org.testng.internal.Invoker.invokeConfigurations(Invoker.java:138)
	at org.testng.TestRunner.afterRun(TestRunner.java:1023)
	at org.testng.TestRunner.run(TestRunner.java:628)
	at org.testng.SuiteRunner.runTest(SuiteRunner.java:359)
	at org.testng.SuiteRunner.runSequentially(SuiteRunner.java:354)
	at org.testng.SuiteRunner.privateRun(SuiteRunner.java:312)
	at org.testng.SuiteRunner.run(SuiteRunner.java:261)
	at org.testng.SuiteRunnerWorker.runSuite(SuiteRunnerWorker.java:52)
	at org.testng.SuiteRunnerWorker.run(SuiteRunnerWorker.java:86)
	at org.testng.TestNG.runSuitesSequentially(TestNG.java:1215)
	at org.testng.TestNG.runSuitesLocally(TestNG.java:1140)
	at org.testng.TestNG.run(TestNG.java:1048)
	at com.eduven.utils.RunTestng.main(RunTestng.java:58)
]]>
    </failure>
  </testcase> <!-- @AfterTest tearDown -->
  <testcase name="@AfterTest tearDown" time="0.0" classname="com.eduven.testcase.CheckInterstetialAfterPurchase">
    <skipped/>
  </testcase> <!-- @AfterTest tearDown -->
  <testcase name="@AfterTest tearDown" time="0.0" classname="com.eduven.testcase.CheckInterstetialAfterPurchase">
    <skipped/>
  </testcase> <!-- @AfterTest tearDown -->
  <testcase name="handlingRateTheAppPopupTest" time="92.241" classname="com.eduven.testcase.QuickListPageTestCases"/>
  <testcase name="languageSelectionTest" time="40.43" classname="com.eduven.testcase.QuickListPageTestCases"/>
  <testcase name="navigateToQuickListTest" time="24.461" classname="com.eduven.testcase.QuickListPageTestCases"/>
  <testcase name="verifyQuickListHeadertxtTest" time="6.083" classname="com.eduven.testcase.QuickListPageTestCases"/>
  <testcase name="verifyQuickListCategoryTest" time="27.11" classname="com.eduven.testcase.QuickListPageTestCases"/>
  <testcase name="navigateToQuickListTermTest" time="17.983" classname="com.eduven.testcase.QuickListPageTestCases"/>
  <testcase name="verifyTermsNameOnTermlistPageTest" time="51.836" classname="com.eduven.testcase.QuickListPageTestCases"/>
  <testcase name="verifyUnlockTermNameTest" time="68.54" classname="com.eduven.testcase.QuickListPageTestCases"/>
  <testcase name="verifyLockTermNameTest" time="75.608" classname="com.eduven.testcase.QuickListPageTestCases"/>
  <testcase name="handlingRateTheAppPopupTest" time="63.303" classname="com.eduven.testcase.AutoPlayPageTestCases"/>
  <testcase name="languageSelectionTest" time="111.623" classname="com.eduven.testcase.AutoPlayPageTestCases"/>
  <testcase name="verifyCategoryHeaderTxt" time="2.045" classname="com.eduven.testcase.AutoPlayPageTestCases"/>
  <testcase name="selectRandomCategoryTest" time="20.24" classname="com.eduven.testcase.AutoPlayPageTestCases"/>
  <testcase name="verifyAutoPlayButtonTest" time="22.149" classname="com.eduven.testcase.AutoPlayPageTestCases"/>
  <testcase name="increaseDealayTimeTest" time="5.62" classname="com.eduven.testcase.AutoPlayPageTestCases"/>
  <testcase name="autoPlayButtonForPlayButtonTest" time="15.741" classname="com.eduven.testcase.AutoPlayPageTestCases"/>
  <testcase name="verify_auto_play_works_test" time="0.0" classname="com.eduven.testcase.AutoPlayPageTestCases"/>
  <testcase name="handlingRateTheAppPopupTest" time="63.697" classname="com.eduven.testcase.CheckInterstetialBeforePurchase"/>
  <testcase name="languageSelectionTest" time="112.705" classname="com.eduven.testcase.CheckInterstetialBeforePurchase"/>
  <testcase name="verifyInterstetialForQuizTest" time="102.746" classname="com.eduven.testcase.CheckInterstetialBeforePurchase"/>
  <testcase name="verifyInterstetialForInAppTest" time="41.488" classname="com.eduven.testcase.CheckInterstetialBeforePurchase">
    <failure type="org.openqa.selenium.WebDriverException" message="An unknown server-side error occurred while processing the command. (WARNING: The server did not provide any stacktrace information)
Command duration or timeout: 1.54 seconds
Build info: version: &amp;apos;2.51.0&amp;apos;, revision: &amp;apos;1af067d&amp;apos;, time: &amp;apos;2016-02-05 19:11:55&amp;apos;
System info: host: &amp;apos;Hitesh-Mac-Mini.local&amp;apos;, ip: &amp;apos;10.30.30.97&amp;apos;, os.name: &amp;apos;Mac OS X&amp;apos;, os.arch: &amp;apos;x86_64&amp;apos;, os.version: &amp;apos;10.11.6&amp;apos;, java.version: &amp;apos;1.8.0_74&amp;apos;
Driver info: io.appium.java_client.ios.IOSDriver
Capabilities [{app=/Users/hiteshbhardwaj/Desktop/Automation/app/LanguagesForIOS/BosnianIPA/bosnian.ipa, networkConnectionEnabled=false, warnings={}, appiumVersion=1.4.13, databaseEnabled=false, deviceName=Tester (9.3.5), platform=UNIX, desired={app=/Users/hiteshbhardwaj/Desktop/Automation/app/LanguagesForIOS/BosnianIPA/bosnian.ipa, appiumVersion=1.4.13, platformVersion=9.2, automationName=Appium, udid=7bcb4358baa692ac8207ca4db28eaacc80a14498, platformName=iOS, deviceName=Tester (9.3.5), platform=IOS}, platformVersion=9.2, webStorageEnabled=false, locationContextEnabled=false, automationName=Appium, browserName=iOS, takesScreenshot=true, javascriptEnabled=true, udid=7bcb4358baa692ac8207ca4db28eaacc80a14498, platformName=iOS}]
Session ID: 035c33f7-f253-4d76-83ca-4c274f945bb1">
      <![CDATA[org.openqa.selenium.WebDriverException: An unknown server-side error occurred while processing the command. (WARNING: The server did not provide any stacktrace information)
Command duration or timeout: 1.54 seconds
Build info: version: '2.51.0', revision: '1af067d', time: '2016-02-05 19:11:55'
System info: host: 'Hitesh-Mac-Mini.local', ip: '10.30.30.97', os.name: 'Mac OS X', os.arch: 'x86_64', os.version: '10.11.6', java.version: '1.8.0_74'
Driver info: io.appium.java_client.ios.IOSDriver
Capabilities [{app=/Users/hiteshbhardwaj/Desktop/Automation/app/LanguagesForIOS/BosnianIPA/bosnian.ipa, networkConnectionEnabled=false, warnings={}, appiumVersion=1.4.13, databaseEnabled=false, deviceName=Tester (9.3.5), platform=UNIX, desired={app=/Users/hiteshbhardwaj/Desktop/Automation/app/LanguagesForIOS/BosnianIPA/bosnian.ipa, appiumVersion=1.4.13, platformVersion=9.2, automationName=Appium, udid=7bcb4358baa692ac8207ca4db28eaacc80a14498, platformName=iOS, deviceName=Tester (9.3.5), platform=IOS}, platformVersion=9.2, webStorageEnabled=false, locationContextEnabled=false, automationName=Appium, browserName=iOS, takesScreenshot=true, javascriptEnabled=true, udid=7bcb4358baa692ac8207ca4db28eaacc80a14498, platformName=iOS}]
Session ID: 035c33f7-f253-4d76-83ca-4c274f945bb1
	at sun.reflect.NativeConstructorAccessorImpl.newInstance0(Native Method)
	at sun.reflect.NativeConstructorAccessorImpl.newInstance(NativeConstructorAccessorImpl.java:62)
	at sun.reflect.DelegatingConstructorAccessorImpl.newInstance(DelegatingConstructorAccessorImpl.java:45)
	at java.lang.reflect.Constructor.newInstance(Constructor.java:423)
	at org.openqa.selenium.remote.ErrorHandler.createThrowable(ErrorHandler.java:206)
	at org.openqa.selenium.remote.ErrorHandler.throwIfResponseFailed(ErrorHandler.java:158)
	at org.openqa.selenium.remote.RemoteWebDriver.execute(RemoteWebDriver.java:678)
	at io.appium.java_client.DefaultGenericMobileDriver.execute(DefaultGenericMobileDriver.java:43)
	at io.appium.java_client.AppiumDriver.execute(AppiumDriver.java:216)
	at org.openqa.selenium.remote.RemoteWebDriver$RemoteNavigation.back(RemoteWebDriver.java:961)
	at com.eduven.utils.Reusables.stepBack(Reusables.java:241)
	at com.eduven.modules.Interstetial.interstetialForInApp(Interstetial.java:62)
	at com.eduven.testcase.CheckInterstetialBeforePurchase.verifyInterstetialForInAppTest(CheckInterstetialBeforePurchase.java:45)
	at sun.reflect.NativeMethodAccessorImpl.invoke0(Native Method)
	at sun.reflect.NativeMethodAccessorImpl.invoke(NativeMethodAccessorImpl.java:62)
	at sun.reflect.DelegatingMethodAccessorImpl.invoke(DelegatingMethodAccessorImpl.java:43)
	at java.lang.reflect.Method.invoke(Method.java:498)
	at org.testng.internal.MethodInvocationHelper.invokeMethod(MethodInvocationHelper.java:85)
	at org.testng.internal.Invoker.invokeMethod(Invoker.java:639)
	at org.testng.internal.Invoker.invokeTestMethod(Invoker.java:816)
	at org.testng.internal.Invoker.invokeTestMethods(Invoker.java:1124)
	at org.testng.internal.TestMethodWorker.invokeTestMethods(TestMethodWorker.java:125)
	at org.testng.internal.TestMethodWorker.run(TestMethodWorker.java:108)
	at org.testng.TestRunner.privateRun(TestRunner.java:774)
	at org.testng.TestRunner.run(TestRunner.java:624)
	at org.testng.SuiteRunner.runTest(SuiteRunner.java:359)
	at org.testng.SuiteRunner.runSequentially(SuiteRunner.java:354)
	at org.testng.SuiteRunner.privateRun(SuiteRunner.java:312)
	at org.testng.SuiteRunner.run(SuiteRunner.java:261)
	at org.testng.SuiteRunnerWorker.runSuite(SuiteRunnerWorker.java:52)
	at org.testng.SuiteRunnerWorker.run(SuiteRunnerWorker.java:86)
	at org.testng.TestNG.runSuitesSequentially(TestNG.java:1215)
	at org.testng.TestNG.runSuitesLocally(TestNG.java:1140)
	at org.testng.TestNG.run(TestNG.java:1048)
	at com.eduven.utils.RunTestng.main(RunTestng.java:58)
]]>
    </failure>
  </testcase> <!-- verifyInterstetialForInAppTest -->
  <testcase name="handlingRateTheAppPopupTest" time="16.751" classname="com.eduven.testcase.PurchaseTestCases"/>
  <testcase name="languageSelectionTest" time="111.709" classname="com.eduven.testcase.PurchaseTestCases"/>
  <testcase name="verifyLockTermBeforePurchaseTest" time="131.405" classname="com.eduven.testcase.PurchaseTestCases"/>
  <testcase name="navigateToBuyTest" time="42.765" classname="com.eduven.testcase.PurchaseTestCases"/>
  <testcase name="buyAppPurchaseTest" time="292.928" classname="com.eduven.testcase.PurchaseTestCases"/>
  <testcase name="verifyPurchaseBtnAfterPurchase" time="5.531" classname="com.eduven.testcase.PurchaseTestCases"/>
  <testcase name="verifyLockTermAppearAsUnlockTermTest" time="83.281" classname="com.eduven.testcase.PurchaseTestCases"/>
  <testcase name="handlingRateTheAppPopupTest" time="67.318" classname="com.eduven.testcase.CheckInterstetialAfterPurchase"/>
  <testcase name="languageSelectionTest" time="110.35" classname="com.eduven.testcase.CheckInterstetialAfterPurchase"/>
  <testcase name="verifyInterstetialForQuizTest" time="127.804" classname="com.eduven.testcase.CheckInterstetialAfterPurchase"/>
  <testcase name="handlingRateAppPopupTest" time="67.317" classname="com.eduven.testcase.SwitchLanguagePageTestCases"/>
  <testcase name="languageSelectionTest" time="110.729" classname="com.eduven.testcase.SwitchLanguagePageTestCases"/>
  <testcase name="navigateToSswitchLingoPageTest" time="35.821" classname="com.eduven.testcase.SwitchLanguagePageTestCases"/>
  <testcase name="switchLingoChangeBaseLanguageTest" time="40.68" classname="com.eduven.testcase.SwitchLanguagePageTestCases"/>
  <testcase name="purchaseNativeLangugaeTest" time="268.028" classname="com.eduven.testcase.SwitchLanguagePageTestCases"/>
  <testcase name="languageSelectionTest1" time="45.605" classname="com.eduven.testcase.SwitchLanguagePageTestCases"/>
  <testcase name="verifyCategoryListAfterBaseLanguageChangeTest" time="5.019" classname="com.eduven.testcase.SwitchLanguagePageTestCases"/>
  <testcase name="verifyTermHeaderAndTermNameListTest" time="5.009" classname="com.eduven.testcase.SwitchLanguagePageTestCases">
    <failure type="java.lang.IllegalArgumentException" message="bound must be positive">
      <![CDATA[java.lang.IllegalArgumentException: bound must be positive
	at java.util.Random.nextInt(Random.java:388)
	at com.eduven.utils.Reusables.randomNumber(Reusables.java:486)
	at com.eduven.modules.Categories.clickOnRandomCategory(Categories.java:139)
	at com.eduven.testcase.SwitchLanguagePageTestCases.verifyTermHeaderAndTermNameListTest(SwitchLanguagePageTestCases.java:72)
	at sun.reflect.NativeMethodAccessorImpl.invoke0(Native Method)
	at sun.reflect.NativeMethodAccessorImpl.invoke(NativeMethodAccessorImpl.java:62)
	at sun.reflect.DelegatingMethodAccessorImpl.invoke(DelegatingMethodAccessorImpl.java:43)
	at java.lang.reflect.Method.invoke(Method.java:498)
	at org.testng.internal.MethodInvocationHelper.invokeMethod(MethodInvocationHelper.java:85)
	at org.testng.internal.Invoker.invokeMethod(Invoker.java:639)
	at org.testng.internal.Invoker.invokeTestMethod(Invoker.java:816)
	at org.testng.internal.Invoker.invokeTestMethods(Invoker.java:1124)
	at org.testng.internal.TestMethodWorker.invokeTestMethods(TestMethodWorker.java:125)
	at org.testng.internal.TestMethodWorker.run(TestMethodWorker.java:108)
	at org.testng.TestRunner.privateRun(TestRunner.java:774)
	at org.testng.TestRunner.run(TestRunner.java:624)
	at org.testng.SuiteRunner.runTest(SuiteRunner.java:359)
	at org.testng.SuiteRunner.runSequentially(SuiteRunner.java:354)
	at org.testng.SuiteRunner.privateRun(SuiteRunner.java:312)
	at org.testng.SuiteRunner.run(SuiteRunner.java:261)
	at org.testng.SuiteRunnerWorker.runSuite(SuiteRunnerWorker.java:52)
	at org.testng.SuiteRunnerWorker.run(SuiteRunnerWorker.java:86)
	at org.testng.TestNG.runSuitesSequentially(TestNG.java:1215)
	at org.testng.TestNG.runSuitesLocally(TestNG.java:1140)
	at org.testng.TestNG.run(TestNG.java:1048)
	at com.eduven.utils.RunTestng.main(RunTestng.java:58)
]]>
    </failure>
  </testcase> <!-- verifyTermHeaderAndTermNameListTest -->
  <testcase name="navigateToQuickListTest" time="23.68" classname="com.eduven.testcase.SwitchLanguagePageTestCases"/>
  <testcase name="verifyQuickListHeadertxtTest" time="6.179" classname="com.eduven.testcase.SwitchLanguagePageTestCases"/>
  <testcase name="verifyQuickListCategoryTest" time="5.613" classname="com.eduven.testcase.SwitchLanguagePageTestCases"/>
  <testcase name="navigateToQuickListTermTest" time="6.009" classname="com.eduven.testcase.SwitchLanguagePageTestCases">
    <failure type="java.lang.IllegalArgumentException" message="bound must be positive">
      <![CDATA[java.lang.IllegalArgumentException: bound must be positive
	at java.util.Random.nextInt(Random.java:388)
	at com.eduven.utils.Reusables.randomNumber(Reusables.java:486)
	at com.eduven.modules.QuickList.clickOnRandomQuickList(QuickList.java:102)
	at com.eduven.testcase.SwitchLanguagePageTestCases.navigateToQuickListTermTest(SwitchLanguagePageTestCases.java:96)
	at sun.reflect.NativeMethodAccessorImpl.invoke0(Native Method)
	at sun.reflect.NativeMethodAccessorImpl.invoke(NativeMethodAccessorImpl.java:62)
	at sun.reflect.DelegatingMethodAccessorImpl.invoke(DelegatingMethodAccessorImpl.java:43)
	at java.lang.reflect.Method.invoke(Method.java:498)
	at org.testng.internal.MethodInvocationHelper.invokeMethod(MethodInvocationHelper.java:85)
	at org.testng.internal.Invoker.invokeMethod(Invoker.java:639)
	at org.testng.internal.Invoker.invokeTestMethod(Invoker.java:816)
	at org.testng.internal.Invoker.invokeTestMethods(Invoker.java:1124)
	at org.testng.internal.TestMethodWorker.invokeTestMethods(TestMethodWorker.java:125)
	at org.testng.internal.TestMethodWorker.run(TestMethodWorker.java:108)
	at org.testng.TestRunner.privateRun(TestRunner.java:774)
	at org.testng.TestRunner.run(TestRunner.java:624)
	at org.testng.SuiteRunner.runTest(SuiteRunner.java:359)
	at org.testng.SuiteRunner.runSequentially(SuiteRunner.java:354)
	at org.testng.SuiteRunner.privateRun(SuiteRunner.java:312)
	at org.testng.SuiteRunner.run(SuiteRunner.java:261)
	at org.testng.SuiteRunnerWorker.runSuite(SuiteRunnerWorker.java:52)
	at org.testng.SuiteRunnerWorker.run(SuiteRunnerWorker.java:86)
	at org.testng.TestNG.runSuitesSequentially(TestNG.java:1215)
	at org.testng.TestNG.runSuitesLocally(TestNG.java:1140)
	at org.testng.TestNG.run(TestNG.java:1048)
	at com.eduven.utils.RunTestng.main(RunTestng.java:58)
]]>
    </failure>
  </testcase> <!-- navigateToQuickListTermTest -->
  <testcase name="verifyTermsNameOnTermlistPageTest" time="34.8" classname="com.eduven.testcase.SwitchLanguagePageTestCases">
    <failure type="org.openqa.selenium.WebDriverException" message="An unknown server-side error occurred while processing the command. (WARNING: The server did not provide any stacktrace information)
Command duration or timeout: 1.62 seconds
Build info: version: &amp;apos;2.51.0&amp;apos;, revision: &amp;apos;1af067d&amp;apos;, time: &amp;apos;2016-02-05 19:11:55&amp;apos;
System info: host: &amp;apos;Hitesh-Mac-Mini.local&amp;apos;, ip: &amp;apos;10.30.30.97&amp;apos;, os.name: &amp;apos;Mac OS X&amp;apos;, os.arch: &amp;apos;x86_64&amp;apos;, os.version: &amp;apos;10.11.6&amp;apos;, java.version: &amp;apos;1.8.0_74&amp;apos;
Driver info: io.appium.java_client.ios.IOSDriver
Capabilities [{app=/Users/hiteshbhardwaj/Desktop/Automation/app/LanguagesForIOS/BosnianIPA/bosnian.ipa, networkConnectionEnabled=false, warnings={}, appiumVersion=1.4.13, databaseEnabled=false, deviceName=Tester (9.3.5), platform=UNIX, desired={app=/Users/hiteshbhardwaj/Desktop/Automation/app/LanguagesForIOS/BosnianIPA/bosnian.ipa, appiumVersion=1.4.13, platformVersion=9.2, automationName=Appium, udid=7bcb4358baa692ac8207ca4db28eaacc80a14498, platformName=iOS, deviceName=Tester (9.3.5), platform=IOS}, platformVersion=9.2, webStorageEnabled=false, locationContextEnabled=false, automationName=Appium, browserName=iOS, takesScreenshot=true, javascriptEnabled=true, udid=7bcb4358baa692ac8207ca4db28eaacc80a14498, platformName=iOS}]
Session ID: 035c33f7-f253-4d76-83ca-4c274f945bb1">
      <![CDATA[org.openqa.selenium.WebDriverException: An unknown server-side error occurred while processing the command. (WARNING: The server did not provide any stacktrace information)
Command duration or timeout: 1.62 seconds
Build info: version: '2.51.0', revision: '1af067d', time: '2016-02-05 19:11:55'
System info: host: 'Hitesh-Mac-Mini.local', ip: '10.30.30.97', os.name: 'Mac OS X', os.arch: 'x86_64', os.version: '10.11.6', java.version: '1.8.0_74'
Driver info: io.appium.java_client.ios.IOSDriver
Capabilities [{app=/Users/hiteshbhardwaj/Desktop/Automation/app/LanguagesForIOS/BosnianIPA/bosnian.ipa, networkConnectionEnabled=false, warnings={}, appiumVersion=1.4.13, databaseEnabled=false, deviceName=Tester (9.3.5), platform=UNIX, desired={app=/Users/hiteshbhardwaj/Desktop/Automation/app/LanguagesForIOS/BosnianIPA/bosnian.ipa, appiumVersion=1.4.13, platformVersion=9.2, automationName=Appium, udid=7bcb4358baa692ac8207ca4db28eaacc80a14498, platformName=iOS, deviceName=Tester (9.3.5), platform=IOS}, platformVersion=9.2, webStorageEnabled=false, locationContextEnabled=false, automationName=Appium, browserName=iOS, takesScreenshot=true, javascriptEnabled=true, udid=7bcb4358baa692ac8207ca4db28eaacc80a14498, platformName=iOS}]
Session ID: 035c33f7-f253-4d76-83ca-4c274f945bb1
	at sun.reflect.NativeConstructorAccessorImpl.newInstance0(Native Method)
	at sun.reflect.NativeConstructorAccessorImpl.newInstance(NativeConstructorAccessorImpl.java:62)
	at sun.reflect.DelegatingConstructorAccessorImpl.newInstance(DelegatingConstructorAccessorImpl.java:45)
	at java.lang.reflect.Constructor.newInstance(Constructor.java:423)
	at org.openqa.selenium.remote.ErrorHandler.createThrowable(ErrorHandler.java:206)
	at org.openqa.selenium.remote.ErrorHandler.throwIfResponseFailed(ErrorHandler.java:158)
	at org.openqa.selenium.remote.RemoteWebDriver.execute(RemoteWebDriver.java:678)
	at io.appium.java_client.DefaultGenericMobileDriver.execute(DefaultGenericMobileDriver.java:43)
	at io.appium.java_client.AppiumDriver.execute(AppiumDriver.java:216)
	at org.openqa.selenium.remote.RemoteWebDriver$RemoteNavigation.back(RemoteWebDriver.java:961)
	at com.eduven.utils.Reusables.stepBack(Reusables.java:241)
	at com.eduven.testcase.SwitchLanguagePageTestCases.verifyTermsNameOnTermlistPageTest(SwitchLanguagePageTestCases.java:104)
	at sun.reflect.NativeMethodAccessorImpl.invoke0(Native Method)
	at sun.reflect.NativeMethodAccessorImpl.invoke(NativeMethodAccessorImpl.java:62)
	at sun.reflect.DelegatingMethodAccessorImpl.invoke(DelegatingMethodAccessorImpl.java:43)
	at java.lang.reflect.Method.invoke(Method.java:498)
	at org.testng.internal.MethodInvocationHelper.invokeMethod(MethodInvocationHelper.java:85)
	at org.testng.internal.Invoker.invokeMethod(Invoker.java:639)
	at org.testng.internal.Invoker.invokeTestMethod(Invoker.java:816)
	at org.testng.internal.Invoker.invokeTestMethods(Invoker.java:1124)
	at org.testng.internal.TestMethodWorker.invokeTestMethods(TestMethodWorker.java:125)
	at org.testng.internal.TestMethodWorker.run(TestMethodWorker.java:108)
	at org.testng.TestRunner.privateRun(TestRunner.java:774)
	at org.testng.TestRunner.run(TestRunner.java:624)
	at org.testng.SuiteRunner.runTest(SuiteRunner.java:359)
	at org.testng.SuiteRunner.runSequentially(SuiteRunner.java:354)
	at org.testng.SuiteRunner.privateRun(SuiteRunner.java:312)
	at org.testng.SuiteRunner.run(SuiteRunner.java:261)
	at org.testng.SuiteRunnerWorker.runSuite(SuiteRunnerWorker.java:52)
	at org.testng.SuiteRunnerWorker.run(SuiteRunnerWorker.java:86)
	at org.testng.TestNG.runSuitesSequentially(TestNG.java:1215)
	at org.testng.TestNG.runSuitesLocally(TestNG.java:1140)
	at org.testng.TestNG.run(TestNG.java:1048)
	at com.eduven.utils.RunTestng.main(RunTestng.java:58)
]]>
    </failure>
  </testcase> <!-- verifyTermsNameOnTermlistPageTest -->
</testsuite> <!-- Regression Testing Learn Bosnian -->
