<html>
<head>
<title>TestNG:  Regression Testing Learn Greek</title>
<link href="../testng.css" rel="stylesheet" type="text/css" />
<link href="../my-testng.css" rel="stylesheet" type="text/css" />

<style type="text/css">
.log { display: none;} 
.stack-trace { display: none;} 
</style>
<script type="text/javascript">
<!--
function flip(e) {
  current = e.style.display;
  if (current == 'block') {
    e.style.display = 'none';
    return 0;
  }
  else {
    e.style.display = 'block';
    return 1;
  }
}

function toggleBox(szDivId, elem, msg1, msg2)
{
  var res = -1;  if (document.getElementById) {
    res = flip(document.getElementById(szDivId));
  }
  else if (document.all) {
    // this is the way old msie versions work
    res = flip(document.all[szDivId]);
  }
  if(elem) {
    if(res == 0) elem.innerHTML = msg1; else elem.innerHTML = msg2;
  }

}

function toggleAllBoxes() {
  if (document.getElementsByTagName) {
    d = document.getElementsByTagName('div');
    for (i = 0; i < d.length; i++) {
      if (d[i].className == 'log') {
        flip(d[i]);
      }
    }
  }
}

// -->
</script>

</head>
<body>
<h2 align='center'>Regression Testing Learn Greek</h2><table border='1' align="center">
<tr>
<td>Tests passed/Failed/Skipped:</td><td>55/13/34</td>
</tr><tr>
<td>Started on:</td><td>Thu Oct 27 15:54:04 IST 2016</td>
</tr>
<tr><td>Total time:</td><td>3212 seconds (3212578 ms)</td>
</tr><tr>
<td>Included groups:</td><td></td>
</tr><tr>
<td>Excluded groups:</td><td></td>
</tr>
</table><p/>
<small><i>(Hover the method name to see the test class name)</i></small><p/>
<table width='100%' border='1' class='invocation-failed'>
<tr><td colspan='4' align='center'><b>FAILED CONFIGURATIONS</b></td></tr>
<tr><td><b>Test method</b></td>
<td width="30%"><b>Exception</b></td>
<td width="10%"><b>Time (seconds)</b></td>
<td><b>Instance</b></td>
</tr>
<tr>
<td title='com.eduven.testcase.EvMenuPageTestCases.tearDown()'><b>tearDown</b><br>Test class: com.eduven.testcase.EvMenuPageTestCases<br>Parameters: [TestResult name=evmenuLoginFacebookTest status=FAILURE method=EvMenuPageTestCases.evmenuLoginFacebookTest()[pri:184, instance:com.eduven.testcase.EvMenuPageTestCases@4e08711f] output={null}]</td>
<td><div><pre>org.openqa.selenium.remote.SessionNotFoundException: 
Command duration or timeout: 6 milliseconds
Build info: version: &apos;2.51.0&apos;, revision: &apos;1af067d&apos;, time: &apos;2016-02-05 19:11:55&apos;
System info: host: &apos;Hitesh-Mac-Mini.local&apos;, ip: &apos;10.30.30.97&apos;, os.name: &apos;Mac OS X&apos;, os.arch: &apos;x86_64&apos;, os.version: &apos;10.11.6&apos;, java.version: &apos;1.8.0_74&apos;
Driver info: io.appium.java_client.ios.IOSDriver
Capabilities [{app=/Users/hiteshbhardwaj/Downloads/greek.ipa, networkConnectionEnabled=false, warnings={}, appiumVersion=1.4.13, databaseEnabled=false, deviceName=Rahul&apos;s iPad (9.3.5), platform=UNIX, desired={app=/Users/hiteshbhardwaj/Downloads/greek.ipa, appiumVersion=1.4.13, platformVersion=9.3, automationName=Appium, udid=84974ee52e47314f4e50b296df4610e953edc63f, platformName=iOS, deviceName=Rahul&apos;s iPad (9.3.5), platform=IOS}, platformVersion=9.3, webStorageEnabled=false, locationContextEnabled=false, automationName=Appium, browserName=iOS, takesScreenshot=true, javascriptEnabled=true, udid=84974ee52e47314f4e50b296df4610e953edc63f, platformName=iOS}]
Session ID: 16b2d40a-0b6e-4dd0-93fd-7d7fb77cabc9
	at sun.reflect.NativeConstructorAccessorImpl.newInstance0(Native Method)
	at sun.reflect.NativeConstructorAccessorImpl.newInstance(NativeConstructorAccessorImpl.java:62)
	at sun.reflect.DelegatingConstructorAccessorImpl.newInstance(DelegatingConstructorAccessorImpl.java:45)
	at java.lang.reflect.Constructor.newInstance(Constructor.java:423)
	at org.openqa.selenium.remote.ErrorHandler.createThrowable(ErrorHandler.java:206)
	at org.openqa.selenium.remote.ErrorHandler.throwIfResponseFailed(ErrorHandler.java:164)
	at org.openqa.selenium.remote.RemoteWebDriver.execute(RemoteWebDriver.java:678)
	at io.appium.java_client.DefaultGenericMobileDriver.execute(DefaultGenericMobileDriver.java:43)
	at io.appium.java_client.AppiumDriver.execute(AppiumDriver.java:216)
	at org.openqa.selenium.remote.RemoteWebDriver.getScreenshotAs(RemoteWebDriver.java:335)
	at com.eduven.report.ScreenShot.takesScreenShotCapture(ScreenShot.java:33)
	at com.eduven.testcase.EvMenuPageTestCases.tearDown(EvMenuPageTestCases.java:191)
	at sun.reflect.GeneratedMethodAccessor6.invoke(Unknown Source)
	at sun.reflect.DelegatingMethodAccessorImpl.invoke(DelegatingMethodAccessorImpl.java:43)
	at java.lang.reflect.Method.invoke(Method.java:498)
	at org.testng.internal.MethodInvocationHelper.invokeMethod(MethodInvocationHelper.java:85)
	at org.testng.internal.Invoker.invokeConfigurationMethod(Invoker.java:510)
	at org.testng.internal.Invoker.invokeConfigurations(Invoker.java:211)
	at org.testng.internal.Invoker.invokeMethod(Invoker.java:703)
	at org.testng.internal.Invoker.invokeTestMethod(Invoker.java:816)
	at org.testng.internal.Invoker.invokeTestMethods(Invoker.java:1124)
	at org.testng.internal.TestMethodWorker.invokeTestMethods(TestMethodWorker.java:125)
	at org.testng.internal.TestMethodWorker.run(TestMethodWorker.java:108)
	at org.testng.TestRunner.privateRun(TestRunner.java:774)
	at org.testng.TestRunner.run(TestRunner.java:624)
	at org.testng.SuiteRunner.runTest(SuiteRunner.java:359)
	at org.testng.SuiteRunner.runSequentially(SuiteRunner.java:354)
	at org.testng.SuiteRunner.privateRun(SuiteRunner.java:312)
	at org.testng.SuiteRunner.run(SuiteRunner.java:261)
	at org.testng.SuiteRunnerWorker.runSuite(SuiteRunnerWorker.java:52)
	at org.testng.SuiteRunnerWorker.run(SuiteRunnerWorker.java:86)
	at org.testng.TestNG.runSuitesSequentially(TestNG.java:1215)
	at org.testng.TestNG.runSuitesLocally(TestNG.java:1140)
	at org.testng.TestNG.run(TestNG.java:1048)
	at com.eduven.utils.RunTestng.main(RunTestng.java:58)
</pre></div><a href='#' onClick='toggleBox("stack-trace778162712", this, "Click to show all stack frames", "Click to hide stack frames")'>Click to show all stack frames</a>
<div class='stack-trace' id='stack-trace778162712'><pre>org.openqa.selenium.remote.SessionNotFoundException: 
Command duration or timeout: 6 milliseconds
Build info: version: &apos;2.51.0&apos;, revision: &apos;1af067d&apos;, time: &apos;2016-02-05 19:11:55&apos;
System info: host: &apos;Hitesh-Mac-Mini.local&apos;, ip: &apos;10.30.30.97&apos;, os.name: &apos;Mac OS X&apos;, os.arch: &apos;x86_64&apos;, os.version: &apos;10.11.6&apos;, java.version: &apos;1.8.0_74&apos;
Driver info: io.appium.java_client.ios.IOSDriver
Capabilities [{app=/Users/hiteshbhardwaj/Downloads/greek.ipa, networkConnectionEnabled=false, warnings={}, appiumVersion=1.4.13, databaseEnabled=false, deviceName=Rahul&apos;s iPad (9.3.5), platform=UNIX, desired={app=/Users/hiteshbhardwaj/Downloads/greek.ipa, appiumVersion=1.4.13, platformVersion=9.3, automationName=Appium, udid=84974ee52e47314f4e50b296df4610e953edc63f, platformName=iOS, deviceName=Rahul&apos;s iPad (9.3.5), platform=IOS}, platformVersion=9.3, webStorageEnabled=false, locationContextEnabled=false, automationName=Appium, browserName=iOS, takesScreenshot=true, javascriptEnabled=true, udid=84974ee52e47314f4e50b296df4610e953edc63f, platformName=iOS}]
Session ID: 16b2d40a-0b6e-4dd0-93fd-7d7fb77cabc9
	at sun.reflect.NativeConstructorAccessorImpl.newInstance0(Native Method)
	at sun.reflect.NativeConstructorAccessorImpl.newInstance(NativeConstructorAccessorImpl.java:62)
	at sun.reflect.DelegatingConstructorAccessorImpl.newInstance(DelegatingConstructorAccessorImpl.java:45)
	at java.lang.reflect.Constructor.newInstance(Constructor.java:423)
	at org.openqa.selenium.remote.ErrorHandler.createThrowable(ErrorHandler.java:206)
	at org.openqa.selenium.remote.ErrorHandler.throwIfResponseFailed(ErrorHandler.java:164)
	at org.openqa.selenium.remote.RemoteWebDriver.execute(RemoteWebDriver.java:678)
	at io.appium.java_client.DefaultGenericMobileDriver.execute(DefaultGenericMobileDriver.java:43)
	at io.appium.java_client.AppiumDriver.execute(AppiumDriver.java:216)
	at org.openqa.selenium.remote.RemoteWebDriver.getScreenshotAs(RemoteWebDriver.java:335)
	at com.eduven.report.ScreenShot.takesScreenShotCapture(ScreenShot.java:33)
	at com.eduven.testcase.EvMenuPageTestCases.tearDown(EvMenuPageTestCases.java:191)
	at sun.reflect.GeneratedMethodAccessor6.invoke(Unknown Source)
	at sun.reflect.DelegatingMethodAccessorImpl.invoke(DelegatingMethodAccessorImpl.java:43)
	at java.lang.reflect.Method.invoke(Method.java:498)
	at org.testng.internal.MethodInvocationHelper.invokeMethod(MethodInvocationHelper.java:85)
	at org.testng.internal.Invoker.invokeConfigurationMethod(Invoker.java:510)
	at org.testng.internal.Invoker.invokeConfigurations(Invoker.java:211)
	at org.testng.internal.Invoker.invokeMethod(Invoker.java:703)
	at org.testng.internal.Invoker.invokeTestMethod(Invoker.java:816)
	at org.testng.internal.Invoker.invokeTestMethods(Invoker.java:1124)
	at org.testng.internal.TestMethodWorker.invokeTestMethods(TestMethodWorker.java:125)
	at org.testng.internal.TestMethodWorker.run(TestMethodWorker.java:108)
	at org.testng.TestRunner.privateRun(TestRunner.java:774)
	at org.testng.TestRunner.run(TestRunner.java:624)
	at org.testng.SuiteRunner.runTest(SuiteRunner.java:359)
	at org.testng.SuiteRunner.runSequentially(SuiteRunner.java:354)
	at org.testng.SuiteRunner.privateRun(SuiteRunner.java:312)
	at org.testng.SuiteRunner.run(SuiteRunner.java:261)
	at org.testng.SuiteRunnerWorker.runSuite(SuiteRunnerWorker.java:52)
	at org.testng.SuiteRunnerWorker.run(SuiteRunnerWorker.java:86)
	at org.testng.TestNG.runSuitesSequentially(TestNG.java:1215)
	at org.testng.TestNG.runSuitesLocally(TestNG.java:1140)
	at org.testng.TestNG.run(TestNG.java:1048)
	at com.eduven.utils.RunTestng.main(RunTestng.java:58)
</pre></div></td>
<td>0</td>
<td>com.eduven.testcase.EvMenuPageTestCases@4e08711f</td></tr>
<tr>
<td title='com.eduven.testcase.TermListPageTestCases.tearDown()'><b>tearDown</b><br>Test class: com.eduven.testcase.TermListPageTestCases<br>Parameters: [TestResult name=handling_rate_app_popup_test status=FAILURE method=TermListPageTestCases.handling_rate_app_popup_test()[pri:0, instance:com.eduven.testcase.TermListPageTestCases@bcec361] output={null}]</td>
<td><div><pre>org.openqa.selenium.remote.SessionNotFoundException: 
Command duration or timeout: 5 milliseconds
Build info: version: &apos;2.51.0&apos;, revision: &apos;1af067d&apos;, time: &apos;2016-02-05 19:11:55&apos;
System info: host: &apos;Hitesh-Mac-Mini.local&apos;, ip: &apos;10.30.30.97&apos;, os.name: &apos;Mac OS X&apos;, os.arch: &apos;x86_64&apos;, os.version: &apos;10.11.6&apos;, java.version: &apos;1.8.0_74&apos;
Driver info: io.appium.java_client.ios.IOSDriver
Capabilities [{app=/Users/hiteshbhardwaj/Downloads/greek.ipa, networkConnectionEnabled=false, warnings={}, appiumVersion=1.4.13, databaseEnabled=false, deviceName=Rahul&apos;s iPad (9.3.5), platform=UNIX, desired={app=/Users/hiteshbhardwaj/Downloads/greek.ipa, appiumVersion=1.4.13, platformVersion=9.3, automationName=Appium, udid=84974ee52e47314f4e50b296df4610e953edc63f, platformName=iOS, deviceName=Rahul&apos;s iPad (9.3.5), platform=IOS}, platformVersion=9.3, webStorageEnabled=false, locationContextEnabled=false, automationName=Appium, browserName=iOS, takesScreenshot=true, javascriptEnabled=true, udid=84974ee52e47314f4e50b296df4610e953edc63f, platformName=iOS}]
Session ID: 16b2d40a-0b6e-4dd0-93fd-7d7fb77cabc9
	at sun.reflect.NativeConstructorAccessorImpl.newInstance0(Native Method)
	at sun.reflect.NativeConstructorAccessorImpl.newInstance(NativeConstructorAccessorImpl.java:62)
	at sun.reflect.DelegatingConstructorAccessorImpl.newInstance(DelegatingConstructorAccessorImpl.java:45)
	at java.lang.reflect.Constructor.newInstance(Constructor.java:423)
	at org.openqa.selenium.remote.ErrorHandler.createThrowable(ErrorHandler.java:206)
	at org.openqa.selenium.remote.ErrorHandler.throwIfResponseFailed(ErrorHandler.java:164)
	at org.openqa.selenium.remote.RemoteWebDriver.execute(RemoteWebDriver.java:678)
	at io.appium.java_client.DefaultGenericMobileDriver.execute(DefaultGenericMobileDriver.java:43)
	at io.appium.java_client.AppiumDriver.execute(AppiumDriver.java:216)
	at org.openqa.selenium.remote.RemoteWebDriver.getScreenshotAs(RemoteWebDriver.java:335)
	at com.eduven.report.ScreenShot.takesScreenShotCapture(ScreenShot.java:33)
	at com.eduven.testcase.TermListPageTestCases.tearDown(TermListPageTestCases.java:112)
	at sun.reflect.NativeMethodAccessorImpl.invoke0(Native Method)
	at sun.reflect.NativeMethodAccessorImpl.invoke(NativeMethodAccessorImpl.java:62)
	at sun.reflect.DelegatingMethodAccessorImpl.invoke(DelegatingMethodAccessorImpl.java:43)
	at java.lang.reflect.Method.invoke(Method.java:498)
	at org.testng.internal.MethodInvocationHelper.invokeMethod(MethodInvocationHelper.java:85)
	at org.testng.internal.Invoker.invokeConfigurationMethod(Invoker.java:510)
	at org.testng.internal.Invoker.invokeConfigurations(Invoker.java:211)
	at org.testng.internal.Invoker.invokeMethod(Invoker.java:703)
	at org.testng.internal.Invoker.invokeTestMethod(Invoker.java:816)
	at org.testng.internal.Invoker.invokeTestMethods(Invoker.java:1124)
	at org.testng.internal.TestMethodWorker.invokeTestMethods(TestMethodWorker.java:125)
	at org.testng.internal.TestMethodWorker.run(TestMethodWorker.java:108)
	at org.testng.TestRunner.privateRun(TestRunner.java:774)
	at org.testng.TestRunner.run(TestRunner.java:624)
	at org.testng.SuiteRunner.runTest(SuiteRunner.java:359)
	at org.testng.SuiteRunner.runSequentially(SuiteRunner.java:354)
	at org.testng.SuiteRunner.privateRun(SuiteRunner.java:312)
	at org.testng.SuiteRunner.run(SuiteRunner.java:261)
	at org.testng.SuiteRunnerWorker.runSuite(SuiteRunnerWorker.java:52)
	at org.testng.SuiteRunnerWorker.run(SuiteRunnerWorker.java:86)
	at org.testng.TestNG.runSuitesSequentially(TestNG.java:1215)
	at org.testng.TestNG.runSuitesLocally(TestNG.java:1140)
	at org.testng.TestNG.run(TestNG.java:1048)
	at com.eduven.utils.RunTestng.main(RunTestng.java:58)
</pre></div><a href='#' onClick='toggleBox("stack-trace1378497201", this, "Click to show all stack frames", "Click to hide stack frames")'>Click to show all stack frames</a>
<div class='stack-trace' id='stack-trace1378497201'><pre>org.openqa.selenium.remote.SessionNotFoundException: 
Command duration or timeout: 5 milliseconds
Build info: version: &apos;2.51.0&apos;, revision: &apos;1af067d&apos;, time: &apos;2016-02-05 19:11:55&apos;
System info: host: &apos;Hitesh-Mac-Mini.local&apos;, ip: &apos;10.30.30.97&apos;, os.name: &apos;Mac OS X&apos;, os.arch: &apos;x86_64&apos;, os.version: &apos;10.11.6&apos;, java.version: &apos;1.8.0_74&apos;
Driver info: io.appium.java_client.ios.IOSDriver
Capabilities [{app=/Users/hiteshbhardwaj/Downloads/greek.ipa, networkConnectionEnabled=false, warnings={}, appiumVersion=1.4.13, databaseEnabled=false, deviceName=Rahul&apos;s iPad (9.3.5), platform=UNIX, desired={app=/Users/hiteshbhardwaj/Downloads/greek.ipa, appiumVersion=1.4.13, platformVersion=9.3, automationName=Appium, udid=84974ee52e47314f4e50b296df4610e953edc63f, platformName=iOS, deviceName=Rahul&apos;s iPad (9.3.5), platform=IOS}, platformVersion=9.3, webStorageEnabled=false, locationContextEnabled=false, automationName=Appium, browserName=iOS, takesScreenshot=true, javascriptEnabled=true, udid=84974ee52e47314f4e50b296df4610e953edc63f, platformName=iOS}]
Session ID: 16b2d40a-0b6e-4dd0-93fd-7d7fb77cabc9
	at sun.reflect.NativeConstructorAccessorImpl.newInstance0(Native Method)
	at sun.reflect.NativeConstructorAccessorImpl.newInstance(NativeConstructorAccessorImpl.java:62)
	at sun.reflect.DelegatingConstructorAccessorImpl.newInstance(DelegatingConstructorAccessorImpl.java:45)
	at java.lang.reflect.Constructor.newInstance(Constructor.java:423)
	at org.openqa.selenium.remote.ErrorHandler.createThrowable(ErrorHandler.java:206)
	at org.openqa.selenium.remote.ErrorHandler.throwIfResponseFailed(ErrorHandler.java:164)
	at org.openqa.selenium.remote.RemoteWebDriver.execute(RemoteWebDriver.java:678)
	at io.appium.java_client.DefaultGenericMobileDriver.execute(DefaultGenericMobileDriver.java:43)
	at io.appium.java_client.AppiumDriver.execute(AppiumDriver.java:216)
	at org.openqa.selenium.remote.RemoteWebDriver.getScreenshotAs(RemoteWebDriver.java:335)
	at com.eduven.report.ScreenShot.takesScreenShotCapture(ScreenShot.java:33)
	at com.eduven.testcase.TermListPageTestCases.tearDown(TermListPageTestCases.java:112)
	at sun.reflect.NativeMethodAccessorImpl.invoke0(Native Method)
	at sun.reflect.NativeMethodAccessorImpl.invoke(NativeMethodAccessorImpl.java:62)
	at sun.reflect.DelegatingMethodAccessorImpl.invoke(DelegatingMethodAccessorImpl.java:43)
	at java.lang.reflect.Method.invoke(Method.java:498)
	at org.testng.internal.MethodInvocationHelper.invokeMethod(MethodInvocationHelper.java:85)
	at org.testng.internal.Invoker.invokeConfigurationMethod(Invoker.java:510)
	at org.testng.internal.Invoker.invokeConfigurations(Invoker.java:211)
	at org.testng.internal.Invoker.invokeMethod(Invoker.java:703)
	at org.testng.internal.Invoker.invokeTestMethod(Invoker.java:816)
	at org.testng.internal.Invoker.invokeTestMethods(Invoker.java:1124)
	at org.testng.internal.TestMethodWorker.invokeTestMethods(TestMethodWorker.java:125)
	at org.testng.internal.TestMethodWorker.run(TestMethodWorker.java:108)
	at org.testng.TestRunner.privateRun(TestRunner.java:774)
	at org.testng.TestRunner.run(TestRunner.java:624)
	at org.testng.SuiteRunner.runTest(SuiteRunner.java:359)
	at org.testng.SuiteRunner.runSequentially(SuiteRunner.java:354)
	at org.testng.SuiteRunner.privateRun(SuiteRunner.java:312)
	at org.testng.SuiteRunner.run(SuiteRunner.java:261)
	at org.testng.SuiteRunnerWorker.runSuite(SuiteRunnerWorker.java:52)
	at org.testng.SuiteRunnerWorker.run(SuiteRunnerWorker.java:86)
	at org.testng.TestNG.runSuitesSequentially(TestNG.java:1215)
	at org.testng.TestNG.runSuitesLocally(TestNG.java:1140)
	at org.testng.TestNG.run(TestNG.java:1048)
	at com.eduven.utils.RunTestng.main(RunTestng.java:58)
</pre></div></td>
<td>0</td>
<td>com.eduven.testcase.TermListPageTestCases@bcec361</td></tr>
<tr>
<td title='com.eduven.testcase.QuickListPageTestCases.tearDown()'><b>tearDown</b><br>Test class: com.eduven.testcase.QuickListPageTestCases<br>Parameters: [TestResult name=handling_rate_app_popup_test status=FAILURE method=QuickListPageTestCases.handling_rate_app_popup_test()[pri:0, instance:com.eduven.testcase.QuickListPageTestCases@26794848] output={null}]</td>
<td><div><pre>org.openqa.selenium.remote.SessionNotFoundException: 
Command duration or timeout: 5 milliseconds
Build info: version: &apos;2.51.0&apos;, revision: &apos;1af067d&apos;, time: &apos;2016-02-05 19:11:55&apos;
System info: host: &apos;Hitesh-Mac-Mini.local&apos;, ip: &apos;10.30.30.97&apos;, os.name: &apos;Mac OS X&apos;, os.arch: &apos;x86_64&apos;, os.version: &apos;10.11.6&apos;, java.version: &apos;1.8.0_74&apos;
Driver info: io.appium.java_client.ios.IOSDriver
Capabilities [{app=/Users/hiteshbhardwaj/Downloads/greek.ipa, networkConnectionEnabled=false, warnings={}, appiumVersion=1.4.13, databaseEnabled=false, deviceName=Rahul&apos;s iPad (9.3.5), platform=UNIX, desired={app=/Users/hiteshbhardwaj/Downloads/greek.ipa, appiumVersion=1.4.13, platformVersion=9.3, automationName=Appium, udid=84974ee52e47314f4e50b296df4610e953edc63f, platformName=iOS, deviceName=Rahul&apos;s iPad (9.3.5), platform=IOS}, platformVersion=9.3, webStorageEnabled=false, locationContextEnabled=false, automationName=Appium, browserName=iOS, takesScreenshot=true, javascriptEnabled=true, udid=84974ee52e47314f4e50b296df4610e953edc63f, platformName=iOS}]
Session ID: 16b2d40a-0b6e-4dd0-93fd-7d7fb77cabc9
	at sun.reflect.NativeConstructorAccessorImpl.newInstance0(Native Method)
	at sun.reflect.NativeConstructorAccessorImpl.newInstance(NativeConstructorAccessorImpl.java:62)
	at sun.reflect.DelegatingConstructorAccessorImpl.newInstance(DelegatingConstructorAccessorImpl.java:45)
	at java.lang.reflect.Constructor.newInstance(Constructor.java:423)
	at org.openqa.selenium.remote.ErrorHandler.createThrowable(ErrorHandler.java:206)
	at org.openqa.selenium.remote.ErrorHandler.throwIfResponseFailed(ErrorHandler.java:164)
	at org.openqa.selenium.remote.RemoteWebDriver.execute(RemoteWebDriver.java:678)
	at io.appium.java_client.DefaultGenericMobileDriver.execute(DefaultGenericMobileDriver.java:43)
	at io.appium.java_client.AppiumDriver.execute(AppiumDriver.java:216)
	at org.openqa.selenium.remote.RemoteWebDriver.getScreenshotAs(RemoteWebDriver.java:335)
	at com.eduven.report.ScreenShot.takesScreenShotCapture(ScreenShot.java:33)
	at com.eduven.testcase.QuickListPageTestCases.tearDown(QuickListPageTestCases.java:78)
	at sun.reflect.NativeMethodAccessorImpl.invoke0(Native Method)
	at sun.reflect.NativeMethodAccessorImpl.invoke(NativeMethodAccessorImpl.java:62)
	at sun.reflect.DelegatingMethodAccessorImpl.invoke(DelegatingMethodAccessorImpl.java:43)
	at java.lang.reflect.Method.invoke(Method.java:498)
	at org.testng.internal.MethodInvocationHelper.invokeMethod(MethodInvocationHelper.java:85)
	at org.testng.internal.Invoker.invokeConfigurationMethod(Invoker.java:510)
	at org.testng.internal.Invoker.invokeConfigurations(Invoker.java:211)
	at org.testng.internal.Invoker.invokeMethod(Invoker.java:703)
	at org.testng.internal.Invoker.invokeTestMethod(Invoker.java:816)
	at org.testng.internal.Invoker.invokeTestMethods(Invoker.java:1124)
	at org.testng.internal.TestMethodWorker.invokeTestMethods(TestMethodWorker.java:125)
	at org.testng.internal.TestMethodWorker.run(TestMethodWorker.java:108)
	at org.testng.TestRunner.privateRun(TestRunner.java:774)
	at org.testng.TestRunner.run(TestRunner.java:624)
	at org.testng.SuiteRunner.runTest(SuiteRunner.java:359)
	at org.testng.SuiteRunner.runSequentially(SuiteRunner.java:354)
	at org.testng.SuiteRunner.privateRun(SuiteRunner.java:312)
	at org.testng.SuiteRunner.run(SuiteRunner.java:261)
	at org.testng.SuiteRunnerWorker.runSuite(SuiteRunnerWorker.java:52)
	at org.testng.SuiteRunnerWorker.run(SuiteRunnerWorker.java:86)
	at org.testng.TestNG.runSuitesSequentially(TestNG.java:1215)
	at org.testng.TestNG.runSuitesLocally(TestNG.java:1140)
	at org.testng.TestNG.run(TestNG.java:1048)
	at com.eduven.utils.RunTestng.main(RunTestng.java:58)
</pre></div><a href='#' onClick='toggleBox("stack-trace1586151649", this, "Click to show all stack frames", "Click to hide stack frames")'>Click to show all stack frames</a>
<div class='stack-trace' id='stack-trace1586151649'><pre>org.openqa.selenium.remote.SessionNotFoundException: 
Command duration or timeout: 5 milliseconds
Build info: version: &apos;2.51.0&apos;, revision: &apos;1af067d&apos;, time: &apos;2016-02-05 19:11:55&apos;
System info: host: &apos;Hitesh-Mac-Mini.local&apos;, ip: &apos;10.30.30.97&apos;, os.name: &apos;Mac OS X&apos;, os.arch: &apos;x86_64&apos;, os.version: &apos;10.11.6&apos;, java.version: &apos;1.8.0_74&apos;
Driver info: io.appium.java_client.ios.IOSDriver
Capabilities [{app=/Users/hiteshbhardwaj/Downloads/greek.ipa, networkConnectionEnabled=false, warnings={}, appiumVersion=1.4.13, databaseEnabled=false, deviceName=Rahul&apos;s iPad (9.3.5), platform=UNIX, desired={app=/Users/hiteshbhardwaj/Downloads/greek.ipa, appiumVersion=1.4.13, platformVersion=9.3, automationName=Appium, udid=84974ee52e47314f4e50b296df4610e953edc63f, platformName=iOS, deviceName=Rahul&apos;s iPad (9.3.5), platform=IOS}, platformVersion=9.3, webStorageEnabled=false, locationContextEnabled=false, automationName=Appium, browserName=iOS, takesScreenshot=true, javascriptEnabled=true, udid=84974ee52e47314f4e50b296df4610e953edc63f, platformName=iOS}]
Session ID: 16b2d40a-0b6e-4dd0-93fd-7d7fb77cabc9
	at sun.reflect.NativeConstructorAccessorImpl.newInstance0(Native Method)
	at sun.reflect.NativeConstructorAccessorImpl.newInstance(NativeConstructorAccessorImpl.java:62)
	at sun.reflect.DelegatingConstructorAccessorImpl.newInstance(DelegatingConstructorAccessorImpl.java:45)
	at java.lang.reflect.Constructor.newInstance(Constructor.java:423)
	at org.openqa.selenium.remote.ErrorHandler.createThrowable(ErrorHandler.java:206)
	at org.openqa.selenium.remote.ErrorHandler.throwIfResponseFailed(ErrorHandler.java:164)
	at org.openqa.selenium.remote.RemoteWebDriver.execute(RemoteWebDriver.java:678)
	at io.appium.java_client.DefaultGenericMobileDriver.execute(DefaultGenericMobileDriver.java:43)
	at io.appium.java_client.AppiumDriver.execute(AppiumDriver.java:216)
	at org.openqa.selenium.remote.RemoteWebDriver.getScreenshotAs(RemoteWebDriver.java:335)
	at com.eduven.report.ScreenShot.takesScreenShotCapture(ScreenShot.java:33)
	at com.eduven.testcase.QuickListPageTestCases.tearDown(QuickListPageTestCases.java:78)
	at sun.reflect.NativeMethodAccessorImpl.invoke0(Native Method)
	at sun.reflect.NativeMethodAccessorImpl.invoke(NativeMethodAccessorImpl.java:62)
	at sun.reflect.DelegatingMethodAccessorImpl.invoke(DelegatingMethodAccessorImpl.java:43)
	at java.lang.reflect.Method.invoke(Method.java:498)
	at org.testng.internal.MethodInvocationHelper.invokeMethod(MethodInvocationHelper.java:85)
	at org.testng.internal.Invoker.invokeConfigurationMethod(Invoker.java:510)
	at org.testng.internal.Invoker.invokeConfigurations(Invoker.java:211)
	at org.testng.internal.Invoker.invokeMethod(Invoker.java:703)
	at org.testng.internal.Invoker.invokeTestMethod(Invoker.java:816)
	at org.testng.internal.Invoker.invokeTestMethods(Invoker.java:1124)
	at org.testng.internal.TestMethodWorker.invokeTestMethods(TestMethodWorker.java:125)
	at org.testng.internal.TestMethodWorker.run(TestMethodWorker.java:108)
	at org.testng.TestRunner.privateRun(TestRunner.java:774)
	at org.testng.TestRunner.run(TestRunner.java:624)
	at org.testng.SuiteRunner.runTest(SuiteRunner.java:359)
	at org.testng.SuiteRunner.runSequentially(SuiteRunner.java:354)
	at org.testng.SuiteRunner.privateRun(SuiteRunner.java:312)
	at org.testng.SuiteRunner.run(SuiteRunner.java:261)
	at org.testng.SuiteRunnerWorker.runSuite(SuiteRunnerWorker.java:52)
	at org.testng.SuiteRunnerWorker.run(SuiteRunnerWorker.java:86)
	at org.testng.TestNG.runSuitesSequentially(TestNG.java:1215)
	at org.testng.TestNG.runSuitesLocally(TestNG.java:1140)
	at org.testng.TestNG.run(TestNG.java:1048)
	at com.eduven.utils.RunTestng.main(RunTestng.java:58)
</pre></div></td>
<td>0</td>
<td>com.eduven.testcase.QuickListPageTestCases@26794848</td></tr>
<tr>
<td title='com.eduven.testcase.AutoPlayPageTestCases.tearDown()'><b>tearDown</b><br>Test class: com.eduven.testcase.AutoPlayPageTestCases<br>Parameters: [TestResult name=handlingRateTheAppPopupTest status=FAILURE method=AutoPlayPageTestCases.handlingRateTheAppPopupTest()[pri:0, instance:com.eduven.testcase.AutoPlayPageTestCases@302552ec] output={null}]</td>
<td><div><pre>org.openqa.selenium.remote.SessionNotFoundException: 
Command duration or timeout: 4 milliseconds
Build info: version: &apos;2.51.0&apos;, revision: &apos;1af067d&apos;, time: &apos;2016-02-05 19:11:55&apos;
System info: host: &apos;Hitesh-Mac-Mini.local&apos;, ip: &apos;10.30.30.97&apos;, os.name: &apos;Mac OS X&apos;, os.arch: &apos;x86_64&apos;, os.version: &apos;10.11.6&apos;, java.version: &apos;1.8.0_74&apos;
Driver info: io.appium.java_client.ios.IOSDriver
Capabilities [{app=/Users/hiteshbhardwaj/Downloads/greek.ipa, networkConnectionEnabled=false, warnings={}, appiumVersion=1.4.13, databaseEnabled=false, deviceName=Rahul&apos;s iPad (9.3.5), platform=UNIX, desired={app=/Users/hiteshbhardwaj/Downloads/greek.ipa, appiumVersion=1.4.13, platformVersion=9.3, automationName=Appium, udid=84974ee52e47314f4e50b296df4610e953edc63f, platformName=iOS, deviceName=Rahul&apos;s iPad (9.3.5), platform=IOS}, platformVersion=9.3, webStorageEnabled=false, locationContextEnabled=false, automationName=Appium, browserName=iOS, takesScreenshot=true, javascriptEnabled=true, udid=84974ee52e47314f4e50b296df4610e953edc63f, platformName=iOS}]
Session ID: 16b2d40a-0b6e-4dd0-93fd-7d7fb77cabc9
	at sun.reflect.NativeConstructorAccessorImpl.newInstance0(Native Method)
	at sun.reflect.NativeConstructorAccessorImpl.newInstance(NativeConstructorAccessorImpl.java:62)
	at sun.reflect.DelegatingConstructorAccessorImpl.newInstance(DelegatingConstructorAccessorImpl.java:45)
	at java.lang.reflect.Constructor.newInstance(Constructor.java:423)
	at org.openqa.selenium.remote.ErrorHandler.createThrowable(ErrorHandler.java:206)
	at org.openqa.selenium.remote.ErrorHandler.throwIfResponseFailed(ErrorHandler.java:164)
	at org.openqa.selenium.remote.RemoteWebDriver.execute(RemoteWebDriver.java:678)
	at io.appium.java_client.DefaultGenericMobileDriver.execute(DefaultGenericMobileDriver.java:43)
	at io.appium.java_client.AppiumDriver.execute(AppiumDriver.java:216)
	at org.openqa.selenium.remote.RemoteWebDriver.getScreenshotAs(RemoteWebDriver.java:335)
	at com.eduven.report.ScreenShot.takesScreenShotCapture(ScreenShot.java:33)
	at com.eduven.testcase.AutoPlayPageTestCases.tearDown(AutoPlayPageTestCases.java:70)
	at sun.reflect.NativeMethodAccessorImpl.invoke0(Native Method)
	at sun.reflect.NativeMethodAccessorImpl.invoke(NativeMethodAccessorImpl.java:62)
	at sun.reflect.DelegatingMethodAccessorImpl.invoke(DelegatingMethodAccessorImpl.java:43)
	at java.lang.reflect.Method.invoke(Method.java:498)
	at org.testng.internal.MethodInvocationHelper.invokeMethod(MethodInvocationHelper.java:85)
	at org.testng.internal.Invoker.invokeConfigurationMethod(Invoker.java:510)
	at org.testng.internal.Invoker.invokeConfigurations(Invoker.java:211)
	at org.testng.internal.Invoker.invokeMethod(Invoker.java:703)
	at org.testng.internal.Invoker.invokeTestMethod(Invoker.java:816)
	at org.testng.internal.Invoker.invokeTestMethods(Invoker.java:1124)
	at org.testng.internal.TestMethodWorker.invokeTestMethods(TestMethodWorker.java:125)
	at org.testng.internal.TestMethodWorker.run(TestMethodWorker.java:108)
	at org.testng.TestRunner.privateRun(TestRunner.java:774)
	at org.testng.TestRunner.run(TestRunner.java:624)
	at org.testng.SuiteRunner.runTest(SuiteRunner.java:359)
	at org.testng.SuiteRunner.runSequentially(SuiteRunner.java:354)
	at org.testng.SuiteRunner.privateRun(SuiteRunner.java:312)
	at org.testng.SuiteRunner.run(SuiteRunner.java:261)
	at org.testng.SuiteRunnerWorker.runSuite(SuiteRunnerWorker.java:52)
	at org.testng.SuiteRunnerWorker.run(SuiteRunnerWorker.java:86)
	at org.testng.TestNG.runSuitesSequentially(TestNG.java:1215)
	at org.testng.TestNG.runSuitesLocally(TestNG.java:1140)
	at org.testng.TestNG.run(TestNG.java:1048)
	at com.eduven.utils.RunTestng.main(RunTestng.java:58)
</pre></div><a href='#' onClick='toggleBox("stack-trace2016828666", this, "Click to show all stack frames", "Click to hide stack frames")'>Click to show all stack frames</a>
<div class='stack-trace' id='stack-trace2016828666'><pre>org.openqa.selenium.remote.SessionNotFoundException: 
Command duration or timeout: 4 milliseconds
Build info: version: &apos;2.51.0&apos;, revision: &apos;1af067d&apos;, time: &apos;2016-02-05 19:11:55&apos;
System info: host: &apos;Hitesh-Mac-Mini.local&apos;, ip: &apos;10.30.30.97&apos;, os.name: &apos;Mac OS X&apos;, os.arch: &apos;x86_64&apos;, os.version: &apos;10.11.6&apos;, java.version: &apos;1.8.0_74&apos;
Driver info: io.appium.java_client.ios.IOSDriver
Capabilities [{app=/Users/hiteshbhardwaj/Downloads/greek.ipa, networkConnectionEnabled=false, warnings={}, appiumVersion=1.4.13, databaseEnabled=false, deviceName=Rahul&apos;s iPad (9.3.5), platform=UNIX, desired={app=/Users/hiteshbhardwaj/Downloads/greek.ipa, appiumVersion=1.4.13, platformVersion=9.3, automationName=Appium, udid=84974ee52e47314f4e50b296df4610e953edc63f, platformName=iOS, deviceName=Rahul&apos;s iPad (9.3.5), platform=IOS}, platformVersion=9.3, webStorageEnabled=false, locationContextEnabled=false, automationName=Appium, browserName=iOS, takesScreenshot=true, javascriptEnabled=true, udid=84974ee52e47314f4e50b296df4610e953edc63f, platformName=iOS}]
Session ID: 16b2d40a-0b6e-4dd0-93fd-7d7fb77cabc9
	at sun.reflect.NativeConstructorAccessorImpl.newInstance0(Native Method)
	at sun.reflect.NativeConstructorAccessorImpl.newInstance(NativeConstructorAccessorImpl.java:62)
	at sun.reflect.DelegatingConstructorAccessorImpl.newInstance(DelegatingConstructorAccessorImpl.java:45)
	at java.lang.reflect.Constructor.newInstance(Constructor.java:423)
	at org.openqa.selenium.remote.ErrorHandler.createThrowable(ErrorHandler.java:206)
	at org.openqa.selenium.remote.ErrorHandler.throwIfResponseFailed(ErrorHandler.java:164)
	at org.openqa.selenium.remote.RemoteWebDriver.execute(RemoteWebDriver.java:678)
	at io.appium.java_client.DefaultGenericMobileDriver.execute(DefaultGenericMobileDriver.java:43)
	at io.appium.java_client.AppiumDriver.execute(AppiumDriver.java:216)
	at org.openqa.selenium.remote.RemoteWebDriver.getScreenshotAs(RemoteWebDriver.java:335)
	at com.eduven.report.ScreenShot.takesScreenShotCapture(ScreenShot.java:33)
	at com.eduven.testcase.AutoPlayPageTestCases.tearDown(AutoPlayPageTestCases.java:70)
	at sun.reflect.NativeMethodAccessorImpl.invoke0(Native Method)
	at sun.reflect.NativeMethodAccessorImpl.invoke(NativeMethodAccessorImpl.java:62)
	at sun.reflect.DelegatingMethodAccessorImpl.invoke(DelegatingMethodAccessorImpl.java:43)
	at java.lang.reflect.Method.invoke(Method.java:498)
	at org.testng.internal.MethodInvocationHelper.invokeMethod(MethodInvocationHelper.java:85)
	at org.testng.internal.Invoker.invokeConfigurationMethod(Invoker.java:510)
	at org.testng.internal.Invoker.invokeConfigurations(Invoker.java:211)
	at org.testng.internal.Invoker.invokeMethod(Invoker.java:703)
	at org.testng.internal.Invoker.invokeTestMethod(Invoker.java:816)
	at org.testng.internal.Invoker.invokeTestMethods(Invoker.java:1124)
	at org.testng.internal.TestMethodWorker.invokeTestMethods(TestMethodWorker.java:125)
	at org.testng.internal.TestMethodWorker.run(TestMethodWorker.java:108)
	at org.testng.TestRunner.privateRun(TestRunner.java:774)
	at org.testng.TestRunner.run(TestRunner.java:624)
	at org.testng.SuiteRunner.runTest(SuiteRunner.java:359)
	at org.testng.SuiteRunner.runSequentially(SuiteRunner.java:354)
	at org.testng.SuiteRunner.privateRun(SuiteRunner.java:312)
	at org.testng.SuiteRunner.run(SuiteRunner.java:261)
	at org.testng.SuiteRunnerWorker.runSuite(SuiteRunnerWorker.java:52)
	at org.testng.SuiteRunnerWorker.run(SuiteRunnerWorker.java:86)
	at org.testng.TestNG.runSuitesSequentially(TestNG.java:1215)
	at org.testng.TestNG.runSuitesLocally(TestNG.java:1140)
	at org.testng.TestNG.run(TestNG.java:1048)
	at com.eduven.utils.RunTestng.main(RunTestng.java:58)
</pre></div></td>
<td>0</td>
<td>com.eduven.testcase.AutoPlayPageTestCases@302552ec</td></tr>
<tr>
<td title='com.eduven.testcase.SwitchLanguagePageTestCases.tearDown()'><b>tearDown</b><br>Test class: com.eduven.testcase.SwitchLanguagePageTestCases<br>Parameters: [TestResult name=handlingRateAppPopupTest status=FAILURE method=SwitchLanguagePageTestCases.handlingRateAppPopupTest()[pri:0, instance:com.eduven.testcase.SwitchLanguagePageTestCases@40005471] output={null}]</td>
<td><div><pre>org.openqa.selenium.remote.SessionNotFoundException: 
Command duration or timeout: 4 milliseconds
Build info: version: &apos;2.51.0&apos;, revision: &apos;1af067d&apos;, time: &apos;2016-02-05 19:11:55&apos;
System info: host: &apos;Hitesh-Mac-Mini.local&apos;, ip: &apos;10.30.30.97&apos;, os.name: &apos;Mac OS X&apos;, os.arch: &apos;x86_64&apos;, os.version: &apos;10.11.6&apos;, java.version: &apos;1.8.0_74&apos;
Driver info: io.appium.java_client.ios.IOSDriver
Capabilities [{app=/Users/hiteshbhardwaj/Downloads/greek.ipa, networkConnectionEnabled=false, warnings={}, appiumVersion=1.4.13, databaseEnabled=false, deviceName=Rahul&apos;s iPad (9.3.5), platform=UNIX, desired={app=/Users/hiteshbhardwaj/Downloads/greek.ipa, appiumVersion=1.4.13, platformVersion=9.3, automationName=Appium, udid=84974ee52e47314f4e50b296df4610e953edc63f, platformName=iOS, deviceName=Rahul&apos;s iPad (9.3.5), platform=IOS}, platformVersion=9.3, webStorageEnabled=false, locationContextEnabled=false, automationName=Appium, browserName=iOS, takesScreenshot=true, javascriptEnabled=true, udid=84974ee52e47314f4e50b296df4610e953edc63f, platformName=iOS}]
Session ID: 16b2d40a-0b6e-4dd0-93fd-7d7fb77cabc9
	at sun.reflect.GeneratedConstructorAccessor52.newInstance(Unknown Source)
	at sun.reflect.DelegatingConstructorAccessorImpl.newInstance(DelegatingConstructorAccessorImpl.java:45)
	at java.lang.reflect.Constructor.newInstance(Constructor.java:423)
	at org.openqa.selenium.remote.ErrorHandler.createThrowable(ErrorHandler.java:206)
	at org.openqa.selenium.remote.ErrorHandler.throwIfResponseFailed(ErrorHandler.java:164)
	at org.openqa.selenium.remote.RemoteWebDriver.execute(RemoteWebDriver.java:678)
	at io.appium.java_client.DefaultGenericMobileDriver.execute(DefaultGenericMobileDriver.java:43)
	at io.appium.java_client.AppiumDriver.execute(AppiumDriver.java:216)
	at org.openqa.selenium.remote.RemoteWebDriver.getScreenshotAs(RemoteWebDriver.java:335)
	at com.eduven.report.ScreenShot.takesScreenShotCapture(ScreenShot.java:33)
	at com.eduven.testcase.SwitchLanguagePageTestCases.tearDown(SwitchLanguagePageTestCases.java:109)
	at sun.reflect.NativeMethodAccessorImpl.invoke0(Native Method)
	at sun.reflect.NativeMethodAccessorImpl.invoke(NativeMethodAccessorImpl.java:62)
	at sun.reflect.DelegatingMethodAccessorImpl.invoke(DelegatingMethodAccessorImpl.java:43)
	at java.lang.reflect.Method.invoke(Method.java:498)
	at org.testng.internal.MethodInvocationHelper.invokeMethod(MethodInvocationHelper.java:85)
	at org.testng.internal.Invoker.invokeConfigurationMethod(Invoker.java:510)
	at org.testng.internal.Invoker.invokeConfigurations(Invoker.java:211)
	at org.testng.internal.Invoker.invokeMethod(Invoker.java:703)
	at org.testng.internal.Invoker.invokeTestMethod(Invoker.java:816)
	at org.testng.internal.Invoker.invokeTestMethods(Invoker.java:1124)
	at org.testng.internal.TestMethodWorker.invokeTestMethods(TestMethodWorker.java:125)
	at org.testng.internal.TestMethodWorker.run(TestMethodWorker.java:108)
	at org.testng.TestRunner.privateRun(TestRunner.java:774)
	at org.testng.TestRunner.run(TestRunner.java:624)
	at org.testng.SuiteRunner.runTest(SuiteRunner.java:359)
	at org.testng.SuiteRunner.runSequentially(SuiteRunner.java:354)
	at org.testng.SuiteRunner.privateRun(SuiteRunner.java:312)
	at org.testng.SuiteRunner.run(SuiteRunner.java:261)
	at org.testng.SuiteRunnerWorker.runSuite(SuiteRunnerWorker.java:52)
	at org.testng.SuiteRunnerWorker.run(SuiteRunnerWorker.java:86)
	at org.testng.TestNG.runSuitesSequentially(TestNG.java:1215)
	at org.testng.TestNG.runSuitesLocally(TestNG.java:1140)
	at org.testng.TestNG.run(TestNG.java:1048)
	at com.eduven.utils.RunTestng.main(RunTestng.java:58)
</pre></div><a href='#' onClick='toggleBox("stack-trace1112527632", this, "Click to show all stack frames", "Click to hide stack frames")'>Click to show all stack frames</a>
<div class='stack-trace' id='stack-trace1112527632'><pre>org.openqa.selenium.remote.SessionNotFoundException: 
Command duration or timeout: 4 milliseconds
Build info: version: &apos;2.51.0&apos;, revision: &apos;1af067d&apos;, time: &apos;2016-02-05 19:11:55&apos;
System info: host: &apos;Hitesh-Mac-Mini.local&apos;, ip: &apos;10.30.30.97&apos;, os.name: &apos;Mac OS X&apos;, os.arch: &apos;x86_64&apos;, os.version: &apos;10.11.6&apos;, java.version: &apos;1.8.0_74&apos;
Driver info: io.appium.java_client.ios.IOSDriver
Capabilities [{app=/Users/hiteshbhardwaj/Downloads/greek.ipa, networkConnectionEnabled=false, warnings={}, appiumVersion=1.4.13, databaseEnabled=false, deviceName=Rahul&apos;s iPad (9.3.5), platform=UNIX, desired={app=/Users/hiteshbhardwaj/Downloads/greek.ipa, appiumVersion=1.4.13, platformVersion=9.3, automationName=Appium, udid=84974ee52e47314f4e50b296df4610e953edc63f, platformName=iOS, deviceName=Rahul&apos;s iPad (9.3.5), platform=IOS}, platformVersion=9.3, webStorageEnabled=false, locationContextEnabled=false, automationName=Appium, browserName=iOS, takesScreenshot=true, javascriptEnabled=true, udid=84974ee52e47314f4e50b296df4610e953edc63f, platformName=iOS}]
Session ID: 16b2d40a-0b6e-4dd0-93fd-7d7fb77cabc9
	at sun.reflect.GeneratedConstructorAccessor52.newInstance(Unknown Source)
	at sun.reflect.DelegatingConstructorAccessorImpl.newInstance(DelegatingConstructorAccessorImpl.java:45)
	at java.lang.reflect.Constructor.newInstance(Constructor.java:423)
	at org.openqa.selenium.remote.ErrorHandler.createThrowable(ErrorHandler.java:206)
	at org.openqa.selenium.remote.ErrorHandler.throwIfResponseFailed(ErrorHandler.java:164)
	at org.openqa.selenium.remote.RemoteWebDriver.execute(RemoteWebDriver.java:678)
	at io.appium.java_client.DefaultGenericMobileDriver.execute(DefaultGenericMobileDriver.java:43)
	at io.appium.java_client.AppiumDriver.execute(AppiumDriver.java:216)
	at org.openqa.selenium.remote.RemoteWebDriver.getScreenshotAs(RemoteWebDriver.java:335)
	at com.eduven.report.ScreenShot.takesScreenShotCapture(ScreenShot.java:33)
	at com.eduven.testcase.SwitchLanguagePageTestCases.tearDown(SwitchLanguagePageTestCases.java:109)
	at sun.reflect.NativeMethodAccessorImpl.invoke0(Native Method)
	at sun.reflect.NativeMethodAccessorImpl.invoke(NativeMethodAccessorImpl.java:62)
	at sun.reflect.DelegatingMethodAccessorImpl.invoke(DelegatingMethodAccessorImpl.java:43)
	at java.lang.reflect.Method.invoke(Method.java:498)
	at org.testng.internal.MethodInvocationHelper.invokeMethod(MethodInvocationHelper.java:85)
	at org.testng.internal.Invoker.invokeConfigurationMethod(Invoker.java:510)
	at org.testng.internal.Invoker.invokeConfigurations(Invoker.java:211)
	at org.testng.internal.Invoker.invokeMethod(Invoker.java:703)
	at org.testng.internal.Invoker.invokeTestMethod(Invoker.java:816)
	at org.testng.internal.Invoker.invokeTestMethods(Invoker.java:1124)
	at org.testng.internal.TestMethodWorker.invokeTestMethods(TestMethodWorker.java:125)
	at org.testng.internal.TestMethodWorker.run(TestMethodWorker.java:108)
	at org.testng.TestRunner.privateRun(TestRunner.java:774)
	at org.testng.TestRunner.run(TestRunner.java:624)
	at org.testng.SuiteRunner.runTest(SuiteRunner.java:359)
	at org.testng.SuiteRunner.runSequentially(SuiteRunner.java:354)
	at org.testng.SuiteRunner.privateRun(SuiteRunner.java:312)
	at org.testng.SuiteRunner.run(SuiteRunner.java:261)
	at org.testng.SuiteRunnerWorker.runSuite(SuiteRunnerWorker.java:52)
	at org.testng.SuiteRunnerWorker.run(SuiteRunnerWorker.java:86)
	at org.testng.TestNG.runSuitesSequentially(TestNG.java:1215)
	at org.testng.TestNG.runSuitesLocally(TestNG.java:1140)
	at org.testng.TestNG.run(TestNG.java:1048)
	at com.eduven.utils.RunTestng.main(RunTestng.java:58)
</pre></div></td>
<td>0</td>
<td>com.eduven.testcase.SwitchLanguagePageTestCases@40005471</td></tr>
<tr>
<td title='com.eduven.testcase.PurchaseTestCases.restartApp()'><b>restartApp</b><br>Test class: com.eduven.testcase.PurchaseTestCases</td>
<td><div><pre>org.openqa.selenium.remote.SessionNotFoundException: 
Command duration or timeout: 5 milliseconds
Build info: version: &apos;2.51.0&apos;, revision: &apos;1af067d&apos;, time: &apos;2016-02-05 19:11:55&apos;
System info: host: &apos;Hitesh-Mac-Mini.local&apos;, ip: &apos;10.30.30.97&apos;, os.name: &apos;Mac OS X&apos;, os.arch: &apos;x86_64&apos;, os.version: &apos;10.11.6&apos;, java.version: &apos;1.8.0_74&apos;
Driver info: io.appium.java_client.ios.IOSDriver
Capabilities [{app=/Users/hiteshbhardwaj/Downloads/greek.ipa, networkConnectionEnabled=false, warnings={}, appiumVersion=1.4.13, databaseEnabled=false, deviceName=Rahul&apos;s iPad (9.3.5), platform=UNIX, desired={app=/Users/hiteshbhardwaj/Downloads/greek.ipa, appiumVersion=1.4.13, platformVersion=9.3, automationName=Appium, udid=84974ee52e47314f4e50b296df4610e953edc63f, platformName=iOS, deviceName=Rahul&apos;s iPad (9.3.5), platform=IOS}, platformVersion=9.3, webStorageEnabled=false, locationContextEnabled=false, automationName=Appium, browserName=iOS, takesScreenshot=true, javascriptEnabled=true, udid=84974ee52e47314f4e50b296df4610e953edc63f, platformName=iOS}]
Session ID: 16b2d40a-0b6e-4dd0-93fd-7d7fb77cabc9
	at sun.reflect.NativeConstructorAccessorImpl.newInstance0(Native Method)
	at sun.reflect.NativeConstructorAccessorImpl.newInstance(NativeConstructorAccessorImpl.java:62)
	at sun.reflect.DelegatingConstructorAccessorImpl.newInstance(DelegatingConstructorAccessorImpl.java:45)
	at java.lang.reflect.Constructor.newInstance(Constructor.java:423)
	at org.openqa.selenium.remote.ErrorHandler.createThrowable(ErrorHandler.java:206)
	at org.openqa.selenium.remote.ErrorHandler.throwIfResponseFailed(ErrorHandler.java:164)
	at org.openqa.selenium.remote.RemoteWebDriver.execute(RemoteWebDriver.java:678)
	at io.appium.java_client.DefaultGenericMobileDriver.execute(DefaultGenericMobileDriver.java:43)
	at io.appium.java_client.AppiumDriver.execute(AppiumDriver.java:216)
	at io.appium.java_client.AppiumDriver.resetApp(AppiumDriver.java:227)
	at com.eduven.utils.Reusables.terminatesAppInstance(Reusables.java:617)
	at com.eduven.testcase.PurchaseTestCases.restartApp(PurchaseTestCases.java:87)
	at sun.reflect.NativeMethodAccessorImpl.invoke0(Native Method)
	at sun.reflect.NativeMethodAccessorImpl.invoke(NativeMethodAccessorImpl.java:62)
	at sun.reflect.DelegatingMethodAccessorImpl.invoke(DelegatingMethodAccessorImpl.java:43)
	at java.lang.reflect.Method.invoke(Method.java:498)
	at org.testng.internal.MethodInvocationHelper.invokeMethod(MethodInvocationHelper.java:85)
	at org.testng.internal.Invoker.invokeConfigurationMethod(Invoker.java:510)
	at org.testng.internal.Invoker.invokeConfigurations(Invoker.java:211)
	at org.testng.internal.Invoker.invokeConfigurations(Invoker.java:138)
	at org.testng.internal.TestMethodWorker.invokeAfterClassMethods(TestMethodWorker.java:220)
	at org.testng.internal.TestMethodWorker.run(TestMethodWorker.java:111)
	at org.testng.TestRunner.privateRun(TestRunner.java:774)
	at org.testng.TestRunner.run(TestRunner.java:624)
	at org.testng.SuiteRunner.runTest(SuiteRunner.java:359)
	at org.testng.SuiteRunner.runSequentially(SuiteRunner.java:354)
	at org.testng.SuiteRunner.privateRun(SuiteRunner.java:312)
	at org.testng.SuiteRunner.run(SuiteRunner.java:261)
	at org.testng.SuiteRunnerWorker.runSuite(SuiteRunnerWorker.java:52)
	at org.testng.SuiteRunnerWorker.run(SuiteRunnerWorker.java:86)
	at org.testng.TestNG.runSuitesSequentially(TestNG.java:1215)
	at org.testng.TestNG.runSuitesLocally(TestNG.java:1140)
	at org.testng.TestNG.run(TestNG.java:1048)
	at com.eduven.utils.RunTestng.main(RunTestng.java:58)
</pre></div><a href='#' onClick='toggleBox("stack-trace1423016050", this, "Click to show all stack frames", "Click to hide stack frames")'>Click to show all stack frames</a>
<div class='stack-trace' id='stack-trace1423016050'><pre>org.openqa.selenium.remote.SessionNotFoundException: 
Command duration or timeout: 5 milliseconds
Build info: version: &apos;2.51.0&apos;, revision: &apos;1af067d&apos;, time: &apos;2016-02-05 19:11:55&apos;
System info: host: &apos;Hitesh-Mac-Mini.local&apos;, ip: &apos;10.30.30.97&apos;, os.name: &apos;Mac OS X&apos;, os.arch: &apos;x86_64&apos;, os.version: &apos;10.11.6&apos;, java.version: &apos;1.8.0_74&apos;
Driver info: io.appium.java_client.ios.IOSDriver
Capabilities [{app=/Users/hiteshbhardwaj/Downloads/greek.ipa, networkConnectionEnabled=false, warnings={}, appiumVersion=1.4.13, databaseEnabled=false, deviceName=Rahul&apos;s iPad (9.3.5), platform=UNIX, desired={app=/Users/hiteshbhardwaj/Downloads/greek.ipa, appiumVersion=1.4.13, platformVersion=9.3, automationName=Appium, udid=84974ee52e47314f4e50b296df4610e953edc63f, platformName=iOS, deviceName=Rahul&apos;s iPad (9.3.5), platform=IOS}, platformVersion=9.3, webStorageEnabled=false, locationContextEnabled=false, automationName=Appium, browserName=iOS, takesScreenshot=true, javascriptEnabled=true, udid=84974ee52e47314f4e50b296df4610e953edc63f, platformName=iOS}]
Session ID: 16b2d40a-0b6e-4dd0-93fd-7d7fb77cabc9
	at sun.reflect.NativeConstructorAccessorImpl.newInstance0(Native Method)
	at sun.reflect.NativeConstructorAccessorImpl.newInstance(NativeConstructorAccessorImpl.java:62)
	at sun.reflect.DelegatingConstructorAccessorImpl.newInstance(DelegatingConstructorAccessorImpl.java:45)
	at java.lang.reflect.Constructor.newInstance(Constructor.java:423)
	at org.openqa.selenium.remote.ErrorHandler.createThrowable(ErrorHandler.java:206)
	at org.openqa.selenium.remote.ErrorHandler.throwIfResponseFailed(ErrorHandler.java:164)
	at org.openqa.selenium.remote.RemoteWebDriver.execute(RemoteWebDriver.java:678)
	at io.appium.java_client.DefaultGenericMobileDriver.execute(DefaultGenericMobileDriver.java:43)
	at io.appium.java_client.AppiumDriver.execute(AppiumDriver.java:216)
	at io.appium.java_client.AppiumDriver.resetApp(AppiumDriver.java:227)
	at com.eduven.utils.Reusables.terminatesAppInstance(Reusables.java:617)
	at com.eduven.testcase.PurchaseTestCases.restartApp(PurchaseTestCases.java:87)
	at sun.reflect.NativeMethodAccessorImpl.invoke0(Native Method)
	at sun.reflect.NativeMethodAccessorImpl.invoke(NativeMethodAccessorImpl.java:62)
	at sun.reflect.DelegatingMethodAccessorImpl.invoke(DelegatingMethodAccessorImpl.java:43)
	at java.lang.reflect.Method.invoke(Method.java:498)
	at org.testng.internal.MethodInvocationHelper.invokeMethod(MethodInvocationHelper.java:85)
	at org.testng.internal.Invoker.invokeConfigurationMethod(Invoker.java:510)
	at org.testng.internal.Invoker.invokeConfigurations(Invoker.java:211)
	at org.testng.internal.Invoker.invokeConfigurations(Invoker.java:138)
	at org.testng.internal.TestMethodWorker.invokeAfterClassMethods(TestMethodWorker.java:220)
	at org.testng.internal.TestMethodWorker.run(TestMethodWorker.java:111)
	at org.testng.TestRunner.privateRun(TestRunner.java:774)
	at org.testng.TestRunner.run(TestRunner.java:624)
	at org.testng.SuiteRunner.runTest(SuiteRunner.java:359)
	at org.testng.SuiteRunner.runSequentially(SuiteRunner.java:354)
	at org.testng.SuiteRunner.privateRun(SuiteRunner.java:312)
	at org.testng.SuiteRunner.run(SuiteRunner.java:261)
	at org.testng.SuiteRunnerWorker.runSuite(SuiteRunnerWorker.java:52)
	at org.testng.SuiteRunnerWorker.run(SuiteRunnerWorker.java:86)
	at org.testng.TestNG.runSuitesSequentially(TestNG.java:1215)
	at org.testng.TestNG.runSuitesLocally(TestNG.java:1140)
	at org.testng.TestNG.run(TestNG.java:1048)
	at com.eduven.utils.RunTestng.main(RunTestng.java:58)
</pre></div></td>
<td>0</td>
<td>com.eduven.testcase.PurchaseTestCases@3d285d7e</td></tr>
</table><p>
<table width='100%' border='1' class='invocation-skipped'>
<tr><td colspan='4' align='center'><b>SKIPPED CONFIGURATIONS</b></td></tr>
<tr><td><b>Test method</b></td>
<td width="30%"><b>Exception</b></td>
<td width="10%"><b>Time (seconds)</b></td>
<td><b>Instance</b></td>
</tr>
<tr>
<td title='com.eduven.testcase.EvMenuPageTestCases.tearDown()'><b>tearDown</b><br>Test class: com.eduven.testcase.EvMenuPageTestCases</td>
<td></td>
<td>0</td>
<td>com.eduven.testcase.EvMenuPageTestCases@4e08711f</td></tr>
<tr>
<td title='com.eduven.testcase.EvMenuPageTestCases.tearDown()'><b>tearDown</b><br>Test class: com.eduven.testcase.EvMenuPageTestCases</td>
<td></td>
<td>0</td>
<td>com.eduven.testcase.EvMenuPageTestCases@4e08711f</td></tr>
<tr>
<td title='com.eduven.testcase.TermListPageTestCases.tearDown()'><b>tearDown</b><br>Test class: com.eduven.testcase.TermListPageTestCases</td>
<td></td>
<td>0</td>
<td>com.eduven.testcase.TermListPageTestCases@bcec361</td></tr>
<tr>
<td title='com.eduven.testcase.TermListPageTestCases.tearDown()'><b>tearDown</b><br>Test class: com.eduven.testcase.TermListPageTestCases</td>
<td></td>
<td>0</td>
<td>com.eduven.testcase.TermListPageTestCases@bcec361</td></tr>
<tr>
<td title='com.eduven.testcase.TermListPageTestCases.tearDown()'><b>tearDown</b><br>Test class: com.eduven.testcase.TermListPageTestCases</td>
<td></td>
<td>0</td>
<td>com.eduven.testcase.TermListPageTestCases@bcec361</td></tr>
<tr>
<td title='com.eduven.testcase.TermListPageTestCases.tearDown()'><b>tearDown</b><br>Test class: com.eduven.testcase.TermListPageTestCases</td>
<td></td>
<td>0</td>
<td>com.eduven.testcase.TermListPageTestCases@bcec361</td></tr>
<tr>
<td title='com.eduven.testcase.TermListPageTestCases.tearDown()'><b>tearDown</b><br>Test class: com.eduven.testcase.TermListPageTestCases</td>
<td></td>
<td>0</td>
<td>com.eduven.testcase.TermListPageTestCases@bcec361</td></tr>
<tr>
<td title='com.eduven.testcase.QuickListPageTestCases.tearDown()'><b>tearDown</b><br>Test class: com.eduven.testcase.QuickListPageTestCases</td>
<td></td>
<td>0</td>
<td>com.eduven.testcase.QuickListPageTestCases@26794848</td></tr>
<tr>
<td title='com.eduven.testcase.QuickListPageTestCases.tearDown()'><b>tearDown</b><br>Test class: com.eduven.testcase.QuickListPageTestCases</td>
<td></td>
<td>0</td>
<td>com.eduven.testcase.QuickListPageTestCases@26794848</td></tr>
<tr>
<td title='com.eduven.testcase.QuickListPageTestCases.tearDown()'><b>tearDown</b><br>Test class: com.eduven.testcase.QuickListPageTestCases</td>
<td></td>
<td>0</td>
<td>com.eduven.testcase.QuickListPageTestCases@26794848</td></tr>
<tr>
<td title='com.eduven.testcase.QuickListPageTestCases.tearDown()'><b>tearDown</b><br>Test class: com.eduven.testcase.QuickListPageTestCases</td>
<td></td>
<td>0</td>
<td>com.eduven.testcase.QuickListPageTestCases@26794848</td></tr>
<tr>
<td title='com.eduven.testcase.QuickListPageTestCases.tearDown()'><b>tearDown</b><br>Test class: com.eduven.testcase.QuickListPageTestCases</td>
<td></td>
<td>0</td>
<td>com.eduven.testcase.QuickListPageTestCases@26794848</td></tr>
<tr>
<td title='com.eduven.testcase.QuickListPageTestCases.tearDown()'><b>tearDown</b><br>Test class: com.eduven.testcase.QuickListPageTestCases</td>
<td></td>
<td>0</td>
<td>com.eduven.testcase.QuickListPageTestCases@26794848</td></tr>
<tr>
<td title='com.eduven.testcase.QuickListPageTestCases.tearDown()'><b>tearDown</b><br>Test class: com.eduven.testcase.QuickListPageTestCases</td>
<td></td>
<td>0</td>
<td>com.eduven.testcase.QuickListPageTestCases@26794848</td></tr>
<tr>
<td title='com.eduven.testcase.QuickListPageTestCases.tearDown()'><b>tearDown</b><br>Test class: com.eduven.testcase.QuickListPageTestCases</td>
<td></td>
<td>0</td>
<td>com.eduven.testcase.QuickListPageTestCases@26794848</td></tr>
<tr>
<td title='com.eduven.testcase.AutoPlayPageTestCases.tearDown()'><b>tearDown</b><br>Test class: com.eduven.testcase.AutoPlayPageTestCases</td>
<td></td>
<td>0</td>
<td>com.eduven.testcase.AutoPlayPageTestCases@302552ec</td></tr>
<tr>
<td title='com.eduven.testcase.AutoPlayPageTestCases.tearDown()'><b>tearDown</b><br>Test class: com.eduven.testcase.AutoPlayPageTestCases</td>
<td></td>
<td>0</td>
<td>com.eduven.testcase.AutoPlayPageTestCases@302552ec</td></tr>
<tr>
<td title='com.eduven.testcase.AutoPlayPageTestCases.tearDown()'><b>tearDown</b><br>Test class: com.eduven.testcase.AutoPlayPageTestCases</td>
<td></td>
<td>0</td>
<td>com.eduven.testcase.AutoPlayPageTestCases@302552ec</td></tr>
<tr>
<td title='com.eduven.testcase.AutoPlayPageTestCases.tearDown()'><b>tearDown</b><br>Test class: com.eduven.testcase.AutoPlayPageTestCases</td>
<td></td>
<td>0</td>
<td>com.eduven.testcase.AutoPlayPageTestCases@302552ec</td></tr>
<tr>
<td title='com.eduven.testcase.AutoPlayPageTestCases.tearDown()'><b>tearDown</b><br>Test class: com.eduven.testcase.AutoPlayPageTestCases</td>
<td></td>
<td>0</td>
<td>com.eduven.testcase.AutoPlayPageTestCases@302552ec</td></tr>
<tr>
<td title='com.eduven.testcase.AutoPlayPageTestCases.tearDown()'><b>tearDown</b><br>Test class: com.eduven.testcase.AutoPlayPageTestCases</td>
<td></td>
<td>0</td>
<td>com.eduven.testcase.AutoPlayPageTestCases@302552ec</td></tr>
<tr>
<td title='com.eduven.testcase.AutoPlayPageTestCases.tearDown()'><b>tearDown</b><br>Test class: com.eduven.testcase.AutoPlayPageTestCases</td>
<td></td>
<td>0</td>
<td>com.eduven.testcase.AutoPlayPageTestCases@302552ec</td></tr>
<tr>
<td title='com.eduven.testcase.SwitchLanguagePageTestCases.tearDown()'><b>tearDown</b><br>Test class: com.eduven.testcase.SwitchLanguagePageTestCases</td>
<td></td>
<td>0</td>
<td>com.eduven.testcase.SwitchLanguagePageTestCases@40005471</td></tr>
<tr>
<td title='com.eduven.testcase.SwitchLanguagePageTestCases.tearDown()'><b>tearDown</b><br>Test class: com.eduven.testcase.SwitchLanguagePageTestCases</td>
<td></td>
<td>0</td>
<td>com.eduven.testcase.SwitchLanguagePageTestCases@40005471</td></tr>
<tr>
<td title='com.eduven.testcase.SwitchLanguagePageTestCases.tearDown()'><b>tearDown</b><br>Test class: com.eduven.testcase.SwitchLanguagePageTestCases</td>
<td></td>
<td>0</td>
<td>com.eduven.testcase.SwitchLanguagePageTestCases@40005471</td></tr>
<tr>
<td title='com.eduven.testcase.SwitchLanguagePageTestCases.tearDown()'><b>tearDown</b><br>Test class: com.eduven.testcase.SwitchLanguagePageTestCases</td>
<td></td>
<td>0</td>
<td>com.eduven.testcase.SwitchLanguagePageTestCases@40005471</td></tr>
<tr>
<td title='com.eduven.testcase.SwitchLanguagePageTestCases.tearDown()'><b>tearDown</b><br>Test class: com.eduven.testcase.SwitchLanguagePageTestCases</td>
<td></td>
<td>0</td>
<td>com.eduven.testcase.SwitchLanguagePageTestCases@40005471</td></tr>
<tr>
<td title='com.eduven.testcase.SwitchLanguagePageTestCases.tearDown()'><b>tearDown</b><br>Test class: com.eduven.testcase.SwitchLanguagePageTestCases</td>
<td></td>
<td>0</td>
<td>com.eduven.testcase.SwitchLanguagePageTestCases@40005471</td></tr>
<tr>
<td title='com.eduven.testcase.SwitchLanguagePageTestCases.tearDown()'><b>tearDown</b><br>Test class: com.eduven.testcase.SwitchLanguagePageTestCases</td>
<td></td>
<td>0</td>
<td>com.eduven.testcase.SwitchLanguagePageTestCases@40005471</td></tr>
<tr>
<td title='com.eduven.testcase.SwitchLanguagePageTestCases.tearDown()'><b>tearDown</b><br>Test class: com.eduven.testcase.SwitchLanguagePageTestCases</td>
<td></td>
<td>0</td>
<td>com.eduven.testcase.SwitchLanguagePageTestCases@40005471</td></tr>
<tr>
<td title='com.eduven.testcase.SwitchLanguagePageTestCases.tearDown()'><b>tearDown</b><br>Test class: com.eduven.testcase.SwitchLanguagePageTestCases</td>
<td></td>
<td>0</td>
<td>com.eduven.testcase.SwitchLanguagePageTestCases@40005471</td></tr>
<tr>
<td title='com.eduven.testcase.SwitchLanguagePageTestCases.tearDown()'><b>tearDown</b><br>Test class: com.eduven.testcase.SwitchLanguagePageTestCases</td>
<td></td>
<td>0</td>
<td>com.eduven.testcase.SwitchLanguagePageTestCases@40005471</td></tr>
<tr>
<td title='com.eduven.testcase.SwitchLanguagePageTestCases.tearDown()'><b>tearDown</b><br>Test class: com.eduven.testcase.SwitchLanguagePageTestCases</td>
<td></td>
<td>0</td>
<td>com.eduven.testcase.SwitchLanguagePageTestCases@40005471</td></tr>
<tr>
<td title='com.eduven.testcase.SwitchLanguagePageTestCases.tearDown()'><b>tearDown</b><br>Test class: com.eduven.testcase.SwitchLanguagePageTestCases</td>
<td></td>
<td>0</td>
<td>com.eduven.testcase.SwitchLanguagePageTestCases@40005471</td></tr>
<tr>
<td title='com.eduven.testcase.EvMenuPageTestCases.close_app()'><b>close_app</b><br>Test class: com.eduven.testcase.EvMenuPageTestCases</td>
<td></td>
<td>0</td>
<td>com.eduven.testcase.EvMenuPageTestCases@4e08711f</td></tr>
<tr>
<td title='com.eduven.testcase.TermListPageTestCases.closApp()'><b>closApp</b><br>Test class: com.eduven.testcase.TermListPageTestCases</td>
<td></td>
<td>0</td>
<td>com.eduven.testcase.TermListPageTestCases@bcec361</td></tr>
<tr>
<td title='com.eduven.testcase.QuickListPageTestCases.close_app()'><b>close_app</b><br>Test class: com.eduven.testcase.QuickListPageTestCases</td>
<td></td>
<td>0</td>
<td>com.eduven.testcase.QuickListPageTestCases@26794848</td></tr>
<tr>
<td title='com.eduven.testcase.AutoPlayPageTestCases.close_app()'><b>close_app</b><br>Test class: com.eduven.testcase.AutoPlayPageTestCases</td>
<td></td>
<td>0</td>
<td>com.eduven.testcase.AutoPlayPageTestCases@302552ec</td></tr>
<tr>
<td title='com.eduven.testcase.SwitchLanguagePageTestCases.close_app()'><b>close_app</b><br>Test class: com.eduven.testcase.SwitchLanguagePageTestCases</td>
<td></td>
<td>0</td>
<td>com.eduven.testcase.SwitchLanguagePageTestCases@40005471</td></tr>
<tr>
<td title='com.eduven.testcase.PurchaseTestCases.tearDown()'><b>tearDown</b><br>Test class: com.eduven.testcase.PurchaseTestCases</td>
<td></td>
<td>0</td>
<td>null</td></tr>
</table><p>
<table width='100%' border='1' class='invocation-failed'>
<tr><td colspan='4' align='center'><b>FAILED TESTS</b></td></tr>
<tr><td><b>Test method</b></td>
<td width="30%"><b>Exception</b></td>
<td width="10%"><b>Time (seconds)</b></td>
<td><b>Instance</b></td>
</tr>
<tr>
<td title='com.eduven.testcase.PurchaseTestCases.buy_app_purchase_test()'><b>buy_app_purchase_test</b><br>Test class: com.eduven.testcase.PurchaseTestCases</td>
<td><div><pre>org.openqa.selenium.remote.SessionNotFoundException: 
Command duration or timeout: 8 milliseconds
Build info: version: &apos;2.51.0&apos;, revision: &apos;1af067d&apos;, time: &apos;2016-02-05 19:11:55&apos;
System info: host: &apos;Hitesh-Mac-Mini.local&apos;, ip: &apos;10.30.30.97&apos;, os.name: &apos;Mac OS X&apos;, os.arch: &apos;x86_64&apos;, os.version: &apos;10.11.6&apos;, java.version: &apos;1.8.0_74&apos;
Driver info: io.appium.java_client.ios.IOSDriver
Capabilities [{app=/Users/hiteshbhardwaj/Downloads/greek.ipa, networkConnectionEnabled=false, warnings={}, appiumVersion=1.4.13, databaseEnabled=false, deviceName=Rahul&apos;s iPad (9.3.5), platform=UNIX, desired={app=/Users/hiteshbhardwaj/Downloads/greek.ipa, appiumVersion=1.4.13, platformVersion=9.3, automationName=Appium, udid=84974ee52e47314f4e50b296df4610e953edc63f, platformName=iOS, deviceName=Rahul&apos;s iPad (9.3.5), platform=IOS}, platformVersion=9.3, webStorageEnabled=false, locationContextEnabled=false, automationName=Appium, browserName=iOS, takesScreenshot=true, javascriptEnabled=true, udid=84974ee52e47314f4e50b296df4610e953edc63f, platformName=iOS}]
Session ID: 16b2d40a-0b6e-4dd0-93fd-7d7fb77cabc9
*** Element info: {Using=xpath, value=//UIAButton[@name=&apos;buttonWithAdd&apos;]}
	at sun.reflect.NativeConstructorAccessorImpl.newInstance0(Native Method)
	at sun.reflect.NativeConstructorAccessorImpl.newInstance(NativeConstructorAccessorImpl.java:62)
	at sun.reflect.DelegatingConstructorAccessorImpl.newInstance(DelegatingConstructorAccessorImpl.java:45)
	at java.lang.reflect.Constructor.newInstance(Constructor.java:423)
	at org.openqa.selenium.remote.ErrorHandler.createThrowable(ErrorHandler.java:206)
	at org.openqa.selenium.remote.ErrorHandler.throwIfResponseFailed(ErrorHandler.java:164)
	at org.openqa.selenium.remote.RemoteWebDriver.execute(RemoteWebDriver.java:678)
	at io.appium.java_client.DefaultGenericMobileDriver.execute(DefaultGenericMobileDriver.java:43)
	at io.appium.java_client.AppiumDriver.execute(AppiumDriver.java:1)
	at io.appium.java_client.ios.IOSDriver.execute(IOSDriver.java:1)
	at org.openqa.selenium.remote.RemoteWebDriver.findElement(RemoteWebDriver.java:363)
	at org.openqa.selenium.remote.RemoteWebDriver.findElementByXPath(RemoteWebDriver.java:500)
	at io.appium.java_client.DefaultGenericMobileDriver.findElementByXPath(DefaultGenericMobileDriver.java:129)
	at io.appium.java_client.AppiumDriver.findElementByXPath(AppiumDriver.java:1)
	at io.appium.java_client.ios.IOSDriver.findElementByXPath(IOSDriver.java:1)
	at org.openqa.selenium.By$ByXPath.findElement(By.java:361)
	at org.openqa.selenium.remote.RemoteWebDriver.findElement(RemoteWebDriver.java:355)
	at io.appium.java_client.DefaultGenericMobileDriver.findElement(DefaultGenericMobileDriver.java:51)
	at io.appium.java_client.AppiumDriver.findElement(AppiumDriver.java:1)
	at io.appium.java_client.ios.IOSDriver.findElement(IOSDriver.java:1)
	at com.eduven.utils.Reusables.getElement(Reusables.java:720)
	at com.eduven.utils.Reusables.tapOnElementUsingLocator(Reusables.java:243)
	at com.eduven.modules.EntityDetailPage.selectPurchaseOption(EntityDetailPage.java:95)
	at com.eduven.modules.EntityDetailPage.verifyFirstTimeSignin(EntityDetailPage.java:206)
	at com.eduven.modules.EntityDetailPage.signInStore(EntityDetailPage.java:233)
	at com.eduven.testcase.PurchaseTestCases.buy_app_purchase_test(PurchaseTestCases.java:52)
	at sun.reflect.NativeMethodAccessorImpl.invoke0(Native Method)
	at sun.reflect.NativeMethodAccessorImpl.invoke(NativeMethodAccessorImpl.java:62)
	at sun.reflect.DelegatingMethodAccessorImpl.invoke(DelegatingMethodAccessorImpl.java:43)
	at java.lang.reflect.Method.invoke(Method.java:498)
	at org.testng.internal.MethodInvocationHelper.invokeMethod(MethodInvocationHelper.java:85)
	at org.testng.internal.Invoker.invokeMethod(Invoker.java:639)
	at org.testng.internal.Invoker.invokeTestMethod(Invoker.java:816)
	at org.testng.internal.Invoker.invokeTestMethods(Invoker.java:1124)
	at org.testng.internal.TestMethodWorker.invokeTestMethods(TestMethodWorker.java:125)
	at org.testng.internal.TestMethodWorker.run(TestMethodWorker.java:108)
	at org.testng.TestRunner.privateRun(TestRunner.java:774)
	at org.testng.TestRunner.run(TestRunner.java:624)
	at org.testng.SuiteRunner.runTest(SuiteRunner.java:359)
	at org.testng.SuiteRunner.runSequentially(SuiteRunner.java:354)
	at org.testng.SuiteRunner.privateRun(SuiteRunner.java:312)
	at org.testng.SuiteRunner.run(SuiteRunner.java:261)
	at org.testng.SuiteRunnerWorker.runSuite(SuiteRunnerWorker.java:52)
	at org.testng.SuiteRunnerWorker.run(SuiteRunnerWorker.java:86)
	at org.testng.TestNG.runSuitesSequentially(TestNG.java:1215)
	at org.testng.TestNG.runSuitesLocally(TestNG.java:1140)
	at org.testng.TestNG.run(TestNG.java:1048)
	at com.eduven.utils.RunTestng.main(RunTestng.java:58)
</pre></div><a href='#' onClick='toggleBox("stack-trace1060703587", this, "Click to show all stack frames", "Click to hide stack frames")'>Click to show all stack frames</a>
<div class='stack-trace' id='stack-trace1060703587'><pre>org.openqa.selenium.remote.SessionNotFoundException: 
Command duration or timeout: 8 milliseconds
Build info: version: &apos;2.51.0&apos;, revision: &apos;1af067d&apos;, time: &apos;2016-02-05 19:11:55&apos;
System info: host: &apos;Hitesh-Mac-Mini.local&apos;, ip: &apos;10.30.30.97&apos;, os.name: &apos;Mac OS X&apos;, os.arch: &apos;x86_64&apos;, os.version: &apos;10.11.6&apos;, java.version: &apos;1.8.0_74&apos;
Driver info: io.appium.java_client.ios.IOSDriver
Capabilities [{app=/Users/hiteshbhardwaj/Downloads/greek.ipa, networkConnectionEnabled=false, warnings={}, appiumVersion=1.4.13, databaseEnabled=false, deviceName=Rahul&apos;s iPad (9.3.5), platform=UNIX, desired={app=/Users/hiteshbhardwaj/Downloads/greek.ipa, appiumVersion=1.4.13, platformVersion=9.3, automationName=Appium, udid=84974ee52e47314f4e50b296df4610e953edc63f, platformName=iOS, deviceName=Rahul&apos;s iPad (9.3.5), platform=IOS}, platformVersion=9.3, webStorageEnabled=false, locationContextEnabled=false, automationName=Appium, browserName=iOS, takesScreenshot=true, javascriptEnabled=true, udid=84974ee52e47314f4e50b296df4610e953edc63f, platformName=iOS}]
Session ID: 16b2d40a-0b6e-4dd0-93fd-7d7fb77cabc9
*** Element info: {Using=xpath, value=//UIAButton[@name=&apos;buttonWithAdd&apos;]}
	at sun.reflect.NativeConstructorAccessorImpl.newInstance0(Native Method)
	at sun.reflect.NativeConstructorAccessorImpl.newInstance(NativeConstructorAccessorImpl.java:62)
	at sun.reflect.DelegatingConstructorAccessorImpl.newInstance(DelegatingConstructorAccessorImpl.java:45)
	at java.lang.reflect.Constructor.newInstance(Constructor.java:423)
	at org.openqa.selenium.remote.ErrorHandler.createThrowable(ErrorHandler.java:206)
	at org.openqa.selenium.remote.ErrorHandler.throwIfResponseFailed(ErrorHandler.java:164)
	at org.openqa.selenium.remote.RemoteWebDriver.execute(RemoteWebDriver.java:678)
	at io.appium.java_client.DefaultGenericMobileDriver.execute(DefaultGenericMobileDriver.java:43)
	at io.appium.java_client.AppiumDriver.execute(AppiumDriver.java:1)
	at io.appium.java_client.ios.IOSDriver.execute(IOSDriver.java:1)
	at org.openqa.selenium.remote.RemoteWebDriver.findElement(RemoteWebDriver.java:363)
	at org.openqa.selenium.remote.RemoteWebDriver.findElementByXPath(RemoteWebDriver.java:500)
	at io.appium.java_client.DefaultGenericMobileDriver.findElementByXPath(DefaultGenericMobileDriver.java:129)
	at io.appium.java_client.AppiumDriver.findElementByXPath(AppiumDriver.java:1)
	at io.appium.java_client.ios.IOSDriver.findElementByXPath(IOSDriver.java:1)
	at org.openqa.selenium.By$ByXPath.findElement(By.java:361)
	at org.openqa.selenium.remote.RemoteWebDriver.findElement(RemoteWebDriver.java:355)
	at io.appium.java_client.DefaultGenericMobileDriver.findElement(DefaultGenericMobileDriver.java:51)
	at io.appium.java_client.AppiumDriver.findElement(AppiumDriver.java:1)
	at io.appium.java_client.ios.IOSDriver.findElement(IOSDriver.java:1)
	at com.eduven.utils.Reusables.getElement(Reusables.java:720)
	at com.eduven.utils.Reusables.tapOnElementUsingLocator(Reusables.java:243)
	at com.eduven.modules.EntityDetailPage.selectPurchaseOption(EntityDetailPage.java:95)
	at com.eduven.modules.EntityDetailPage.verifyFirstTimeSignin(EntityDetailPage.java:206)
	at com.eduven.modules.EntityDetailPage.signInStore(EntityDetailPage.java:233)
	at com.eduven.testcase.PurchaseTestCases.buy_app_purchase_test(PurchaseTestCases.java:52)
	at sun.reflect.NativeMethodAccessorImpl.invoke0(Native Method)
	at sun.reflect.NativeMethodAccessorImpl.invoke(NativeMethodAccessorImpl.java:62)
	at sun.reflect.DelegatingMethodAccessorImpl.invoke(DelegatingMethodAccessorImpl.java:43)
	at java.lang.reflect.Method.invoke(Method.java:498)
	at org.testng.internal.MethodInvocationHelper.invokeMethod(MethodInvocationHelper.java:85)
	at org.testng.internal.Invoker.invokeMethod(Invoker.java:639)
	at org.testng.internal.Invoker.invokeTestMethod(Invoker.java:816)
	at org.testng.internal.Invoker.invokeTestMethods(Invoker.java:1124)
	at org.testng.internal.TestMethodWorker.invokeTestMethods(TestMethodWorker.java:125)
	at org.testng.internal.TestMethodWorker.run(TestMethodWorker.java:108)
	at org.testng.TestRunner.privateRun(TestRunner.java:774)
	at org.testng.TestRunner.run(TestRunner.java:624)
	at org.testng.SuiteRunner.runTest(SuiteRunner.java:359)
	at org.testng.SuiteRunner.runSequentially(SuiteRunner.java:354)
	at org.testng.SuiteRunner.privateRun(SuiteRunner.java:312)
	at org.testng.SuiteRunner.run(SuiteRunner.java:261)
	at org.testng.SuiteRunnerWorker.runSuite(SuiteRunnerWorker.java:52)
	at org.testng.SuiteRunnerWorker.run(SuiteRunnerWorker.java:86)
	at org.testng.TestNG.runSuitesSequentially(TestNG.java:1215)
	at org.testng.TestNG.runSuitesLocally(TestNG.java:1140)
	at org.testng.TestNG.run(TestNG.java:1048)
	at com.eduven.utils.RunTestng.main(RunTestng.java:58)
</pre></div></td>
<td>4</td>
<td>com.eduven.testcase.PurchaseTestCases@3d285d7e</td></tr>
<tr>
<td title='com.eduven.testcase.EvMenuPageTestCases.evmenuLoginFacebookTest()'><b>evmenuLoginFacebookTest</b><br>Test class: com.eduven.testcase.EvMenuPageTestCases</td>
<td><div><pre>org.openqa.selenium.WebDriverException: An unknown server-side error occurred while processing the command. (Original error: Bad response from getTreeForXML. Err was undefined and res was undefined) (WARNING: The server did not provide any stacktrace information)
Command duration or timeout: 30.41 seconds
Build info: version: &apos;2.51.0&apos;, revision: &apos;1af067d&apos;, time: &apos;2016-02-05 19:11:55&apos;
System info: host: &apos;Hitesh-Mac-Mini.local&apos;, ip: &apos;10.30.30.97&apos;, os.name: &apos;Mac OS X&apos;, os.arch: &apos;x86_64&apos;, os.version: &apos;10.11.6&apos;, java.version: &apos;1.8.0_74&apos;
Driver info: io.appium.java_client.ios.IOSDriver
Capabilities [{app=/Users/hiteshbhardwaj/Downloads/greek.ipa, networkConnectionEnabled=false, warnings={}, appiumVersion=1.4.13, databaseEnabled=false, deviceName=Rahul&apos;s iPad (9.3.5), platform=UNIX, desired={app=/Users/hiteshbhardwaj/Downloads/greek.ipa, appiumVersion=1.4.13, platformVersion=9.3, automationName=Appium, udid=84974ee52e47314f4e50b296df4610e953edc63f, platformName=iOS, deviceName=Rahul&apos;s iPad (9.3.5), platform=IOS}, platformVersion=9.3, webStorageEnabled=false, locationContextEnabled=false, automationName=Appium, browserName=iOS, takesScreenshot=true, javascriptEnabled=true, udid=84974ee52e47314f4e50b296df4610e953edc63f, platformName=iOS}]
Session ID: 16b2d40a-0b6e-4dd0-93fd-7d7fb77cabc9
*** Element info: {Using=xpath, value=//UIAButton[@name=&apos;Log In&apos;]}
	at sun.reflect.NativeConstructorAccessorImpl.newInstance0(Native Method)
	at sun.reflect.NativeConstructorAccessorImpl.newInstance(NativeConstructorAccessorImpl.java:62)
	at sun.reflect.DelegatingConstructorAccessorImpl.newInstance(DelegatingConstructorAccessorImpl.java:45)
	at java.lang.reflect.Constructor.newInstance(Constructor.java:423)
	at org.openqa.selenium.remote.ErrorHandler.createThrowable(ErrorHandler.java:206)
	at org.openqa.selenium.remote.ErrorHandler.throwIfResponseFailed(ErrorHandler.java:158)
	at org.openqa.selenium.remote.RemoteWebDriver.execute(RemoteWebDriver.java:678)
	at io.appium.java_client.DefaultGenericMobileDriver.execute(DefaultGenericMobileDriver.java:43)
	at io.appium.java_client.AppiumDriver.execute(AppiumDriver.java:1)
	at io.appium.java_client.ios.IOSDriver.execute(IOSDriver.java:1)
	at org.openqa.selenium.remote.RemoteWebDriver.findElement(RemoteWebDriver.java:363)
	at org.openqa.selenium.remote.RemoteWebDriver.findElementByXPath(RemoteWebDriver.java:500)
	at io.appium.java_client.DefaultGenericMobileDriver.findElementByXPath(DefaultGenericMobileDriver.java:129)
	at io.appium.java_client.AppiumDriver.findElementByXPath(AppiumDriver.java:1)
	at io.appium.java_client.ios.IOSDriver.findElementByXPath(IOSDriver.java:1)
	at org.openqa.selenium.By$ByXPath.findElement(By.java:361)
	at org.openqa.selenium.remote.RemoteWebDriver.findElement(RemoteWebDriver.java:355)
	at io.appium.java_client.DefaultGenericMobileDriver.findElement(DefaultGenericMobileDriver.java:51)
	at io.appium.java_client.AppiumDriver.findElement(AppiumDriver.java:1)
	at io.appium.java_client.ios.IOSDriver.findElement(IOSDriver.java:1)
	at com.eduven.utils.Reusables.getElement(Reusables.java:720)
	at com.eduven.modules.EvMenu.facebookLoginStatus(EvMenu.java:661)
	at com.eduven.modules.EvMenu.facebookLogin(EvMenu.java:683)
	at com.eduven.testcase.EvMenuPageTestCases.evmenuLoginFacebookTest(EvMenuPageTestCases.java:170)
	at sun.reflect.NativeMethodAccessorImpl.invoke0(Native Method)
	at sun.reflect.NativeMethodAccessorImpl.invoke(NativeMethodAccessorImpl.java:62)
	at sun.reflect.DelegatingMethodAccessorImpl.invoke(DelegatingMethodAccessorImpl.java:43)
	at java.lang.reflect.Method.invoke(Method.java:498)
	at org.testng.internal.MethodInvocationHelper.invokeMethod(MethodInvocationHelper.java:85)
	at org.testng.internal.Invoker.invokeMethod(Invoker.java:639)
	at org.testng.internal.Invoker.invokeTestMethod(Invoker.java:816)
	at org.testng.internal.Invoker.invokeTestMethods(Invoker.java:1124)
	at org.testng.internal.TestMethodWorker.invokeTestMethods(TestMethodWorker.java:125)
	at org.testng.internal.TestMethodWorker.run(TestMethodWorker.java:108)
	at org.testng.TestRunner.privateRun(TestRunner.java:774)
	at org.testng.TestRunner.run(TestRunner.java:624)
	at org.testng.SuiteRunner.runTest(SuiteRunner.java:359)
	at org.testng.SuiteRunner.runSequentially(SuiteRunner.java:354)
	at org.testng.SuiteRunner.privateRun(SuiteRunner.java:312)
	at org.testng.SuiteRunner.run(SuiteRunner.java:261)
	at org.testng.SuiteRunnerWorker.runSuite(SuiteRunnerWorker.java:52)
	at org.testng.SuiteRunnerWorker.run(SuiteRunnerWorker.java:86)
	at org.testng.TestNG.runSuitesSequentially(TestNG.java:1215)
	at org.testng.TestNG.runSuitesLocally(TestNG.java:1140)
	at org.testng.TestNG.run(TestNG.java:1048)
	at com.eduven.utils.RunTestng.main(RunTestng.java:58)
</pre></div><a href='#' onClick='toggleBox("stack-trace792855998", this, "Click to show all stack frames", "Click to hide stack frames")'>Click to show all stack frames</a>
<div class='stack-trace' id='stack-trace792855998'><pre>org.openqa.selenium.WebDriverException: An unknown server-side error occurred while processing the command. (Original error: Bad response from getTreeForXML. Err was undefined and res was undefined) (WARNING: The server did not provide any stacktrace information)
Command duration or timeout: 30.41 seconds
Build info: version: &apos;2.51.0&apos;, revision: &apos;1af067d&apos;, time: &apos;2016-02-05 19:11:55&apos;
System info: host: &apos;Hitesh-Mac-Mini.local&apos;, ip: &apos;10.30.30.97&apos;, os.name: &apos;Mac OS X&apos;, os.arch: &apos;x86_64&apos;, os.version: &apos;10.11.6&apos;, java.version: &apos;1.8.0_74&apos;
Driver info: io.appium.java_client.ios.IOSDriver
Capabilities [{app=/Users/hiteshbhardwaj/Downloads/greek.ipa, networkConnectionEnabled=false, warnings={}, appiumVersion=1.4.13, databaseEnabled=false, deviceName=Rahul&apos;s iPad (9.3.5), platform=UNIX, desired={app=/Users/hiteshbhardwaj/Downloads/greek.ipa, appiumVersion=1.4.13, platformVersion=9.3, automationName=Appium, udid=84974ee52e47314f4e50b296df4610e953edc63f, platformName=iOS, deviceName=Rahul&apos;s iPad (9.3.5), platform=IOS}, platformVersion=9.3, webStorageEnabled=false, locationContextEnabled=false, automationName=Appium, browserName=iOS, takesScreenshot=true, javascriptEnabled=true, udid=84974ee52e47314f4e50b296df4610e953edc63f, platformName=iOS}]
Session ID: 16b2d40a-0b6e-4dd0-93fd-7d7fb77cabc9
*** Element info: {Using=xpath, value=//UIAButton[@name=&apos;Log In&apos;]}
	at sun.reflect.NativeConstructorAccessorImpl.newInstance0(Native Method)
	at sun.reflect.NativeConstructorAccessorImpl.newInstance(NativeConstructorAccessorImpl.java:62)
	at sun.reflect.DelegatingConstructorAccessorImpl.newInstance(DelegatingConstructorAccessorImpl.java:45)
	at java.lang.reflect.Constructor.newInstance(Constructor.java:423)
	at org.openqa.selenium.remote.ErrorHandler.createThrowable(ErrorHandler.java:206)
	at org.openqa.selenium.remote.ErrorHandler.throwIfResponseFailed(ErrorHandler.java:158)
	at org.openqa.selenium.remote.RemoteWebDriver.execute(RemoteWebDriver.java:678)
	at io.appium.java_client.DefaultGenericMobileDriver.execute(DefaultGenericMobileDriver.java:43)
	at io.appium.java_client.AppiumDriver.execute(AppiumDriver.java:1)
	at io.appium.java_client.ios.IOSDriver.execute(IOSDriver.java:1)
	at org.openqa.selenium.remote.RemoteWebDriver.findElement(RemoteWebDriver.java:363)
	at org.openqa.selenium.remote.RemoteWebDriver.findElementByXPath(RemoteWebDriver.java:500)
	at io.appium.java_client.DefaultGenericMobileDriver.findElementByXPath(DefaultGenericMobileDriver.java:129)
	at io.appium.java_client.AppiumDriver.findElementByXPath(AppiumDriver.java:1)
	at io.appium.java_client.ios.IOSDriver.findElementByXPath(IOSDriver.java:1)
	at org.openqa.selenium.By$ByXPath.findElement(By.java:361)
	at org.openqa.selenium.remote.RemoteWebDriver.findElement(RemoteWebDriver.java:355)
	at io.appium.java_client.DefaultGenericMobileDriver.findElement(DefaultGenericMobileDriver.java:51)
	at io.appium.java_client.AppiumDriver.findElement(AppiumDriver.java:1)
	at io.appium.java_client.ios.IOSDriver.findElement(IOSDriver.java:1)
	at com.eduven.utils.Reusables.getElement(Reusables.java:720)
	at com.eduven.modules.EvMenu.facebookLoginStatus(EvMenu.java:661)
	at com.eduven.modules.EvMenu.facebookLogin(EvMenu.java:683)
	at com.eduven.testcase.EvMenuPageTestCases.evmenuLoginFacebookTest(EvMenuPageTestCases.java:170)
	at sun.reflect.NativeMethodAccessorImpl.invoke0(Native Method)
	at sun.reflect.NativeMethodAccessorImpl.invoke(NativeMethodAccessorImpl.java:62)
	at sun.reflect.DelegatingMethodAccessorImpl.invoke(DelegatingMethodAccessorImpl.java:43)
	at java.lang.reflect.Method.invoke(Method.java:498)
	at org.testng.internal.MethodInvocationHelper.invokeMethod(MethodInvocationHelper.java:85)
	at org.testng.internal.Invoker.invokeMethod(Invoker.java:639)
	at org.testng.internal.Invoker.invokeTestMethod(Invoker.java:816)
	at org.testng.internal.Invoker.invokeTestMethods(Invoker.java:1124)
	at org.testng.internal.TestMethodWorker.invokeTestMethods(TestMethodWorker.java:125)
	at org.testng.internal.TestMethodWorker.run(TestMethodWorker.java:108)
	at org.testng.TestRunner.privateRun(TestRunner.java:774)
	at org.testng.TestRunner.run(TestRunner.java:624)
	at org.testng.SuiteRunner.runTest(SuiteRunner.java:359)
	at org.testng.SuiteRunner.runSequentially(SuiteRunner.java:354)
	at org.testng.SuiteRunner.privateRun(SuiteRunner.java:312)
	at org.testng.SuiteRunner.run(SuiteRunner.java:261)
	at org.testng.SuiteRunnerWorker.runSuite(SuiteRunnerWorker.java:52)
	at org.testng.SuiteRunnerWorker.run(SuiteRunnerWorker.java:86)
	at org.testng.TestNG.runSuitesSequentially(TestNG.java:1215)
	at org.testng.TestNG.runSuitesLocally(TestNG.java:1140)
	at org.testng.TestNG.run(TestNG.java:1048)
	at com.eduven.utils.RunTestng.main(RunTestng.java:58)
</pre></div></td>
<td>40</td>
<td>com.eduven.testcase.EvMenuPageTestCases@4e08711f</td></tr>
<tr>
<td title='com.eduven.testcase.SwitchLanguagePageTestCases.handlingRateAppPopupTest()'><b>handlingRateAppPopupTest</b><br>Test class: com.eduven.testcase.SwitchLanguagePageTestCases</td>
<td><div><pre>org.openqa.selenium.remote.SessionNotFoundException: 
Command duration or timeout: 7 milliseconds
Build info: version: &apos;2.51.0&apos;, revision: &apos;1af067d&apos;, time: &apos;2016-02-05 19:11:55&apos;
System info: host: &apos;Hitesh-Mac-Mini.local&apos;, ip: &apos;10.30.30.97&apos;, os.name: &apos;Mac OS X&apos;, os.arch: &apos;x86_64&apos;, os.version: &apos;10.11.6&apos;, java.version: &apos;1.8.0_74&apos;
Driver info: io.appium.java_client.ios.IOSDriver
Capabilities [{app=/Users/hiteshbhardwaj/Downloads/greek.ipa, networkConnectionEnabled=false, warnings={}, appiumVersion=1.4.13, databaseEnabled=false, deviceName=Rahul&apos;s iPad (9.3.5), platform=UNIX, desired={app=/Users/hiteshbhardwaj/Downloads/greek.ipa, appiumVersion=1.4.13, platformVersion=9.3, automationName=Appium, udid=84974ee52e47314f4e50b296df4610e953edc63f, platformName=iOS, deviceName=Rahul&apos;s iPad (9.3.5), platform=IOS}, platformVersion=9.3, webStorageEnabled=false, locationContextEnabled=false, automationName=Appium, browserName=iOS, takesScreenshot=true, javascriptEnabled=true, udid=84974ee52e47314f4e50b296df4610e953edc63f, platformName=iOS}]
Session ID: 16b2d40a-0b6e-4dd0-93fd-7d7fb77cabc9
*** Element info: {Using=xpath, value=//UIAButton[@name=&apos;No, thanks&apos;]}
	at sun.reflect.NativeConstructorAccessorImpl.newInstance0(Native Method)
	at sun.reflect.NativeConstructorAccessorImpl.newInstance(NativeConstructorAccessorImpl.java:62)
	at sun.reflect.DelegatingConstructorAccessorImpl.newInstance(DelegatingConstructorAccessorImpl.java:45)
	at java.lang.reflect.Constructor.newInstance(Constructor.java:423)
	at org.openqa.selenium.remote.ErrorHandler.createThrowable(ErrorHandler.java:206)
	at org.openqa.selenium.remote.ErrorHandler.throwIfResponseFailed(ErrorHandler.java:164)
	at org.openqa.selenium.remote.RemoteWebDriver.execute(RemoteWebDriver.java:678)
	at io.appium.java_client.DefaultGenericMobileDriver.execute(DefaultGenericMobileDriver.java:43)
	at io.appium.java_client.AppiumDriver.execute(AppiumDriver.java:1)
	at io.appium.java_client.ios.IOSDriver.execute(IOSDriver.java:1)
	at org.openqa.selenium.remote.RemoteWebDriver.findElement(RemoteWebDriver.java:363)
	at org.openqa.selenium.remote.RemoteWebDriver.findElementByXPath(RemoteWebDriver.java:500)
	at io.appium.java_client.DefaultGenericMobileDriver.findElementByXPath(DefaultGenericMobileDriver.java:129)
	at io.appium.java_client.AppiumDriver.findElementByXPath(AppiumDriver.java:1)
	at io.appium.java_client.ios.IOSDriver.findElementByXPath(IOSDriver.java:1)
	at org.openqa.selenium.By$ByXPath.findElement(By.java:361)
	at org.openqa.selenium.remote.RemoteWebDriver.findElement(RemoteWebDriver.java:355)
	at io.appium.java_client.DefaultGenericMobileDriver.findElement(DefaultGenericMobileDriver.java:51)
	at io.appium.java_client.AppiumDriver.findElement(AppiumDriver.java:1)
	at io.appium.java_client.ios.IOSDriver.findElement(IOSDriver.java:1)
	at com.eduven.utils.Reusables.getElement(Reusables.java:720)
	at com.eduven.utils.Reusables.isElementPresent(Reusables.java:119)
	at com.eduven.modules.SplashScreen.hideAppRatePopup(SplashScreen.java:42)
	at com.eduven.testcase.SwitchLanguagePageTestCases.handlingRateAppPopupTest(SwitchLanguagePageTestCases.java:34)
	at sun.reflect.NativeMethodAccessorImpl.invoke0(Native Method)
	at sun.reflect.NativeMethodAccessorImpl.invoke(NativeMethodAccessorImpl.java:62)
	at sun.reflect.DelegatingMethodAccessorImpl.invoke(DelegatingMethodAccessorImpl.java:43)
	at java.lang.reflect.Method.invoke(Method.java:498)
	at org.testng.internal.MethodInvocationHelper.invokeMethod(MethodInvocationHelper.java:85)
	at org.testng.internal.Invoker.invokeMethod(Invoker.java:639)
	at org.testng.internal.Invoker.invokeTestMethod(Invoker.java:816)
	at org.testng.internal.Invoker.invokeTestMethods(Invoker.java:1124)
	at org.testng.internal.TestMethodWorker.invokeTestMethods(TestMethodWorker.java:125)
	at org.testng.internal.TestMethodWorker.run(TestMethodWorker.java:108)
	at org.testng.TestRunner.privateRun(TestRunner.java:774)
	at org.testng.TestRunner.run(TestRunner.java:624)
	at org.testng.SuiteRunner.runTest(SuiteRunner.java:359)
	at org.testng.SuiteRunner.runSequentially(SuiteRunner.java:354)
	at org.testng.SuiteRunner.privateRun(SuiteRunner.java:312)
	at org.testng.SuiteRunner.run(SuiteRunner.java:261)
	at org.testng.SuiteRunnerWorker.runSuite(SuiteRunnerWorker.java:52)
	at org.testng.SuiteRunnerWorker.run(SuiteRunnerWorker.java:86)
	at org.testng.TestNG.runSuitesSequentially(TestNG.java:1215)
	at org.testng.TestNG.runSuitesLocally(TestNG.java:1140)
	at org.testng.TestNG.run(TestNG.java:1048)
	at com.eduven.utils.RunTestng.main(RunTestng.java:58)
</pre></div><a href='#' onClick='toggleBox("stack-trace1202042637", this, "Click to show all stack frames", "Click to hide stack frames")'>Click to show all stack frames</a>
<div class='stack-trace' id='stack-trace1202042637'><pre>org.openqa.selenium.remote.SessionNotFoundException: 
Command duration or timeout: 7 milliseconds
Build info: version: &apos;2.51.0&apos;, revision: &apos;1af067d&apos;, time: &apos;2016-02-05 19:11:55&apos;
System info: host: &apos;Hitesh-Mac-Mini.local&apos;, ip: &apos;10.30.30.97&apos;, os.name: &apos;Mac OS X&apos;, os.arch: &apos;x86_64&apos;, os.version: &apos;10.11.6&apos;, java.version: &apos;1.8.0_74&apos;
Driver info: io.appium.java_client.ios.IOSDriver
Capabilities [{app=/Users/hiteshbhardwaj/Downloads/greek.ipa, networkConnectionEnabled=false, warnings={}, appiumVersion=1.4.13, databaseEnabled=false, deviceName=Rahul&apos;s iPad (9.3.5), platform=UNIX, desired={app=/Users/hiteshbhardwaj/Downloads/greek.ipa, appiumVersion=1.4.13, platformVersion=9.3, automationName=Appium, udid=84974ee52e47314f4e50b296df4610e953edc63f, platformName=iOS, deviceName=Rahul&apos;s iPad (9.3.5), platform=IOS}, platformVersion=9.3, webStorageEnabled=false, locationContextEnabled=false, automationName=Appium, browserName=iOS, takesScreenshot=true, javascriptEnabled=true, udid=84974ee52e47314f4e50b296df4610e953edc63f, platformName=iOS}]
Session ID: 16b2d40a-0b6e-4dd0-93fd-7d7fb77cabc9
*** Element info: {Using=xpath, value=//UIAButton[@name=&apos;No, thanks&apos;]}
	at sun.reflect.NativeConstructorAccessorImpl.newInstance0(Native Method)
	at sun.reflect.NativeConstructorAccessorImpl.newInstance(NativeConstructorAccessorImpl.java:62)
	at sun.reflect.DelegatingConstructorAccessorImpl.newInstance(DelegatingConstructorAccessorImpl.java:45)
	at java.lang.reflect.Constructor.newInstance(Constructor.java:423)
	at org.openqa.selenium.remote.ErrorHandler.createThrowable(ErrorHandler.java:206)
	at org.openqa.selenium.remote.ErrorHandler.throwIfResponseFailed(ErrorHandler.java:164)
	at org.openqa.selenium.remote.RemoteWebDriver.execute(RemoteWebDriver.java:678)
	at io.appium.java_client.DefaultGenericMobileDriver.execute(DefaultGenericMobileDriver.java:43)
	at io.appium.java_client.AppiumDriver.execute(AppiumDriver.java:1)
	at io.appium.java_client.ios.IOSDriver.execute(IOSDriver.java:1)
	at org.openqa.selenium.remote.RemoteWebDriver.findElement(RemoteWebDriver.java:363)
	at org.openqa.selenium.remote.RemoteWebDriver.findElementByXPath(RemoteWebDriver.java:500)
	at io.appium.java_client.DefaultGenericMobileDriver.findElementByXPath(DefaultGenericMobileDriver.java:129)
	at io.appium.java_client.AppiumDriver.findElementByXPath(AppiumDriver.java:1)
	at io.appium.java_client.ios.IOSDriver.findElementByXPath(IOSDriver.java:1)
	at org.openqa.selenium.By$ByXPath.findElement(By.java:361)
	at org.openqa.selenium.remote.RemoteWebDriver.findElement(RemoteWebDriver.java:355)
	at io.appium.java_client.DefaultGenericMobileDriver.findElement(DefaultGenericMobileDriver.java:51)
	at io.appium.java_client.AppiumDriver.findElement(AppiumDriver.java:1)
	at io.appium.java_client.ios.IOSDriver.findElement(IOSDriver.java:1)
	at com.eduven.utils.Reusables.getElement(Reusables.java:720)
	at com.eduven.utils.Reusables.isElementPresent(Reusables.java:119)
	at com.eduven.modules.SplashScreen.hideAppRatePopup(SplashScreen.java:42)
	at com.eduven.testcase.SwitchLanguagePageTestCases.handlingRateAppPopupTest(SwitchLanguagePageTestCases.java:34)
	at sun.reflect.NativeMethodAccessorImpl.invoke0(Native Method)
	at sun.reflect.NativeMethodAccessorImpl.invoke(NativeMethodAccessorImpl.java:62)
	at sun.reflect.DelegatingMethodAccessorImpl.invoke(DelegatingMethodAccessorImpl.java:43)
	at java.lang.reflect.Method.invoke(Method.java:498)
	at org.testng.internal.MethodInvocationHelper.invokeMethod(MethodInvocationHelper.java:85)
	at org.testng.internal.Invoker.invokeMethod(Invoker.java:639)
	at org.testng.internal.Invoker.invokeTestMethod(Invoker.java:816)
	at org.testng.internal.Invoker.invokeTestMethods(Invoker.java:1124)
	at org.testng.internal.TestMethodWorker.invokeTestMethods(TestMethodWorker.java:125)
	at org.testng.internal.TestMethodWorker.run(TestMethodWorker.java:108)
	at org.testng.TestRunner.privateRun(TestRunner.java:774)
	at org.testng.TestRunner.run(TestRunner.java:624)
	at org.testng.SuiteRunner.runTest(SuiteRunner.java:359)
	at org.testng.SuiteRunner.runSequentially(SuiteRunner.java:354)
	at org.testng.SuiteRunner.privateRun(SuiteRunner.java:312)
	at org.testng.SuiteRunner.run(SuiteRunner.java:261)
	at org.testng.SuiteRunnerWorker.runSuite(SuiteRunnerWorker.java:52)
	at org.testng.SuiteRunnerWorker.run(SuiteRunnerWorker.java:86)
	at org.testng.TestNG.runSuitesSequentially(TestNG.java:1215)
	at org.testng.TestNG.runSuitesLocally(TestNG.java:1140)
	at org.testng.TestNG.run(TestNG.java:1048)
	at com.eduven.utils.RunTestng.main(RunTestng.java:58)
</pre></div></td>
<td>2</td>
<td>com.eduven.testcase.SwitchLanguagePageTestCases@40005471</td></tr>
<tr>
<td title='com.eduven.testcase.AutoPlayPageTestCases.handlingRateTheAppPopupTest()'><b>handlingRateTheAppPopupTest</b><br>Test class: com.eduven.testcase.AutoPlayPageTestCases</td>
<td><div><pre>org.openqa.selenium.remote.SessionNotFoundException: 
Command duration or timeout: 7 milliseconds
Build info: version: &apos;2.51.0&apos;, revision: &apos;1af067d&apos;, time: &apos;2016-02-05 19:11:55&apos;
System info: host: &apos;Hitesh-Mac-Mini.local&apos;, ip: &apos;10.30.30.97&apos;, os.name: &apos;Mac OS X&apos;, os.arch: &apos;x86_64&apos;, os.version: &apos;10.11.6&apos;, java.version: &apos;1.8.0_74&apos;
Driver info: io.appium.java_client.ios.IOSDriver
Capabilities [{app=/Users/hiteshbhardwaj/Downloads/greek.ipa, networkConnectionEnabled=false, warnings={}, appiumVersion=1.4.13, databaseEnabled=false, deviceName=Rahul&apos;s iPad (9.3.5), platform=UNIX, desired={app=/Users/hiteshbhardwaj/Downloads/greek.ipa, appiumVersion=1.4.13, platformVersion=9.3, automationName=Appium, udid=84974ee52e47314f4e50b296df4610e953edc63f, platformName=iOS, deviceName=Rahul&apos;s iPad (9.3.5), platform=IOS}, platformVersion=9.3, webStorageEnabled=false, locationContextEnabled=false, automationName=Appium, browserName=iOS, takesScreenshot=true, javascriptEnabled=true, udid=84974ee52e47314f4e50b296df4610e953edc63f, platformName=iOS}]
Session ID: 16b2d40a-0b6e-4dd0-93fd-7d7fb77cabc9
*** Element info: {Using=xpath, value=//UIAButton[@name=&apos;No, thanks&apos;]}
	at sun.reflect.NativeConstructorAccessorImpl.newInstance0(Native Method)
	at sun.reflect.NativeConstructorAccessorImpl.newInstance(NativeConstructorAccessorImpl.java:62)
	at sun.reflect.DelegatingConstructorAccessorImpl.newInstance(DelegatingConstructorAccessorImpl.java:45)
	at java.lang.reflect.Constructor.newInstance(Constructor.java:423)
	at org.openqa.selenium.remote.ErrorHandler.createThrowable(ErrorHandler.java:206)
	at org.openqa.selenium.remote.ErrorHandler.throwIfResponseFailed(ErrorHandler.java:164)
	at org.openqa.selenium.remote.RemoteWebDriver.execute(RemoteWebDriver.java:678)
	at io.appium.java_client.DefaultGenericMobileDriver.execute(DefaultGenericMobileDriver.java:43)
	at io.appium.java_client.AppiumDriver.execute(AppiumDriver.java:1)
	at io.appium.java_client.ios.IOSDriver.execute(IOSDriver.java:1)
	at org.openqa.selenium.remote.RemoteWebDriver.findElement(RemoteWebDriver.java:363)
	at org.openqa.selenium.remote.RemoteWebDriver.findElementByXPath(RemoteWebDriver.java:500)
	at io.appium.java_client.DefaultGenericMobileDriver.findElementByXPath(DefaultGenericMobileDriver.java:129)
	at io.appium.java_client.AppiumDriver.findElementByXPath(AppiumDriver.java:1)
	at io.appium.java_client.ios.IOSDriver.findElementByXPath(IOSDriver.java:1)
	at org.openqa.selenium.By$ByXPath.findElement(By.java:361)
	at org.openqa.selenium.remote.RemoteWebDriver.findElement(RemoteWebDriver.java:355)
	at io.appium.java_client.DefaultGenericMobileDriver.findElement(DefaultGenericMobileDriver.java:51)
	at io.appium.java_client.AppiumDriver.findElement(AppiumDriver.java:1)
	at io.appium.java_client.ios.IOSDriver.findElement(IOSDriver.java:1)
	at com.eduven.utils.Reusables.getElement(Reusables.java:720)
	at com.eduven.utils.Reusables.isElementPresent(Reusables.java:119)
	at com.eduven.modules.SplashScreen.hideAppRatePopup(SplashScreen.java:42)
	at com.eduven.testcase.AutoPlayPageTestCases.handlingRateTheAppPopupTest(AutoPlayPageTestCases.java:26)
	at sun.reflect.NativeMethodAccessorImpl.invoke0(Native Method)
	at sun.reflect.NativeMethodAccessorImpl.invoke(NativeMethodAccessorImpl.java:62)
	at sun.reflect.DelegatingMethodAccessorImpl.invoke(DelegatingMethodAccessorImpl.java:43)
	at java.lang.reflect.Method.invoke(Method.java:498)
	at org.testng.internal.MethodInvocationHelper.invokeMethod(MethodInvocationHelper.java:85)
	at org.testng.internal.Invoker.invokeMethod(Invoker.java:639)
	at org.testng.internal.Invoker.invokeTestMethod(Invoker.java:816)
	at org.testng.internal.Invoker.invokeTestMethods(Invoker.java:1124)
	at org.testng.internal.TestMethodWorker.invokeTestMethods(TestMethodWorker.java:125)
	at org.testng.internal.TestMethodWorker.run(TestMethodWorker.java:108)
	at org.testng.TestRunner.privateRun(TestRunner.java:774)
	at org.testng.TestRunner.run(TestRunner.java:624)
	at org.testng.SuiteRunner.runTest(SuiteRunner.java:359)
	at org.testng.SuiteRunner.runSequentially(SuiteRunner.java:354)
	at org.testng.SuiteRunner.privateRun(SuiteRunner.java:312)
	at org.testng.SuiteRunner.run(SuiteRunner.java:261)
	at org.testng.SuiteRunnerWorker.runSuite(SuiteRunnerWorker.java:52)
	at org.testng.SuiteRunnerWorker.run(SuiteRunnerWorker.java:86)
	at org.testng.TestNG.runSuitesSequentially(TestNG.java:1215)
	at org.testng.TestNG.runSuitesLocally(TestNG.java:1140)
	at org.testng.TestNG.run(TestNG.java:1048)
	at com.eduven.utils.RunTestng.main(RunTestng.java:58)
</pre></div><a href='#' onClick='toggleBox("stack-trace2059592603", this, "Click to show all stack frames", "Click to hide stack frames")'>Click to show all stack frames</a>
<div class='stack-trace' id='stack-trace2059592603'><pre>org.openqa.selenium.remote.SessionNotFoundException: 
Command duration or timeout: 7 milliseconds
Build info: version: &apos;2.51.0&apos;, revision: &apos;1af067d&apos;, time: &apos;2016-02-05 19:11:55&apos;
System info: host: &apos;Hitesh-Mac-Mini.local&apos;, ip: &apos;10.30.30.97&apos;, os.name: &apos;Mac OS X&apos;, os.arch: &apos;x86_64&apos;, os.version: &apos;10.11.6&apos;, java.version: &apos;1.8.0_74&apos;
Driver info: io.appium.java_client.ios.IOSDriver
Capabilities [{app=/Users/hiteshbhardwaj/Downloads/greek.ipa, networkConnectionEnabled=false, warnings={}, appiumVersion=1.4.13, databaseEnabled=false, deviceName=Rahul&apos;s iPad (9.3.5), platform=UNIX, desired={app=/Users/hiteshbhardwaj/Downloads/greek.ipa, appiumVersion=1.4.13, platformVersion=9.3, automationName=Appium, udid=84974ee52e47314f4e50b296df4610e953edc63f, platformName=iOS, deviceName=Rahul&apos;s iPad (9.3.5), platform=IOS}, platformVersion=9.3, webStorageEnabled=false, locationContextEnabled=false, automationName=Appium, browserName=iOS, takesScreenshot=true, javascriptEnabled=true, udid=84974ee52e47314f4e50b296df4610e953edc63f, platformName=iOS}]
Session ID: 16b2d40a-0b6e-4dd0-93fd-7d7fb77cabc9
*** Element info: {Using=xpath, value=//UIAButton[@name=&apos;No, thanks&apos;]}
	at sun.reflect.NativeConstructorAccessorImpl.newInstance0(Native Method)
	at sun.reflect.NativeConstructorAccessorImpl.newInstance(NativeConstructorAccessorImpl.java:62)
	at sun.reflect.DelegatingConstructorAccessorImpl.newInstance(DelegatingConstructorAccessorImpl.java:45)
	at java.lang.reflect.Constructor.newInstance(Constructor.java:423)
	at org.openqa.selenium.remote.ErrorHandler.createThrowable(ErrorHandler.java:206)
	at org.openqa.selenium.remote.ErrorHandler.throwIfResponseFailed(ErrorHandler.java:164)
	at org.openqa.selenium.remote.RemoteWebDriver.execute(RemoteWebDriver.java:678)
	at io.appium.java_client.DefaultGenericMobileDriver.execute(DefaultGenericMobileDriver.java:43)
	at io.appium.java_client.AppiumDriver.execute(AppiumDriver.java:1)
	at io.appium.java_client.ios.IOSDriver.execute(IOSDriver.java:1)
	at org.openqa.selenium.remote.RemoteWebDriver.findElement(RemoteWebDriver.java:363)
	at org.openqa.selenium.remote.RemoteWebDriver.findElementByXPath(RemoteWebDriver.java:500)
	at io.appium.java_client.DefaultGenericMobileDriver.findElementByXPath(DefaultGenericMobileDriver.java:129)
	at io.appium.java_client.AppiumDriver.findElementByXPath(AppiumDriver.java:1)
	at io.appium.java_client.ios.IOSDriver.findElementByXPath(IOSDriver.java:1)
	at org.openqa.selenium.By$ByXPath.findElement(By.java:361)
	at org.openqa.selenium.remote.RemoteWebDriver.findElement(RemoteWebDriver.java:355)
	at io.appium.java_client.DefaultGenericMobileDriver.findElement(DefaultGenericMobileDriver.java:51)
	at io.appium.java_client.AppiumDriver.findElement(AppiumDriver.java:1)
	at io.appium.java_client.ios.IOSDriver.findElement(IOSDriver.java:1)
	at com.eduven.utils.Reusables.getElement(Reusables.java:720)
	at com.eduven.utils.Reusables.isElementPresent(Reusables.java:119)
	at com.eduven.modules.SplashScreen.hideAppRatePopup(SplashScreen.java:42)
	at com.eduven.testcase.AutoPlayPageTestCases.handlingRateTheAppPopupTest(AutoPlayPageTestCases.java:26)
	at sun.reflect.NativeMethodAccessorImpl.invoke0(Native Method)
	at sun.reflect.NativeMethodAccessorImpl.invoke(NativeMethodAccessorImpl.java:62)
	at sun.reflect.DelegatingMethodAccessorImpl.invoke(DelegatingMethodAccessorImpl.java:43)
	at java.lang.reflect.Method.invoke(Method.java:498)
	at org.testng.internal.MethodInvocationHelper.invokeMethod(MethodInvocationHelper.java:85)
	at org.testng.internal.Invoker.invokeMethod(Invoker.java:639)
	at org.testng.internal.Invoker.invokeTestMethod(Invoker.java:816)
	at org.testng.internal.Invoker.invokeTestMethods(Invoker.java:1124)
	at org.testng.internal.TestMethodWorker.invokeTestMethods(TestMethodWorker.java:125)
	at org.testng.internal.TestMethodWorker.run(TestMethodWorker.java:108)
	at org.testng.TestRunner.privateRun(TestRunner.java:774)
	at org.testng.TestRunner.run(TestRunner.java:624)
	at org.testng.SuiteRunner.runTest(SuiteRunner.java:359)
	at org.testng.SuiteRunner.runSequentially(SuiteRunner.java:354)
	at org.testng.SuiteRunner.privateRun(SuiteRunner.java:312)
	at org.testng.SuiteRunner.run(SuiteRunner.java:261)
	at org.testng.SuiteRunnerWorker.runSuite(SuiteRunnerWorker.java:52)
	at org.testng.SuiteRunnerWorker.run(SuiteRunnerWorker.java:86)
	at org.testng.TestNG.runSuitesSequentially(TestNG.java:1215)
	at org.testng.TestNG.runSuitesLocally(TestNG.java:1140)
	at org.testng.TestNG.run(TestNG.java:1048)
	at com.eduven.utils.RunTestng.main(RunTestng.java:58)
</pre></div></td>
<td>2</td>
<td>com.eduven.testcase.AutoPlayPageTestCases@302552ec</td></tr>
<tr>
<td title='com.eduven.testcase.TermListPageTestCases.handling_rate_app_popup_test()'><b>handling_rate_app_popup_test</b><br>Test class: com.eduven.testcase.TermListPageTestCases</td>
<td><div><pre>org.openqa.selenium.remote.SessionNotFoundException: 
Command duration or timeout: 7 milliseconds
Build info: version: &apos;2.51.0&apos;, revision: &apos;1af067d&apos;, time: &apos;2016-02-05 19:11:55&apos;
System info: host: &apos;Hitesh-Mac-Mini.local&apos;, ip: &apos;10.30.30.97&apos;, os.name: &apos;Mac OS X&apos;, os.arch: &apos;x86_64&apos;, os.version: &apos;10.11.6&apos;, java.version: &apos;1.8.0_74&apos;
Driver info: io.appium.java_client.ios.IOSDriver
Capabilities [{app=/Users/hiteshbhardwaj/Downloads/greek.ipa, networkConnectionEnabled=false, warnings={}, appiumVersion=1.4.13, databaseEnabled=false, deviceName=Rahul&apos;s iPad (9.3.5), platform=UNIX, desired={app=/Users/hiteshbhardwaj/Downloads/greek.ipa, appiumVersion=1.4.13, platformVersion=9.3, automationName=Appium, udid=84974ee52e47314f4e50b296df4610e953edc63f, platformName=iOS, deviceName=Rahul&apos;s iPad (9.3.5), platform=IOS}, platformVersion=9.3, webStorageEnabled=false, locationContextEnabled=false, automationName=Appium, browserName=iOS, takesScreenshot=true, javascriptEnabled=true, udid=84974ee52e47314f4e50b296df4610e953edc63f, platformName=iOS}]
Session ID: 16b2d40a-0b6e-4dd0-93fd-7d7fb77cabc9
*** Element info: {Using=xpath, value=//UIAButton[@name=&apos;No, thanks&apos;]}
	at sun.reflect.NativeConstructorAccessorImpl.newInstance0(Native Method)
	at sun.reflect.NativeConstructorAccessorImpl.newInstance(NativeConstructorAccessorImpl.java:62)
	at sun.reflect.DelegatingConstructorAccessorImpl.newInstance(DelegatingConstructorAccessorImpl.java:45)
	at java.lang.reflect.Constructor.newInstance(Constructor.java:423)
	at org.openqa.selenium.remote.ErrorHandler.createThrowable(ErrorHandler.java:206)
	at org.openqa.selenium.remote.ErrorHandler.throwIfResponseFailed(ErrorHandler.java:164)
	at org.openqa.selenium.remote.RemoteWebDriver.execute(RemoteWebDriver.java:678)
	at io.appium.java_client.DefaultGenericMobileDriver.execute(DefaultGenericMobileDriver.java:43)
	at io.appium.java_client.AppiumDriver.execute(AppiumDriver.java:1)
	at io.appium.java_client.ios.IOSDriver.execute(IOSDriver.java:1)
	at org.openqa.selenium.remote.RemoteWebDriver.findElement(RemoteWebDriver.java:363)
	at org.openqa.selenium.remote.RemoteWebDriver.findElementByXPath(RemoteWebDriver.java:500)
	at io.appium.java_client.DefaultGenericMobileDriver.findElementByXPath(DefaultGenericMobileDriver.java:129)
	at io.appium.java_client.AppiumDriver.findElementByXPath(AppiumDriver.java:1)
	at io.appium.java_client.ios.IOSDriver.findElementByXPath(IOSDriver.java:1)
	at org.openqa.selenium.By$ByXPath.findElement(By.java:361)
	at org.openqa.selenium.remote.RemoteWebDriver.findElement(RemoteWebDriver.java:355)
	at io.appium.java_client.DefaultGenericMobileDriver.findElement(DefaultGenericMobileDriver.java:51)
	at io.appium.java_client.AppiumDriver.findElement(AppiumDriver.java:1)
	at io.appium.java_client.ios.IOSDriver.findElement(IOSDriver.java:1)
	at com.eduven.utils.Reusables.getElement(Reusables.java:720)
	at com.eduven.utils.Reusables.isElementPresent(Reusables.java:119)
	at com.eduven.modules.SplashScreen.hideAppRatePopup(SplashScreen.java:42)
	at com.eduven.testcase.TermListPageTestCases.handling_rate_app_popup_test(TermListPageTestCases.java:34)
	at sun.reflect.NativeMethodAccessorImpl.invoke0(Native Method)
	at sun.reflect.NativeMethodAccessorImpl.invoke(NativeMethodAccessorImpl.java:62)
	at sun.reflect.DelegatingMethodAccessorImpl.invoke(DelegatingMethodAccessorImpl.java:43)
	at java.lang.reflect.Method.invoke(Method.java:498)
	at org.testng.internal.MethodInvocationHelper.invokeMethod(MethodInvocationHelper.java:85)
	at org.testng.internal.Invoker.invokeMethod(Invoker.java:639)
	at org.testng.internal.Invoker.invokeTestMethod(Invoker.java:816)
	at org.testng.internal.Invoker.invokeTestMethods(Invoker.java:1124)
	at org.testng.internal.TestMethodWorker.invokeTestMethods(TestMethodWorker.java:125)
	at org.testng.internal.TestMethodWorker.run(TestMethodWorker.java:108)
	at org.testng.TestRunner.privateRun(TestRunner.java:774)
	at org.testng.TestRunner.run(TestRunner.java:624)
	at org.testng.SuiteRunner.runTest(SuiteRunner.java:359)
	at org.testng.SuiteRunner.runSequentially(SuiteRunner.java:354)
	at org.testng.SuiteRunner.privateRun(SuiteRunner.java:312)
	at org.testng.SuiteRunner.run(SuiteRunner.java:261)
	at org.testng.SuiteRunnerWorker.runSuite(SuiteRunnerWorker.java:52)
	at org.testng.SuiteRunnerWorker.run(SuiteRunnerWorker.java:86)
	at org.testng.TestNG.runSuitesSequentially(TestNG.java:1215)
	at org.testng.TestNG.runSuitesLocally(TestNG.java:1140)
	at org.testng.TestNG.run(TestNG.java:1048)
	at com.eduven.utils.RunTestng.main(RunTestng.java:58)
</pre></div><a href='#' onClick='toggleBox("stack-trace1454026445", this, "Click to show all stack frames", "Click to hide stack frames")'>Click to show all stack frames</a>
<div class='stack-trace' id='stack-trace1454026445'><pre>org.openqa.selenium.remote.SessionNotFoundException: 
Command duration or timeout: 7 milliseconds
Build info: version: &apos;2.51.0&apos;, revision: &apos;1af067d&apos;, time: &apos;2016-02-05 19:11:55&apos;
System info: host: &apos;Hitesh-Mac-Mini.local&apos;, ip: &apos;10.30.30.97&apos;, os.name: &apos;Mac OS X&apos;, os.arch: &apos;x86_64&apos;, os.version: &apos;10.11.6&apos;, java.version: &apos;1.8.0_74&apos;
Driver info: io.appium.java_client.ios.IOSDriver
Capabilities [{app=/Users/hiteshbhardwaj/Downloads/greek.ipa, networkConnectionEnabled=false, warnings={}, appiumVersion=1.4.13, databaseEnabled=false, deviceName=Rahul&apos;s iPad (9.3.5), platform=UNIX, desired={app=/Users/hiteshbhardwaj/Downloads/greek.ipa, appiumVersion=1.4.13, platformVersion=9.3, automationName=Appium, udid=84974ee52e47314f4e50b296df4610e953edc63f, platformName=iOS, deviceName=Rahul&apos;s iPad (9.3.5), platform=IOS}, platformVersion=9.3, webStorageEnabled=false, locationContextEnabled=false, automationName=Appium, browserName=iOS, takesScreenshot=true, javascriptEnabled=true, udid=84974ee52e47314f4e50b296df4610e953edc63f, platformName=iOS}]
Session ID: 16b2d40a-0b6e-4dd0-93fd-7d7fb77cabc9
*** Element info: {Using=xpath, value=//UIAButton[@name=&apos;No, thanks&apos;]}
	at sun.reflect.NativeConstructorAccessorImpl.newInstance0(Native Method)
	at sun.reflect.NativeConstructorAccessorImpl.newInstance(NativeConstructorAccessorImpl.java:62)
	at sun.reflect.DelegatingConstructorAccessorImpl.newInstance(DelegatingConstructorAccessorImpl.java:45)
	at java.lang.reflect.Constructor.newInstance(Constructor.java:423)
	at org.openqa.selenium.remote.ErrorHandler.createThrowable(ErrorHandler.java:206)
	at org.openqa.selenium.remote.ErrorHandler.throwIfResponseFailed(ErrorHandler.java:164)
	at org.openqa.selenium.remote.RemoteWebDriver.execute(RemoteWebDriver.java:678)
	at io.appium.java_client.DefaultGenericMobileDriver.execute(DefaultGenericMobileDriver.java:43)
	at io.appium.java_client.AppiumDriver.execute(AppiumDriver.java:1)
	at io.appium.java_client.ios.IOSDriver.execute(IOSDriver.java:1)
	at org.openqa.selenium.remote.RemoteWebDriver.findElement(RemoteWebDriver.java:363)
	at org.openqa.selenium.remote.RemoteWebDriver.findElementByXPath(RemoteWebDriver.java:500)
	at io.appium.java_client.DefaultGenericMobileDriver.findElementByXPath(DefaultGenericMobileDriver.java:129)
	at io.appium.java_client.AppiumDriver.findElementByXPath(AppiumDriver.java:1)
	at io.appium.java_client.ios.IOSDriver.findElementByXPath(IOSDriver.java:1)
	at org.openqa.selenium.By$ByXPath.findElement(By.java:361)
	at org.openqa.selenium.remote.RemoteWebDriver.findElement(RemoteWebDriver.java:355)
	at io.appium.java_client.DefaultGenericMobileDriver.findElement(DefaultGenericMobileDriver.java:51)
	at io.appium.java_client.AppiumDriver.findElement(AppiumDriver.java:1)
	at io.appium.java_client.ios.IOSDriver.findElement(IOSDriver.java:1)
	at com.eduven.utils.Reusables.getElement(Reusables.java:720)
	at com.eduven.utils.Reusables.isElementPresent(Reusables.java:119)
	at com.eduven.modules.SplashScreen.hideAppRatePopup(SplashScreen.java:42)
	at com.eduven.testcase.TermListPageTestCases.handling_rate_app_popup_test(TermListPageTestCases.java:34)
	at sun.reflect.NativeMethodAccessorImpl.invoke0(Native Method)
	at sun.reflect.NativeMethodAccessorImpl.invoke(NativeMethodAccessorImpl.java:62)
	at sun.reflect.DelegatingMethodAccessorImpl.invoke(DelegatingMethodAccessorImpl.java:43)
	at java.lang.reflect.Method.invoke(Method.java:498)
	at org.testng.internal.MethodInvocationHelper.invokeMethod(MethodInvocationHelper.java:85)
	at org.testng.internal.Invoker.invokeMethod(Invoker.java:639)
	at org.testng.internal.Invoker.invokeTestMethod(Invoker.java:816)
	at org.testng.internal.Invoker.invokeTestMethods(Invoker.java:1124)
	at org.testng.internal.TestMethodWorker.invokeTestMethods(TestMethodWorker.java:125)
	at org.testng.internal.TestMethodWorker.run(TestMethodWorker.java:108)
	at org.testng.TestRunner.privateRun(TestRunner.java:774)
	at org.testng.TestRunner.run(TestRunner.java:624)
	at org.testng.SuiteRunner.runTest(SuiteRunner.java:359)
	at org.testng.SuiteRunner.runSequentially(SuiteRunner.java:354)
	at org.testng.SuiteRunner.privateRun(SuiteRunner.java:312)
	at org.testng.SuiteRunner.run(SuiteRunner.java:261)
	at org.testng.SuiteRunnerWorker.runSuite(SuiteRunnerWorker.java:52)
	at org.testng.SuiteRunnerWorker.run(SuiteRunnerWorker.java:86)
	at org.testng.TestNG.runSuitesSequentially(TestNG.java:1215)
	at org.testng.TestNG.runSuitesLocally(TestNG.java:1140)
	at org.testng.TestNG.run(TestNG.java:1048)
	at com.eduven.utils.RunTestng.main(RunTestng.java:58)
</pre></div></td>
<td>2</td>
<td>com.eduven.testcase.TermListPageTestCases@bcec361</td></tr>
<tr>
<td title='com.eduven.testcase.QuickListPageTestCases.handling_rate_app_popup_test()'><b>handling_rate_app_popup_test</b><br>Test class: com.eduven.testcase.QuickListPageTestCases</td>
<td><div><pre>org.openqa.selenium.remote.SessionNotFoundException: 
Command duration or timeout: 6 milliseconds
Build info: version: &apos;2.51.0&apos;, revision: &apos;1af067d&apos;, time: &apos;2016-02-05 19:11:55&apos;
System info: host: &apos;Hitesh-Mac-Mini.local&apos;, ip: &apos;10.30.30.97&apos;, os.name: &apos;Mac OS X&apos;, os.arch: &apos;x86_64&apos;, os.version: &apos;10.11.6&apos;, java.version: &apos;1.8.0_74&apos;
Driver info: io.appium.java_client.ios.IOSDriver
Capabilities [{app=/Users/hiteshbhardwaj/Downloads/greek.ipa, networkConnectionEnabled=false, warnings={}, appiumVersion=1.4.13, databaseEnabled=false, deviceName=Rahul&apos;s iPad (9.3.5), platform=UNIX, desired={app=/Users/hiteshbhardwaj/Downloads/greek.ipa, appiumVersion=1.4.13, platformVersion=9.3, automationName=Appium, udid=84974ee52e47314f4e50b296df4610e953edc63f, platformName=iOS, deviceName=Rahul&apos;s iPad (9.3.5), platform=IOS}, platformVersion=9.3, webStorageEnabled=false, locationContextEnabled=false, automationName=Appium, browserName=iOS, takesScreenshot=true, javascriptEnabled=true, udid=84974ee52e47314f4e50b296df4610e953edc63f, platformName=iOS}]
Session ID: 16b2d40a-0b6e-4dd0-93fd-7d7fb77cabc9
*** Element info: {Using=xpath, value=//UIAButton[@name=&apos;No, thanks&apos;]}
	at sun.reflect.NativeConstructorAccessorImpl.newInstance0(Native Method)
	at sun.reflect.NativeConstructorAccessorImpl.newInstance(NativeConstructorAccessorImpl.java:62)
	at sun.reflect.DelegatingConstructorAccessorImpl.newInstance(DelegatingConstructorAccessorImpl.java:45)
	at java.lang.reflect.Constructor.newInstance(Constructor.java:423)
	at org.openqa.selenium.remote.ErrorHandler.createThrowable(ErrorHandler.java:206)
	at org.openqa.selenium.remote.ErrorHandler.throwIfResponseFailed(ErrorHandler.java:164)
	at org.openqa.selenium.remote.RemoteWebDriver.execute(RemoteWebDriver.java:678)
	at io.appium.java_client.DefaultGenericMobileDriver.execute(DefaultGenericMobileDriver.java:43)
	at io.appium.java_client.AppiumDriver.execute(AppiumDriver.java:1)
	at io.appium.java_client.ios.IOSDriver.execute(IOSDriver.java:1)
	at org.openqa.selenium.remote.RemoteWebDriver.findElement(RemoteWebDriver.java:363)
	at org.openqa.selenium.remote.RemoteWebDriver.findElementByXPath(RemoteWebDriver.java:500)
	at io.appium.java_client.DefaultGenericMobileDriver.findElementByXPath(DefaultGenericMobileDriver.java:129)
	at io.appium.java_client.AppiumDriver.findElementByXPath(AppiumDriver.java:1)
	at io.appium.java_client.ios.IOSDriver.findElementByXPath(IOSDriver.java:1)
	at org.openqa.selenium.By$ByXPath.findElement(By.java:361)
	at org.openqa.selenium.remote.RemoteWebDriver.findElement(RemoteWebDriver.java:355)
	at io.appium.java_client.DefaultGenericMobileDriver.findElement(DefaultGenericMobileDriver.java:51)
	at io.appium.java_client.AppiumDriver.findElement(AppiumDriver.java:1)
	at io.appium.java_client.ios.IOSDriver.findElement(IOSDriver.java:1)
	at com.eduven.utils.Reusables.getElement(Reusables.java:720)
	at com.eduven.utils.Reusables.isElementPresent(Reusables.java:119)
	at com.eduven.modules.SplashScreen.hideAppRatePopup(SplashScreen.java:42)
	at com.eduven.testcase.QuickListPageTestCases.handling_rate_app_popup_test(QuickListPageTestCases.java:26)
	at sun.reflect.NativeMethodAccessorImpl.invoke0(Native Method)
	at sun.reflect.NativeMethodAccessorImpl.invoke(NativeMethodAccessorImpl.java:62)
	at sun.reflect.DelegatingMethodAccessorImpl.invoke(DelegatingMethodAccessorImpl.java:43)
	at java.lang.reflect.Method.invoke(Method.java:498)
	at org.testng.internal.MethodInvocationHelper.invokeMethod(MethodInvocationHelper.java:85)
	at org.testng.internal.Invoker.invokeMethod(Invoker.java:639)
	at org.testng.internal.Invoker.invokeTestMethod(Invoker.java:816)
	at org.testng.internal.Invoker.invokeTestMethods(Invoker.java:1124)
	at org.testng.internal.TestMethodWorker.invokeTestMethods(TestMethodWorker.java:125)
	at org.testng.internal.TestMethodWorker.run(TestMethodWorker.java:108)
	at org.testng.TestRunner.privateRun(TestRunner.java:774)
	at org.testng.TestRunner.run(TestRunner.java:624)
	at org.testng.SuiteRunner.runTest(SuiteRunner.java:359)
	at org.testng.SuiteRunner.runSequentially(SuiteRunner.java:354)
	at org.testng.SuiteRunner.privateRun(SuiteRunner.java:312)
	at org.testng.SuiteRunner.run(SuiteRunner.java:261)
	at org.testng.SuiteRunnerWorker.runSuite(SuiteRunnerWorker.java:52)
	at org.testng.SuiteRunnerWorker.run(SuiteRunnerWorker.java:86)
	at org.testng.TestNG.runSuitesSequentially(TestNG.java:1215)
	at org.testng.TestNG.runSuitesLocally(TestNG.java:1140)
	at org.testng.TestNG.run(TestNG.java:1048)
	at com.eduven.utils.RunTestng.main(RunTestng.java:58)
</pre></div><a href='#' onClick='toggleBox("stack-trace79290250", this, "Click to show all stack frames", "Click to hide stack frames")'>Click to show all stack frames</a>
<div class='stack-trace' id='stack-trace79290250'><pre>org.openqa.selenium.remote.SessionNotFoundException: 
Command duration or timeout: 6 milliseconds
Build info: version: &apos;2.51.0&apos;, revision: &apos;1af067d&apos;, time: &apos;2016-02-05 19:11:55&apos;
System info: host: &apos;Hitesh-Mac-Mini.local&apos;, ip: &apos;10.30.30.97&apos;, os.name: &apos;Mac OS X&apos;, os.arch: &apos;x86_64&apos;, os.version: &apos;10.11.6&apos;, java.version: &apos;1.8.0_74&apos;
Driver info: io.appium.java_client.ios.IOSDriver
Capabilities [{app=/Users/hiteshbhardwaj/Downloads/greek.ipa, networkConnectionEnabled=false, warnings={}, appiumVersion=1.4.13, databaseEnabled=false, deviceName=Rahul&apos;s iPad (9.3.5), platform=UNIX, desired={app=/Users/hiteshbhardwaj/Downloads/greek.ipa, appiumVersion=1.4.13, platformVersion=9.3, automationName=Appium, udid=84974ee52e47314f4e50b296df4610e953edc63f, platformName=iOS, deviceName=Rahul&apos;s iPad (9.3.5), platform=IOS}, platformVersion=9.3, webStorageEnabled=false, locationContextEnabled=false, automationName=Appium, browserName=iOS, takesScreenshot=true, javascriptEnabled=true, udid=84974ee52e47314f4e50b296df4610e953edc63f, platformName=iOS}]
Session ID: 16b2d40a-0b6e-4dd0-93fd-7d7fb77cabc9
*** Element info: {Using=xpath, value=//UIAButton[@name=&apos;No, thanks&apos;]}
	at sun.reflect.NativeConstructorAccessorImpl.newInstance0(Native Method)
	at sun.reflect.NativeConstructorAccessorImpl.newInstance(NativeConstructorAccessorImpl.java:62)
	at sun.reflect.DelegatingConstructorAccessorImpl.newInstance(DelegatingConstructorAccessorImpl.java:45)
	at java.lang.reflect.Constructor.newInstance(Constructor.java:423)
	at org.openqa.selenium.remote.ErrorHandler.createThrowable(ErrorHandler.java:206)
	at org.openqa.selenium.remote.ErrorHandler.throwIfResponseFailed(ErrorHandler.java:164)
	at org.openqa.selenium.remote.RemoteWebDriver.execute(RemoteWebDriver.java:678)
	at io.appium.java_client.DefaultGenericMobileDriver.execute(DefaultGenericMobileDriver.java:43)
	at io.appium.java_client.AppiumDriver.execute(AppiumDriver.java:1)
	at io.appium.java_client.ios.IOSDriver.execute(IOSDriver.java:1)
	at org.openqa.selenium.remote.RemoteWebDriver.findElement(RemoteWebDriver.java:363)
	at org.openqa.selenium.remote.RemoteWebDriver.findElementByXPath(RemoteWebDriver.java:500)
	at io.appium.java_client.DefaultGenericMobileDriver.findElementByXPath(DefaultGenericMobileDriver.java:129)
	at io.appium.java_client.AppiumDriver.findElementByXPath(AppiumDriver.java:1)
	at io.appium.java_client.ios.IOSDriver.findElementByXPath(IOSDriver.java:1)
	at org.openqa.selenium.By$ByXPath.findElement(By.java:361)
	at org.openqa.selenium.remote.RemoteWebDriver.findElement(RemoteWebDriver.java:355)
	at io.appium.java_client.DefaultGenericMobileDriver.findElement(DefaultGenericMobileDriver.java:51)
	at io.appium.java_client.AppiumDriver.findElement(AppiumDriver.java:1)
	at io.appium.java_client.ios.IOSDriver.findElement(IOSDriver.java:1)
	at com.eduven.utils.Reusables.getElement(Reusables.java:720)
	at com.eduven.utils.Reusables.isElementPresent(Reusables.java:119)
	at com.eduven.modules.SplashScreen.hideAppRatePopup(SplashScreen.java:42)
	at com.eduven.testcase.QuickListPageTestCases.handling_rate_app_popup_test(QuickListPageTestCases.java:26)
	at sun.reflect.NativeMethodAccessorImpl.invoke0(Native Method)
	at sun.reflect.NativeMethodAccessorImpl.invoke(NativeMethodAccessorImpl.java:62)
	at sun.reflect.DelegatingMethodAccessorImpl.invoke(DelegatingMethodAccessorImpl.java:43)
	at java.lang.reflect.Method.invoke(Method.java:498)
	at org.testng.internal.MethodInvocationHelper.invokeMethod(MethodInvocationHelper.java:85)
	at org.testng.internal.Invoker.invokeMethod(Invoker.java:639)
	at org.testng.internal.Invoker.invokeTestMethod(Invoker.java:816)
	at org.testng.internal.Invoker.invokeTestMethods(Invoker.java:1124)
	at org.testng.internal.TestMethodWorker.invokeTestMethods(TestMethodWorker.java:125)
	at org.testng.internal.TestMethodWorker.run(TestMethodWorker.java:108)
	at org.testng.TestRunner.privateRun(TestRunner.java:774)
	at org.testng.TestRunner.run(TestRunner.java:624)
	at org.testng.SuiteRunner.runTest(SuiteRunner.java:359)
	at org.testng.SuiteRunner.runSequentially(SuiteRunner.java:354)
	at org.testng.SuiteRunner.privateRun(SuiteRunner.java:312)
	at org.testng.SuiteRunner.run(SuiteRunner.java:261)
	at org.testng.SuiteRunnerWorker.runSuite(SuiteRunnerWorker.java:52)
	at org.testng.SuiteRunnerWorker.run(SuiteRunnerWorker.java:86)
	at org.testng.TestNG.runSuitesSequentially(TestNG.java:1215)
	at org.testng.TestNG.runSuitesLocally(TestNG.java:1140)
	at org.testng.TestNG.run(TestNG.java:1048)
	at com.eduven.utils.RunTestng.main(RunTestng.java:58)
</pre></div></td>
<td>2</td>
<td>com.eduven.testcase.QuickListPageTestCases@26794848</td></tr>
<tr>
<td title='com.eduven.testcase.PurchaseTestCases.handling_rate_app_popup_test()'><b>handling_rate_app_popup_test</b><br>Test class: com.eduven.testcase.PurchaseTestCases</td>
<td><div><pre>org.openqa.selenium.remote.SessionNotFoundException: 
Command duration or timeout: 7 milliseconds
Build info: version: &apos;2.51.0&apos;, revision: &apos;1af067d&apos;, time: &apos;2016-02-05 19:11:55&apos;
System info: host: &apos;Hitesh-Mac-Mini.local&apos;, ip: &apos;10.30.30.97&apos;, os.name: &apos;Mac OS X&apos;, os.arch: &apos;x86_64&apos;, os.version: &apos;10.11.6&apos;, java.version: &apos;1.8.0_74&apos;
Driver info: io.appium.java_client.ios.IOSDriver
Capabilities [{app=/Users/hiteshbhardwaj/Downloads/greek.ipa, networkConnectionEnabled=false, warnings={}, appiumVersion=1.4.13, databaseEnabled=false, deviceName=Rahul&apos;s iPad (9.3.5), platform=UNIX, desired={app=/Users/hiteshbhardwaj/Downloads/greek.ipa, appiumVersion=1.4.13, platformVersion=9.3, automationName=Appium, udid=84974ee52e47314f4e50b296df4610e953edc63f, platformName=iOS, deviceName=Rahul&apos;s iPad (9.3.5), platform=IOS}, platformVersion=9.3, webStorageEnabled=false, locationContextEnabled=false, automationName=Appium, browserName=iOS, takesScreenshot=true, javascriptEnabled=true, udid=84974ee52e47314f4e50b296df4610e953edc63f, platformName=iOS}]
Session ID: 16b2d40a-0b6e-4dd0-93fd-7d7fb77cabc9
*** Element info: {Using=xpath, value=//UIAButton[@name=&apos;No, thanks&apos;]}
	at sun.reflect.NativeConstructorAccessorImpl.newInstance0(Native Method)
	at sun.reflect.NativeConstructorAccessorImpl.newInstance(NativeConstructorAccessorImpl.java:62)
	at sun.reflect.DelegatingConstructorAccessorImpl.newInstance(DelegatingConstructorAccessorImpl.java:45)
	at java.lang.reflect.Constructor.newInstance(Constructor.java:423)
	at org.openqa.selenium.remote.ErrorHandler.createThrowable(ErrorHandler.java:206)
	at org.openqa.selenium.remote.ErrorHandler.throwIfResponseFailed(ErrorHandler.java:164)
	at org.openqa.selenium.remote.RemoteWebDriver.execute(RemoteWebDriver.java:678)
	at io.appium.java_client.DefaultGenericMobileDriver.execute(DefaultGenericMobileDriver.java:43)
	at io.appium.java_client.AppiumDriver.execute(AppiumDriver.java:1)
	at io.appium.java_client.ios.IOSDriver.execute(IOSDriver.java:1)
	at org.openqa.selenium.remote.RemoteWebDriver.findElement(RemoteWebDriver.java:363)
	at org.openqa.selenium.remote.RemoteWebDriver.findElementByXPath(RemoteWebDriver.java:500)
	at io.appium.java_client.DefaultGenericMobileDriver.findElementByXPath(DefaultGenericMobileDriver.java:129)
	at io.appium.java_client.AppiumDriver.findElementByXPath(AppiumDriver.java:1)
	at io.appium.java_client.ios.IOSDriver.findElementByXPath(IOSDriver.java:1)
	at org.openqa.selenium.By$ByXPath.findElement(By.java:361)
	at org.openqa.selenium.remote.RemoteWebDriver.findElement(RemoteWebDriver.java:355)
	at io.appium.java_client.DefaultGenericMobileDriver.findElement(DefaultGenericMobileDriver.java:51)
	at io.appium.java_client.AppiumDriver.findElement(AppiumDriver.java:1)
	at io.appium.java_client.ios.IOSDriver.findElement(IOSDriver.java:1)
	at com.eduven.utils.Reusables.getElement(Reusables.java:720)
	at com.eduven.utils.Reusables.isElementPresent(Reusables.java:119)
	at com.eduven.modules.SplashScreen.hideAppRatePopup(SplashScreen.java:42)
	at com.eduven.testcase.PurchaseTestCases.handling_rate_app_popup_test(PurchaseTestCases.java:29)
	at sun.reflect.NativeMethodAccessorImpl.invoke0(Native Method)
	at sun.reflect.NativeMethodAccessorImpl.invoke(NativeMethodAccessorImpl.java:62)
	at sun.reflect.DelegatingMethodAccessorImpl.invoke(DelegatingMethodAccessorImpl.java:43)
	at java.lang.reflect.Method.invoke(Method.java:498)
	at org.testng.internal.MethodInvocationHelper.invokeMethod(MethodInvocationHelper.java:85)
	at org.testng.internal.Invoker.invokeMethod(Invoker.java:639)
	at org.testng.internal.Invoker.invokeTestMethod(Invoker.java:816)
	at org.testng.internal.Invoker.invokeTestMethods(Invoker.java:1124)
	at org.testng.internal.TestMethodWorker.invokeTestMethods(TestMethodWorker.java:125)
	at org.testng.internal.TestMethodWorker.run(TestMethodWorker.java:108)
	at org.testng.TestRunner.privateRun(TestRunner.java:774)
	at org.testng.TestRunner.run(TestRunner.java:624)
	at org.testng.SuiteRunner.runTest(SuiteRunner.java:359)
	at org.testng.SuiteRunner.runSequentially(SuiteRunner.java:354)
	at org.testng.SuiteRunner.privateRun(SuiteRunner.java:312)
	at org.testng.SuiteRunner.run(SuiteRunner.java:261)
	at org.testng.SuiteRunnerWorker.runSuite(SuiteRunnerWorker.java:52)
	at org.testng.SuiteRunnerWorker.run(SuiteRunnerWorker.java:86)
	at org.testng.TestNG.runSuitesSequentially(TestNG.java:1215)
	at org.testng.TestNG.runSuitesLocally(TestNG.java:1140)
	at org.testng.TestNG.run(TestNG.java:1048)
	at com.eduven.utils.RunTestng.main(RunTestng.java:58)
</pre></div><a href='#' onClick='toggleBox("stack-trace2069500590", this, "Click to show all stack frames", "Click to hide stack frames")'>Click to show all stack frames</a>
<div class='stack-trace' id='stack-trace2069500590'><pre>org.openqa.selenium.remote.SessionNotFoundException: 
Command duration or timeout: 7 milliseconds
Build info: version: &apos;2.51.0&apos;, revision: &apos;1af067d&apos;, time: &apos;2016-02-05 19:11:55&apos;
System info: host: &apos;Hitesh-Mac-Mini.local&apos;, ip: &apos;10.30.30.97&apos;, os.name: &apos;Mac OS X&apos;, os.arch: &apos;x86_64&apos;, os.version: &apos;10.11.6&apos;, java.version: &apos;1.8.0_74&apos;
Driver info: io.appium.java_client.ios.IOSDriver
Capabilities [{app=/Users/hiteshbhardwaj/Downloads/greek.ipa, networkConnectionEnabled=false, warnings={}, appiumVersion=1.4.13, databaseEnabled=false, deviceName=Rahul&apos;s iPad (9.3.5), platform=UNIX, desired={app=/Users/hiteshbhardwaj/Downloads/greek.ipa, appiumVersion=1.4.13, platformVersion=9.3, automationName=Appium, udid=84974ee52e47314f4e50b296df4610e953edc63f, platformName=iOS, deviceName=Rahul&apos;s iPad (9.3.5), platform=IOS}, platformVersion=9.3, webStorageEnabled=false, locationContextEnabled=false, automationName=Appium, browserName=iOS, takesScreenshot=true, javascriptEnabled=true, udid=84974ee52e47314f4e50b296df4610e953edc63f, platformName=iOS}]
Session ID: 16b2d40a-0b6e-4dd0-93fd-7d7fb77cabc9
*** Element info: {Using=xpath, value=//UIAButton[@name=&apos;No, thanks&apos;]}
	at sun.reflect.NativeConstructorAccessorImpl.newInstance0(Native Method)
	at sun.reflect.NativeConstructorAccessorImpl.newInstance(NativeConstructorAccessorImpl.java:62)
	at sun.reflect.DelegatingConstructorAccessorImpl.newInstance(DelegatingConstructorAccessorImpl.java:45)
	at java.lang.reflect.Constructor.newInstance(Constructor.java:423)
	at org.openqa.selenium.remote.ErrorHandler.createThrowable(ErrorHandler.java:206)
	at org.openqa.selenium.remote.ErrorHandler.throwIfResponseFailed(ErrorHandler.java:164)
	at org.openqa.selenium.remote.RemoteWebDriver.execute(RemoteWebDriver.java:678)
	at io.appium.java_client.DefaultGenericMobileDriver.execute(DefaultGenericMobileDriver.java:43)
	at io.appium.java_client.AppiumDriver.execute(AppiumDriver.java:1)
	at io.appium.java_client.ios.IOSDriver.execute(IOSDriver.java:1)
	at org.openqa.selenium.remote.RemoteWebDriver.findElement(RemoteWebDriver.java:363)
	at org.openqa.selenium.remote.RemoteWebDriver.findElementByXPath(RemoteWebDriver.java:500)
	at io.appium.java_client.DefaultGenericMobileDriver.findElementByXPath(DefaultGenericMobileDriver.java:129)
	at io.appium.java_client.AppiumDriver.findElementByXPath(AppiumDriver.java:1)
	at io.appium.java_client.ios.IOSDriver.findElementByXPath(IOSDriver.java:1)
	at org.openqa.selenium.By$ByXPath.findElement(By.java:361)
	at org.openqa.selenium.remote.RemoteWebDriver.findElement(RemoteWebDriver.java:355)
	at io.appium.java_client.DefaultGenericMobileDriver.findElement(DefaultGenericMobileDriver.java:51)
	at io.appium.java_client.AppiumDriver.findElement(AppiumDriver.java:1)
	at io.appium.java_client.ios.IOSDriver.findElement(IOSDriver.java:1)
	at com.eduven.utils.Reusables.getElement(Reusables.java:720)
	at com.eduven.utils.Reusables.isElementPresent(Reusables.java:119)
	at com.eduven.modules.SplashScreen.hideAppRatePopup(SplashScreen.java:42)
	at com.eduven.testcase.PurchaseTestCases.handling_rate_app_popup_test(PurchaseTestCases.java:29)
	at sun.reflect.NativeMethodAccessorImpl.invoke0(Native Method)
	at sun.reflect.NativeMethodAccessorImpl.invoke(NativeMethodAccessorImpl.java:62)
	at sun.reflect.DelegatingMethodAccessorImpl.invoke(DelegatingMethodAccessorImpl.java:43)
	at java.lang.reflect.Method.invoke(Method.java:498)
	at org.testng.internal.MethodInvocationHelper.invokeMethod(MethodInvocationHelper.java:85)
	at org.testng.internal.Invoker.invokeMethod(Invoker.java:639)
	at org.testng.internal.Invoker.invokeTestMethod(Invoker.java:816)
	at org.testng.internal.Invoker.invokeTestMethods(Invoker.java:1124)
	at org.testng.internal.TestMethodWorker.invokeTestMethods(TestMethodWorker.java:125)
	at org.testng.internal.TestMethodWorker.run(TestMethodWorker.java:108)
	at org.testng.TestRunner.privateRun(TestRunner.java:774)
	at org.testng.TestRunner.run(TestRunner.java:624)
	at org.testng.SuiteRunner.runTest(SuiteRunner.java:359)
	at org.testng.SuiteRunner.runSequentially(SuiteRunner.java:354)
	at org.testng.SuiteRunner.privateRun(SuiteRunner.java:312)
	at org.testng.SuiteRunner.run(SuiteRunner.java:261)
	at org.testng.SuiteRunnerWorker.runSuite(SuiteRunnerWorker.java:52)
	at org.testng.SuiteRunnerWorker.run(SuiteRunnerWorker.java:86)
	at org.testng.TestNG.runSuitesSequentially(TestNG.java:1215)
	at org.testng.TestNG.runSuitesLocally(TestNG.java:1140)
	at org.testng.TestNG.run(TestNG.java:1048)
	at com.eduven.utils.RunTestng.main(RunTestng.java:58)
</pre></div></td>
<td>2</td>
<td>com.eduven.testcase.PurchaseTestCases@3d285d7e</td></tr>
<tr>
<td title='com.eduven.testcase.PurchaseTestCases.install_app_and_language_selection_test()'><b>install_app_and_language_selection_test</b><br>Test class: com.eduven.testcase.PurchaseTestCases</td>
<td><div><pre>org.openqa.selenium.remote.SessionNotFoundException: 
Command duration or timeout: 7 milliseconds
Build info: version: &apos;2.51.0&apos;, revision: &apos;1af067d&apos;, time: &apos;2016-02-05 19:11:55&apos;
System info: host: &apos;Hitesh-Mac-Mini.local&apos;, ip: &apos;10.30.30.97&apos;, os.name: &apos;Mac OS X&apos;, os.arch: &apos;x86_64&apos;, os.version: &apos;10.11.6&apos;, java.version: &apos;1.8.0_74&apos;
Driver info: io.appium.java_client.ios.IOSDriver
Capabilities [{app=/Users/hiteshbhardwaj/Downloads/greek.ipa, networkConnectionEnabled=false, warnings={}, appiumVersion=1.4.13, databaseEnabled=false, deviceName=Rahul&apos;s iPad (9.3.5), platform=UNIX, desired={app=/Users/hiteshbhardwaj/Downloads/greek.ipa, appiumVersion=1.4.13, platformVersion=9.3, automationName=Appium, udid=84974ee52e47314f4e50b296df4610e953edc63f, platformName=iOS, deviceName=Rahul&apos;s iPad (9.3.5), platform=IOS}, platformVersion=9.3, webStorageEnabled=false, locationContextEnabled=false, automationName=Appium, browserName=iOS, takesScreenshot=true, javascriptEnabled=true, udid=84974ee52e47314f4e50b296df4610e953edc63f, platformName=iOS}]
Session ID: 16b2d40a-0b6e-4dd0-93fd-7d7fb77cabc9
*** Element info: {Using=id, value=Select Base Language}
	at sun.reflect.NativeConstructorAccessorImpl.newInstance0(Native Method)
	at sun.reflect.NativeConstructorAccessorImpl.newInstance(NativeConstructorAccessorImpl.java:62)
	at sun.reflect.DelegatingConstructorAccessorImpl.newInstance(DelegatingConstructorAccessorImpl.java:45)
	at java.lang.reflect.Constructor.newInstance(Constructor.java:423)
	at org.openqa.selenium.remote.ErrorHandler.createThrowable(ErrorHandler.java:206)
	at org.openqa.selenium.remote.ErrorHandler.throwIfResponseFailed(ErrorHandler.java:164)
	at org.openqa.selenium.remote.RemoteWebDriver.execute(RemoteWebDriver.java:678)
	at io.appium.java_client.DefaultGenericMobileDriver.execute(DefaultGenericMobileDriver.java:43)
	at io.appium.java_client.AppiumDriver.execute(AppiumDriver.java:1)
	at io.appium.java_client.ios.IOSDriver.execute(IOSDriver.java:1)
	at org.openqa.selenium.remote.RemoteWebDriver.findElement(RemoteWebDriver.java:363)
	at org.openqa.selenium.remote.RemoteWebDriver.findElementById(RemoteWebDriver.java:413)
	at io.appium.java_client.DefaultGenericMobileDriver.findElementById(DefaultGenericMobileDriver.java:59)
	at io.appium.java_client.AppiumDriver.findElementById(AppiumDriver.java:1)
	at io.appium.java_client.ios.IOSDriver.findElementById(IOSDriver.java:1)
	at org.openqa.selenium.By$ById.findElement(By.java:218)
	at org.openqa.selenium.remote.RemoteWebDriver.findElement(RemoteWebDriver.java:355)
	at io.appium.java_client.DefaultGenericMobileDriver.findElement(DefaultGenericMobileDriver.java:51)
	at io.appium.java_client.AppiumDriver.findElement(AppiumDriver.java:1)
	at io.appium.java_client.ios.IOSDriver.findElement(IOSDriver.java:1)
	at com.eduven.utils.Reusables.getElement(Reusables.java:720)
	at com.eduven.utils.Reusables.isElementPresent(Reusables.java:119)
	at com.eduven.modules.LanguageCategoryPage.langugeSelection(LanguageCategoryPage.java:72)
	at com.eduven.testcase.PurchaseTestCases.install_app_and_language_selection_test(PurchaseTestCases.java:34)
	at sun.reflect.NativeMethodAccessorImpl.invoke0(Native Method)
	at sun.reflect.NativeMethodAccessorImpl.invoke(NativeMethodAccessorImpl.java:62)
	at sun.reflect.DelegatingMethodAccessorImpl.invoke(DelegatingMethodAccessorImpl.java:43)
	at java.lang.reflect.Method.invoke(Method.java:498)
	at org.testng.internal.MethodInvocationHelper.invokeMethod(MethodInvocationHelper.java:85)
	at org.testng.internal.Invoker.invokeMethod(Invoker.java:639)
	at org.testng.internal.Invoker.invokeTestMethod(Invoker.java:816)
	at org.testng.internal.Invoker.invokeTestMethods(Invoker.java:1124)
	at org.testng.internal.TestMethodWorker.invokeTestMethods(TestMethodWorker.java:125)
	at org.testng.internal.TestMethodWorker.run(TestMethodWorker.java:108)
	at org.testng.TestRunner.privateRun(TestRunner.java:774)
	at org.testng.TestRunner.run(TestRunner.java:624)
	at org.testng.SuiteRunner.runTest(SuiteRunner.java:359)
	at org.testng.SuiteRunner.runSequentially(SuiteRunner.java:354)
	at org.testng.SuiteRunner.privateRun(SuiteRunner.java:312)
	at org.testng.SuiteRunner.run(SuiteRunner.java:261)
	at org.testng.SuiteRunnerWorker.runSuite(SuiteRunnerWorker.java:52)
	at org.testng.SuiteRunnerWorker.run(SuiteRunnerWorker.java:86)
	at org.testng.TestNG.runSuitesSequentially(TestNG.java:1215)
	at org.testng.TestNG.runSuitesLocally(TestNG.java:1140)
	at org.testng.TestNG.run(TestNG.java:1048)
	at com.eduven.utils.RunTestng.main(RunTestng.java:58)
</pre></div><a href='#' onClick='toggleBox("stack-trace1431556341", this, "Click to show all stack frames", "Click to hide stack frames")'>Click to show all stack frames</a>
<div class='stack-trace' id='stack-trace1431556341'><pre>org.openqa.selenium.remote.SessionNotFoundException: 
Command duration or timeout: 7 milliseconds
Build info: version: &apos;2.51.0&apos;, revision: &apos;1af067d&apos;, time: &apos;2016-02-05 19:11:55&apos;
System info: host: &apos;Hitesh-Mac-Mini.local&apos;, ip: &apos;10.30.30.97&apos;, os.name: &apos;Mac OS X&apos;, os.arch: &apos;x86_64&apos;, os.version: &apos;10.11.6&apos;, java.version: &apos;1.8.0_74&apos;
Driver info: io.appium.java_client.ios.IOSDriver
Capabilities [{app=/Users/hiteshbhardwaj/Downloads/greek.ipa, networkConnectionEnabled=false, warnings={}, appiumVersion=1.4.13, databaseEnabled=false, deviceName=Rahul&apos;s iPad (9.3.5), platform=UNIX, desired={app=/Users/hiteshbhardwaj/Downloads/greek.ipa, appiumVersion=1.4.13, platformVersion=9.3, automationName=Appium, udid=84974ee52e47314f4e50b296df4610e953edc63f, platformName=iOS, deviceName=Rahul&apos;s iPad (9.3.5), platform=IOS}, platformVersion=9.3, webStorageEnabled=false, locationContextEnabled=false, automationName=Appium, browserName=iOS, takesScreenshot=true, javascriptEnabled=true, udid=84974ee52e47314f4e50b296df4610e953edc63f, platformName=iOS}]
Session ID: 16b2d40a-0b6e-4dd0-93fd-7d7fb77cabc9
*** Element info: {Using=id, value=Select Base Language}
	at sun.reflect.NativeConstructorAccessorImpl.newInstance0(Native Method)
	at sun.reflect.NativeConstructorAccessorImpl.newInstance(NativeConstructorAccessorImpl.java:62)
	at sun.reflect.DelegatingConstructorAccessorImpl.newInstance(DelegatingConstructorAccessorImpl.java:45)
	at java.lang.reflect.Constructor.newInstance(Constructor.java:423)
	at org.openqa.selenium.remote.ErrorHandler.createThrowable(ErrorHandler.java:206)
	at org.openqa.selenium.remote.ErrorHandler.throwIfResponseFailed(ErrorHandler.java:164)
	at org.openqa.selenium.remote.RemoteWebDriver.execute(RemoteWebDriver.java:678)
	at io.appium.java_client.DefaultGenericMobileDriver.execute(DefaultGenericMobileDriver.java:43)
	at io.appium.java_client.AppiumDriver.execute(AppiumDriver.java:1)
	at io.appium.java_client.ios.IOSDriver.execute(IOSDriver.java:1)
	at org.openqa.selenium.remote.RemoteWebDriver.findElement(RemoteWebDriver.java:363)
	at org.openqa.selenium.remote.RemoteWebDriver.findElementById(RemoteWebDriver.java:413)
	at io.appium.java_client.DefaultGenericMobileDriver.findElementById(DefaultGenericMobileDriver.java:59)
	at io.appium.java_client.AppiumDriver.findElementById(AppiumDriver.java:1)
	at io.appium.java_client.ios.IOSDriver.findElementById(IOSDriver.java:1)
	at org.openqa.selenium.By$ById.findElement(By.java:218)
	at org.openqa.selenium.remote.RemoteWebDriver.findElement(RemoteWebDriver.java:355)
	at io.appium.java_client.DefaultGenericMobileDriver.findElement(DefaultGenericMobileDriver.java:51)
	at io.appium.java_client.AppiumDriver.findElement(AppiumDriver.java:1)
	at io.appium.java_client.ios.IOSDriver.findElement(IOSDriver.java:1)
	at com.eduven.utils.Reusables.getElement(Reusables.java:720)
	at com.eduven.utils.Reusables.isElementPresent(Reusables.java:119)
	at com.eduven.modules.LanguageCategoryPage.langugeSelection(LanguageCategoryPage.java:72)
	at com.eduven.testcase.PurchaseTestCases.install_app_and_language_selection_test(PurchaseTestCases.java:34)
	at sun.reflect.NativeMethodAccessorImpl.invoke0(Native Method)
	at sun.reflect.NativeMethodAccessorImpl.invoke(NativeMethodAccessorImpl.java:62)
	at sun.reflect.DelegatingMethodAccessorImpl.invoke(DelegatingMethodAccessorImpl.java:43)
	at java.lang.reflect.Method.invoke(Method.java:498)
	at org.testng.internal.MethodInvocationHelper.invokeMethod(MethodInvocationHelper.java:85)
	at org.testng.internal.Invoker.invokeMethod(Invoker.java:639)
	at org.testng.internal.Invoker.invokeTestMethod(Invoker.java:816)
	at org.testng.internal.Invoker.invokeTestMethods(Invoker.java:1124)
	at org.testng.internal.TestMethodWorker.invokeTestMethods(TestMethodWorker.java:125)
	at org.testng.internal.TestMethodWorker.run(TestMethodWorker.java:108)
	at org.testng.TestRunner.privateRun(TestRunner.java:774)
	at org.testng.TestRunner.run(TestRunner.java:624)
	at org.testng.SuiteRunner.runTest(SuiteRunner.java:359)
	at org.testng.SuiteRunner.runSequentially(SuiteRunner.java:354)
	at org.testng.SuiteRunner.privateRun(SuiteRunner.java:312)
	at org.testng.SuiteRunner.run(SuiteRunner.java:261)
	at org.testng.SuiteRunnerWorker.runSuite(SuiteRunnerWorker.java:52)
	at org.testng.SuiteRunnerWorker.run(SuiteRunnerWorker.java:86)
	at org.testng.TestNG.runSuitesSequentially(TestNG.java:1215)
	at org.testng.TestNG.runSuitesLocally(TestNG.java:1140)
	at org.testng.TestNG.run(TestNG.java:1048)
	at com.eduven.utils.RunTestng.main(RunTestng.java:58)
</pre></div></td>
<td>3</td>
<td>com.eduven.testcase.PurchaseTestCases@3d285d7e</td></tr>
<tr>
<td title='com.eduven.testcase.PurchaseTestCases.navigate_to_buy_test()'><b>navigate_to_buy_test</b><br>Test class: com.eduven.testcase.PurchaseTestCases</td>
<td><div><pre>org.openqa.selenium.remote.SessionNotFoundException: 
Command duration or timeout: 8 milliseconds
Build info: version: &apos;2.51.0&apos;, revision: &apos;1af067d&apos;, time: &apos;2016-02-05 19:11:55&apos;
System info: host: &apos;Hitesh-Mac-Mini.local&apos;, ip: &apos;10.30.30.97&apos;, os.name: &apos;Mac OS X&apos;, os.arch: &apos;x86_64&apos;, os.version: &apos;10.11.6&apos;, java.version: &apos;1.8.0_74&apos;
Driver info: io.appium.java_client.ios.IOSDriver
Capabilities [{app=/Users/hiteshbhardwaj/Downloads/greek.ipa, networkConnectionEnabled=false, warnings={}, appiumVersion=1.4.13, databaseEnabled=false, deviceName=Rahul&apos;s iPad (9.3.5), platform=UNIX, desired={app=/Users/hiteshbhardwaj/Downloads/greek.ipa, appiumVersion=1.4.13, platformVersion=9.3, automationName=Appium, udid=84974ee52e47314f4e50b296df4610e953edc63f, platformName=iOS, deviceName=Rahul&apos;s iPad (9.3.5), platform=IOS}, platformVersion=9.3, webStorageEnabled=false, locationContextEnabled=false, automationName=Appium, browserName=iOS, takesScreenshot=true, javascriptEnabled=true, udid=84974ee52e47314f4e50b296df4610e953edc63f, platformName=iOS}]
Session ID: 16b2d40a-0b6e-4dd0-93fd-7d7fb77cabc9
*** Element info: {Using=xpath, value=//UIAButton[@name=&apos;be pro&apos;][1]}
	at sun.reflect.NativeConstructorAccessorImpl.newInstance0(Native Method)
	at sun.reflect.NativeConstructorAccessorImpl.newInstance(NativeConstructorAccessorImpl.java:62)
	at sun.reflect.DelegatingConstructorAccessorImpl.newInstance(DelegatingConstructorAccessorImpl.java:45)
	at java.lang.reflect.Constructor.newInstance(Constructor.java:423)
	at org.openqa.selenium.remote.ErrorHandler.createThrowable(ErrorHandler.java:206)
	at org.openqa.selenium.remote.ErrorHandler.throwIfResponseFailed(ErrorHandler.java:164)
	at org.openqa.selenium.remote.RemoteWebDriver.execute(RemoteWebDriver.java:678)
	at io.appium.java_client.DefaultGenericMobileDriver.execute(DefaultGenericMobileDriver.java:43)
	at io.appium.java_client.AppiumDriver.execute(AppiumDriver.java:1)
	at io.appium.java_client.ios.IOSDriver.execute(IOSDriver.java:1)
	at org.openqa.selenium.remote.RemoteWebDriver.findElement(RemoteWebDriver.java:363)
	at org.openqa.selenium.remote.RemoteWebDriver.findElementByXPath(RemoteWebDriver.java:500)
	at io.appium.java_client.DefaultGenericMobileDriver.findElementByXPath(DefaultGenericMobileDriver.java:129)
	at io.appium.java_client.AppiumDriver.findElementByXPath(AppiumDriver.java:1)
	at io.appium.java_client.ios.IOSDriver.findElementByXPath(IOSDriver.java:1)
	at org.openqa.selenium.By$ByXPath.findElement(By.java:361)
	at org.openqa.selenium.remote.RemoteWebDriver.findElement(RemoteWebDriver.java:355)
	at io.appium.java_client.DefaultGenericMobileDriver.findElement(DefaultGenericMobileDriver.java:51)
	at io.appium.java_client.AppiumDriver.findElement(AppiumDriver.java:1)
	at io.appium.java_client.ios.IOSDriver.findElement(IOSDriver.java:1)
	at com.eduven.utils.Reusables.getElement(Reusables.java:720)
	at com.eduven.utils.Reusables.tapOnElementUsingLocator(Reusables.java:243)
	at com.eduven.modules.EntityDetailPage.navigateToPurchasePage(EntityDetailPage.java:67)
	at com.eduven.testcase.PurchaseTestCases.navigate_to_buy_test(PurchaseTestCases.java:47)
	at sun.reflect.NativeMethodAccessorImpl.invoke0(Native Method)
	at sun.reflect.NativeMethodAccessorImpl.invoke(NativeMethodAccessorImpl.java:62)
	at sun.reflect.DelegatingMethodAccessorImpl.invoke(DelegatingMethodAccessorImpl.java:43)
	at java.lang.reflect.Method.invoke(Method.java:498)
	at org.testng.internal.MethodInvocationHelper.invokeMethod(MethodInvocationHelper.java:85)
	at org.testng.internal.Invoker.invokeMethod(Invoker.java:639)
	at org.testng.internal.Invoker.invokeTestMethod(Invoker.java:816)
	at org.testng.internal.Invoker.invokeTestMethods(Invoker.java:1124)
	at org.testng.internal.TestMethodWorker.invokeTestMethods(TestMethodWorker.java:125)
	at org.testng.internal.TestMethodWorker.run(TestMethodWorker.java:108)
	at org.testng.TestRunner.privateRun(TestRunner.java:774)
	at org.testng.TestRunner.run(TestRunner.java:624)
	at org.testng.SuiteRunner.runTest(SuiteRunner.java:359)
	at org.testng.SuiteRunner.runSequentially(SuiteRunner.java:354)
	at org.testng.SuiteRunner.privateRun(SuiteRunner.java:312)
	at org.testng.SuiteRunner.run(SuiteRunner.java:261)
	at org.testng.SuiteRunnerWorker.runSuite(SuiteRunnerWorker.java:52)
	at org.testng.SuiteRunnerWorker.run(SuiteRunnerWorker.java:86)
	at org.testng.TestNG.runSuitesSequentially(TestNG.java:1215)
	at org.testng.TestNG.runSuitesLocally(TestNG.java:1140)
	at org.testng.TestNG.run(TestNG.java:1048)
	at com.eduven.utils.RunTestng.main(RunTestng.java:58)
</pre></div><a href='#' onClick='toggleBox("stack-trace350069300", this, "Click to show all stack frames", "Click to hide stack frames")'>Click to show all stack frames</a>
<div class='stack-trace' id='stack-trace350069300'><pre>org.openqa.selenium.remote.SessionNotFoundException: 
Command duration or timeout: 8 milliseconds
Build info: version: &apos;2.51.0&apos;, revision: &apos;1af067d&apos;, time: &apos;2016-02-05 19:11:55&apos;
System info: host: &apos;Hitesh-Mac-Mini.local&apos;, ip: &apos;10.30.30.97&apos;, os.name: &apos;Mac OS X&apos;, os.arch: &apos;x86_64&apos;, os.version: &apos;10.11.6&apos;, java.version: &apos;1.8.0_74&apos;
Driver info: io.appium.java_client.ios.IOSDriver
Capabilities [{app=/Users/hiteshbhardwaj/Downloads/greek.ipa, networkConnectionEnabled=false, warnings={}, appiumVersion=1.4.13, databaseEnabled=false, deviceName=Rahul&apos;s iPad (9.3.5), platform=UNIX, desired={app=/Users/hiteshbhardwaj/Downloads/greek.ipa, appiumVersion=1.4.13, platformVersion=9.3, automationName=Appium, udid=84974ee52e47314f4e50b296df4610e953edc63f, platformName=iOS, deviceName=Rahul&apos;s iPad (9.3.5), platform=IOS}, platformVersion=9.3, webStorageEnabled=false, locationContextEnabled=false, automationName=Appium, browserName=iOS, takesScreenshot=true, javascriptEnabled=true, udid=84974ee52e47314f4e50b296df4610e953edc63f, platformName=iOS}]
Session ID: 16b2d40a-0b6e-4dd0-93fd-7d7fb77cabc9
*** Element info: {Using=xpath, value=//UIAButton[@name=&apos;be pro&apos;][1]}
	at sun.reflect.NativeConstructorAccessorImpl.newInstance0(Native Method)
	at sun.reflect.NativeConstructorAccessorImpl.newInstance(NativeConstructorAccessorImpl.java:62)
	at sun.reflect.DelegatingConstructorAccessorImpl.newInstance(DelegatingConstructorAccessorImpl.java:45)
	at java.lang.reflect.Constructor.newInstance(Constructor.java:423)
	at org.openqa.selenium.remote.ErrorHandler.createThrowable(ErrorHandler.java:206)
	at org.openqa.selenium.remote.ErrorHandler.throwIfResponseFailed(ErrorHandler.java:164)
	at org.openqa.selenium.remote.RemoteWebDriver.execute(RemoteWebDriver.java:678)
	at io.appium.java_client.DefaultGenericMobileDriver.execute(DefaultGenericMobileDriver.java:43)
	at io.appium.java_client.AppiumDriver.execute(AppiumDriver.java:1)
	at io.appium.java_client.ios.IOSDriver.execute(IOSDriver.java:1)
	at org.openqa.selenium.remote.RemoteWebDriver.findElement(RemoteWebDriver.java:363)
	at org.openqa.selenium.remote.RemoteWebDriver.findElementByXPath(RemoteWebDriver.java:500)
	at io.appium.java_client.DefaultGenericMobileDriver.findElementByXPath(DefaultGenericMobileDriver.java:129)
	at io.appium.java_client.AppiumDriver.findElementByXPath(AppiumDriver.java:1)
	at io.appium.java_client.ios.IOSDriver.findElementByXPath(IOSDriver.java:1)
	at org.openqa.selenium.By$ByXPath.findElement(By.java:361)
	at org.openqa.selenium.remote.RemoteWebDriver.findElement(RemoteWebDriver.java:355)
	at io.appium.java_client.DefaultGenericMobileDriver.findElement(DefaultGenericMobileDriver.java:51)
	at io.appium.java_client.AppiumDriver.findElement(AppiumDriver.java:1)
	at io.appium.java_client.ios.IOSDriver.findElement(IOSDriver.java:1)
	at com.eduven.utils.Reusables.getElement(Reusables.java:720)
	at com.eduven.utils.Reusables.tapOnElementUsingLocator(Reusables.java:243)
	at com.eduven.modules.EntityDetailPage.navigateToPurchasePage(EntityDetailPage.java:67)
	at com.eduven.testcase.PurchaseTestCases.navigate_to_buy_test(PurchaseTestCases.java:47)
	at sun.reflect.NativeMethodAccessorImpl.invoke0(Native Method)
	at sun.reflect.NativeMethodAccessorImpl.invoke(NativeMethodAccessorImpl.java:62)
	at sun.reflect.DelegatingMethodAccessorImpl.invoke(DelegatingMethodAccessorImpl.java:43)
	at java.lang.reflect.Method.invoke(Method.java:498)
	at org.testng.internal.MethodInvocationHelper.invokeMethod(MethodInvocationHelper.java:85)
	at org.testng.internal.Invoker.invokeMethod(Invoker.java:639)
	at org.testng.internal.Invoker.invokeTestMethod(Invoker.java:816)
	at org.testng.internal.Invoker.invokeTestMethods(Invoker.java:1124)
	at org.testng.internal.TestMethodWorker.invokeTestMethods(TestMethodWorker.java:125)
	at org.testng.internal.TestMethodWorker.run(TestMethodWorker.java:108)
	at org.testng.TestRunner.privateRun(TestRunner.java:774)
	at org.testng.TestRunner.run(TestRunner.java:624)
	at org.testng.SuiteRunner.runTest(SuiteRunner.java:359)
	at org.testng.SuiteRunner.runSequentially(SuiteRunner.java:354)
	at org.testng.SuiteRunner.privateRun(SuiteRunner.java:312)
	at org.testng.SuiteRunner.run(SuiteRunner.java:261)
	at org.testng.SuiteRunnerWorker.runSuite(SuiteRunnerWorker.java:52)
	at org.testng.SuiteRunnerWorker.run(SuiteRunnerWorker.java:86)
	at org.testng.TestNG.runSuitesSequentially(TestNG.java:1215)
	at org.testng.TestNG.runSuitesLocally(TestNG.java:1140)
	at org.testng.TestNG.run(TestNG.java:1048)
	at com.eduven.utils.RunTestng.main(RunTestng.java:58)
</pre></div></td>
<td>2</td>
<td>com.eduven.testcase.PurchaseTestCases@3d285d7e</td></tr>
<tr>
<td title='com.eduven.testcase.SearchPageTestCases.search_page_audio_test()'><b>search_page_audio_test</b><br>Test class: com.eduven.testcase.SearchPageTestCases</td>
<td><div><pre>org.openqa.selenium.WebDriverException: An unknown server-side error occurred while processing the command. (WARNING: The server did not provide any stacktrace information)
Command duration or timeout: 1.58 seconds
Build info: version: &apos;2.51.0&apos;, revision: &apos;1af067d&apos;, time: &apos;2016-02-05 19:11:55&apos;
System info: host: &apos;Hitesh-Mac-Mini.local&apos;, ip: &apos;10.30.30.97&apos;, os.name: &apos;Mac OS X&apos;, os.arch: &apos;x86_64&apos;, os.version: &apos;10.11.6&apos;, java.version: &apos;1.8.0_74&apos;
Driver info: io.appium.java_client.ios.IOSDriver
Capabilities [{app=/Users/hiteshbhardwaj/Downloads/greek.ipa, networkConnectionEnabled=false, warnings={}, appiumVersion=1.4.13, databaseEnabled=false, deviceName=Rahul&apos;s iPad (9.3.5), platform=UNIX, desired={app=/Users/hiteshbhardwaj/Downloads/greek.ipa, appiumVersion=1.4.13, platformVersion=9.3, automationName=Appium, udid=84974ee52e47314f4e50b296df4610e953edc63f, platformName=iOS, deviceName=Rahul&apos;s iPad (9.3.5), platform=IOS}, platformVersion=9.3, webStorageEnabled=false, locationContextEnabled=false, automationName=Appium, browserName=iOS, takesScreenshot=true, javascriptEnabled=true, udid=84974ee52e47314f4e50b296df4610e953edc63f, platformName=iOS}]
Session ID: 16b2d40a-0b6e-4dd0-93fd-7d7fb77cabc9
	at sun.reflect.NativeConstructorAccessorImpl.newInstance0(Native Method)
	at sun.reflect.NativeConstructorAccessorImpl.newInstance(NativeConstructorAccessorImpl.java:62)
	at sun.reflect.DelegatingConstructorAccessorImpl.newInstance(DelegatingConstructorAccessorImpl.java:45)
	at java.lang.reflect.Constructor.newInstance(Constructor.java:423)
	at org.openqa.selenium.remote.ErrorHandler.createThrowable(ErrorHandler.java:206)
	at org.openqa.selenium.remote.ErrorHandler.throwIfResponseFailed(ErrorHandler.java:158)
	at org.openqa.selenium.remote.RemoteWebDriver.execute(RemoteWebDriver.java:678)
	at io.appium.java_client.DefaultGenericMobileDriver.execute(DefaultGenericMobileDriver.java:43)
	at io.appium.java_client.AppiumDriver.execute(AppiumDriver.java:216)
	at org.openqa.selenium.remote.RemoteWebDriver$RemoteNavigation.back(RemoteWebDriver.java:961)
	at com.eduven.utils.Reusables.stepBack(Reusables.java:213)
	at com.eduven.testcase.SearchPageTestCases.search_page_audio_test(SearchPageTestCases.java:57)
	at sun.reflect.NativeMethodAccessorImpl.invoke0(Native Method)
	at sun.reflect.NativeMethodAccessorImpl.invoke(NativeMethodAccessorImpl.java:62)
	at sun.reflect.DelegatingMethodAccessorImpl.invoke(DelegatingMethodAccessorImpl.java:43)
	at java.lang.reflect.Method.invoke(Method.java:498)
	at org.testng.internal.MethodInvocationHelper.invokeMethod(MethodInvocationHelper.java:85)
	at org.testng.internal.Invoker.invokeMethod(Invoker.java:639)
	at org.testng.internal.Invoker.invokeTestMethod(Invoker.java:816)
	at org.testng.internal.Invoker.invokeTestMethods(Invoker.java:1124)
	at org.testng.internal.TestMethodWorker.invokeTestMethods(TestMethodWorker.java:125)
	at org.testng.internal.TestMethodWorker.run(TestMethodWorker.java:108)
	at org.testng.TestRunner.privateRun(TestRunner.java:774)
	at org.testng.TestRunner.run(TestRunner.java:624)
	at org.testng.SuiteRunner.runTest(SuiteRunner.java:359)
	at org.testng.SuiteRunner.runSequentially(SuiteRunner.java:354)
	at org.testng.SuiteRunner.privateRun(SuiteRunner.java:312)
	at org.testng.SuiteRunner.run(SuiteRunner.java:261)
	at org.testng.SuiteRunnerWorker.runSuite(SuiteRunnerWorker.java:52)
	at org.testng.SuiteRunnerWorker.run(SuiteRunnerWorker.java:86)
	at org.testng.TestNG.runSuitesSequentially(TestNG.java:1215)
	at org.testng.TestNG.runSuitesLocally(TestNG.java:1140)
	at org.testng.TestNG.run(TestNG.java:1048)
	at com.eduven.utils.RunTestng.main(RunTestng.java:58)
</pre></div><a href='#' onClick='toggleBox("stack-trace172215878", this, "Click to show all stack frames", "Click to hide stack frames")'>Click to show all stack frames</a>
<div class='stack-trace' id='stack-trace172215878'><pre>org.openqa.selenium.WebDriverException: An unknown server-side error occurred while processing the command. (WARNING: The server did not provide any stacktrace information)
Command duration or timeout: 1.58 seconds
Build info: version: &apos;2.51.0&apos;, revision: &apos;1af067d&apos;, time: &apos;2016-02-05 19:11:55&apos;
System info: host: &apos;Hitesh-Mac-Mini.local&apos;, ip: &apos;10.30.30.97&apos;, os.name: &apos;Mac OS X&apos;, os.arch: &apos;x86_64&apos;, os.version: &apos;10.11.6&apos;, java.version: &apos;1.8.0_74&apos;
Driver info: io.appium.java_client.ios.IOSDriver
Capabilities [{app=/Users/hiteshbhardwaj/Downloads/greek.ipa, networkConnectionEnabled=false, warnings={}, appiumVersion=1.4.13, databaseEnabled=false, deviceName=Rahul&apos;s iPad (9.3.5), platform=UNIX, desired={app=/Users/hiteshbhardwaj/Downloads/greek.ipa, appiumVersion=1.4.13, platformVersion=9.3, automationName=Appium, udid=84974ee52e47314f4e50b296df4610e953edc63f, platformName=iOS, deviceName=Rahul&apos;s iPad (9.3.5), platform=IOS}, platformVersion=9.3, webStorageEnabled=false, locationContextEnabled=false, automationName=Appium, browserName=iOS, takesScreenshot=true, javascriptEnabled=true, udid=84974ee52e47314f4e50b296df4610e953edc63f, platformName=iOS}]
Session ID: 16b2d40a-0b6e-4dd0-93fd-7d7fb77cabc9
	at sun.reflect.NativeConstructorAccessorImpl.newInstance0(Native Method)
	at sun.reflect.NativeConstructorAccessorImpl.newInstance(NativeConstructorAccessorImpl.java:62)
	at sun.reflect.DelegatingConstructorAccessorImpl.newInstance(DelegatingConstructorAccessorImpl.java:45)
	at java.lang.reflect.Constructor.newInstance(Constructor.java:423)
	at org.openqa.selenium.remote.ErrorHandler.createThrowable(ErrorHandler.java:206)
	at org.openqa.selenium.remote.ErrorHandler.throwIfResponseFailed(ErrorHandler.java:158)
	at org.openqa.selenium.remote.RemoteWebDriver.execute(RemoteWebDriver.java:678)
	at io.appium.java_client.DefaultGenericMobileDriver.execute(DefaultGenericMobileDriver.java:43)
	at io.appium.java_client.AppiumDriver.execute(AppiumDriver.java:216)
	at org.openqa.selenium.remote.RemoteWebDriver$RemoteNavigation.back(RemoteWebDriver.java:961)
	at com.eduven.utils.Reusables.stepBack(Reusables.java:213)
	at com.eduven.testcase.SearchPageTestCases.search_page_audio_test(SearchPageTestCases.java:57)
	at sun.reflect.NativeMethodAccessorImpl.invoke0(Native Method)
	at sun.reflect.NativeMethodAccessorImpl.invoke(NativeMethodAccessorImpl.java:62)
	at sun.reflect.DelegatingMethodAccessorImpl.invoke(DelegatingMethodAccessorImpl.java:43)
	at java.lang.reflect.Method.invoke(Method.java:498)
	at org.testng.internal.MethodInvocationHelper.invokeMethod(MethodInvocationHelper.java:85)
	at org.testng.internal.Invoker.invokeMethod(Invoker.java:639)
	at org.testng.internal.Invoker.invokeTestMethod(Invoker.java:816)
	at org.testng.internal.Invoker.invokeTestMethods(Invoker.java:1124)
	at org.testng.internal.TestMethodWorker.invokeTestMethods(TestMethodWorker.java:125)
	at org.testng.internal.TestMethodWorker.run(TestMethodWorker.java:108)
	at org.testng.TestRunner.privateRun(TestRunner.java:774)
	at org.testng.TestRunner.run(TestRunner.java:624)
	at org.testng.SuiteRunner.runTest(SuiteRunner.java:359)
	at org.testng.SuiteRunner.runSequentially(SuiteRunner.java:354)
	at org.testng.SuiteRunner.privateRun(SuiteRunner.java:312)
	at org.testng.SuiteRunner.run(SuiteRunner.java:261)
	at org.testng.SuiteRunnerWorker.runSuite(SuiteRunnerWorker.java:52)
	at org.testng.SuiteRunnerWorker.run(SuiteRunnerWorker.java:86)
	at org.testng.TestNG.runSuitesSequentially(TestNG.java:1215)
	at org.testng.TestNG.runSuitesLocally(TestNG.java:1140)
	at org.testng.TestNG.run(TestNG.java:1048)
	at com.eduven.utils.RunTestng.main(RunTestng.java:58)
</pre></div></td>
<td>65</td>
<td>com.eduven.testcase.SearchPageTestCases@4b2bac3f</td></tr>
<tr>
<td title='com.eduven.testcase.PurchaseTestCases.verify_lock_term_appear_as_unlock_term_test()'><b>verify_lock_term_appear_as_unlock_term_test</b><br>Test class: com.eduven.testcase.PurchaseTestCases</td>
<td><div><pre>org.openqa.selenium.remote.SessionNotFoundException: 
Command duration or timeout: 5 milliseconds
Build info: version: &apos;2.51.0&apos;, revision: &apos;1af067d&apos;, time: &apos;2016-02-05 19:11:55&apos;
System info: host: &apos;Hitesh-Mac-Mini.local&apos;, ip: &apos;10.30.30.97&apos;, os.name: &apos;Mac OS X&apos;, os.arch: &apos;x86_64&apos;, os.version: &apos;10.11.6&apos;, java.version: &apos;1.8.0_74&apos;
Driver info: io.appium.java_client.ios.IOSDriver
Capabilities [{app=/Users/hiteshbhardwaj/Downloads/greek.ipa, networkConnectionEnabled=false, warnings={}, appiumVersion=1.4.13, databaseEnabled=false, deviceName=Rahul&apos;s iPad (9.3.5), platform=UNIX, desired={app=/Users/hiteshbhardwaj/Downloads/greek.ipa, appiumVersion=1.4.13, platformVersion=9.3, automationName=Appium, udid=84974ee52e47314f4e50b296df4610e953edc63f, platformName=iOS, deviceName=Rahul&apos;s iPad (9.3.5), platform=IOS}, platformVersion=9.3, webStorageEnabled=false, locationContextEnabled=false, automationName=Appium, browserName=iOS, takesScreenshot=true, javascriptEnabled=true, udid=84974ee52e47314f4e50b296df4610e953edc63f, platformName=iOS}]
Session ID: 16b2d40a-0b6e-4dd0-93fd-7d7fb77cabc9
*** Element info: {Using=id, value=CategoryHeader}
	at sun.reflect.NativeConstructorAccessorImpl.newInstance0(Native Method)
	at sun.reflect.NativeConstructorAccessorImpl.newInstance(NativeConstructorAccessorImpl.java:62)
	at sun.reflect.DelegatingConstructorAccessorImpl.newInstance(DelegatingConstructorAccessorImpl.java:45)
	at java.lang.reflect.Constructor.newInstance(Constructor.java:423)
	at org.openqa.selenium.remote.ErrorHandler.createThrowable(ErrorHandler.java:206)
	at org.openqa.selenium.remote.ErrorHandler.throwIfResponseFailed(ErrorHandler.java:164)
	at org.openqa.selenium.remote.RemoteWebDriver.execute(RemoteWebDriver.java:678)
	at io.appium.java_client.DefaultGenericMobileDriver.execute(DefaultGenericMobileDriver.java:43)
	at io.appium.java_client.AppiumDriver.execute(AppiumDriver.java:1)
	at io.appium.java_client.ios.IOSDriver.execute(IOSDriver.java:1)
	at org.openqa.selenium.remote.RemoteWebDriver.findElement(RemoteWebDriver.java:363)
	at org.openqa.selenium.remote.RemoteWebDriver.findElementById(RemoteWebDriver.java:413)
	at io.appium.java_client.DefaultGenericMobileDriver.findElementById(DefaultGenericMobileDriver.java:59)
	at io.appium.java_client.AppiumDriver.findElementById(AppiumDriver.java:1)
	at io.appium.java_client.ios.IOSDriver.findElementById(IOSDriver.java:1)
	at org.openqa.selenium.By$ById.findElement(By.java:218)
	at org.openqa.selenium.remote.RemoteWebDriver.findElement(RemoteWebDriver.java:355)
	at io.appium.java_client.DefaultGenericMobileDriver.findElement(DefaultGenericMobileDriver.java:51)
	at io.appium.java_client.AppiumDriver.findElement(AppiumDriver.java:1)
	at io.appium.java_client.ios.IOSDriver.findElement(IOSDriver.java:1)
	at com.eduven.utils.Reusables.getElement(Reusables.java:720)
	at com.eduven.modules.Categories.verifyCategoryHeaderTxt(Categories.java:29)
	at com.eduven.testcase.PurchaseTestCases.verify_lock_term_appear_as_unlock_term_test(PurchaseTestCases.java:66)
	at sun.reflect.NativeMethodAccessorImpl.invoke0(Native Method)
	at sun.reflect.NativeMethodAccessorImpl.invoke(NativeMethodAccessorImpl.java:62)
	at sun.reflect.DelegatingMethodAccessorImpl.invoke(DelegatingMethodAccessorImpl.java:43)
	at java.lang.reflect.Method.invoke(Method.java:498)
	at org.testng.internal.MethodInvocationHelper.invokeMethod(MethodInvocationHelper.java:85)
	at org.testng.internal.Invoker.invokeMethod(Invoker.java:639)
	at org.testng.internal.Invoker.invokeTestMethod(Invoker.java:816)
	at org.testng.internal.Invoker.invokeTestMethods(Invoker.java:1124)
	at org.testng.internal.TestMethodWorker.invokeTestMethods(TestMethodWorker.java:125)
	at org.testng.internal.TestMethodWorker.run(TestMethodWorker.java:108)
	at org.testng.TestRunner.privateRun(TestRunner.java:774)
	at org.testng.TestRunner.run(TestRunner.java:624)
	at org.testng.SuiteRunner.runTest(SuiteRunner.java:359)
	at org.testng.SuiteRunner.runSequentially(SuiteRunner.java:354)
	at org.testng.SuiteRunner.privateRun(SuiteRunner.java:312)
	at org.testng.SuiteRunner.run(SuiteRunner.java:261)
	at org.testng.SuiteRunnerWorker.runSuite(SuiteRunnerWorker.java:52)
	at org.testng.SuiteRunnerWorker.run(SuiteRunnerWorker.java:86)
	at org.testng.TestNG.runSuitesSequentially(TestNG.java:1215)
	at org.testng.TestNG.runSuitesLocally(TestNG.java:1140)
	at org.testng.TestNG.run(TestNG.java:1048)
	at com.eduven.utils.RunTestng.main(RunTestng.java:58)
</pre></div><a href='#' onClick='toggleBox("stack-trace1514214932", this, "Click to show all stack frames", "Click to hide stack frames")'>Click to show all stack frames</a>
<div class='stack-trace' id='stack-trace1514214932'><pre>org.openqa.selenium.remote.SessionNotFoundException: 
Command duration or timeout: 5 milliseconds
Build info: version: &apos;2.51.0&apos;, revision: &apos;1af067d&apos;, time: &apos;2016-02-05 19:11:55&apos;
System info: host: &apos;Hitesh-Mac-Mini.local&apos;, ip: &apos;10.30.30.97&apos;, os.name: &apos;Mac OS X&apos;, os.arch: &apos;x86_64&apos;, os.version: &apos;10.11.6&apos;, java.version: &apos;1.8.0_74&apos;
Driver info: io.appium.java_client.ios.IOSDriver
Capabilities [{app=/Users/hiteshbhardwaj/Downloads/greek.ipa, networkConnectionEnabled=false, warnings={}, appiumVersion=1.4.13, databaseEnabled=false, deviceName=Rahul&apos;s iPad (9.3.5), platform=UNIX, desired={app=/Users/hiteshbhardwaj/Downloads/greek.ipa, appiumVersion=1.4.13, platformVersion=9.3, automationName=Appium, udid=84974ee52e47314f4e50b296df4610e953edc63f, platformName=iOS, deviceName=Rahul&apos;s iPad (9.3.5), platform=IOS}, platformVersion=9.3, webStorageEnabled=false, locationContextEnabled=false, automationName=Appium, browserName=iOS, takesScreenshot=true, javascriptEnabled=true, udid=84974ee52e47314f4e50b296df4610e953edc63f, platformName=iOS}]
Session ID: 16b2d40a-0b6e-4dd0-93fd-7d7fb77cabc9
*** Element info: {Using=id, value=CategoryHeader}
	at sun.reflect.NativeConstructorAccessorImpl.newInstance0(Native Method)
	at sun.reflect.NativeConstructorAccessorImpl.newInstance(NativeConstructorAccessorImpl.java:62)
	at sun.reflect.DelegatingConstructorAccessorImpl.newInstance(DelegatingConstructorAccessorImpl.java:45)
	at java.lang.reflect.Constructor.newInstance(Constructor.java:423)
	at org.openqa.selenium.remote.ErrorHandler.createThrowable(ErrorHandler.java:206)
	at org.openqa.selenium.remote.ErrorHandler.throwIfResponseFailed(ErrorHandler.java:164)
	at org.openqa.selenium.remote.RemoteWebDriver.execute(RemoteWebDriver.java:678)
	at io.appium.java_client.DefaultGenericMobileDriver.execute(DefaultGenericMobileDriver.java:43)
	at io.appium.java_client.AppiumDriver.execute(AppiumDriver.java:1)
	at io.appium.java_client.ios.IOSDriver.execute(IOSDriver.java:1)
	at org.openqa.selenium.remote.RemoteWebDriver.findElement(RemoteWebDriver.java:363)
	at org.openqa.selenium.remote.RemoteWebDriver.findElementById(RemoteWebDriver.java:413)
	at io.appium.java_client.DefaultGenericMobileDriver.findElementById(DefaultGenericMobileDriver.java:59)
	at io.appium.java_client.AppiumDriver.findElementById(AppiumDriver.java:1)
	at io.appium.java_client.ios.IOSDriver.findElementById(IOSDriver.java:1)
	at org.openqa.selenium.By$ById.findElement(By.java:218)
	at org.openqa.selenium.remote.RemoteWebDriver.findElement(RemoteWebDriver.java:355)
	at io.appium.java_client.DefaultGenericMobileDriver.findElement(DefaultGenericMobileDriver.java:51)
	at io.appium.java_client.AppiumDriver.findElement(AppiumDriver.java:1)
	at io.appium.java_client.ios.IOSDriver.findElement(IOSDriver.java:1)
	at com.eduven.utils.Reusables.getElement(Reusables.java:720)
	at com.eduven.modules.Categories.verifyCategoryHeaderTxt(Categories.java:29)
	at com.eduven.testcase.PurchaseTestCases.verify_lock_term_appear_as_unlock_term_test(PurchaseTestCases.java:66)
	at sun.reflect.NativeMethodAccessorImpl.invoke0(Native Method)
	at sun.reflect.NativeMethodAccessorImpl.invoke(NativeMethodAccessorImpl.java:62)
	at sun.reflect.DelegatingMethodAccessorImpl.invoke(DelegatingMethodAccessorImpl.java:43)
	at java.lang.reflect.Method.invoke(Method.java:498)
	at org.testng.internal.MethodInvocationHelper.invokeMethod(MethodInvocationHelper.java:85)
	at org.testng.internal.Invoker.invokeMethod(Invoker.java:639)
	at org.testng.internal.Invoker.invokeTestMethod(Invoker.java:816)
	at org.testng.internal.Invoker.invokeTestMethods(Invoker.java:1124)
	at org.testng.internal.TestMethodWorker.invokeTestMethods(TestMethodWorker.java:125)
	at org.testng.internal.TestMethodWorker.run(TestMethodWorker.java:108)
	at org.testng.TestRunner.privateRun(TestRunner.java:774)
	at org.testng.TestRunner.run(TestRunner.java:624)
	at org.testng.SuiteRunner.runTest(SuiteRunner.java:359)
	at org.testng.SuiteRunner.runSequentially(SuiteRunner.java:354)
	at org.testng.SuiteRunner.privateRun(SuiteRunner.java:312)
	at org.testng.SuiteRunner.run(SuiteRunner.java:261)
	at org.testng.SuiteRunnerWorker.runSuite(SuiteRunnerWorker.java:52)
	at org.testng.SuiteRunnerWorker.run(SuiteRunnerWorker.java:86)
	at org.testng.TestNG.runSuitesSequentially(TestNG.java:1215)
	at org.testng.TestNG.runSuitesLocally(TestNG.java:1140)
	at org.testng.TestNG.run(TestNG.java:1048)
	at com.eduven.utils.RunTestng.main(RunTestng.java:58)
</pre></div></td>
<td>0</td>
<td>com.eduven.testcase.PurchaseTestCases@3d285d7e</td></tr>
<tr>
<td title='com.eduven.testcase.PurchaseTestCases.verify_lock_term_before_purchase_test()'><b>verify_lock_term_before_purchase_test</b><br>Test class: com.eduven.testcase.PurchaseTestCases</td>
<td><div><pre>org.openqa.selenium.remote.SessionNotFoundException: 
Command duration or timeout: 4 milliseconds
Build info: version: &apos;2.51.0&apos;, revision: &apos;1af067d&apos;, time: &apos;2016-02-05 19:11:55&apos;
System info: host: &apos;Hitesh-Mac-Mini.local&apos;, ip: &apos;10.30.30.97&apos;, os.name: &apos;Mac OS X&apos;, os.arch: &apos;x86_64&apos;, os.version: &apos;10.11.6&apos;, java.version: &apos;1.8.0_74&apos;
Driver info: io.appium.java_client.ios.IOSDriver
Capabilities [{app=/Users/hiteshbhardwaj/Downloads/greek.ipa, networkConnectionEnabled=false, warnings={}, appiumVersion=1.4.13, databaseEnabled=false, deviceName=Rahul&apos;s iPad (9.3.5), platform=UNIX, desired={app=/Users/hiteshbhardwaj/Downloads/greek.ipa, appiumVersion=1.4.13, platformVersion=9.3, automationName=Appium, udid=84974ee52e47314f4e50b296df4610e953edc63f, platformName=iOS, deviceName=Rahul&apos;s iPad (9.3.5), platform=IOS}, platformVersion=9.3, webStorageEnabled=false, locationContextEnabled=false, automationName=Appium, browserName=iOS, takesScreenshot=true, javascriptEnabled=true, udid=84974ee52e47314f4e50b296df4610e953edc63f, platformName=iOS}]
Session ID: 16b2d40a-0b6e-4dd0-93fd-7d7fb77cabc9
*** Element info: {Using=id, value=CategoryHeader}
	at sun.reflect.NativeConstructorAccessorImpl.newInstance0(Native Method)
	at sun.reflect.NativeConstructorAccessorImpl.newInstance(NativeConstructorAccessorImpl.java:62)
	at sun.reflect.DelegatingConstructorAccessorImpl.newInstance(DelegatingConstructorAccessorImpl.java:45)
	at java.lang.reflect.Constructor.newInstance(Constructor.java:423)
	at org.openqa.selenium.remote.ErrorHandler.createThrowable(ErrorHandler.java:206)
	at org.openqa.selenium.remote.ErrorHandler.throwIfResponseFailed(ErrorHandler.java:164)
	at org.openqa.selenium.remote.RemoteWebDriver.execute(RemoteWebDriver.java:678)
	at io.appium.java_client.DefaultGenericMobileDriver.execute(DefaultGenericMobileDriver.java:43)
	at io.appium.java_client.AppiumDriver.execute(AppiumDriver.java:1)
	at io.appium.java_client.ios.IOSDriver.execute(IOSDriver.java:1)
	at org.openqa.selenium.remote.RemoteWebDriver.findElement(RemoteWebDriver.java:363)
	at org.openqa.selenium.remote.RemoteWebDriver.findElementById(RemoteWebDriver.java:413)
	at io.appium.java_client.DefaultGenericMobileDriver.findElementById(DefaultGenericMobileDriver.java:59)
	at io.appium.java_client.AppiumDriver.findElementById(AppiumDriver.java:1)
	at io.appium.java_client.ios.IOSDriver.findElementById(IOSDriver.java:1)
	at org.openqa.selenium.By$ById.findElement(By.java:218)
	at org.openqa.selenium.remote.RemoteWebDriver.findElement(RemoteWebDriver.java:355)
	at io.appium.java_client.DefaultGenericMobileDriver.findElement(DefaultGenericMobileDriver.java:51)
	at io.appium.java_client.AppiumDriver.findElement(AppiumDriver.java:1)
	at io.appium.java_client.ios.IOSDriver.findElement(IOSDriver.java:1)
	at com.eduven.utils.Reusables.getElement(Reusables.java:720)
	at com.eduven.modules.Categories.verifyCategoryHeaderTxt(Categories.java:29)
	at com.eduven.testcase.PurchaseTestCases.verify_lock_term_before_purchase_test(PurchaseTestCases.java:39)
	at sun.reflect.NativeMethodAccessorImpl.invoke0(Native Method)
	at sun.reflect.NativeMethodAccessorImpl.invoke(NativeMethodAccessorImpl.java:62)
	at sun.reflect.DelegatingMethodAccessorImpl.invoke(DelegatingMethodAccessorImpl.java:43)
	at java.lang.reflect.Method.invoke(Method.java:498)
	at org.testng.internal.MethodInvocationHelper.invokeMethod(MethodInvocationHelper.java:85)
	at org.testng.internal.Invoker.invokeMethod(Invoker.java:639)
	at org.testng.internal.Invoker.invokeTestMethod(Invoker.java:816)
	at org.testng.internal.Invoker.invokeTestMethods(Invoker.java:1124)
	at org.testng.internal.TestMethodWorker.invokeTestMethods(TestMethodWorker.java:125)
	at org.testng.internal.TestMethodWorker.run(TestMethodWorker.java:108)
	at org.testng.TestRunner.privateRun(TestRunner.java:774)
	at org.testng.TestRunner.run(TestRunner.java:624)
	at org.testng.SuiteRunner.runTest(SuiteRunner.java:359)
	at org.testng.SuiteRunner.runSequentially(SuiteRunner.java:354)
	at org.testng.SuiteRunner.privateRun(SuiteRunner.java:312)
	at org.testng.SuiteRunner.run(SuiteRunner.java:261)
	at org.testng.SuiteRunnerWorker.runSuite(SuiteRunnerWorker.java:52)
	at org.testng.SuiteRunnerWorker.run(SuiteRunnerWorker.java:86)
	at org.testng.TestNG.runSuitesSequentially(TestNG.java:1215)
	at org.testng.TestNG.runSuitesLocally(TestNG.java:1140)
	at org.testng.TestNG.run(TestNG.java:1048)
	at com.eduven.utils.RunTestng.main(RunTestng.java:58)
</pre></div><a href='#' onClick='toggleBox("stack-trace452364286", this, "Click to show all stack frames", "Click to hide stack frames")'>Click to show all stack frames</a>
<div class='stack-trace' id='stack-trace452364286'><pre>org.openqa.selenium.remote.SessionNotFoundException: 
Command duration or timeout: 4 milliseconds
Build info: version: &apos;2.51.0&apos;, revision: &apos;1af067d&apos;, time: &apos;2016-02-05 19:11:55&apos;
System info: host: &apos;Hitesh-Mac-Mini.local&apos;, ip: &apos;10.30.30.97&apos;, os.name: &apos;Mac OS X&apos;, os.arch: &apos;x86_64&apos;, os.version: &apos;10.11.6&apos;, java.version: &apos;1.8.0_74&apos;
Driver info: io.appium.java_client.ios.IOSDriver
Capabilities [{app=/Users/hiteshbhardwaj/Downloads/greek.ipa, networkConnectionEnabled=false, warnings={}, appiumVersion=1.4.13, databaseEnabled=false, deviceName=Rahul&apos;s iPad (9.3.5), platform=UNIX, desired={app=/Users/hiteshbhardwaj/Downloads/greek.ipa, appiumVersion=1.4.13, platformVersion=9.3, automationName=Appium, udid=84974ee52e47314f4e50b296df4610e953edc63f, platformName=iOS, deviceName=Rahul&apos;s iPad (9.3.5), platform=IOS}, platformVersion=9.3, webStorageEnabled=false, locationContextEnabled=false, automationName=Appium, browserName=iOS, takesScreenshot=true, javascriptEnabled=true, udid=84974ee52e47314f4e50b296df4610e953edc63f, platformName=iOS}]
Session ID: 16b2d40a-0b6e-4dd0-93fd-7d7fb77cabc9
*** Element info: {Using=id, value=CategoryHeader}
	at sun.reflect.NativeConstructorAccessorImpl.newInstance0(Native Method)
	at sun.reflect.NativeConstructorAccessorImpl.newInstance(NativeConstructorAccessorImpl.java:62)
	at sun.reflect.DelegatingConstructorAccessorImpl.newInstance(DelegatingConstructorAccessorImpl.java:45)
	at java.lang.reflect.Constructor.newInstance(Constructor.java:423)
	at org.openqa.selenium.remote.ErrorHandler.createThrowable(ErrorHandler.java:206)
	at org.openqa.selenium.remote.ErrorHandler.throwIfResponseFailed(ErrorHandler.java:164)
	at org.openqa.selenium.remote.RemoteWebDriver.execute(RemoteWebDriver.java:678)
	at io.appium.java_client.DefaultGenericMobileDriver.execute(DefaultGenericMobileDriver.java:43)
	at io.appium.java_client.AppiumDriver.execute(AppiumDriver.java:1)
	at io.appium.java_client.ios.IOSDriver.execute(IOSDriver.java:1)
	at org.openqa.selenium.remote.RemoteWebDriver.findElement(RemoteWebDriver.java:363)
	at org.openqa.selenium.remote.RemoteWebDriver.findElementById(RemoteWebDriver.java:413)
	at io.appium.java_client.DefaultGenericMobileDriver.findElementById(DefaultGenericMobileDriver.java:59)
	at io.appium.java_client.AppiumDriver.findElementById(AppiumDriver.java:1)
	at io.appium.java_client.ios.IOSDriver.findElementById(IOSDriver.java:1)
	at org.openqa.selenium.By$ById.findElement(By.java:218)
	at org.openqa.selenium.remote.RemoteWebDriver.findElement(RemoteWebDriver.java:355)
	at io.appium.java_client.DefaultGenericMobileDriver.findElement(DefaultGenericMobileDriver.java:51)
	at io.appium.java_client.AppiumDriver.findElement(AppiumDriver.java:1)
	at io.appium.java_client.ios.IOSDriver.findElement(IOSDriver.java:1)
	at com.eduven.utils.Reusables.getElement(Reusables.java:720)
	at com.eduven.modules.Categories.verifyCategoryHeaderTxt(Categories.java:29)
	at com.eduven.testcase.PurchaseTestCases.verify_lock_term_before_purchase_test(PurchaseTestCases.java:39)
	at sun.reflect.NativeMethodAccessorImpl.invoke0(Native Method)
	at sun.reflect.NativeMethodAccessorImpl.invoke(NativeMethodAccessorImpl.java:62)
	at sun.reflect.DelegatingMethodAccessorImpl.invoke(DelegatingMethodAccessorImpl.java:43)
	at java.lang.reflect.Method.invoke(Method.java:498)
	at org.testng.internal.MethodInvocationHelper.invokeMethod(MethodInvocationHelper.java:85)
	at org.testng.internal.Invoker.invokeMethod(Invoker.java:639)
	at org.testng.internal.Invoker.invokeTestMethod(Invoker.java:816)
	at org.testng.internal.Invoker.invokeTestMethods(Invoker.java:1124)
	at org.testng.internal.TestMethodWorker.invokeTestMethods(TestMethodWorker.java:125)
	at org.testng.internal.TestMethodWorker.run(TestMethodWorker.java:108)
	at org.testng.TestRunner.privateRun(TestRunner.java:774)
	at org.testng.TestRunner.run(TestRunner.java:624)
	at org.testng.SuiteRunner.runTest(SuiteRunner.java:359)
	at org.testng.SuiteRunner.runSequentially(SuiteRunner.java:354)
	at org.testng.SuiteRunner.privateRun(SuiteRunner.java:312)
	at org.testng.SuiteRunner.run(SuiteRunner.java:261)
	at org.testng.SuiteRunnerWorker.runSuite(SuiteRunnerWorker.java:52)
	at org.testng.SuiteRunnerWorker.run(SuiteRunnerWorker.java:86)
	at org.testng.TestNG.runSuitesSequentially(TestNG.java:1215)
	at org.testng.TestNG.runSuitesLocally(TestNG.java:1140)
	at org.testng.TestNG.run(TestNG.java:1048)
	at com.eduven.utils.RunTestng.main(RunTestng.java:58)
</pre></div></td>
<td>0</td>
<td>com.eduven.testcase.PurchaseTestCases@3d285d7e</td></tr>
<tr>
<td title='com.eduven.testcase.PurchaseTestCases.verify_purchase_btn_after_purchase()'><b>verify_purchase_btn_after_purchase</b><br>Test class: com.eduven.testcase.PurchaseTestCases</td>
<td><div><pre>org.openqa.selenium.remote.SessionNotFoundException: 
Command duration or timeout: 7 milliseconds
Build info: version: &apos;2.51.0&apos;, revision: &apos;1af067d&apos;, time: &apos;2016-02-05 19:11:55&apos;
System info: host: &apos;Hitesh-Mac-Mini.local&apos;, ip: &apos;10.30.30.97&apos;, os.name: &apos;Mac OS X&apos;, os.arch: &apos;x86_64&apos;, os.version: &apos;10.11.6&apos;, java.version: &apos;1.8.0_74&apos;
Driver info: io.appium.java_client.ios.IOSDriver
Capabilities [{app=/Users/hiteshbhardwaj/Downloads/greek.ipa, networkConnectionEnabled=false, warnings={}, appiumVersion=1.4.13, databaseEnabled=false, deviceName=Rahul&apos;s iPad (9.3.5), platform=UNIX, desired={app=/Users/hiteshbhardwaj/Downloads/greek.ipa, appiumVersion=1.4.13, platformVersion=9.3, automationName=Appium, udid=84974ee52e47314f4e50b296df4610e953edc63f, platformName=iOS, deviceName=Rahul&apos;s iPad (9.3.5), platform=IOS}, platformVersion=9.3, webStorageEnabled=false, locationContextEnabled=false, automationName=Appium, browserName=iOS, takesScreenshot=true, javascriptEnabled=true, udid=84974ee52e47314f4e50b296df4610e953edc63f, platformName=iOS}]
Session ID: 16b2d40a-0b6e-4dd0-93fd-7d7fb77cabc9
	at sun.reflect.NativeConstructorAccessorImpl.newInstance0(Native Method)
	at sun.reflect.NativeConstructorAccessorImpl.newInstance(NativeConstructorAccessorImpl.java:62)
	at sun.reflect.DelegatingConstructorAccessorImpl.newInstance(DelegatingConstructorAccessorImpl.java:45)
	at java.lang.reflect.Constructor.newInstance(Constructor.java:423)
	at org.openqa.selenium.remote.ErrorHandler.createThrowable(ErrorHandler.java:206)
	at org.openqa.selenium.remote.ErrorHandler.throwIfResponseFailed(ErrorHandler.java:164)
	at org.openqa.selenium.remote.RemoteWebDriver.execute(RemoteWebDriver.java:678)
	at io.appium.java_client.DefaultGenericMobileDriver.execute(DefaultGenericMobileDriver.java:43)
	at io.appium.java_client.AppiumDriver.execute(AppiumDriver.java:216)
	at org.openqa.selenium.remote.RemoteWebDriver$RemoteNavigation.back(RemoteWebDriver.java:961)
	at com.eduven.utils.Reusables.stepBack(Reusables.java:213)
	at com.eduven.testcase.PurchaseTestCases.verify_purchase_btn_after_purchase(PurchaseTestCases.java:60)
	at sun.reflect.NativeMethodAccessorImpl.invoke0(Native Method)
	at sun.reflect.NativeMethodAccessorImpl.invoke(NativeMethodAccessorImpl.java:62)
	at sun.reflect.DelegatingMethodAccessorImpl.invoke(DelegatingMethodAccessorImpl.java:43)
	at java.lang.reflect.Method.invoke(Method.java:498)
	at org.testng.internal.MethodInvocationHelper.invokeMethod(MethodInvocationHelper.java:85)
	at org.testng.internal.Invoker.invokeMethod(Invoker.java:639)
	at org.testng.internal.Invoker.invokeTestMethod(Invoker.java:816)
	at org.testng.internal.Invoker.invokeTestMethods(Invoker.java:1124)
	at org.testng.internal.TestMethodWorker.invokeTestMethods(TestMethodWorker.java:125)
	at org.testng.internal.TestMethodWorker.run(TestMethodWorker.java:108)
	at org.testng.TestRunner.privateRun(TestRunner.java:774)
	at org.testng.TestRunner.run(TestRunner.java:624)
	at org.testng.SuiteRunner.runTest(SuiteRunner.java:359)
	at org.testng.SuiteRunner.runSequentially(SuiteRunner.java:354)
	at org.testng.SuiteRunner.privateRun(SuiteRunner.java:312)
	at org.testng.SuiteRunner.run(SuiteRunner.java:261)
	at org.testng.SuiteRunnerWorker.runSuite(SuiteRunnerWorker.java:52)
	at org.testng.SuiteRunnerWorker.run(SuiteRunnerWorker.java:86)
	at org.testng.TestNG.runSuitesSequentially(TestNG.java:1215)
	at org.testng.TestNG.runSuitesLocally(TestNG.java:1140)
	at org.testng.TestNG.run(TestNG.java:1048)
	at com.eduven.utils.RunTestng.main(RunTestng.java:58)
</pre></div><a href='#' onClick='toggleBox("stack-trace1957078537", this, "Click to show all stack frames", "Click to hide stack frames")'>Click to show all stack frames</a>
<div class='stack-trace' id='stack-trace1957078537'><pre>org.openqa.selenium.remote.SessionNotFoundException: 
Command duration or timeout: 7 milliseconds
Build info: version: &apos;2.51.0&apos;, revision: &apos;1af067d&apos;, time: &apos;2016-02-05 19:11:55&apos;
System info: host: &apos;Hitesh-Mac-Mini.local&apos;, ip: &apos;10.30.30.97&apos;, os.name: &apos;Mac OS X&apos;, os.arch: &apos;x86_64&apos;, os.version: &apos;10.11.6&apos;, java.version: &apos;1.8.0_74&apos;
Driver info: io.appium.java_client.ios.IOSDriver
Capabilities [{app=/Users/hiteshbhardwaj/Downloads/greek.ipa, networkConnectionEnabled=false, warnings={}, appiumVersion=1.4.13, databaseEnabled=false, deviceName=Rahul&apos;s iPad (9.3.5), platform=UNIX, desired={app=/Users/hiteshbhardwaj/Downloads/greek.ipa, appiumVersion=1.4.13, platformVersion=9.3, automationName=Appium, udid=84974ee52e47314f4e50b296df4610e953edc63f, platformName=iOS, deviceName=Rahul&apos;s iPad (9.3.5), platform=IOS}, platformVersion=9.3, webStorageEnabled=false, locationContextEnabled=false, automationName=Appium, browserName=iOS, takesScreenshot=true, javascriptEnabled=true, udid=84974ee52e47314f4e50b296df4610e953edc63f, platformName=iOS}]
Session ID: 16b2d40a-0b6e-4dd0-93fd-7d7fb77cabc9
	at sun.reflect.NativeConstructorAccessorImpl.newInstance0(Native Method)
	at sun.reflect.NativeConstructorAccessorImpl.newInstance(NativeConstructorAccessorImpl.java:62)
	at sun.reflect.DelegatingConstructorAccessorImpl.newInstance(DelegatingConstructorAccessorImpl.java:45)
	at java.lang.reflect.Constructor.newInstance(Constructor.java:423)
	at org.openqa.selenium.remote.ErrorHandler.createThrowable(ErrorHandler.java:206)
	at org.openqa.selenium.remote.ErrorHandler.throwIfResponseFailed(ErrorHandler.java:164)
	at org.openqa.selenium.remote.RemoteWebDriver.execute(RemoteWebDriver.java:678)
	at io.appium.java_client.DefaultGenericMobileDriver.execute(DefaultGenericMobileDriver.java:43)
	at io.appium.java_client.AppiumDriver.execute(AppiumDriver.java:216)
	at org.openqa.selenium.remote.RemoteWebDriver$RemoteNavigation.back(RemoteWebDriver.java:961)
	at com.eduven.utils.Reusables.stepBack(Reusables.java:213)
	at com.eduven.testcase.PurchaseTestCases.verify_purchase_btn_after_purchase(PurchaseTestCases.java:60)
	at sun.reflect.NativeMethodAccessorImpl.invoke0(Native Method)
	at sun.reflect.NativeMethodAccessorImpl.invoke(NativeMethodAccessorImpl.java:62)
	at sun.reflect.DelegatingMethodAccessorImpl.invoke(DelegatingMethodAccessorImpl.java:43)
	at java.lang.reflect.Method.invoke(Method.java:498)
	at org.testng.internal.MethodInvocationHelper.invokeMethod(MethodInvocationHelper.java:85)
	at org.testng.internal.Invoker.invokeMethod(Invoker.java:639)
	at org.testng.internal.Invoker.invokeTestMethod(Invoker.java:816)
	at org.testng.internal.Invoker.invokeTestMethods(Invoker.java:1124)
	at org.testng.internal.TestMethodWorker.invokeTestMethods(TestMethodWorker.java:125)
	at org.testng.internal.TestMethodWorker.run(TestMethodWorker.java:108)
	at org.testng.TestRunner.privateRun(TestRunner.java:774)
	at org.testng.TestRunner.run(TestRunner.java:624)
	at org.testng.SuiteRunner.runTest(SuiteRunner.java:359)
	at org.testng.SuiteRunner.runSequentially(SuiteRunner.java:354)
	at org.testng.SuiteRunner.privateRun(SuiteRunner.java:312)
	at org.testng.SuiteRunner.run(SuiteRunner.java:261)
	at org.testng.SuiteRunnerWorker.runSuite(SuiteRunnerWorker.java:52)
	at org.testng.SuiteRunnerWorker.run(SuiteRunnerWorker.java:86)
	at org.testng.TestNG.runSuitesSequentially(TestNG.java:1215)
	at org.testng.TestNG.runSuitesLocally(TestNG.java:1140)
	at org.testng.TestNG.run(TestNG.java:1048)
	at com.eduven.utils.RunTestng.main(RunTestng.java:58)
</pre></div></td>
<td>2</td>
<td>com.eduven.testcase.PurchaseTestCases@3d285d7e</td></tr>
</table><p>
<table width='100%' border='1' class='invocation-passed'>
<tr><td colspan='4' align='center'><b>PASSED TESTS</b></td></tr>
<tr><td><b>Test method</b></td>
<td width="30%"><b>Exception</b></td>
<td width="10%"><b>Time (seconds)</b></td>
<td><b>Instance</b></td>
</tr>
<tr>
<td title='com.eduven.testcase.EduBankPageTestCases.add_term_in_edubank_for_quicklist_test()'><b>add_term_in_edubank_for_quicklist_test</b><br>Test class: com.eduven.testcase.EduBankPageTestCases</td>
<td></td>
<td>92</td>
<td>com.eduven.testcase.EduBankPageTestCases@4d1c00d0</td></tr>
<tr>
<td title='com.eduven.testcase.EduBankPageTestCases.add_term_in_edubank_test()'><b>add_term_in_edubank_test</b><br>Test class: com.eduven.testcase.EduBankPageTestCases</td>
<td></td>
<td>33</td>
<td>com.eduven.testcase.EduBankPageTestCases@4d1c00d0</td></tr>
<tr>
<td title='com.eduven.testcase.EvMenuPageTestCases.categorySettingPageTest()'><b>categorySettingPageTest</b><br>Test class: com.eduven.testcase.EvMenuPageTestCases</td>
<td></td>
<td>100</td>
<td>com.eduven.testcase.EvMenuPageTestCases@4e08711f</td></tr>
<tr>
<td title='com.eduven.testcase.EvMenuPageTestCases.dislcaimerPageTest()'><b>dislcaimerPageTest</b><br>Test class: com.eduven.testcase.EvMenuPageTestCases</td>
<td></td>
<td>50</td>
<td>com.eduven.testcase.EvMenuPageTestCases@4e08711f</td></tr>
<tr>
<td title='com.eduven.testcase.EvMenuPageTestCases.evmenuShareAppTest()'><b>evmenuShareAppTest</b><br>Test class: com.eduven.testcase.EvMenuPageTestCases</td>
<td></td>
<td>43</td>
<td>com.eduven.testcase.EvMenuPageTestCases@4e08711f</td></tr>
<tr>
<td title='com.eduven.testcase.EvMenuPageTestCases.faqsPageTest()'><b>faqsPageTest</b><br>Test class: com.eduven.testcase.EvMenuPageTestCases</td>
<td></td>
<td>50</td>
<td>com.eduven.testcase.EvMenuPageTestCases@4e08711f</td></tr>
<tr>
<td title='com.eduven.testcase.SearchPageTestCases.free_term_search_test()'><b>free_term_search_test</b><br>Test class: com.eduven.testcase.SearchPageTestCases</td>
<td></td>
<td>101</td>
<td>com.eduven.testcase.SearchPageTestCases@4b2bac3f</td></tr>
<tr>
<td title='com.eduven.testcase.EvMenuPageTestCases.getInTouchPageTest()'><b>getInTouchPageTest</b><br>Test class: com.eduven.testcase.EvMenuPageTestCases</td>
<td></td>
<td>46</td>
<td>com.eduven.testcase.EvMenuPageTestCases@4e08711f</td></tr>
<tr>
<td title='com.eduven.testcase.EduBankPageTestCases.handlingRateAppPopupTest()'><b>handlingRateAppPopupTest</b><br>Test class: com.eduven.testcase.EduBankPageTestCases</td>
<td></td>
<td>63</td>
<td>com.eduven.testcase.EduBankPageTestCases@4d1c00d0</td></tr>
<tr>
<td title='com.eduven.testcase.SearchPageTestCases.handlingRateTheAppPopupTest()'><b>handlingRateTheAppPopupTest</b><br>Test class: com.eduven.testcase.SearchPageTestCases</td>
<td></td>
<td>17</td>
<td>com.eduven.testcase.SearchPageTestCases@4b2bac3f</td></tr>
<tr>
<td title='com.eduven.testcase.EvMenuPageTestCases.handlingRateThisAppTest()'><b>handlingRateThisAppTest</b><br>Test class: com.eduven.testcase.EvMenuPageTestCases</td>
<td></td>
<td>64</td>
<td>com.eduven.testcase.EvMenuPageTestCases@4e08711f</td></tr>
<tr>
<td title='com.eduven.testcase.HomePageTestCases.handling_rate_app_popup_test()'><b>handling_rate_app_popup_test</b><br>Test class: com.eduven.testcase.HomePageTestCases</td>
<td></td>
<td>64</td>
<td>com.eduven.testcase.HomePageTestCases@3bf7ca37</td></tr>
<tr>
<td title='com.eduven.testcase.CategoryPageTestCases.handling_rate_app_popup_test()'><b>handling_rate_app_popup_test</b><br>Test class: com.eduven.testcase.CategoryPageTestCases</td>
<td></td>
<td>64</td>
<td>com.eduven.testcase.CategoryPageTestCases@79079097</td></tr>
<tr>
<td title='com.eduven.testcase.EduBankPageTestCases.installAppAndLanguageSelectionTest()'><b>installAppAndLanguageSelectionTest</b><br>Test class: com.eduven.testcase.EduBankPageTestCases</td>
<td></td>
<td>112</td>
<td>com.eduven.testcase.EduBankPageTestCases@4d1c00d0</td></tr>
<tr>
<td title='com.eduven.testcase.EvMenuPageTestCases.installAppAndLanguageSelectionTest()'><b>installAppAndLanguageSelectionTest</b><br>Test class: com.eduven.testcase.EvMenuPageTestCases</td>
<td></td>
<td>112</td>
<td>com.eduven.testcase.EvMenuPageTestCases@4e08711f</td></tr>
<tr>
<td title='com.eduven.testcase.HomePageTestCases.install_app_and_language_selection_test()'><b>install_app_and_language_selection_test</b><br>Test class: com.eduven.testcase.HomePageTestCases</td>
<td></td>
<td>64</td>
<td>com.eduven.testcase.HomePageTestCases@3bf7ca37</td></tr>
<tr>
<td title='com.eduven.testcase.CategoryPageTestCases.install_app_and_language_selection_test()'><b>install_app_and_language_selection_test</b><br>Test class: com.eduven.testcase.CategoryPageTestCases</td>
<td></td>
<td>112</td>
<td>com.eduven.testcase.CategoryPageTestCases@79079097</td></tr>
<tr>
<td title='com.eduven.testcase.SearchPageTestCases.languageSelectionTest()'><b>languageSelectionTest</b><br>Test class: com.eduven.testcase.SearchPageTestCases</td>
<td></td>
<td>112</td>
<td>com.eduven.testcase.SearchPageTestCases@4b2bac3f</td></tr>
<tr>
<td title='com.eduven.testcase.EvMenuPageTestCases.navigateToContributePageTest()'><b>navigateToContributePageTest</b><br>Test class: com.eduven.testcase.EvMenuPageTestCases</td>
<td></td>
<td>29</td>
<td>com.eduven.testcase.EvMenuPageTestCases@4e08711f</td></tr>
<tr>
<td title='com.eduven.testcase.EvMenuPageTestCases.navigateToMoreAppsPageTest()'><b>navigateToMoreAppsPageTest</b><br>Test class: com.eduven.testcase.EvMenuPageTestCases</td>
<td></td>
<td>42</td>
<td>com.eduven.testcase.EvMenuPageTestCases@4e08711f</td></tr>
<tr>
<td title='com.eduven.testcase.EduBankPageTestCases.navigate_to_edubank_quicklist_test()'><b>navigate_to_edubank_quicklist_test</b><br>Test class: com.eduven.testcase.EduBankPageTestCases</td>
<td></td>
<td>92</td>
<td>com.eduven.testcase.EduBankPageTestCases@4d1c00d0</td></tr>
<tr>
<td title='com.eduven.testcase.EduBankPageTestCases.navigate_to_edubank_test()'><b>navigate_to_edubank_test</b><br>Test class: com.eduven.testcase.EduBankPageTestCases</td>
<td></td>
<td>89</td>
<td>com.eduven.testcase.EduBankPageTestCases@4d1c00d0</td></tr>
<tr>
<td title='com.eduven.testcase.EduBankPageTestCases.navigate_to_quicklist_page_test()'><b>navigate_to_quicklist_page_test</b><br>Test class: com.eduven.testcase.EduBankPageTestCases</td>
<td></td>
<td>28</td>
<td>com.eduven.testcase.EduBankPageTestCases@4d1c00d0</td></tr>
<tr>
<td title='com.eduven.testcase.EduBankPageTestCases.navigate_to_quicklist_term_page_test()'><b>navigate_to_quicklist_term_page_test</b><br>Test class: com.eduven.testcase.EduBankPageTestCases</td>
<td></td>
<td>35</td>
<td>com.eduven.testcase.EduBankPageTestCases@4d1c00d0</td></tr>
<tr>
<td title='com.eduven.testcase.SearchPageTestCases.navigate_to_search_page_test()'><b>navigate_to_search_page_test</b><br>Test class: com.eduven.testcase.SearchPageTestCases</td>
<td></td>
<td>8</td>
<td>com.eduven.testcase.SearchPageTestCases@4b2bac3f</td></tr>
<tr>
<td title='com.eduven.testcase.EduBankPageTestCases.navigate_to_term_page_test()'><b>navigate_to_term_page_test</b><br>Test class: com.eduven.testcase.EduBankPageTestCases</td>
<td></td>
<td>70</td>
<td>com.eduven.testcase.EduBankPageTestCases@4d1c00d0</td></tr>
<tr>
<td title='com.eduven.testcase.SearchPageTestCases.premium_term_search_test()'><b>premium_term_search_test</b><br>Test class: com.eduven.testcase.SearchPageTestCases</td>
<td></td>
<td>45</td>
<td>com.eduven.testcase.SearchPageTestCases@4b2bac3f</td></tr>
<tr>
<td title='com.eduven.testcase.EvMenuPageTestCases.privacyPolicyPageTest()'><b>privacyPolicyPageTest</b><br>Test class: com.eduven.testcase.EvMenuPageTestCases</td>
<td></td>
<td>51</td>
<td>com.eduven.testcase.EvMenuPageTestCases@4e08711f</td></tr>
<tr>
<td title='com.eduven.testcase.EvMenuPageTestCases.rateThisAppTest()'><b>rateThisAppTest</b><br>Test class: com.eduven.testcase.EvMenuPageTestCases</td>
<td></td>
<td>0</td>
<td>com.eduven.testcase.EvMenuPageTestCases@4e08711f</td></tr>
<tr>
<td title='com.eduven.testcase.EduBankPageTestCases.remove_all_terms_from_Edubank_for_quicklist_test()'><b>remove_all_terms_from_Edubank_for_quicklist_test</b><br>Test class: com.eduven.testcase.EduBankPageTestCases</td>
<td></td>
<td>3</td>
<td>com.eduven.testcase.EduBankPageTestCases@4d1c00d0</td></tr>
<tr>
<td title='com.eduven.testcase.EduBankPageTestCases.remove_all_terms_from_Edubank_test()'><b>remove_all_terms_from_Edubank_test</b><br>Test class: com.eduven.testcase.EduBankPageTestCases</td>
<td></td>
<td>6</td>
<td>com.eduven.testcase.EduBankPageTestCases@4d1c00d0</td></tr>
<tr>
<td title='com.eduven.testcase.EduBankPageTestCases.remove_terms_from_Edubank_for_quicklist_test()'><b>remove_terms_from_Edubank_for_quicklist_test</b><br>Test class: com.eduven.testcase.EduBankPageTestCases</td>
<td></td>
<td>6</td>
<td>com.eduven.testcase.EduBankPageTestCases@4d1c00d0</td></tr>
<tr>
<td title='com.eduven.testcase.EduBankPageTestCases.remove_terms_from_Edubank_test()'><b>remove_terms_from_Edubank_test</b><br>Test class: com.eduven.testcase.EduBankPageTestCases</td>
<td></td>
<td>6</td>
<td>com.eduven.testcase.EduBankPageTestCases@4d1c00d0</td></tr>
<tr>
<td title='com.eduven.testcase.EvMenuPageTestCases.selectAllCategoryInCategorySettingPageTest()'><b>selectAllCategoryInCategorySettingPageTest</b><br>Test class: com.eduven.testcase.EvMenuPageTestCases</td>
<td></td>
<td>79</td>
<td>com.eduven.testcase.EvMenuPageTestCases@4e08711f</td></tr>
<tr>
<td title='com.eduven.testcase.EvMenuPageTestCases.selectAllCategoryInWordOffTheDayPageTest()'><b>selectAllCategoryInWordOffTheDayPageTest</b><br>Test class: com.eduven.testcase.EvMenuPageTestCases</td>
<td></td>
<td>81</td>
<td>com.eduven.testcase.EvMenuPageTestCases@4e08711f</td></tr>
<tr>
<td title='com.eduven.testcase.EvMenuPageTestCases.termAndConditionPageTest()'><b>termAndConditionPageTest</b><br>Test class: com.eduven.testcase.EvMenuPageTestCases</td>
<td></td>
<td>51</td>
<td>com.eduven.testcase.EvMenuPageTestCases@4e08711f</td></tr>
<tr>
<td title='com.eduven.testcase.CategoryPageTestCases.verifyCategoriesList()'><b>verifyCategoriesList</b><br>Test class: com.eduven.testcase.CategoryPageTestCases</td>
<td></td>
<td>450</td>
<td>com.eduven.testcase.CategoryPageTestCases@79079097</td></tr>
<tr>
<td title='com.eduven.testcase.CategoryPageTestCases.verifyCategoryHeaderTxt()'><b>verifyCategoryHeaderTxt</b><br>Test class: com.eduven.testcase.CategoryPageTestCases</td>
<td></td>
<td>2</td>
<td>com.eduven.testcase.CategoryPageTestCases@79079097</td></tr>
<tr>
<td title='com.eduven.testcase.EvMenuPageTestCases.verifyContributePageWithCategoryTest()'><b>verifyContributePageWithCategoryTest</b><br>Test class: com.eduven.testcase.EvMenuPageTestCases</td>
<td></td>
<td>57</td>
<td>com.eduven.testcase.EvMenuPageTestCases@4e08711f</td></tr>
<tr>
<td title='com.eduven.testcase.EvMenuPageTestCases.verifyContributePageWithRequiredTextTest()'><b>verifyContributePageWithRequiredTextTest</b><br>Test class: com.eduven.testcase.EvMenuPageTestCases</td>
<td></td>
<td>72</td>
<td>com.eduven.testcase.EvMenuPageTestCases@4e08711f</td></tr>
<tr>
<td title='com.eduven.testcase.EvMenuPageTestCases.verifyContributePageWithWordTest()'><b>verifyContributePageWithWordTest</b><br>Test class: com.eduven.testcase.EvMenuPageTestCases</td>
<td></td>
<td>46</td>
<td>com.eduven.testcase.EvMenuPageTestCases@4e08711f</td></tr>
<tr>
<td title='com.eduven.testcase.EvMenuPageTestCases.verifyContributePageWithoutTextTest()'><b>verifyContributePageWithoutTextTest</b><br>Test class: com.eduven.testcase.EvMenuPageTestCases</td>
<td></td>
<td>23</td>
<td>com.eduven.testcase.EvMenuPageTestCases@4e08711f</td></tr>
<tr>
<td title='com.eduven.testcase.EvMenuPageTestCases.verifyMoreAppsPageTest()'><b>verifyMoreAppsPageTest</b><br>Test class: com.eduven.testcase.EvMenuPageTestCases</td>
<td></td>
<td>0</td>
<td>com.eduven.testcase.EvMenuPageTestCases@4e08711f</td></tr>
<tr>
<td title='com.eduven.testcase.SearchPageTestCases.verifySearchPageHeaderTest()'><b>verifySearchPageHeaderTest</b><br>Test class: com.eduven.testcase.SearchPageTestCases</td>
<td></td>
<td>7</td>
<td>com.eduven.testcase.SearchPageTestCases@4b2bac3f</td></tr>
<tr>
<td title='com.eduven.testcase.EduBankPageTestCases.verify_added_term_in_edubank_after_removedItTest()'><b>verify_added_term_in_edubank_after_removedItTest</b><br>Test class: com.eduven.testcase.EduBankPageTestCases</td>
<td></td>
<td>31</td>
<td>com.eduven.testcase.EduBankPageTestCases@4d1c00d0</td></tr>
<tr>
<td title='com.eduven.testcase.EduBankPageTestCases.verify_added_term_in_edubank_for_quicklist_after_remove_one_term_test()'><b>verify_added_term_in_edubank_for_quicklist_after_remove_one_term_test</b><br>Test class: com.eduven.testcase.EduBankPageTestCases</td>
<td></td>
<td>31</td>
<td>com.eduven.testcase.EduBankPageTestCases@4d1c00d0</td></tr>
<tr>
<td title='com.eduven.testcase.EduBankPageTestCases.verify_added_term_in_edubank_for_quicklist_test()'><b>verify_added_term_in_edubank_for_quicklist_test</b><br>Test class: com.eduven.testcase.EduBankPageTestCases</td>
<td></td>
<td>35</td>
<td>com.eduven.testcase.EduBankPageTestCases@4d1c00d0</td></tr>
<tr>
<td title='com.eduven.testcase.EduBankPageTestCases.verify_added_term_in_edubank_test()'><b>verify_added_term_in_edubank_test</b><br>Test class: com.eduven.testcase.EduBankPageTestCases</td>
<td></td>
<td>45</td>
<td>com.eduven.testcase.EduBankPageTestCases@4d1c00d0</td></tr>
<tr>
<td title='com.eduven.testcase.HomePageTestCases.verify_element_on_homePage_test()'><b>verify_element_on_homePage_test</b><br>Test class: com.eduven.testcase.HomePageTestCases</td>
<td></td>
<td>9</td>
<td>com.eduven.testcase.HomePageTestCases@3bf7ca37</td></tr>
<tr>
<td title='com.eduven.testcase.HomePageTestCases.verify_footer_edubank_button_on_home_page_test()'><b>verify_footer_edubank_button_on_home_page_test</b><br>Test class: com.eduven.testcase.HomePageTestCases</td>
<td></td>
<td>2</td>
<td>com.eduven.testcase.HomePageTestCases@3bf7ca37</td></tr>
<tr>
<td title='com.eduven.testcase.HomePageTestCases.verify_footer_games_button_on_home_page_test()'><b>verify_footer_games_button_on_home_page_test</b><br>Test class: com.eduven.testcase.HomePageTestCases</td>
<td></td>
<td>2</td>
<td>com.eduven.testcase.HomePageTestCases@3bf7ca37</td></tr>
<tr>
<td title='com.eduven.testcase.HomePageTestCases.verify_footer_purchase_button_on_home_page_test()'><b>verify_footer_purchase_button_on_home_page_test</b><br>Test class: com.eduven.testcase.HomePageTestCases</td>
<td></td>
<td>2</td>
<td>com.eduven.testcase.HomePageTestCases@3bf7ca37</td></tr>
<tr>
<td title='com.eduven.testcase.HomePageTestCases.verify_footer_quicklist_button_on_home_page_test()'><b>verify_footer_quicklist_button_on_home_page_test</b><br>Test class: com.eduven.testcase.HomePageTestCases</td>
<td></td>
<td>2</td>
<td>com.eduven.testcase.HomePageTestCases@3bf7ca37</td></tr>
<tr>
<td title='com.eduven.testcase.HomePageTestCases.verify_footer_switchlingo_button_on_home_page_test()'><b>verify_footer_switchlingo_button_on_home_page_test</b><br>Test class: com.eduven.testcase.HomePageTestCases</td>
<td></td>
<td>2</td>
<td>com.eduven.testcase.HomePageTestCases@3bf7ca37</td></tr>
<tr>
<td title='com.eduven.testcase.EvMenuPageTestCases.wordOfTheDayTest()'><b>wordOfTheDayTest</b><br>Test class: com.eduven.testcase.EvMenuPageTestCases</td>
<td></td>
<td>96</td>
<td>com.eduven.testcase.EvMenuPageTestCases@4e08711f</td></tr>
</table><p>
<table width='100%' border='1' class='invocation-skipped'>
<tr><td colspan='4' align='center'><b>SKIPPED TESTS</b></td></tr>
<tr><td><b>Test method</b></td>
<td width="30%"><b>Exception</b></td>
<td width="10%"><b>Time (seconds)</b></td>
<td><b>Instance</b></td>
</tr>
<tr>
<td title='com.eduven.testcase.AutoPlayPageTestCases.autoPlayButtonForPlayButtonTest()'><b>autoPlayButtonForPlayButtonTest</b><br>Test class: com.eduven.testcase.AutoPlayPageTestCases</td>
<td></td>
<td>0</td>
<td>com.eduven.testcase.AutoPlayPageTestCases@302552ec</td></tr>
<tr>
<td title='com.eduven.testcase.EvMenuPageTestCases.evmenuFacebookMessageSharingTest()'><b>evmenuFacebookMessageSharingTest</b><br>Test class: com.eduven.testcase.EvMenuPageTestCases</td>
<td></td>
<td>0</td>
<td>com.eduven.testcase.EvMenuPageTestCases@4e08711f</td></tr>
<tr>
<td title='com.eduven.testcase.EvMenuPageTestCases.evmenuSelectAudienceTest()'><b>evmenuSelectAudienceTest</b><br>Test class: com.eduven.testcase.EvMenuPageTestCases</td>
<td></td>
<td>0</td>
<td>com.eduven.testcase.EvMenuPageTestCases@4e08711f</td></tr>
<tr>
<td title='com.eduven.testcase.AutoPlayPageTestCases.increaseDealayTimeTest()'><b>increaseDealayTimeTest</b><br>Test class: com.eduven.testcase.AutoPlayPageTestCases</td>
<td></td>
<td>0</td>
<td>com.eduven.testcase.AutoPlayPageTestCases@302552ec</td></tr>
<tr>
<td title='com.eduven.testcase.SwitchLanguagePageTestCases.installAppAndLanguageSelectionTest()'><b>installAppAndLanguageSelectionTest</b><br>Test class: com.eduven.testcase.SwitchLanguagePageTestCases</td>
<td></td>
<td>0</td>
<td>com.eduven.testcase.SwitchLanguagePageTestCases@40005471</td></tr>
<tr>
<td title='com.eduven.testcase.TermListPageTestCases.install_app_and_language_selection_test()'><b>install_app_and_language_selection_test</b><br>Test class: com.eduven.testcase.TermListPageTestCases</td>
<td></td>
<td>0</td>
<td>com.eduven.testcase.TermListPageTestCases@bcec361</td></tr>
<tr>
<td title='com.eduven.testcase.QuickListPageTestCases.install_app_and_language_selection_test()'><b>install_app_and_language_selection_test</b><br>Test class: com.eduven.testcase.QuickListPageTestCases</td>
<td></td>
<td>0</td>
<td>com.eduven.testcase.QuickListPageTestCases@26794848</td></tr>
<tr>
<td title='com.eduven.testcase.AutoPlayPageTestCases.languageSelectionTest()'><b>languageSelectionTest</b><br>Test class: com.eduven.testcase.AutoPlayPageTestCases</td>
<td></td>
<td>0</td>
<td>com.eduven.testcase.AutoPlayPageTestCases@302552ec</td></tr>
<tr>
<td title='com.eduven.testcase.SwitchLanguagePageTestCases.language_selection_test()'><b>language_selection_test</b><br>Test class: com.eduven.testcase.SwitchLanguagePageTestCases</td>
<td></td>
<td>0</td>
<td>com.eduven.testcase.SwitchLanguagePageTestCases@40005471</td></tr>
<tr>
<td title='com.eduven.testcase.SwitchLanguagePageTestCases.navigateToSswitchLingoPageTest()'><b>navigateToSswitchLingoPageTest</b><br>Test class: com.eduven.testcase.SwitchLanguagePageTestCases</td>
<td></td>
<td>0</td>
<td>com.eduven.testcase.SwitchLanguagePageTestCases@40005471</td></tr>
<tr>
<td title='com.eduven.testcase.TermListPageTestCases.navigate_to_edit_term_page_test()'><b>navigate_to_edit_term_page_test</b><br>Test class: com.eduven.testcase.TermListPageTestCases</td>
<td></td>
<td>0</td>
<td>com.eduven.testcase.TermListPageTestCases@bcec361</td></tr>
<tr>
<td title='com.eduven.testcase.QuickListPageTestCases.navigate_to_quick_list_term_test()'><b>navigate_to_quick_list_term_test</b><br>Test class: com.eduven.testcase.QuickListPageTestCases</td>
<td></td>
<td>0</td>
<td>com.eduven.testcase.QuickListPageTestCases@26794848</td></tr>
<tr>
<td title='com.eduven.testcase.SwitchLanguagePageTestCases.navigate_to_quick_list_term_test()'><b>navigate_to_quick_list_term_test</b><br>Test class: com.eduven.testcase.SwitchLanguagePageTestCases</td>
<td></td>
<td>0</td>
<td>com.eduven.testcase.SwitchLanguagePageTestCases@40005471</td></tr>
<tr>
<td title='com.eduven.testcase.QuickListPageTestCases.navigate_to_quick_list_test()'><b>navigate_to_quick_list_test</b><br>Test class: com.eduven.testcase.QuickListPageTestCases</td>
<td></td>
<td>0</td>
<td>com.eduven.testcase.QuickListPageTestCases@26794848</td></tr>
<tr>
<td title='com.eduven.testcase.SwitchLanguagePageTestCases.navigate_to_quick_list_test()'><b>navigate_to_quick_list_test</b><br>Test class: com.eduven.testcase.SwitchLanguagePageTestCases</td>
<td></td>
<td>0</td>
<td>com.eduven.testcase.SwitchLanguagePageTestCases@40005471</td></tr>
<tr>
<td title='com.eduven.testcase.SwitchLanguagePageTestCases.purchase_native_langugae_test()'><b>purchase_native_langugae_test</b><br>Test class: com.eduven.testcase.SwitchLanguagePageTestCases</td>
<td></td>
<td>0</td>
<td>com.eduven.testcase.SwitchLanguagePageTestCases@40005471</td></tr>
<tr>
<td title='com.eduven.testcase.AutoPlayPageTestCases.selectRandomCategoryTest()'><b>selectRandomCategoryTest</b><br>Test class: com.eduven.testcase.AutoPlayPageTestCases</td>
<td></td>
<td>0</td>
<td>com.eduven.testcase.AutoPlayPageTestCases@302552ec</td></tr>
<tr>
<td title='com.eduven.testcase.SwitchLanguagePageTestCases.switch_lingo_change_base_language_test()'><b>switch_lingo_change_base_language_test</b><br>Test class: com.eduven.testcase.SwitchLanguagePageTestCases</td>
<td></td>
<td>0</td>
<td>com.eduven.testcase.SwitchLanguagePageTestCases@40005471</td></tr>
<tr>
<td title='com.eduven.testcase.AutoPlayPageTestCases.verifyAutoPlayButtonTest()'><b>verifyAutoPlayButtonTest</b><br>Test class: com.eduven.testcase.AutoPlayPageTestCases</td>
<td></td>
<td>0</td>
<td>com.eduven.testcase.AutoPlayPageTestCases@302552ec</td></tr>
<tr>
<td title='com.eduven.testcase.AutoPlayPageTestCases.verifyCategoryHeaderTxt()'><b>verifyCategoryHeaderTxt</b><br>Test class: com.eduven.testcase.AutoPlayPageTestCases</td>
<td></td>
<td>0</td>
<td>com.eduven.testcase.AutoPlayPageTestCases@302552ec</td></tr>
<tr>
<td title='com.eduven.testcase.AutoPlayPageTestCases.verify_auto_play_works_test()'><b>verify_auto_play_works_test</b><br>Test class: com.eduven.testcase.AutoPlayPageTestCases</td>
<td></td>
<td>0</td>
<td>com.eduven.testcase.AutoPlayPageTestCases@302552ec</td></tr>
<tr>
<td title='com.eduven.testcase.SwitchLanguagePageTestCases.verify_category_list_after_base_language_change_test()'><b>verify_category_list_after_base_language_change_test</b><br>Test class: com.eduven.testcase.SwitchLanguagePageTestCases</td>
<td></td>
<td>0</td>
<td>com.eduven.testcase.SwitchLanguagePageTestCases@40005471</td></tr>
<tr>
<td title='com.eduven.testcase.TermListPageTestCases.verify_contribute_page_with_word_test()'><b>verify_contribute_page_with_word_test</b><br>Test class: com.eduven.testcase.TermListPageTestCases</td>
<td></td>
<td>0</td>
<td>com.eduven.testcase.TermListPageTestCases@bcec361</td></tr>
<tr>
<td title='com.eduven.testcase.TermListPageTestCases.verify_contribute_page_without_text_test()'><b>verify_contribute_page_without_text_test</b><br>Test class: com.eduven.testcase.TermListPageTestCases</td>
<td></td>
<td>0</td>
<td>com.eduven.testcase.TermListPageTestCases@bcec361</td></tr>
<tr>
<td title='com.eduven.testcase.QuickListPageTestCases.verify_lock_term_name_test()'><b>verify_lock_term_name_test</b><br>Test class: com.eduven.testcase.QuickListPageTestCases</td>
<td></td>
<td>0</td>
<td>com.eduven.testcase.QuickListPageTestCases@26794848</td></tr>
<tr>
<td title='com.eduven.testcase.QuickListPageTestCases.verify_quick_list_category_test()'><b>verify_quick_list_category_test</b><br>Test class: com.eduven.testcase.QuickListPageTestCases</td>
<td></td>
<td>0</td>
<td>com.eduven.testcase.QuickListPageTestCases@26794848</td></tr>
<tr>
<td title='com.eduven.testcase.SwitchLanguagePageTestCases.verify_quick_list_category_test()'><b>verify_quick_list_category_test</b><br>Test class: com.eduven.testcase.SwitchLanguagePageTestCases</td>
<td></td>
<td>0</td>
<td>com.eduven.testcase.SwitchLanguagePageTestCases@40005471</td></tr>
<tr>
<td title='com.eduven.testcase.QuickListPageTestCases.verify_quick_list_headertxt_test()'><b>verify_quick_list_headertxt_test</b><br>Test class: com.eduven.testcase.QuickListPageTestCases</td>
<td></td>
<td>0</td>
<td>com.eduven.testcase.QuickListPageTestCases@26794848</td></tr>
<tr>
<td title='com.eduven.testcase.SwitchLanguagePageTestCases.verify_quick_list_headertxt_test()'><b>verify_quick_list_headertxt_test</b><br>Test class: com.eduven.testcase.SwitchLanguagePageTestCases</td>
<td></td>
<td>0</td>
<td>com.eduven.testcase.SwitchLanguagePageTestCases@40005471</td></tr>
<tr>
<td title='com.eduven.testcase.TermListPageTestCases.verify_rendering_name_on_termlist_page_test()'><b>verify_rendering_name_on_termlist_page_test</b><br>Test class: com.eduven.testcase.TermListPageTestCases</td>
<td></td>
<td>0</td>
<td>com.eduven.testcase.TermListPageTestCases@bcec361</td></tr>
<tr>
<td title='com.eduven.testcase.SwitchLanguagePageTestCases.verify_term_header_and_term_name_list_test()'><b>verify_term_header_and_term_name_list_test</b><br>Test class: com.eduven.testcase.SwitchLanguagePageTestCases</td>
<td></td>
<td>0</td>
<td>com.eduven.testcase.SwitchLanguagePageTestCases@40005471</td></tr>
<tr>
<td title='com.eduven.testcase.QuickListPageTestCases.verify_terms_name_on_termlist_page_test()'><b>verify_terms_name_on_termlist_page_test</b><br>Test class: com.eduven.testcase.QuickListPageTestCases</td>
<td></td>
<td>0</td>
<td>com.eduven.testcase.QuickListPageTestCases@26794848</td></tr>
<tr>
<td title='com.eduven.testcase.SwitchLanguagePageTestCases.verify_terms_name_on_termlist_page_test()'><b>verify_terms_name_on_termlist_page_test</b><br>Test class: com.eduven.testcase.SwitchLanguagePageTestCases</td>
<td></td>
<td>0</td>
<td>com.eduven.testcase.SwitchLanguagePageTestCases@40005471</td></tr>
<tr>
<td title='com.eduven.testcase.QuickListPageTestCases.verify_unlock_term_name_test()'><b>verify_unlock_term_name_test</b><br>Test class: com.eduven.testcase.QuickListPageTestCases</td>
<td></td>
<td>0</td>
<td>com.eduven.testcase.QuickListPageTestCases@26794848</td></tr>
</table><p>
</body>
</html>