<?xml version="1.0" encoding="UTF-8"?>
<!-- Generated by org.testng.reporters.JUnitXMLReporter -->
<testsuite hostname="Akashs-Mac-mini.local" name="HomePageTest" tests="5" failures="1" timestamp="26 Feb 2016 09:50:24 GMT" time="113.758" errors="0">
  <testcase name="business_boulevards_page_test" time="20.334" classname="com.eduven.testcase.BusinessBoulevardsPageTestCases"/>
  <testcase name="business_boulevards_page_header_test" time="20.417" classname="com.eduven.testcase.BusinessBoulevardsPageTestCases"/>
  <testcase name="business_boulevards_page_entity_test" time="8.851" classname="com.eduven.testcase.BusinessBoulevardsPageTestCases"/>
  <testcase name="business_boulevards_page_free_entity_test" time="32.934" classname="com.eduven.testcase.BusinessBoulevardsPageTestCases"/>
  <testcase name="business_boulevards_page_premium_entity_test" time="18.403" classname="com.eduven.testcase.BusinessBoulevardsPageTestCases">
    <failure type="org.openqa.selenium.NoSuchElementException" message="An element could not be located on the page using the given search parameters. (WARNING: The server did not provide any stacktrace information)
Command duration or timeout: 1.65 seconds
For documentation on this error, please visit: http://seleniumhq.org/exceptions/no_such_element.html
Build info: version: &amp;apos;2.51.0&amp;apos;, revision: &amp;apos;1af067d&amp;apos;, time: &amp;apos;2016-02-05 19:15:17&amp;apos;
System info: host: &amp;apos;Akashs-Mac-mini.local&amp;apos;, ip: &amp;apos;10.30.30.98&amp;apos;, os.name: &amp;apos;Mac OS X&amp;apos;, os.arch: &amp;apos;x86_64&amp;apos;, os.version: &amp;apos;10.9.5&amp;apos;, java.version: &amp;apos;1.8.0_74&amp;apos;
Driver info: io.appium.java_client.ios.IOSDriver
Capabilities [{app=/Users/hiteshbhardwaj/Desktop/automation/CountryGuideFramework.ipa, networkConnectionEnabled=false, warnings={}, appiumVersion=1.4.13, databaseEnabled=false, deviceName=iPhone 5s, platform=UNIX, desired={app=/Users/hiteshbhardwaj/Desktop/automation/CountryGuideFramework.ipa, appiumVersion=1.4.13, platformVersion=8.1, automationName=ios_automation, udid=1729b469f8bacbe08fa578a280114ad92400f973, platformName=iOS, deviceName=iPhone 5s, platform=IOS}, platformVersion=8.1, webStorageEnabled=false, locationContextEnabled=false, automationName=ios_automation, browserName=iOS, takesScreenshot=true, javascriptEnabled=true, udid=1729b469f8bacbe08fa578a280114ad92400f973, platformName=iOS}]
Session ID: 45b79094-5401-42ed-b2be-74cf6c43f3f9
*** Element info: {Using=name, value=Bombay Stock Exchnage}">
      <![CDATA[org.openqa.selenium.NoSuchElementException: An element could not be located on the page using the given search parameters. (WARNING: The server did not provide any stacktrace information)
Command duration or timeout: 1.65 seconds
For documentation on this error, please visit: http://seleniumhq.org/exceptions/no_such_element.html
Build info: version: '2.51.0', revision: '1af067d', time: '2016-02-05 19:15:17'
System info: host: 'Akashs-Mac-mini.local', ip: '10.30.30.98', os.name: 'Mac OS X', os.arch: 'x86_64', os.version: '10.9.5', java.version: '1.8.0_74'
Driver info: io.appium.java_client.ios.IOSDriver
Capabilities [{app=/Users/hiteshbhardwaj/Desktop/automation/CountryGuideFramework.ipa, networkConnectionEnabled=false, warnings={}, appiumVersion=1.4.13, databaseEnabled=false, deviceName=iPhone 5s, platform=UNIX, desired={app=/Users/hiteshbhardwaj/Desktop/automation/CountryGuideFramework.ipa, appiumVersion=1.4.13, platformVersion=8.1, automationName=ios_automation, udid=1729b469f8bacbe08fa578a280114ad92400f973, platformName=iOS, deviceName=iPhone 5s, platform=IOS}, platformVersion=8.1, webStorageEnabled=false, locationContextEnabled=false, automationName=ios_automation, browserName=iOS, takesScreenshot=true, javascriptEnabled=true, udid=1729b469f8bacbe08fa578a280114ad92400f973, platformName=iOS}]
Session ID: 45b79094-5401-42ed-b2be-74cf6c43f3f9
*** Element info: {Using=name, value=Bombay Stock Exchnage}
	at sun.reflect.NativeConstructorAccessorImpl.newInstance0(Native Method)
	at sun.reflect.NativeConstructorAccessorImpl.newInstance(NativeConstructorAccessorImpl.java:62)
	at sun.reflect.DelegatingConstructorAccessorImpl.newInstance(DelegatingConstructorAccessorImpl.java:45)
	at java.lang.reflect.Constructor.newInstance(Constructor.java:423)
	at org.openqa.selenium.remote.ErrorHandler.createThrowable(ErrorHandler.java:206)
	at org.openqa.selenium.remote.ErrorHandler.throwIfResponseFailed(ErrorHandler.java:158)
	at org.openqa.selenium.remote.RemoteWebDriver.execute(RemoteWebDriver.java:678)
	at io.appium.java_client.DefaultGenericMobileDriver.execute(DefaultGenericMobileDriver.java:42)
	at io.appium.java_client.AppiumDriver.execute(AppiumDriver.java:1)
	at io.appium.java_client.ios.IOSDriver.execute(IOSDriver.java:1)
	at org.openqa.selenium.remote.RemoteWebDriver.findElement(RemoteWebDriver.java:363)
	at org.openqa.selenium.remote.RemoteWebDriver.findElementByName(RemoteWebDriver.java:461)
	at io.appium.java_client.DefaultGenericMobileDriver.findElementByName(DefaultGenericMobileDriver.java:102)
	at io.appium.java_client.AppiumDriver.findElementByName(AppiumDriver.java:1)
	at io.appium.java_client.ios.IOSDriver.findElementByName(IOSDriver.java:1)
	at org.openqa.selenium.By$ByName.findElement(By.java:303)
	at org.openqa.selenium.remote.RemoteWebDriver.findElement(RemoteWebDriver.java:355)
	at io.appium.java_client.DefaultGenericMobileDriver.findElement(DefaultGenericMobileDriver.java:52)
	at io.appium.java_client.AppiumDriver.findElement(AppiumDriver.java:1)
	at io.appium.java_client.ios.IOSDriver.findElement(IOSDriver.java:1)
	at com.eduven.utils.Reusables.get_element(Reusables.java:329)
	at com.eduven.utils.Reusables.check_premium_entity(Reusables.java:358)
	at com.eduven.testcase.BusinessBoulevardsPageTestCases.business_boulevards_page_premium_entity_test(BusinessBoulevardsPageTestCases.java:50)
	at sun.reflect.NativeMethodAccessorImpl.invoke0(Native Method)
	at sun.reflect.NativeMethodAccessorImpl.invoke(NativeMethodAccessorImpl.java:62)
	at sun.reflect.DelegatingMethodAccessorImpl.invoke(DelegatingMethodAccessorImpl.java:43)
	at java.lang.reflect.Method.invoke(Method.java:498)
	at org.testng.internal.MethodInvocationHelper.invokeMethod(MethodInvocationHelper.java:85)
	at org.testng.internal.Invoker.invokeMethod(Invoker.java:639)
	at org.testng.internal.Invoker.invokeTestMethod(Invoker.java:816)
	at org.testng.internal.Invoker.invokeTestMethods(Invoker.java:1124)
	at org.testng.internal.TestMethodWorker.invokeTestMethods(TestMethodWorker.java:125)
	at org.testng.internal.TestMethodWorker.run(TestMethodWorker.java:108)
	at org.testng.TestRunner.privateRun(TestRunner.java:774)
	at org.testng.TestRunner.run(TestRunner.java:624)
	at org.testng.SuiteRunner.runTest(SuiteRunner.java:359)
	at org.testng.SuiteRunner.runSequentially(SuiteRunner.java:354)
	at org.testng.SuiteRunner.privateRun(SuiteRunner.java:312)
	at org.testng.SuiteRunner.run(SuiteRunner.java:261)
	at org.testng.SuiteRunnerWorker.runSuite(SuiteRunnerWorker.java:52)
	at org.testng.SuiteRunnerWorker.run(SuiteRunnerWorker.java:86)
	at org.testng.TestNG.runSuitesSequentially(TestNG.java:1215)
	at org.testng.TestNG.runSuitesLocally(TestNG.java:1140)
	at org.testng.TestNG.run(TestNG.java:1048)
	at com.eduven.utils.RunTestng.main(RunTestng.java:51)
]]>
    </failure>
  </testcase> <!-- business_boulevards_page_premium_entity_test -->
</testsuite> <!-- HomePageTest -->
