<?xml version="1.0" encoding="UTF-8"?>
<!-- Generated by org.testng.reporters.JUnitXMLReporter -->
<testsuite hostname="Hitesh-Mac-Mini.local" name="Regression Testing" tests="157" failures="6" timestamp="8 Jul 2016 15:41:54 GMT" time="10311.193" errors="0">
  <testcase name="close_flyer_popup_test" time="125.144" classname="com.eduven.testcase.HistoricalHangoutsPageTestCases"/>
  <testcase name="verify_historical_hangout_page_header_test" time="13.261" classname="com.eduven.testcase.HistoricalHangoutsPageTestCases"/>
  <testcase name="historical_hangout_page_entity_test" time="16.189" classname="com.eduven.testcase.HistoricalHangoutsPageTestCases"/>
  <testcase name="historical_hangout_page_free_entity_test" time="37.647" classname="com.eduven.testcase.HistoricalHangoutsPageTestCases"/>
  <testcase name="historical_hangout_page_paid_entity_test" time="36.28" classname="com.eduven.testcase.HistoricalHangoutsPageTestCases"/>
  <testcase name="historical_hangout_page_verify_contribute_entity" time="13.841" classname="com.eduven.testcase.HistoricalHangoutsPageTestCases"/>
  <testcase name="verify_city_name_and_header_text_inside_term_test" time="216.786" classname="com.eduven.testcase.HistoricalHangoutsPageTestCases"/>
  <testcase name="close_flyer_popup_test" time="87.205" classname="com.eduven.testcase.ContributePageTestCases"/>
  <testcase name="contribute_page_navigate_to_contribute_test" time="8.533" classname="com.eduven.testcase.ContributePageTestCases"/>
  <testcase name="contribute_page_verify_profile_pic_adder_test" time="1.139" classname="com.eduven.testcase.ContributePageTestCases"/>
  <testcase name="contribute_page_add_contribute_without_title_test" time="13.923" classname="com.eduven.testcase.ContributePageTestCases"/>
  <testcase name="contribute_page_add_contribute_with_space_title_test" time="13.263" classname="com.eduven.testcase.ContributePageTestCases"/>
  <testcase name="contribute_page_add_contribute_with_title_test" time="27.078" classname="com.eduven.testcase.ContributePageTestCases"/>
  <testcase name="contribute_page_more_apps_test" time="13.702" classname="com.eduven.testcase.ContributePageTestCases"/>
  <testcase name="contribute_page_navigate_to_settings_page_test" time="7.121" classname="com.eduven.testcase.ContributePageTestCases"/>
  <testcase name="contribute_page_settings_information_and_support_disclaimer_test" time="35.524" classname="com.eduven.testcase.ContributePageTestCases"/>
  <testcase name="contribute_page_settings_information_and_support_faqs_test" time="65.687" classname="com.eduven.testcase.ContributePageTestCases"/>
  <testcase name="contribute_page_settings_information_and_support_privacy_policy_test" time="65.675" classname="com.eduven.testcase.ContributePageTestCases"/>
  <testcase name="contribute_page_settings_information_and_support_for_terms_and_conditions_test" time="65.027" classname="com.eduven.testcase.ContributePageTestCases"/>
  <testcase name="contribute_page_navigate_to_app_sharing_page_test" time="93.684" classname="com.eduven.testcase.ContributePageTestCases"/>
  <testcase name="contribute_page_facebook_login_test" time="113.621" classname="com.eduven.testcase.ContributePageTestCases"/>
  <testcase name="contribute_page_select_audience_test" time="61.486" classname="com.eduven.testcase.ContributePageTestCases">
    <failure type="java.lang.IndexOutOfBoundsException" message="Index: 1, Size: 0">
      <![CDATA[java.lang.IndexOutOfBoundsException: Index: 1, Size: 0
	at java.util.ArrayList.rangeCheck(ArrayList.java:653)
	at java.util.ArrayList.get(ArrayList.java:429)
	at com.eduven.modules.Contribute.selectAudience(Contribute.java:634)
	at com.eduven.testcase.ContributePageTestCases.contribute_page_select_audience_test(ContributePageTestCases.java:117)
	at sun.reflect.NativeMethodAccessorImpl.invoke0(Native Method)
	at sun.reflect.NativeMethodAccessorImpl.invoke(NativeMethodAccessorImpl.java:62)
	at sun.reflect.DelegatingMethodAccessorImpl.invoke(DelegatingMethodAccessorImpl.java:43)
	at java.lang.reflect.Method.invoke(Method.java:498)
	at org.testng.internal.MethodInvocationHelper.invokeMethod(MethodInvocationHelper.java:86)
	at org.testng.internal.Invoker.invokeMethod(Invoker.java:645)
	at org.testng.internal.Invoker.invokeTestMethod(Invoker.java:822)
	at org.testng.internal.Invoker.invokeTestMethods(Invoker.java:1130)
	at org.testng.internal.TestMethodWorker.invokeTestMethods(TestMethodWorker.java:129)
	at org.testng.internal.TestMethodWorker.run(TestMethodWorker.java:112)
	at org.testng.TestRunner.privateRun(TestRunner.java:782)
	at org.testng.TestRunner.run(TestRunner.java:632)
	at org.testng.SuiteRunner.runTest(SuiteRunner.java:366)
	at org.testng.SuiteRunner.runSequentially(SuiteRunner.java:361)
	at org.testng.SuiteRunner.privateRun(SuiteRunner.java:319)
	at org.testng.SuiteRunner.run(SuiteRunner.java:268)
	at org.testng.SuiteRunnerWorker.runSuite(SuiteRunnerWorker.java:52)
	at org.testng.SuiteRunnerWorker.run(SuiteRunnerWorker.java:86)
	at org.testng.TestNG.runSuitesSequentially(TestNG.java:1244)
	at org.testng.TestNG.runSuitesLocally(TestNG.java:1169)
	at org.testng.TestNG.run(TestNG.java:1064)
	at com.eduven.utils.RunTestng.main(RunTestng.java:63)
]]>
    </failure>
  </testcase> <!-- contribute_page_select_audience_test -->
  <testcase name="contribute_page_facebook_message_sharing_test" time="62.696" classname="com.eduven.testcase.ContributePageTestCases"/>
  <testcase name="close_flyer_popup_test" time="85.288" classname="com.eduven.testcase.BusinessBoulevardsPageTestCases"/>
  <testcase name="verify_business_boulevards_page_header_test" time="55.025" classname="com.eduven.testcase.BusinessBoulevardsPageTestCases"/>
  <testcase name="business_boulevards_page_entity_test" time="5.08" classname="com.eduven.testcase.BusinessBoulevardsPageTestCases"/>
  <testcase name="business_boulevards_page_free_entity_test" time="95.319" classname="com.eduven.testcase.BusinessBoulevardsPageTestCases"/>
  <testcase name="business_boulevards_page_premium_entity_test" time="43.034" classname="com.eduven.testcase.BusinessBoulevardsPageTestCases"/>
  <testcase name="business_boulevards_page_verify_contribute_entity" time="34.654" classname="com.eduven.testcase.BusinessBoulevardsPageTestCases"/>
  <testcase name="verify_city_name_and_header_text_inside_term_test" time="223.094" classname="com.eduven.testcase.BusinessBoulevardsPageTestCases"/>
  <testcase name="close_flyer_popup_test" time="85.725" classname="com.eduven.testcase.ArtAficionadosPageTestCases"/>
  <testcase name="verify_art_aficionados_page_header_test" time="14.749" classname="com.eduven.testcase.ArtAficionadosPageTestCases"/>
  <testcase name="verify_sub_category_list_test" time="10.922" classname="com.eduven.testcase.ArtAficionadosPageTestCases"/>
  <testcase name="art_aficionados_page_free_entity_test" time="35.808" classname="com.eduven.testcase.ArtAficionadosPageTestCases"/>
  <testcase name="art_aficionados_page_premium_entity_test" time="44.734" classname="com.eduven.testcase.ArtAficionadosPageTestCases"/>
  <testcase name="art_aficionados_page_verify_contribute_entity" time="14.92" classname="com.eduven.testcase.ArtAficionadosPageTestCases"/>
  <testcase name="search_with_special_character_and_others_test" time="15.685" classname="com.eduven.testcase.ArtAficionadosPageTestCases">
    <failure type="java.lang.AssertionError" message="Error Message!!Search Term not matched with search one. expected [national film and television institute] but found [add]">
      <![CDATA[java.lang.AssertionError: Error Message!!Search Term not matched with search one. expected [national film and television institute] but found [add]
	at org.testng.Assert.fail(Assert.java:94)
	at org.testng.Assert.failNotEquals(Assert.java:513)
	at org.testng.Assert.assertEqualsImpl(Assert.java:135)
	at org.testng.Assert.assertEquals(Assert.java:116)
	at org.testng.Assert.assertEquals(Assert.java:190)
	at com.eduven.utils.Reusables.verifyEqualMessage(Reusables.java:875)
	at com.eduven.modules.Search.verifySearchWord(Search.java:43)
	at com.eduven.testcase.ArtAficionadosPageTestCases.search_with_special_character_and_others_test(ArtAficionadosPageTestCases.java:71)
	at sun.reflect.NativeMethodAccessorImpl.invoke0(Native Method)
	at sun.reflect.NativeMethodAccessorImpl.invoke(NativeMethodAccessorImpl.java:62)
	at sun.reflect.DelegatingMethodAccessorImpl.invoke(DelegatingMethodAccessorImpl.java:43)
	at java.lang.reflect.Method.invoke(Method.java:498)
	at org.testng.internal.MethodInvocationHelper.invokeMethod(MethodInvocationHelper.java:86)
	at org.testng.internal.Invoker.invokeMethod(Invoker.java:645)
	at org.testng.internal.Invoker.invokeTestMethod(Invoker.java:822)
	at org.testng.internal.Invoker.invokeTestMethods(Invoker.java:1130)
	at org.testng.internal.TestMethodWorker.invokeTestMethods(TestMethodWorker.java:129)
	at org.testng.internal.TestMethodWorker.run(TestMethodWorker.java:112)
	at org.testng.TestRunner.privateRun(TestRunner.java:782)
	at org.testng.TestRunner.run(TestRunner.java:632)
	at org.testng.SuiteRunner.runTest(SuiteRunner.java:366)
	at org.testng.SuiteRunner.runSequentially(SuiteRunner.java:361)
	at org.testng.SuiteRunner.privateRun(SuiteRunner.java:319)
	at org.testng.SuiteRunner.run(SuiteRunner.java:268)
	at org.testng.SuiteRunnerWorker.runSuite(SuiteRunnerWorker.java:52)
	at org.testng.SuiteRunnerWorker.run(SuiteRunnerWorker.java:86)
	at org.testng.TestNG.runSuitesSequentially(TestNG.java:1244)
	at org.testng.TestNG.runSuitesLocally(TestNG.java:1169)
	at org.testng.TestNG.run(TestNG.java:1064)
	at com.eduven.utils.RunTestng.main(RunTestng.java:63)
]]>
    </failure>
  </testcase> <!-- search_with_special_character_and_others_test -->
  <testcase name="verify_city_name_and_header_text_inside_term_test" time="205.391" classname="com.eduven.testcase.ArtAficionadosPageTestCases"/>
  <testcase name="close_flyer_popup_test" time="85.397" classname="com.eduven.testcase.MoviesPageTestCases"/>
  <testcase name="verify_movies_page_header_test" time="109.387" classname="com.eduven.testcase.MoviesPageTestCases"/>
  <testcase name="movies_page_entity_test" time="9.196" classname="com.eduven.testcase.MoviesPageTestCases"/>
  <testcase name="movies_page_free_entity_test" time="29.714" classname="com.eduven.testcase.MoviesPageTestCases"/>
  <testcase name="movies_page_premium_entity_test" time="37.273" classname="com.eduven.testcase.MoviesPageTestCases"/>
  <testcase name="movies_page_verify_contribute_entity_test" time="14.235" classname="com.eduven.testcase.MoviesPageTestCases"/>
  <testcase name="close_flyer_popup_test" time="85.258" classname="com.eduven.testcase.CategoriesPageTestcases"/>
  <testcase name="verify_category_list_test" time="16.447" classname="com.eduven.testcase.CategoriesPageTestcases"/>
  <testcase name="close_flyer_popup_test" time="85.742" classname="com.eduven.testcase.WildlifeWanderingsPageTestCases"/>
  <testcase name="verify_wildlife_wanderings_page_header_test" time="46.419" classname="com.eduven.testcase.WildlifeWanderingsPageTestCases"/>
  <testcase name="willife_wanderings_page_entity_test" time="8.959" classname="com.eduven.testcase.WildlifeWanderingsPageTestCases"/>
  <testcase name="wildlife_wanderings_page_free_entity_test" time="41.289" classname="com.eduven.testcase.WildlifeWanderingsPageTestCases"/>
  <testcase name="wildlife_wanderings_page_premium_entity_test" time="31.745" classname="com.eduven.testcase.WildlifeWanderingsPageTestCases"/>
  <testcase name="wildlife_wanderings_page_verfiy_contribute_entity_test" time="9.756" classname="com.eduven.testcase.WildlifeWanderingsPageTestCases"/>
  <testcase name="verify_city_name_and_header_text_inside_term_test" time="175.711" classname="com.eduven.testcase.WildlifeWanderingsPageTestCases"/>
  <testcase name="close_flyer_popup_test" time="86.047" classname="com.eduven.testcase.NearBySearchPageTestCases"/>
  <testcase name="navigate_to_nearBy_page_test" time="4.389" classname="com.eduven.testcase.NearBySearchPageTestCases"/>
  <testcase name="nearby_page_verify_button_instances_test" time="4.619" classname="com.eduven.testcase.NearBySearchPageTestCases"/>
  <testcase name="close_flyer_popup_test" time="87.47" classname="com.eduven.testcase.HomePageTestCases"/>
  <testcase name="verify_home_page_app_header_txt_test" time="1.446" classname="com.eduven.testcase.HomePageTestCases"/>
  <testcase name="home_page_header_txt_test" time="0.734" classname="com.eduven.testcase.HomePageTestCases"/>
  <testcase name="home_page_ev_menu_test" time="0.302" classname="com.eduven.testcase.HomePageTestCases"/>
  <testcase name="home_page_categories_test" time="0.254" classname="com.eduven.testcase.HomePageTestCases"/>
  <testcase name="home_page_cities_test" time="3.081" classname="com.eduven.testcase.HomePageTestCases"/>
  <testcase name="home_page_evMenu_test" time="0.15" classname="com.eduven.testcase.HomePageTestCases"/>
  <testcase name="close_flyer_popup_test" time="85.459" classname="com.eduven.testcase.SportsPageTestCases"/>
  <testcase name="verify_sports_page_header_test" time="143.121" classname="com.eduven.testcase.SportsPageTestCases"/>
  <testcase name="sports_page_entity_test" time="10.174" classname="com.eduven.testcase.SportsPageTestCases"/>
  <testcase name="sports_page_free_entity_test" time="31.775" classname="com.eduven.testcase.SportsPageTestCases"/>
  <testcase name="sports_page_premium_entity_test" time="34.243" classname="com.eduven.testcase.SportsPageTestCases"/>
  <testcase name="sports_page_verify_contribute_entity_test" time="10.404" classname="com.eduven.testcase.SportsPageTestCases"/>
  <testcase name="verify_city_name_and_header_text_inside_term_test" time="207.523" classname="com.eduven.testcase.SportsPageTestCases"/>
  <testcase name="close_flyer_popup_test" time="85.718" classname="com.eduven.testcase.WildlifePageTestCases"/>
  <testcase name="verify_wildlife_page_header_test" time="122.87" classname="com.eduven.testcase.WildlifePageTestCases"/>
  <testcase name="wildlife_page_entity_test" time="15.051" classname="com.eduven.testcase.WildlifePageTestCases"/>
  <testcase name="wildlif_page_free_entity_test" time="542.357" classname="com.eduven.testcase.WildlifePageTestCases"/>
  <testcase name="wildlif_page_premium_entity_test" time="142.738" classname="com.eduven.testcase.WildlifePageTestCases"/>
  <testcase name="wildlife_page_verify_contribute_entity_test" time="244.525" classname="com.eduven.testcase.WildlifePageTestCases"/>
  <testcase name="handling_splash_screen_test" time="88.061" classname="com.eduven.testcase.CitiesPageTestCases"/>
  <testcase name="cities_page_icon_test" time="2.302" classname="com.eduven.testcase.CitiesPageTestCases"/>
  <testcase name="verify_cities_page_cities_list_test" time="27.939" classname="com.eduven.testcase.CitiesPageTestCases"/>
  <testcase name="click_on_random_city_test" time="56.267" classname="com.eduven.testcase.CitiesPageTestCases"/>
  <testcase name="verify_random_city_header_txt_and_sub_category_header_test" time="4.766" classname="com.eduven.testcase.CitiesPageTestCases"/>
  <testcase name="cities_page_verify_contribute_entity_test" time="14.334" classname="com.eduven.testcase.CitiesPageTestCases"/>
  <testcase name="remove_random_category_from_filter_layout_test" time="10.749" classname="com.eduven.testcase.CitiesPageTestCases"/>
  <testcase name="verify_city_name_correspond_to_country_name_test" time="607.509" classname="com.eduven.testcase.CitiesPageTestCases"/>
  <testcase name="close_flyer_popup_test" time="87.083" classname="com.eduven.testcase.TransportationPageTestCases"/>
  <testcase name="verify_transportation_page_header_test" time="78.966" classname="com.eduven.testcase.TransportationPageTestCases"/>
  <testcase name="transportation_page_entity_test" time="5.428" classname="com.eduven.testcase.TransportationPageTestCases"/>
  <testcase name="transportation_page_free_entity_test" time="73.977" classname="com.eduven.testcase.TransportationPageTestCases"/>
  <testcase name="transportation_page_premium_entity_test" time="175.612" classname="com.eduven.testcase.TransportationPageTestCases">
    <failure type="org.openqa.selenium.NoSuchElementException" message="An element could not be located on the page using the given search parameters. (WARNING: The server did not provide any stacktrace information)
Command duration or timeout: 136.85 seconds
For documentation on this error, please visit: http://seleniumhq.org/exceptions/no_such_element.html
Build info: version: &amp;apos;2.51.0&amp;apos;, revision: &amp;apos;1af067d&amp;apos;, time: &amp;apos;2016-02-05 19:11:55&amp;apos;
System info: host: &amp;apos;Hitesh-Mac-Mini.local&amp;apos;, ip: &amp;apos;10.30.30.97&amp;apos;, os.name: &amp;apos;Mac OS X&amp;apos;, os.arch: &amp;apos;x86_64&amp;apos;, os.version: &amp;apos;10.11.5&amp;apos;, java.version: &amp;apos;1.8.0_74&amp;apos;
Driver info: io.appium.java_client.android.AndroidDriver
Capabilities [{app=/Users/hiteshbhardwaj/Desktop/Automation/app/CountryGuideAndroid/app-africa-debug.apk, appPackage=com.eduven.cg.africa, networkConnectionEnabled=true, warnings={}, appiumVersion=1.4.13, databaseEnabled=false, deviceName=014E0F500200D002, platform=LINUX, appActivity=com.eduven.cg.activity.CheckSDCard, desired={app=/Users/hiteshbhardwaj/Desktop/Automation/app/CountryGuideAndroid/app-africa-debug.apk, appPackage=com.eduven.cg.africa, appActivity=com.eduven.cg.activity.CheckSDCard, platformVersion=4.4, appiumVersion=1.4.13, automationName=Appium, platformName=Android, deviceName=014E0F500200D002}, platformVersion=4.3, webStorageEnabled=false, locationContextEnabled=false, automationName=Appium, browserName=Android, takesScreenshot=true, javascriptEnabled=true, platformName=Android}]
Session ID: 18fd19f5-b11c-4e69-95a7-d1fd1123f471
*** Element info: {Using=-android uiautomator, value=new UiScrollable(new UiSelector().scrollable(true).instance(0)).scrollIntoView(new UiSelector().description(&amp;quot;Touat Cheikh Sidi Mohamed Belkebir Airport&amp;quot;).instance(0));new UiScrollable(new UiSelector().scrollable(true).instance(0)).scrollIntoView(new UiSelector().text(&amp;quot;Touat Cheikh Sidi Mohamed Belkebir Airport&amp;quot;).instance(0));}">
      <![CDATA[org.openqa.selenium.NoSuchElementException: An element could not be located on the page using the given search parameters. (WARNING: The server did not provide any stacktrace information)
Command duration or timeout: 136.85 seconds
For documentation on this error, please visit: http://seleniumhq.org/exceptions/no_such_element.html
Build info: version: '2.51.0', revision: '1af067d', time: '2016-02-05 19:11:55'
System info: host: 'Hitesh-Mac-Mini.local', ip: '10.30.30.97', os.name: 'Mac OS X', os.arch: 'x86_64', os.version: '10.11.5', java.version: '1.8.0_74'
Driver info: io.appium.java_client.android.AndroidDriver
Capabilities [{app=/Users/hiteshbhardwaj/Desktop/Automation/app/CountryGuideAndroid/app-africa-debug.apk, appPackage=com.eduven.cg.africa, networkConnectionEnabled=true, warnings={}, appiumVersion=1.4.13, databaseEnabled=false, deviceName=014E0F500200D002, platform=LINUX, appActivity=com.eduven.cg.activity.CheckSDCard, desired={app=/Users/hiteshbhardwaj/Desktop/Automation/app/CountryGuideAndroid/app-africa-debug.apk, appPackage=com.eduven.cg.africa, appActivity=com.eduven.cg.activity.CheckSDCard, platformVersion=4.4, appiumVersion=1.4.13, automationName=Appium, platformName=Android, deviceName=014E0F500200D002}, platformVersion=4.3, webStorageEnabled=false, locationContextEnabled=false, automationName=Appium, browserName=Android, takesScreenshot=true, javascriptEnabled=true, platformName=Android}]
Session ID: 18fd19f5-b11c-4e69-95a7-d1fd1123f471
*** Element info: {Using=-android uiautomator, value=new UiScrollable(new UiSelector().scrollable(true).instance(0)).scrollIntoView(new UiSelector().description("Touat Cheikh Sidi Mohamed Belkebir Airport").instance(0));new UiScrollable(new UiSelector().scrollable(true).instance(0)).scrollIntoView(new UiSelector().text("Touat Cheikh Sidi Mohamed Belkebir Airport").instance(0));}
	at sun.reflect.GeneratedConstructorAccessor51.newInstance(Unknown Source)
	at sun.reflect.DelegatingConstructorAccessorImpl.newInstance(DelegatingConstructorAccessorImpl.java:45)
	at java.lang.reflect.Constructor.newInstance(Constructor.java:423)
	at org.openqa.selenium.remote.ErrorHandler.createThrowable(ErrorHandler.java:206)
	at org.openqa.selenium.remote.ErrorHandler.throwIfResponseFailed(ErrorHandler.java:158)
	at org.openqa.selenium.remote.RemoteWebDriver.execute(RemoteWebDriver.java:678)
	at io.appium.java_client.DefaultGenericMobileDriver.execute(DefaultGenericMobileDriver.java:43)
	at io.appium.java_client.AppiumDriver.execute(AppiumDriver.java:1)
	at io.appium.java_client.android.AndroidDriver.execute(AndroidDriver.java:1)
	at org.openqa.selenium.remote.RemoteWebDriver.findElement(RemoteWebDriver.java:363)
	at io.appium.java_client.android.AndroidDriver.findElementByAndroidUIAutomator(AndroidDriver.java:324)
	at io.appium.java_client.android.AndroidDriver.scrollToExact(AndroidDriver.java:128)
	at com.eduven.utils.Reusables.clickUsingScrollToExactTxt(Reusables.java:628)
	at com.eduven.utils.Reusables.checkPremiumEntity(Reusables.java:491)
	at com.eduven.testcase.TransportationPageTestCases.transportation_page_premium_entity_test(TransportationPageTestCases.java:56)
	at sun.reflect.NativeMethodAccessorImpl.invoke0(Native Method)
	at sun.reflect.NativeMethodAccessorImpl.invoke(NativeMethodAccessorImpl.java:62)
	at sun.reflect.DelegatingMethodAccessorImpl.invoke(DelegatingMethodAccessorImpl.java:43)
	at java.lang.reflect.Method.invoke(Method.java:498)
	at org.testng.internal.MethodInvocationHelper.invokeMethod(MethodInvocationHelper.java:86)
	at org.testng.internal.Invoker.invokeMethod(Invoker.java:645)
	at org.testng.internal.Invoker.invokeTestMethod(Invoker.java:822)
	at org.testng.internal.Invoker.invokeTestMethods(Invoker.java:1130)
	at org.testng.internal.TestMethodWorker.invokeTestMethods(TestMethodWorker.java:129)
	at org.testng.internal.TestMethodWorker.run(TestMethodWorker.java:112)
	at org.testng.TestRunner.privateRun(TestRunner.java:782)
	at org.testng.TestRunner.run(TestRunner.java:632)
	at org.testng.SuiteRunner.runTest(SuiteRunner.java:366)
	at org.testng.SuiteRunner.runSequentially(SuiteRunner.java:361)
	at org.testng.SuiteRunner.privateRun(SuiteRunner.java:319)
	at org.testng.SuiteRunner.run(SuiteRunner.java:268)
	at org.testng.SuiteRunnerWorker.runSuite(SuiteRunnerWorker.java:52)
	at org.testng.SuiteRunnerWorker.run(SuiteRunnerWorker.java:86)
	at org.testng.TestNG.runSuitesSequentially(TestNG.java:1244)
	at org.testng.TestNG.runSuitesLocally(TestNG.java:1169)
	at org.testng.TestNG.run(TestNG.java:1064)
	at com.eduven.utils.RunTestng.main(RunTestng.java:63)
]]>
    </failure>
  </testcase> <!-- transportation_page_premium_entity_test -->
  <testcase name="transportation_page_verify_contribute_entity_test" time="40.69" classname="com.eduven.testcase.TransportationPageTestCases"/>
  <testcase name="verify_city_name_and_header_text_inside_term_test" time="67.088" classname="com.eduven.testcase.TransportationPageTestCases">
    <failure type="java.lang.AssertionError" message="Error Message!! Actual and Expected text not matched. expected [dakar] but found [sea port]">
      <![CDATA[java.lang.AssertionError: Error Message!! Actual and Expected text not matched. expected [dakar] but found [sea port]
	at org.testng.Assert.fail(Assert.java:94)
	at org.testng.Assert.failNotEquals(Assert.java:513)
	at org.testng.Assert.assertEqualsImpl(Assert.java:135)
	at org.testng.Assert.assertEquals(Assert.java:116)
	at org.testng.Assert.assertEquals(Assert.java:190)
	at com.eduven.utils.Reusables.verifyEqualMessage(Reusables.java:875)
	at com.eduven.utils.Reusables.verifyCityHeaderName(Reusables.java:801)
	at com.eduven.testcase.TransportationPageTestCases.verify_city_name_and_header_text_inside_term_test(TransportationPageTestCases.java:71)
	at sun.reflect.NativeMethodAccessorImpl.invoke0(Native Method)
	at sun.reflect.NativeMethodAccessorImpl.invoke(NativeMethodAccessorImpl.java:62)
	at sun.reflect.DelegatingMethodAccessorImpl.invoke(DelegatingMethodAccessorImpl.java:43)
	at java.lang.reflect.Method.invoke(Method.java:498)
	at org.testng.internal.MethodInvocationHelper.invokeMethod(MethodInvocationHelper.java:86)
	at org.testng.internal.Invoker.invokeMethod(Invoker.java:645)
	at org.testng.internal.Invoker.invokeTestMethod(Invoker.java:822)
	at org.testng.internal.Invoker.invokeTestMethods(Invoker.java:1130)
	at org.testng.internal.TestMethodWorker.invokeTestMethods(TestMethodWorker.java:129)
	at org.testng.internal.TestMethodWorker.run(TestMethodWorker.java:112)
	at org.testng.TestRunner.privateRun(TestRunner.java:782)
	at org.testng.TestRunner.run(TestRunner.java:632)
	at org.testng.SuiteRunner.runTest(SuiteRunner.java:366)
	at org.testng.SuiteRunner.runSequentially(SuiteRunner.java:361)
	at org.testng.SuiteRunner.privateRun(SuiteRunner.java:319)
	at org.testng.SuiteRunner.run(SuiteRunner.java:268)
	at org.testng.SuiteRunnerWorker.runSuite(SuiteRunnerWorker.java:52)
	at org.testng.SuiteRunnerWorker.run(SuiteRunnerWorker.java:86)
	at org.testng.TestNG.runSuitesSequentially(TestNG.java:1244)
	at org.testng.TestNG.runSuitesLocally(TestNG.java:1169)
	at org.testng.TestNG.run(TestNG.java:1064)
	at com.eduven.utils.RunTestng.main(RunTestng.java:63)
]]>
    </failure>
  </testcase> <!-- verify_city_name_and_header_text_inside_term_test -->
  <testcase name="close_flyer_popup_test" time="84.893" classname="com.eduven.testcase.NatureNomadsPageTestCases"/>
  <testcase name="verify_nature_nomads_page_header_test" time="26.403" classname="com.eduven.testcase.NatureNomadsPageTestCases"/>
  <testcase name="nature_nomads_page_entity_test" time="12.831" classname="com.eduven.testcase.NatureNomadsPageTestCases"/>
  <testcase name="nature_nomads_page_free_entity_test" time="76.098" classname="com.eduven.testcase.NatureNomadsPageTestCases"/>
  <testcase name="nature_nomads_page_premium_entity_test" time="40.157" classname="com.eduven.testcase.NatureNomadsPageTestCases"/>
  <testcase name="nature_nomads_page_verify_contribute_entity_test" time="11.184" classname="com.eduven.testcase.NatureNomadsPageTestCases"/>
  <testcase name="verify_city_name_and_header_text_inside_term_test" time="138.892" classname="com.eduven.testcase.NatureNomadsPageTestCases"/>
  <testcase name="close_flyer_popup_test" time="85.461" classname="com.eduven.testcase.CelebritiesCellsPageTestCases"/>
  <testcase name="verify_celebrities_cells_page_header_test" time="45.035" classname="com.eduven.testcase.CelebritiesCellsPageTestCases"/>
  <testcase name="celebrities_cells_page_entity_test" time="11.687" classname="com.eduven.testcase.CelebritiesCellsPageTestCases"/>
  <testcase name="celebrities_cells_page_free_entity_test" time="40.282" classname="com.eduven.testcase.CelebritiesCellsPageTestCases"/>
  <testcase name="celebrities_cells_page_premium_entity_test" time="176.028" classname="com.eduven.testcase.CelebritiesCellsPageTestCases"/>
  <testcase name="celebrities_cells_page_verify_contribute_entity" time="54.34" classname="com.eduven.testcase.CelebritiesCellsPageTestCases"/>
  <testcase name="close_flyer_popup_test" time="85.685" classname="com.eduven.testcase.EduBankPageTestCases"/>
  <testcase name="eduBank_page_check_entity_in_eduBank_test" time="8.952" classname="com.eduven.testcase.EduBankPageTestCases"/>
  <testcase name="eduBank_page_navigate_to_entity_detail_test" time="44.78" classname="com.eduven.testcase.EduBankPageTestCases"/>
  <testcase name="eduBank_page_add_favourite_to_eduBank_test" time="5.375" classname="com.eduven.testcase.EduBankPageTestCases"/>
  <testcase name="navigate_to_edubank_test" time="3.389" classname="com.eduven.testcase.EduBankPageTestCases"/>
  <testcase name="verify_eduBank_add_entity_test" time="9.058" classname="com.eduven.testcase.EduBankPageTestCases"/>
  <testcase name="remove_entity_from_eduBank" time="14.901" classname="com.eduven.testcase.EduBankPageTestCases"/>
  <testcase name="close_flyer_popup_test" time="85.747" classname="com.eduven.testcase.HistoricalEventsPageTestCases"/>
  <testcase name="verify_historical_events_page_header_test" time="87.915" classname="com.eduven.testcase.HistoricalEventsPageTestCases"/>
  <testcase name="historical_events_page_get_event_message_text_test" time="2.504" classname="com.eduven.testcase.HistoricalEventsPageTestCases"/>
  <testcase name="verify_event_description_text_test" time="2.589" classname="com.eduven.testcase.HistoricalEventsPageTestCases"/>
  <testcase name="historical_page_enter_date_test" time="71.5" classname="com.eduven.testcase.HistoricalEventsPageTestCases"/>
  <testcase name="verify_event_message_text_for_specific_date_test" time="2.104" classname="com.eduven.testcase.HistoricalEventsPageTestCases"/>
  <testcase name="close_flyer_popup_test" time="86.26" classname="com.eduven.testcase.SpiritualSanctuariesPageTestCases"/>
  <testcase name="verify_spiritual_sanctuaries_page_header_test" time="45.109" classname="com.eduven.testcase.SpiritualSanctuariesPageTestCases"/>
  <testcase name="spiritual_sanctuaries_page_entity_test" time="7.492" classname="com.eduven.testcase.SpiritualSanctuariesPageTestCases"/>
  <testcase name="spiritual_sanctuaries_page_free_entity_test" time="33.085" classname="com.eduven.testcase.SpiritualSanctuariesPageTestCases"/>
  <testcase name="spiritual_sanctuaries_page_premium_entity_test" time="39.056" classname="com.eduven.testcase.SpiritualSanctuariesPageTestCases"/>
  <testcase name="spiritual_sanctuaries_page_verify_contribute_entity_test" time="20.891" classname="com.eduven.testcase.SpiritualSanctuariesPageTestCases"/>
  <testcase name="verify_city_name_and_header_text_inside_term_test" time="176.868" classname="com.eduven.testcase.SpiritualSanctuariesPageTestCases"/>
  <testcase name="close_flyer_popup_test" time="86.142" classname="com.eduven.testcase.LanguagePhrasesPageTestCases"/>
  <testcase name="verify_language_phrases_page_header_test" time="147.269" classname="com.eduven.testcase.LanguagePhrasesPageTestCases"/>
  <testcase name="language_phrases_page_entity_test" time="136.827" classname="com.eduven.testcase.LanguagePhrasesPageTestCases"/>
  <testcase name="language_phrase_page_select_random_category_test" time="73.712" classname="com.eduven.testcase.LanguagePhrasesPageTestCases"/>
  <testcase name="language_phrase_page_select_language_from_language_menu_test" time="31.911" classname="com.eduven.testcase.LanguagePhrasesPageTestCases"/>
  <testcase name="language_phrases_page_verify_lock_unlock_btn_test" time="2.832" classname="com.eduven.testcase.LanguagePhrasesPageTestCases"/>
  <testcase name="language_phrase_page_open_first_lock_word" time="6.539" classname="com.eduven.testcase.LanguagePhrasesPageTestCases"/>
  <testcase name="close_flyer_popup_test" time="85.178" classname="com.eduven.testcase.CuisinePageTestCases"/>
  <testcase name="verify_cuisine_page_header_test" time="80.0" classname="com.eduven.testcase.CuisinePageTestCases"/>
  <testcase name="cuisine_page_entity_test" time="18.228" classname="com.eduven.testcase.CuisinePageTestCases"/>
  <testcase name="cuisine_page_free_entity_test" time="50.493" classname="com.eduven.testcase.CuisinePageTestCases"/>
  <testcase name="cuisine_page_premium_entity_test" time="37.829" classname="com.eduven.testcase.CuisinePageTestCases"/>
  <testcase name="cuisine_page_navigate_to_entity_detail_test" time="18.262" classname="com.eduven.testcase.CuisinePageTestCases"/>
  <testcase name="cuisine_page_verify_ingredients_and_directions_button_test" time="2.338" classname="com.eduven.testcase.CuisinePageTestCases"/>
  <testcase name="cuisine_page_verify_ingredients_and_directions_button_action_test" time="9.297" classname="com.eduven.testcase.CuisinePageTestCases"/>
  <testcase name="cuisine_page_verify_cooking_servings_test" time="0.824" classname="com.eduven.testcase.CuisinePageTestCases"/>
  <testcase name="cuisine_page_verify_nutrition_test" time="6.55" classname="com.eduven.testcase.CuisinePageTestCases"/>
  <testcase name="cuisine_page_verify_contibute_entity" time="12.11" classname="com.eduven.testcase.CuisinePageTestCases"/>
  <testcase name="close_flyer_popup_test" time="85.001" classname="com.eduven.testcase.NetworkRelatedPageTestCases"/>
  <testcase name="navigate_to_sub_category_page_test" time="15.647" classname="com.eduven.testcase.NetworkRelatedPageTestCases"/>
  <testcase name="test_network_turnoff_network_connection_test" time="30.428" classname="com.eduven.testcase.NetworkRelatedPageTestCases"/>
  <testcase name="check_paid_term_after_network_off_for_airplane_mode_test" time="75.148" classname="com.eduven.testcase.NetworkRelatedPageTestCases"/>
  <testcase name="check_evMenu_for_network_connection_test" time="57.56" classname="com.eduven.testcase.NetworkRelatedPageTestCases"/>
  <testcase name="test_network_turnon_network_connection_test" time="43.164" classname="com.eduven.testcase.NetworkRelatedPageTestCases"/>
  <testcase name="close_flyer_popup_test" time="85.038" classname="com.eduven.testcase.CarnivalsFestivalsPageTestCases"/>
  <testcase name="verify_carnivals_festivals_page_header_test" time="14.377" classname="com.eduven.testcase.CarnivalsFestivalsPageTestCases"/>
  <testcase name="carnivals_festivals_page_entity_test" time="10.854" classname="com.eduven.testcase.CarnivalsFestivalsPageTestCases"/>
  <testcase name="carnivals_festivals_page_free_entity_test" time="42.008" classname="com.eduven.testcase.CarnivalsFestivalsPageTestCases"/>
  <testcase name="carnivals_festivals_page_premium_entity_test" time="55.133" classname="com.eduven.testcase.CarnivalsFestivalsPageTestCases"/>
  <testcase name="carnivals_festivals_page_verify_contribute_entity_test" time="9.039" classname="com.eduven.testcase.CarnivalsFestivalsPageTestCases"/>
  <testcase name="verify_city_name_and_header_text_inside_term_test" time="59.578" classname="com.eduven.testcase.CarnivalsFestivalsPageTestCases">
    <failure type="org.openqa.selenium.NoSuchElementException" message="An element could not be located on the page using the given search parameters. (WARNING: The server did not provide any stacktrace information)
Command duration or timeout: 46.73 seconds
For documentation on this error, please visit: http://seleniumhq.org/exceptions/no_such_element.html
Build info: version: &amp;apos;2.51.0&amp;apos;, revision: &amp;apos;1af067d&amp;apos;, time: &amp;apos;2016-02-05 19:11:55&amp;apos;
System info: host: &amp;apos;Hitesh-Mac-Mini.local&amp;apos;, ip: &amp;apos;10.30.30.97&amp;apos;, os.name: &amp;apos;Mac OS X&amp;apos;, os.arch: &amp;apos;x86_64&amp;apos;, os.version: &amp;apos;10.11.5&amp;apos;, java.version: &amp;apos;1.8.0_74&amp;apos;
Driver info: io.appium.java_client.android.AndroidDriver
Capabilities [{app=/Users/hiteshbhardwaj/Desktop/Automation/app/CountryGuideAndroid/app-africa-debug.apk, appPackage=com.eduven.cg.africa, networkConnectionEnabled=true, warnings={}, appiumVersion=1.4.13, databaseEnabled=false, deviceName=014E0F500200D002, platform=LINUX, appActivity=com.eduven.cg.activity.CheckSDCard, desired={app=/Users/hiteshbhardwaj/Desktop/Automation/app/CountryGuideAndroid/app-africa-debug.apk, appPackage=com.eduven.cg.africa, appActivity=com.eduven.cg.activity.CheckSDCard, platformVersion=4.4, appiumVersion=1.4.13, automationName=Appium, platformName=Android, deviceName=014E0F500200D002}, platformVersion=4.3, webStorageEnabled=false, locationContextEnabled=false, automationName=Appium, browserName=Android, takesScreenshot=true, javascriptEnabled=true, platformName=Android}]
Session ID: 18fd19f5-b11c-4e69-95a7-d1fd1123f471
*** Element info: {Using=-android uiautomator, value=new UiScrollable(new UiSelector().scrollable(true).instance(0)).scrollIntoView(new UiSelector().description(&amp;quot;&amp;quot;).instance(0));new UiScrollable(new UiSelector().scrollable(true).instance(0)).scrollIntoView(new UiSelector().text(&amp;quot;&amp;quot;).instance(0));}">
      <![CDATA[org.openqa.selenium.NoSuchElementException: An element could not be located on the page using the given search parameters. (WARNING: The server did not provide any stacktrace information)
Command duration or timeout: 46.73 seconds
For documentation on this error, please visit: http://seleniumhq.org/exceptions/no_such_element.html
Build info: version: '2.51.0', revision: '1af067d', time: '2016-02-05 19:11:55'
System info: host: 'Hitesh-Mac-Mini.local', ip: '10.30.30.97', os.name: 'Mac OS X', os.arch: 'x86_64', os.version: '10.11.5', java.version: '1.8.0_74'
Driver info: io.appium.java_client.android.AndroidDriver
Capabilities [{app=/Users/hiteshbhardwaj/Desktop/Automation/app/CountryGuideAndroid/app-africa-debug.apk, appPackage=com.eduven.cg.africa, networkConnectionEnabled=true, warnings={}, appiumVersion=1.4.13, databaseEnabled=false, deviceName=014E0F500200D002, platform=LINUX, appActivity=com.eduven.cg.activity.CheckSDCard, desired={app=/Users/hiteshbhardwaj/Desktop/Automation/app/CountryGuideAndroid/app-africa-debug.apk, appPackage=com.eduven.cg.africa, appActivity=com.eduven.cg.activity.CheckSDCard, platformVersion=4.4, appiumVersion=1.4.13, automationName=Appium, platformName=Android, deviceName=014E0F500200D002}, platformVersion=4.3, webStorageEnabled=false, locationContextEnabled=false, automationName=Appium, browserName=Android, takesScreenshot=true, javascriptEnabled=true, platformName=Android}]
Session ID: 18fd19f5-b11c-4e69-95a7-d1fd1123f471
*** Element info: {Using=-android uiautomator, value=new UiScrollable(new UiSelector().scrollable(true).instance(0)).scrollIntoView(new UiSelector().description("").instance(0));new UiScrollable(new UiSelector().scrollable(true).instance(0)).scrollIntoView(new UiSelector().text("").instance(0));}
	at sun.reflect.GeneratedConstructorAccessor51.newInstance(Unknown Source)
	at sun.reflect.DelegatingConstructorAccessorImpl.newInstance(DelegatingConstructorAccessorImpl.java:45)
	at java.lang.reflect.Constructor.newInstance(Constructor.java:423)
	at org.openqa.selenium.remote.ErrorHandler.createThrowable(ErrorHandler.java:206)
	at org.openqa.selenium.remote.ErrorHandler.throwIfResponseFailed(ErrorHandler.java:158)
	at org.openqa.selenium.remote.RemoteWebDriver.execute(RemoteWebDriver.java:678)
	at io.appium.java_client.DefaultGenericMobileDriver.execute(DefaultGenericMobileDriver.java:43)
	at io.appium.java_client.AppiumDriver.execute(AppiumDriver.java:1)
	at io.appium.java_client.android.AndroidDriver.execute(AndroidDriver.java:1)
	at org.openqa.selenium.remote.RemoteWebDriver.findElement(RemoteWebDriver.java:363)
	at io.appium.java_client.android.AndroidDriver.findElementByAndroidUIAutomator(AndroidDriver.java:324)
	at io.appium.java_client.android.AndroidDriver.scrollToExact(AndroidDriver.java:128)
	at com.eduven.utils.Reusables.clickUsingScrollToExactTxt(Reusables.java:628)
	at com.eduven.utils.Reusables.navigateToFreeEntityDetailPage(Reusables.java:542)
	at com.eduven.testcase.CarnivalsFestivalsPageTestCases.verify_city_name_and_header_text_inside_term_test(CarnivalsFestivalsPageTestCases.java:69)
	at sun.reflect.NativeMethodAccessorImpl.invoke0(Native Method)
	at sun.reflect.NativeMethodAccessorImpl.invoke(NativeMethodAccessorImpl.java:62)
	at sun.reflect.DelegatingMethodAccessorImpl.invoke(DelegatingMethodAccessorImpl.java:43)
	at java.lang.reflect.Method.invoke(Method.java:498)
	at org.testng.internal.MethodInvocationHelper.invokeMethod(MethodInvocationHelper.java:86)
	at org.testng.internal.Invoker.invokeMethod(Invoker.java:645)
	at org.testng.internal.Invoker.invokeTestMethod(Invoker.java:822)
	at org.testng.internal.Invoker.invokeTestMethods(Invoker.java:1130)
	at org.testng.internal.TestMethodWorker.invokeTestMethods(TestMethodWorker.java:129)
	at org.testng.internal.TestMethodWorker.run(TestMethodWorker.java:112)
	at org.testng.TestRunner.privateRun(TestRunner.java:782)
	at org.testng.TestRunner.run(TestRunner.java:632)
	at org.testng.SuiteRunner.runTest(SuiteRunner.java:366)
	at org.testng.SuiteRunner.runSequentially(SuiteRunner.java:361)
	at org.testng.SuiteRunner.privateRun(SuiteRunner.java:319)
	at org.testng.SuiteRunner.run(SuiteRunner.java:268)
	at org.testng.SuiteRunnerWorker.runSuite(SuiteRunnerWorker.java:52)
	at org.testng.SuiteRunnerWorker.run(SuiteRunnerWorker.java:86)
	at org.testng.TestNG.runSuitesSequentially(TestNG.java:1244)
	at org.testng.TestNG.runSuitesLocally(TestNG.java:1169)
	at org.testng.TestNG.run(TestNG.java:1064)
	at com.eduven.utils.RunTestng.main(RunTestng.java:63)
]]>
    </failure>
  </testcase> <!-- verify_city_name_and_header_text_inside_term_test -->
  <testcase name="carnivals_festivals_page_buy_subscription" time="103.045" classname="com.eduven.testcase.CarnivalsFestivalsPageTestCases"/>
  <testcase name="carnivals_festivals_page_check_paid_term_as_free_term_test" time="16.63" classname="com.eduven.testcase.CarnivalsFestivalsPageTestCases">
    <failure type="org.openqa.selenium.UnsupportedCommandException" message="Missing parameters: [&amp;quot;selector&amp;quot;]
Command duration or timeout: 9 milliseconds
Build info: version: &amp;apos;2.51.0&amp;apos;, revision: &amp;apos;1af067d&amp;apos;, time: &amp;apos;2016-02-05 19:11:55&amp;apos;
System info: host: &amp;apos;Hitesh-Mac-Mini.local&amp;apos;, ip: &amp;apos;10.30.30.97&amp;apos;, os.name: &amp;apos;Mac OS X&amp;apos;, os.arch: &amp;apos;x86_64&amp;apos;, os.version: &amp;apos;10.11.5&amp;apos;, java.version: &amp;apos;1.8.0_74&amp;apos;
Driver info: io.appium.java_client.android.AndroidDriver
Capabilities [{app=/Users/hiteshbhardwaj/Desktop/Automation/app/CountryGuideAndroid/app-africa-debug.apk, appPackage=com.eduven.cg.africa, networkConnectionEnabled=true, warnings={}, appiumVersion=1.4.13, databaseEnabled=false, deviceName=014E0F500200D002, platform=LINUX, appActivity=com.eduven.cg.activity.CheckSDCard, desired={app=/Users/hiteshbhardwaj/Desktop/Automation/app/CountryGuideAndroid/app-africa-debug.apk, appPackage=com.eduven.cg.africa, appActivity=com.eduven.cg.activity.CheckSDCard, platformVersion=4.4, appiumVersion=1.4.13, automationName=Appium, platformName=Android, deviceName=014E0F500200D002}, platformVersion=4.3, webStorageEnabled=false, locationContextEnabled=false, automationName=Appium, browserName=Android, takesScreenshot=true, javascriptEnabled=true, platformName=Android}]
Session ID: 18fd19f5-b11c-4e69-95a7-d1fd1123f471
*** Element info: {Using=name, value=}">
      <![CDATA[org.openqa.selenium.UnsupportedCommandException: Missing parameters: ["selector"]
Command duration or timeout: 9 milliseconds
Build info: version: '2.51.0', revision: '1af067d', time: '2016-02-05 19:11:55'
System info: host: 'Hitesh-Mac-Mini.local', ip: '10.30.30.97', os.name: 'Mac OS X', os.arch: 'x86_64', os.version: '10.11.5', java.version: '1.8.0_74'
Driver info: io.appium.java_client.android.AndroidDriver
Capabilities [{app=/Users/hiteshbhardwaj/Desktop/Automation/app/CountryGuideAndroid/app-africa-debug.apk, appPackage=com.eduven.cg.africa, networkConnectionEnabled=true, warnings={}, appiumVersion=1.4.13, databaseEnabled=false, deviceName=014E0F500200D002, platform=LINUX, appActivity=com.eduven.cg.activity.CheckSDCard, desired={app=/Users/hiteshbhardwaj/Desktop/Automation/app/CountryGuideAndroid/app-africa-debug.apk, appPackage=com.eduven.cg.africa, appActivity=com.eduven.cg.activity.CheckSDCard, platformVersion=4.4, appiumVersion=1.4.13, automationName=Appium, platformName=Android, deviceName=014E0F500200D002}, platformVersion=4.3, webStorageEnabled=false, locationContextEnabled=false, automationName=Appium, browserName=Android, takesScreenshot=true, javascriptEnabled=true, platformName=Android}]
Session ID: 18fd19f5-b11c-4e69-95a7-d1fd1123f471
*** Element info: {Using=name, value=}
	at sun.reflect.NativeConstructorAccessorImpl.newInstance0(Native Method)
	at sun.reflect.NativeConstructorAccessorImpl.newInstance(NativeConstructorAccessorImpl.java:62)
	at sun.reflect.DelegatingConstructorAccessorImpl.newInstance(DelegatingConstructorAccessorImpl.java:45)
	at java.lang.reflect.Constructor.newInstance(Constructor.java:423)
	at org.openqa.selenium.remote.ErrorHandler.createThrowable(ErrorHandler.java:206)
	at org.openqa.selenium.remote.ErrorHandler.throwIfResponseFailed(ErrorHandler.java:158)
	at org.openqa.selenium.remote.RemoteWebDriver.execute(RemoteWebDriver.java:678)
	at io.appium.java_client.DefaultGenericMobileDriver.execute(DefaultGenericMobileDriver.java:43)
	at io.appium.java_client.AppiumDriver.execute(AppiumDriver.java:1)
	at io.appium.java_client.android.AndroidDriver.execute(AndroidDriver.java:1)
	at org.openqa.selenium.remote.RemoteWebDriver.findElement(RemoteWebDriver.java:363)
	at org.openqa.selenium.remote.RemoteWebDriver.findElementByName(RemoteWebDriver.java:461)
	at io.appium.java_client.DefaultGenericMobileDriver.findElementByName(DefaultGenericMobileDriver.java:99)
	at io.appium.java_client.AppiumDriver.findElementByName(AppiumDriver.java:1)
	at io.appium.java_client.android.AndroidDriver.findElementByName(AndroidDriver.java:1)
	at org.openqa.selenium.By$ByName.findElement(By.java:303)
	at org.openqa.selenium.remote.RemoteWebDriver.findElement(RemoteWebDriver.java:355)
	at io.appium.java_client.DefaultGenericMobileDriver.findElement(DefaultGenericMobileDriver.java:51)
	at io.appium.java_client.AppiumDriver.findElement(AppiumDriver.java:1)
	at io.appium.java_client.android.AndroidDriver.findElement(AndroidDriver.java:1)
	at com.eduven.utils.Reusables.clickCommand(Reusables.java:255)
	at com.eduven.modules.CarnivalsFestivals.checkPremiumTermAsFreeTerm(CarnivalsFestivals.java:111)
	at com.eduven.testcase.CarnivalsFestivalsPageTestCases.carnivals_festivals_page_check_paid_term_as_free_term_test(CarnivalsFestivalsPageTestCases.java:87)
	at sun.reflect.NativeMethodAccessorImpl.invoke0(Native Method)
	at sun.reflect.NativeMethodAccessorImpl.invoke(NativeMethodAccessorImpl.java:62)
	at sun.reflect.DelegatingMethodAccessorImpl.invoke(DelegatingMethodAccessorImpl.java:43)
	at java.lang.reflect.Method.invoke(Method.java:498)
	at org.testng.internal.MethodInvocationHelper.invokeMethod(MethodInvocationHelper.java:86)
	at org.testng.internal.Invoker.invokeMethod(Invoker.java:645)
	at org.testng.internal.Invoker.invokeTestMethod(Invoker.java:822)
	at org.testng.internal.Invoker.invokeTestMethods(Invoker.java:1130)
	at org.testng.internal.TestMethodWorker.invokeTestMethods(TestMethodWorker.java:129)
	at org.testng.internal.TestMethodWorker.run(TestMethodWorker.java:112)
	at org.testng.TestRunner.privateRun(TestRunner.java:782)
	at org.testng.TestRunner.run(TestRunner.java:632)
	at org.testng.SuiteRunner.runTest(SuiteRunner.java:366)
	at org.testng.SuiteRunner.runSequentially(SuiteRunner.java:361)
	at org.testng.SuiteRunner.privateRun(SuiteRunner.java:319)
	at org.testng.SuiteRunner.run(SuiteRunner.java:268)
	at org.testng.SuiteRunnerWorker.runSuite(SuiteRunnerWorker.java:52)
	at org.testng.SuiteRunnerWorker.run(SuiteRunnerWorker.java:86)
	at org.testng.TestNG.runSuitesSequentially(TestNG.java:1244)
	at org.testng.TestNG.runSuitesLocally(TestNG.java:1169)
	at org.testng.TestNG.run(TestNG.java:1064)
	at com.eduven.utils.RunTestng.main(RunTestng.java:63)
]]>
    </failure>
  </testcase> <!-- carnivals_festivals_page_check_paid_term_as_free_term_test -->
</testsuite> <!-- Regression Testing -->
