<?xml version="1.0" encoding="UTF-8"?>
<!-- Generated by org.testng.reporters.JUnitReportReporter -->
<testsuite hostname="Hitesh-Mac-Mini.local" name="com.eduven.testcase.GamesPageTestCases" tests="10" failures="0" timestamp="9 Dec 2016 10:31:31 GMT" time="388.805" errors="1">
  <testcase name="startGamesTest" time="14.747" classname="com.eduven.testcase.GamesPageTestCases"/>
  <testcase name="verifyGamesListNavigationTest" time="0.000" classname="com.eduven.testcase.GamesPageTestCases"/>
  <testcase name="verifyQuestionCountTest" time="20.293" classname="com.eduven.testcase.GamesPageTestCases"/>
  <testcase name="handlingRateTheAppPopupTest" time="63.021" classname="com.eduven.testcase.GamesPageTestCases"/>
  <testcase name="verifyElementOnMainGamePageTest" time="91.836" classname="com.eduven.testcase.GamesPageTestCases">
    <error type="java.lang.IndexOutOfBoundsException" message="Index: 0, Size: 0">
      <![CDATA[java.lang.IndexOutOfBoundsException: Index: 0, Size: 0
	at java.util.ArrayList.rangeCheck(ArrayList.java:653)
	at java.util.ArrayList.get(ArrayList.java:429)
	at com.eduven.modules.Games.clickOnSkipButton(Games.java:218)
	at com.eduven.testcase.GamesPageTestCases.verifyElementOnMainGamePageTest(GamesPageTestCases.java:67)
	at sun.reflect.NativeMethodAccessorImpl.invoke0(Native Method)
	at sun.reflect.NativeMethodAccessorImpl.invoke(NativeMethodAccessorImpl.java:62)
	at sun.reflect.DelegatingMethodAccessorImpl.invoke(DelegatingMethodAccessorImpl.java:43)
	at java.lang.reflect.Method.invoke(Method.java:498)
	at org.testng.internal.MethodInvocationHelper.invokeMethod(MethodInvocationHelper.java:85)
	at org.testng.internal.Invoker.invokeMethod(Invoker.java:639)
	at org.testng.internal.Invoker.invokeTestMethod(Invoker.java:816)
	at org.testng.internal.Invoker.invokeTestMethods(Invoker.java:1124)
	at org.testng.internal.TestMethodWorker.invokeTestMethods(TestMethodWorker.java:125)
	at org.testng.internal.TestMethodWorker.run(TestMethodWorker.java:108)
	at org.testng.TestRunner.privateRun(TestRunner.java:774)
	at org.testng.TestRunner.run(TestRunner.java:624)
	at org.testng.SuiteRunner.runTest(SuiteRunner.java:359)
	at org.testng.SuiteRunner.runSequentially(SuiteRunner.java:354)
	at org.testng.SuiteRunner.privateRun(SuiteRunner.java:312)
	at org.testng.SuiteRunner.run(SuiteRunner.java:261)
	at org.testng.SuiteRunnerWorker.runSuite(SuiteRunnerWorker.java:52)
	at org.testng.SuiteRunnerWorker.run(SuiteRunnerWorker.java:86)
	at org.testng.TestNG.runSuitesSequentially(TestNG.java:1215)
	at org.testng.TestNG.runSuitesLocally(TestNG.java:1140)
	at org.testng.TestNG.run(TestNG.java:1048)
	at com.eduven.utils.RunTestng.main(RunTestng.java:58)
]]>
    </error>
  </testcase> <!-- verifyElementOnMainGamePageTest -->
  <testcase name="languageSelectionTest" time="111.405" classname="com.eduven.testcase.GamesPageTestCases"/>
  <testcase name="verifyAttemptedQuestionOnScoreBoardTest" time="30.514" classname="com.eduven.testcase.GamesPageTestCases"/>
  <testcase name="selectGamesFromGameListTest" time="8.608" classname="com.eduven.testcase.GamesPageTestCases"/>
  <testcase name="verifyWrongAttemptedQuestionOnScoreBoardTest" time="30.838" classname="com.eduven.testcase.GamesPageTestCases"/>
  <testcase name="verifyNavigationToGamesPageTest" time="17.543" classname="com.eduven.testcase.GamesPageTestCases"/>
</testsuite> <!-- com.eduven.testcase.GamesPageTestCases -->
