<?xml version="1.0" encoding="UTF-8"?>
<!-- Generated by org.testng.reporters.JUnitXMLReporter -->
<testsuite hostname="Bhardwaj.local" name="Regression Testing" tests="115" failures="2" timestamp="2 Nov 2016 10:30:44 GMT" time="9004.511" errors="0">
  <testcase name="@AfterTest tearDown" time="0.0" classname="com.eduven.testcase.CheckInterstetialBeforePurchase">
    <failure type="java.lang.IllegalArgumentException" message="wrong number of arguments">
      <![CDATA[java.lang.IllegalArgumentException: wrong number of arguments
	at sun.reflect.NativeMethodAccessorImpl.invoke0(Native Method)
	at sun.reflect.NativeMethodAccessorImpl.invoke(NativeMethodAccessorImpl.java:62)
	at sun.reflect.DelegatingMethodAccessorImpl.invoke(DelegatingMethodAccessorImpl.java:43)
	at java.lang.reflect.Method.invoke(Method.java:498)
	at org.testng.internal.MethodInvocationHelper.invokeMethod(MethodInvocationHelper.java:85)
	at org.testng.internal.Invoker.invokeConfigurationMethod(Invoker.java:510)
	at org.testng.internal.Invoker.invokeConfigurations(Invoker.java:211)
	at org.testng.internal.Invoker.invokeConfigurations(Invoker.java:138)
	at org.testng.TestRunner.afterRun(TestRunner.java:1023)
	at org.testng.TestRunner.run(TestRunner.java:628)
	at org.testng.SuiteRunner.runTest(SuiteRunner.java:359)
	at org.testng.SuiteRunner.runSequentially(SuiteRunner.java:354)
	at org.testng.SuiteRunner.privateRun(SuiteRunner.java:312)
	at org.testng.SuiteRunner.run(SuiteRunner.java:261)
	at org.testng.SuiteRunnerWorker.runSuite(SuiteRunnerWorker.java:52)
	at org.testng.SuiteRunnerWorker.run(SuiteRunnerWorker.java:86)
	at org.testng.TestNG.runSuitesSequentially(TestNG.java:1215)
	at org.testng.TestNG.runSuitesLocally(TestNG.java:1140)
	at org.testng.TestNG.run(TestNG.java:1048)
	at com.eduven.utils.RunTestng.main(RunTestng.java:62)
]]>
    </failure>
  </testcase> <!-- @AfterTest tearDown -->
  <testcase name="@AfterTest tearDown" time="0.0" classname="com.eduven.testcase.CheckInterstetialBeforePurchase">
    <skipped/>
  </testcase> <!-- @AfterTest tearDown -->
  <testcase name="install_app_and_language_selection_test" time="97.702" classname="com.eduven.testcase.HomePageTestCases"/>
  <testcase name="verify_element_on_homePage_test" time="3.797" classname="com.eduven.testcase.HomePageTestCases"/>
  <testcase name="verify_footer_element_on_home_page_test" time="0.652" classname="com.eduven.testcase.HomePageTestCases"/>
  <testcase name="installAppAndLanguageSelectionTest" time="40.518" classname="com.eduven.testcase.CategoryPageTestCases"/>
  <testcase name="verifyCategoryHeaderTxtTest" time="3.645" classname="com.eduven.testcase.CategoryPageTestCases"/>
  <testcase name="verifyCategoryListTest" time="309.452" classname="com.eduven.testcase.CategoryPageTestCases"/>
  <testcase name="verifyCategoryTermCountTest" time="609.121" classname="com.eduven.testcase.CategoryPageTestCases"/>
  <testcase name="installAppAndLanguageSelectionTest" time="40.845" classname="com.eduven.testcase.EduBankPageTestCases"/>
  <testcase name="navigateToEdubankTest" time="49.821" classname="com.eduven.testcase.EduBankPageTestCases"/>
  <testcase name="navigateToTermPageTest" time="156.248" classname="com.eduven.testcase.EduBankPageTestCases"/>
  <testcase name="addTermInEdubankTest" time="6.307" classname="com.eduven.testcase.EduBankPageTestCases"/>
  <testcase name="verifyAddedTermInEdubankTest" time="6.711" classname="com.eduven.testcase.EduBankPageTestCases"/>
  <testcase name="remove_terms_from_Edubank_test" time="4.418" classname="com.eduven.testcase.EduBankPageTestCases"/>
  <testcase name="verifyAddedTermInEdubankAfterRemoveOneTermTest" time="23.38" classname="com.eduven.testcase.EduBankPageTestCases"/>
  <testcase name="removeAllTermsFromEdubankTest" time="2.916" classname="com.eduven.testcase.EduBankPageTestCases"/>
  <testcase name="navigateToEdubankQuicklistTest" time="49.185" classname="com.eduven.testcase.EduBankPageTestCases"/>
  <testcase name="navigateToEquicklistPageTest" time="8.037" classname="com.eduven.testcase.EduBankPageTestCases"/>
  <testcase name="navigateToQuicklistTermPageTest" time="6.015" classname="com.eduven.testcase.EduBankPageTestCases"/>
  <testcase name="addTermInEdubankForQuicklistTest" time="10.549" classname="com.eduven.testcase.EduBankPageTestCases"/>
  <testcase name="verifyAddedTermInEdubankForQuicklistTest" time="6.31" classname="com.eduven.testcase.EduBankPageTestCases"/>
  <testcase name="removeTermsFromEdubankForQuicklistTest" time="4.342" classname="com.eduven.testcase.EduBankPageTestCases"/>
  <testcase name="verifyAddedTermInEdubankForQuicklistAfterRemoveOnTermTest" time="23.233" classname="com.eduven.testcase.EduBankPageTestCases"/>
  <testcase name="removeAllTermsFromEdubankForQuicklistTest" time="1.313" classname="com.eduven.testcase.EduBankPageTestCases"/>
  <testcase name="install_app_and_language_selection_test" time="41.447" classname="com.eduven.testcase.SearchPageTestCases"/>
  <testcase name="navigate_to_search_page_test" time="2.623" classname="com.eduven.testcase.SearchPageTestCases"/>
  <testcase name="verify_search_page_header_test" time="1.698" classname="com.eduven.testcase.SearchPageTestCases"/>
  <testcase name="search_word_for_Unlock_term_test" time="62.378" classname="com.eduven.testcase.SearchPageTestCases"/>
  <testcase name="search_page_audio_test" time="7.202" classname="com.eduven.testcase.SearchPageTestCases"/>
  <testcase name="search_word_test" time="21.321" classname="com.eduven.testcase.SearchPageTestCases"/>
  <testcase name="installAppAndLanguageSelectionTest" time="42.424" classname="com.eduven.testcase.GamesPageTestCases"/>
  <testcase name="navigateToGaemPageTest" time="9.424" classname="com.eduven.testcase.GamesPageTestCases"/>
  <testcase name="verifyGameListNavigationTest" time="554.509" classname="com.eduven.testcase.GamesPageTestCases"/>
  <testcase name="selectGameFromGameListTest" time="5.274" classname="com.eduven.testcase.GamesPageTestCases"/>
  <testcase name="verifyElementOnGameHomeScreenTest" time="3.24" classname="com.eduven.testcase.GamesPageTestCases"/>
  <testcase name="questionCountTest" time="1.089" classname="com.eduven.testcase.GamesPageTestCases"/>
  <testcase name="startGameTest" time="1.536" classname="com.eduven.testcase.GamesPageTestCases"/>
  <testcase name="verifyElementOnMainGamePageScreenTest" time="171.112" classname="com.eduven.testcase.GamesPageTestCases"/>
  <testcase name="selectRandomOptionForQuestionTest" time="131.57" classname="com.eduven.testcase.GamesPageTestCases">
    <failure type="java.lang.IndexOutOfBoundsException" message="Index: 0, Size: 0">
      <![CDATA[java.lang.IndexOutOfBoundsException: Index: 0, Size: 0
	at java.util.ArrayList.rangeCheck(ArrayList.java:653)
	at java.util.ArrayList.get(ArrayList.java:429)
	at com.eduven.modules.Games.clickOnSkipButton(Games.java:277)
	at com.eduven.testcase.GamesPageTestCases.selectRandomOptionForQuestionTest(GamesPageTestCases.java:73)
	at sun.reflect.NativeMethodAccessorImpl.invoke0(Native Method)
	at sun.reflect.NativeMethodAccessorImpl.invoke(NativeMethodAccessorImpl.java:62)
	at sun.reflect.DelegatingMethodAccessorImpl.invoke(DelegatingMethodAccessorImpl.java:43)
	at java.lang.reflect.Method.invoke(Method.java:498)
	at org.testng.internal.MethodInvocationHelper.invokeMethod(MethodInvocationHelper.java:85)
	at org.testng.internal.Invoker.invokeMethod(Invoker.java:639)
	at org.testng.internal.Invoker.invokeTestMethod(Invoker.java:816)
	at org.testng.internal.Invoker.invokeTestMethods(Invoker.java:1124)
	at org.testng.internal.TestMethodWorker.invokeTestMethods(TestMethodWorker.java:125)
	at org.testng.internal.TestMethodWorker.run(TestMethodWorker.java:108)
	at org.testng.TestRunner.privateRun(TestRunner.java:774)
	at org.testng.TestRunner.run(TestRunner.java:624)
	at org.testng.SuiteRunner.runTest(SuiteRunner.java:359)
	at org.testng.SuiteRunner.runSequentially(SuiteRunner.java:354)
	at org.testng.SuiteRunner.privateRun(SuiteRunner.java:312)
	at org.testng.SuiteRunner.run(SuiteRunner.java:261)
	at org.testng.SuiteRunnerWorker.runSuite(SuiteRunnerWorker.java:52)
	at org.testng.SuiteRunnerWorker.run(SuiteRunnerWorker.java:86)
	at org.testng.TestNG.runSuitesSequentially(TestNG.java:1215)
	at org.testng.TestNG.runSuitesLocally(TestNG.java:1140)
	at org.testng.TestNG.run(TestNG.java:1048)
	at com.eduven.utils.RunTestng.main(RunTestng.java:62)
]]>
    </failure>
  </testcase> <!-- selectRandomOptionForQuestionTest -->
  <testcase name="verifyAttemptedQuestionOnScoreBoardTest" time="0.001" classname="com.eduven.testcase.GamesPageTestCases">
    <failure type="java.lang.AssertionError" message="Error Message!! Attempted question are not macth with expected one. expected [0] but found [5]">
      <![CDATA[java.lang.AssertionError: Error Message!! Attempted question are not macth with expected one. expected [0] but found [5]
	at org.testng.Assert.fail(Assert.java:94)
	at org.testng.Assert.failNotEquals(Assert.java:496)
	at org.testng.Assert.assertEquals(Assert.java:125)
	at org.testng.Assert.assertEquals(Assert.java:178)
	at com.eduven.utils.Reusables.verifyEqualMessage(Reusables.java:752)
	at com.eduven.modules.Games.verifyAttemptedQuestion(Games.java:322)
	at com.eduven.testcase.GamesPageTestCases.verifyAttemptedQuestionOnScoreBoardTest(GamesPageTestCases.java:77)
	at sun.reflect.NativeMethodAccessorImpl.invoke0(Native Method)
	at sun.reflect.NativeMethodAccessorImpl.invoke(NativeMethodAccessorImpl.java:62)
	at sun.reflect.DelegatingMethodAccessorImpl.invoke(DelegatingMethodAccessorImpl.java:43)
	at java.lang.reflect.Method.invoke(Method.java:498)
	at org.testng.internal.MethodInvocationHelper.invokeMethod(MethodInvocationHelper.java:85)
	at org.testng.internal.Invoker.invokeMethod(Invoker.java:639)
	at org.testng.internal.Invoker.invokeTestMethod(Invoker.java:816)
	at org.testng.internal.Invoker.invokeTestMethods(Invoker.java:1124)
	at org.testng.internal.TestMethodWorker.invokeTestMethods(TestMethodWorker.java:125)
	at org.testng.internal.TestMethodWorker.run(TestMethodWorker.java:108)
	at org.testng.TestRunner.privateRun(TestRunner.java:774)
	at org.testng.TestRunner.run(TestRunner.java:624)
	at org.testng.SuiteRunner.runTest(SuiteRunner.java:359)
	at org.testng.SuiteRunner.runSequentially(SuiteRunner.java:354)
	at org.testng.SuiteRunner.privateRun(SuiteRunner.java:312)
	at org.testng.SuiteRunner.run(SuiteRunner.java:261)
	at org.testng.SuiteRunnerWorker.runSuite(SuiteRunnerWorker.java:52)
	at org.testng.SuiteRunnerWorker.run(SuiteRunnerWorker.java:86)
	at org.testng.TestNG.runSuitesSequentially(TestNG.java:1215)
	at org.testng.TestNG.runSuitesLocally(TestNG.java:1140)
	at org.testng.TestNG.run(TestNG.java:1048)
	at com.eduven.utils.RunTestng.main(RunTestng.java:62)
]]>
    </failure>
  </testcase> <!-- verifyAttemptedQuestionOnScoreBoardTest -->
  <testcase name="verifyWrongAttemptedQuestionOnScoreBoardTest" time="21.478" classname="com.eduven.testcase.GamesPageTestCases"/>
  <testcase name="installAppAndLanguageSelectionTest" time="40.791" classname="com.eduven.testcase.EvMenuPageTestCases"/>
  <testcase name="navigateToMoreAppsPageTest" time="7.593" classname="com.eduven.testcase.EvMenuPageTestCases"/>
  <testcase name="verifyMoreAppsPageLoadedTest" time="15.124" classname="com.eduven.testcase.EvMenuPageTestCases"/>
  <testcase name="navigateToAppListPageTest" time="4.248" classname="com.eduven.testcase.EvMenuPageTestCases"/>
  <testcase name="verifyGooglePlayStorePageLoadedTest" time="15.173" classname="com.eduven.testcase.EvMenuPageTestCases"/>
  <testcase name="navigateContributePageTest" time="5.731" classname="com.eduven.testcase.EvMenuPageTestCases"/>
  <testcase name="verifyContributePageWithoutTextTest" time="13.118" classname="com.eduven.testcase.EvMenuPageTestCases"/>
  <testcase name="verifyContributePageWithCategoryTest" time="18.642" classname="com.eduven.testcase.EvMenuPageTestCases"/>
  <testcase name="verifyContributePageWithWordTest" time="21.603" classname="com.eduven.testcase.EvMenuPageTestCases"/>
  <testcase name="verifyContributePageWithRequiredTextTest" time="30.832" classname="com.eduven.testcase.EvMenuPageTestCases"/>
  <testcase name="categorySettingPageTest" time="367.704" classname="com.eduven.testcase.EvMenuPageTestCases"/>
  <testcase name="wordOfDayTest" time="18.075" classname="com.eduven.testcase.EvMenuPageTestCases"/>
  <testcase name="verifyDislcaimerTest" time="15.515" classname="com.eduven.testcase.EvMenuPageTestCases"/>
  <testcase name="verifyFaqsTest" time="13.129" classname="com.eduven.testcase.EvMenuPageTestCases"/>
  <testcase name="verifyTermAndConditionTest" time="35.137" classname="com.eduven.testcase.EvMenuPageTestCases"/>
  <testcase name="verifyPrivacyPolicyTest" time="59.678" classname="com.eduven.testcase.EvMenuPageTestCases"/>
  <testcase name="checkAllCategoryInCategorySettingTest" time="255.803" classname="com.eduven.testcase.EvMenuPageTestCases"/>
  <testcase name="getInTouchPageTest" time="45.037" classname="com.eduven.testcase.EvMenuPageTestCases"/>
  <testcase name="verifyRateThisAppTest" time="92.411" classname="com.eduven.testcase.EvMenuPageTestCases"/>
  <testcase name="installAppAndLanguageSelectionTest" time="42.182" classname="com.eduven.testcase.TermListPageTestCases"/>
  <testcase name="navigateToEditTermPageTest" time="255.692" classname="com.eduven.testcase.TermListPageTestCases"/>
  <testcase name="verifyContributePageWithoutTextTest" time="12.94" classname="com.eduven.testcase.TermListPageTestCases"/>
  <testcase name="verifyContributePageWithTest" time="22.383" classname="com.eduven.testcase.TermListPageTestCases"/>
  <testcase name="install_app_and_language_selection_test" time="45.951" classname="com.eduven.testcase.QuickListPageTestCases"/>
  <testcase name="navigate_to_quick_list_test" time="6.152" classname="com.eduven.testcase.QuickListPageTestCases"/>
  <testcase name="verify_quick_list_headertxt_test" time="1.492" classname="com.eduven.testcase.QuickListPageTestCases"/>
  <testcase name="verify_quick_list_category_test" time="100.28" classname="com.eduven.testcase.QuickListPageTestCases"/>
  <testcase name="navigate_to_quick_list_term_test" time="5.008" classname="com.eduven.testcase.QuickListPageTestCases"/>
  <testcase name="verify_terms_name_on_termlist_page_test" time="537.178" classname="com.eduven.testcase.QuickListPageTestCases"/>
  <testcase name="verify_unlock_term_name_on_term_list_page_test" time="14.771" classname="com.eduven.testcase.QuickListPageTestCases"/>
  <testcase name="verify_lock_term_name_on_term_list_page_test" time="11.457" classname="com.eduven.testcase.QuickListPageTestCases"/>
  <testcase name="installAppAndLanguageSelectionTest" time="42.969" classname="com.eduven.testcase.AutoPlayPageTestCases"/>
  <testcase name="handlingRateAppPopupTest" time="0.0" classname="com.eduven.testcase.AutoPlayPageTestCases"/>
  <testcase name="verifyCategoryHeaderTxt" time="3.11" classname="com.eduven.testcase.AutoPlayPageTestCases"/>
  <testcase name="selectRandomCategoryTest" time="182.981" classname="com.eduven.testcase.AutoPlayPageTestCases"/>
  <testcase name="verifyButtonsRelatedAutPlayTest" time="4.924" classname="com.eduven.testcase.AutoPlayPageTestCases"/>
  <testcase name="getFirstTermNameBeforeStartTest" time="0.185" classname="com.eduven.testcase.AutoPlayPageTestCases"/>
  <testcase name="increaseDelayTimeTest" time="20.235" classname="com.eduven.testcase.AutoPlayPageTestCases"/>
  <testcase name="startTurboPlayTest" time="22.996" classname="com.eduven.testcase.AutoPlayPageTestCases"/>
  <testcase name="verifyElementAfterStartTurboPlayTest" time="4.99" classname="com.eduven.testcase.AutoPlayPageTestCases"/>
  <testcase name="verifyAutoPlayWorksTest" time="20.214" classname="com.eduven.testcase.AutoPlayPageTestCases"/>
  <testcase name="installAppAndLanguageSelectionTest" time="44.086" classname="com.eduven.testcase.NetworkRelatedTestCases"/>
  <testcase name="turnoffNetworkConnectionTest" time="24.462" classname="com.eduven.testcase.NetworkRelatedTestCases"/>
  <testcase name="verifyEVMenuForNetworkConnectionTest" time="35.733" classname="com.eduven.testcase.NetworkRelatedTestCases"/>
  <testcase name="verifyPurchaseAppRelatedNetworkConnectionTest" time="17.755" classname="com.eduven.testcase.NetworkRelatedTestCases"/>
  <testcase name="verifySwicthLingoRelatedNetworkConnectionTest" time="39.362" classname="com.eduven.testcase.NetworkRelatedTestCases"/>
  <testcase name="turnOnNetworkConnectionTest" time="31.145" classname="com.eduven.testcase.NetworkRelatedTestCases"/>
  <testcase name="handlingRateAppPopupTest" time="0.0" classname="com.eduven.testcase.CheckInterstetialBeforePurchase"/>
  <testcase name="installAppAndLanguageSelectionTest" time="42.949" classname="com.eduven.testcase.CheckInterstetialBeforePurchase"/>
  <testcase name="verifyInterstetialForWordListTest" time="460.009" classname="com.eduven.testcase.CheckInterstetialBeforePurchase"/>
  <testcase name="verifyInterstetialForSearchTest" time="94.523" classname="com.eduven.testcase.CheckInterstetialBeforePurchase"/>
  <testcase name="verifyInterstetialForQuicklistTest" time="30.926" classname="com.eduven.testcase.CheckInterstetialBeforePurchase"/>
  <testcase name="verifyInterstetialForGamesTest" time="95.044" classname="com.eduven.testcase.CheckInterstetialBeforePurchase"/>
  <testcase name="verifyInterstetialForInAppTest" time="32.523" classname="com.eduven.testcase.CheckInterstetialBeforePurchase"/>
  <testcase name="installAppAndLanguageSelectionTest" time="42.256" classname="com.eduven.testcase.PurchaseTestCases"/>
  <testcase name="verify_lock_term_before_purchase_test" time="632.302" classname="com.eduven.testcase.PurchaseTestCases"/>
  <testcase name="navigate_to_buy_test" time="4.77" classname="com.eduven.testcase.PurchaseTestCases"/>
  <testcase name="premium_word_purchase_test" time="47.37" classname="com.eduven.testcase.PurchaseTestCases"/>
  <testcase name="verify_more_app_btn_after_purchase" time="6.484" classname="com.eduven.testcase.PurchaseTestCases"/>
  <testcase name="verify_lock_term_appear_as_unlock_term_test" time="221.371" classname="com.eduven.testcase.PurchaseTestCases"/>
  <testcase name="verify_interstetial_for_games_test" time="112.277" classname="com.eduven.testcase.PurchaseTestCases"/>
  <testcase name="verify_interstetial_for_word_list_test" time="741.606" classname="com.eduven.testcase.PurchaseTestCases"/>
  <testcase name="verify_interstetial_for_search_test" time="113.615" classname="com.eduven.testcase.PurchaseTestCases"/>
  <testcase name="verify_interstetial_for_quicklist_test" time="50.066" classname="com.eduven.testcase.PurchaseTestCases"/>
  <testcase name="install_app_and_language_selection_test" time="42.247" classname="com.eduven.testcase.SwitchLanguagePageTestCases"/>
  <testcase name="navigate_to_switch_lingo_page_test" time="12.892" classname="com.eduven.testcase.SwitchLanguagePageTestCases"/>
  <testcase name="switch_lingo_change_base_language_test" time="23.544" classname="com.eduven.testcase.SwitchLanguagePageTestCases"/>
  <testcase name="purchase_native_langugae_test" time="20.529" classname="com.eduven.testcase.SwitchLanguagePageTestCases"/>
  <testcase name="verify_category_list_after_base_language_change_test" time="308.258" classname="com.eduven.testcase.SwitchLanguagePageTestCases"/>
  <testcase name="verify_term_header_and_term_name_test" time="152.29" classname="com.eduven.testcase.SwitchLanguagePageTestCases"/>
  <testcase name="navigate_to_quick_list_test" time="5.78" classname="com.eduven.testcase.SwitchLanguagePageTestCases"/>
  <testcase name="verify_quick_list_headertxt_test" time="1.52" classname="com.eduven.testcase.SwitchLanguagePageTestCases"/>
  <testcase name="verify_quick_list_category_test" time="95.218" classname="com.eduven.testcase.SwitchLanguagePageTestCases"/>
  <testcase name="navigate_to_quick_list_term_test" time="6.276" classname="com.eduven.testcase.SwitchLanguagePageTestCases"/>
  <testcase name="verify_terms_name_on_termlist_page_test" time="1.167" classname="com.eduven.testcase.SwitchLanguagePageTestCases"/>
</testsuite> <!-- Regression Testing -->
