<?xml version="1.0" encoding="UTF-8"?>
<!-- Generated by org.testng.reporters.JUnitReportReporter -->
<testsuite hostname="Hitesh-Mac-Mini.local" name="com.eduven.testcase.AllRecipesPageTestCasesForSeafood" tests="5" failures="2" timestamp="9 Nov 2016 09:54:52 GMT" time="780.748" errors="0">
  <testcase name="allRecipesPageNavigationTest" time="79.005" classname="com.eduven.testcase.AllRecipesPageTestCasesForSeafood"/>
  <testcase name="allRecipesPageVerifyallRecipesTermsTest" time="425.432" classname="com.eduven.testcase.AllRecipesPageTestCasesForSeafood"/>
  <testcase name="allRecipesPageSelectRandomRecipeNameTest" time="67.070" classname="com.eduven.testcase.AllRecipesPageTestCasesForSeafood">
    <failure type="java.lang.AssertionError" message="Error Message!Actual and Expected Recipe name not matched. expected [pad thai] but found [chicken pad thai]">
      <![CDATA[java.lang.AssertionError: Error Message!Actual and Expected Recipe name not matched. expected [pad thai] but found [chicken pad thai]
	at org.testng.Assert.fail(Assert.java:94)
	at org.testng.Assert.failNotEquals(Assert.java:496)
	at org.testng.Assert.assertEquals(Assert.java:125)
	at org.testng.Assert.assertEquals(Assert.java:178)
	at com.eduven.utils.Reusables.verifyEqualMessage(Reusables.java:805)
	at com.eduven.utils.Reusables.checkFreeRecipe(Reusables.java:536)
	at com.eduven.testcase.AllRecipesPageTestCasesForSeafood.allRecipesPageSelectRandomRecipeNameTest(AllRecipesPageTestCasesForSeafood.java:51)
	at sun.reflect.NativeMethodAccessorImpl.invoke0(Native Method)
	at sun.reflect.NativeMethodAccessorImpl.invoke(NativeMethodAccessorImpl.java:62)
	at sun.reflect.DelegatingMethodAccessorImpl.invoke(DelegatingMethodAccessorImpl.java:43)
	at java.lang.reflect.Method.invoke(Method.java:498)
	at org.testng.internal.MethodInvocationHelper.invokeMethod(MethodInvocationHelper.java:85)
	at org.testng.internal.Invoker.invokeMethod(Invoker.java:639)
	at org.testng.internal.Invoker.invokeTestMethod(Invoker.java:816)
	at org.testng.internal.Invoker.invokeTestMethods(Invoker.java:1124)
	at org.testng.internal.TestMethodWorker.invokeTestMethods(TestMethodWorker.java:125)
	at org.testng.internal.TestMethodWorker.run(TestMethodWorker.java:108)
	at org.testng.TestRunner.privateRun(TestRunner.java:774)
	at org.testng.TestRunner.run(TestRunner.java:624)
	at org.testng.SuiteRunner.runTest(SuiteRunner.java:359)
	at org.testng.SuiteRunner.runSequentially(SuiteRunner.java:354)
	at org.testng.SuiteRunner.privateRun(SuiteRunner.java:312)
	at org.testng.SuiteRunner.run(SuiteRunner.java:261)
	at org.testng.SuiteRunnerWorker.runSuite(SuiteRunnerWorker.java:52)
	at org.testng.SuiteRunnerWorker.run(SuiteRunnerWorker.java:86)
	at org.testng.TestNG.runSuitesSequentially(TestNG.java:1215)
	at org.testng.TestNG.runSuitesLocally(TestNG.java:1140)
	at org.testng.TestNG.run(TestNG.java:1048)
	at org.testng.remote.RemoteTestNG.run(RemoteTestNG.java:112)
	at org.testng.remote.RemoteTestNG.initAndRun(RemoteTestNG.java:205)
	at org.testng.remote.RemoteTestNG.main(RemoteTestNG.java:176)
]]>
    </failure>
  </testcase> <!-- allRecipesPageSelectRandomRecipeNameTest -->
  <testcase name="verifyAppNameTest" time="152.115" classname="com.eduven.testcase.AllRecipesPageTestCasesForSeafood">
    <failure type="java.lang.AssertionError" message="Error Message!! Actual and Expected text not matched. expected [meat lovers] but found [seafood recipes]">
      <![CDATA[java.lang.AssertionError: Error Message!! Actual and Expected text not matched. expected [meat lovers] but found [seafood recipes]
	at org.testng.Assert.fail(Assert.java:94)
	at org.testng.Assert.failNotEquals(Assert.java:496)
	at org.testng.Assert.assertEquals(Assert.java:125)
	at org.testng.Assert.assertEquals(Assert.java:178)
	at com.eduven.utils.Reusables.verifyEqualMessage(Reusables.java:805)
	at com.eduven.modules.HomePageForSeafood.verifyAppName(HomePageForSeafood.java:23)
	at com.eduven.testcase.AllRecipesPageTestCasesForSeafood.verifyAppNameTest(AllRecipesPageTestCasesForSeafood.java:29)
	at sun.reflect.NativeMethodAccessorImpl.invoke0(Native Method)
	at sun.reflect.NativeMethodAccessorImpl.invoke(NativeMethodAccessorImpl.java:62)
	at sun.reflect.DelegatingMethodAccessorImpl.invoke(DelegatingMethodAccessorImpl.java:43)
	at java.lang.reflect.Method.invoke(Method.java:498)
	at org.testng.internal.MethodInvocationHelper.invokeMethod(MethodInvocationHelper.java:85)
	at org.testng.internal.Invoker.invokeMethod(Invoker.java:639)
	at org.testng.internal.Invoker.invokeTestMethod(Invoker.java:816)
	at org.testng.internal.Invoker.invokeTestMethods(Invoker.java:1124)
	at org.testng.internal.TestMethodWorker.invokeTestMethods(TestMethodWorker.java:125)
	at org.testng.internal.TestMethodWorker.run(TestMethodWorker.java:108)
	at org.testng.TestRunner.privateRun(TestRunner.java:774)
	at org.testng.TestRunner.run(TestRunner.java:624)
	at org.testng.SuiteRunner.runTest(SuiteRunner.java:359)
	at org.testng.SuiteRunner.runSequentially(SuiteRunner.java:354)
	at org.testng.SuiteRunner.privateRun(SuiteRunner.java:312)
	at org.testng.SuiteRunner.run(SuiteRunner.java:261)
	at org.testng.SuiteRunnerWorker.runSuite(SuiteRunnerWorker.java:52)
	at org.testng.SuiteRunnerWorker.run(SuiteRunnerWorker.java:86)
	at org.testng.TestNG.runSuitesSequentially(TestNG.java:1215)
	at org.testng.TestNG.runSuitesLocally(TestNG.java:1140)
	at org.testng.TestNG.run(TestNG.java:1048)
	at org.testng.remote.RemoteTestNG.run(RemoteTestNG.java:112)
	at org.testng.remote.RemoteTestNG.initAndRun(RemoteTestNG.java:205)
	at org.testng.remote.RemoteTestNG.main(RemoteTestNG.java:176)
]]>
    </failure>
  </testcase> <!-- verifyAppNameTest -->
  <testcase name="inAppPurchaseTest" time="57.126" classname="com.eduven.testcase.AllRecipesPageTestCasesForSeafood"/>
</testsuite> <!-- com.eduven.testcase.AllRecipesPageTestCasesForSeafood -->
