<?xml version="1.0" encoding="UTF-8"?>
<!-- Generated by org.testng.reporters.JUnitReportReporter -->
<testsuite hostname="Bhardwaj.local" name="com.eduven.testcase.TasteBudPageTestCases" tests="17" failures="1" timestamp="8 Nov 2016 09:38:47 GMT" time="2099.764" errors="0">
  <testcase name="selectFirstTypeOfDietTest" time="69.693" classname="com.eduven.testcase.TasteBudPageTestCases"/>
  <testcase name="verifyRecipeRatingValueTest" time="1.263" classname="com.eduven.testcase.TasteBudPageTestCases"/>
  <testcase name="verifyMethodTest" time="10.177" classname="com.eduven.testcase.TasteBudPageTestCases"/>
  <testcase name="verifyIngredientNutritionTest" time="130.022" classname="com.eduven.testcase.TasteBudPageTestCases"/>
  <testcase name="verifyIngredientTipsTest" time="44.049" classname="com.eduven.testcase.TasteBudPageTestCases"/>
  <testcase name="verifyRecipeServingsValueTest" time="1.554" classname="com.eduven.testcase.TasteBudPageTestCases"/>
  <testcase name="verifyTagsTest" time="4.984" classname="com.eduven.testcase.TasteBudPageTestCases"/>
  <testcase name="verifyAppNameTest" time="67.510" classname="com.eduven.testcase.TasteBudPageTestCases"/>
  <testcase name="testeBudPageNavigationTest" time="19.711" classname="com.eduven.testcase.TasteBudPageTestCases"/>
  <testcase name="tasteBudPageVerifyFreeTasteBudRecipeTest" time="241.391" classname="com.eduven.testcase.TasteBudPageTestCases"/>
  <testcase name="verifyRecipeNutritionTest" time="23.258" classname="com.eduven.testcase.TasteBudPageTestCases"/>
  <testcase name="inAppPurchaseTest" time="52.736" classname="com.eduven.testcase.TasteBudPageTestCases"/>
  <testcase name="tasteBudPageVerifyTasteBudRecipeTermTest" time="1157.642" classname="com.eduven.testcase.TasteBudPageTestCases"/>
  <testcase name="verifyCookingTimeTest" time="1.290" classname="com.eduven.testcase.TasteBudPageTestCases"/>
  <testcase name="verifyIngredientNameListTest" time="88.547" classname="com.eduven.testcase.TasteBudPageTestCases"/>
  <testcase name="verifyMenuPlannerTest" time="120.801" classname="com.eduven.testcase.TasteBudPageTestCases">
    <failure type="java.lang.AssertionError" message="Error Mesage!!Toast Message not matched with expected one. expected [true] but found [false]">
      <![CDATA[java.lang.AssertionError: Error Mesage!!Toast Message not matched with expected one. expected [true] but found [false]
	at org.testng.Assert.fail(Assert.java:94)
	at org.testng.Assert.failNotEquals(Assert.java:496)
	at org.testng.Assert.assertTrue(Assert.java:42)
	at com.eduven.utils.Reusables.verifyToastMessageUsingImage(Reusables.java:842)
	at com.eduven.modules.EntityDetailPageUpperPart.verifyToastMessageForMenuPlanner(EntityDetailPageUpperPart.java:628)
	at com.eduven.testcase.TasteBudPageTestCases.verifyMenuPlannerTest(TasteBudPageTestCases.java:126)
	at sun.reflect.NativeMethodAccessorImpl.invoke0(Native Method)
	at sun.reflect.NativeMethodAccessorImpl.invoke(NativeMethodAccessorImpl.java:62)
	at sun.reflect.DelegatingMethodAccessorImpl.invoke(DelegatingMethodAccessorImpl.java:43)
	at java.lang.reflect.Method.invoke(Method.java:498)
	at org.testng.internal.MethodInvocationHelper.invokeMethod(MethodInvocationHelper.java:85)
	at org.testng.internal.Invoker.invokeMethod(Invoker.java:639)
	at org.testng.internal.Invoker.invokeTestMethod(Invoker.java:816)
	at org.testng.internal.Invoker.invokeTestMethods(Invoker.java:1124)
	at org.testng.internal.TestMethodWorker.invokeTestMethods(TestMethodWorker.java:125)
	at org.testng.internal.TestMethodWorker.run(TestMethodWorker.java:108)
	at org.testng.TestRunner.privateRun(TestRunner.java:774)
	at org.testng.TestRunner.run(TestRunner.java:624)
	at org.testng.SuiteRunner.runTest(SuiteRunner.java:359)
	at org.testng.SuiteRunner.runSequentially(SuiteRunner.java:354)
	at org.testng.SuiteRunner.privateRun(SuiteRunner.java:312)
	at org.testng.SuiteRunner.run(SuiteRunner.java:261)
	at org.testng.SuiteRunnerWorker.runSuite(SuiteRunnerWorker.java:52)
	at org.testng.SuiteRunnerWorker.run(SuiteRunnerWorker.java:86)
	at org.testng.TestNG.runSuitesSequentially(TestNG.java:1215)
	at org.testng.TestNG.runSuitesLocally(TestNG.java:1140)
	at org.testng.TestNG.run(TestNG.java:1048)
	at org.testng.remote.AbstractRemoteTestNG.run(AbstractRemoteTestNG.java:126)
	at org.testng.remote.RemoteTestNG.initAndRun(RemoteTestNG.java:152)
	at org.testng.remote.RemoteTestNG.main(RemoteTestNG.java:57)
]]>
    </failure>
  </testcase> <!-- verifyMenuPlannerTest -->
  <testcase name="tasteBudPageVerifyTasteBudCategoryTest" time="65.136" classname="com.eduven.testcase.TasteBudPageTestCases"/>
</testsuite> <!-- com.eduven.testcase.TasteBudPageTestCases -->
