<?xml version="1.0" encoding="UTF-8"?>
<!-- Generated by org.testng.reporters.JUnitReportReporter -->
<testsuite hostname="Bhardwaj.local" name="com.eduven.testcase.CoursesPageTestCasesForMeatLovers" tests="16" failures="3" timestamp="9 Nov 2016 07:25:47 GMT" time="3595.481" errors="0">
  <testcase name="verifyFreeCoursesRecipeTest" time="317.703" classname="com.eduven.testcase.CoursesPageTestCasesForMeatLovers"/>
  <testcase name="verifyIngredientNutritionTest" time="1442.745" classname="com.eduven.testcase.CoursesPageTestCasesForMeatLovers"/>
  <testcase name="inAppPurchaseTest" time="52.637" classname="com.eduven.testcase.CoursesPageTestCasesForMeatLovers"/>
  <testcase name="verifyAppNameTest" time="111.737" classname="com.eduven.testcase.CoursesPageTestCasesForMeatLovers"/>
  <testcase name="verifyIngredientTipsTest" time="79.901" classname="com.eduven.testcase.CoursesPageTestCasesForMeatLovers"/>
  <testcase name="verifyCoursesListTest" time="199.720" classname="com.eduven.testcase.CoursesPageTestCasesForMeatLovers"/>
  <testcase name="verifyRecipeNutritionTest" time="17.687" classname="com.eduven.testcase.CoursesPageTestCasesForMeatLovers"/>
  <testcase name="verifyRecipeRatingValueTest" time="1.158" classname="com.eduven.testcase.CoursesPageTestCasesForMeatLovers">
    <failure type="java.lang.AssertionError" message="Error Message!Actual and Expected Recipe Rating not matched. expected [] but found [3]">
      <![CDATA[java.lang.AssertionError: Error Message!Actual and Expected Recipe Rating not matched. expected [] but found [3]
	at org.testng.Assert.fail(Assert.java:94)
	at org.testng.Assert.failNotEquals(Assert.java:496)
	at org.testng.Assert.assertEquals(Assert.java:125)
	at org.testng.Assert.assertEquals(Assert.java:178)
	at com.eduven.utils.Reusables.verifyEqualMessage(Reusables.java:805)
	at com.eduven.modules.EntityDetailPageUpperPart.verifyChefRecipeRatingValue(EntityDetailPageUpperPart.java:204)
	at com.eduven.testcase.CoursesPageTestCasesForMeatLovers.verifyRecipeRatingValueTest(CoursesPageTestCasesForMeatLovers.java:92)
	at sun.reflect.NativeMethodAccessorImpl.invoke0(Native Method)
	at sun.reflect.NativeMethodAccessorImpl.invoke(NativeMethodAccessorImpl.java:62)
	at sun.reflect.DelegatingMethodAccessorImpl.invoke(DelegatingMethodAccessorImpl.java:43)
	at java.lang.reflect.Method.invoke(Method.java:498)
	at org.testng.internal.MethodInvocationHelper.invokeMethod(MethodInvocationHelper.java:85)
	at org.testng.internal.Invoker.invokeMethod(Invoker.java:639)
	at org.testng.internal.Invoker.invokeTestMethod(Invoker.java:816)
	at org.testng.internal.Invoker.invokeTestMethods(Invoker.java:1124)
	at org.testng.internal.TestMethodWorker.invokeTestMethods(TestMethodWorker.java:125)
	at org.testng.internal.TestMethodWorker.run(TestMethodWorker.java:108)
	at org.testng.TestRunner.privateRun(TestRunner.java:774)
	at org.testng.TestRunner.run(TestRunner.java:624)
	at org.testng.SuiteRunner.runTest(SuiteRunner.java:359)
	at org.testng.SuiteRunner.runSequentially(SuiteRunner.java:354)
	at org.testng.SuiteRunner.privateRun(SuiteRunner.java:312)
	at org.testng.SuiteRunner.run(SuiteRunner.java:261)
	at org.testng.SuiteRunnerWorker.runSuite(SuiteRunnerWorker.java:52)
	at org.testng.SuiteRunnerWorker.run(SuiteRunnerWorker.java:86)
	at org.testng.TestNG.runSuitesSequentially(TestNG.java:1215)
	at org.testng.TestNG.runSuitesLocally(TestNG.java:1140)
	at org.testng.TestNG.run(TestNG.java:1048)
	at org.testng.remote.AbstractRemoteTestNG.run(AbstractRemoteTestNG.java:126)
	at org.testng.remote.RemoteTestNG.initAndRun(RemoteTestNG.java:152)
	at org.testng.remote.RemoteTestNG.main(RemoteTestNG.java:57)
]]>
    </failure>
  </testcase> <!-- verifyRecipeRatingValueTest -->
  <testcase name="verifyRecipeServingsValueTest" time="1.183" classname="com.eduven.testcase.CoursesPageTestCasesForMeatLovers">
    <failure type="java.lang.AssertionError" message="Error Message!Actual and Expected Recipe Servings value not matched. expected [4] but found []">
      <![CDATA[java.lang.AssertionError: Error Message!Actual and Expected Recipe Servings value not matched. expected [4] but found []
	at org.testng.Assert.fail(Assert.java:94)
	at org.testng.Assert.failNotEquals(Assert.java:496)
	at org.testng.Assert.assertEquals(Assert.java:125)
	at org.testng.Assert.assertEquals(Assert.java:178)
	at com.eduven.utils.Reusables.verifyEqualMessage(Reusables.java:805)
	at com.eduven.modules.EntityDetailPageUpperPart.verifyRecipeServingsValue(EntityDetailPageUpperPart.java:140)
	at com.eduven.testcase.CoursesPageTestCasesForMeatLovers.verifyRecipeServingsValueTest(CoursesPageTestCasesForMeatLovers.java:82)
	at sun.reflect.NativeMethodAccessorImpl.invoke0(Native Method)
	at sun.reflect.NativeMethodAccessorImpl.invoke(NativeMethodAccessorImpl.java:62)
	at sun.reflect.DelegatingMethodAccessorImpl.invoke(DelegatingMethodAccessorImpl.java:43)
	at java.lang.reflect.Method.invoke(Method.java:498)
	at org.testng.internal.MethodInvocationHelper.invokeMethod(MethodInvocationHelper.java:85)
	at org.testng.internal.Invoker.invokeMethod(Invoker.java:639)
	at org.testng.internal.Invoker.invokeTestMethod(Invoker.java:816)
	at org.testng.internal.Invoker.invokeTestMethods(Invoker.java:1124)
	at org.testng.internal.TestMethodWorker.invokeTestMethods(TestMethodWorker.java:125)
	at org.testng.internal.TestMethodWorker.run(TestMethodWorker.java:108)
	at org.testng.TestRunner.privateRun(TestRunner.java:774)
	at org.testng.TestRunner.run(TestRunner.java:624)
	at org.testng.SuiteRunner.runTest(SuiteRunner.java:359)
	at org.testng.SuiteRunner.runSequentially(SuiteRunner.java:354)
	at org.testng.SuiteRunner.privateRun(SuiteRunner.java:312)
	at org.testng.SuiteRunner.run(SuiteRunner.java:261)
	at org.testng.SuiteRunnerWorker.runSuite(SuiteRunnerWorker.java:52)
	at org.testng.SuiteRunnerWorker.run(SuiteRunnerWorker.java:86)
	at org.testng.TestNG.runSuitesSequentially(TestNG.java:1215)
	at org.testng.TestNG.runSuitesLocally(TestNG.java:1140)
	at org.testng.TestNG.run(TestNG.java:1048)
	at org.testng.remote.AbstractRemoteTestNG.run(AbstractRemoteTestNG.java:126)
	at org.testng.remote.RemoteTestNG.initAndRun(RemoteTestNG.java:152)
	at org.testng.remote.RemoteTestNG.main(RemoteTestNG.java:57)
]]>
    </failure>
  </testcase> <!-- verifyRecipeServingsValueTest -->
  <testcase name="coursesPageNavigationTest" time="44.273" classname="com.eduven.testcase.CoursesPageTestCasesForMeatLovers"/>
  <testcase name="verifyMethodTest" time="10.230" classname="com.eduven.testcase.CoursesPageTestCasesForMeatLovers"/>
  <testcase name="verifyCoursesRecipePageLoadTest" time="1151.614" classname="com.eduven.testcase.CoursesPageTestCasesForMeatLovers"/>
  <testcase name="verifyMenuPlannerTest" time="107.710" classname="com.eduven.testcase.CoursesPageTestCasesForMeatLovers"/>
  <testcase name="verifyTagsTest" time="4.880" classname="com.eduven.testcase.CoursesPageTestCasesForMeatLovers"/>
  <testcase name="verifyCookingTimeTest" time="2.744" classname="com.eduven.testcase.CoursesPageTestCasesForMeatLovers">
    <failure type="java.lang.AssertionError" message="Error Message!Actual and Expected Cooking time not matched. expected [] but found [0:20 hr]">
      <![CDATA[java.lang.AssertionError: Error Message!Actual and Expected Cooking time not matched. expected [] but found [0:20 hr]
	at org.testng.Assert.fail(Assert.java:94)
	at org.testng.Assert.failNotEquals(Assert.java:496)
	at org.testng.Assert.assertEquals(Assert.java:125)
	at org.testng.Assert.assertEquals(Assert.java:178)
	at com.eduven.utils.Reusables.verifyEqualMessage(Reusables.java:805)
	at com.eduven.modules.EntityDetailPageUpperPart.verifyRecipeCookingTimeValue(EntityDetailPageUpperPart.java:172)
	at com.eduven.testcase.CoursesPageTestCasesForMeatLovers.verifyCookingTimeTest(CoursesPageTestCasesForMeatLovers.java:87)
	at sun.reflect.NativeMethodAccessorImpl.invoke0(Native Method)
	at sun.reflect.NativeMethodAccessorImpl.invoke(NativeMethodAccessorImpl.java:62)
	at sun.reflect.DelegatingMethodAccessorImpl.invoke(DelegatingMethodAccessorImpl.java:43)
	at java.lang.reflect.Method.invoke(Method.java:498)
	at org.testng.internal.MethodInvocationHelper.invokeMethod(MethodInvocationHelper.java:85)
	at org.testng.internal.Invoker.invokeMethod(Invoker.java:639)
	at org.testng.internal.Invoker.invokeTestMethod(Invoker.java:816)
	at org.testng.internal.Invoker.invokeTestMethods(Invoker.java:1124)
	at org.testng.internal.TestMethodWorker.invokeTestMethods(TestMethodWorker.java:125)
	at org.testng.internal.TestMethodWorker.run(TestMethodWorker.java:108)
	at org.testng.TestRunner.privateRun(TestRunner.java:774)
	at org.testng.TestRunner.run(TestRunner.java:624)
	at org.testng.SuiteRunner.runTest(SuiteRunner.java:359)
	at org.testng.SuiteRunner.runSequentially(SuiteRunner.java:354)
	at org.testng.SuiteRunner.privateRun(SuiteRunner.java:312)
	at org.testng.SuiteRunner.run(SuiteRunner.java:261)
	at org.testng.SuiteRunnerWorker.runSuite(SuiteRunnerWorker.java:52)
	at org.testng.SuiteRunnerWorker.run(SuiteRunnerWorker.java:86)
	at org.testng.TestNG.runSuitesSequentially(TestNG.java:1215)
	at org.testng.TestNG.runSuitesLocally(TestNG.java:1140)
	at org.testng.TestNG.run(TestNG.java:1048)
	at org.testng.remote.AbstractRemoteTestNG.run(AbstractRemoteTestNG.java:126)
	at org.testng.remote.RemoteTestNG.initAndRun(RemoteTestNG.java:152)
	at org.testng.remote.RemoteTestNG.main(RemoteTestNG.java:57)
]]>
    </failure>
  </testcase> <!-- verifyCookingTimeTest -->
  <testcase name="verifyIngredientNameListTest" time="49.559" classname="com.eduven.testcase.CoursesPageTestCasesForMeatLovers"/>
</testsuite> <!-- com.eduven.testcase.CoursesPageTestCasesForMeatLovers -->
