<?xml version="1.0" encoding="UTF-8"?>
<!-- Generated by org.testng.reporters.JUnitReportReporter -->
<testsuite hostname="Bhardwaj.local" name="com.eduven.testcase.EduBankPageTestCases" tests="9" failures="2" timestamp="9 Nov 2016 05:36:17 GMT" time="464.708" errors="0">
  <testcase name="inAppPurchaseTest" time="53.258" classname="com.eduven.testcase.EduBankPageTestCases"/>
  <testcase name="selectFirstTypeOfDietTest" time="33.985" classname="com.eduven.testcase.EduBankPageTestCases"/>
  <testcase name="verifyAppNameTest" time="111.136" classname="com.eduven.testcase.EduBankPageTestCases"/>
  <testcase name="edubankRemoveRecipeNameFromEduBankTest" time="16.346" classname="com.eduven.testcase.EduBankPageTestCases">
    <failure type="java.lang.AssertionError" message="Error Mesage!!Toast Message not matched with expected one. expected [true] but found [false]">
      <![CDATA[java.lang.AssertionError: Error Mesage!!Toast Message not matched with expected one. expected [true] but found [false]
	at org.testng.Assert.fail(Assert.java:94)
	at org.testng.Assert.failNotEquals(Assert.java:496)
	at org.testng.Assert.assertTrue(Assert.java:42)
	at com.eduven.utils.Reusables.verifyToastMessageUsingImage(Reusables.java:842)
	at com.eduven.modules.EduBank.removeAllRecipeFromEduBank(EduBank.java:199)
	at com.eduven.testcase.EduBankPageTestCases.edubankRemoveRecipeNameFromEduBankTest(EduBankPageTestCases.java:78)
	at sun.reflect.NativeMethodAccessorImpl.invoke0(Native Method)
	at sun.reflect.NativeMethodAccessorImpl.invoke(NativeMethodAccessorImpl.java:62)
	at sun.reflect.DelegatingMethodAccessorImpl.invoke(DelegatingMethodAccessorImpl.java:43)
	at java.lang.reflect.Method.invoke(Method.java:498)
	at org.testng.internal.MethodInvocationHelper.invokeMethod(MethodInvocationHelper.java:85)
	at org.testng.internal.Invoker.invokeMethod(Invoker.java:639)
	at org.testng.internal.Invoker.invokeTestMethod(Invoker.java:816)
	at org.testng.internal.Invoker.invokeTestMethods(Invoker.java:1124)
	at org.testng.internal.TestMethodWorker.invokeTestMethods(TestMethodWorker.java:125)
	at org.testng.internal.TestMethodWorker.run(TestMethodWorker.java:108)
	at org.testng.TestRunner.privateRun(TestRunner.java:774)
	at org.testng.TestRunner.run(TestRunner.java:624)
	at org.testng.SuiteRunner.runTest(SuiteRunner.java:359)
	at org.testng.SuiteRunner.runSequentially(SuiteRunner.java:354)
	at org.testng.SuiteRunner.privateRun(SuiteRunner.java:312)
	at org.testng.SuiteRunner.run(SuiteRunner.java:261)
	at org.testng.SuiteRunnerWorker.runSuite(SuiteRunnerWorker.java:52)
	at org.testng.SuiteRunnerWorker.run(SuiteRunnerWorker.java:86)
	at org.testng.TestNG.runSuitesSequentially(TestNG.java:1215)
	at org.testng.TestNG.runSuitesLocally(TestNG.java:1140)
	at org.testng.TestNG.run(TestNG.java:1048)
	at org.testng.remote.AbstractRemoteTestNG.run(AbstractRemoteTestNG.java:126)
	at org.testng.remote.RemoteTestNG.initAndRun(RemoteTestNG.java:152)
	at org.testng.remote.RemoteTestNG.main(RemoteTestNG.java:57)
]]>
    </failure>
  </testcase> <!-- edubankRemoveRecipeNameFromEduBankTest -->
  <testcase name="navigateToEdubankPageTest" time="42.578" classname="com.eduven.testcase.EduBankPageTestCases"/>
  <testcase name="edubankNavigateToTasteBudPageTest" time="98.847" classname="com.eduven.testcase.EduBankPageTestCases"/>
  <testcase name="edubankVerifyAddedRecipeInEdubankTest" time="75.267" classname="com.eduven.testcase.EduBankPageTestCases"/>
  <testcase name="verifyEdubankHeaderTest" time="15.303" classname="com.eduven.testcase.EduBankPageTestCases">
    <failure type="java.lang.AssertionError" message="Error Mesage!!Toast Message not matched with expected one. expected [true] but found [false]">
      <![CDATA[java.lang.AssertionError: Error Mesage!!Toast Message not matched with expected one. expected [true] but found [false]
	at org.testng.Assert.fail(Assert.java:94)
	at org.testng.Assert.failNotEquals(Assert.java:496)
	at org.testng.Assert.assertTrue(Assert.java:42)
	at com.eduven.utils.Reusables.verifyToastMessageUsingImage(Reusables.java:842)
	at com.eduven.modules.EduBank.verifyEduBankHeaderText(EduBank.java:70)
	at com.eduven.testcase.EduBankPageTestCases.verifyEdubankHeaderTest(EduBankPageTestCases.java:49)
	at sun.reflect.NativeMethodAccessorImpl.invoke0(Native Method)
	at sun.reflect.NativeMethodAccessorImpl.invoke(NativeMethodAccessorImpl.java:62)
	at sun.reflect.DelegatingMethodAccessorImpl.invoke(DelegatingMethodAccessorImpl.java:43)
	at java.lang.reflect.Method.invoke(Method.java:498)
	at org.testng.internal.MethodInvocationHelper.invokeMethod(MethodInvocationHelper.java:85)
	at org.testng.internal.Invoker.invokeMethod(Invoker.java:639)
	at org.testng.internal.Invoker.invokeTestMethod(Invoker.java:816)
	at org.testng.internal.Invoker.invokeTestMethods(Invoker.java:1124)
	at org.testng.internal.TestMethodWorker.invokeTestMethods(TestMethodWorker.java:125)
	at org.testng.internal.TestMethodWorker.run(TestMethodWorker.java:108)
	at org.testng.TestRunner.privateRun(TestRunner.java:774)
	at org.testng.TestRunner.run(TestRunner.java:624)
	at org.testng.SuiteRunner.runTest(SuiteRunner.java:359)
	at org.testng.SuiteRunner.runSequentially(SuiteRunner.java:354)
	at org.testng.SuiteRunner.privateRun(SuiteRunner.java:312)
	at org.testng.SuiteRunner.run(SuiteRunner.java:261)
	at org.testng.SuiteRunnerWorker.runSuite(SuiteRunnerWorker.java:52)
	at org.testng.SuiteRunnerWorker.run(SuiteRunnerWorker.java:86)
	at org.testng.TestNG.runSuitesSequentially(TestNG.java:1215)
	at org.testng.TestNG.runSuitesLocally(TestNG.java:1140)
	at org.testng.TestNG.run(TestNG.java:1048)
	at org.testng.remote.AbstractRemoteTestNG.run(AbstractRemoteTestNG.java:126)
	at org.testng.remote.RemoteTestNG.initAndRun(RemoteTestNG.java:152)
	at org.testng.remote.RemoteTestNG.main(RemoteTestNG.java:57)
]]>
    </failure>
  </testcase> <!-- verifyEdubankHeaderTest -->
  <testcase name="addRecipeNameToEdubankTest" time="17.988" classname="com.eduven.testcase.EduBankPageTestCases"/>
</testsuite> <!-- com.eduven.testcase.EduBankPageTestCases -->
