<?xml version="1.0" encoding="UTF-8"?>
<!-- Generated by org.testng.reporters.JUnitXMLReporter -->
<testsuite hostname="Bhardwaj.local" name="Regression Testing" tests="109" failures="15" timestamp="9 Nov 2016 03:25:18 GMT" time="48251.367" errors="0">
  <testcase name="@AfterMethod tearDown" time="0.0" classname="com.eduven.testcase.EvMenuPageTestCases">
    <failure type="org.openqa.selenium.WebDriverException" message="An unknown server-side error occurred while processing the command. (Original error: Command failed: /bin/sh -c /Users/hiteshbhardwaj/Desktop/android-sdk-macosx/platform-tools/adb -s ZX1D63L8BN shell &amp;quot;/system/bin/rm /data/local/tmp/screenshot.png; /system/bin/screencap -p /data/local/tmp/screenshot.png &amp;quot;
error: protocol fault (couldn&amp;apos;t read status): Connection reset by peer
) (WARNING: The server did not provide any stacktrace information)
Command duration or timeout: 20.79 seconds
Build info: version: &amp;apos;2.51.0&amp;apos;, revision: &amp;apos;1af067d&amp;apos;, time: &amp;apos;2016-02-05 19:11:55&amp;apos;
System info: host: &amp;apos;Bhardwaj.local&amp;apos;, ip: &amp;apos;10.30.30.61&amp;apos;, os.name: &amp;apos;Mac OS X&amp;apos;, os.arch: &amp;apos;x86_64&amp;apos;, os.version: &amp;apos;10.11.6&amp;apos;, java.version: &amp;apos;1.8.0_74&amp;apos;
Driver info: io.appium.java_client.android.AndroidDriver
Capabilities [{app=/Users/hiteshbhardwaj/Desktop/Automation/app/RecipeFrameworkForAndroid/new/meat_lovers/CCMeatLovers.apk, appPackage=com.eduven.cc.meatlovers, networkConnectionEnabled=true, warnings={}, appiumVersion=1.4.13, databaseEnabled=false, deviceName=ZX1D63L8BN, platform=LINUX, appActivity=cc.eduven.com.chefchili.activity.Splash, desired={app=/Users/hiteshbhardwaj/Desktop/Automation/app/RecipeFrameworkForAndroid/new/meat_lovers/CCMeatLovers.apk, appPackage=com.eduven.cc.meatlovers, appActivity=cc.eduven.com.chefchili.activity.Splash, platformVersion=5.1, appiumVersion=1.4.13, automationName=Appium, platformName=Android, deviceName=ZX1D63L8BN}, platformVersion=6.0, webStorageEnabled=false, locationContextEnabled=false, automationName=Appium, browserName=Android, takesScreenshot=true, javascriptEnabled=true, platformName=Android}]
Session ID: 997b8444-8454-49a9-b588-b247d2f9b067">
      <![CDATA[org.openqa.selenium.WebDriverException: An unknown server-side error occurred while processing the command. (Original error: Command failed: /bin/sh -c /Users/hiteshbhardwaj/Desktop/android-sdk-macosx/platform-tools/adb -s ZX1D63L8BN shell "/system/bin/rm /data/local/tmp/screenshot.png; /system/bin/screencap -p /data/local/tmp/screenshot.png "
error: protocol fault (couldn't read status): Connection reset by peer
) (WARNING: The server did not provide any stacktrace information)
Command duration or timeout: 20.79 seconds
Build info: version: '2.51.0', revision: '1af067d', time: '2016-02-05 19:11:55'
System info: host: 'Bhardwaj.local', ip: '10.30.30.61', os.name: 'Mac OS X', os.arch: 'x86_64', os.version: '10.11.6', java.version: '1.8.0_74'
Driver info: io.appium.java_client.android.AndroidDriver
Capabilities [{app=/Users/hiteshbhardwaj/Desktop/Automation/app/RecipeFrameworkForAndroid/new/meat_lovers/CCMeatLovers.apk, appPackage=com.eduven.cc.meatlovers, networkConnectionEnabled=true, warnings={}, appiumVersion=1.4.13, databaseEnabled=false, deviceName=ZX1D63L8BN, platform=LINUX, appActivity=cc.eduven.com.chefchili.activity.Splash, desired={app=/Users/hiteshbhardwaj/Desktop/Automation/app/RecipeFrameworkForAndroid/new/meat_lovers/CCMeatLovers.apk, appPackage=com.eduven.cc.meatlovers, appActivity=cc.eduven.com.chefchili.activity.Splash, platformVersion=5.1, appiumVersion=1.4.13, automationName=Appium, platformName=Android, deviceName=ZX1D63L8BN}, platformVersion=6.0, webStorageEnabled=false, locationContextEnabled=false, automationName=Appium, browserName=Android, takesScreenshot=true, javascriptEnabled=true, platformName=Android}]
Session ID: 997b8444-8454-49a9-b588-b247d2f9b067
	at sun.reflect.NativeConstructorAccessorImpl.newInstance0(Native Method)
	at sun.reflect.NativeConstructorAccessorImpl.newInstance(NativeConstructorAccessorImpl.java:62)
	at sun.reflect.DelegatingConstructorAccessorImpl.newInstance(DelegatingConstructorAccessorImpl.java:45)
	at java.lang.reflect.Constructor.newInstance(Constructor.java:423)
	at org.openqa.selenium.remote.ErrorHandler.createThrowable(ErrorHandler.java:206)
	at org.openqa.selenium.remote.ErrorHandler.throwIfResponseFailed(ErrorHandler.java:158)
	at org.openqa.selenium.remote.RemoteWebDriver.execute(RemoteWebDriver.java:678)
	at io.appium.java_client.DefaultGenericMobileDriver.execute(DefaultGenericMobileDriver.java:43)
	at io.appium.java_client.AppiumDriver.execute(AppiumDriver.java:216)
	at org.openqa.selenium.remote.RemoteWebDriver.getScreenshotAs(RemoteWebDriver.java:335)
	at com.eduven.utils.ScreenShot.takescreenShotCapture(ScreenShot.java:25)
	at com.eduven.testcase.EvMenuPageTestCases.tearDown(EvMenuPageTestCases.java:155)
	at sun.reflect.NativeMethodAccessorImpl.invoke0(Native Method)
	at sun.reflect.NativeMethodAccessorImpl.invoke(NativeMethodAccessorImpl.java:62)
	at sun.reflect.DelegatingMethodAccessorImpl.invoke(DelegatingMethodAccessorImpl.java:43)
	at java.lang.reflect.Method.invoke(Method.java:498)
	at org.testng.internal.MethodInvocationHelper.invokeMethod(MethodInvocationHelper.java:85)
	at org.testng.internal.Invoker.invokeConfigurationMethod(Invoker.java:510)
	at org.testng.internal.Invoker.invokeConfigurations(Invoker.java:211)
	at org.testng.internal.Invoker.invokeMethod(Invoker.java:703)
	at org.testng.internal.Invoker.invokeTestMethod(Invoker.java:816)
	at org.testng.internal.Invoker.invokeTestMethods(Invoker.java:1124)
	at org.testng.internal.TestMethodWorker.invokeTestMethods(TestMethodWorker.java:125)
	at org.testng.internal.TestMethodWorker.run(TestMethodWorker.java:108)
	at org.testng.TestRunner.privateRun(TestRunner.java:774)
	at org.testng.TestRunner.run(TestRunner.java:624)
	at org.testng.SuiteRunner.runTest(SuiteRunner.java:359)
	at org.testng.SuiteRunner.runSequentially(SuiteRunner.java:354)
	at org.testng.SuiteRunner.privateRun(SuiteRunner.java:312)
	at org.testng.SuiteRunner.run(SuiteRunner.java:261)
	at org.testng.SuiteRunnerWorker.runSuite(SuiteRunnerWorker.java:52)
	at org.testng.SuiteRunnerWorker.run(SuiteRunnerWorker.java:86)
	at org.testng.TestNG.runSuitesSequentially(TestNG.java:1215)
	at org.testng.TestNG.runSuitesLocally(TestNG.java:1140)
	at org.testng.TestNG.run(TestNG.java:1048)
	at com.eduven.utils.RunTestng.main(RunTestng.java:60)
]]>
    </failure>
  </testcase> <!-- @AfterMethod tearDown -->
  <testcase name="@AfterMethod tearDown" time="0.0" classname="com.eduven.testcase.EvMenuPageTestCases">
    <skipped/>
  </testcase> <!-- @AfterMethod tearDown -->
  <testcase name="@AfterMethod tearDown" time="0.0" classname="com.eduven.testcase.EvMenuPageTestCases">
    <skipped/>
  </testcase> <!-- @AfterMethod tearDown -->
  <testcase name="@AfterMethod tearDown" time="0.0" classname="com.eduven.testcase.EvMenuPageTestCases">
    <skipped/>
  </testcase> <!-- @AfterMethod tearDown -->
  <testcase name="@AfterMethod tearDown" time="0.0" classname="com.eduven.testcase.EvMenuPageTestCases">
    <skipped/>
  </testcase> <!-- @AfterMethod tearDown -->
  <testcase name="@AfterMethod tearDown" time="0.0" classname="com.eduven.testcase.EvMenuPageTestCases">
    <skipped/>
  </testcase> <!-- @AfterMethod tearDown -->
  <testcase name="@AfterMethod tearDown" time="0.0" classname="com.eduven.testcase.EvMenuPageTestCases">
    <skipped/>
  </testcase> <!-- @AfterMethod tearDown -->
  <testcase name="@AfterMethod tearDown" time="0.0" classname="com.eduven.testcase.EvMenuPageTestCases">
    <skipped/>
  </testcase> <!-- @AfterMethod tearDown -->
  <testcase name="@AfterMethod tearDown" time="0.0" classname="com.eduven.testcase.EvMenuPageTestCases">
    <skipped/>
  </testcase> <!-- @AfterMethod tearDown -->
  <testcase name="@AfterMethod tearDown" time="0.0" classname="com.eduven.testcase.EvMenuPageTestCases">
    <skipped/>
  </testcase> <!-- @AfterMethod tearDown -->
  <testcase name="@AfterClass close_app" time="0.0" classname="com.eduven.testcase.EvMenuPageTestCases">
    <skipped/>
  </testcase> <!-- @AfterClass close_app -->
  <testcase name="@AfterMethod tearDown" time="0.0" classname="com.eduven.testcase.FilterPageTestCasesForMeatLovers">
    <failure type="org.openqa.selenium.remote.SessionNotFoundException" message="
Command duration or timeout: 3 milliseconds
Build info: version: &amp;apos;2.51.0&amp;apos;, revision: &amp;apos;1af067d&amp;apos;, time: &amp;apos;2016-02-05 19:11:55&amp;apos;
System info: host: &amp;apos;Bhardwaj.local&amp;apos;, ip: &amp;apos;10.30.30.61&amp;apos;, os.name: &amp;apos;Mac OS X&amp;apos;, os.arch: &amp;apos;x86_64&amp;apos;, os.version: &amp;apos;10.11.6&amp;apos;, java.version: &amp;apos;1.8.0_74&amp;apos;
Driver info: io.appium.java_client.android.AndroidDriver
Capabilities [{app=/Users/hiteshbhardwaj/Desktop/Automation/app/RecipeFrameworkForAndroid/new/meat_lovers/CCMeatLovers.apk, appPackage=com.eduven.cc.meatlovers, networkConnectionEnabled=true, warnings={}, appiumVersion=1.4.13, databaseEnabled=false, deviceName=ZX1D63L8BN, platform=LINUX, appActivity=cc.eduven.com.chefchili.activity.Splash, desired={app=/Users/hiteshbhardwaj/Desktop/Automation/app/RecipeFrameworkForAndroid/new/meat_lovers/CCMeatLovers.apk, appPackage=com.eduven.cc.meatlovers, appActivity=cc.eduven.com.chefchili.activity.Splash, platformVersion=5.1, appiumVersion=1.4.13, automationName=Appium, platformName=Android, deviceName=ZX1D63L8BN}, platformVersion=6.0, webStorageEnabled=false, locationContextEnabled=false, automationName=Appium, browserName=Android, takesScreenshot=true, javascriptEnabled=true, platformName=Android}]
Session ID: 997b8444-8454-49a9-b588-b247d2f9b067">
      <![CDATA[org.openqa.selenium.remote.SessionNotFoundException: 
Command duration or timeout: 3 milliseconds
Build info: version: '2.51.0', revision: '1af067d', time: '2016-02-05 19:11:55'
System info: host: 'Bhardwaj.local', ip: '10.30.30.61', os.name: 'Mac OS X', os.arch: 'x86_64', os.version: '10.11.6', java.version: '1.8.0_74'
Driver info: io.appium.java_client.android.AndroidDriver
Capabilities [{app=/Users/hiteshbhardwaj/Desktop/Automation/app/RecipeFrameworkForAndroid/new/meat_lovers/CCMeatLovers.apk, appPackage=com.eduven.cc.meatlovers, networkConnectionEnabled=true, warnings={}, appiumVersion=1.4.13, databaseEnabled=false, deviceName=ZX1D63L8BN, platform=LINUX, appActivity=cc.eduven.com.chefchili.activity.Splash, desired={app=/Users/hiteshbhardwaj/Desktop/Automation/app/RecipeFrameworkForAndroid/new/meat_lovers/CCMeatLovers.apk, appPackage=com.eduven.cc.meatlovers, appActivity=cc.eduven.com.chefchili.activity.Splash, platformVersion=5.1, appiumVersion=1.4.13, automationName=Appium, platformName=Android, deviceName=ZX1D63L8BN}, platformVersion=6.0, webStorageEnabled=false, locationContextEnabled=false, automationName=Appium, browserName=Android, takesScreenshot=true, javascriptEnabled=true, platformName=Android}]
Session ID: 997b8444-8454-49a9-b588-b247d2f9b067
	at sun.reflect.NativeConstructorAccessorImpl.newInstance0(Native Method)
	at sun.reflect.NativeConstructorAccessorImpl.newInstance(NativeConstructorAccessorImpl.java:62)
	at sun.reflect.DelegatingConstructorAccessorImpl.newInstance(DelegatingConstructorAccessorImpl.java:45)
	at java.lang.reflect.Constructor.newInstance(Constructor.java:423)
	at org.openqa.selenium.remote.ErrorHandler.createThrowable(ErrorHandler.java:206)
	at org.openqa.selenium.remote.ErrorHandler.throwIfResponseFailed(ErrorHandler.java:164)
	at org.openqa.selenium.remote.RemoteWebDriver.execute(RemoteWebDriver.java:678)
	at io.appium.java_client.DefaultGenericMobileDriver.execute(DefaultGenericMobileDriver.java:43)
	at io.appium.java_client.AppiumDriver.execute(AppiumDriver.java:216)
	at org.openqa.selenium.remote.RemoteWebDriver.getScreenshotAs(RemoteWebDriver.java:335)
	at com.eduven.utils.ScreenShot.takescreenShotCapture(ScreenShot.java:25)
	at com.eduven.testcase.FilterPageTestCasesForMeatLovers.tearDown(FilterPageTestCasesForMeatLovers.java:131)
	at sun.reflect.NativeMethodAccessorImpl.invoke0(Native Method)
	at sun.reflect.NativeMethodAccessorImpl.invoke(NativeMethodAccessorImpl.java:62)
	at sun.reflect.DelegatingMethodAccessorImpl.invoke(DelegatingMethodAccessorImpl.java:43)
	at java.lang.reflect.Method.invoke(Method.java:498)
	at org.testng.internal.MethodInvocationHelper.invokeMethod(MethodInvocationHelper.java:85)
	at org.testng.internal.Invoker.invokeConfigurationMethod(Invoker.java:510)
	at org.testng.internal.Invoker.invokeConfigurations(Invoker.java:211)
	at org.testng.internal.Invoker.invokeMethod(Invoker.java:703)
	at org.testng.internal.Invoker.invokeTestMethod(Invoker.java:816)
	at org.testng.internal.Invoker.invokeTestMethods(Invoker.java:1124)
	at org.testng.internal.TestMethodWorker.invokeTestMethods(TestMethodWorker.java:125)
	at org.testng.internal.TestMethodWorker.run(TestMethodWorker.java:108)
	at org.testng.TestRunner.privateRun(TestRunner.java:774)
	at org.testng.TestRunner.run(TestRunner.java:624)
	at org.testng.SuiteRunner.runTest(SuiteRunner.java:359)
	at org.testng.SuiteRunner.runSequentially(SuiteRunner.java:354)
	at org.testng.SuiteRunner.privateRun(SuiteRunner.java:312)
	at org.testng.SuiteRunner.run(SuiteRunner.java:261)
	at org.testng.SuiteRunnerWorker.runSuite(SuiteRunnerWorker.java:52)
	at org.testng.SuiteRunnerWorker.run(SuiteRunnerWorker.java:86)
	at org.testng.TestNG.runSuitesSequentially(TestNG.java:1215)
	at org.testng.TestNG.runSuitesLocally(TestNG.java:1140)
	at org.testng.TestNG.run(TestNG.java:1048)
	at com.eduven.utils.RunTestng.main(RunTestng.java:60)
]]>
    </failure>
  </testcase> <!-- @AfterMethod tearDown -->
  <testcase name="@AfterMethod tearDown" time="0.0" classname="com.eduven.testcase.FilterPageTestCasesForMeatLovers">
    <skipped/>
  </testcase> <!-- @AfterMethod tearDown -->
  <testcase name="@AfterMethod tearDown" time="0.0" classname="com.eduven.testcase.FilterPageTestCasesForMeatLovers">
    <skipped/>
  </testcase> <!-- @AfterMethod tearDown -->
  <testcase name="@AfterMethod tearDown" time="0.0" classname="com.eduven.testcase.FilterPageTestCasesForMeatLovers">
    <skipped/>
  </testcase> <!-- @AfterMethod tearDown -->
  <testcase name="@AfterMethod tearDown" time="0.0" classname="com.eduven.testcase.FilterPageTestCasesForMeatLovers">
    <skipped/>
  </testcase> <!-- @AfterMethod tearDown -->
  <testcase name="@AfterMethod tearDown" time="0.0" classname="com.eduven.testcase.FilterPageTestCasesForMeatLovers">
    <skipped/>
  </testcase> <!-- @AfterMethod tearDown -->
  <testcase name="@AfterMethod tearDown" time="0.0" classname="com.eduven.testcase.FilterPageTestCasesForMeatLovers">
    <skipped/>
  </testcase> <!-- @AfterMethod tearDown -->
  <testcase name="@AfterMethod tearDown" time="0.0" classname="com.eduven.testcase.FilterPageTestCasesForMeatLovers">
    <skipped/>
  </testcase> <!-- @AfterMethod tearDown -->
  <testcase name="@AfterMethod tearDown" time="0.0" classname="com.eduven.testcase.FilterPageTestCasesForMeatLovers">
    <skipped/>
  </testcase> <!-- @AfterMethod tearDown -->
  <testcase name="@AfterClass closeApp" time="0.0" classname="com.eduven.testcase.FilterPageTestCasesForMeatLovers">
    <skipped/>
  </testcase> <!-- @AfterClass closeApp -->
  <testcase name="@AfterMethod tearDown" time="0.0" classname="com.eduven.testcase.AllRecipesPageTestCasesForMeatLovers">
    <failure type="org.openqa.selenium.remote.SessionNotFoundException" message="
Command duration or timeout: 4 milliseconds
Build info: version: &amp;apos;2.51.0&amp;apos;, revision: &amp;apos;1af067d&amp;apos;, time: &amp;apos;2016-02-05 19:11:55&amp;apos;
System info: host: &amp;apos;Bhardwaj.local&amp;apos;, ip: &amp;apos;10.30.30.61&amp;apos;, os.name: &amp;apos;Mac OS X&amp;apos;, os.arch: &amp;apos;x86_64&amp;apos;, os.version: &amp;apos;10.11.6&amp;apos;, java.version: &amp;apos;1.8.0_74&amp;apos;
Driver info: io.appium.java_client.android.AndroidDriver
Capabilities [{app=/Users/hiteshbhardwaj/Desktop/Automation/app/RecipeFrameworkForAndroid/new/meat_lovers/CCMeatLovers.apk, appPackage=com.eduven.cc.meatlovers, networkConnectionEnabled=true, warnings={}, appiumVersion=1.4.13, databaseEnabled=false, deviceName=ZX1D63L8BN, platform=LINUX, appActivity=cc.eduven.com.chefchili.activity.Splash, desired={app=/Users/hiteshbhardwaj/Desktop/Automation/app/RecipeFrameworkForAndroid/new/meat_lovers/CCMeatLovers.apk, appPackage=com.eduven.cc.meatlovers, appActivity=cc.eduven.com.chefchili.activity.Splash, platformVersion=5.1, appiumVersion=1.4.13, automationName=Appium, platformName=Android, deviceName=ZX1D63L8BN}, platformVersion=6.0, webStorageEnabled=false, locationContextEnabled=false, automationName=Appium, browserName=Android, takesScreenshot=true, javascriptEnabled=true, platformName=Android}]
Session ID: 997b8444-8454-49a9-b588-b247d2f9b067">
      <![CDATA[org.openqa.selenium.remote.SessionNotFoundException: 
Command duration or timeout: 4 milliseconds
Build info: version: '2.51.0', revision: '1af067d', time: '2016-02-05 19:11:55'
System info: host: 'Bhardwaj.local', ip: '10.30.30.61', os.name: 'Mac OS X', os.arch: 'x86_64', os.version: '10.11.6', java.version: '1.8.0_74'
Driver info: io.appium.java_client.android.AndroidDriver
Capabilities [{app=/Users/hiteshbhardwaj/Desktop/Automation/app/RecipeFrameworkForAndroid/new/meat_lovers/CCMeatLovers.apk, appPackage=com.eduven.cc.meatlovers, networkConnectionEnabled=true, warnings={}, appiumVersion=1.4.13, databaseEnabled=false, deviceName=ZX1D63L8BN, platform=LINUX, appActivity=cc.eduven.com.chefchili.activity.Splash, desired={app=/Users/hiteshbhardwaj/Desktop/Automation/app/RecipeFrameworkForAndroid/new/meat_lovers/CCMeatLovers.apk, appPackage=com.eduven.cc.meatlovers, appActivity=cc.eduven.com.chefchili.activity.Splash, platformVersion=5.1, appiumVersion=1.4.13, automationName=Appium, platformName=Android, deviceName=ZX1D63L8BN}, platformVersion=6.0, webStorageEnabled=false, locationContextEnabled=false, automationName=Appium, browserName=Android, takesScreenshot=true, javascriptEnabled=true, platformName=Android}]
Session ID: 997b8444-8454-49a9-b588-b247d2f9b067
	at sun.reflect.NativeConstructorAccessorImpl.newInstance0(Native Method)
	at sun.reflect.NativeConstructorAccessorImpl.newInstance(NativeConstructorAccessorImpl.java:62)
	at sun.reflect.DelegatingConstructorAccessorImpl.newInstance(DelegatingConstructorAccessorImpl.java:45)
	at java.lang.reflect.Constructor.newInstance(Constructor.java:423)
	at org.openqa.selenium.remote.ErrorHandler.createThrowable(ErrorHandler.java:206)
	at org.openqa.selenium.remote.ErrorHandler.throwIfResponseFailed(ErrorHandler.java:164)
	at org.openqa.selenium.remote.RemoteWebDriver.execute(RemoteWebDriver.java:678)
	at io.appium.java_client.DefaultGenericMobileDriver.execute(DefaultGenericMobileDriver.java:43)
	at io.appium.java_client.AppiumDriver.execute(AppiumDriver.java:216)
	at org.openqa.selenium.remote.RemoteWebDriver.getScreenshotAs(RemoteWebDriver.java:335)
	at com.eduven.utils.ScreenShot.takescreenShotCapture(ScreenShot.java:25)
	at com.eduven.testcase.AllRecipesPageTestCasesForMeatLovers.tearDown(AllRecipesPageTestCasesForMeatLovers.java:58)
	at sun.reflect.NativeMethodAccessorImpl.invoke0(Native Method)
	at sun.reflect.NativeMethodAccessorImpl.invoke(NativeMethodAccessorImpl.java:62)
	at sun.reflect.DelegatingMethodAccessorImpl.invoke(DelegatingMethodAccessorImpl.java:43)
	at java.lang.reflect.Method.invoke(Method.java:498)
	at org.testng.internal.MethodInvocationHelper.invokeMethod(MethodInvocationHelper.java:85)
	at org.testng.internal.Invoker.invokeConfigurationMethod(Invoker.java:510)
	at org.testng.internal.Invoker.invokeConfigurations(Invoker.java:211)
	at org.testng.internal.Invoker.invokeMethod(Invoker.java:703)
	at org.testng.internal.Invoker.invokeTestMethod(Invoker.java:816)
	at org.testng.internal.Invoker.invokeTestMethods(Invoker.java:1124)
	at org.testng.internal.TestMethodWorker.invokeTestMethods(TestMethodWorker.java:125)
	at org.testng.internal.TestMethodWorker.run(TestMethodWorker.java:108)
	at org.testng.TestRunner.privateRun(TestRunner.java:774)
	at org.testng.TestRunner.run(TestRunner.java:624)
	at org.testng.SuiteRunner.runTest(SuiteRunner.java:359)
	at org.testng.SuiteRunner.runSequentially(SuiteRunner.java:354)
	at org.testng.SuiteRunner.privateRun(SuiteRunner.java:312)
	at org.testng.SuiteRunner.run(SuiteRunner.java:261)
	at org.testng.SuiteRunnerWorker.runSuite(SuiteRunnerWorker.java:52)
	at org.testng.SuiteRunnerWorker.run(SuiteRunnerWorker.java:86)
	at org.testng.TestNG.runSuitesSequentially(TestNG.java:1215)
	at org.testng.TestNG.runSuitesLocally(TestNG.java:1140)
	at org.testng.TestNG.run(TestNG.java:1048)
	at com.eduven.utils.RunTestng.main(RunTestng.java:60)
]]>
    </failure>
  </testcase> <!-- @AfterMethod tearDown -->
  <testcase name="@AfterMethod tearDown" time="0.0" classname="com.eduven.testcase.AllRecipesPageTestCasesForMeatLovers">
    <skipped/>
  </testcase> <!-- @AfterMethod tearDown -->
  <testcase name="@AfterMethod tearDown" time="0.0" classname="com.eduven.testcase.AllRecipesPageTestCasesForMeatLovers">
    <skipped/>
  </testcase> <!-- @AfterMethod tearDown -->
  <testcase name="@AfterMethod tearDown" time="0.0" classname="com.eduven.testcase.AllRecipesPageTestCasesForMeatLovers">
    <skipped/>
  </testcase> <!-- @AfterMethod tearDown -->
  <testcase name="@AfterMethod tearDown" time="0.0" classname="com.eduven.testcase.AllRecipesPageTestCasesForMeatLovers">
    <skipped/>
  </testcase> <!-- @AfterMethod tearDown -->
  <testcase name="@AfterClass close_app" time="0.0" classname="com.eduven.testcase.AllRecipesPageTestCasesForMeatLovers">
    <skipped/>
  </testcase> <!-- @AfterClass close_app -->
  <testcase name="@AfterMethod tearDown" time="0.0" classname="com.eduven.testcase.SearchPageTestCasesForMeatLovers">
    <failure type="org.openqa.selenium.remote.SessionNotFoundException" message="
Command duration or timeout: 4 milliseconds
Build info: version: &amp;apos;2.51.0&amp;apos;, revision: &amp;apos;1af067d&amp;apos;, time: &amp;apos;2016-02-05 19:11:55&amp;apos;
System info: host: &amp;apos;Bhardwaj.local&amp;apos;, ip: &amp;apos;10.30.30.61&amp;apos;, os.name: &amp;apos;Mac OS X&amp;apos;, os.arch: &amp;apos;x86_64&amp;apos;, os.version: &amp;apos;10.11.6&amp;apos;, java.version: &amp;apos;1.8.0_74&amp;apos;
Driver info: io.appium.java_client.android.AndroidDriver
Capabilities [{app=/Users/hiteshbhardwaj/Desktop/Automation/app/RecipeFrameworkForAndroid/new/meat_lovers/CCMeatLovers.apk, appPackage=com.eduven.cc.meatlovers, networkConnectionEnabled=true, warnings={}, appiumVersion=1.4.13, databaseEnabled=false, deviceName=ZX1D63L8BN, platform=LINUX, appActivity=cc.eduven.com.chefchili.activity.Splash, desired={app=/Users/hiteshbhardwaj/Desktop/Automation/app/RecipeFrameworkForAndroid/new/meat_lovers/CCMeatLovers.apk, appPackage=com.eduven.cc.meatlovers, appActivity=cc.eduven.com.chefchili.activity.Splash, platformVersion=5.1, appiumVersion=1.4.13, automationName=Appium, platformName=Android, deviceName=ZX1D63L8BN}, platformVersion=6.0, webStorageEnabled=false, locationContextEnabled=false, automationName=Appium, browserName=Android, takesScreenshot=true, javascriptEnabled=true, platformName=Android}]
Session ID: 997b8444-8454-49a9-b588-b247d2f9b067">
      <![CDATA[org.openqa.selenium.remote.SessionNotFoundException: 
Command duration or timeout: 4 milliseconds
Build info: version: '2.51.0', revision: '1af067d', time: '2016-02-05 19:11:55'
System info: host: 'Bhardwaj.local', ip: '10.30.30.61', os.name: 'Mac OS X', os.arch: 'x86_64', os.version: '10.11.6', java.version: '1.8.0_74'
Driver info: io.appium.java_client.android.AndroidDriver
Capabilities [{app=/Users/hiteshbhardwaj/Desktop/Automation/app/RecipeFrameworkForAndroid/new/meat_lovers/CCMeatLovers.apk, appPackage=com.eduven.cc.meatlovers, networkConnectionEnabled=true, warnings={}, appiumVersion=1.4.13, databaseEnabled=false, deviceName=ZX1D63L8BN, platform=LINUX, appActivity=cc.eduven.com.chefchili.activity.Splash, desired={app=/Users/hiteshbhardwaj/Desktop/Automation/app/RecipeFrameworkForAndroid/new/meat_lovers/CCMeatLovers.apk, appPackage=com.eduven.cc.meatlovers, appActivity=cc.eduven.com.chefchili.activity.Splash, platformVersion=5.1, appiumVersion=1.4.13, automationName=Appium, platformName=Android, deviceName=ZX1D63L8BN}, platformVersion=6.0, webStorageEnabled=false, locationContextEnabled=false, automationName=Appium, browserName=Android, takesScreenshot=true, javascriptEnabled=true, platformName=Android}]
Session ID: 997b8444-8454-49a9-b588-b247d2f9b067
	at sun.reflect.NativeConstructorAccessorImpl.newInstance0(Native Method)
	at sun.reflect.NativeConstructorAccessorImpl.newInstance(NativeConstructorAccessorImpl.java:62)
	at sun.reflect.DelegatingConstructorAccessorImpl.newInstance(DelegatingConstructorAccessorImpl.java:45)
	at java.lang.reflect.Constructor.newInstance(Constructor.java:423)
	at org.openqa.selenium.remote.ErrorHandler.createThrowable(ErrorHandler.java:206)
	at org.openqa.selenium.remote.ErrorHandler.throwIfResponseFailed(ErrorHandler.java:164)
	at org.openqa.selenium.remote.RemoteWebDriver.execute(RemoteWebDriver.java:678)
	at io.appium.java_client.DefaultGenericMobileDriver.execute(DefaultGenericMobileDriver.java:43)
	at io.appium.java_client.AppiumDriver.execute(AppiumDriver.java:216)
	at org.openqa.selenium.remote.RemoteWebDriver.getScreenshotAs(RemoteWebDriver.java:335)
	at com.eduven.utils.ScreenShot.takescreenShotCapture(ScreenShot.java:25)
	at com.eduven.testcase.SearchPageTestCasesForMeatLovers.tearDown(SearchPageTestCasesForMeatLovers.java:93)
	at sun.reflect.NativeMethodAccessorImpl.invoke0(Native Method)
	at sun.reflect.NativeMethodAccessorImpl.invoke(NativeMethodAccessorImpl.java:62)
	at sun.reflect.DelegatingMethodAccessorImpl.invoke(DelegatingMethodAccessorImpl.java:43)
	at java.lang.reflect.Method.invoke(Method.java:498)
	at org.testng.internal.MethodInvocationHelper.invokeMethod(MethodInvocationHelper.java:85)
	at org.testng.internal.Invoker.invokeConfigurationMethod(Invoker.java:510)
	at org.testng.internal.Invoker.invokeConfigurations(Invoker.java:211)
	at org.testng.internal.Invoker.invokeMethod(Invoker.java:703)
	at org.testng.internal.Invoker.invokeTestMethod(Invoker.java:816)
	at org.testng.internal.Invoker.invokeTestMethods(Invoker.java:1124)
	at org.testng.internal.TestMethodWorker.invokeTestMethods(TestMethodWorker.java:125)
	at org.testng.internal.TestMethodWorker.run(TestMethodWorker.java:108)
	at org.testng.TestRunner.privateRun(TestRunner.java:774)
	at org.testng.TestRunner.run(TestRunner.java:624)
	at org.testng.SuiteRunner.runTest(SuiteRunner.java:359)
	at org.testng.SuiteRunner.runSequentially(SuiteRunner.java:354)
	at org.testng.SuiteRunner.privateRun(SuiteRunner.java:312)
	at org.testng.SuiteRunner.run(SuiteRunner.java:261)
	at org.testng.SuiteRunnerWorker.runSuite(SuiteRunnerWorker.java:52)
	at org.testng.SuiteRunnerWorker.run(SuiteRunnerWorker.java:86)
	at org.testng.TestNG.runSuitesSequentially(TestNG.java:1215)
	at org.testng.TestNG.runSuitesLocally(TestNG.java:1140)
	at org.testng.TestNG.run(TestNG.java:1048)
	at com.eduven.utils.RunTestng.main(RunTestng.java:60)
]]>
    </failure>
  </testcase> <!-- @AfterMethod tearDown -->
  <testcase name="@AfterMethod tearDown" time="0.0" classname="com.eduven.testcase.SearchPageTestCasesForMeatLovers">
    <skipped/>
  </testcase> <!-- @AfterMethod tearDown -->
  <testcase name="@AfterMethod tearDown" time="0.0" classname="com.eduven.testcase.SearchPageTestCasesForMeatLovers">
    <skipped/>
  </testcase> <!-- @AfterMethod tearDown -->
  <testcase name="@AfterMethod tearDown" time="0.0" classname="com.eduven.testcase.SearchPageTestCasesForMeatLovers">
    <skipped/>
  </testcase> <!-- @AfterMethod tearDown -->
  <testcase name="@AfterMethod tearDown" time="0.0" classname="com.eduven.testcase.SearchPageTestCasesForMeatLovers">
    <skipped/>
  </testcase> <!-- @AfterMethod tearDown -->
  <testcase name="@AfterMethod tearDown" time="0.0" classname="com.eduven.testcase.SearchPageTestCasesForMeatLovers">
    <skipped/>
  </testcase> <!-- @AfterMethod tearDown -->
  <testcase name="@AfterMethod tearDown" time="0.0" classname="com.eduven.testcase.SearchPageTestCasesForMeatLovers">
    <skipped/>
  </testcase> <!-- @AfterMethod tearDown -->
  <testcase name="@AfterMethod tearDown" time="0.0" classname="com.eduven.testcase.SearchPageTestCasesForMeatLovers">
    <skipped/>
  </testcase> <!-- @AfterMethod tearDown -->
  <testcase name="@AfterMethod tearDown" time="0.0" classname="com.eduven.testcase.SearchPageTestCasesForMeatLovers">
    <skipped/>
  </testcase> <!-- @AfterMethod tearDown -->
  <testcase name="@AfterMethod tearDown" time="0.0" classname="com.eduven.testcase.SearchPageTestCasesForMeatLovers">
    <skipped/>
  </testcase> <!-- @AfterMethod tearDown -->
  <testcase name="@AfterMethod tearDown" time="0.0" classname="com.eduven.testcase.SearchPageTestCasesForMeatLovers">
    <skipped/>
  </testcase> <!-- @AfterMethod tearDown -->
  <testcase name="@AfterClass closeApp" time="0.0" classname="com.eduven.testcase.SearchPageTestCasesForMeatLovers">
    <skipped/>
  </testcase> <!-- @AfterClass closeApp -->
  <testcase name="@AfterMethod tearDown" time="0.0" classname="com.eduven.testcase.TasteBudPageTestCasesForMeatLovers">
    <failure type="org.openqa.selenium.remote.SessionNotFoundException" message="
Command duration or timeout: 4 milliseconds
Build info: version: &amp;apos;2.51.0&amp;apos;, revision: &amp;apos;1af067d&amp;apos;, time: &amp;apos;2016-02-05 19:11:55&amp;apos;
System info: host: &amp;apos;Bhardwaj.local&amp;apos;, ip: &amp;apos;10.30.30.61&amp;apos;, os.name: &amp;apos;Mac OS X&amp;apos;, os.arch: &amp;apos;x86_64&amp;apos;, os.version: &amp;apos;10.11.6&amp;apos;, java.version: &amp;apos;1.8.0_74&amp;apos;
Driver info: io.appium.java_client.android.AndroidDriver
Capabilities [{app=/Users/hiteshbhardwaj/Desktop/Automation/app/RecipeFrameworkForAndroid/new/meat_lovers/CCMeatLovers.apk, appPackage=com.eduven.cc.meatlovers, networkConnectionEnabled=true, warnings={}, appiumVersion=1.4.13, databaseEnabled=false, deviceName=ZX1D63L8BN, platform=LINUX, appActivity=cc.eduven.com.chefchili.activity.Splash, desired={app=/Users/hiteshbhardwaj/Desktop/Automation/app/RecipeFrameworkForAndroid/new/meat_lovers/CCMeatLovers.apk, appPackage=com.eduven.cc.meatlovers, appActivity=cc.eduven.com.chefchili.activity.Splash, platformVersion=5.1, appiumVersion=1.4.13, automationName=Appium, platformName=Android, deviceName=ZX1D63L8BN}, platformVersion=6.0, webStorageEnabled=false, locationContextEnabled=false, automationName=Appium, browserName=Android, takesScreenshot=true, javascriptEnabled=true, platformName=Android}]
Session ID: 997b8444-8454-49a9-b588-b247d2f9b067">
      <![CDATA[org.openqa.selenium.remote.SessionNotFoundException: 
Command duration or timeout: 4 milliseconds
Build info: version: '2.51.0', revision: '1af067d', time: '2016-02-05 19:11:55'
System info: host: 'Bhardwaj.local', ip: '10.30.30.61', os.name: 'Mac OS X', os.arch: 'x86_64', os.version: '10.11.6', java.version: '1.8.0_74'
Driver info: io.appium.java_client.android.AndroidDriver
Capabilities [{app=/Users/hiteshbhardwaj/Desktop/Automation/app/RecipeFrameworkForAndroid/new/meat_lovers/CCMeatLovers.apk, appPackage=com.eduven.cc.meatlovers, networkConnectionEnabled=true, warnings={}, appiumVersion=1.4.13, databaseEnabled=false, deviceName=ZX1D63L8BN, platform=LINUX, appActivity=cc.eduven.com.chefchili.activity.Splash, desired={app=/Users/hiteshbhardwaj/Desktop/Automation/app/RecipeFrameworkForAndroid/new/meat_lovers/CCMeatLovers.apk, appPackage=com.eduven.cc.meatlovers, appActivity=cc.eduven.com.chefchili.activity.Splash, platformVersion=5.1, appiumVersion=1.4.13, automationName=Appium, platformName=Android, deviceName=ZX1D63L8BN}, platformVersion=6.0, webStorageEnabled=false, locationContextEnabled=false, automationName=Appium, browserName=Android, takesScreenshot=true, javascriptEnabled=true, platformName=Android}]
Session ID: 997b8444-8454-49a9-b588-b247d2f9b067
	at sun.reflect.NativeConstructorAccessorImpl.newInstance0(Native Method)
	at sun.reflect.NativeConstructorAccessorImpl.newInstance(NativeConstructorAccessorImpl.java:62)
	at sun.reflect.DelegatingConstructorAccessorImpl.newInstance(DelegatingConstructorAccessorImpl.java:45)
	at java.lang.reflect.Constructor.newInstance(Constructor.java:423)
	at org.openqa.selenium.remote.ErrorHandler.createThrowable(ErrorHandler.java:206)
	at org.openqa.selenium.remote.ErrorHandler.throwIfResponseFailed(ErrorHandler.java:164)
	at org.openqa.selenium.remote.RemoteWebDriver.execute(RemoteWebDriver.java:678)
	at io.appium.java_client.DefaultGenericMobileDriver.execute(DefaultGenericMobileDriver.java:43)
	at io.appium.java_client.AppiumDriver.execute(AppiumDriver.java:216)
	at org.openqa.selenium.remote.RemoteWebDriver.getScreenshotAs(RemoteWebDriver.java:335)
	at com.eduven.utils.ScreenShot.takescreenShotCapture(ScreenShot.java:25)
	at com.eduven.testcase.TasteBudPageTestCasesForMeatLovers.tearDown(TasteBudPageTestCasesForMeatLovers.java:164)
	at sun.reflect.NativeMethodAccessorImpl.invoke0(Native Method)
	at sun.reflect.NativeMethodAccessorImpl.invoke(NativeMethodAccessorImpl.java:62)
	at sun.reflect.DelegatingMethodAccessorImpl.invoke(DelegatingMethodAccessorImpl.java:43)
	at java.lang.reflect.Method.invoke(Method.java:498)
	at org.testng.internal.MethodInvocationHelper.invokeMethod(MethodInvocationHelper.java:85)
	at org.testng.internal.Invoker.invokeConfigurationMethod(Invoker.java:510)
	at org.testng.internal.Invoker.invokeConfigurations(Invoker.java:211)
	at org.testng.internal.Invoker.invokeMethod(Invoker.java:703)
	at org.testng.internal.Invoker.invokeTestMethod(Invoker.java:816)
	at org.testng.internal.Invoker.invokeTestMethods(Invoker.java:1124)
	at org.testng.internal.TestMethodWorker.invokeTestMethods(TestMethodWorker.java:125)
	at org.testng.internal.TestMethodWorker.run(TestMethodWorker.java:108)
	at org.testng.TestRunner.privateRun(TestRunner.java:774)
	at org.testng.TestRunner.run(TestRunner.java:624)
	at org.testng.SuiteRunner.runTest(SuiteRunner.java:359)
	at org.testng.SuiteRunner.runSequentially(SuiteRunner.java:354)
	at org.testng.SuiteRunner.privateRun(SuiteRunner.java:312)
	at org.testng.SuiteRunner.run(SuiteRunner.java:261)
	at org.testng.SuiteRunnerWorker.runSuite(SuiteRunnerWorker.java:52)
	at org.testng.SuiteRunnerWorker.run(SuiteRunnerWorker.java:86)
	at org.testng.TestNG.runSuitesSequentially(TestNG.java:1215)
	at org.testng.TestNG.runSuitesLocally(TestNG.java:1140)
	at org.testng.TestNG.run(TestNG.java:1048)
	at com.eduven.utils.RunTestng.main(RunTestng.java:60)
]]>
    </failure>
  </testcase> <!-- @AfterMethod tearDown -->
  <testcase name="@AfterMethod tearDown" time="0.0" classname="com.eduven.testcase.TasteBudPageTestCasesForMeatLovers">
    <skipped/>
  </testcase> <!-- @AfterMethod tearDown -->
  <testcase name="@AfterMethod tearDown" time="0.0" classname="com.eduven.testcase.TasteBudPageTestCasesForMeatLovers">
    <skipped/>
  </testcase> <!-- @AfterMethod tearDown -->
  <testcase name="@AfterMethod tearDown" time="0.0" classname="com.eduven.testcase.TasteBudPageTestCasesForMeatLovers">
    <skipped/>
  </testcase> <!-- @AfterMethod tearDown -->
  <testcase name="@AfterMethod tearDown" time="0.0" classname="com.eduven.testcase.TasteBudPageTestCasesForMeatLovers">
    <skipped/>
  </testcase> <!-- @AfterMethod tearDown -->
  <testcase name="@AfterMethod tearDown" time="0.0" classname="com.eduven.testcase.TasteBudPageTestCasesForMeatLovers">
    <skipped/>
  </testcase> <!-- @AfterMethod tearDown -->
  <testcase name="@AfterMethod tearDown" time="0.0" classname="com.eduven.testcase.TasteBudPageTestCasesForMeatLovers">
    <skipped/>
  </testcase> <!-- @AfterMethod tearDown -->
  <testcase name="@AfterMethod tearDown" time="0.0" classname="com.eduven.testcase.TasteBudPageTestCasesForMeatLovers">
    <skipped/>
  </testcase> <!-- @AfterMethod tearDown -->
  <testcase name="@AfterMethod tearDown" time="0.0" classname="com.eduven.testcase.TasteBudPageTestCasesForMeatLovers">
    <skipped/>
  </testcase> <!-- @AfterMethod tearDown -->
  <testcase name="@AfterMethod tearDown" time="0.0" classname="com.eduven.testcase.TasteBudPageTestCasesForMeatLovers">
    <skipped/>
  </testcase> <!-- @AfterMethod tearDown -->
  <testcase name="@AfterMethod tearDown" time="0.0" classname="com.eduven.testcase.TasteBudPageTestCasesForMeatLovers">
    <skipped/>
  </testcase> <!-- @AfterMethod tearDown -->
  <testcase name="@AfterMethod tearDown" time="0.0" classname="com.eduven.testcase.TasteBudPageTestCasesForMeatLovers">
    <skipped/>
  </testcase> <!-- @AfterMethod tearDown -->
  <testcase name="@AfterMethod tearDown" time="0.0" classname="com.eduven.testcase.TasteBudPageTestCasesForMeatLovers">
    <skipped/>
  </testcase> <!-- @AfterMethod tearDown -->
  <testcase name="@AfterMethod tearDown" time="0.0" classname="com.eduven.testcase.TasteBudPageTestCasesForMeatLovers">
    <skipped/>
  </testcase> <!-- @AfterMethod tearDown -->
  <testcase name="@AfterMethod tearDown" time="0.0" classname="com.eduven.testcase.TasteBudPageTestCasesForMeatLovers">
    <skipped/>
  </testcase> <!-- @AfterMethod tearDown -->
  <testcase name="@AfterMethod tearDown" time="0.0" classname="com.eduven.testcase.TasteBudPageTestCasesForMeatLovers">
    <skipped/>
  </testcase> <!-- @AfterMethod tearDown -->
  <testcase name="@AfterClass closeApp" time="0.0" classname="com.eduven.testcase.TasteBudPageTestCasesForMeatLovers">
    <skipped/>
  </testcase> <!-- @AfterClass closeApp -->
  <testcase name="@AfterMethod tearDown" time="0.0" classname="com.eduven.testcase.TipsPageTestCases">
    <failure type="org.openqa.selenium.remote.SessionNotFoundException" message="
Command duration or timeout: 6 milliseconds
Build info: version: &amp;apos;2.51.0&amp;apos;, revision: &amp;apos;1af067d&amp;apos;, time: &amp;apos;2016-02-05 19:11:55&amp;apos;
System info: host: &amp;apos;Bhardwaj.local&amp;apos;, ip: &amp;apos;10.30.30.61&amp;apos;, os.name: &amp;apos;Mac OS X&amp;apos;, os.arch: &amp;apos;x86_64&amp;apos;, os.version: &amp;apos;10.11.6&amp;apos;, java.version: &amp;apos;1.8.0_74&amp;apos;
Driver info: io.appium.java_client.android.AndroidDriver
Capabilities [{app=/Users/hiteshbhardwaj/Desktop/Automation/app/RecipeFrameworkForAndroid/new/meat_lovers/CCMeatLovers.apk, appPackage=com.eduven.cc.meatlovers, networkConnectionEnabled=true, warnings={}, appiumVersion=1.4.13, databaseEnabled=false, deviceName=ZX1D63L8BN, platform=LINUX, appActivity=cc.eduven.com.chefchili.activity.Splash, desired={app=/Users/hiteshbhardwaj/Desktop/Automation/app/RecipeFrameworkForAndroid/new/meat_lovers/CCMeatLovers.apk, appPackage=com.eduven.cc.meatlovers, appActivity=cc.eduven.com.chefchili.activity.Splash, platformVersion=5.1, appiumVersion=1.4.13, automationName=Appium, platformName=Android, deviceName=ZX1D63L8BN}, platformVersion=6.0, webStorageEnabled=false, locationContextEnabled=false, automationName=Appium, browserName=Android, takesScreenshot=true, javascriptEnabled=true, platformName=Android}]
Session ID: 997b8444-8454-49a9-b588-b247d2f9b067">
      <![CDATA[org.openqa.selenium.remote.SessionNotFoundException: 
Command duration or timeout: 6 milliseconds
Build info: version: '2.51.0', revision: '1af067d', time: '2016-02-05 19:11:55'
System info: host: 'Bhardwaj.local', ip: '10.30.30.61', os.name: 'Mac OS X', os.arch: 'x86_64', os.version: '10.11.6', java.version: '1.8.0_74'
Driver info: io.appium.java_client.android.AndroidDriver
Capabilities [{app=/Users/hiteshbhardwaj/Desktop/Automation/app/RecipeFrameworkForAndroid/new/meat_lovers/CCMeatLovers.apk, appPackage=com.eduven.cc.meatlovers, networkConnectionEnabled=true, warnings={}, appiumVersion=1.4.13, databaseEnabled=false, deviceName=ZX1D63L8BN, platform=LINUX, appActivity=cc.eduven.com.chefchili.activity.Splash, desired={app=/Users/hiteshbhardwaj/Desktop/Automation/app/RecipeFrameworkForAndroid/new/meat_lovers/CCMeatLovers.apk, appPackage=com.eduven.cc.meatlovers, appActivity=cc.eduven.com.chefchili.activity.Splash, platformVersion=5.1, appiumVersion=1.4.13, automationName=Appium, platformName=Android, deviceName=ZX1D63L8BN}, platformVersion=6.0, webStorageEnabled=false, locationContextEnabled=false, automationName=Appium, browserName=Android, takesScreenshot=true, javascriptEnabled=true, platformName=Android}]
Session ID: 997b8444-8454-49a9-b588-b247d2f9b067
	at sun.reflect.NativeConstructorAccessorImpl.newInstance0(Native Method)
	at sun.reflect.NativeConstructorAccessorImpl.newInstance(NativeConstructorAccessorImpl.java:62)
	at sun.reflect.DelegatingConstructorAccessorImpl.newInstance(DelegatingConstructorAccessorImpl.java:45)
	at java.lang.reflect.Constructor.newInstance(Constructor.java:423)
	at org.openqa.selenium.remote.ErrorHandler.createThrowable(ErrorHandler.java:206)
	at org.openqa.selenium.remote.ErrorHandler.throwIfResponseFailed(ErrorHandler.java:164)
	at org.openqa.selenium.remote.RemoteWebDriver.execute(RemoteWebDriver.java:678)
	at io.appium.java_client.DefaultGenericMobileDriver.execute(DefaultGenericMobileDriver.java:43)
	at io.appium.java_client.AppiumDriver.execute(AppiumDriver.java:216)
	at org.openqa.selenium.remote.RemoteWebDriver.getScreenshotAs(RemoteWebDriver.java:335)
	at com.eduven.utils.ScreenShot.takescreenShotCapture(ScreenShot.java:25)
	at com.eduven.testcase.TipsPageTestCases.tearDown(TipsPageTestCases.java:53)
	at sun.reflect.NativeMethodAccessorImpl.invoke0(Native Method)
	at sun.reflect.NativeMethodAccessorImpl.invoke(NativeMethodAccessorImpl.java:62)
	at sun.reflect.DelegatingMethodAccessorImpl.invoke(DelegatingMethodAccessorImpl.java:43)
	at java.lang.reflect.Method.invoke(Method.java:498)
	at org.testng.internal.MethodInvocationHelper.invokeMethod(MethodInvocationHelper.java:85)
	at org.testng.internal.Invoker.invokeConfigurationMethod(Invoker.java:510)
	at org.testng.internal.Invoker.invokeConfigurations(Invoker.java:211)
	at org.testng.internal.Invoker.invokeMethod(Invoker.java:703)
	at org.testng.internal.Invoker.invokeTestMethod(Invoker.java:816)
	at org.testng.internal.Invoker.invokeTestMethods(Invoker.java:1124)
	at org.testng.internal.TestMethodWorker.invokeTestMethods(TestMethodWorker.java:125)
	at org.testng.internal.TestMethodWorker.run(TestMethodWorker.java:108)
	at org.testng.TestRunner.privateRun(TestRunner.java:774)
	at org.testng.TestRunner.run(TestRunner.java:624)
	at org.testng.SuiteRunner.runTest(SuiteRunner.java:359)
	at org.testng.SuiteRunner.runSequentially(SuiteRunner.java:354)
	at org.testng.SuiteRunner.privateRun(SuiteRunner.java:312)
	at org.testng.SuiteRunner.run(SuiteRunner.java:261)
	at org.testng.SuiteRunnerWorker.runSuite(SuiteRunnerWorker.java:52)
	at org.testng.SuiteRunnerWorker.run(SuiteRunnerWorker.java:86)
	at org.testng.TestNG.runSuitesSequentially(TestNG.java:1215)
	at org.testng.TestNG.runSuitesLocally(TestNG.java:1140)
	at org.testng.TestNG.run(TestNG.java:1048)
	at com.eduven.utils.RunTestng.main(RunTestng.java:60)
]]>
    </failure>
  </testcase> <!-- @AfterMethod tearDown -->
  <testcase name="@AfterMethod tearDown" time="0.0" classname="com.eduven.testcase.TipsPageTestCases">
    <skipped/>
  </testcase> <!-- @AfterMethod tearDown -->
  <testcase name="@AfterMethod tearDown" time="0.0" classname="com.eduven.testcase.TipsPageTestCases">
    <skipped/>
  </testcase> <!-- @AfterMethod tearDown -->
  <testcase name="@AfterMethod tearDown" time="0.0" classname="com.eduven.testcase.TipsPageTestCases">
    <skipped/>
  </testcase> <!-- @AfterMethod tearDown -->
  <testcase name="@AfterMethod tearDown" time="0.0" classname="com.eduven.testcase.TipsPageTestCases">
    <skipped/>
  </testcase> <!-- @AfterMethod tearDown -->
  <testcase name="@AfterClass closeApp" time="0.0" classname="com.eduven.testcase.TipsPageTestCases">
    <skipped/>
  </testcase> <!-- @AfterClass closeApp -->
  <testcase name="@AfterMethod tearDown" time="0.0" classname="com.eduven.testcase.RecipeDetailPageTestCases">
    <failure type="org.openqa.selenium.remote.SessionNotFoundException" message="
Command duration or timeout: 5 milliseconds
Build info: version: &amp;apos;2.51.0&amp;apos;, revision: &amp;apos;1af067d&amp;apos;, time: &amp;apos;2016-02-05 19:11:55&amp;apos;
System info: host: &amp;apos;Bhardwaj.local&amp;apos;, ip: &amp;apos;10.30.30.61&amp;apos;, os.name: &amp;apos;Mac OS X&amp;apos;, os.arch: &amp;apos;x86_64&amp;apos;, os.version: &amp;apos;10.11.6&amp;apos;, java.version: &amp;apos;1.8.0_74&amp;apos;
Driver info: io.appium.java_client.android.AndroidDriver
Capabilities [{app=/Users/hiteshbhardwaj/Desktop/Automation/app/RecipeFrameworkForAndroid/new/meat_lovers/CCMeatLovers.apk, appPackage=com.eduven.cc.meatlovers, networkConnectionEnabled=true, warnings={}, appiumVersion=1.4.13, databaseEnabled=false, deviceName=ZX1D63L8BN, platform=LINUX, appActivity=cc.eduven.com.chefchili.activity.Splash, desired={app=/Users/hiteshbhardwaj/Desktop/Automation/app/RecipeFrameworkForAndroid/new/meat_lovers/CCMeatLovers.apk, appPackage=com.eduven.cc.meatlovers, appActivity=cc.eduven.com.chefchili.activity.Splash, platformVersion=5.1, appiumVersion=1.4.13, automationName=Appium, platformName=Android, deviceName=ZX1D63L8BN}, platformVersion=6.0, webStorageEnabled=false, locationContextEnabled=false, automationName=Appium, browserName=Android, takesScreenshot=true, javascriptEnabled=true, platformName=Android}]
Session ID: 997b8444-8454-49a9-b588-b247d2f9b067">
      <![CDATA[org.openqa.selenium.remote.SessionNotFoundException: 
Command duration or timeout: 5 milliseconds
Build info: version: '2.51.0', revision: '1af067d', time: '2016-02-05 19:11:55'
System info: host: 'Bhardwaj.local', ip: '10.30.30.61', os.name: 'Mac OS X', os.arch: 'x86_64', os.version: '10.11.6', java.version: '1.8.0_74'
Driver info: io.appium.java_client.android.AndroidDriver
Capabilities [{app=/Users/hiteshbhardwaj/Desktop/Automation/app/RecipeFrameworkForAndroid/new/meat_lovers/CCMeatLovers.apk, appPackage=com.eduven.cc.meatlovers, networkConnectionEnabled=true, warnings={}, appiumVersion=1.4.13, databaseEnabled=false, deviceName=ZX1D63L8BN, platform=LINUX, appActivity=cc.eduven.com.chefchili.activity.Splash, desired={app=/Users/hiteshbhardwaj/Desktop/Automation/app/RecipeFrameworkForAndroid/new/meat_lovers/CCMeatLovers.apk, appPackage=com.eduven.cc.meatlovers, appActivity=cc.eduven.com.chefchili.activity.Splash, platformVersion=5.1, appiumVersion=1.4.13, automationName=Appium, platformName=Android, deviceName=ZX1D63L8BN}, platformVersion=6.0, webStorageEnabled=false, locationContextEnabled=false, automationName=Appium, browserName=Android, takesScreenshot=true, javascriptEnabled=true, platformName=Android}]
Session ID: 997b8444-8454-49a9-b588-b247d2f9b067
	at sun.reflect.NativeConstructorAccessorImpl.newInstance0(Native Method)
	at sun.reflect.NativeConstructorAccessorImpl.newInstance(NativeConstructorAccessorImpl.java:62)
	at sun.reflect.DelegatingConstructorAccessorImpl.newInstance(DelegatingConstructorAccessorImpl.java:45)
	at java.lang.reflect.Constructor.newInstance(Constructor.java:423)
	at org.openqa.selenium.remote.ErrorHandler.createThrowable(ErrorHandler.java:206)
	at org.openqa.selenium.remote.ErrorHandler.throwIfResponseFailed(ErrorHandler.java:164)
	at org.openqa.selenium.remote.RemoteWebDriver.execute(RemoteWebDriver.java:678)
	at io.appium.java_client.DefaultGenericMobileDriver.execute(DefaultGenericMobileDriver.java:43)
	at io.appium.java_client.AppiumDriver.execute(AppiumDriver.java:216)
	at org.openqa.selenium.remote.RemoteWebDriver.getScreenshotAs(RemoteWebDriver.java:335)
	at com.eduven.utils.ScreenShot.takescreenShotCapture(ScreenShot.java:25)
	at com.eduven.testcase.RecipeDetailPageTestCases.tearDown(RecipeDetailPageTestCases.java:149)
	at sun.reflect.NativeMethodAccessorImpl.invoke0(Native Method)
	at sun.reflect.NativeMethodAccessorImpl.invoke(NativeMethodAccessorImpl.java:62)
	at sun.reflect.DelegatingMethodAccessorImpl.invoke(DelegatingMethodAccessorImpl.java:43)
	at java.lang.reflect.Method.invoke(Method.java:498)
	at org.testng.internal.MethodInvocationHelper.invokeMethod(MethodInvocationHelper.java:85)
	at org.testng.internal.Invoker.invokeConfigurationMethod(Invoker.java:510)
	at org.testng.internal.Invoker.invokeConfigurations(Invoker.java:211)
	at org.testng.internal.Invoker.invokeMethod(Invoker.java:703)
	at org.testng.internal.Invoker.invokeTestMethod(Invoker.java:816)
	at org.testng.internal.Invoker.invokeTestMethods(Invoker.java:1124)
	at org.testng.internal.TestMethodWorker.invokeTestMethods(TestMethodWorker.java:125)
	at org.testng.internal.TestMethodWorker.run(TestMethodWorker.java:108)
	at org.testng.TestRunner.privateRun(TestRunner.java:774)
	at org.testng.TestRunner.run(TestRunner.java:624)
	at org.testng.SuiteRunner.runTest(SuiteRunner.java:359)
	at org.testng.SuiteRunner.runSequentially(SuiteRunner.java:354)
	at org.testng.SuiteRunner.privateRun(SuiteRunner.java:312)
	at org.testng.SuiteRunner.run(SuiteRunner.java:261)
	at org.testng.SuiteRunnerWorker.runSuite(SuiteRunnerWorker.java:52)
	at org.testng.SuiteRunnerWorker.run(SuiteRunnerWorker.java:86)
	at org.testng.TestNG.runSuitesSequentially(TestNG.java:1215)
	at org.testng.TestNG.runSuitesLocally(TestNG.java:1140)
	at org.testng.TestNG.run(TestNG.java:1048)
	at com.eduven.utils.RunTestng.main(RunTestng.java:60)
]]>
    </failure>
  </testcase> <!-- @AfterMethod tearDown -->
  <testcase name="@AfterMethod tearDown" time="0.0" classname="com.eduven.testcase.RecipeDetailPageTestCases">
    <skipped/>
  </testcase> <!-- @AfterMethod tearDown -->
  <testcase name="@AfterMethod tearDown" time="0.0" classname="com.eduven.testcase.RecipeDetailPageTestCases">
    <skipped/>
  </testcase> <!-- @AfterMethod tearDown -->
  <testcase name="@AfterMethod tearDown" time="0.0" classname="com.eduven.testcase.RecipeDetailPageTestCases">
    <skipped/>
  </testcase> <!-- @AfterMethod tearDown -->
  <testcase name="@AfterMethod tearDown" time="0.0" classname="com.eduven.testcase.RecipeDetailPageTestCases">
    <skipped/>
  </testcase> <!-- @AfterMethod tearDown -->
  <testcase name="@AfterMethod tearDown" time="0.0" classname="com.eduven.testcase.RecipeDetailPageTestCases">
    <skipped/>
  </testcase> <!-- @AfterMethod tearDown -->
  <testcase name="@AfterMethod tearDown" time="0.0" classname="com.eduven.testcase.RecipeDetailPageTestCases">
    <skipped/>
  </testcase> <!-- @AfterMethod tearDown -->
  <testcase name="@AfterMethod tearDown" time="0.0" classname="com.eduven.testcase.RecipeDetailPageTestCases">
    <skipped/>
  </testcase> <!-- @AfterMethod tearDown -->
  <testcase name="@AfterMethod tearDown" time="0.0" classname="com.eduven.testcase.RecipeDetailPageTestCases">
    <skipped/>
  </testcase> <!-- @AfterMethod tearDown -->
  <testcase name="@AfterMethod tearDown" time="0.0" classname="com.eduven.testcase.RecipeDetailPageTestCases">
    <skipped/>
  </testcase> <!-- @AfterMethod tearDown -->
  <testcase name="@AfterMethod tearDown" time="0.0" classname="com.eduven.testcase.RecipeDetailPageTestCases">
    <skipped/>
  </testcase> <!-- @AfterMethod tearDown -->
  <testcase name="@AfterMethod tearDown" time="0.0" classname="com.eduven.testcase.RecipeDetailPageTestCases">
    <skipped/>
  </testcase> <!-- @AfterMethod tearDown -->
  <testcase name="@AfterMethod tearDown" time="0.0" classname="com.eduven.testcase.RecipeDetailPageTestCases">
    <skipped/>
  </testcase> <!-- @AfterMethod tearDown -->
  <testcase name="@AfterMethod tearDown" time="0.0" classname="com.eduven.testcase.RecipeDetailPageTestCases">
    <skipped/>
  </testcase> <!-- @AfterMethod tearDown -->
  <testcase name="@AfterMethod tearDown" time="0.0" classname="com.eduven.testcase.RecipeDetailPageTestCases">
    <skipped/>
  </testcase> <!-- @AfterMethod tearDown -->
  <testcase name="@AfterClass resetApp" time="0.0" classname="com.eduven.testcase.RecipeDetailPageTestCases">
    <skipped/>
  </testcase> <!-- @AfterClass resetApp -->
  <testcase name="verifyAppNameTest" time="111.057" classname="com.eduven.testcase.HomePageTestCases"/>
  <testcase name="selectFirstTypeOfDietTest" time="33.345" classname="com.eduven.testcase.HomePageTestCases"/>
  <testcase name="inAppPurchaseTest" time="52.796" classname="com.eduven.testcase.HomePageTestCases"/>
  <testcase name="homePageAppHeaderTextTest" time="2.067" classname="com.eduven.testcase.HomePageTestCases"/>
  <testcase name="homePageSearchTest" time="8.62" classname="com.eduven.testcase.HomePageTestCases"/>
  <testcase name="homePageEvMenuTest" time="7.843" classname="com.eduven.testcase.HomePageTestCases"/>
  <testcase name="homePageRecipesListTest" time="306.468" classname="com.eduven.testcase.HomePageTestCases">
    <failure type="java.lang.AssertionError" message="Error Mesage!!Toast Message not matched with expected one. expected [true] but found [false]">
      <![CDATA[java.lang.AssertionError: Error Mesage!!Toast Message not matched with expected one. expected [true] but found [false]
	at org.testng.Assert.fail(Assert.java:94)
	at org.testng.Assert.failNotEquals(Assert.java:496)
	at org.testng.Assert.assertTrue(Assert.java:42)
	at com.eduven.utils.Reusables.verifyToastMessageUsingImage(Reusables.java:842)
	at com.eduven.modules.EduBank.verifyEduBankHeaderText(EduBank.java:70)
	at com.eduven.modules.HomePage.clickOnEduBank(HomePage.java:347)
	at com.eduven.testcase.HomePageTestCases.homePageRecipesListTest(HomePageTestCases.java:67)
	at sun.reflect.NativeMethodAccessorImpl.invoke0(Native Method)
	at sun.reflect.NativeMethodAccessorImpl.invoke(NativeMethodAccessorImpl.java:62)
	at sun.reflect.DelegatingMethodAccessorImpl.invoke(DelegatingMethodAccessorImpl.java:43)
	at java.lang.reflect.Method.invoke(Method.java:498)
	at org.testng.internal.MethodInvocationHelper.invokeMethod(MethodInvocationHelper.java:85)
	at org.testng.internal.Invoker.invokeMethod(Invoker.java:639)
	at org.testng.internal.Invoker.invokeTestMethod(Invoker.java:816)
	at org.testng.internal.Invoker.invokeTestMethods(Invoker.java:1124)
	at org.testng.internal.TestMethodWorker.invokeTestMethods(TestMethodWorker.java:125)
	at org.testng.internal.TestMethodWorker.run(TestMethodWorker.java:108)
	at org.testng.TestRunner.privateRun(TestRunner.java:774)
	at org.testng.TestRunner.run(TestRunner.java:624)
	at org.testng.SuiteRunner.runTest(SuiteRunner.java:359)
	at org.testng.SuiteRunner.runSequentially(SuiteRunner.java:354)
	at org.testng.SuiteRunner.privateRun(SuiteRunner.java:312)
	at org.testng.SuiteRunner.run(SuiteRunner.java:261)
	at org.testng.SuiteRunnerWorker.runSuite(SuiteRunnerWorker.java:52)
	at org.testng.SuiteRunnerWorker.run(SuiteRunnerWorker.java:86)
	at org.testng.TestNG.runSuitesSequentially(TestNG.java:1215)
	at org.testng.TestNG.runSuitesLocally(TestNG.java:1140)
	at org.testng.TestNG.run(TestNG.java:1048)
	at com.eduven.utils.RunTestng.main(RunTestng.java:60)
]]>
    </failure>
  </testcase> <!-- homePageRecipesListTest -->
  <testcase name="verifyAppNameTest" time="65.271" classname="com.eduven.testcase.CoursesPageTestCasesForMeatLovers"/>
  <testcase name="inAppPurchaseTest" time="51.968" classname="com.eduven.testcase.CoursesPageTestCasesForMeatLovers"/>
  <testcase name="coursesPageNavigationTest" time="45.717" classname="com.eduven.testcase.CoursesPageTestCasesForMeatLovers"/>
  <testcase name="verifyCoursesListTest" time="118.105" classname="com.eduven.testcase.CoursesPageTestCasesForMeatLovers"/>
  <testcase name="verifyCoursesRecipePageLoadTest" time="45193.164" classname="com.eduven.testcase.CoursesPageTestCasesForMeatLovers">
    <failure type="org.openqa.selenium.WebDriverException" message="An unknown server-side error occurred while processing the command. (WARNING: The server did not provide any stacktrace information)
Command duration or timeout: 26 milliseconds
Build info: version: &amp;apos;2.51.0&amp;apos;, revision: &amp;apos;1af067d&amp;apos;, time: &amp;apos;2016-02-05 19:11:55&amp;apos;
System info: host: &amp;apos;Bhardwaj.local&amp;apos;, ip: &amp;apos;10.30.30.61&amp;apos;, os.name: &amp;apos;Mac OS X&amp;apos;, os.arch: &amp;apos;x86_64&amp;apos;, os.version: &amp;apos;10.11.6&amp;apos;, java.version: &amp;apos;1.8.0_74&amp;apos;
Driver info: io.appium.java_client.android.AndroidDriver
Capabilities [{app=/Users/hiteshbhardwaj/Desktop/Automation/app/RecipeFrameworkForAndroid/new/meat_lovers/CCMeatLovers.apk, appPackage=com.eduven.cc.meatlovers, networkConnectionEnabled=true, warnings={}, appiumVersion=1.4.13, databaseEnabled=false, deviceName=ZX1D63L8BN, platform=LINUX, appActivity=cc.eduven.com.chefchili.activity.Splash, desired={app=/Users/hiteshbhardwaj/Desktop/Automation/app/RecipeFrameworkForAndroid/new/meat_lovers/CCMeatLovers.apk, appPackage=com.eduven.cc.meatlovers, appActivity=cc.eduven.com.chefchili.activity.Splash, platformVersion=5.1, appiumVersion=1.4.13, automationName=Appium, platformName=Android, deviceName=ZX1D63L8BN}, platformVersion=6.0, webStorageEnabled=false, locationContextEnabled=false, automationName=Appium, browserName=Android, takesScreenshot=true, javascriptEnabled=true, platformName=Android}]
Session ID: 997b8444-8454-49a9-b588-b247d2f9b067">
      <![CDATA[org.openqa.selenium.WebDriverException: An unknown server-side error occurred while processing the command. (WARNING: The server did not provide any stacktrace information)
Command duration or timeout: 26 milliseconds
Build info: version: '2.51.0', revision: '1af067d', time: '2016-02-05 19:11:55'
System info: host: 'Bhardwaj.local', ip: '10.30.30.61', os.name: 'Mac OS X', os.arch: 'x86_64', os.version: '10.11.6', java.version: '1.8.0_74'
Driver info: io.appium.java_client.android.AndroidDriver
Capabilities [{app=/Users/hiteshbhardwaj/Desktop/Automation/app/RecipeFrameworkForAndroid/new/meat_lovers/CCMeatLovers.apk, appPackage=com.eduven.cc.meatlovers, networkConnectionEnabled=true, warnings={}, appiumVersion=1.4.13, databaseEnabled=false, deviceName=ZX1D63L8BN, platform=LINUX, appActivity=cc.eduven.com.chefchili.activity.Splash, desired={app=/Users/hiteshbhardwaj/Desktop/Automation/app/RecipeFrameworkForAndroid/new/meat_lovers/CCMeatLovers.apk, appPackage=com.eduven.cc.meatlovers, appActivity=cc.eduven.com.chefchili.activity.Splash, platformVersion=5.1, appiumVersion=1.4.13, automationName=Appium, platformName=Android, deviceName=ZX1D63L8BN}, platformVersion=6.0, webStorageEnabled=false, locationContextEnabled=false, automationName=Appium, browserName=Android, takesScreenshot=true, javascriptEnabled=true, platformName=Android}]
Session ID: 997b8444-8454-49a9-b588-b247d2f9b067
	at sun.reflect.NativeConstructorAccessorImpl.newInstance0(Native Method)
	at sun.reflect.NativeConstructorAccessorImpl.newInstance(NativeConstructorAccessorImpl.java:62)
	at sun.reflect.DelegatingConstructorAccessorImpl.newInstance(DelegatingConstructorAccessorImpl.java:45)
	at java.lang.reflect.Constructor.newInstance(Constructor.java:423)
	at org.openqa.selenium.remote.ErrorHandler.createThrowable(ErrorHandler.java:206)
	at org.openqa.selenium.remote.ErrorHandler.throwIfResponseFailed(ErrorHandler.java:158)
	at org.openqa.selenium.remote.RemoteWebDriver.execute(RemoteWebDriver.java:678)
	at io.appium.java_client.DefaultGenericMobileDriver.execute(DefaultGenericMobileDriver.java:43)
	at io.appium.java_client.AppiumDriver.execute(AppiumDriver.java:1)
	at io.appium.java_client.android.AndroidDriver.execute(AndroidDriver.java:1)
	at io.appium.java_client.AppiumDriver.performTouchAction(AppiumDriver.java:316)
	at io.appium.java_client.TouchAction.perform(TouchAction.java:318)
	at io.appium.java_client.AppiumDriver.swipe(AppiumDriver.java:365)
	at com.eduven.utils.Reusables.swipeUp(Reusables.java:280)
	at com.eduven.modules.Courses.clickOnRandomCourseCategory(Courses.java:145)
	at com.eduven.testcase.CoursesPageTestCasesForMeatLovers.verifyCoursesRecipePageLoadTest(CoursesPageTestCasesForMeatLovers.java:62)
	at sun.reflect.NativeMethodAccessorImpl.invoke0(Native Method)
	at sun.reflect.NativeMethodAccessorImpl.invoke(NativeMethodAccessorImpl.java:62)
	at sun.reflect.DelegatingMethodAccessorImpl.invoke(DelegatingMethodAccessorImpl.java:43)
	at java.lang.reflect.Method.invoke(Method.java:498)
	at org.testng.internal.MethodInvocationHelper.invokeMethod(MethodInvocationHelper.java:85)
	at org.testng.internal.Invoker.invokeMethod(Invoker.java:639)
	at org.testng.internal.Invoker.invokeTestMethod(Invoker.java:816)
	at org.testng.internal.Invoker.invokeTestMethods(Invoker.java:1124)
	at org.testng.internal.TestMethodWorker.invokeTestMethods(TestMethodWorker.java:125)
	at org.testng.internal.TestMethodWorker.run(TestMethodWorker.java:108)
	at org.testng.TestRunner.privateRun(TestRunner.java:774)
	at org.testng.TestRunner.run(TestRunner.java:624)
	at org.testng.SuiteRunner.runTest(SuiteRunner.java:359)
	at org.testng.SuiteRunner.runSequentially(SuiteRunner.java:354)
	at org.testng.SuiteRunner.privateRun(SuiteRunner.java:312)
	at org.testng.SuiteRunner.run(SuiteRunner.java:261)
	at org.testng.SuiteRunnerWorker.runSuite(SuiteRunnerWorker.java:52)
	at org.testng.SuiteRunnerWorker.run(SuiteRunnerWorker.java:86)
	at org.testng.TestNG.runSuitesSequentially(TestNG.java:1215)
	at org.testng.TestNG.runSuitesLocally(TestNG.java:1140)
	at org.testng.TestNG.run(TestNG.java:1048)
	at com.eduven.utils.RunTestng.main(RunTestng.java:60)
]]>
    </failure>
  </testcase> <!-- verifyCoursesRecipePageLoadTest -->
  <testcase name="verifyFreeCoursesRecipeTest" time="238.294" classname="com.eduven.testcase.CoursesPageTestCasesForMeatLovers"/>
  <testcase name="verifyRecipeServingsValueTest" time="1.212" classname="com.eduven.testcase.CoursesPageTestCasesForMeatLovers">
    <failure type="java.lang.AssertionError" message="Error Message!Actual and Expected Recipe Servings value not matched. expected [2] but found []">
      <![CDATA[java.lang.AssertionError: Error Message!Actual and Expected Recipe Servings value not matched. expected [2] but found []
	at org.testng.Assert.fail(Assert.java:94)
	at org.testng.Assert.failNotEquals(Assert.java:496)
	at org.testng.Assert.assertEquals(Assert.java:125)
	at org.testng.Assert.assertEquals(Assert.java:178)
	at com.eduven.utils.Reusables.verifyEqualMessage(Reusables.java:805)
	at com.eduven.modules.EntityDetailPageUpperPart.verifyRecipeServingsValue(EntityDetailPageUpperPart.java:140)
	at com.eduven.testcase.CoursesPageTestCasesForMeatLovers.verifyRecipeServingsValueTest(CoursesPageTestCasesForMeatLovers.java:81)
	at sun.reflect.NativeMethodAccessorImpl.invoke0(Native Method)
	at sun.reflect.NativeMethodAccessorImpl.invoke(NativeMethodAccessorImpl.java:62)
	at sun.reflect.DelegatingMethodAccessorImpl.invoke(DelegatingMethodAccessorImpl.java:43)
	at java.lang.reflect.Method.invoke(Method.java:498)
	at org.testng.internal.MethodInvocationHelper.invokeMethod(MethodInvocationHelper.java:85)
	at org.testng.internal.Invoker.invokeMethod(Invoker.java:639)
	at org.testng.internal.Invoker.invokeTestMethod(Invoker.java:816)
	at org.testng.internal.Invoker.invokeTestMethods(Invoker.java:1124)
	at org.testng.internal.TestMethodWorker.invokeTestMethods(TestMethodWorker.java:125)
	at org.testng.internal.TestMethodWorker.run(TestMethodWorker.java:108)
	at org.testng.TestRunner.privateRun(TestRunner.java:774)
	at org.testng.TestRunner.run(TestRunner.java:624)
	at org.testng.SuiteRunner.runTest(SuiteRunner.java:359)
	at org.testng.SuiteRunner.runSequentially(SuiteRunner.java:354)
	at org.testng.SuiteRunner.privateRun(SuiteRunner.java:312)
	at org.testng.SuiteRunner.run(SuiteRunner.java:261)
	at org.testng.SuiteRunnerWorker.runSuite(SuiteRunnerWorker.java:52)
	at org.testng.SuiteRunnerWorker.run(SuiteRunnerWorker.java:86)
	at org.testng.TestNG.runSuitesSequentially(TestNG.java:1215)
	at org.testng.TestNG.runSuitesLocally(TestNG.java:1140)
	at org.testng.TestNG.run(TestNG.java:1048)
	at com.eduven.utils.RunTestng.main(RunTestng.java:60)
]]>
    </failure>
  </testcase> <!-- verifyRecipeServingsValueTest -->
  <testcase name="verifyCookingTimeTest" time="6.285" classname="com.eduven.testcase.CoursesPageTestCasesForMeatLovers">
    <failure type="java.lang.AssertionError" message="Error Message!Actual and Expected Cooking time not matched. expected [] but found [0:10 hr]">
      <![CDATA[java.lang.AssertionError: Error Message!Actual and Expected Cooking time not matched. expected [] but found [0:10 hr]
	at org.testng.Assert.fail(Assert.java:94)
	at org.testng.Assert.failNotEquals(Assert.java:496)
	at org.testng.Assert.assertEquals(Assert.java:125)
	at org.testng.Assert.assertEquals(Assert.java:178)
	at com.eduven.utils.Reusables.verifyEqualMessage(Reusables.java:805)
	at com.eduven.modules.EntityDetailPageUpperPart.verifyRecipeCookingTimeValue(EntityDetailPageUpperPart.java:172)
	at com.eduven.testcase.CoursesPageTestCasesForMeatLovers.verifyCookingTimeTest(CoursesPageTestCasesForMeatLovers.java:86)
	at sun.reflect.NativeMethodAccessorImpl.invoke0(Native Method)
	at sun.reflect.NativeMethodAccessorImpl.invoke(NativeMethodAccessorImpl.java:62)
	at sun.reflect.DelegatingMethodAccessorImpl.invoke(DelegatingMethodAccessorImpl.java:43)
	at java.lang.reflect.Method.invoke(Method.java:498)
	at org.testng.internal.MethodInvocationHelper.invokeMethod(MethodInvocationHelper.java:85)
	at org.testng.internal.Invoker.invokeMethod(Invoker.java:639)
	at org.testng.internal.Invoker.invokeTestMethod(Invoker.java:816)
	at org.testng.internal.Invoker.invokeTestMethods(Invoker.java:1124)
	at org.testng.internal.TestMethodWorker.invokeTestMethods(TestMethodWorker.java:125)
	at org.testng.internal.TestMethodWorker.run(TestMethodWorker.java:108)
	at org.testng.TestRunner.privateRun(TestRunner.java:774)
	at org.testng.TestRunner.run(TestRunner.java:624)
	at org.testng.SuiteRunner.runTest(SuiteRunner.java:359)
	at org.testng.SuiteRunner.runSequentially(SuiteRunner.java:354)
	at org.testng.SuiteRunner.privateRun(SuiteRunner.java:312)
	at org.testng.SuiteRunner.run(SuiteRunner.java:261)
	at org.testng.SuiteRunnerWorker.runSuite(SuiteRunnerWorker.java:52)
	at org.testng.SuiteRunnerWorker.run(SuiteRunnerWorker.java:86)
	at org.testng.TestNG.runSuitesSequentially(TestNG.java:1215)
	at org.testng.TestNG.runSuitesLocally(TestNG.java:1140)
	at org.testng.TestNG.run(TestNG.java:1048)
	at com.eduven.utils.RunTestng.main(RunTestng.java:60)
]]>
    </failure>
  </testcase> <!-- verifyCookingTimeTest -->
  <testcase name="verifyRecipeRatingValueTest" time="1.134" classname="com.eduven.testcase.CoursesPageTestCasesForMeatLovers">
    <failure type="java.lang.AssertionError" message="Error Message!Actual and Expected Recipe Rating not matched. expected [] but found [5]">
      <![CDATA[java.lang.AssertionError: Error Message!Actual and Expected Recipe Rating not matched. expected [] but found [5]
	at org.testng.Assert.fail(Assert.java:94)
	at org.testng.Assert.failNotEquals(Assert.java:496)
	at org.testng.Assert.assertEquals(Assert.java:125)
	at org.testng.Assert.assertEquals(Assert.java:178)
	at com.eduven.utils.Reusables.verifyEqualMessage(Reusables.java:805)
	at com.eduven.modules.EntityDetailPageUpperPart.verifyChefRecipeRatingValue(EntityDetailPageUpperPart.java:204)
	at com.eduven.testcase.CoursesPageTestCasesForMeatLovers.verifyRecipeRatingValueTest(CoursesPageTestCasesForMeatLovers.java:91)
	at sun.reflect.NativeMethodAccessorImpl.invoke0(Native Method)
	at sun.reflect.NativeMethodAccessorImpl.invoke(NativeMethodAccessorImpl.java:62)
	at sun.reflect.DelegatingMethodAccessorImpl.invoke(DelegatingMethodAccessorImpl.java:43)
	at java.lang.reflect.Method.invoke(Method.java:498)
	at org.testng.internal.MethodInvocationHelper.invokeMethod(MethodInvocationHelper.java:85)
	at org.testng.internal.Invoker.invokeMethod(Invoker.java:639)
	at org.testng.internal.Invoker.invokeTestMethod(Invoker.java:816)
	at org.testng.internal.Invoker.invokeTestMethods(Invoker.java:1124)
	at org.testng.internal.TestMethodWorker.invokeTestMethods(TestMethodWorker.java:125)
	at org.testng.internal.TestMethodWorker.run(TestMethodWorker.java:108)
	at org.testng.TestRunner.privateRun(TestRunner.java:774)
	at org.testng.TestRunner.run(TestRunner.java:624)
	at org.testng.SuiteRunner.runTest(SuiteRunner.java:359)
	at org.testng.SuiteRunner.runSequentially(SuiteRunner.java:354)
	at org.testng.SuiteRunner.privateRun(SuiteRunner.java:312)
	at org.testng.SuiteRunner.run(SuiteRunner.java:261)
	at org.testng.SuiteRunnerWorker.runSuite(SuiteRunnerWorker.java:52)
	at org.testng.SuiteRunnerWorker.run(SuiteRunnerWorker.java:86)
	at org.testng.TestNG.runSuitesSequentially(TestNG.java:1215)
	at org.testng.TestNG.runSuitesLocally(TestNG.java:1140)
	at org.testng.TestNG.run(TestNG.java:1048)
	at com.eduven.utils.RunTestng.main(RunTestng.java:60)
]]>
    </failure>
  </testcase> <!-- verifyRecipeRatingValueTest -->
  <testcase name="verifyRecipeNutritionTest" time="17.225" classname="com.eduven.testcase.CoursesPageTestCasesForMeatLovers"/>
  <testcase name="verifyMenuPlannerTest" time="107.891" classname="com.eduven.testcase.CoursesPageTestCasesForMeatLovers"/>
  <testcase name="verifyIngredientNameListTest" time="52.98" classname="com.eduven.testcase.CoursesPageTestCasesForMeatLovers"/>
  <testcase name="verifyIngredientNutritionTest" time="724.366" classname="com.eduven.testcase.CoursesPageTestCasesForMeatLovers"/>
  <testcase name="verifyIngredientTipsTest" time="45.983" classname="com.eduven.testcase.CoursesPageTestCasesForMeatLovers"/>
  <testcase name="verifyMethodTest" time="7.813" classname="com.eduven.testcase.CoursesPageTestCasesForMeatLovers">
    <failure type="java.lang.AssertionError" message="Error Message!Actual and Expected text not matched.  expected [friends coming over for dinner? serve them tea flavored vodka and see the magic. let meat lovers  tell you how to make it.

1. fill the glass with ice cubes.

2. add vodka and grapefruit juice. 

3. then take the bottle of grenadine, place your thumb over the top and slowly add a dash, trying to aim for the center of the glass.

4. enjoy!] but found [friends coming over for dinner? serve them tea flavored vodka and see the magic. let meat lovers tell you how to make it.

1. fill the glass with ice cubes.

2. add vodka and grapefruit juice. 

3. then take the bottle of grenadine, place your thumb over the top and slowly add a dash, trying to aim for the center of the glass.

4. enjoy!]">
      <![CDATA[java.lang.AssertionError: Error Message!Actual and Expected text not matched.  expected [friends coming over for dinner? serve them tea flavored vodka and see the magic. let meat lovers  tell you how to make it.

1. fill the glass with ice cubes.

2. add vodka and grapefruit juice. 

3. then take the bottle of grenadine, place your thumb over the top and slowly add a dash, trying to aim for the center of the glass.

4. enjoy!] but found [friends coming over for dinner? serve them tea flavored vodka and see the magic. let meat lovers tell you how to make it.

1. fill the glass with ice cubes.

2. add vodka and grapefruit juice. 

3. then take the bottle of grenadine, place your thumb over the top and slowly add a dash, trying to aim for the center of the glass.

4. enjoy!]
	at org.testng.Assert.fail(Assert.java:94)
	at org.testng.Assert.failNotEquals(Assert.java:496)
	at org.testng.Assert.assertEquals(Assert.java:125)
	at org.testng.Assert.assertEquals(Assert.java:178)
	at com.eduven.utils.Reusables.verifyEqualMessage(Reusables.java:805)
	at com.eduven.modules.EntityDetailPageLowerPart.verifyMethodListText(EntityDetailPageLowerPart.java:239)
	at com.eduven.testcase.CoursesPageTestCasesForMeatLovers.verifyMethodTest(CoursesPageTestCasesForMeatLovers.java:148)
	at sun.reflect.NativeMethodAccessorImpl.invoke0(Native Method)
	at sun.reflect.NativeMethodAccessorImpl.invoke(NativeMethodAccessorImpl.java:62)
	at sun.reflect.DelegatingMethodAccessorImpl.invoke(DelegatingMethodAccessorImpl.java:43)
	at java.lang.reflect.Method.invoke(Method.java:498)
	at org.testng.internal.MethodInvocationHelper.invokeMethod(MethodInvocationHelper.java:85)
	at org.testng.internal.Invoker.invokeMethod(Invoker.java:639)
	at org.testng.internal.Invoker.invokeTestMethod(Invoker.java:816)
	at org.testng.internal.Invoker.invokeTestMethods(Invoker.java:1124)
	at org.testng.internal.TestMethodWorker.invokeTestMethods(TestMethodWorker.java:125)
	at org.testng.internal.TestMethodWorker.run(TestMethodWorker.java:108)
	at org.testng.TestRunner.privateRun(TestRunner.java:774)
	at org.testng.TestRunner.run(TestRunner.java:624)
	at org.testng.SuiteRunner.runTest(SuiteRunner.java:359)
	at org.testng.SuiteRunner.runSequentially(SuiteRunner.java:354)
	at org.testng.SuiteRunner.privateRun(SuiteRunner.java:312)
	at org.testng.SuiteRunner.run(SuiteRunner.java:261)
	at org.testng.SuiteRunnerWorker.runSuite(SuiteRunnerWorker.java:52)
	at org.testng.SuiteRunnerWorker.run(SuiteRunnerWorker.java:86)
	at org.testng.TestNG.runSuitesSequentially(TestNG.java:1215)
	at org.testng.TestNG.runSuitesLocally(TestNG.java:1140)
	at org.testng.TestNG.run(TestNG.java:1048)
	at com.eduven.utils.RunTestng.main(RunTestng.java:60)
]]>
    </failure>
  </testcase> <!-- verifyMethodTest -->
  <testcase name="verifyTagsTest" time="4.833" classname="com.eduven.testcase.CoursesPageTestCasesForMeatLovers"/>
  <testcase name="verifyAppNameTest" time="64.56" classname="com.eduven.testcase.EduBankPageTestCases"/>
  <testcase name="selectFirstTypeOfDietTest" time="33.458" classname="com.eduven.testcase.EduBankPageTestCases"/>
  <testcase name="inAppPurchaseTest" time="51.907" classname="com.eduven.testcase.EduBankPageTestCases"/>
  <testcase name="navigateToEdubankPageTest" time="38.023" classname="com.eduven.testcase.EduBankPageTestCases"/>
  <testcase name="verifyEdubankHeaderTest" time="12.998" classname="com.eduven.testcase.EduBankPageTestCases">
    <failure type="java.lang.AssertionError" message="Error Mesage!!Toast Message not matched with expected one. expected [true] but found [false]">
      <![CDATA[java.lang.AssertionError: Error Mesage!!Toast Message not matched with expected one. expected [true] but found [false]
	at org.testng.Assert.fail(Assert.java:94)
	at org.testng.Assert.failNotEquals(Assert.java:496)
	at org.testng.Assert.assertTrue(Assert.java:42)
	at com.eduven.utils.Reusables.verifyToastMessageUsingImage(Reusables.java:842)
	at com.eduven.modules.EduBank.verifyEduBankHeaderText(EduBank.java:70)
	at com.eduven.testcase.EduBankPageTestCases.verifyEdubankHeaderTest(EduBankPageTestCases.java:49)
	at sun.reflect.NativeMethodAccessorImpl.invoke0(Native Method)
	at sun.reflect.NativeMethodAccessorImpl.invoke(NativeMethodAccessorImpl.java:62)
	at sun.reflect.DelegatingMethodAccessorImpl.invoke(DelegatingMethodAccessorImpl.java:43)
	at java.lang.reflect.Method.invoke(Method.java:498)
	at org.testng.internal.MethodInvocationHelper.invokeMethod(MethodInvocationHelper.java:85)
	at org.testng.internal.Invoker.invokeMethod(Invoker.java:639)
	at org.testng.internal.Invoker.invokeTestMethod(Invoker.java:816)
	at org.testng.internal.Invoker.invokeTestMethods(Invoker.java:1124)
	at org.testng.internal.TestMethodWorker.invokeTestMethods(TestMethodWorker.java:125)
	at org.testng.internal.TestMethodWorker.run(TestMethodWorker.java:108)
	at org.testng.TestRunner.privateRun(TestRunner.java:774)
	at org.testng.TestRunner.run(TestRunner.java:624)
	at org.testng.SuiteRunner.runTest(SuiteRunner.java:359)
	at org.testng.SuiteRunner.runSequentially(SuiteRunner.java:354)
	at org.testng.SuiteRunner.privateRun(SuiteRunner.java:312)
	at org.testng.SuiteRunner.run(SuiteRunner.java:261)
	at org.testng.SuiteRunnerWorker.runSuite(SuiteRunnerWorker.java:52)
	at org.testng.SuiteRunnerWorker.run(SuiteRunnerWorker.java:86)
	at org.testng.TestNG.runSuitesSequentially(TestNG.java:1215)
	at org.testng.TestNG.runSuitesLocally(TestNG.java:1140)
	at org.testng.TestNG.run(TestNG.java:1048)
	at com.eduven.utils.RunTestng.main(RunTestng.java:60)
]]>
    </failure>
  </testcase> <!-- verifyEdubankHeaderTest -->
  <testcase name="edubankNavigateToTasteBudPageTest" time="122.377" classname="com.eduven.testcase.EduBankPageTestCases"/>
  <testcase name="addRecipeNameToEdubankTest" time="13.226" classname="com.eduven.testcase.EduBankPageTestCases"/>
  <testcase name="edubankVerifyAddedRecipeInEdubankTest" time="75.43" classname="com.eduven.testcase.EduBankPageTestCases"/>
  <testcase name="edubankRemoveRecipeNameFromEduBankTest" time="8.41" classname="com.eduven.testcase.EduBankPageTestCases">
    <failure type="java.lang.AssertionError" message="Error Mesage!!Toast Message not matched with expected one. expected [true] but found [false]">
      <![CDATA[java.lang.AssertionError: Error Mesage!!Toast Message not matched with expected one. expected [true] but found [false]
	at org.testng.Assert.fail(Assert.java:94)
	at org.testng.Assert.failNotEquals(Assert.java:496)
	at org.testng.Assert.assertTrue(Assert.java:42)
	at com.eduven.utils.Reusables.verifyToastMessageUsingImage(Reusables.java:842)
	at com.eduven.modules.EduBank.removeAllRecipeFromEduBank(EduBank.java:199)
	at com.eduven.testcase.EduBankPageTestCases.edubankRemoveRecipeNameFromEduBankTest(EduBankPageTestCases.java:78)
	at sun.reflect.NativeMethodAccessorImpl.invoke0(Native Method)
	at sun.reflect.NativeMethodAccessorImpl.invoke(NativeMethodAccessorImpl.java:62)
	at sun.reflect.DelegatingMethodAccessorImpl.invoke(DelegatingMethodAccessorImpl.java:43)
	at java.lang.reflect.Method.invoke(Method.java:498)
	at org.testng.internal.MethodInvocationHelper.invokeMethod(MethodInvocationHelper.java:85)
	at org.testng.internal.Invoker.invokeMethod(Invoker.java:639)
	at org.testng.internal.Invoker.invokeTestMethod(Invoker.java:816)
	at org.testng.internal.Invoker.invokeTestMethods(Invoker.java:1124)
	at org.testng.internal.TestMethodWorker.invokeTestMethods(TestMethodWorker.java:125)
	at org.testng.internal.TestMethodWorker.run(TestMethodWorker.java:108)
	at org.testng.TestRunner.privateRun(TestRunner.java:774)
	at org.testng.TestRunner.run(TestRunner.java:624)
	at org.testng.SuiteRunner.runTest(SuiteRunner.java:359)
	at org.testng.SuiteRunner.runSequentially(SuiteRunner.java:354)
	at org.testng.SuiteRunner.privateRun(SuiteRunner.java:312)
	at org.testng.SuiteRunner.run(SuiteRunner.java:261)
	at org.testng.SuiteRunnerWorker.runSuite(SuiteRunnerWorker.java:52)
	at org.testng.SuiteRunnerWorker.run(SuiteRunnerWorker.java:86)
	at org.testng.TestNG.runSuitesSequentially(TestNG.java:1215)
	at org.testng.TestNG.runSuitesLocally(TestNG.java:1140)
	at org.testng.TestNG.run(TestNG.java:1048)
	at com.eduven.utils.RunTestng.main(RunTestng.java:60)
]]>
    </failure>
  </testcase> <!-- edubankRemoveRecipeNameFromEduBankTest -->
  <testcase name="verifyAppNameTest" time="65.63" classname="com.eduven.testcase.EvMenuPageTestCases"/>
  <testcase name="selectFirstTypeOfDietTest" time="33.559" classname="com.eduven.testcase.EvMenuPageTestCases"/>
  <testcase name="inAppPurchaseTest" time="52.029" classname="com.eduven.testcase.EvMenuPageTestCases"/>
  <testcase name="navigateToEvmenuTest" time="8.432" classname="com.eduven.testcase.EvMenuPageTestCases"/>
  <testcase name="evmenuMoreAppsTest" time="19.638" classname="com.eduven.testcase.EvMenuPageTestCases"/>
  <testcase name="evmenuTipsTest" time="16.564" classname="com.eduven.testcase.EvMenuPageTestCases"/>
  <testcase name="evmenuContributeWithIngredientsTest" time="192.781" classname="com.eduven.testcase.EvMenuPageTestCases">
    <failure type="org.openqa.selenium.WebDriverException" message="An unknown server-side error occurred while processing the command. (WARNING: The server did not provide any stacktrace information)
Command duration or timeout: 30.47 seconds
Build info: version: &amp;apos;2.51.0&amp;apos;, revision: &amp;apos;1af067d&amp;apos;, time: &amp;apos;2016-02-05 19:11:55&amp;apos;
System info: host: &amp;apos;Bhardwaj.local&amp;apos;, ip: &amp;apos;10.30.30.61&amp;apos;, os.name: &amp;apos;Mac OS X&amp;apos;, os.arch: &amp;apos;x86_64&amp;apos;, os.version: &amp;apos;10.11.6&amp;apos;, java.version: &amp;apos;1.8.0_74&amp;apos;
Driver info: io.appium.java_client.android.AndroidDriver
Capabilities [{app=/Users/hiteshbhardwaj/Desktop/Automation/app/RecipeFrameworkForAndroid/new/meat_lovers/CCMeatLovers.apk, appPackage=com.eduven.cc.meatlovers, networkConnectionEnabled=true, warnings={}, appiumVersion=1.4.13, databaseEnabled=false, deviceName=ZX1D63L8BN, platform=LINUX, appActivity=cc.eduven.com.chefchili.activity.Splash, desired={app=/Users/hiteshbhardwaj/Desktop/Automation/app/RecipeFrameworkForAndroid/new/meat_lovers/CCMeatLovers.apk, appPackage=com.eduven.cc.meatlovers, appActivity=cc.eduven.com.chefchili.activity.Splash, platformVersion=5.1, appiumVersion=1.4.13, automationName=Appium, platformName=Android, deviceName=ZX1D63L8BN}, platformVersion=6.0, webStorageEnabled=false, locationContextEnabled=false, automationName=Appium, browserName=Android, takesScreenshot=true, javascriptEnabled=true, platformName=Android}]
Session ID: 997b8444-8454-49a9-b588-b247d2f9b067
*** Element info: {Using=id, value=com.eduven.cc.meatlovers:id/description}">
      <![CDATA[org.openqa.selenium.WebDriverException: An unknown server-side error occurred while processing the command. (WARNING: The server did not provide any stacktrace information)
Command duration or timeout: 30.47 seconds
Build info: version: '2.51.0', revision: '1af067d', time: '2016-02-05 19:11:55'
System info: host: 'Bhardwaj.local', ip: '10.30.30.61', os.name: 'Mac OS X', os.arch: 'x86_64', os.version: '10.11.6', java.version: '1.8.0_74'
Driver info: io.appium.java_client.android.AndroidDriver
Capabilities [{app=/Users/hiteshbhardwaj/Desktop/Automation/app/RecipeFrameworkForAndroid/new/meat_lovers/CCMeatLovers.apk, appPackage=com.eduven.cc.meatlovers, networkConnectionEnabled=true, warnings={}, appiumVersion=1.4.13, databaseEnabled=false, deviceName=ZX1D63L8BN, platform=LINUX, appActivity=cc.eduven.com.chefchili.activity.Splash, desired={app=/Users/hiteshbhardwaj/Desktop/Automation/app/RecipeFrameworkForAndroid/new/meat_lovers/CCMeatLovers.apk, appPackage=com.eduven.cc.meatlovers, appActivity=cc.eduven.com.chefchili.activity.Splash, platformVersion=5.1, appiumVersion=1.4.13, automationName=Appium, platformName=Android, deviceName=ZX1D63L8BN}, platformVersion=6.0, webStorageEnabled=false, locationContextEnabled=false, automationName=Appium, browserName=Android, takesScreenshot=true, javascriptEnabled=true, platformName=Android}]
Session ID: 997b8444-8454-49a9-b588-b247d2f9b067
*** Element info: {Using=id, value=com.eduven.cc.meatlovers:id/description}
	at sun.reflect.NativeConstructorAccessorImpl.newInstance0(Native Method)
	at sun.reflect.NativeConstructorAccessorImpl.newInstance(NativeConstructorAccessorImpl.java:62)
	at sun.reflect.DelegatingConstructorAccessorImpl.newInstance(DelegatingConstructorAccessorImpl.java:45)
	at java.lang.reflect.Constructor.newInstance(Constructor.java:423)
	at org.openqa.selenium.remote.ErrorHandler.createThrowable(ErrorHandler.java:206)
	at org.openqa.selenium.remote.ErrorHandler.throwIfResponseFailed(ErrorHandler.java:158)
	at org.openqa.selenium.remote.RemoteWebDriver.execute(RemoteWebDriver.java:678)
	at io.appium.java_client.DefaultGenericMobileDriver.execute(DefaultGenericMobileDriver.java:43)
	at io.appium.java_client.AppiumDriver.execute(AppiumDriver.java:1)
	at io.appium.java_client.android.AndroidDriver.execute(AndroidDriver.java:1)
	at org.openqa.selenium.remote.RemoteWebDriver.findElement(RemoteWebDriver.java:363)
	at org.openqa.selenium.remote.RemoteWebDriver.findElementById(RemoteWebDriver.java:413)
	at io.appium.java_client.DefaultGenericMobileDriver.findElementById(DefaultGenericMobileDriver.java:59)
	at io.appium.java_client.AppiumDriver.findElementById(AppiumDriver.java:1)
	at io.appium.java_client.android.AndroidDriver.findElementById(AndroidDriver.java:1)
	at org.openqa.selenium.By$ById.findElement(By.java:218)
	at org.openqa.selenium.remote.RemoteWebDriver.findElement(RemoteWebDriver.java:355)
	at io.appium.java_client.DefaultGenericMobileDriver.findElement(DefaultGenericMobileDriver.java:51)
	at io.appium.java_client.AppiumDriver.findElement(AppiumDriver.java:1)
	at io.appium.java_client.android.AndroidDriver.findElement(AndroidDriver.java:1)
	at org.openqa.selenium.support.ui.ExpectedConditions.findElement(ExpectedConditions.java:911)
	at org.openqa.selenium.support.ui.ExpectedConditions.access$0(ExpectedConditions.java:909)
	at org.openqa.selenium.support.ui.ExpectedConditions$7.apply(ExpectedConditions.java:205)
	at org.openqa.selenium.support.ui.ExpectedConditions$7.apply(ExpectedConditions.java:1)
	at org.openqa.selenium.support.ui.FluentWait.until(FluentWait.java:238)
	at com.eduven.utils.Reusables.waitForElement(Reusables.java:70)
	at com.eduven.modules.EvMenu.enterMethodValue(EvMenu.java:411)
	at com.eduven.modules.EvMenu.addMethodValue(EvMenu.java:476)
	at com.eduven.testcase.EvMenuPageTestCases.evmenuContributeWithIngredientsTest(EvMenuPageTestCases.java:82)
	at sun.reflect.NativeMethodAccessorImpl.invoke0(Native Method)
	at sun.reflect.NativeMethodAccessorImpl.invoke(NativeMethodAccessorImpl.java:62)
	at sun.reflect.DelegatingMethodAccessorImpl.invoke(DelegatingMethodAccessorImpl.java:43)
	at java.lang.reflect.Method.invoke(Method.java:498)
	at org.testng.internal.MethodInvocationHelper.invokeMethod(MethodInvocationHelper.java:85)
	at org.testng.internal.Invoker.invokeMethod(Invoker.java:639)
	at org.testng.internal.Invoker.invokeTestMethod(Invoker.java:816)
	at org.testng.internal.Invoker.invokeTestMethods(Invoker.java:1124)
	at org.testng.internal.TestMethodWorker.invokeTestMethods(TestMethodWorker.java:125)
	at org.testng.internal.TestMethodWorker.run(TestMethodWorker.java:108)
	at org.testng.TestRunner.privateRun(TestRunner.java:774)
	at org.testng.TestRunner.run(TestRunner.java:624)
	at org.testng.SuiteRunner.runTest(SuiteRunner.java:359)
	at org.testng.SuiteRunner.runSequentially(SuiteRunner.java:354)
	at org.testng.SuiteRunner.privateRun(SuiteRunner.java:312)
	at org.testng.SuiteRunner.run(SuiteRunner.java:261)
	at org.testng.SuiteRunnerWorker.runSuite(SuiteRunnerWorker.java:52)
	at org.testng.SuiteRunnerWorker.run(SuiteRunnerWorker.java:86)
	at org.testng.TestNG.runSuitesSequentially(TestNG.java:1215)
	at org.testng.TestNG.runSuitesLocally(TestNG.java:1140)
	at org.testng.TestNG.run(TestNG.java:1048)
	at com.eduven.utils.RunTestng.main(RunTestng.java:60)
]]>
    </failure>
  </testcase> <!-- evmenuContributeWithIngredientsTest -->
  <testcase name="evmenuInformationAndSupportForDisclaimerTest" time="0.001" classname="com.eduven.testcase.EvMenuPageTestCases">
    <skipped/>
  </testcase> <!-- evmenuInformationAndSupportForDisclaimerTest -->
  <testcase name="evmenuInformationAndSupportForTermAndConditionTest" time="0.0" classname="com.eduven.testcase.EvMenuPageTestCases">
    <skipped/>
  </testcase> <!-- evmenuInformationAndSupportForTermAndConditionTest -->
  <testcase name="evmenuInformationAndSupportForPrivacyPolicyTest" time="0.0" classname="com.eduven.testcase.EvMenuPageTestCases">
    <skipped/>
  </testcase> <!-- evmenuInformationAndSupportForPrivacyPolicyTest -->
  <testcase name="evmenuFeedbackGetInTouchTest" time="0.0" classname="com.eduven.testcase.EvMenuPageTestCases">
    <skipped/>
  </testcase> <!-- evmenuFeedbackGetInTouchTest -->
  <testcase name="evmenuShareAppTest" time="0.0" classname="com.eduven.testcase.EvMenuPageTestCases">
    <skipped/>
  </testcase> <!-- evmenuShareAppTest -->
  <testcase name="evmenuLoginFacebookTest" time="0.0" classname="com.eduven.testcase.EvMenuPageTestCases">
    <skipped/>
  </testcase> <!-- evmenuLoginFacebookTest -->
  <testcase name="evmenuSelectAudienceTest" time="0.0" classname="com.eduven.testcase.EvMenuPageTestCases">
    <skipped/>
  </testcase> <!-- evmenuSelectAudienceTest -->
  <testcase name="evmenuFacebookMessageSharingTest" time="0.0" classname="com.eduven.testcase.EvMenuPageTestCases">
    <skipped/>
  </testcase> <!-- evmenuFacebookMessageSharingTest -->
  <testcase name="evmenuRateAppTest" time="0.0" classname="com.eduven.testcase.EvMenuPageTestCases">
    <skipped/>
  </testcase> <!-- evmenuRateAppTest -->
  <testcase name="verifyAppNameTest" time="10.016" classname="com.eduven.testcase.FilterPageTestCasesForMeatLovers">
    <failure type="org.openqa.selenium.remote.SessionNotFoundException" message="
Command duration or timeout: 8 milliseconds
Build info: version: &amp;apos;2.51.0&amp;apos;, revision: &amp;apos;1af067d&amp;apos;, time: &amp;apos;2016-02-05 19:11:55&amp;apos;
System info: host: &amp;apos;Bhardwaj.local&amp;apos;, ip: &amp;apos;10.30.30.61&amp;apos;, os.name: &amp;apos;Mac OS X&amp;apos;, os.arch: &amp;apos;x86_64&amp;apos;, os.version: &amp;apos;10.11.6&amp;apos;, java.version: &amp;apos;1.8.0_74&amp;apos;
Driver info: io.appium.java_client.android.AndroidDriver
Capabilities [{app=/Users/hiteshbhardwaj/Desktop/Automation/app/RecipeFrameworkForAndroid/new/meat_lovers/CCMeatLovers.apk, appPackage=com.eduven.cc.meatlovers, networkConnectionEnabled=true, warnings={}, appiumVersion=1.4.13, databaseEnabled=false, deviceName=ZX1D63L8BN, platform=LINUX, appActivity=cc.eduven.com.chefchili.activity.Splash, desired={app=/Users/hiteshbhardwaj/Desktop/Automation/app/RecipeFrameworkForAndroid/new/meat_lovers/CCMeatLovers.apk, appPackage=com.eduven.cc.meatlovers, appActivity=cc.eduven.com.chefchili.activity.Splash, platformVersion=5.1, appiumVersion=1.4.13, automationName=Appium, platformName=Android, deviceName=ZX1D63L8BN}, platformVersion=6.0, webStorageEnabled=false, locationContextEnabled=false, automationName=Appium, browserName=Android, takesScreenshot=true, javascriptEnabled=true, platformName=Android}]
Session ID: 997b8444-8454-49a9-b588-b247d2f9b067
*** Element info: {Using=id, value=com.eduven.cc.meatlovers:id/next}">
      <![CDATA[org.openqa.selenium.remote.SessionNotFoundException: 
Command duration or timeout: 8 milliseconds
Build info: version: '2.51.0', revision: '1af067d', time: '2016-02-05 19:11:55'
System info: host: 'Bhardwaj.local', ip: '10.30.30.61', os.name: 'Mac OS X', os.arch: 'x86_64', os.version: '10.11.6', java.version: '1.8.0_74'
Driver info: io.appium.java_client.android.AndroidDriver
Capabilities [{app=/Users/hiteshbhardwaj/Desktop/Automation/app/RecipeFrameworkForAndroid/new/meat_lovers/CCMeatLovers.apk, appPackage=com.eduven.cc.meatlovers, networkConnectionEnabled=true, warnings={}, appiumVersion=1.4.13, databaseEnabled=false, deviceName=ZX1D63L8BN, platform=LINUX, appActivity=cc.eduven.com.chefchili.activity.Splash, desired={app=/Users/hiteshbhardwaj/Desktop/Automation/app/RecipeFrameworkForAndroid/new/meat_lovers/CCMeatLovers.apk, appPackage=com.eduven.cc.meatlovers, appActivity=cc.eduven.com.chefchili.activity.Splash, platformVersion=5.1, appiumVersion=1.4.13, automationName=Appium, platformName=Android, deviceName=ZX1D63L8BN}, platformVersion=6.0, webStorageEnabled=false, locationContextEnabled=false, automationName=Appium, browserName=Android, takesScreenshot=true, javascriptEnabled=true, platformName=Android}]
Session ID: 997b8444-8454-49a9-b588-b247d2f9b067
*** Element info: {Using=id, value=com.eduven.cc.meatlovers:id/next}
	at sun.reflect.NativeConstructorAccessorImpl.newInstance0(Native Method)
	at sun.reflect.NativeConstructorAccessorImpl.newInstance(NativeConstructorAccessorImpl.java:62)
	at sun.reflect.DelegatingConstructorAccessorImpl.newInstance(DelegatingConstructorAccessorImpl.java:45)
	at java.lang.reflect.Constructor.newInstance(Constructor.java:423)
	at org.openqa.selenium.remote.ErrorHandler.createThrowable(ErrorHandler.java:206)
	at org.openqa.selenium.remote.ErrorHandler.throwIfResponseFailed(ErrorHandler.java:164)
	at org.openqa.selenium.remote.RemoteWebDriver.execute(RemoteWebDriver.java:678)
	at io.appium.java_client.DefaultGenericMobileDriver.execute(DefaultGenericMobileDriver.java:43)
	at io.appium.java_client.AppiumDriver.execute(AppiumDriver.java:1)
	at io.appium.java_client.android.AndroidDriver.execute(AndroidDriver.java:1)
	at org.openqa.selenium.remote.RemoteWebDriver.findElement(RemoteWebDriver.java:363)
	at org.openqa.selenium.remote.RemoteWebDriver.findElementById(RemoteWebDriver.java:413)
	at io.appium.java_client.DefaultGenericMobileDriver.findElementById(DefaultGenericMobileDriver.java:59)
	at io.appium.java_client.AppiumDriver.findElementById(AppiumDriver.java:1)
	at io.appium.java_client.android.AndroidDriver.findElementById(AndroidDriver.java:1)
	at org.openqa.selenium.By$ById.findElement(By.java:218)
	at org.openqa.selenium.remote.RemoteWebDriver.findElement(RemoteWebDriver.java:355)
	at io.appium.java_client.DefaultGenericMobileDriver.findElement(DefaultGenericMobileDriver.java:51)
	at io.appium.java_client.AppiumDriver.findElement(AppiumDriver.java:1)
	at io.appium.java_client.android.AndroidDriver.findElement(AndroidDriver.java:1)
	at org.openqa.selenium.support.ui.ExpectedConditions.findElement(ExpectedConditions.java:911)
	at org.openqa.selenium.support.ui.ExpectedConditions.access$0(ExpectedConditions.java:909)
	at org.openqa.selenium.support.ui.ExpectedConditions$7.apply(ExpectedConditions.java:205)
	at org.openqa.selenium.support.ui.ExpectedConditions$7.apply(ExpectedConditions.java:1)
	at org.openqa.selenium.support.ui.FluentWait.until(FluentWait.java:238)
	at com.eduven.utils.Reusables.waitForElement(Reusables.java:70)
	at com.eduven.modules.HomePage.verifyAppName(HomePage.java:66)
	at com.eduven.testcase.FilterPageTestCasesForMeatLovers.verifyAppNameTest(FilterPageTestCasesForMeatLovers.java:41)
	at sun.reflect.NativeMethodAccessorImpl.invoke0(Native Method)
	at sun.reflect.NativeMethodAccessorImpl.invoke(NativeMethodAccessorImpl.java:62)
	at sun.reflect.DelegatingMethodAccessorImpl.invoke(DelegatingMethodAccessorImpl.java:43)
	at java.lang.reflect.Method.invoke(Method.java:498)
	at org.testng.internal.MethodInvocationHelper.invokeMethod(MethodInvocationHelper.java:85)
	at org.testng.internal.Invoker.invokeMethod(Invoker.java:639)
	at org.testng.internal.Invoker.invokeTestMethod(Invoker.java:816)
	at org.testng.internal.Invoker.invokeTestMethods(Invoker.java:1124)
	at org.testng.internal.TestMethodWorker.invokeTestMethods(TestMethodWorker.java:125)
	at org.testng.internal.TestMethodWorker.run(TestMethodWorker.java:108)
	at org.testng.TestRunner.privateRun(TestRunner.java:774)
	at org.testng.TestRunner.run(TestRunner.java:624)
	at org.testng.SuiteRunner.runTest(SuiteRunner.java:359)
	at org.testng.SuiteRunner.runSequentially(SuiteRunner.java:354)
	at org.testng.SuiteRunner.privateRun(SuiteRunner.java:312)
	at org.testng.SuiteRunner.run(SuiteRunner.java:261)
	at org.testng.SuiteRunnerWorker.runSuite(SuiteRunnerWorker.java:52)
	at org.testng.SuiteRunnerWorker.run(SuiteRunnerWorker.java:86)
	at org.testng.TestNG.runSuitesSequentially(TestNG.java:1215)
	at org.testng.TestNG.runSuitesLocally(TestNG.java:1140)
	at org.testng.TestNG.run(TestNG.java:1048)
	at com.eduven.utils.RunTestng.main(RunTestng.java:60)
]]>
    </failure>
  </testcase> <!-- verifyAppNameTest -->
  <testcase name="inAppPurchaseTest" time="0.0" classname="com.eduven.testcase.FilterPageTestCasesForMeatLovers">
    <skipped/>
  </testcase> <!-- inAppPurchaseTest -->
  <testcase name="testeBudPageNavigationTest" time="0.0" classname="com.eduven.testcase.FilterPageTestCasesForMeatLovers">
    <skipped/>
  </testcase> <!-- testeBudPageNavigationTest -->
  <testcase name="filterPageVerifyHeaderTextTest" time="0.0" classname="com.eduven.testcase.FilterPageTestCasesForMeatLovers">
    <skipped/>
  </testcase> <!-- filterPageVerifyHeaderTextTest -->
  <testcase name="filtePageWithIncludeIngredientTest" time="0.0" classname="com.eduven.testcase.FilterPageTestCasesForMeatLovers">
    <skipped/>
  </testcase> <!-- filtePageWithIncludeIngredientTest -->
  <testcase name="filterPageVerifyIncludeIngredientNameInFilterRecipeTest" time="0.0" classname="com.eduven.testcase.FilterPageTestCasesForMeatLovers">
    <skipped/>
  </testcase> <!-- filterPageVerifyIncludeIngredientNameInFilterRecipeTest -->
  <testcase name="filtePageWithExcludeIngredientTest" time="0.0" classname="com.eduven.testcase.FilterPageTestCasesForMeatLovers">
    <skipped/>
  </testcase> <!-- filtePageWithExcludeIngredientTest -->
  <testcase name="filterPageVerifyExcludeIngredientNameInFilterRecipeTest" time="0.0" classname="com.eduven.testcase.FilterPageTestCasesForMeatLovers">
    <skipped/>
  </testcase> <!-- filterPageVerifyExcludeIngredientNameInFilterRecipeTest -->
  <testcase name="filtePageWithDietaryNeedTest" time="0.0" classname="com.eduven.testcase.FilterPageTestCasesForMeatLovers">
    <skipped/>
  </testcase> <!-- filtePageWithDietaryNeedTest -->
  <testcase name="verifyAppNameTest" time="10.012" classname="com.eduven.testcase.AllRecipesPageTestCasesForMeatLovers">
    <failure type="org.openqa.selenium.remote.SessionNotFoundException" message="
Command duration or timeout: 7 milliseconds
Build info: version: &amp;apos;2.51.0&amp;apos;, revision: &amp;apos;1af067d&amp;apos;, time: &amp;apos;2016-02-05 19:11:55&amp;apos;
System info: host: &amp;apos;Bhardwaj.local&amp;apos;, ip: &amp;apos;10.30.30.61&amp;apos;, os.name: &amp;apos;Mac OS X&amp;apos;, os.arch: &amp;apos;x86_64&amp;apos;, os.version: &amp;apos;10.11.6&amp;apos;, java.version: &amp;apos;1.8.0_74&amp;apos;
Driver info: io.appium.java_client.android.AndroidDriver
Capabilities [{app=/Users/hiteshbhardwaj/Desktop/Automation/app/RecipeFrameworkForAndroid/new/meat_lovers/CCMeatLovers.apk, appPackage=com.eduven.cc.meatlovers, networkConnectionEnabled=true, warnings={}, appiumVersion=1.4.13, databaseEnabled=false, deviceName=ZX1D63L8BN, platform=LINUX, appActivity=cc.eduven.com.chefchili.activity.Splash, desired={app=/Users/hiteshbhardwaj/Desktop/Automation/app/RecipeFrameworkForAndroid/new/meat_lovers/CCMeatLovers.apk, appPackage=com.eduven.cc.meatlovers, appActivity=cc.eduven.com.chefchili.activity.Splash, platformVersion=5.1, appiumVersion=1.4.13, automationName=Appium, platformName=Android, deviceName=ZX1D63L8BN}, platformVersion=6.0, webStorageEnabled=false, locationContextEnabled=false, automationName=Appium, browserName=Android, takesScreenshot=true, javascriptEnabled=true, platformName=Android}]
Session ID: 997b8444-8454-49a9-b588-b247d2f9b067
*** Element info: {Using=id, value=com.eduven.cc.meatlovers:id/next}">
      <![CDATA[org.openqa.selenium.remote.SessionNotFoundException: 
Command duration or timeout: 7 milliseconds
Build info: version: '2.51.0', revision: '1af067d', time: '2016-02-05 19:11:55'
System info: host: 'Bhardwaj.local', ip: '10.30.30.61', os.name: 'Mac OS X', os.arch: 'x86_64', os.version: '10.11.6', java.version: '1.8.0_74'
Driver info: io.appium.java_client.android.AndroidDriver
Capabilities [{app=/Users/hiteshbhardwaj/Desktop/Automation/app/RecipeFrameworkForAndroid/new/meat_lovers/CCMeatLovers.apk, appPackage=com.eduven.cc.meatlovers, networkConnectionEnabled=true, warnings={}, appiumVersion=1.4.13, databaseEnabled=false, deviceName=ZX1D63L8BN, platform=LINUX, appActivity=cc.eduven.com.chefchili.activity.Splash, desired={app=/Users/hiteshbhardwaj/Desktop/Automation/app/RecipeFrameworkForAndroid/new/meat_lovers/CCMeatLovers.apk, appPackage=com.eduven.cc.meatlovers, appActivity=cc.eduven.com.chefchili.activity.Splash, platformVersion=5.1, appiumVersion=1.4.13, automationName=Appium, platformName=Android, deviceName=ZX1D63L8BN}, platformVersion=6.0, webStorageEnabled=false, locationContextEnabled=false, automationName=Appium, browserName=Android, takesScreenshot=true, javascriptEnabled=true, platformName=Android}]
Session ID: 997b8444-8454-49a9-b588-b247d2f9b067
*** Element info: {Using=id, value=com.eduven.cc.meatlovers:id/next}
	at sun.reflect.NativeConstructorAccessorImpl.newInstance0(Native Method)
	at sun.reflect.NativeConstructorAccessorImpl.newInstance(NativeConstructorAccessorImpl.java:62)
	at sun.reflect.DelegatingConstructorAccessorImpl.newInstance(DelegatingConstructorAccessorImpl.java:45)
	at java.lang.reflect.Constructor.newInstance(Constructor.java:423)
	at org.openqa.selenium.remote.ErrorHandler.createThrowable(ErrorHandler.java:206)
	at org.openqa.selenium.remote.ErrorHandler.throwIfResponseFailed(ErrorHandler.java:164)
	at org.openqa.selenium.remote.RemoteWebDriver.execute(RemoteWebDriver.java:678)
	at io.appium.java_client.DefaultGenericMobileDriver.execute(DefaultGenericMobileDriver.java:43)
	at io.appium.java_client.AppiumDriver.execute(AppiumDriver.java:1)
	at io.appium.java_client.android.AndroidDriver.execute(AndroidDriver.java:1)
	at org.openqa.selenium.remote.RemoteWebDriver.findElement(RemoteWebDriver.java:363)
	at org.openqa.selenium.remote.RemoteWebDriver.findElementById(RemoteWebDriver.java:413)
	at io.appium.java_client.DefaultGenericMobileDriver.findElementById(DefaultGenericMobileDriver.java:59)
	at io.appium.java_client.AppiumDriver.findElementById(AppiumDriver.java:1)
	at io.appium.java_client.android.AndroidDriver.findElementById(AndroidDriver.java:1)
	at org.openqa.selenium.By$ById.findElement(By.java:218)
	at org.openqa.selenium.remote.RemoteWebDriver.findElement(RemoteWebDriver.java:355)
	at io.appium.java_client.DefaultGenericMobileDriver.findElement(DefaultGenericMobileDriver.java:51)
	at io.appium.java_client.AppiumDriver.findElement(AppiumDriver.java:1)
	at io.appium.java_client.android.AndroidDriver.findElement(AndroidDriver.java:1)
	at org.openqa.selenium.support.ui.ExpectedConditions.findElement(ExpectedConditions.java:911)
	at org.openqa.selenium.support.ui.ExpectedConditions.access$0(ExpectedConditions.java:909)
	at org.openqa.selenium.support.ui.ExpectedConditions$7.apply(ExpectedConditions.java:205)
	at org.openqa.selenium.support.ui.ExpectedConditions$7.apply(ExpectedConditions.java:1)
	at org.openqa.selenium.support.ui.FluentWait.until(FluentWait.java:238)
	at com.eduven.utils.Reusables.waitForElement(Reusables.java:70)
	at com.eduven.modules.HomePage.verifyAppName(HomePage.java:66)
	at com.eduven.testcase.AllRecipesPageTestCasesForMeatLovers.verifyAppNameTest(AllRecipesPageTestCasesForMeatLovers.java:29)
	at sun.reflect.NativeMethodAccessorImpl.invoke0(Native Method)
	at sun.reflect.NativeMethodAccessorImpl.invoke(NativeMethodAccessorImpl.java:62)
	at sun.reflect.DelegatingMethodAccessorImpl.invoke(DelegatingMethodAccessorImpl.java:43)
	at java.lang.reflect.Method.invoke(Method.java:498)
	at org.testng.internal.MethodInvocationHelper.invokeMethod(MethodInvocationHelper.java:85)
	at org.testng.internal.Invoker.invokeMethod(Invoker.java:639)
	at org.testng.internal.Invoker.invokeTestMethod(Invoker.java:816)
	at org.testng.internal.Invoker.invokeTestMethods(Invoker.java:1124)
	at org.testng.internal.TestMethodWorker.invokeTestMethods(TestMethodWorker.java:125)
	at org.testng.internal.TestMethodWorker.run(TestMethodWorker.java:108)
	at org.testng.TestRunner.privateRun(TestRunner.java:774)
	at org.testng.TestRunner.run(TestRunner.java:624)
	at org.testng.SuiteRunner.runTest(SuiteRunner.java:359)
	at org.testng.SuiteRunner.runSequentially(SuiteRunner.java:354)
	at org.testng.SuiteRunner.privateRun(SuiteRunner.java:312)
	at org.testng.SuiteRunner.run(SuiteRunner.java:261)
	at org.testng.SuiteRunnerWorker.runSuite(SuiteRunnerWorker.java:52)
	at org.testng.SuiteRunnerWorker.run(SuiteRunnerWorker.java:86)
	at org.testng.TestNG.runSuitesSequentially(TestNG.java:1215)
	at org.testng.TestNG.runSuitesLocally(TestNG.java:1140)
	at org.testng.TestNG.run(TestNG.java:1048)
	at com.eduven.utils.RunTestng.main(RunTestng.java:60)
]]>
    </failure>
  </testcase> <!-- verifyAppNameTest -->
  <testcase name="inAppPurchaseTest" time="0.0" classname="com.eduven.testcase.AllRecipesPageTestCasesForMeatLovers">
    <skipped/>
  </testcase> <!-- inAppPurchaseTest -->
  <testcase name="allRecipesPageNavigationTest" time="0.0" classname="com.eduven.testcase.AllRecipesPageTestCasesForMeatLovers">
    <skipped/>
  </testcase> <!-- allRecipesPageNavigationTest -->
  <testcase name="allRecipesPageVerifyallRecipesTermsTest" time="0.0" classname="com.eduven.testcase.AllRecipesPageTestCasesForMeatLovers">
    <skipped/>
  </testcase> <!-- allRecipesPageVerifyallRecipesTermsTest -->
  <testcase name="allRecipesPageSelectRandomRecipeNameTest" time="0.0" classname="com.eduven.testcase.AllRecipesPageTestCasesForMeatLovers">
    <skipped/>
  </testcase> <!-- allRecipesPageSelectRandomRecipeNameTest -->
  <testcase name="verifyAppNameTest" time="10.013" classname="com.eduven.testcase.SearchPageTestCasesForMeatLovers">
    <failure type="org.openqa.selenium.remote.SessionNotFoundException" message="
Command duration or timeout: 5 milliseconds
Build info: version: &amp;apos;2.51.0&amp;apos;, revision: &amp;apos;1af067d&amp;apos;, time: &amp;apos;2016-02-05 19:11:55&amp;apos;
System info: host: &amp;apos;Bhardwaj.local&amp;apos;, ip: &amp;apos;10.30.30.61&amp;apos;, os.name: &amp;apos;Mac OS X&amp;apos;, os.arch: &amp;apos;x86_64&amp;apos;, os.version: &amp;apos;10.11.6&amp;apos;, java.version: &amp;apos;1.8.0_74&amp;apos;
Driver info: io.appium.java_client.android.AndroidDriver
Capabilities [{app=/Users/hiteshbhardwaj/Desktop/Automation/app/RecipeFrameworkForAndroid/new/meat_lovers/CCMeatLovers.apk, appPackage=com.eduven.cc.meatlovers, networkConnectionEnabled=true, warnings={}, appiumVersion=1.4.13, databaseEnabled=false, deviceName=ZX1D63L8BN, platform=LINUX, appActivity=cc.eduven.com.chefchili.activity.Splash, desired={app=/Users/hiteshbhardwaj/Desktop/Automation/app/RecipeFrameworkForAndroid/new/meat_lovers/CCMeatLovers.apk, appPackage=com.eduven.cc.meatlovers, appActivity=cc.eduven.com.chefchili.activity.Splash, platformVersion=5.1, appiumVersion=1.4.13, automationName=Appium, platformName=Android, deviceName=ZX1D63L8BN}, platformVersion=6.0, webStorageEnabled=false, locationContextEnabled=false, automationName=Appium, browserName=Android, takesScreenshot=true, javascriptEnabled=true, platformName=Android}]
Session ID: 997b8444-8454-49a9-b588-b247d2f9b067
*** Element info: {Using=id, value=com.eduven.cc.meatlovers:id/next}">
      <![CDATA[org.openqa.selenium.remote.SessionNotFoundException: 
Command duration or timeout: 5 milliseconds
Build info: version: '2.51.0', revision: '1af067d', time: '2016-02-05 19:11:55'
System info: host: 'Bhardwaj.local', ip: '10.30.30.61', os.name: 'Mac OS X', os.arch: 'x86_64', os.version: '10.11.6', java.version: '1.8.0_74'
Driver info: io.appium.java_client.android.AndroidDriver
Capabilities [{app=/Users/hiteshbhardwaj/Desktop/Automation/app/RecipeFrameworkForAndroid/new/meat_lovers/CCMeatLovers.apk, appPackage=com.eduven.cc.meatlovers, networkConnectionEnabled=true, warnings={}, appiumVersion=1.4.13, databaseEnabled=false, deviceName=ZX1D63L8BN, platform=LINUX, appActivity=cc.eduven.com.chefchili.activity.Splash, desired={app=/Users/hiteshbhardwaj/Desktop/Automation/app/RecipeFrameworkForAndroid/new/meat_lovers/CCMeatLovers.apk, appPackage=com.eduven.cc.meatlovers, appActivity=cc.eduven.com.chefchili.activity.Splash, platformVersion=5.1, appiumVersion=1.4.13, automationName=Appium, platformName=Android, deviceName=ZX1D63L8BN}, platformVersion=6.0, webStorageEnabled=false, locationContextEnabled=false, automationName=Appium, browserName=Android, takesScreenshot=true, javascriptEnabled=true, platformName=Android}]
Session ID: 997b8444-8454-49a9-b588-b247d2f9b067
*** Element info: {Using=id, value=com.eduven.cc.meatlovers:id/next}
	at sun.reflect.NativeConstructorAccessorImpl.newInstance0(Native Method)
	at sun.reflect.NativeConstructorAccessorImpl.newInstance(NativeConstructorAccessorImpl.java:62)
	at sun.reflect.DelegatingConstructorAccessorImpl.newInstance(DelegatingConstructorAccessorImpl.java:45)
	at java.lang.reflect.Constructor.newInstance(Constructor.java:423)
	at org.openqa.selenium.remote.ErrorHandler.createThrowable(ErrorHandler.java:206)
	at org.openqa.selenium.remote.ErrorHandler.throwIfResponseFailed(ErrorHandler.java:164)
	at org.openqa.selenium.remote.RemoteWebDriver.execute(RemoteWebDriver.java:678)
	at io.appium.java_client.DefaultGenericMobileDriver.execute(DefaultGenericMobileDriver.java:43)
	at io.appium.java_client.AppiumDriver.execute(AppiumDriver.java:1)
	at io.appium.java_client.android.AndroidDriver.execute(AndroidDriver.java:1)
	at org.openqa.selenium.remote.RemoteWebDriver.findElement(RemoteWebDriver.java:363)
	at org.openqa.selenium.remote.RemoteWebDriver.findElementById(RemoteWebDriver.java:413)
	at io.appium.java_client.DefaultGenericMobileDriver.findElementById(DefaultGenericMobileDriver.java:59)
	at io.appium.java_client.AppiumDriver.findElementById(AppiumDriver.java:1)
	at io.appium.java_client.android.AndroidDriver.findElementById(AndroidDriver.java:1)
	at org.openqa.selenium.By$ById.findElement(By.java:218)
	at org.openqa.selenium.remote.RemoteWebDriver.findElement(RemoteWebDriver.java:355)
	at io.appium.java_client.DefaultGenericMobileDriver.findElement(DefaultGenericMobileDriver.java:51)
	at io.appium.java_client.AppiumDriver.findElement(AppiumDriver.java:1)
	at io.appium.java_client.android.AndroidDriver.findElement(AndroidDriver.java:1)
	at org.openqa.selenium.support.ui.ExpectedConditions.findElement(ExpectedConditions.java:911)
	at org.openqa.selenium.support.ui.ExpectedConditions.access$0(ExpectedConditions.java:909)
	at org.openqa.selenium.support.ui.ExpectedConditions$7.apply(ExpectedConditions.java:205)
	at org.openqa.selenium.support.ui.ExpectedConditions$7.apply(ExpectedConditions.java:1)
	at org.openqa.selenium.support.ui.FluentWait.until(FluentWait.java:238)
	at com.eduven.utils.Reusables.waitForElement(Reusables.java:70)
	at com.eduven.modules.HomePage.verifyAppName(HomePage.java:66)
	at com.eduven.testcase.SearchPageTestCasesForMeatLovers.verifyAppNameTest(SearchPageTestCasesForMeatLovers.java:27)
	at sun.reflect.NativeMethodAccessorImpl.invoke0(Native Method)
	at sun.reflect.NativeMethodAccessorImpl.invoke(NativeMethodAccessorImpl.java:62)
	at sun.reflect.DelegatingMethodAccessorImpl.invoke(DelegatingMethodAccessorImpl.java:43)
	at java.lang.reflect.Method.invoke(Method.java:498)
	at org.testng.internal.MethodInvocationHelper.invokeMethod(MethodInvocationHelper.java:85)
	at org.testng.internal.Invoker.invokeMethod(Invoker.java:639)
	at org.testng.internal.Invoker.invokeTestMethod(Invoker.java:816)
	at org.testng.internal.Invoker.invokeTestMethods(Invoker.java:1124)
	at org.testng.internal.TestMethodWorker.invokeTestMethods(TestMethodWorker.java:125)
	at org.testng.internal.TestMethodWorker.run(TestMethodWorker.java:108)
	at org.testng.TestRunner.privateRun(TestRunner.java:774)
	at org.testng.TestRunner.run(TestRunner.java:624)
	at org.testng.SuiteRunner.runTest(SuiteRunner.java:359)
	at org.testng.SuiteRunner.runSequentially(SuiteRunner.java:354)
	at org.testng.SuiteRunner.privateRun(SuiteRunner.java:312)
	at org.testng.SuiteRunner.run(SuiteRunner.java:261)
	at org.testng.SuiteRunnerWorker.runSuite(SuiteRunnerWorker.java:52)
	at org.testng.SuiteRunnerWorker.run(SuiteRunnerWorker.java:86)
	at org.testng.TestNG.runSuitesSequentially(TestNG.java:1215)
	at org.testng.TestNG.runSuitesLocally(TestNG.java:1140)
	at org.testng.TestNG.run(TestNG.java:1048)
	at com.eduven.utils.RunTestng.main(RunTestng.java:60)
]]>
    </failure>
  </testcase> <!-- verifyAppNameTest -->
  <testcase name="inAppPurchaseTest" time="0.0" classname="com.eduven.testcase.SearchPageTestCasesForMeatLovers">
    <skipped/>
  </testcase> <!-- inAppPurchaseTest -->
  <testcase name="homePageAppHeaderTextTest" time="0.0" classname="com.eduven.testcase.SearchPageTestCasesForMeatLovers">
    <skipped/>
  </testcase> <!-- homePageAppHeaderTextTest -->
  <testcase name="searchPageHeaderTextTest" time="0.0" classname="com.eduven.testcase.SearchPageTestCasesForMeatLovers">
    <skipped/>
  </testcase> <!-- searchPageHeaderTextTest -->
  <testcase name="searchByLookupByRecipeForNonVegetarianTest" time="0.0" classname="com.eduven.testcase.SearchPageTestCasesForMeatLovers">
    <skipped/>
  </testcase> <!-- searchByLookupByRecipeForNonVegetarianTest -->
  <testcase name="searchByLookupByIngredientForNonVegTest" time="0.0" classname="com.eduven.testcase.SearchPageTestCasesForMeatLovers">
    <skipped/>
  </testcase> <!-- searchByLookupByIngredientForNonVegTest -->
  <testcase name="searchPageNaviagateToTurboSearchPageTest" time="0.0" classname="com.eduven.testcase.SearchPageTestCasesForMeatLovers">
    <skipped/>
  </testcase> <!-- searchPageNaviagateToTurboSearchPageTest -->
  <testcase name="searchPageSelectSearchCategoryFromTurboTest" time="0.0" classname="com.eduven.testcase.SearchPageTestCasesForMeatLovers">
    <skipped/>
  </testcase> <!-- searchPageSelectSearchCategoryFromTurboTest -->
  <testcase name="searchPageVerifySearchCategoryAndSubCategryValueTest" time="0.0" classname="com.eduven.testcase.SearchPageTestCasesForMeatLovers">
    <skipped/>
  </testcase> <!-- searchPageVerifySearchCategoryAndSubCategryValueTest -->
  <testcase name="searchPageVerifyTurboSearchTest" time="0.0" classname="com.eduven.testcase.SearchPageTestCasesForMeatLovers">
    <skipped/>
  </testcase> <!-- searchPageVerifyTurboSearchTest -->
  <testcase name="verifyTurboSearchRecipeTest" time="0.0" classname="com.eduven.testcase.SearchPageTestCasesForMeatLovers">
    <skipped/>
  </testcase> <!-- verifyTurboSearchRecipeTest -->
  <testcase name="verifyAppNameTest" time="10.012" classname="com.eduven.testcase.TasteBudPageTestCasesForMeatLovers">
    <failure type="org.openqa.selenium.remote.SessionNotFoundException" message="
Command duration or timeout: 6 milliseconds
Build info: version: &amp;apos;2.51.0&amp;apos;, revision: &amp;apos;1af067d&amp;apos;, time: &amp;apos;2016-02-05 19:11:55&amp;apos;
System info: host: &amp;apos;Bhardwaj.local&amp;apos;, ip: &amp;apos;10.30.30.61&amp;apos;, os.name: &amp;apos;Mac OS X&amp;apos;, os.arch: &amp;apos;x86_64&amp;apos;, os.version: &amp;apos;10.11.6&amp;apos;, java.version: &amp;apos;1.8.0_74&amp;apos;
Driver info: io.appium.java_client.android.AndroidDriver
Capabilities [{app=/Users/hiteshbhardwaj/Desktop/Automation/app/RecipeFrameworkForAndroid/new/meat_lovers/CCMeatLovers.apk, appPackage=com.eduven.cc.meatlovers, networkConnectionEnabled=true, warnings={}, appiumVersion=1.4.13, databaseEnabled=false, deviceName=ZX1D63L8BN, platform=LINUX, appActivity=cc.eduven.com.chefchili.activity.Splash, desired={app=/Users/hiteshbhardwaj/Desktop/Automation/app/RecipeFrameworkForAndroid/new/meat_lovers/CCMeatLovers.apk, appPackage=com.eduven.cc.meatlovers, appActivity=cc.eduven.com.chefchili.activity.Splash, platformVersion=5.1, appiumVersion=1.4.13, automationName=Appium, platformName=Android, deviceName=ZX1D63L8BN}, platformVersion=6.0, webStorageEnabled=false, locationContextEnabled=false, automationName=Appium, browserName=Android, takesScreenshot=true, javascriptEnabled=true, platformName=Android}]
Session ID: 997b8444-8454-49a9-b588-b247d2f9b067
*** Element info: {Using=id, value=com.eduven.cc.meatlovers:id/next}">
      <![CDATA[org.openqa.selenium.remote.SessionNotFoundException: 
Command duration or timeout: 6 milliseconds
Build info: version: '2.51.0', revision: '1af067d', time: '2016-02-05 19:11:55'
System info: host: 'Bhardwaj.local', ip: '10.30.30.61', os.name: 'Mac OS X', os.arch: 'x86_64', os.version: '10.11.6', java.version: '1.8.0_74'
Driver info: io.appium.java_client.android.AndroidDriver
Capabilities [{app=/Users/hiteshbhardwaj/Desktop/Automation/app/RecipeFrameworkForAndroid/new/meat_lovers/CCMeatLovers.apk, appPackage=com.eduven.cc.meatlovers, networkConnectionEnabled=true, warnings={}, appiumVersion=1.4.13, databaseEnabled=false, deviceName=ZX1D63L8BN, platform=LINUX, appActivity=cc.eduven.com.chefchili.activity.Splash, desired={app=/Users/hiteshbhardwaj/Desktop/Automation/app/RecipeFrameworkForAndroid/new/meat_lovers/CCMeatLovers.apk, appPackage=com.eduven.cc.meatlovers, appActivity=cc.eduven.com.chefchili.activity.Splash, platformVersion=5.1, appiumVersion=1.4.13, automationName=Appium, platformName=Android, deviceName=ZX1D63L8BN}, platformVersion=6.0, webStorageEnabled=false, locationContextEnabled=false, automationName=Appium, browserName=Android, takesScreenshot=true, javascriptEnabled=true, platformName=Android}]
Session ID: 997b8444-8454-49a9-b588-b247d2f9b067
*** Element info: {Using=id, value=com.eduven.cc.meatlovers:id/next}
	at sun.reflect.NativeConstructorAccessorImpl.newInstance0(Native Method)
	at sun.reflect.NativeConstructorAccessorImpl.newInstance(NativeConstructorAccessorImpl.java:62)
	at sun.reflect.DelegatingConstructorAccessorImpl.newInstance(DelegatingConstructorAccessorImpl.java:45)
	at java.lang.reflect.Constructor.newInstance(Constructor.java:423)
	at org.openqa.selenium.remote.ErrorHandler.createThrowable(ErrorHandler.java:206)
	at org.openqa.selenium.remote.ErrorHandler.throwIfResponseFailed(ErrorHandler.java:164)
	at org.openqa.selenium.remote.RemoteWebDriver.execute(RemoteWebDriver.java:678)
	at io.appium.java_client.DefaultGenericMobileDriver.execute(DefaultGenericMobileDriver.java:43)
	at io.appium.java_client.AppiumDriver.execute(AppiumDriver.java:1)
	at io.appium.java_client.android.AndroidDriver.execute(AndroidDriver.java:1)
	at org.openqa.selenium.remote.RemoteWebDriver.findElement(RemoteWebDriver.java:363)
	at org.openqa.selenium.remote.RemoteWebDriver.findElementById(RemoteWebDriver.java:413)
	at io.appium.java_client.DefaultGenericMobileDriver.findElementById(DefaultGenericMobileDriver.java:59)
	at io.appium.java_client.AppiumDriver.findElementById(AppiumDriver.java:1)
	at io.appium.java_client.android.AndroidDriver.findElementById(AndroidDriver.java:1)
	at org.openqa.selenium.By$ById.findElement(By.java:218)
	at org.openqa.selenium.remote.RemoteWebDriver.findElement(RemoteWebDriver.java:355)
	at io.appium.java_client.DefaultGenericMobileDriver.findElement(DefaultGenericMobileDriver.java:51)
	at io.appium.java_client.AppiumDriver.findElement(AppiumDriver.java:1)
	at io.appium.java_client.android.AndroidDriver.findElement(AndroidDriver.java:1)
	at org.openqa.selenium.support.ui.ExpectedConditions.findElement(ExpectedConditions.java:911)
	at org.openqa.selenium.support.ui.ExpectedConditions.access$0(ExpectedConditions.java:909)
	at org.openqa.selenium.support.ui.ExpectedConditions$7.apply(ExpectedConditions.java:205)
	at org.openqa.selenium.support.ui.ExpectedConditions$7.apply(ExpectedConditions.java:1)
	at org.openqa.selenium.support.ui.FluentWait.until(FluentWait.java:238)
	at com.eduven.utils.Reusables.waitForElement(Reusables.java:70)
	at com.eduven.modules.HomePage.verifyAppName(HomePage.java:66)
	at com.eduven.testcase.TasteBudPageTestCasesForMeatLovers.verifyAppNameTest(TasteBudPageTestCasesForMeatLovers.java:38)
	at sun.reflect.NativeMethodAccessorImpl.invoke0(Native Method)
	at sun.reflect.NativeMethodAccessorImpl.invoke(NativeMethodAccessorImpl.java:62)
	at sun.reflect.DelegatingMethodAccessorImpl.invoke(DelegatingMethodAccessorImpl.java:43)
	at java.lang.reflect.Method.invoke(Method.java:498)
	at org.testng.internal.MethodInvocationHelper.invokeMethod(MethodInvocationHelper.java:85)
	at org.testng.internal.Invoker.invokeMethod(Invoker.java:639)
	at org.testng.internal.Invoker.invokeTestMethod(Invoker.java:816)
	at org.testng.internal.Invoker.invokeTestMethods(Invoker.java:1124)
	at org.testng.internal.TestMethodWorker.invokeTestMethods(TestMethodWorker.java:125)
	at org.testng.internal.TestMethodWorker.run(TestMethodWorker.java:108)
	at org.testng.TestRunner.privateRun(TestRunner.java:774)
	at org.testng.TestRunner.run(TestRunner.java:624)
	at org.testng.SuiteRunner.runTest(SuiteRunner.java:359)
	at org.testng.SuiteRunner.runSequentially(SuiteRunner.java:354)
	at org.testng.SuiteRunner.privateRun(SuiteRunner.java:312)
	at org.testng.SuiteRunner.run(SuiteRunner.java:261)
	at org.testng.SuiteRunnerWorker.runSuite(SuiteRunnerWorker.java:52)
	at org.testng.SuiteRunnerWorker.run(SuiteRunnerWorker.java:86)
	at org.testng.TestNG.runSuitesSequentially(TestNG.java:1215)
	at org.testng.TestNG.runSuitesLocally(TestNG.java:1140)
	at org.testng.TestNG.run(TestNG.java:1048)
	at com.eduven.utils.RunTestng.main(RunTestng.java:60)
]]>
    </failure>
  </testcase> <!-- verifyAppNameTest -->
  <testcase name="inAppPurchaseTest" time="0.0" classname="com.eduven.testcase.TasteBudPageTestCasesForMeatLovers">
    <skipped/>
  </testcase> <!-- inAppPurchaseTest -->
  <testcase name="testeBudPageNavigationTest" time="0.0" classname="com.eduven.testcase.TasteBudPageTestCasesForMeatLovers">
    <skipped/>
  </testcase> <!-- testeBudPageNavigationTest -->
  <testcase name="tasteBudPageVerifyTasteBudCategoryTest" time="0.0" classname="com.eduven.testcase.TasteBudPageTestCasesForMeatLovers">
    <skipped/>
  </testcase> <!-- tasteBudPageVerifyTasteBudCategoryTest -->
  <testcase name="tasteBudPageVerifyTasteBudRecipeTermTest" time="0.0" classname="com.eduven.testcase.TasteBudPageTestCasesForMeatLovers">
    <skipped/>
  </testcase> <!-- tasteBudPageVerifyTasteBudRecipeTermTest -->
  <testcase name="tasteBudPageVerifyFreeTasteBudRecipeTest" time="0.0" classname="com.eduven.testcase.TasteBudPageTestCasesForMeatLovers">
    <skipped/>
  </testcase> <!-- tasteBudPageVerifyFreeTasteBudRecipeTest -->
  <testcase name="verifyRecipeServingsValueTest" time="0.0" classname="com.eduven.testcase.TasteBudPageTestCasesForMeatLovers">
    <skipped/>
  </testcase> <!-- verifyRecipeServingsValueTest -->
  <testcase name="verifyCookingTimeTest" time="0.0" classname="com.eduven.testcase.TasteBudPageTestCasesForMeatLovers">
    <skipped/>
  </testcase> <!-- verifyCookingTimeTest -->
  <testcase name="verifyRecipeRatingValueTest" time="0.0" classname="com.eduven.testcase.TasteBudPageTestCasesForMeatLovers">
    <skipped/>
  </testcase> <!-- verifyRecipeRatingValueTest -->
  <testcase name="verifyRecipeNutritionTest" time="0.0" classname="com.eduven.testcase.TasteBudPageTestCasesForMeatLovers">
    <skipped/>
  </testcase> <!-- verifyRecipeNutritionTest -->
  <testcase name="verifyMenuPlannerTest" time="0.0" classname="com.eduven.testcase.TasteBudPageTestCasesForMeatLovers">
    <skipped/>
  </testcase> <!-- verifyMenuPlannerTest -->
  <testcase name="verifyIngredientNameListTest" time="0.0" classname="com.eduven.testcase.TasteBudPageTestCasesForMeatLovers">
    <skipped/>
  </testcase> <!-- verifyIngredientNameListTest -->
  <testcase name="verifyIngredientNutritionTest" time="0.001" classname="com.eduven.testcase.TasteBudPageTestCasesForMeatLovers">
    <skipped/>
  </testcase> <!-- verifyIngredientNutritionTest -->
  <testcase name="verifyIngredientTipsTest" time="0.0" classname="com.eduven.testcase.TasteBudPageTestCasesForMeatLovers">
    <skipped/>
  </testcase> <!-- verifyIngredientTipsTest -->
  <testcase name="verifyMethodTest" time="0.0" classname="com.eduven.testcase.TasteBudPageTestCasesForMeatLovers">
    <skipped/>
  </testcase> <!-- verifyMethodTest -->
  <testcase name="verifyTagsTest" time="0.0" classname="com.eduven.testcase.TasteBudPageTestCasesForMeatLovers">
    <skipped/>
  </testcase> <!-- verifyTagsTest -->
  <testcase name="verifyAppNameTest" time="10.01" classname="com.eduven.testcase.TipsPageTestCases">
    <failure type="org.openqa.selenium.remote.SessionNotFoundException" message="
Command duration or timeout: 6 milliseconds
Build info: version: &amp;apos;2.51.0&amp;apos;, revision: &amp;apos;1af067d&amp;apos;, time: &amp;apos;2016-02-05 19:11:55&amp;apos;
System info: host: &amp;apos;Bhardwaj.local&amp;apos;, ip: &amp;apos;10.30.30.61&amp;apos;, os.name: &amp;apos;Mac OS X&amp;apos;, os.arch: &amp;apos;x86_64&amp;apos;, os.version: &amp;apos;10.11.6&amp;apos;, java.version: &amp;apos;1.8.0_74&amp;apos;
Driver info: io.appium.java_client.android.AndroidDriver
Capabilities [{app=/Users/hiteshbhardwaj/Desktop/Automation/app/RecipeFrameworkForAndroid/new/meat_lovers/CCMeatLovers.apk, appPackage=com.eduven.cc.meatlovers, networkConnectionEnabled=true, warnings={}, appiumVersion=1.4.13, databaseEnabled=false, deviceName=ZX1D63L8BN, platform=LINUX, appActivity=cc.eduven.com.chefchili.activity.Splash, desired={app=/Users/hiteshbhardwaj/Desktop/Automation/app/RecipeFrameworkForAndroid/new/meat_lovers/CCMeatLovers.apk, appPackage=com.eduven.cc.meatlovers, appActivity=cc.eduven.com.chefchili.activity.Splash, platformVersion=5.1, appiumVersion=1.4.13, automationName=Appium, platformName=Android, deviceName=ZX1D63L8BN}, platformVersion=6.0, webStorageEnabled=false, locationContextEnabled=false, automationName=Appium, browserName=Android, takesScreenshot=true, javascriptEnabled=true, platformName=Android}]
Session ID: 997b8444-8454-49a9-b588-b247d2f9b067
*** Element info: {Using=id, value=com.eduven.cc.meatlovers:id/next}">
      <![CDATA[org.openqa.selenium.remote.SessionNotFoundException: 
Command duration or timeout: 6 milliseconds
Build info: version: '2.51.0', revision: '1af067d', time: '2016-02-05 19:11:55'
System info: host: 'Bhardwaj.local', ip: '10.30.30.61', os.name: 'Mac OS X', os.arch: 'x86_64', os.version: '10.11.6', java.version: '1.8.0_74'
Driver info: io.appium.java_client.android.AndroidDriver
Capabilities [{app=/Users/hiteshbhardwaj/Desktop/Automation/app/RecipeFrameworkForAndroid/new/meat_lovers/CCMeatLovers.apk, appPackage=com.eduven.cc.meatlovers, networkConnectionEnabled=true, warnings={}, appiumVersion=1.4.13, databaseEnabled=false, deviceName=ZX1D63L8BN, platform=LINUX, appActivity=cc.eduven.com.chefchili.activity.Splash, desired={app=/Users/hiteshbhardwaj/Desktop/Automation/app/RecipeFrameworkForAndroid/new/meat_lovers/CCMeatLovers.apk, appPackage=com.eduven.cc.meatlovers, appActivity=cc.eduven.com.chefchili.activity.Splash, platformVersion=5.1, appiumVersion=1.4.13, automationName=Appium, platformName=Android, deviceName=ZX1D63L8BN}, platformVersion=6.0, webStorageEnabled=false, locationContextEnabled=false, automationName=Appium, browserName=Android, takesScreenshot=true, javascriptEnabled=true, platformName=Android}]
Session ID: 997b8444-8454-49a9-b588-b247d2f9b067
*** Element info: {Using=id, value=com.eduven.cc.meatlovers:id/next}
	at sun.reflect.NativeConstructorAccessorImpl.newInstance0(Native Method)
	at sun.reflect.NativeConstructorAccessorImpl.newInstance(NativeConstructorAccessorImpl.java:62)
	at sun.reflect.DelegatingConstructorAccessorImpl.newInstance(DelegatingConstructorAccessorImpl.java:45)
	at java.lang.reflect.Constructor.newInstance(Constructor.java:423)
	at org.openqa.selenium.remote.ErrorHandler.createThrowable(ErrorHandler.java:206)
	at org.openqa.selenium.remote.ErrorHandler.throwIfResponseFailed(ErrorHandler.java:164)
	at org.openqa.selenium.remote.RemoteWebDriver.execute(RemoteWebDriver.java:678)
	at io.appium.java_client.DefaultGenericMobileDriver.execute(DefaultGenericMobileDriver.java:43)
	at io.appium.java_client.AppiumDriver.execute(AppiumDriver.java:1)
	at io.appium.java_client.android.AndroidDriver.execute(AndroidDriver.java:1)
	at org.openqa.selenium.remote.RemoteWebDriver.findElement(RemoteWebDriver.java:363)
	at org.openqa.selenium.remote.RemoteWebDriver.findElementById(RemoteWebDriver.java:413)
	at io.appium.java_client.DefaultGenericMobileDriver.findElementById(DefaultGenericMobileDriver.java:59)
	at io.appium.java_client.AppiumDriver.findElementById(AppiumDriver.java:1)
	at io.appium.java_client.android.AndroidDriver.findElementById(AndroidDriver.java:1)
	at org.openqa.selenium.By$ById.findElement(By.java:218)
	at org.openqa.selenium.remote.RemoteWebDriver.findElement(RemoteWebDriver.java:355)
	at io.appium.java_client.DefaultGenericMobileDriver.findElement(DefaultGenericMobileDriver.java:51)
	at io.appium.java_client.AppiumDriver.findElement(AppiumDriver.java:1)
	at io.appium.java_client.android.AndroidDriver.findElement(AndroidDriver.java:1)
	at org.openqa.selenium.support.ui.ExpectedConditions.findElement(ExpectedConditions.java:911)
	at org.openqa.selenium.support.ui.ExpectedConditions.access$0(ExpectedConditions.java:909)
	at org.openqa.selenium.support.ui.ExpectedConditions$7.apply(ExpectedConditions.java:205)
	at org.openqa.selenium.support.ui.ExpectedConditions$7.apply(ExpectedConditions.java:1)
	at org.openqa.selenium.support.ui.FluentWait.until(FluentWait.java:238)
	at com.eduven.utils.Reusables.waitForElement(Reusables.java:70)
	at com.eduven.modules.HomePage.verifyAppName(HomePage.java:66)
	at com.eduven.testcase.TipsPageTestCases.verifyAppNameTest(TipsPageTestCases.java:26)
	at sun.reflect.NativeMethodAccessorImpl.invoke0(Native Method)
	at sun.reflect.NativeMethodAccessorImpl.invoke(NativeMethodAccessorImpl.java:62)
	at sun.reflect.DelegatingMethodAccessorImpl.invoke(DelegatingMethodAccessorImpl.java:43)
	at java.lang.reflect.Method.invoke(Method.java:498)
	at org.testng.internal.MethodInvocationHelper.invokeMethod(MethodInvocationHelper.java:85)
	at org.testng.internal.Invoker.invokeMethod(Invoker.java:639)
	at org.testng.internal.Invoker.invokeTestMethod(Invoker.java:816)
	at org.testng.internal.Invoker.invokeTestMethods(Invoker.java:1124)
	at org.testng.internal.TestMethodWorker.invokeTestMethods(TestMethodWorker.java:125)
	at org.testng.internal.TestMethodWorker.run(TestMethodWorker.java:108)
	at org.testng.TestRunner.privateRun(TestRunner.java:774)
	at org.testng.TestRunner.run(TestRunner.java:624)
	at org.testng.SuiteRunner.runTest(SuiteRunner.java:359)
	at org.testng.SuiteRunner.runSequentially(SuiteRunner.java:354)
	at org.testng.SuiteRunner.privateRun(SuiteRunner.java:312)
	at org.testng.SuiteRunner.run(SuiteRunner.java:261)
	at org.testng.SuiteRunnerWorker.runSuite(SuiteRunnerWorker.java:52)
	at org.testng.SuiteRunnerWorker.run(SuiteRunnerWorker.java:86)
	at org.testng.TestNG.runSuitesSequentially(TestNG.java:1215)
	at org.testng.TestNG.runSuitesLocally(TestNG.java:1140)
	at org.testng.TestNG.run(TestNG.java:1048)
	at com.eduven.utils.RunTestng.main(RunTestng.java:60)
]]>
    </failure>
  </testcase> <!-- verifyAppNameTest -->
  <testcase name="selectFirstTypeOfDietTest" time="0.0" classname="com.eduven.testcase.TipsPageTestCases">
    <skipped/>
  </testcase> <!-- selectFirstTypeOfDietTest -->
  <testcase name="inAppPurchaseTest" time="0.0" classname="com.eduven.testcase.TipsPageTestCases">
    <skipped/>
  </testcase> <!-- inAppPurchaseTest -->
  <testcase name="tipsPageNavigationTest" time="0.0" classname="com.eduven.testcase.TipsPageTestCases">
    <skipped/>
  </testcase> <!-- tipsPageNavigationTest -->
  <testcase name="verifyTipsPageDescriptionTest" time="0.0" classname="com.eduven.testcase.TipsPageTestCases">
    <skipped/>
  </testcase> <!-- verifyTipsPageDescriptionTest -->
  <testcase name="verifyAppNameTest" time="10.011" classname="com.eduven.testcase.RecipeDetailPageTestCases">
    <failure type="org.openqa.selenium.remote.SessionNotFoundException" message="
Command duration or timeout: 6 milliseconds
Build info: version: &amp;apos;2.51.0&amp;apos;, revision: &amp;apos;1af067d&amp;apos;, time: &amp;apos;2016-02-05 19:11:55&amp;apos;
System info: host: &amp;apos;Bhardwaj.local&amp;apos;, ip: &amp;apos;10.30.30.61&amp;apos;, os.name: &amp;apos;Mac OS X&amp;apos;, os.arch: &amp;apos;x86_64&amp;apos;, os.version: &amp;apos;10.11.6&amp;apos;, java.version: &amp;apos;1.8.0_74&amp;apos;
Driver info: io.appium.java_client.android.AndroidDriver
Capabilities [{app=/Users/hiteshbhardwaj/Desktop/Automation/app/RecipeFrameworkForAndroid/new/meat_lovers/CCMeatLovers.apk, appPackage=com.eduven.cc.meatlovers, networkConnectionEnabled=true, warnings={}, appiumVersion=1.4.13, databaseEnabled=false, deviceName=ZX1D63L8BN, platform=LINUX, appActivity=cc.eduven.com.chefchili.activity.Splash, desired={app=/Users/hiteshbhardwaj/Desktop/Automation/app/RecipeFrameworkForAndroid/new/meat_lovers/CCMeatLovers.apk, appPackage=com.eduven.cc.meatlovers, appActivity=cc.eduven.com.chefchili.activity.Splash, platformVersion=5.1, appiumVersion=1.4.13, automationName=Appium, platformName=Android, deviceName=ZX1D63L8BN}, platformVersion=6.0, webStorageEnabled=false, locationContextEnabled=false, automationName=Appium, browserName=Android, takesScreenshot=true, javascriptEnabled=true, platformName=Android}]
Session ID: 997b8444-8454-49a9-b588-b247d2f9b067
*** Element info: {Using=id, value=com.eduven.cc.meatlovers:id/next}">
      <![CDATA[org.openqa.selenium.remote.SessionNotFoundException: 
Command duration or timeout: 6 milliseconds
Build info: version: '2.51.0', revision: '1af067d', time: '2016-02-05 19:11:55'
System info: host: 'Bhardwaj.local', ip: '10.30.30.61', os.name: 'Mac OS X', os.arch: 'x86_64', os.version: '10.11.6', java.version: '1.8.0_74'
Driver info: io.appium.java_client.android.AndroidDriver
Capabilities [{app=/Users/hiteshbhardwaj/Desktop/Automation/app/RecipeFrameworkForAndroid/new/meat_lovers/CCMeatLovers.apk, appPackage=com.eduven.cc.meatlovers, networkConnectionEnabled=true, warnings={}, appiumVersion=1.4.13, databaseEnabled=false, deviceName=ZX1D63L8BN, platform=LINUX, appActivity=cc.eduven.com.chefchili.activity.Splash, desired={app=/Users/hiteshbhardwaj/Desktop/Automation/app/RecipeFrameworkForAndroid/new/meat_lovers/CCMeatLovers.apk, appPackage=com.eduven.cc.meatlovers, appActivity=cc.eduven.com.chefchili.activity.Splash, platformVersion=5.1, appiumVersion=1.4.13, automationName=Appium, platformName=Android, deviceName=ZX1D63L8BN}, platformVersion=6.0, webStorageEnabled=false, locationContextEnabled=false, automationName=Appium, browserName=Android, takesScreenshot=true, javascriptEnabled=true, platformName=Android}]
Session ID: 997b8444-8454-49a9-b588-b247d2f9b067
*** Element info: {Using=id, value=com.eduven.cc.meatlovers:id/next}
	at sun.reflect.NativeConstructorAccessorImpl.newInstance0(Native Method)
	at sun.reflect.NativeConstructorAccessorImpl.newInstance(NativeConstructorAccessorImpl.java:62)
	at sun.reflect.DelegatingConstructorAccessorImpl.newInstance(DelegatingConstructorAccessorImpl.java:45)
	at java.lang.reflect.Constructor.newInstance(Constructor.java:423)
	at org.openqa.selenium.remote.ErrorHandler.createThrowable(ErrorHandler.java:206)
	at org.openqa.selenium.remote.ErrorHandler.throwIfResponseFailed(ErrorHandler.java:164)
	at org.openqa.selenium.remote.RemoteWebDriver.execute(RemoteWebDriver.java:678)
	at io.appium.java_client.DefaultGenericMobileDriver.execute(DefaultGenericMobileDriver.java:43)
	at io.appium.java_client.AppiumDriver.execute(AppiumDriver.java:1)
	at io.appium.java_client.android.AndroidDriver.execute(AndroidDriver.java:1)
	at org.openqa.selenium.remote.RemoteWebDriver.findElement(RemoteWebDriver.java:363)
	at org.openqa.selenium.remote.RemoteWebDriver.findElementById(RemoteWebDriver.java:413)
	at io.appium.java_client.DefaultGenericMobileDriver.findElementById(DefaultGenericMobileDriver.java:59)
	at io.appium.java_client.AppiumDriver.findElementById(AppiumDriver.java:1)
	at io.appium.java_client.android.AndroidDriver.findElementById(AndroidDriver.java:1)
	at org.openqa.selenium.By$ById.findElement(By.java:218)
	at org.openqa.selenium.remote.RemoteWebDriver.findElement(RemoteWebDriver.java:355)
	at io.appium.java_client.DefaultGenericMobileDriver.findElement(DefaultGenericMobileDriver.java:51)
	at io.appium.java_client.AppiumDriver.findElement(AppiumDriver.java:1)
	at io.appium.java_client.android.AndroidDriver.findElement(AndroidDriver.java:1)
	at org.openqa.selenium.support.ui.ExpectedConditions.findElement(ExpectedConditions.java:911)
	at org.openqa.selenium.support.ui.ExpectedConditions.access$0(ExpectedConditions.java:909)
	at org.openqa.selenium.support.ui.ExpectedConditions$7.apply(ExpectedConditions.java:205)
	at org.openqa.selenium.support.ui.ExpectedConditions$7.apply(ExpectedConditions.java:1)
	at org.openqa.selenium.support.ui.FluentWait.until(FluentWait.java:238)
	at com.eduven.utils.Reusables.waitForElement(Reusables.java:70)
	at com.eduven.modules.HomePage.verifyAppName(HomePage.java:66)
	at com.eduven.testcase.RecipeDetailPageTestCases.verifyAppNameTest(RecipeDetailPageTestCases.java:37)
	at sun.reflect.NativeMethodAccessorImpl.invoke0(Native Method)
	at sun.reflect.NativeMethodAccessorImpl.invoke(NativeMethodAccessorImpl.java:62)
	at sun.reflect.DelegatingMethodAccessorImpl.invoke(DelegatingMethodAccessorImpl.java:43)
	at java.lang.reflect.Method.invoke(Method.java:498)
	at org.testng.internal.MethodInvocationHelper.invokeMethod(MethodInvocationHelper.java:85)
	at org.testng.internal.Invoker.invokeMethod(Invoker.java:639)
	at org.testng.internal.Invoker.invokeTestMethod(Invoker.java:816)
	at org.testng.internal.Invoker.invokeTestMethods(Invoker.java:1124)
	at org.testng.internal.TestMethodWorker.invokeTestMethods(TestMethodWorker.java:125)
	at org.testng.internal.TestMethodWorker.run(TestMethodWorker.java:108)
	at org.testng.TestRunner.privateRun(TestRunner.java:774)
	at org.testng.TestRunner.run(TestRunner.java:624)
	at org.testng.SuiteRunner.runTest(SuiteRunner.java:359)
	at org.testng.SuiteRunner.runSequentially(SuiteRunner.java:354)
	at org.testng.SuiteRunner.privateRun(SuiteRunner.java:312)
	at org.testng.SuiteRunner.run(SuiteRunner.java:261)
	at org.testng.SuiteRunnerWorker.runSuite(SuiteRunnerWorker.java:52)
	at org.testng.SuiteRunnerWorker.run(SuiteRunnerWorker.java:86)
	at org.testng.TestNG.runSuitesSequentially(TestNG.java:1215)
	at org.testng.TestNG.runSuitesLocally(TestNG.java:1140)
	at org.testng.TestNG.run(TestNG.java:1048)
	at com.eduven.utils.RunTestng.main(RunTestng.java:60)
]]>
    </failure>
  </testcase> <!-- verifyAppNameTest -->
  <testcase name="selectFirstTypeOfDietTest" time="0.0" classname="com.eduven.testcase.RecipeDetailPageTestCases">
    <skipped/>
  </testcase> <!-- selectFirstTypeOfDietTest -->
  <testcase name="inAppPurchaseTest" time="0.0" classname="com.eduven.testcase.RecipeDetailPageTestCases">
    <skipped/>
  </testcase> <!-- inAppPurchaseTest -->
  <testcase name="testeBudPageNavigationTest" time="0.001" classname="com.eduven.testcase.RecipeDetailPageTestCases">
    <skipped/>
  </testcase> <!-- testeBudPageNavigationTest -->
  <testcase name="navigateToDetailPage" time="0.0" classname="com.eduven.testcase.RecipeDetailPageTestCases">
    <skipped/>
  </testcase> <!-- navigateToDetailPage -->
  <testcase name="verifyRecipeServingsValueTest" time="0.0" classname="com.eduven.testcase.RecipeDetailPageTestCases">
    <skipped/>
  </testcase> <!-- verifyRecipeServingsValueTest -->
  <testcase name="verifyCookingTimeTest" time="0.0" classname="com.eduven.testcase.RecipeDetailPageTestCases">
    <skipped/>
  </testcase> <!-- verifyCookingTimeTest -->
  <testcase name="verifyRecipeRatingValueTest" time="0.0" classname="com.eduven.testcase.RecipeDetailPageTestCases">
    <skipped/>
  </testcase> <!-- verifyRecipeRatingValueTest -->
  <testcase name="verifyRecipeNutritionTest" time="0.0" classname="com.eduven.testcase.RecipeDetailPageTestCases">
    <skipped/>
  </testcase> <!-- verifyRecipeNutritionTest -->
  <testcase name="verifyMenuPlannerTest" time="0.0" classname="com.eduven.testcase.RecipeDetailPageTestCases">
    <skipped/>
  </testcase> <!-- verifyMenuPlannerTest -->
  <testcase name="verifyIngredientNameListTest" time="0.0" classname="com.eduven.testcase.RecipeDetailPageTestCases">
    <skipped/>
  </testcase> <!-- verifyIngredientNameListTest -->
  <testcase name="verifyIngredientNutritionTest" time="0.0" classname="com.eduven.testcase.RecipeDetailPageTestCases">
    <skipped/>
  </testcase> <!-- verifyIngredientNutritionTest -->
  <testcase name="verifyIngredientTipsTest" time="0.0" classname="com.eduven.testcase.RecipeDetailPageTestCases">
    <skipped/>
  </testcase> <!-- verifyIngredientTipsTest -->
  <testcase name="verifyMethodTest" time="0.0" classname="com.eduven.testcase.RecipeDetailPageTestCases">
    <skipped/>
  </testcase> <!-- verifyMethodTest -->
  <testcase name="verifyTagsTest" time="0.0" classname="com.eduven.testcase.RecipeDetailPageTestCases">
    <skipped/>
  </testcase> <!-- verifyTagsTest -->
</testsuite> <!-- Regression Testing -->
