<html>
<head>
<title>TestNG:  Regression Testing</title>
<link href="../testng.css" rel="stylesheet" type="text/css" />
<link href="../my-testng.css" rel="stylesheet" type="text/css" />

<style type="text/css">
.log { display: none;} 
.stack-trace { display: none;} 
</style>
<script type="text/javascript">
<!--
function flip(e) {
  current = e.style.display;
  if (current == 'block') {
    e.style.display = 'none';
    return 0;
  }
  else {
    e.style.display = 'block';
    return 1;
  }
}

function toggleBox(szDivId, elem, msg1, msg2)
{
  var res = -1;  if (document.getElementById) {
    res = flip(document.getElementById(szDivId));
  }
  else if (document.all) {
    // this is the way old msie versions work
    res = flip(document.all[szDivId]);
  }
  if(elem) {
    if(res == 0) elem.innerHTML = msg1; else elem.innerHTML = msg2;
  }

}

function toggleAllBoxes() {
  if (document.getElementsByTagName) {
    d = document.getElementsByTagName('div');
    for (i = 0; i < d.length; i++) {
      if (d[i].className == 'log') {
        flip(d[i]);
      }
    }
  }
}

// -->
</script>

</head>
<body>
<h2 align='center'>Regression Testing</h2><table border='1' align="center">
<tr>
<td>Tests passed/Failed/Skipped:</td><td>30/15/64</td>
</tr><tr>
<td>Started on:</td><td>Tue Nov 08 19:31:07 IST 2016</td>
</tr>
<tr><td>Total time:</td><td>48251 seconds (48251367 ms)</td>
</tr><tr>
<td>Included groups:</td><td></td>
</tr><tr>
<td>Excluded groups:</td><td></td>
</tr>
</table><p/>
<small><i>(Hover the method name to see the test class name)</i></small><p/>
<table width='100%' border='1' class='invocation-failed'>
<tr><td colspan='4' align='center'><b>FAILED CONFIGURATIONS</b></td></tr>
<tr><td><b>Test method</b></td>
<td width="30%"><b>Exception</b></td>
<td width="10%"><b>Time (seconds)</b></td>
<td><b>Instance</b></td>
</tr>
<tr>
<td title='com.eduven.testcase.EvMenuPageTestCases.tearDown()'><b>tearDown</b><br>Test class: com.eduven.testcase.EvMenuPageTestCases<br>Parameters: [TestResult name=evmenuContributeWithIngredientsTest status=FAILURE method=EvMenuPageTestCases.evmenuContributeWithIngredientsTest()[pri:40, instance:com.eduven.testcase.EvMenuPageTestCases@1e800aaa] output={null}]</td>
<td><div><pre>org.openqa.selenium.WebDriverException: An unknown server-side error occurred while processing the command. (Original error: Command failed: /bin/sh -c /Users/hiteshbhardwaj/Desktop/android-sdk-macosx/platform-tools/adb -s ZX1D63L8BN shell &quot;/system/bin/rm /data/local/tmp/screenshot.png; /system/bin/screencap -p /data/local/tmp/screenshot.png &quot;
error: protocol fault (couldn&apos;t read status): Connection reset by peer
) (WARNING: The server did not provide any stacktrace information)
Command duration or timeout: 20.79 seconds
Build info: version: &apos;2.51.0&apos;, revision: &apos;1af067d&apos;, time: &apos;2016-02-05 19:11:55&apos;
System info: host: &apos;Bhardwaj.local&apos;, ip: &apos;10.30.30.61&apos;, os.name: &apos;Mac OS X&apos;, os.arch: &apos;x86_64&apos;, os.version: &apos;10.11.6&apos;, java.version: &apos;1.8.0_74&apos;
Driver info: io.appium.java_client.android.AndroidDriver
Capabilities [{app=/Users/hiteshbhardwaj/Desktop/Automation/app/RecipeFrameworkForAndroid/new/meat_lovers/CCMeatLovers.apk, appPackage=com.eduven.cc.meatlovers, networkConnectionEnabled=true, warnings={}, appiumVersion=1.4.13, databaseEnabled=false, deviceName=ZX1D63L8BN, platform=LINUX, appActivity=cc.eduven.com.chefchili.activity.Splash, desired={app=/Users/hiteshbhardwaj/Desktop/Automation/app/RecipeFrameworkForAndroid/new/meat_lovers/CCMeatLovers.apk, appPackage=com.eduven.cc.meatlovers, appActivity=cc.eduven.com.chefchili.activity.Splash, platformVersion=5.1, appiumVersion=1.4.13, automationName=Appium, platformName=Android, deviceName=ZX1D63L8BN}, platformVersion=6.0, webStorageEnabled=false, locationContextEnabled=false, automationName=Appium, browserName=Android, takesScreenshot=true, javascriptEnabled=true, platformName=Android}]
Session ID: 997b8444-8454-49a9-b588-b247d2f9b067
	at sun.reflect.NativeConstructorAccessorImpl.newInstance0(Native Method)
	at sun.reflect.NativeConstructorAccessorImpl.newInstance(NativeConstructorAccessorImpl.java:62)
	at sun.reflect.DelegatingConstructorAccessorImpl.newInstance(DelegatingConstructorAccessorImpl.java:45)
	at java.lang.reflect.Constructor.newInstance(Constructor.java:423)
	at org.openqa.selenium.remote.ErrorHandler.createThrowable(ErrorHandler.java:206)
	at org.openqa.selenium.remote.ErrorHandler.throwIfResponseFailed(ErrorHandler.java:158)
	at org.openqa.selenium.remote.RemoteWebDriver.execute(RemoteWebDriver.java:678)
	at io.appium.java_client.DefaultGenericMobileDriver.execute(DefaultGenericMobileDriver.java:43)
	at io.appium.java_client.AppiumDriver.execute(AppiumDriver.java:216)
	at org.openqa.selenium.remote.RemoteWebDriver.getScreenshotAs(RemoteWebDriver.java:335)
	at com.eduven.utils.ScreenShot.takescreenShotCapture(ScreenShot.java:25)
	at com.eduven.testcase.EvMenuPageTestCases.tearDown(EvMenuPageTestCases.java:155)
	at sun.reflect.NativeMethodAccessorImpl.invoke0(Native Method)
	at sun.reflect.NativeMethodAccessorImpl.invoke(NativeMethodAccessorImpl.java:62)
	at sun.reflect.DelegatingMethodAccessorImpl.invoke(DelegatingMethodAccessorImpl.java:43)
	at java.lang.reflect.Method.invoke(Method.java:498)
	at org.testng.internal.MethodInvocationHelper.invokeMethod(MethodInvocationHelper.java:85)
	at org.testng.internal.Invoker.invokeConfigurationMethod(Invoker.java:510)
	at org.testng.internal.Invoker.invokeConfigurations(Invoker.java:211)
	at org.testng.internal.Invoker.invokeMethod(Invoker.java:703)
	at org.testng.internal.Invoker.invokeTestMethod(Invoker.java:816)
	at org.testng.internal.Invoker.invokeTestMethods(Invoker.java:1124)
	at org.testng.internal.TestMethodWorker.invokeTestMethods(TestMethodWorker.java:125)
	at org.testng.internal.TestMethodWorker.run(TestMethodWorker.java:108)
	at org.testng.TestRunner.privateRun(TestRunner.java:774)
	at org.testng.TestRunner.run(TestRunner.java:624)
	at org.testng.SuiteRunner.runTest(SuiteRunner.java:359)
	at org.testng.SuiteRunner.runSequentially(SuiteRunner.java:354)
	at org.testng.SuiteRunner.privateRun(SuiteRunner.java:312)
	at org.testng.SuiteRunner.run(SuiteRunner.java:261)
	at org.testng.SuiteRunnerWorker.runSuite(SuiteRunnerWorker.java:52)
	at org.testng.SuiteRunnerWorker.run(SuiteRunnerWorker.java:86)
	at org.testng.TestNG.runSuitesSequentially(TestNG.java:1215)
	at org.testng.TestNG.runSuitesLocally(TestNG.java:1140)
	at org.testng.TestNG.run(TestNG.java:1048)
	at com.eduven.utils.RunTestng.main(RunTestng.java:60)
</pre></div><a href='#' onClick='toggleBox("stack-trace1353838640", this, "Click to show all stack frames", "Click to hide stack frames")'>Click to show all stack frames</a>
<div class='stack-trace' id='stack-trace1353838640'><pre>org.openqa.selenium.WebDriverException: An unknown server-side error occurred while processing the command. (Original error: Command failed: /bin/sh -c /Users/hiteshbhardwaj/Desktop/android-sdk-macosx/platform-tools/adb -s ZX1D63L8BN shell &quot;/system/bin/rm /data/local/tmp/screenshot.png; /system/bin/screencap -p /data/local/tmp/screenshot.png &quot;
error: protocol fault (couldn&apos;t read status): Connection reset by peer
) (WARNING: The server did not provide any stacktrace information)
Command duration or timeout: 20.79 seconds
Build info: version: &apos;2.51.0&apos;, revision: &apos;1af067d&apos;, time: &apos;2016-02-05 19:11:55&apos;
System info: host: &apos;Bhardwaj.local&apos;, ip: &apos;10.30.30.61&apos;, os.name: &apos;Mac OS X&apos;, os.arch: &apos;x86_64&apos;, os.version: &apos;10.11.6&apos;, java.version: &apos;1.8.0_74&apos;
Driver info: io.appium.java_client.android.AndroidDriver
Capabilities [{app=/Users/hiteshbhardwaj/Desktop/Automation/app/RecipeFrameworkForAndroid/new/meat_lovers/CCMeatLovers.apk, appPackage=com.eduven.cc.meatlovers, networkConnectionEnabled=true, warnings={}, appiumVersion=1.4.13, databaseEnabled=false, deviceName=ZX1D63L8BN, platform=LINUX, appActivity=cc.eduven.com.chefchili.activity.Splash, desired={app=/Users/hiteshbhardwaj/Desktop/Automation/app/RecipeFrameworkForAndroid/new/meat_lovers/CCMeatLovers.apk, appPackage=com.eduven.cc.meatlovers, appActivity=cc.eduven.com.chefchili.activity.Splash, platformVersion=5.1, appiumVersion=1.4.13, automationName=Appium, platformName=Android, deviceName=ZX1D63L8BN}, platformVersion=6.0, webStorageEnabled=false, locationContextEnabled=false, automationName=Appium, browserName=Android, takesScreenshot=true, javascriptEnabled=true, platformName=Android}]
Session ID: 997b8444-8454-49a9-b588-b247d2f9b067
	at sun.reflect.NativeConstructorAccessorImpl.newInstance0(Native Method)
	at sun.reflect.NativeConstructorAccessorImpl.newInstance(NativeConstructorAccessorImpl.java:62)
	at sun.reflect.DelegatingConstructorAccessorImpl.newInstance(DelegatingConstructorAccessorImpl.java:45)
	at java.lang.reflect.Constructor.newInstance(Constructor.java:423)
	at org.openqa.selenium.remote.ErrorHandler.createThrowable(ErrorHandler.java:206)
	at org.openqa.selenium.remote.ErrorHandler.throwIfResponseFailed(ErrorHandler.java:158)
	at org.openqa.selenium.remote.RemoteWebDriver.execute(RemoteWebDriver.java:678)
	at io.appium.java_client.DefaultGenericMobileDriver.execute(DefaultGenericMobileDriver.java:43)
	at io.appium.java_client.AppiumDriver.execute(AppiumDriver.java:216)
	at org.openqa.selenium.remote.RemoteWebDriver.getScreenshotAs(RemoteWebDriver.java:335)
	at com.eduven.utils.ScreenShot.takescreenShotCapture(ScreenShot.java:25)
	at com.eduven.testcase.EvMenuPageTestCases.tearDown(EvMenuPageTestCases.java:155)
	at sun.reflect.NativeMethodAccessorImpl.invoke0(Native Method)
	at sun.reflect.NativeMethodAccessorImpl.invoke(NativeMethodAccessorImpl.java:62)
	at sun.reflect.DelegatingMethodAccessorImpl.invoke(DelegatingMethodAccessorImpl.java:43)
	at java.lang.reflect.Method.invoke(Method.java:498)
	at org.testng.internal.MethodInvocationHelper.invokeMethod(MethodInvocationHelper.java:85)
	at org.testng.internal.Invoker.invokeConfigurationMethod(Invoker.java:510)
	at org.testng.internal.Invoker.invokeConfigurations(Invoker.java:211)
	at org.testng.internal.Invoker.invokeMethod(Invoker.java:703)
	at org.testng.internal.Invoker.invokeTestMethod(Invoker.java:816)
	at org.testng.internal.Invoker.invokeTestMethods(Invoker.java:1124)
	at org.testng.internal.TestMethodWorker.invokeTestMethods(TestMethodWorker.java:125)
	at org.testng.internal.TestMethodWorker.run(TestMethodWorker.java:108)
	at org.testng.TestRunner.privateRun(TestRunner.java:774)
	at org.testng.TestRunner.run(TestRunner.java:624)
	at org.testng.SuiteRunner.runTest(SuiteRunner.java:359)
	at org.testng.SuiteRunner.runSequentially(SuiteRunner.java:354)
	at org.testng.SuiteRunner.privateRun(SuiteRunner.java:312)
	at org.testng.SuiteRunner.run(SuiteRunner.java:261)
	at org.testng.SuiteRunnerWorker.runSuite(SuiteRunnerWorker.java:52)
	at org.testng.SuiteRunnerWorker.run(SuiteRunnerWorker.java:86)
	at org.testng.TestNG.runSuitesSequentially(TestNG.java:1215)
	at org.testng.TestNG.runSuitesLocally(TestNG.java:1140)
	at org.testng.TestNG.run(TestNG.java:1048)
	at com.eduven.utils.RunTestng.main(RunTestng.java:60)
</pre></div></td>
<td>0</td>
<td>com.eduven.testcase.EvMenuPageTestCases@1e800aaa</td></tr>
<tr>
<td title='com.eduven.testcase.FilterPageTestCasesForMeatLovers.tearDown()'><b>tearDown</b><br>Test class: com.eduven.testcase.FilterPageTestCasesForMeatLovers<br>Parameters: [TestResult name=verifyAppNameTest status=FAILURE method=FilterPageTestCasesForMeatLovers.verifyAppNameTest()[pri:1, instance:com.eduven.testcase.FilterPageTestCasesForMeatLovers@185a6e9] output={null}]</td>
<td><div><pre>org.openqa.selenium.remote.SessionNotFoundException: 
Command duration or timeout: 3 milliseconds
Build info: version: &apos;2.51.0&apos;, revision: &apos;1af067d&apos;, time: &apos;2016-02-05 19:11:55&apos;
System info: host: &apos;Bhardwaj.local&apos;, ip: &apos;10.30.30.61&apos;, os.name: &apos;Mac OS X&apos;, os.arch: &apos;x86_64&apos;, os.version: &apos;10.11.6&apos;, java.version: &apos;1.8.0_74&apos;
Driver info: io.appium.java_client.android.AndroidDriver
Capabilities [{app=/Users/hiteshbhardwaj/Desktop/Automation/app/RecipeFrameworkForAndroid/new/meat_lovers/CCMeatLovers.apk, appPackage=com.eduven.cc.meatlovers, networkConnectionEnabled=true, warnings={}, appiumVersion=1.4.13, databaseEnabled=false, deviceName=ZX1D63L8BN, platform=LINUX, appActivity=cc.eduven.com.chefchili.activity.Splash, desired={app=/Users/hiteshbhardwaj/Desktop/Automation/app/RecipeFrameworkForAndroid/new/meat_lovers/CCMeatLovers.apk, appPackage=com.eduven.cc.meatlovers, appActivity=cc.eduven.com.chefchili.activity.Splash, platformVersion=5.1, appiumVersion=1.4.13, automationName=Appium, platformName=Android, deviceName=ZX1D63L8BN}, platformVersion=6.0, webStorageEnabled=false, locationContextEnabled=false, automationName=Appium, browserName=Android, takesScreenshot=true, javascriptEnabled=true, platformName=Android}]
Session ID: 997b8444-8454-49a9-b588-b247d2f9b067
	at sun.reflect.NativeConstructorAccessorImpl.newInstance0(Native Method)
	at sun.reflect.NativeConstructorAccessorImpl.newInstance(NativeConstructorAccessorImpl.java:62)
	at sun.reflect.DelegatingConstructorAccessorImpl.newInstance(DelegatingConstructorAccessorImpl.java:45)
	at java.lang.reflect.Constructor.newInstance(Constructor.java:423)
	at org.openqa.selenium.remote.ErrorHandler.createThrowable(ErrorHandler.java:206)
	at org.openqa.selenium.remote.ErrorHandler.throwIfResponseFailed(ErrorHandler.java:164)
	at org.openqa.selenium.remote.RemoteWebDriver.execute(RemoteWebDriver.java:678)
	at io.appium.java_client.DefaultGenericMobileDriver.execute(DefaultGenericMobileDriver.java:43)
	at io.appium.java_client.AppiumDriver.execute(AppiumDriver.java:216)
	at org.openqa.selenium.remote.RemoteWebDriver.getScreenshotAs(RemoteWebDriver.java:335)
	at com.eduven.utils.ScreenShot.takescreenShotCapture(ScreenShot.java:25)
	at com.eduven.testcase.FilterPageTestCasesForMeatLovers.tearDown(FilterPageTestCasesForMeatLovers.java:131)
	at sun.reflect.NativeMethodAccessorImpl.invoke0(Native Method)
	at sun.reflect.NativeMethodAccessorImpl.invoke(NativeMethodAccessorImpl.java:62)
	at sun.reflect.DelegatingMethodAccessorImpl.invoke(DelegatingMethodAccessorImpl.java:43)
	at java.lang.reflect.Method.invoke(Method.java:498)
	at org.testng.internal.MethodInvocationHelper.invokeMethod(MethodInvocationHelper.java:85)
	at org.testng.internal.Invoker.invokeConfigurationMethod(Invoker.java:510)
	at org.testng.internal.Invoker.invokeConfigurations(Invoker.java:211)
	at org.testng.internal.Invoker.invokeMethod(Invoker.java:703)
	at org.testng.internal.Invoker.invokeTestMethod(Invoker.java:816)
	at org.testng.internal.Invoker.invokeTestMethods(Invoker.java:1124)
	at org.testng.internal.TestMethodWorker.invokeTestMethods(TestMethodWorker.java:125)
	at org.testng.internal.TestMethodWorker.run(TestMethodWorker.java:108)
	at org.testng.TestRunner.privateRun(TestRunner.java:774)
	at org.testng.TestRunner.run(TestRunner.java:624)
	at org.testng.SuiteRunner.runTest(SuiteRunner.java:359)
	at org.testng.SuiteRunner.runSequentially(SuiteRunner.java:354)
	at org.testng.SuiteRunner.privateRun(SuiteRunner.java:312)
	at org.testng.SuiteRunner.run(SuiteRunner.java:261)
	at org.testng.SuiteRunnerWorker.runSuite(SuiteRunnerWorker.java:52)
	at org.testng.SuiteRunnerWorker.run(SuiteRunnerWorker.java:86)
	at org.testng.TestNG.runSuitesSequentially(TestNG.java:1215)
	at org.testng.TestNG.runSuitesLocally(TestNG.java:1140)
	at org.testng.TestNG.run(TestNG.java:1048)
	at com.eduven.utils.RunTestng.main(RunTestng.java:60)
</pre></div><a href='#' onClick='toggleBox("stack-trace1008608255", this, "Click to show all stack frames", "Click to hide stack frames")'>Click to show all stack frames</a>
<div class='stack-trace' id='stack-trace1008608255'><pre>org.openqa.selenium.remote.SessionNotFoundException: 
Command duration or timeout: 3 milliseconds
Build info: version: &apos;2.51.0&apos;, revision: &apos;1af067d&apos;, time: &apos;2016-02-05 19:11:55&apos;
System info: host: &apos;Bhardwaj.local&apos;, ip: &apos;10.30.30.61&apos;, os.name: &apos;Mac OS X&apos;, os.arch: &apos;x86_64&apos;, os.version: &apos;10.11.6&apos;, java.version: &apos;1.8.0_74&apos;
Driver info: io.appium.java_client.android.AndroidDriver
Capabilities [{app=/Users/hiteshbhardwaj/Desktop/Automation/app/RecipeFrameworkForAndroid/new/meat_lovers/CCMeatLovers.apk, appPackage=com.eduven.cc.meatlovers, networkConnectionEnabled=true, warnings={}, appiumVersion=1.4.13, databaseEnabled=false, deviceName=ZX1D63L8BN, platform=LINUX, appActivity=cc.eduven.com.chefchili.activity.Splash, desired={app=/Users/hiteshbhardwaj/Desktop/Automation/app/RecipeFrameworkForAndroid/new/meat_lovers/CCMeatLovers.apk, appPackage=com.eduven.cc.meatlovers, appActivity=cc.eduven.com.chefchili.activity.Splash, platformVersion=5.1, appiumVersion=1.4.13, automationName=Appium, platformName=Android, deviceName=ZX1D63L8BN}, platformVersion=6.0, webStorageEnabled=false, locationContextEnabled=false, automationName=Appium, browserName=Android, takesScreenshot=true, javascriptEnabled=true, platformName=Android}]
Session ID: 997b8444-8454-49a9-b588-b247d2f9b067
	at sun.reflect.NativeConstructorAccessorImpl.newInstance0(Native Method)
	at sun.reflect.NativeConstructorAccessorImpl.newInstance(NativeConstructorAccessorImpl.java:62)
	at sun.reflect.DelegatingConstructorAccessorImpl.newInstance(DelegatingConstructorAccessorImpl.java:45)
	at java.lang.reflect.Constructor.newInstance(Constructor.java:423)
	at org.openqa.selenium.remote.ErrorHandler.createThrowable(ErrorHandler.java:206)
	at org.openqa.selenium.remote.ErrorHandler.throwIfResponseFailed(ErrorHandler.java:164)
	at org.openqa.selenium.remote.RemoteWebDriver.execute(RemoteWebDriver.java:678)
	at io.appium.java_client.DefaultGenericMobileDriver.execute(DefaultGenericMobileDriver.java:43)
	at io.appium.java_client.AppiumDriver.execute(AppiumDriver.java:216)
	at org.openqa.selenium.remote.RemoteWebDriver.getScreenshotAs(RemoteWebDriver.java:335)
	at com.eduven.utils.ScreenShot.takescreenShotCapture(ScreenShot.java:25)
	at com.eduven.testcase.FilterPageTestCasesForMeatLovers.tearDown(FilterPageTestCasesForMeatLovers.java:131)
	at sun.reflect.NativeMethodAccessorImpl.invoke0(Native Method)
	at sun.reflect.NativeMethodAccessorImpl.invoke(NativeMethodAccessorImpl.java:62)
	at sun.reflect.DelegatingMethodAccessorImpl.invoke(DelegatingMethodAccessorImpl.java:43)
	at java.lang.reflect.Method.invoke(Method.java:498)
	at org.testng.internal.MethodInvocationHelper.invokeMethod(MethodInvocationHelper.java:85)
	at org.testng.internal.Invoker.invokeConfigurationMethod(Invoker.java:510)
	at org.testng.internal.Invoker.invokeConfigurations(Invoker.java:211)
	at org.testng.internal.Invoker.invokeMethod(Invoker.java:703)
	at org.testng.internal.Invoker.invokeTestMethod(Invoker.java:816)
	at org.testng.internal.Invoker.invokeTestMethods(Invoker.java:1124)
	at org.testng.internal.TestMethodWorker.invokeTestMethods(TestMethodWorker.java:125)
	at org.testng.internal.TestMethodWorker.run(TestMethodWorker.java:108)
	at org.testng.TestRunner.privateRun(TestRunner.java:774)
	at org.testng.TestRunner.run(TestRunner.java:624)
	at org.testng.SuiteRunner.runTest(SuiteRunner.java:359)
	at org.testng.SuiteRunner.runSequentially(SuiteRunner.java:354)
	at org.testng.SuiteRunner.privateRun(SuiteRunner.java:312)
	at org.testng.SuiteRunner.run(SuiteRunner.java:261)
	at org.testng.SuiteRunnerWorker.runSuite(SuiteRunnerWorker.java:52)
	at org.testng.SuiteRunnerWorker.run(SuiteRunnerWorker.java:86)
	at org.testng.TestNG.runSuitesSequentially(TestNG.java:1215)
	at org.testng.TestNG.runSuitesLocally(TestNG.java:1140)
	at org.testng.TestNG.run(TestNG.java:1048)
	at com.eduven.utils.RunTestng.main(RunTestng.java:60)
</pre></div></td>
<td>0</td>
<td>com.eduven.testcase.FilterPageTestCasesForMeatLovers@185a6e9</td></tr>
<tr>
<td title='com.eduven.testcase.AllRecipesPageTestCasesForMeatLovers.tearDown()'><b>tearDown</b><br>Test class: com.eduven.testcase.AllRecipesPageTestCasesForMeatLovers<br>Parameters: [TestResult name=verifyAppNameTest status=FAILURE method=AllRecipesPageTestCasesForMeatLovers.verifyAppNameTest()[pri:1, instance:com.eduven.testcase.AllRecipesPageTestCasesForMeatLovers@6f03482] output={null}]</td>
<td><div><pre>org.openqa.selenium.remote.SessionNotFoundException: 
Command duration or timeout: 4 milliseconds
Build info: version: &apos;2.51.0&apos;, revision: &apos;1af067d&apos;, time: &apos;2016-02-05 19:11:55&apos;
System info: host: &apos;Bhardwaj.local&apos;, ip: &apos;10.30.30.61&apos;, os.name: &apos;Mac OS X&apos;, os.arch: &apos;x86_64&apos;, os.version: &apos;10.11.6&apos;, java.version: &apos;1.8.0_74&apos;
Driver info: io.appium.java_client.android.AndroidDriver
Capabilities [{app=/Users/hiteshbhardwaj/Desktop/Automation/app/RecipeFrameworkForAndroid/new/meat_lovers/CCMeatLovers.apk, appPackage=com.eduven.cc.meatlovers, networkConnectionEnabled=true, warnings={}, appiumVersion=1.4.13, databaseEnabled=false, deviceName=ZX1D63L8BN, platform=LINUX, appActivity=cc.eduven.com.chefchili.activity.Splash, desired={app=/Users/hiteshbhardwaj/Desktop/Automation/app/RecipeFrameworkForAndroid/new/meat_lovers/CCMeatLovers.apk, appPackage=com.eduven.cc.meatlovers, appActivity=cc.eduven.com.chefchili.activity.Splash, platformVersion=5.1, appiumVersion=1.4.13, automationName=Appium, platformName=Android, deviceName=ZX1D63L8BN}, platformVersion=6.0, webStorageEnabled=false, locationContextEnabled=false, automationName=Appium, browserName=Android, takesScreenshot=true, javascriptEnabled=true, platformName=Android}]
Session ID: 997b8444-8454-49a9-b588-b247d2f9b067
	at sun.reflect.NativeConstructorAccessorImpl.newInstance0(Native Method)
	at sun.reflect.NativeConstructorAccessorImpl.newInstance(NativeConstructorAccessorImpl.java:62)
	at sun.reflect.DelegatingConstructorAccessorImpl.newInstance(DelegatingConstructorAccessorImpl.java:45)
	at java.lang.reflect.Constructor.newInstance(Constructor.java:423)
	at org.openqa.selenium.remote.ErrorHandler.createThrowable(ErrorHandler.java:206)
	at org.openqa.selenium.remote.ErrorHandler.throwIfResponseFailed(ErrorHandler.java:164)
	at org.openqa.selenium.remote.RemoteWebDriver.execute(RemoteWebDriver.java:678)
	at io.appium.java_client.DefaultGenericMobileDriver.execute(DefaultGenericMobileDriver.java:43)
	at io.appium.java_client.AppiumDriver.execute(AppiumDriver.java:216)
	at org.openqa.selenium.remote.RemoteWebDriver.getScreenshotAs(RemoteWebDriver.java:335)
	at com.eduven.utils.ScreenShot.takescreenShotCapture(ScreenShot.java:25)
	at com.eduven.testcase.AllRecipesPageTestCasesForMeatLovers.tearDown(AllRecipesPageTestCasesForMeatLovers.java:58)
	at sun.reflect.NativeMethodAccessorImpl.invoke0(Native Method)
	at sun.reflect.NativeMethodAccessorImpl.invoke(NativeMethodAccessorImpl.java:62)
	at sun.reflect.DelegatingMethodAccessorImpl.invoke(DelegatingMethodAccessorImpl.java:43)
	at java.lang.reflect.Method.invoke(Method.java:498)
	at org.testng.internal.MethodInvocationHelper.invokeMethod(MethodInvocationHelper.java:85)
	at org.testng.internal.Invoker.invokeConfigurationMethod(Invoker.java:510)
	at org.testng.internal.Invoker.invokeConfigurations(Invoker.java:211)
	at org.testng.internal.Invoker.invokeMethod(Invoker.java:703)
	at org.testng.internal.Invoker.invokeTestMethod(Invoker.java:816)
	at org.testng.internal.Invoker.invokeTestMethods(Invoker.java:1124)
	at org.testng.internal.TestMethodWorker.invokeTestMethods(TestMethodWorker.java:125)
	at org.testng.internal.TestMethodWorker.run(TestMethodWorker.java:108)
	at org.testng.TestRunner.privateRun(TestRunner.java:774)
	at org.testng.TestRunner.run(TestRunner.java:624)
	at org.testng.SuiteRunner.runTest(SuiteRunner.java:359)
	at org.testng.SuiteRunner.runSequentially(SuiteRunner.java:354)
	at org.testng.SuiteRunner.privateRun(SuiteRunner.java:312)
	at org.testng.SuiteRunner.run(SuiteRunner.java:261)
	at org.testng.SuiteRunnerWorker.runSuite(SuiteRunnerWorker.java:52)
	at org.testng.SuiteRunnerWorker.run(SuiteRunnerWorker.java:86)
	at org.testng.TestNG.runSuitesSequentially(TestNG.java:1215)
	at org.testng.TestNG.runSuitesLocally(TestNG.java:1140)
	at org.testng.TestNG.run(TestNG.java:1048)
	at com.eduven.utils.RunTestng.main(RunTestng.java:60)
</pre></div><a href='#' onClick='toggleBox("stack-trace1756160273", this, "Click to show all stack frames", "Click to hide stack frames")'>Click to show all stack frames</a>
<div class='stack-trace' id='stack-trace1756160273'><pre>org.openqa.selenium.remote.SessionNotFoundException: 
Command duration or timeout: 4 milliseconds
Build info: version: &apos;2.51.0&apos;, revision: &apos;1af067d&apos;, time: &apos;2016-02-05 19:11:55&apos;
System info: host: &apos;Bhardwaj.local&apos;, ip: &apos;10.30.30.61&apos;, os.name: &apos;Mac OS X&apos;, os.arch: &apos;x86_64&apos;, os.version: &apos;10.11.6&apos;, java.version: &apos;1.8.0_74&apos;
Driver info: io.appium.java_client.android.AndroidDriver
Capabilities [{app=/Users/hiteshbhardwaj/Desktop/Automation/app/RecipeFrameworkForAndroid/new/meat_lovers/CCMeatLovers.apk, appPackage=com.eduven.cc.meatlovers, networkConnectionEnabled=true, warnings={}, appiumVersion=1.4.13, databaseEnabled=false, deviceName=ZX1D63L8BN, platform=LINUX, appActivity=cc.eduven.com.chefchili.activity.Splash, desired={app=/Users/hiteshbhardwaj/Desktop/Automation/app/RecipeFrameworkForAndroid/new/meat_lovers/CCMeatLovers.apk, appPackage=com.eduven.cc.meatlovers, appActivity=cc.eduven.com.chefchili.activity.Splash, platformVersion=5.1, appiumVersion=1.4.13, automationName=Appium, platformName=Android, deviceName=ZX1D63L8BN}, platformVersion=6.0, webStorageEnabled=false, locationContextEnabled=false, automationName=Appium, browserName=Android, takesScreenshot=true, javascriptEnabled=true, platformName=Android}]
Session ID: 997b8444-8454-49a9-b588-b247d2f9b067
	at sun.reflect.NativeConstructorAccessorImpl.newInstance0(Native Method)
	at sun.reflect.NativeConstructorAccessorImpl.newInstance(NativeConstructorAccessorImpl.java:62)
	at sun.reflect.DelegatingConstructorAccessorImpl.newInstance(DelegatingConstructorAccessorImpl.java:45)
	at java.lang.reflect.Constructor.newInstance(Constructor.java:423)
	at org.openqa.selenium.remote.ErrorHandler.createThrowable(ErrorHandler.java:206)
	at org.openqa.selenium.remote.ErrorHandler.throwIfResponseFailed(ErrorHandler.java:164)
	at org.openqa.selenium.remote.RemoteWebDriver.execute(RemoteWebDriver.java:678)
	at io.appium.java_client.DefaultGenericMobileDriver.execute(DefaultGenericMobileDriver.java:43)
	at io.appium.java_client.AppiumDriver.execute(AppiumDriver.java:216)
	at org.openqa.selenium.remote.RemoteWebDriver.getScreenshotAs(RemoteWebDriver.java:335)
	at com.eduven.utils.ScreenShot.takescreenShotCapture(ScreenShot.java:25)
	at com.eduven.testcase.AllRecipesPageTestCasesForMeatLovers.tearDown(AllRecipesPageTestCasesForMeatLovers.java:58)
	at sun.reflect.NativeMethodAccessorImpl.invoke0(Native Method)
	at sun.reflect.NativeMethodAccessorImpl.invoke(NativeMethodAccessorImpl.java:62)
	at sun.reflect.DelegatingMethodAccessorImpl.invoke(DelegatingMethodAccessorImpl.java:43)
	at java.lang.reflect.Method.invoke(Method.java:498)
	at org.testng.internal.MethodInvocationHelper.invokeMethod(MethodInvocationHelper.java:85)
	at org.testng.internal.Invoker.invokeConfigurationMethod(Invoker.java:510)
	at org.testng.internal.Invoker.invokeConfigurations(Invoker.java:211)
	at org.testng.internal.Invoker.invokeMethod(Invoker.java:703)
	at org.testng.internal.Invoker.invokeTestMethod(Invoker.java:816)
	at org.testng.internal.Invoker.invokeTestMethods(Invoker.java:1124)
	at org.testng.internal.TestMethodWorker.invokeTestMethods(TestMethodWorker.java:125)
	at org.testng.internal.TestMethodWorker.run(TestMethodWorker.java:108)
	at org.testng.TestRunner.privateRun(TestRunner.java:774)
	at org.testng.TestRunner.run(TestRunner.java:624)
	at org.testng.SuiteRunner.runTest(SuiteRunner.java:359)
	at org.testng.SuiteRunner.runSequentially(SuiteRunner.java:354)
	at org.testng.SuiteRunner.privateRun(SuiteRunner.java:312)
	at org.testng.SuiteRunner.run(SuiteRunner.java:261)
	at org.testng.SuiteRunnerWorker.runSuite(SuiteRunnerWorker.java:52)
	at org.testng.SuiteRunnerWorker.run(SuiteRunnerWorker.java:86)
	at org.testng.TestNG.runSuitesSequentially(TestNG.java:1215)
	at org.testng.TestNG.runSuitesLocally(TestNG.java:1140)
	at org.testng.TestNG.run(TestNG.java:1048)
	at com.eduven.utils.RunTestng.main(RunTestng.java:60)
</pre></div></td>
<td>0</td>
<td>com.eduven.testcase.AllRecipesPageTestCasesForMeatLovers@6f03482</td></tr>
<tr>
<td title='com.eduven.testcase.SearchPageTestCasesForMeatLovers.tearDown()'><b>tearDown</b><br>Test class: com.eduven.testcase.SearchPageTestCasesForMeatLovers<br>Parameters: [TestResult name=verifyAppNameTest status=FAILURE method=SearchPageTestCasesForMeatLovers.verifyAppNameTest()[pri:1, instance:com.eduven.testcase.SearchPageTestCasesForMeatLovers@9d5509a] output={null}]</td>
<td><div><pre>org.openqa.selenium.remote.SessionNotFoundException: 
Command duration or timeout: 4 milliseconds
Build info: version: &apos;2.51.0&apos;, revision: &apos;1af067d&apos;, time: &apos;2016-02-05 19:11:55&apos;
System info: host: &apos;Bhardwaj.local&apos;, ip: &apos;10.30.30.61&apos;, os.name: &apos;Mac OS X&apos;, os.arch: &apos;x86_64&apos;, os.version: &apos;10.11.6&apos;, java.version: &apos;1.8.0_74&apos;
Driver info: io.appium.java_client.android.AndroidDriver
Capabilities [{app=/Users/hiteshbhardwaj/Desktop/Automation/app/RecipeFrameworkForAndroid/new/meat_lovers/CCMeatLovers.apk, appPackage=com.eduven.cc.meatlovers, networkConnectionEnabled=true, warnings={}, appiumVersion=1.4.13, databaseEnabled=false, deviceName=ZX1D63L8BN, platform=LINUX, appActivity=cc.eduven.com.chefchili.activity.Splash, desired={app=/Users/hiteshbhardwaj/Desktop/Automation/app/RecipeFrameworkForAndroid/new/meat_lovers/CCMeatLovers.apk, appPackage=com.eduven.cc.meatlovers, appActivity=cc.eduven.com.chefchili.activity.Splash, platformVersion=5.1, appiumVersion=1.4.13, automationName=Appium, platformName=Android, deviceName=ZX1D63L8BN}, platformVersion=6.0, webStorageEnabled=false, locationContextEnabled=false, automationName=Appium, browserName=Android, takesScreenshot=true, javascriptEnabled=true, platformName=Android}]
Session ID: 997b8444-8454-49a9-b588-b247d2f9b067
	at sun.reflect.NativeConstructorAccessorImpl.newInstance0(Native Method)
	at sun.reflect.NativeConstructorAccessorImpl.newInstance(NativeConstructorAccessorImpl.java:62)
	at sun.reflect.DelegatingConstructorAccessorImpl.newInstance(DelegatingConstructorAccessorImpl.java:45)
	at java.lang.reflect.Constructor.newInstance(Constructor.java:423)
	at org.openqa.selenium.remote.ErrorHandler.createThrowable(ErrorHandler.java:206)
	at org.openqa.selenium.remote.ErrorHandler.throwIfResponseFailed(ErrorHandler.java:164)
	at org.openqa.selenium.remote.RemoteWebDriver.execute(RemoteWebDriver.java:678)
	at io.appium.java_client.DefaultGenericMobileDriver.execute(DefaultGenericMobileDriver.java:43)
	at io.appium.java_client.AppiumDriver.execute(AppiumDriver.java:216)
	at org.openqa.selenium.remote.RemoteWebDriver.getScreenshotAs(RemoteWebDriver.java:335)
	at com.eduven.utils.ScreenShot.takescreenShotCapture(ScreenShot.java:25)
	at com.eduven.testcase.SearchPageTestCasesForMeatLovers.tearDown(SearchPageTestCasesForMeatLovers.java:93)
	at sun.reflect.NativeMethodAccessorImpl.invoke0(Native Method)
	at sun.reflect.NativeMethodAccessorImpl.invoke(NativeMethodAccessorImpl.java:62)
	at sun.reflect.DelegatingMethodAccessorImpl.invoke(DelegatingMethodAccessorImpl.java:43)
	at java.lang.reflect.Method.invoke(Method.java:498)
	at org.testng.internal.MethodInvocationHelper.invokeMethod(MethodInvocationHelper.java:85)
	at org.testng.internal.Invoker.invokeConfigurationMethod(Invoker.java:510)
	at org.testng.internal.Invoker.invokeConfigurations(Invoker.java:211)
	at org.testng.internal.Invoker.invokeMethod(Invoker.java:703)
	at org.testng.internal.Invoker.invokeTestMethod(Invoker.java:816)
	at org.testng.internal.Invoker.invokeTestMethods(Invoker.java:1124)
	at org.testng.internal.TestMethodWorker.invokeTestMethods(TestMethodWorker.java:125)
	at org.testng.internal.TestMethodWorker.run(TestMethodWorker.java:108)
	at org.testng.TestRunner.privateRun(TestRunner.java:774)
	at org.testng.TestRunner.run(TestRunner.java:624)
	at org.testng.SuiteRunner.runTest(SuiteRunner.java:359)
	at org.testng.SuiteRunner.runSequentially(SuiteRunner.java:354)
	at org.testng.SuiteRunner.privateRun(SuiteRunner.java:312)
	at org.testng.SuiteRunner.run(SuiteRunner.java:261)
	at org.testng.SuiteRunnerWorker.runSuite(SuiteRunnerWorker.java:52)
	at org.testng.SuiteRunnerWorker.run(SuiteRunnerWorker.java:86)
	at org.testng.TestNG.runSuitesSequentially(TestNG.java:1215)
	at org.testng.TestNG.runSuitesLocally(TestNG.java:1140)
	at org.testng.TestNG.run(TestNG.java:1048)
	at com.eduven.utils.RunTestng.main(RunTestng.java:60)
</pre></div><a href='#' onClick='toggleBox("stack-trace2135790485", this, "Click to show all stack frames", "Click to hide stack frames")'>Click to show all stack frames</a>
<div class='stack-trace' id='stack-trace2135790485'><pre>org.openqa.selenium.remote.SessionNotFoundException: 
Command duration or timeout: 4 milliseconds
Build info: version: &apos;2.51.0&apos;, revision: &apos;1af067d&apos;, time: &apos;2016-02-05 19:11:55&apos;
System info: host: &apos;Bhardwaj.local&apos;, ip: &apos;10.30.30.61&apos;, os.name: &apos;Mac OS X&apos;, os.arch: &apos;x86_64&apos;, os.version: &apos;10.11.6&apos;, java.version: &apos;1.8.0_74&apos;
Driver info: io.appium.java_client.android.AndroidDriver
Capabilities [{app=/Users/hiteshbhardwaj/Desktop/Automation/app/RecipeFrameworkForAndroid/new/meat_lovers/CCMeatLovers.apk, appPackage=com.eduven.cc.meatlovers, networkConnectionEnabled=true, warnings={}, appiumVersion=1.4.13, databaseEnabled=false, deviceName=ZX1D63L8BN, platform=LINUX, appActivity=cc.eduven.com.chefchili.activity.Splash, desired={app=/Users/hiteshbhardwaj/Desktop/Automation/app/RecipeFrameworkForAndroid/new/meat_lovers/CCMeatLovers.apk, appPackage=com.eduven.cc.meatlovers, appActivity=cc.eduven.com.chefchili.activity.Splash, platformVersion=5.1, appiumVersion=1.4.13, automationName=Appium, platformName=Android, deviceName=ZX1D63L8BN}, platformVersion=6.0, webStorageEnabled=false, locationContextEnabled=false, automationName=Appium, browserName=Android, takesScreenshot=true, javascriptEnabled=true, platformName=Android}]
Session ID: 997b8444-8454-49a9-b588-b247d2f9b067
	at sun.reflect.NativeConstructorAccessorImpl.newInstance0(Native Method)
	at sun.reflect.NativeConstructorAccessorImpl.newInstance(NativeConstructorAccessorImpl.java:62)
	at sun.reflect.DelegatingConstructorAccessorImpl.newInstance(DelegatingConstructorAccessorImpl.java:45)
	at java.lang.reflect.Constructor.newInstance(Constructor.java:423)
	at org.openqa.selenium.remote.ErrorHandler.createThrowable(ErrorHandler.java:206)
	at org.openqa.selenium.remote.ErrorHandler.throwIfResponseFailed(ErrorHandler.java:164)
	at org.openqa.selenium.remote.RemoteWebDriver.execute(RemoteWebDriver.java:678)
	at io.appium.java_client.DefaultGenericMobileDriver.execute(DefaultGenericMobileDriver.java:43)
	at io.appium.java_client.AppiumDriver.execute(AppiumDriver.java:216)
	at org.openqa.selenium.remote.RemoteWebDriver.getScreenshotAs(RemoteWebDriver.java:335)
	at com.eduven.utils.ScreenShot.takescreenShotCapture(ScreenShot.java:25)
	at com.eduven.testcase.SearchPageTestCasesForMeatLovers.tearDown(SearchPageTestCasesForMeatLovers.java:93)
	at sun.reflect.NativeMethodAccessorImpl.invoke0(Native Method)
	at sun.reflect.NativeMethodAccessorImpl.invoke(NativeMethodAccessorImpl.java:62)
	at sun.reflect.DelegatingMethodAccessorImpl.invoke(DelegatingMethodAccessorImpl.java:43)
	at java.lang.reflect.Method.invoke(Method.java:498)
	at org.testng.internal.MethodInvocationHelper.invokeMethod(MethodInvocationHelper.java:85)
	at org.testng.internal.Invoker.invokeConfigurationMethod(Invoker.java:510)
	at org.testng.internal.Invoker.invokeConfigurations(Invoker.java:211)
	at org.testng.internal.Invoker.invokeMethod(Invoker.java:703)
	at org.testng.internal.Invoker.invokeTestMethod(Invoker.java:816)
	at org.testng.internal.Invoker.invokeTestMethods(Invoker.java:1124)
	at org.testng.internal.TestMethodWorker.invokeTestMethods(TestMethodWorker.java:125)
	at org.testng.internal.TestMethodWorker.run(TestMethodWorker.java:108)
	at org.testng.TestRunner.privateRun(TestRunner.java:774)
	at org.testng.TestRunner.run(TestRunner.java:624)
	at org.testng.SuiteRunner.runTest(SuiteRunner.java:359)
	at org.testng.SuiteRunner.runSequentially(SuiteRunner.java:354)
	at org.testng.SuiteRunner.privateRun(SuiteRunner.java:312)
	at org.testng.SuiteRunner.run(SuiteRunner.java:261)
	at org.testng.SuiteRunnerWorker.runSuite(SuiteRunnerWorker.java:52)
	at org.testng.SuiteRunnerWorker.run(SuiteRunnerWorker.java:86)
	at org.testng.TestNG.runSuitesSequentially(TestNG.java:1215)
	at org.testng.TestNG.runSuitesLocally(TestNG.java:1140)
	at org.testng.TestNG.run(TestNG.java:1048)
	at com.eduven.utils.RunTestng.main(RunTestng.java:60)
</pre></div></td>
<td>0</td>
<td>com.eduven.testcase.SearchPageTestCasesForMeatLovers@9d5509a</td></tr>
<tr>
<td title='com.eduven.testcase.TasteBudPageTestCasesForMeatLovers.tearDown()'><b>tearDown</b><br>Test class: com.eduven.testcase.TasteBudPageTestCasesForMeatLovers<br>Parameters: [TestResult name=verifyAppNameTest status=FAILURE method=TasteBudPageTestCasesForMeatLovers.verifyAppNameTest()[pri:1, instance:com.eduven.testcase.TasteBudPageTestCasesForMeatLovers@179ece50] output={null}]</td>
<td><div><pre>org.openqa.selenium.remote.SessionNotFoundException: 
Command duration or timeout: 4 milliseconds
Build info: version: &apos;2.51.0&apos;, revision: &apos;1af067d&apos;, time: &apos;2016-02-05 19:11:55&apos;
System info: host: &apos;Bhardwaj.local&apos;, ip: &apos;10.30.30.61&apos;, os.name: &apos;Mac OS X&apos;, os.arch: &apos;x86_64&apos;, os.version: &apos;10.11.6&apos;, java.version: &apos;1.8.0_74&apos;
Driver info: io.appium.java_client.android.AndroidDriver
Capabilities [{app=/Users/hiteshbhardwaj/Desktop/Automation/app/RecipeFrameworkForAndroid/new/meat_lovers/CCMeatLovers.apk, appPackage=com.eduven.cc.meatlovers, networkConnectionEnabled=true, warnings={}, appiumVersion=1.4.13, databaseEnabled=false, deviceName=ZX1D63L8BN, platform=LINUX, appActivity=cc.eduven.com.chefchili.activity.Splash, desired={app=/Users/hiteshbhardwaj/Desktop/Automation/app/RecipeFrameworkForAndroid/new/meat_lovers/CCMeatLovers.apk, appPackage=com.eduven.cc.meatlovers, appActivity=cc.eduven.com.chefchili.activity.Splash, platformVersion=5.1, appiumVersion=1.4.13, automationName=Appium, platformName=Android, deviceName=ZX1D63L8BN}, platformVersion=6.0, webStorageEnabled=false, locationContextEnabled=false, automationName=Appium, browserName=Android, takesScreenshot=true, javascriptEnabled=true, platformName=Android}]
Session ID: 997b8444-8454-49a9-b588-b247d2f9b067
	at sun.reflect.NativeConstructorAccessorImpl.newInstance0(Native Method)
	at sun.reflect.NativeConstructorAccessorImpl.newInstance(NativeConstructorAccessorImpl.java:62)
	at sun.reflect.DelegatingConstructorAccessorImpl.newInstance(DelegatingConstructorAccessorImpl.java:45)
	at java.lang.reflect.Constructor.newInstance(Constructor.java:423)
	at org.openqa.selenium.remote.ErrorHandler.createThrowable(ErrorHandler.java:206)
	at org.openqa.selenium.remote.ErrorHandler.throwIfResponseFailed(ErrorHandler.java:164)
	at org.openqa.selenium.remote.RemoteWebDriver.execute(RemoteWebDriver.java:678)
	at io.appium.java_client.DefaultGenericMobileDriver.execute(DefaultGenericMobileDriver.java:43)
	at io.appium.java_client.AppiumDriver.execute(AppiumDriver.java:216)
	at org.openqa.selenium.remote.RemoteWebDriver.getScreenshotAs(RemoteWebDriver.java:335)
	at com.eduven.utils.ScreenShot.takescreenShotCapture(ScreenShot.java:25)
	at com.eduven.testcase.TasteBudPageTestCasesForMeatLovers.tearDown(TasteBudPageTestCasesForMeatLovers.java:164)
	at sun.reflect.NativeMethodAccessorImpl.invoke0(Native Method)
	at sun.reflect.NativeMethodAccessorImpl.invoke(NativeMethodAccessorImpl.java:62)
	at sun.reflect.DelegatingMethodAccessorImpl.invoke(DelegatingMethodAccessorImpl.java:43)
	at java.lang.reflect.Method.invoke(Method.java:498)
	at org.testng.internal.MethodInvocationHelper.invokeMethod(MethodInvocationHelper.java:85)
	at org.testng.internal.Invoker.invokeConfigurationMethod(Invoker.java:510)
	at org.testng.internal.Invoker.invokeConfigurations(Invoker.java:211)
	at org.testng.internal.Invoker.invokeMethod(Invoker.java:703)
	at org.testng.internal.Invoker.invokeTestMethod(Invoker.java:816)
	at org.testng.internal.Invoker.invokeTestMethods(Invoker.java:1124)
	at org.testng.internal.TestMethodWorker.invokeTestMethods(TestMethodWorker.java:125)
	at org.testng.internal.TestMethodWorker.run(TestMethodWorker.java:108)
	at org.testng.TestRunner.privateRun(TestRunner.java:774)
	at org.testng.TestRunner.run(TestRunner.java:624)
	at org.testng.SuiteRunner.runTest(SuiteRunner.java:359)
	at org.testng.SuiteRunner.runSequentially(SuiteRunner.java:354)
	at org.testng.SuiteRunner.privateRun(SuiteRunner.java:312)
	at org.testng.SuiteRunner.run(SuiteRunner.java:261)
	at org.testng.SuiteRunnerWorker.runSuite(SuiteRunnerWorker.java:52)
	at org.testng.SuiteRunnerWorker.run(SuiteRunnerWorker.java:86)
	at org.testng.TestNG.runSuitesSequentially(TestNG.java:1215)
	at org.testng.TestNG.runSuitesLocally(TestNG.java:1140)
	at org.testng.TestNG.run(TestNG.java:1048)
	at com.eduven.utils.RunTestng.main(RunTestng.java:60)
</pre></div><a href='#' onClick='toggleBox("stack-trace1437983537", this, "Click to show all stack frames", "Click to hide stack frames")'>Click to show all stack frames</a>
<div class='stack-trace' id='stack-trace1437983537'><pre>org.openqa.selenium.remote.SessionNotFoundException: 
Command duration or timeout: 4 milliseconds
Build info: version: &apos;2.51.0&apos;, revision: &apos;1af067d&apos;, time: &apos;2016-02-05 19:11:55&apos;
System info: host: &apos;Bhardwaj.local&apos;, ip: &apos;10.30.30.61&apos;, os.name: &apos;Mac OS X&apos;, os.arch: &apos;x86_64&apos;, os.version: &apos;10.11.6&apos;, java.version: &apos;1.8.0_74&apos;
Driver info: io.appium.java_client.android.AndroidDriver
Capabilities [{app=/Users/hiteshbhardwaj/Desktop/Automation/app/RecipeFrameworkForAndroid/new/meat_lovers/CCMeatLovers.apk, appPackage=com.eduven.cc.meatlovers, networkConnectionEnabled=true, warnings={}, appiumVersion=1.4.13, databaseEnabled=false, deviceName=ZX1D63L8BN, platform=LINUX, appActivity=cc.eduven.com.chefchili.activity.Splash, desired={app=/Users/hiteshbhardwaj/Desktop/Automation/app/RecipeFrameworkForAndroid/new/meat_lovers/CCMeatLovers.apk, appPackage=com.eduven.cc.meatlovers, appActivity=cc.eduven.com.chefchili.activity.Splash, platformVersion=5.1, appiumVersion=1.4.13, automationName=Appium, platformName=Android, deviceName=ZX1D63L8BN}, platformVersion=6.0, webStorageEnabled=false, locationContextEnabled=false, automationName=Appium, browserName=Android, takesScreenshot=true, javascriptEnabled=true, platformName=Android}]
Session ID: 997b8444-8454-49a9-b588-b247d2f9b067
	at sun.reflect.NativeConstructorAccessorImpl.newInstance0(Native Method)
	at sun.reflect.NativeConstructorAccessorImpl.newInstance(NativeConstructorAccessorImpl.java:62)
	at sun.reflect.DelegatingConstructorAccessorImpl.newInstance(DelegatingConstructorAccessorImpl.java:45)
	at java.lang.reflect.Constructor.newInstance(Constructor.java:423)
	at org.openqa.selenium.remote.ErrorHandler.createThrowable(ErrorHandler.java:206)
	at org.openqa.selenium.remote.ErrorHandler.throwIfResponseFailed(ErrorHandler.java:164)
	at org.openqa.selenium.remote.RemoteWebDriver.execute(RemoteWebDriver.java:678)
	at io.appium.java_client.DefaultGenericMobileDriver.execute(DefaultGenericMobileDriver.java:43)
	at io.appium.java_client.AppiumDriver.execute(AppiumDriver.java:216)
	at org.openqa.selenium.remote.RemoteWebDriver.getScreenshotAs(RemoteWebDriver.java:335)
	at com.eduven.utils.ScreenShot.takescreenShotCapture(ScreenShot.java:25)
	at com.eduven.testcase.TasteBudPageTestCasesForMeatLovers.tearDown(TasteBudPageTestCasesForMeatLovers.java:164)
	at sun.reflect.NativeMethodAccessorImpl.invoke0(Native Method)
	at sun.reflect.NativeMethodAccessorImpl.invoke(NativeMethodAccessorImpl.java:62)
	at sun.reflect.DelegatingMethodAccessorImpl.invoke(DelegatingMethodAccessorImpl.java:43)
	at java.lang.reflect.Method.invoke(Method.java:498)
	at org.testng.internal.MethodInvocationHelper.invokeMethod(MethodInvocationHelper.java:85)
	at org.testng.internal.Invoker.invokeConfigurationMethod(Invoker.java:510)
	at org.testng.internal.Invoker.invokeConfigurations(Invoker.java:211)
	at org.testng.internal.Invoker.invokeMethod(Invoker.java:703)
	at org.testng.internal.Invoker.invokeTestMethod(Invoker.java:816)
	at org.testng.internal.Invoker.invokeTestMethods(Invoker.java:1124)
	at org.testng.internal.TestMethodWorker.invokeTestMethods(TestMethodWorker.java:125)
	at org.testng.internal.TestMethodWorker.run(TestMethodWorker.java:108)
	at org.testng.TestRunner.privateRun(TestRunner.java:774)
	at org.testng.TestRunner.run(TestRunner.java:624)
	at org.testng.SuiteRunner.runTest(SuiteRunner.java:359)
	at org.testng.SuiteRunner.runSequentially(SuiteRunner.java:354)
	at org.testng.SuiteRunner.privateRun(SuiteRunner.java:312)
	at org.testng.SuiteRunner.run(SuiteRunner.java:261)
	at org.testng.SuiteRunnerWorker.runSuite(SuiteRunnerWorker.java:52)
	at org.testng.SuiteRunnerWorker.run(SuiteRunnerWorker.java:86)
	at org.testng.TestNG.runSuitesSequentially(TestNG.java:1215)
	at org.testng.TestNG.runSuitesLocally(TestNG.java:1140)
	at org.testng.TestNG.run(TestNG.java:1048)
	at com.eduven.utils.RunTestng.main(RunTestng.java:60)
</pre></div></td>
<td>0</td>
<td>com.eduven.testcase.TasteBudPageTestCasesForMeatLovers@179ece50</td></tr>
<tr>
<td title='com.eduven.testcase.TipsPageTestCases.tearDown()'><b>tearDown</b><br>Test class: com.eduven.testcase.TipsPageTestCases<br>Parameters: [TestResult name=verifyAppNameTest status=FAILURE method=TipsPageTestCases.verifyAppNameTest()[pri:1, instance:com.eduven.testcase.TipsPageTestCases@3b0090a4] output={null}]</td>
<td><div><pre>org.openqa.selenium.remote.SessionNotFoundException: 
Command duration or timeout: 6 milliseconds
Build info: version: &apos;2.51.0&apos;, revision: &apos;1af067d&apos;, time: &apos;2016-02-05 19:11:55&apos;
System info: host: &apos;Bhardwaj.local&apos;, ip: &apos;10.30.30.61&apos;, os.name: &apos;Mac OS X&apos;, os.arch: &apos;x86_64&apos;, os.version: &apos;10.11.6&apos;, java.version: &apos;1.8.0_74&apos;
Driver info: io.appium.java_client.android.AndroidDriver
Capabilities [{app=/Users/hiteshbhardwaj/Desktop/Automation/app/RecipeFrameworkForAndroid/new/meat_lovers/CCMeatLovers.apk, appPackage=com.eduven.cc.meatlovers, networkConnectionEnabled=true, warnings={}, appiumVersion=1.4.13, databaseEnabled=false, deviceName=ZX1D63L8BN, platform=LINUX, appActivity=cc.eduven.com.chefchili.activity.Splash, desired={app=/Users/hiteshbhardwaj/Desktop/Automation/app/RecipeFrameworkForAndroid/new/meat_lovers/CCMeatLovers.apk, appPackage=com.eduven.cc.meatlovers, appActivity=cc.eduven.com.chefchili.activity.Splash, platformVersion=5.1, appiumVersion=1.4.13, automationName=Appium, platformName=Android, deviceName=ZX1D63L8BN}, platformVersion=6.0, webStorageEnabled=false, locationContextEnabled=false, automationName=Appium, browserName=Android, takesScreenshot=true, javascriptEnabled=true, platformName=Android}]
Session ID: 997b8444-8454-49a9-b588-b247d2f9b067
	at sun.reflect.NativeConstructorAccessorImpl.newInstance0(Native Method)
	at sun.reflect.NativeConstructorAccessorImpl.newInstance(NativeConstructorAccessorImpl.java:62)
	at sun.reflect.DelegatingConstructorAccessorImpl.newInstance(DelegatingConstructorAccessorImpl.java:45)
	at java.lang.reflect.Constructor.newInstance(Constructor.java:423)
	at org.openqa.selenium.remote.ErrorHandler.createThrowable(ErrorHandler.java:206)
	at org.openqa.selenium.remote.ErrorHandler.throwIfResponseFailed(ErrorHandler.java:164)
	at org.openqa.selenium.remote.RemoteWebDriver.execute(RemoteWebDriver.java:678)
	at io.appium.java_client.DefaultGenericMobileDriver.execute(DefaultGenericMobileDriver.java:43)
	at io.appium.java_client.AppiumDriver.execute(AppiumDriver.java:216)
	at org.openqa.selenium.remote.RemoteWebDriver.getScreenshotAs(RemoteWebDriver.java:335)
	at com.eduven.utils.ScreenShot.takescreenShotCapture(ScreenShot.java:25)
	at com.eduven.testcase.TipsPageTestCases.tearDown(TipsPageTestCases.java:53)
	at sun.reflect.NativeMethodAccessorImpl.invoke0(Native Method)
	at sun.reflect.NativeMethodAccessorImpl.invoke(NativeMethodAccessorImpl.java:62)
	at sun.reflect.DelegatingMethodAccessorImpl.invoke(DelegatingMethodAccessorImpl.java:43)
	at java.lang.reflect.Method.invoke(Method.java:498)
	at org.testng.internal.MethodInvocationHelper.invokeMethod(MethodInvocationHelper.java:85)
	at org.testng.internal.Invoker.invokeConfigurationMethod(Invoker.java:510)
	at org.testng.internal.Invoker.invokeConfigurations(Invoker.java:211)
	at org.testng.internal.Invoker.invokeMethod(Invoker.java:703)
	at org.testng.internal.Invoker.invokeTestMethod(Invoker.java:816)
	at org.testng.internal.Invoker.invokeTestMethods(Invoker.java:1124)
	at org.testng.internal.TestMethodWorker.invokeTestMethods(TestMethodWorker.java:125)
	at org.testng.internal.TestMethodWorker.run(TestMethodWorker.java:108)
	at org.testng.TestRunner.privateRun(TestRunner.java:774)
	at org.testng.TestRunner.run(TestRunner.java:624)
	at org.testng.SuiteRunner.runTest(SuiteRunner.java:359)
	at org.testng.SuiteRunner.runSequentially(SuiteRunner.java:354)
	at org.testng.SuiteRunner.privateRun(SuiteRunner.java:312)
	at org.testng.SuiteRunner.run(SuiteRunner.java:261)
	at org.testng.SuiteRunnerWorker.runSuite(SuiteRunnerWorker.java:52)
	at org.testng.SuiteRunnerWorker.run(SuiteRunnerWorker.java:86)
	at org.testng.TestNG.runSuitesSequentially(TestNG.java:1215)
	at org.testng.TestNG.runSuitesLocally(TestNG.java:1140)
	at org.testng.TestNG.run(TestNG.java:1048)
	at com.eduven.utils.RunTestng.main(RunTestng.java:60)
</pre></div><a href='#' onClick='toggleBox("stack-trace467401150", this, "Click to show all stack frames", "Click to hide stack frames")'>Click to show all stack frames</a>
<div class='stack-trace' id='stack-trace467401150'><pre>org.openqa.selenium.remote.SessionNotFoundException: 
Command duration or timeout: 6 milliseconds
Build info: version: &apos;2.51.0&apos;, revision: &apos;1af067d&apos;, time: &apos;2016-02-05 19:11:55&apos;
System info: host: &apos;Bhardwaj.local&apos;, ip: &apos;10.30.30.61&apos;, os.name: &apos;Mac OS X&apos;, os.arch: &apos;x86_64&apos;, os.version: &apos;10.11.6&apos;, java.version: &apos;1.8.0_74&apos;
Driver info: io.appium.java_client.android.AndroidDriver
Capabilities [{app=/Users/hiteshbhardwaj/Desktop/Automation/app/RecipeFrameworkForAndroid/new/meat_lovers/CCMeatLovers.apk, appPackage=com.eduven.cc.meatlovers, networkConnectionEnabled=true, warnings={}, appiumVersion=1.4.13, databaseEnabled=false, deviceName=ZX1D63L8BN, platform=LINUX, appActivity=cc.eduven.com.chefchili.activity.Splash, desired={app=/Users/hiteshbhardwaj/Desktop/Automation/app/RecipeFrameworkForAndroid/new/meat_lovers/CCMeatLovers.apk, appPackage=com.eduven.cc.meatlovers, appActivity=cc.eduven.com.chefchili.activity.Splash, platformVersion=5.1, appiumVersion=1.4.13, automationName=Appium, platformName=Android, deviceName=ZX1D63L8BN}, platformVersion=6.0, webStorageEnabled=false, locationContextEnabled=false, automationName=Appium, browserName=Android, takesScreenshot=true, javascriptEnabled=true, platformName=Android}]
Session ID: 997b8444-8454-49a9-b588-b247d2f9b067
	at sun.reflect.NativeConstructorAccessorImpl.newInstance0(Native Method)
	at sun.reflect.NativeConstructorAccessorImpl.newInstance(NativeConstructorAccessorImpl.java:62)
	at sun.reflect.DelegatingConstructorAccessorImpl.newInstance(DelegatingConstructorAccessorImpl.java:45)
	at java.lang.reflect.Constructor.newInstance(Constructor.java:423)
	at org.openqa.selenium.remote.ErrorHandler.createThrowable(ErrorHandler.java:206)
	at org.openqa.selenium.remote.ErrorHandler.throwIfResponseFailed(ErrorHandler.java:164)
	at org.openqa.selenium.remote.RemoteWebDriver.execute(RemoteWebDriver.java:678)
	at io.appium.java_client.DefaultGenericMobileDriver.execute(DefaultGenericMobileDriver.java:43)
	at io.appium.java_client.AppiumDriver.execute(AppiumDriver.java:216)
	at org.openqa.selenium.remote.RemoteWebDriver.getScreenshotAs(RemoteWebDriver.java:335)
	at com.eduven.utils.ScreenShot.takescreenShotCapture(ScreenShot.java:25)
	at com.eduven.testcase.TipsPageTestCases.tearDown(TipsPageTestCases.java:53)
	at sun.reflect.NativeMethodAccessorImpl.invoke0(Native Method)
	at sun.reflect.NativeMethodAccessorImpl.invoke(NativeMethodAccessorImpl.java:62)
	at sun.reflect.DelegatingMethodAccessorImpl.invoke(DelegatingMethodAccessorImpl.java:43)
	at java.lang.reflect.Method.invoke(Method.java:498)
	at org.testng.internal.MethodInvocationHelper.invokeMethod(MethodInvocationHelper.java:85)
	at org.testng.internal.Invoker.invokeConfigurationMethod(Invoker.java:510)
	at org.testng.internal.Invoker.invokeConfigurations(Invoker.java:211)
	at org.testng.internal.Invoker.invokeMethod(Invoker.java:703)
	at org.testng.internal.Invoker.invokeTestMethod(Invoker.java:816)
	at org.testng.internal.Invoker.invokeTestMethods(Invoker.java:1124)
	at org.testng.internal.TestMethodWorker.invokeTestMethods(TestMethodWorker.java:125)
	at org.testng.internal.TestMethodWorker.run(TestMethodWorker.java:108)
	at org.testng.TestRunner.privateRun(TestRunner.java:774)
	at org.testng.TestRunner.run(TestRunner.java:624)
	at org.testng.SuiteRunner.runTest(SuiteRunner.java:359)
	at org.testng.SuiteRunner.runSequentially(SuiteRunner.java:354)
	at org.testng.SuiteRunner.privateRun(SuiteRunner.java:312)
	at org.testng.SuiteRunner.run(SuiteRunner.java:261)
	at org.testng.SuiteRunnerWorker.runSuite(SuiteRunnerWorker.java:52)
	at org.testng.SuiteRunnerWorker.run(SuiteRunnerWorker.java:86)
	at org.testng.TestNG.runSuitesSequentially(TestNG.java:1215)
	at org.testng.TestNG.runSuitesLocally(TestNG.java:1140)
	at org.testng.TestNG.run(TestNG.java:1048)
	at com.eduven.utils.RunTestng.main(RunTestng.java:60)
</pre></div></td>
<td>0</td>
<td>com.eduven.testcase.TipsPageTestCases@3b0090a4</td></tr>
<tr>
<td title='com.eduven.testcase.RecipeDetailPageTestCases.tearDown()'><b>tearDown</b><br>Test class: com.eduven.testcase.RecipeDetailPageTestCases<br>Parameters: [TestResult name=verifyAppNameTest status=FAILURE method=RecipeDetailPageTestCases.verifyAppNameTest()[pri:1, instance:com.eduven.testcase.RecipeDetailPageTestCases@3cd3e762] output={null}]</td>
<td><div><pre>org.openqa.selenium.remote.SessionNotFoundException: 
Command duration or timeout: 5 milliseconds
Build info: version: &apos;2.51.0&apos;, revision: &apos;1af067d&apos;, time: &apos;2016-02-05 19:11:55&apos;
System info: host: &apos;Bhardwaj.local&apos;, ip: &apos;10.30.30.61&apos;, os.name: &apos;Mac OS X&apos;, os.arch: &apos;x86_64&apos;, os.version: &apos;10.11.6&apos;, java.version: &apos;1.8.0_74&apos;
Driver info: io.appium.java_client.android.AndroidDriver
Capabilities [{app=/Users/hiteshbhardwaj/Desktop/Automation/app/RecipeFrameworkForAndroid/new/meat_lovers/CCMeatLovers.apk, appPackage=com.eduven.cc.meatlovers, networkConnectionEnabled=true, warnings={}, appiumVersion=1.4.13, databaseEnabled=false, deviceName=ZX1D63L8BN, platform=LINUX, appActivity=cc.eduven.com.chefchili.activity.Splash, desired={app=/Users/hiteshbhardwaj/Desktop/Automation/app/RecipeFrameworkForAndroid/new/meat_lovers/CCMeatLovers.apk, appPackage=com.eduven.cc.meatlovers, appActivity=cc.eduven.com.chefchili.activity.Splash, platformVersion=5.1, appiumVersion=1.4.13, automationName=Appium, platformName=Android, deviceName=ZX1D63L8BN}, platformVersion=6.0, webStorageEnabled=false, locationContextEnabled=false, automationName=Appium, browserName=Android, takesScreenshot=true, javascriptEnabled=true, platformName=Android}]
Session ID: 997b8444-8454-49a9-b588-b247d2f9b067
	at sun.reflect.NativeConstructorAccessorImpl.newInstance0(Native Method)
	at sun.reflect.NativeConstructorAccessorImpl.newInstance(NativeConstructorAccessorImpl.java:62)
	at sun.reflect.DelegatingConstructorAccessorImpl.newInstance(DelegatingConstructorAccessorImpl.java:45)
	at java.lang.reflect.Constructor.newInstance(Constructor.java:423)
	at org.openqa.selenium.remote.ErrorHandler.createThrowable(ErrorHandler.java:206)
	at org.openqa.selenium.remote.ErrorHandler.throwIfResponseFailed(ErrorHandler.java:164)
	at org.openqa.selenium.remote.RemoteWebDriver.execute(RemoteWebDriver.java:678)
	at io.appium.java_client.DefaultGenericMobileDriver.execute(DefaultGenericMobileDriver.java:43)
	at io.appium.java_client.AppiumDriver.execute(AppiumDriver.java:216)
	at org.openqa.selenium.remote.RemoteWebDriver.getScreenshotAs(RemoteWebDriver.java:335)
	at com.eduven.utils.ScreenShot.takescreenShotCapture(ScreenShot.java:25)
	at com.eduven.testcase.RecipeDetailPageTestCases.tearDown(RecipeDetailPageTestCases.java:149)
	at sun.reflect.NativeMethodAccessorImpl.invoke0(Native Method)
	at sun.reflect.NativeMethodAccessorImpl.invoke(NativeMethodAccessorImpl.java:62)
	at sun.reflect.DelegatingMethodAccessorImpl.invoke(DelegatingMethodAccessorImpl.java:43)
	at java.lang.reflect.Method.invoke(Method.java:498)
	at org.testng.internal.MethodInvocationHelper.invokeMethod(MethodInvocationHelper.java:85)
	at org.testng.internal.Invoker.invokeConfigurationMethod(Invoker.java:510)
	at org.testng.internal.Invoker.invokeConfigurations(Invoker.java:211)
	at org.testng.internal.Invoker.invokeMethod(Invoker.java:703)
	at org.testng.internal.Invoker.invokeTestMethod(Invoker.java:816)
	at org.testng.internal.Invoker.invokeTestMethods(Invoker.java:1124)
	at org.testng.internal.TestMethodWorker.invokeTestMethods(TestMethodWorker.java:125)
	at org.testng.internal.TestMethodWorker.run(TestMethodWorker.java:108)
	at org.testng.TestRunner.privateRun(TestRunner.java:774)
	at org.testng.TestRunner.run(TestRunner.java:624)
	at org.testng.SuiteRunner.runTest(SuiteRunner.java:359)
	at org.testng.SuiteRunner.runSequentially(SuiteRunner.java:354)
	at org.testng.SuiteRunner.privateRun(SuiteRunner.java:312)
	at org.testng.SuiteRunner.run(SuiteRunner.java:261)
	at org.testng.SuiteRunnerWorker.runSuite(SuiteRunnerWorker.java:52)
	at org.testng.SuiteRunnerWorker.run(SuiteRunnerWorker.java:86)
	at org.testng.TestNG.runSuitesSequentially(TestNG.java:1215)
	at org.testng.TestNG.runSuitesLocally(TestNG.java:1140)
	at org.testng.TestNG.run(TestNG.java:1048)
	at com.eduven.utils.RunTestng.main(RunTestng.java:60)
</pre></div><a href='#' onClick='toggleBox("stack-trace1617937669", this, "Click to show all stack frames", "Click to hide stack frames")'>Click to show all stack frames</a>
<div class='stack-trace' id='stack-trace1617937669'><pre>org.openqa.selenium.remote.SessionNotFoundException: 
Command duration or timeout: 5 milliseconds
Build info: version: &apos;2.51.0&apos;, revision: &apos;1af067d&apos;, time: &apos;2016-02-05 19:11:55&apos;
System info: host: &apos;Bhardwaj.local&apos;, ip: &apos;10.30.30.61&apos;, os.name: &apos;Mac OS X&apos;, os.arch: &apos;x86_64&apos;, os.version: &apos;10.11.6&apos;, java.version: &apos;1.8.0_74&apos;
Driver info: io.appium.java_client.android.AndroidDriver
Capabilities [{app=/Users/hiteshbhardwaj/Desktop/Automation/app/RecipeFrameworkForAndroid/new/meat_lovers/CCMeatLovers.apk, appPackage=com.eduven.cc.meatlovers, networkConnectionEnabled=true, warnings={}, appiumVersion=1.4.13, databaseEnabled=false, deviceName=ZX1D63L8BN, platform=LINUX, appActivity=cc.eduven.com.chefchili.activity.Splash, desired={app=/Users/hiteshbhardwaj/Desktop/Automation/app/RecipeFrameworkForAndroid/new/meat_lovers/CCMeatLovers.apk, appPackage=com.eduven.cc.meatlovers, appActivity=cc.eduven.com.chefchili.activity.Splash, platformVersion=5.1, appiumVersion=1.4.13, automationName=Appium, platformName=Android, deviceName=ZX1D63L8BN}, platformVersion=6.0, webStorageEnabled=false, locationContextEnabled=false, automationName=Appium, browserName=Android, takesScreenshot=true, javascriptEnabled=true, platformName=Android}]
Session ID: 997b8444-8454-49a9-b588-b247d2f9b067
	at sun.reflect.NativeConstructorAccessorImpl.newInstance0(Native Method)
	at sun.reflect.NativeConstructorAccessorImpl.newInstance(NativeConstructorAccessorImpl.java:62)
	at sun.reflect.DelegatingConstructorAccessorImpl.newInstance(DelegatingConstructorAccessorImpl.java:45)
	at java.lang.reflect.Constructor.newInstance(Constructor.java:423)
	at org.openqa.selenium.remote.ErrorHandler.createThrowable(ErrorHandler.java:206)
	at org.openqa.selenium.remote.ErrorHandler.throwIfResponseFailed(ErrorHandler.java:164)
	at org.openqa.selenium.remote.RemoteWebDriver.execute(RemoteWebDriver.java:678)
	at io.appium.java_client.DefaultGenericMobileDriver.execute(DefaultGenericMobileDriver.java:43)
	at io.appium.java_client.AppiumDriver.execute(AppiumDriver.java:216)
	at org.openqa.selenium.remote.RemoteWebDriver.getScreenshotAs(RemoteWebDriver.java:335)
	at com.eduven.utils.ScreenShot.takescreenShotCapture(ScreenShot.java:25)
	at com.eduven.testcase.RecipeDetailPageTestCases.tearDown(RecipeDetailPageTestCases.java:149)
	at sun.reflect.NativeMethodAccessorImpl.invoke0(Native Method)
	at sun.reflect.NativeMethodAccessorImpl.invoke(NativeMethodAccessorImpl.java:62)
	at sun.reflect.DelegatingMethodAccessorImpl.invoke(DelegatingMethodAccessorImpl.java:43)
	at java.lang.reflect.Method.invoke(Method.java:498)
	at org.testng.internal.MethodInvocationHelper.invokeMethod(MethodInvocationHelper.java:85)
	at org.testng.internal.Invoker.invokeConfigurationMethod(Invoker.java:510)
	at org.testng.internal.Invoker.invokeConfigurations(Invoker.java:211)
	at org.testng.internal.Invoker.invokeMethod(Invoker.java:703)
	at org.testng.internal.Invoker.invokeTestMethod(Invoker.java:816)
	at org.testng.internal.Invoker.invokeTestMethods(Invoker.java:1124)
	at org.testng.internal.TestMethodWorker.invokeTestMethods(TestMethodWorker.java:125)
	at org.testng.internal.TestMethodWorker.run(TestMethodWorker.java:108)
	at org.testng.TestRunner.privateRun(TestRunner.java:774)
	at org.testng.TestRunner.run(TestRunner.java:624)
	at org.testng.SuiteRunner.runTest(SuiteRunner.java:359)
	at org.testng.SuiteRunner.runSequentially(SuiteRunner.java:354)
	at org.testng.SuiteRunner.privateRun(SuiteRunner.java:312)
	at org.testng.SuiteRunner.run(SuiteRunner.java:261)
	at org.testng.SuiteRunnerWorker.runSuite(SuiteRunnerWorker.java:52)
	at org.testng.SuiteRunnerWorker.run(SuiteRunnerWorker.java:86)
	at org.testng.TestNG.runSuitesSequentially(TestNG.java:1215)
	at org.testng.TestNG.runSuitesLocally(TestNG.java:1140)
	at org.testng.TestNG.run(TestNG.java:1048)
	at com.eduven.utils.RunTestng.main(RunTestng.java:60)
</pre></div></td>
<td>0</td>
<td>com.eduven.testcase.RecipeDetailPageTestCases@3cd3e762</td></tr>
</table><p>
<table width='100%' border='1' class='invocation-skipped'>
<tr><td colspan='4' align='center'><b>SKIPPED CONFIGURATIONS</b></td></tr>
<tr><td><b>Test method</b></td>
<td width="30%"><b>Exception</b></td>
<td width="10%"><b>Time (seconds)</b></td>
<td><b>Instance</b></td>
</tr>
<tr>
<td title='com.eduven.testcase.EvMenuPageTestCases.tearDown()'><b>tearDown</b><br>Test class: com.eduven.testcase.EvMenuPageTestCases</td>
<td></td>
<td>0</td>
<td>com.eduven.testcase.EvMenuPageTestCases@1e800aaa</td></tr>
<tr>
<td title='com.eduven.testcase.EvMenuPageTestCases.tearDown()'><b>tearDown</b><br>Test class: com.eduven.testcase.EvMenuPageTestCases</td>
<td></td>
<td>0</td>
<td>com.eduven.testcase.EvMenuPageTestCases@1e800aaa</td></tr>
<tr>
<td title='com.eduven.testcase.EvMenuPageTestCases.tearDown()'><b>tearDown</b><br>Test class: com.eduven.testcase.EvMenuPageTestCases</td>
<td></td>
<td>0</td>
<td>com.eduven.testcase.EvMenuPageTestCases@1e800aaa</td></tr>
<tr>
<td title='com.eduven.testcase.EvMenuPageTestCases.tearDown()'><b>tearDown</b><br>Test class: com.eduven.testcase.EvMenuPageTestCases</td>
<td></td>
<td>0</td>
<td>com.eduven.testcase.EvMenuPageTestCases@1e800aaa</td></tr>
<tr>
<td title='com.eduven.testcase.EvMenuPageTestCases.tearDown()'><b>tearDown</b><br>Test class: com.eduven.testcase.EvMenuPageTestCases</td>
<td></td>
<td>0</td>
<td>com.eduven.testcase.EvMenuPageTestCases@1e800aaa</td></tr>
<tr>
<td title='com.eduven.testcase.EvMenuPageTestCases.tearDown()'><b>tearDown</b><br>Test class: com.eduven.testcase.EvMenuPageTestCases</td>
<td></td>
<td>0</td>
<td>com.eduven.testcase.EvMenuPageTestCases@1e800aaa</td></tr>
<tr>
<td title='com.eduven.testcase.EvMenuPageTestCases.tearDown()'><b>tearDown</b><br>Test class: com.eduven.testcase.EvMenuPageTestCases</td>
<td></td>
<td>0</td>
<td>com.eduven.testcase.EvMenuPageTestCases@1e800aaa</td></tr>
<tr>
<td title='com.eduven.testcase.EvMenuPageTestCases.tearDown()'><b>tearDown</b><br>Test class: com.eduven.testcase.EvMenuPageTestCases</td>
<td></td>
<td>0</td>
<td>com.eduven.testcase.EvMenuPageTestCases@1e800aaa</td></tr>
<tr>
<td title='com.eduven.testcase.EvMenuPageTestCases.tearDown()'><b>tearDown</b><br>Test class: com.eduven.testcase.EvMenuPageTestCases</td>
<td></td>
<td>0</td>
<td>com.eduven.testcase.EvMenuPageTestCases@1e800aaa</td></tr>
<tr>
<td title='com.eduven.testcase.FilterPageTestCasesForMeatLovers.tearDown()'><b>tearDown</b><br>Test class: com.eduven.testcase.FilterPageTestCasesForMeatLovers</td>
<td></td>
<td>0</td>
<td>com.eduven.testcase.FilterPageTestCasesForMeatLovers@185a6e9</td></tr>
<tr>
<td title='com.eduven.testcase.FilterPageTestCasesForMeatLovers.tearDown()'><b>tearDown</b><br>Test class: com.eduven.testcase.FilterPageTestCasesForMeatLovers</td>
<td></td>
<td>0</td>
<td>com.eduven.testcase.FilterPageTestCasesForMeatLovers@185a6e9</td></tr>
<tr>
<td title='com.eduven.testcase.FilterPageTestCasesForMeatLovers.tearDown()'><b>tearDown</b><br>Test class: com.eduven.testcase.FilterPageTestCasesForMeatLovers</td>
<td></td>
<td>0</td>
<td>com.eduven.testcase.FilterPageTestCasesForMeatLovers@185a6e9</td></tr>
<tr>
<td title='com.eduven.testcase.FilterPageTestCasesForMeatLovers.tearDown()'><b>tearDown</b><br>Test class: com.eduven.testcase.FilterPageTestCasesForMeatLovers</td>
<td></td>
<td>0</td>
<td>com.eduven.testcase.FilterPageTestCasesForMeatLovers@185a6e9</td></tr>
<tr>
<td title='com.eduven.testcase.FilterPageTestCasesForMeatLovers.tearDown()'><b>tearDown</b><br>Test class: com.eduven.testcase.FilterPageTestCasesForMeatLovers</td>
<td></td>
<td>0</td>
<td>com.eduven.testcase.FilterPageTestCasesForMeatLovers@185a6e9</td></tr>
<tr>
<td title='com.eduven.testcase.FilterPageTestCasesForMeatLovers.tearDown()'><b>tearDown</b><br>Test class: com.eduven.testcase.FilterPageTestCasesForMeatLovers</td>
<td></td>
<td>0</td>
<td>com.eduven.testcase.FilterPageTestCasesForMeatLovers@185a6e9</td></tr>
<tr>
<td title='com.eduven.testcase.FilterPageTestCasesForMeatLovers.tearDown()'><b>tearDown</b><br>Test class: com.eduven.testcase.FilterPageTestCasesForMeatLovers</td>
<td></td>
<td>0</td>
<td>com.eduven.testcase.FilterPageTestCasesForMeatLovers@185a6e9</td></tr>
<tr>
<td title='com.eduven.testcase.FilterPageTestCasesForMeatLovers.tearDown()'><b>tearDown</b><br>Test class: com.eduven.testcase.FilterPageTestCasesForMeatLovers</td>
<td></td>
<td>0</td>
<td>com.eduven.testcase.FilterPageTestCasesForMeatLovers@185a6e9</td></tr>
<tr>
<td title='com.eduven.testcase.AllRecipesPageTestCasesForMeatLovers.tearDown()'><b>tearDown</b><br>Test class: com.eduven.testcase.AllRecipesPageTestCasesForMeatLovers</td>
<td></td>
<td>0</td>
<td>com.eduven.testcase.AllRecipesPageTestCasesForMeatLovers@6f03482</td></tr>
<tr>
<td title='com.eduven.testcase.AllRecipesPageTestCasesForMeatLovers.tearDown()'><b>tearDown</b><br>Test class: com.eduven.testcase.AllRecipesPageTestCasesForMeatLovers</td>
<td></td>
<td>0</td>
<td>com.eduven.testcase.AllRecipesPageTestCasesForMeatLovers@6f03482</td></tr>
<tr>
<td title='com.eduven.testcase.AllRecipesPageTestCasesForMeatLovers.tearDown()'><b>tearDown</b><br>Test class: com.eduven.testcase.AllRecipesPageTestCasesForMeatLovers</td>
<td></td>
<td>0</td>
<td>com.eduven.testcase.AllRecipesPageTestCasesForMeatLovers@6f03482</td></tr>
<tr>
<td title='com.eduven.testcase.AllRecipesPageTestCasesForMeatLovers.tearDown()'><b>tearDown</b><br>Test class: com.eduven.testcase.AllRecipesPageTestCasesForMeatLovers</td>
<td></td>
<td>0</td>
<td>com.eduven.testcase.AllRecipesPageTestCasesForMeatLovers@6f03482</td></tr>
<tr>
<td title='com.eduven.testcase.SearchPageTestCasesForMeatLovers.tearDown()'><b>tearDown</b><br>Test class: com.eduven.testcase.SearchPageTestCasesForMeatLovers</td>
<td></td>
<td>0</td>
<td>com.eduven.testcase.SearchPageTestCasesForMeatLovers@9d5509a</td></tr>
<tr>
<td title='com.eduven.testcase.SearchPageTestCasesForMeatLovers.tearDown()'><b>tearDown</b><br>Test class: com.eduven.testcase.SearchPageTestCasesForMeatLovers</td>
<td></td>
<td>0</td>
<td>com.eduven.testcase.SearchPageTestCasesForMeatLovers@9d5509a</td></tr>
<tr>
<td title='com.eduven.testcase.SearchPageTestCasesForMeatLovers.tearDown()'><b>tearDown</b><br>Test class: com.eduven.testcase.SearchPageTestCasesForMeatLovers</td>
<td></td>
<td>0</td>
<td>com.eduven.testcase.SearchPageTestCasesForMeatLovers@9d5509a</td></tr>
<tr>
<td title='com.eduven.testcase.SearchPageTestCasesForMeatLovers.tearDown()'><b>tearDown</b><br>Test class: com.eduven.testcase.SearchPageTestCasesForMeatLovers</td>
<td></td>
<td>0</td>
<td>com.eduven.testcase.SearchPageTestCasesForMeatLovers@9d5509a</td></tr>
<tr>
<td title='com.eduven.testcase.SearchPageTestCasesForMeatLovers.tearDown()'><b>tearDown</b><br>Test class: com.eduven.testcase.SearchPageTestCasesForMeatLovers</td>
<td></td>
<td>0</td>
<td>com.eduven.testcase.SearchPageTestCasesForMeatLovers@9d5509a</td></tr>
<tr>
<td title='com.eduven.testcase.SearchPageTestCasesForMeatLovers.tearDown()'><b>tearDown</b><br>Test class: com.eduven.testcase.SearchPageTestCasesForMeatLovers</td>
<td></td>
<td>0</td>
<td>com.eduven.testcase.SearchPageTestCasesForMeatLovers@9d5509a</td></tr>
<tr>
<td title='com.eduven.testcase.SearchPageTestCasesForMeatLovers.tearDown()'><b>tearDown</b><br>Test class: com.eduven.testcase.SearchPageTestCasesForMeatLovers</td>
<td></td>
<td>0</td>
<td>com.eduven.testcase.SearchPageTestCasesForMeatLovers@9d5509a</td></tr>
<tr>
<td title='com.eduven.testcase.SearchPageTestCasesForMeatLovers.tearDown()'><b>tearDown</b><br>Test class: com.eduven.testcase.SearchPageTestCasesForMeatLovers</td>
<td></td>
<td>0</td>
<td>com.eduven.testcase.SearchPageTestCasesForMeatLovers@9d5509a</td></tr>
<tr>
<td title='com.eduven.testcase.SearchPageTestCasesForMeatLovers.tearDown()'><b>tearDown</b><br>Test class: com.eduven.testcase.SearchPageTestCasesForMeatLovers</td>
<td></td>
<td>0</td>
<td>com.eduven.testcase.SearchPageTestCasesForMeatLovers@9d5509a</td></tr>
<tr>
<td title='com.eduven.testcase.SearchPageTestCasesForMeatLovers.tearDown()'><b>tearDown</b><br>Test class: com.eduven.testcase.SearchPageTestCasesForMeatLovers</td>
<td></td>
<td>0</td>
<td>com.eduven.testcase.SearchPageTestCasesForMeatLovers@9d5509a</td></tr>
<tr>
<td title='com.eduven.testcase.TasteBudPageTestCasesForMeatLovers.tearDown()'><b>tearDown</b><br>Test class: com.eduven.testcase.TasteBudPageTestCasesForMeatLovers</td>
<td></td>
<td>0</td>
<td>com.eduven.testcase.TasteBudPageTestCasesForMeatLovers@179ece50</td></tr>
<tr>
<td title='com.eduven.testcase.TasteBudPageTestCasesForMeatLovers.tearDown()'><b>tearDown</b><br>Test class: com.eduven.testcase.TasteBudPageTestCasesForMeatLovers</td>
<td></td>
<td>0</td>
<td>com.eduven.testcase.TasteBudPageTestCasesForMeatLovers@179ece50</td></tr>
<tr>
<td title='com.eduven.testcase.TasteBudPageTestCasesForMeatLovers.tearDown()'><b>tearDown</b><br>Test class: com.eduven.testcase.TasteBudPageTestCasesForMeatLovers</td>
<td></td>
<td>0</td>
<td>com.eduven.testcase.TasteBudPageTestCasesForMeatLovers@179ece50</td></tr>
<tr>
<td title='com.eduven.testcase.TasteBudPageTestCasesForMeatLovers.tearDown()'><b>tearDown</b><br>Test class: com.eduven.testcase.TasteBudPageTestCasesForMeatLovers</td>
<td></td>
<td>0</td>
<td>com.eduven.testcase.TasteBudPageTestCasesForMeatLovers@179ece50</td></tr>
<tr>
<td title='com.eduven.testcase.TasteBudPageTestCasesForMeatLovers.tearDown()'><b>tearDown</b><br>Test class: com.eduven.testcase.TasteBudPageTestCasesForMeatLovers</td>
<td></td>
<td>0</td>
<td>com.eduven.testcase.TasteBudPageTestCasesForMeatLovers@179ece50</td></tr>
<tr>
<td title='com.eduven.testcase.TasteBudPageTestCasesForMeatLovers.tearDown()'><b>tearDown</b><br>Test class: com.eduven.testcase.TasteBudPageTestCasesForMeatLovers</td>
<td></td>
<td>0</td>
<td>com.eduven.testcase.TasteBudPageTestCasesForMeatLovers@179ece50</td></tr>
<tr>
<td title='com.eduven.testcase.TasteBudPageTestCasesForMeatLovers.tearDown()'><b>tearDown</b><br>Test class: com.eduven.testcase.TasteBudPageTestCasesForMeatLovers</td>
<td></td>
<td>0</td>
<td>com.eduven.testcase.TasteBudPageTestCasesForMeatLovers@179ece50</td></tr>
<tr>
<td title='com.eduven.testcase.TasteBudPageTestCasesForMeatLovers.tearDown()'><b>tearDown</b><br>Test class: com.eduven.testcase.TasteBudPageTestCasesForMeatLovers</td>
<td></td>
<td>0</td>
<td>com.eduven.testcase.TasteBudPageTestCasesForMeatLovers@179ece50</td></tr>
<tr>
<td title='com.eduven.testcase.TasteBudPageTestCasesForMeatLovers.tearDown()'><b>tearDown</b><br>Test class: com.eduven.testcase.TasteBudPageTestCasesForMeatLovers</td>
<td></td>
<td>0</td>
<td>com.eduven.testcase.TasteBudPageTestCasesForMeatLovers@179ece50</td></tr>
<tr>
<td title='com.eduven.testcase.TasteBudPageTestCasesForMeatLovers.tearDown()'><b>tearDown</b><br>Test class: com.eduven.testcase.TasteBudPageTestCasesForMeatLovers</td>
<td></td>
<td>0</td>
<td>com.eduven.testcase.TasteBudPageTestCasesForMeatLovers@179ece50</td></tr>
<tr>
<td title='com.eduven.testcase.TasteBudPageTestCasesForMeatLovers.tearDown()'><b>tearDown</b><br>Test class: com.eduven.testcase.TasteBudPageTestCasesForMeatLovers</td>
<td></td>
<td>0</td>
<td>com.eduven.testcase.TasteBudPageTestCasesForMeatLovers@179ece50</td></tr>
<tr>
<td title='com.eduven.testcase.TasteBudPageTestCasesForMeatLovers.tearDown()'><b>tearDown</b><br>Test class: com.eduven.testcase.TasteBudPageTestCasesForMeatLovers</td>
<td></td>
<td>0</td>
<td>com.eduven.testcase.TasteBudPageTestCasesForMeatLovers@179ece50</td></tr>
<tr>
<td title='com.eduven.testcase.TasteBudPageTestCasesForMeatLovers.tearDown()'><b>tearDown</b><br>Test class: com.eduven.testcase.TasteBudPageTestCasesForMeatLovers</td>
<td></td>
<td>0</td>
<td>com.eduven.testcase.TasteBudPageTestCasesForMeatLovers@179ece50</td></tr>
<tr>
<td title='com.eduven.testcase.TasteBudPageTestCasesForMeatLovers.tearDown()'><b>tearDown</b><br>Test class: com.eduven.testcase.TasteBudPageTestCasesForMeatLovers</td>
<td></td>
<td>0</td>
<td>com.eduven.testcase.TasteBudPageTestCasesForMeatLovers@179ece50</td></tr>
<tr>
<td title='com.eduven.testcase.TasteBudPageTestCasesForMeatLovers.tearDown()'><b>tearDown</b><br>Test class: com.eduven.testcase.TasteBudPageTestCasesForMeatLovers</td>
<td></td>
<td>0</td>
<td>com.eduven.testcase.TasteBudPageTestCasesForMeatLovers@179ece50</td></tr>
<tr>
<td title='com.eduven.testcase.TipsPageTestCases.tearDown()'><b>tearDown</b><br>Test class: com.eduven.testcase.TipsPageTestCases</td>
<td></td>
<td>0</td>
<td>com.eduven.testcase.TipsPageTestCases@3b0090a4</td></tr>
<tr>
<td title='com.eduven.testcase.TipsPageTestCases.tearDown()'><b>tearDown</b><br>Test class: com.eduven.testcase.TipsPageTestCases</td>
<td></td>
<td>0</td>
<td>com.eduven.testcase.TipsPageTestCases@3b0090a4</td></tr>
<tr>
<td title='com.eduven.testcase.TipsPageTestCases.tearDown()'><b>tearDown</b><br>Test class: com.eduven.testcase.TipsPageTestCases</td>
<td></td>
<td>0</td>
<td>com.eduven.testcase.TipsPageTestCases@3b0090a4</td></tr>
<tr>
<td title='com.eduven.testcase.TipsPageTestCases.tearDown()'><b>tearDown</b><br>Test class: com.eduven.testcase.TipsPageTestCases</td>
<td></td>
<td>0</td>
<td>com.eduven.testcase.TipsPageTestCases@3b0090a4</td></tr>
<tr>
<td title='com.eduven.testcase.RecipeDetailPageTestCases.tearDown()'><b>tearDown</b><br>Test class: com.eduven.testcase.RecipeDetailPageTestCases</td>
<td></td>
<td>0</td>
<td>com.eduven.testcase.RecipeDetailPageTestCases@3cd3e762</td></tr>
<tr>
<td title='com.eduven.testcase.RecipeDetailPageTestCases.tearDown()'><b>tearDown</b><br>Test class: com.eduven.testcase.RecipeDetailPageTestCases</td>
<td></td>
<td>0</td>
<td>com.eduven.testcase.RecipeDetailPageTestCases@3cd3e762</td></tr>
<tr>
<td title='com.eduven.testcase.RecipeDetailPageTestCases.tearDown()'><b>tearDown</b><br>Test class: com.eduven.testcase.RecipeDetailPageTestCases</td>
<td></td>
<td>0</td>
<td>com.eduven.testcase.RecipeDetailPageTestCases@3cd3e762</td></tr>
<tr>
<td title='com.eduven.testcase.RecipeDetailPageTestCases.tearDown()'><b>tearDown</b><br>Test class: com.eduven.testcase.RecipeDetailPageTestCases</td>
<td></td>
<td>0</td>
<td>com.eduven.testcase.RecipeDetailPageTestCases@3cd3e762</td></tr>
<tr>
<td title='com.eduven.testcase.RecipeDetailPageTestCases.tearDown()'><b>tearDown</b><br>Test class: com.eduven.testcase.RecipeDetailPageTestCases</td>
<td></td>
<td>0</td>
<td>com.eduven.testcase.RecipeDetailPageTestCases@3cd3e762</td></tr>
<tr>
<td title='com.eduven.testcase.RecipeDetailPageTestCases.tearDown()'><b>tearDown</b><br>Test class: com.eduven.testcase.RecipeDetailPageTestCases</td>
<td></td>
<td>0</td>
<td>com.eduven.testcase.RecipeDetailPageTestCases@3cd3e762</td></tr>
<tr>
<td title='com.eduven.testcase.RecipeDetailPageTestCases.tearDown()'><b>tearDown</b><br>Test class: com.eduven.testcase.RecipeDetailPageTestCases</td>
<td></td>
<td>0</td>
<td>com.eduven.testcase.RecipeDetailPageTestCases@3cd3e762</td></tr>
<tr>
<td title='com.eduven.testcase.RecipeDetailPageTestCases.tearDown()'><b>tearDown</b><br>Test class: com.eduven.testcase.RecipeDetailPageTestCases</td>
<td></td>
<td>0</td>
<td>com.eduven.testcase.RecipeDetailPageTestCases@3cd3e762</td></tr>
<tr>
<td title='com.eduven.testcase.RecipeDetailPageTestCases.tearDown()'><b>tearDown</b><br>Test class: com.eduven.testcase.RecipeDetailPageTestCases</td>
<td></td>
<td>0</td>
<td>com.eduven.testcase.RecipeDetailPageTestCases@3cd3e762</td></tr>
<tr>
<td title='com.eduven.testcase.RecipeDetailPageTestCases.tearDown()'><b>tearDown</b><br>Test class: com.eduven.testcase.RecipeDetailPageTestCases</td>
<td></td>
<td>0</td>
<td>com.eduven.testcase.RecipeDetailPageTestCases@3cd3e762</td></tr>
<tr>
<td title='com.eduven.testcase.RecipeDetailPageTestCases.tearDown()'><b>tearDown</b><br>Test class: com.eduven.testcase.RecipeDetailPageTestCases</td>
<td></td>
<td>0</td>
<td>com.eduven.testcase.RecipeDetailPageTestCases@3cd3e762</td></tr>
<tr>
<td title='com.eduven.testcase.RecipeDetailPageTestCases.tearDown()'><b>tearDown</b><br>Test class: com.eduven.testcase.RecipeDetailPageTestCases</td>
<td></td>
<td>0</td>
<td>com.eduven.testcase.RecipeDetailPageTestCases@3cd3e762</td></tr>
<tr>
<td title='com.eduven.testcase.RecipeDetailPageTestCases.tearDown()'><b>tearDown</b><br>Test class: com.eduven.testcase.RecipeDetailPageTestCases</td>
<td></td>
<td>0</td>
<td>com.eduven.testcase.RecipeDetailPageTestCases@3cd3e762</td></tr>
<tr>
<td title='com.eduven.testcase.RecipeDetailPageTestCases.tearDown()'><b>tearDown</b><br>Test class: com.eduven.testcase.RecipeDetailPageTestCases</td>
<td></td>
<td>0</td>
<td>com.eduven.testcase.RecipeDetailPageTestCases@3cd3e762</td></tr>
<tr>
<td title='com.eduven.testcase.EvMenuPageTestCases.close_app()'><b>close_app</b><br>Test class: com.eduven.testcase.EvMenuPageTestCases</td>
<td></td>
<td>0</td>
<td>com.eduven.testcase.EvMenuPageTestCases@1e800aaa</td></tr>
<tr>
<td title='com.eduven.testcase.FilterPageTestCasesForMeatLovers.closeApp()'><b>closeApp</b><br>Test class: com.eduven.testcase.FilterPageTestCasesForMeatLovers</td>
<td></td>
<td>0</td>
<td>com.eduven.testcase.FilterPageTestCasesForMeatLovers@185a6e9</td></tr>
<tr>
<td title='com.eduven.testcase.AllRecipesPageTestCasesForMeatLovers.close_app()'><b>close_app</b><br>Test class: com.eduven.testcase.AllRecipesPageTestCasesForMeatLovers</td>
<td></td>
<td>0</td>
<td>com.eduven.testcase.AllRecipesPageTestCasesForMeatLovers@6f03482</td></tr>
<tr>
<td title='com.eduven.testcase.SearchPageTestCasesForMeatLovers.closeApp()'><b>closeApp</b><br>Test class: com.eduven.testcase.SearchPageTestCasesForMeatLovers</td>
<td></td>
<td>0</td>
<td>com.eduven.testcase.SearchPageTestCasesForMeatLovers@9d5509a</td></tr>
<tr>
<td title='com.eduven.testcase.TasteBudPageTestCasesForMeatLovers.closeApp()'><b>closeApp</b><br>Test class: com.eduven.testcase.TasteBudPageTestCasesForMeatLovers</td>
<td></td>
<td>0</td>
<td>com.eduven.testcase.TasteBudPageTestCasesForMeatLovers@179ece50</td></tr>
<tr>
<td title='com.eduven.testcase.TipsPageTestCases.closeApp()'><b>closeApp</b><br>Test class: com.eduven.testcase.TipsPageTestCases</td>
<td></td>
<td>0</td>
<td>com.eduven.testcase.TipsPageTestCases@3b0090a4</td></tr>
<tr>
<td title='com.eduven.testcase.RecipeDetailPageTestCases.resetApp()'><b>resetApp</b><br>Test class: com.eduven.testcase.RecipeDetailPageTestCases</td>
<td></td>
<td>0</td>
<td>com.eduven.testcase.RecipeDetailPageTestCases@3cd3e762</td></tr>
</table><p>
<table width='100%' border='1' class='invocation-failed'>
<tr><td colspan='4' align='center'><b>FAILED TESTS</b></td></tr>
<tr><td><b>Test method</b></td>
<td width="30%"><b>Exception</b></td>
<td width="10%"><b>Time (seconds)</b></td>
<td><b>Instance</b></td>
</tr>
<tr>
<td title='com.eduven.testcase.EduBankPageTestCases.edubankRemoveRecipeNameFromEduBankTest()'><b>edubankRemoveRecipeNameFromEduBankTest</b><br>Test class: com.eduven.testcase.EduBankPageTestCases</td>
<td><div><pre>java.lang.AssertionError: Error Mesage!!Toast Message not matched with expected one. expected [true] but found [false]
	at org.testng.Assert.fail(Assert.java:94)
	at org.testng.Assert.failNotEquals(Assert.java:496)
	at org.testng.Assert.assertTrue(Assert.java:42)
	at com.eduven.utils.Reusables.verifyToastMessageUsingImage(Reusables.java:842)
	at com.eduven.modules.EduBank.removeAllRecipeFromEduBank(EduBank.java:199)
	at com.eduven.testcase.EduBankPageTestCases.edubankRemoveRecipeNameFromEduBankTest(EduBankPageTestCases.java:78)
	at sun.reflect.NativeMethodAccessorImpl.invoke0(Native Method)
	at sun.reflect.NativeMethodAccessorImpl.invoke(NativeMethodAccessorImpl.java:62)
	at sun.reflect.DelegatingMethodAccessorImpl.invoke(DelegatingMethodAccessorImpl.java:43)
	at java.lang.reflect.Method.invoke(Method.java:498)
	at org.testng.internal.MethodInvocationHelper.invokeMethod(MethodInvocationHelper.java:85)
	at org.testng.internal.Invoker.invokeMethod(Invoker.java:639)
	at org.testng.internal.Invoker.invokeTestMethod(Invoker.java:816)
	at org.testng.internal.Invoker.invokeTestMethods(Invoker.java:1124)
	at org.testng.internal.TestMethodWorker.invokeTestMethods(TestMethodWorker.java:125)
	at org.testng.internal.TestMethodWorker.run(TestMethodWorker.java:108)
	at org.testng.TestRunner.privateRun(TestRunner.java:774)
	at org.testng.TestRunner.run(TestRunner.java:624)
	at org.testng.SuiteRunner.runTest(SuiteRunner.java:359)
	at org.testng.SuiteRunner.runSequentially(SuiteRunner.java:354)
	at org.testng.SuiteRunner.privateRun(SuiteRunner.java:312)
	at org.testng.SuiteRunner.run(SuiteRunner.java:261)
	at org.testng.SuiteRunnerWorker.runSuite(SuiteRunnerWorker.java:52)
	at org.testng.SuiteRunnerWorker.run(SuiteRunnerWorker.java:86)
	at org.testng.TestNG.runSuitesSequentially(TestNG.java:1215)
	at org.testng.TestNG.runSuitesLocally(TestNG.java:1140)
	at org.testng.TestNG.run(TestNG.java:1048)
	at com.eduven.utils.RunTestng.main(RunTestng.java:60)
</pre></div><a href='#' onClick='toggleBox("stack-trace1630841930", this, "Click to show all stack frames", "Click to hide stack frames")'>Click to show all stack frames</a>
<div class='stack-trace' id='stack-trace1630841930'><pre>java.lang.AssertionError: Error Mesage!!Toast Message not matched with expected one. expected [true] but found [false]
	at org.testng.Assert.fail(Assert.java:94)
	at org.testng.Assert.failNotEquals(Assert.java:496)
	at org.testng.Assert.assertTrue(Assert.java:42)
	at com.eduven.utils.Reusables.verifyToastMessageUsingImage(Reusables.java:842)
	at com.eduven.modules.EduBank.removeAllRecipeFromEduBank(EduBank.java:199)
	at com.eduven.testcase.EduBankPageTestCases.edubankRemoveRecipeNameFromEduBankTest(EduBankPageTestCases.java:78)
	at sun.reflect.NativeMethodAccessorImpl.invoke0(Native Method)
	at sun.reflect.NativeMethodAccessorImpl.invoke(NativeMethodAccessorImpl.java:62)
	at sun.reflect.DelegatingMethodAccessorImpl.invoke(DelegatingMethodAccessorImpl.java:43)
	at java.lang.reflect.Method.invoke(Method.java:498)
	at org.testng.internal.MethodInvocationHelper.invokeMethod(MethodInvocationHelper.java:85)
	at org.testng.internal.Invoker.invokeMethod(Invoker.java:639)
	at org.testng.internal.Invoker.invokeTestMethod(Invoker.java:816)
	at org.testng.internal.Invoker.invokeTestMethods(Invoker.java:1124)
	at org.testng.internal.TestMethodWorker.invokeTestMethods(TestMethodWorker.java:125)
	at org.testng.internal.TestMethodWorker.run(TestMethodWorker.java:108)
	at org.testng.TestRunner.privateRun(TestRunner.java:774)
	at org.testng.TestRunner.run(TestRunner.java:624)
	at org.testng.SuiteRunner.runTest(SuiteRunner.java:359)
	at org.testng.SuiteRunner.runSequentially(SuiteRunner.java:354)
	at org.testng.SuiteRunner.privateRun(SuiteRunner.java:312)
	at org.testng.SuiteRunner.run(SuiteRunner.java:261)
	at org.testng.SuiteRunnerWorker.runSuite(SuiteRunnerWorker.java:52)
	at org.testng.SuiteRunnerWorker.run(SuiteRunnerWorker.java:86)
	at org.testng.TestNG.runSuitesSequentially(TestNG.java:1215)
	at org.testng.TestNG.runSuitesLocally(TestNG.java:1140)
	at org.testng.TestNG.run(TestNG.java:1048)
	at com.eduven.utils.RunTestng.main(RunTestng.java:60)
</pre></div></td>
<td>8</td>
<td>com.eduven.testcase.EduBankPageTestCases@5bda8e08</td></tr>
<tr>
<td title='com.eduven.testcase.EvMenuPageTestCases.evmenuContributeWithIngredientsTest()'><b>evmenuContributeWithIngredientsTest</b><br>Test class: com.eduven.testcase.EvMenuPageTestCases</td>
<td><div><pre>org.openqa.selenium.WebDriverException: An unknown server-side error occurred while processing the command. (WARNING: The server did not provide any stacktrace information)
Command duration or timeout: 30.47 seconds
Build info: version: &apos;2.51.0&apos;, revision: &apos;1af067d&apos;, time: &apos;2016-02-05 19:11:55&apos;
System info: host: &apos;Bhardwaj.local&apos;, ip: &apos;10.30.30.61&apos;, os.name: &apos;Mac OS X&apos;, os.arch: &apos;x86_64&apos;, os.version: &apos;10.11.6&apos;, java.version: &apos;1.8.0_74&apos;
Driver info: io.appium.java_client.android.AndroidDriver
Capabilities [{app=/Users/hiteshbhardwaj/Desktop/Automation/app/RecipeFrameworkForAndroid/new/meat_lovers/CCMeatLovers.apk, appPackage=com.eduven.cc.meatlovers, networkConnectionEnabled=true, warnings={}, appiumVersion=1.4.13, databaseEnabled=false, deviceName=ZX1D63L8BN, platform=LINUX, appActivity=cc.eduven.com.chefchili.activity.Splash, desired={app=/Users/hiteshbhardwaj/Desktop/Automation/app/RecipeFrameworkForAndroid/new/meat_lovers/CCMeatLovers.apk, appPackage=com.eduven.cc.meatlovers, appActivity=cc.eduven.com.chefchili.activity.Splash, platformVersion=5.1, appiumVersion=1.4.13, automationName=Appium, platformName=Android, deviceName=ZX1D63L8BN}, platformVersion=6.0, webStorageEnabled=false, locationContextEnabled=false, automationName=Appium, browserName=Android, takesScreenshot=true, javascriptEnabled=true, platformName=Android}]
Session ID: 997b8444-8454-49a9-b588-b247d2f9b067
*** Element info: {Using=id, value=com.eduven.cc.meatlovers:id/description}
	at sun.reflect.NativeConstructorAccessorImpl.newInstance0(Native Method)
	at sun.reflect.NativeConstructorAccessorImpl.newInstance(NativeConstructorAccessorImpl.java:62)
	at sun.reflect.DelegatingConstructorAccessorImpl.newInstance(DelegatingConstructorAccessorImpl.java:45)
	at java.lang.reflect.Constructor.newInstance(Constructor.java:423)
	at org.openqa.selenium.remote.ErrorHandler.createThrowable(ErrorHandler.java:206)
	at org.openqa.selenium.remote.ErrorHandler.throwIfResponseFailed(ErrorHandler.java:158)
	at org.openqa.selenium.remote.RemoteWebDriver.execute(RemoteWebDriver.java:678)
	at io.appium.java_client.DefaultGenericMobileDriver.execute(DefaultGenericMobileDriver.java:43)
	at io.appium.java_client.AppiumDriver.execute(AppiumDriver.java:1)
	at io.appium.java_client.android.AndroidDriver.execute(AndroidDriver.java:1)
	at org.openqa.selenium.remote.RemoteWebDriver.findElement(RemoteWebDriver.java:363)
	at org.openqa.selenium.remote.RemoteWebDriver.findElementById(RemoteWebDriver.java:413)
	at io.appium.java_client.DefaultGenericMobileDriver.findElementById(DefaultGenericMobileDriver.java:59)
	at io.appium.java_client.AppiumDriver.findElementById(AppiumDriver.java:1)
	at io.appium.java_client.android.AndroidDriver.findElementById(AndroidDriver.java:1)
	at org.openqa.selenium.By$ById.findElement(By.java:218)
	at org.openqa.selenium.remote.RemoteWebDriver.findElement(RemoteWebDriver.java:355)
	at io.appium.java_client.DefaultGenericMobileDriver.findElement(DefaultGenericMobileDriver.java:51)
	at io.appium.java_client.AppiumDriver.findElement(AppiumDriver.java:1)
	at io.appium.java_client.android.AndroidDriver.findElement(AndroidDriver.java:1)
	at org.openqa.selenium.support.ui.ExpectedConditions.findElement(ExpectedConditions.java:911)
	at org.openqa.selenium.support.ui.ExpectedConditions.access$0(ExpectedConditions.java:909)
	at org.openqa.selenium.support.ui.ExpectedConditions$7.apply(ExpectedConditions.java:205)
	at org.openqa.selenium.support.ui.ExpectedConditions$7.apply(ExpectedConditions.java:1)
	at org.openqa.selenium.support.ui.FluentWait.until(FluentWait.java:238)
	at com.eduven.utils.Reusables.waitForElement(Reusables.java:70)
	at com.eduven.modules.EvMenu.enterMethodValue(EvMenu.java:411)
	at com.eduven.modules.EvMenu.addMethodValue(EvMenu.java:476)
	at com.eduven.testcase.EvMenuPageTestCases.evmenuContributeWithIngredientsTest(EvMenuPageTestCases.java:82)
	at sun.reflect.NativeMethodAccessorImpl.invoke0(Native Method)
	at sun.reflect.NativeMethodAccessorImpl.invoke(NativeMethodAccessorImpl.java:62)
	at sun.reflect.DelegatingMethodAccessorImpl.invoke(DelegatingMethodAccessorImpl.java:43)
	at java.lang.reflect.Method.invoke(Method.java:498)
	at org.testng.internal.MethodInvocationHelper.invokeMethod(MethodInvocationHelper.java:85)
	at org.testng.internal.Invoker.invokeMethod(Invoker.java:639)
	at org.testng.internal.Invoker.invokeTestMethod(Invoker.java:816)
	at org.testng.internal.Invoker.invokeTestMethods(Invoker.java:1124)
	at org.testng.internal.TestMethodWorker.invokeTestMethods(TestMethodWorker.java:125)
	at org.testng.internal.TestMethodWorker.run(TestMethodWorker.java:108)
	at org.testng.TestRunner.privateRun(TestRunner.java:774)
	at org.testng.TestRunner.run(TestRunner.java:624)
	at org.testng.SuiteRunner.runTest(SuiteRunner.java:359)
	at org.testng.SuiteRunner.runSequentially(SuiteRunner.java:354)
	at org.testng.SuiteRunner.privateRun(SuiteRunner.java:312)
	at org.testng.SuiteRunner.run(SuiteRunner.java:261)
	at org.testng.SuiteRunnerWorker.runSuite(SuiteRunnerWorker.java:52)
	at org.testng.SuiteRunnerWorker.run(SuiteRunnerWorker.java:86)
	at org.testng.TestNG.runSuitesSequentially(TestNG.java:1215)
	at org.testng.TestNG.runSuitesLocally(TestNG.java:1140)
	at org.testng.TestNG.run(TestNG.java:1048)
	at com.eduven.utils.RunTestng.main(RunTestng.java:60)
</pre></div><a href='#' onClick='toggleBox("stack-trace143295000", this, "Click to show all stack frames", "Click to hide stack frames")'>Click to show all stack frames</a>
<div class='stack-trace' id='stack-trace143295000'><pre>org.openqa.selenium.WebDriverException: An unknown server-side error occurred while processing the command. (WARNING: The server did not provide any stacktrace information)
Command duration or timeout: 30.47 seconds
Build info: version: &apos;2.51.0&apos;, revision: &apos;1af067d&apos;, time: &apos;2016-02-05 19:11:55&apos;
System info: host: &apos;Bhardwaj.local&apos;, ip: &apos;10.30.30.61&apos;, os.name: &apos;Mac OS X&apos;, os.arch: &apos;x86_64&apos;, os.version: &apos;10.11.6&apos;, java.version: &apos;1.8.0_74&apos;
Driver info: io.appium.java_client.android.AndroidDriver
Capabilities [{app=/Users/hiteshbhardwaj/Desktop/Automation/app/RecipeFrameworkForAndroid/new/meat_lovers/CCMeatLovers.apk, appPackage=com.eduven.cc.meatlovers, networkConnectionEnabled=true, warnings={}, appiumVersion=1.4.13, databaseEnabled=false, deviceName=ZX1D63L8BN, platform=LINUX, appActivity=cc.eduven.com.chefchili.activity.Splash, desired={app=/Users/hiteshbhardwaj/Desktop/Automation/app/RecipeFrameworkForAndroid/new/meat_lovers/CCMeatLovers.apk, appPackage=com.eduven.cc.meatlovers, appActivity=cc.eduven.com.chefchili.activity.Splash, platformVersion=5.1, appiumVersion=1.4.13, automationName=Appium, platformName=Android, deviceName=ZX1D63L8BN}, platformVersion=6.0, webStorageEnabled=false, locationContextEnabled=false, automationName=Appium, browserName=Android, takesScreenshot=true, javascriptEnabled=true, platformName=Android}]
Session ID: 997b8444-8454-49a9-b588-b247d2f9b067
*** Element info: {Using=id, value=com.eduven.cc.meatlovers:id/description}
	at sun.reflect.NativeConstructorAccessorImpl.newInstance0(Native Method)
	at sun.reflect.NativeConstructorAccessorImpl.newInstance(NativeConstructorAccessorImpl.java:62)
	at sun.reflect.DelegatingConstructorAccessorImpl.newInstance(DelegatingConstructorAccessorImpl.java:45)
	at java.lang.reflect.Constructor.newInstance(Constructor.java:423)
	at org.openqa.selenium.remote.ErrorHandler.createThrowable(ErrorHandler.java:206)
	at org.openqa.selenium.remote.ErrorHandler.throwIfResponseFailed(ErrorHandler.java:158)
	at org.openqa.selenium.remote.RemoteWebDriver.execute(RemoteWebDriver.java:678)
	at io.appium.java_client.DefaultGenericMobileDriver.execute(DefaultGenericMobileDriver.java:43)
	at io.appium.java_client.AppiumDriver.execute(AppiumDriver.java:1)
	at io.appium.java_client.android.AndroidDriver.execute(AndroidDriver.java:1)
	at org.openqa.selenium.remote.RemoteWebDriver.findElement(RemoteWebDriver.java:363)
	at org.openqa.selenium.remote.RemoteWebDriver.findElementById(RemoteWebDriver.java:413)
	at io.appium.java_client.DefaultGenericMobileDriver.findElementById(DefaultGenericMobileDriver.java:59)
	at io.appium.java_client.AppiumDriver.findElementById(AppiumDriver.java:1)
	at io.appium.java_client.android.AndroidDriver.findElementById(AndroidDriver.java:1)
	at org.openqa.selenium.By$ById.findElement(By.java:218)
	at org.openqa.selenium.remote.RemoteWebDriver.findElement(RemoteWebDriver.java:355)
	at io.appium.java_client.DefaultGenericMobileDriver.findElement(DefaultGenericMobileDriver.java:51)
	at io.appium.java_client.AppiumDriver.findElement(AppiumDriver.java:1)
	at io.appium.java_client.android.AndroidDriver.findElement(AndroidDriver.java:1)
	at org.openqa.selenium.support.ui.ExpectedConditions.findElement(ExpectedConditions.java:911)
	at org.openqa.selenium.support.ui.ExpectedConditions.access$0(ExpectedConditions.java:909)
	at org.openqa.selenium.support.ui.ExpectedConditions$7.apply(ExpectedConditions.java:205)
	at org.openqa.selenium.support.ui.ExpectedConditions$7.apply(ExpectedConditions.java:1)
	at org.openqa.selenium.support.ui.FluentWait.until(FluentWait.java:238)
	at com.eduven.utils.Reusables.waitForElement(Reusables.java:70)
	at com.eduven.modules.EvMenu.enterMethodValue(EvMenu.java:411)
	at com.eduven.modules.EvMenu.addMethodValue(EvMenu.java:476)
	at com.eduven.testcase.EvMenuPageTestCases.evmenuContributeWithIngredientsTest(EvMenuPageTestCases.java:82)
	at sun.reflect.NativeMethodAccessorImpl.invoke0(Native Method)
	at sun.reflect.NativeMethodAccessorImpl.invoke(NativeMethodAccessorImpl.java:62)
	at sun.reflect.DelegatingMethodAccessorImpl.invoke(DelegatingMethodAccessorImpl.java:43)
	at java.lang.reflect.Method.invoke(Method.java:498)
	at org.testng.internal.MethodInvocationHelper.invokeMethod(MethodInvocationHelper.java:85)
	at org.testng.internal.Invoker.invokeMethod(Invoker.java:639)
	at org.testng.internal.Invoker.invokeTestMethod(Invoker.java:816)
	at org.testng.internal.Invoker.invokeTestMethods(Invoker.java:1124)
	at org.testng.internal.TestMethodWorker.invokeTestMethods(TestMethodWorker.java:125)
	at org.testng.internal.TestMethodWorker.run(TestMethodWorker.java:108)
	at org.testng.TestRunner.privateRun(TestRunner.java:774)
	at org.testng.TestRunner.run(TestRunner.java:624)
	at org.testng.SuiteRunner.runTest(SuiteRunner.java:359)
	at org.testng.SuiteRunner.runSequentially(SuiteRunner.java:354)
	at org.testng.SuiteRunner.privateRun(SuiteRunner.java:312)
	at org.testng.SuiteRunner.run(SuiteRunner.java:261)
	at org.testng.SuiteRunnerWorker.runSuite(SuiteRunnerWorker.java:52)
	at org.testng.SuiteRunnerWorker.run(SuiteRunnerWorker.java:86)
	at org.testng.TestNG.runSuitesSequentially(TestNG.java:1215)
	at org.testng.TestNG.runSuitesLocally(TestNG.java:1140)
	at org.testng.TestNG.run(TestNG.java:1048)
	at com.eduven.utils.RunTestng.main(RunTestng.java:60)
</pre></div></td>
<td>192</td>
<td>com.eduven.testcase.EvMenuPageTestCases@1e800aaa</td></tr>
<tr>
<td title='com.eduven.testcase.HomePageTestCases.homePageRecipesListTest()'><b>homePageRecipesListTest</b><br>Test class: com.eduven.testcase.HomePageTestCases</td>
<td><div><pre>java.lang.AssertionError: Error Mesage!!Toast Message not matched with expected one. expected [true] but found [false]
	at org.testng.Assert.fail(Assert.java:94)
	at org.testng.Assert.failNotEquals(Assert.java:496)
	at org.testng.Assert.assertTrue(Assert.java:42)
	at com.eduven.utils.Reusables.verifyToastMessageUsingImage(Reusables.java:842)
	at com.eduven.modules.EduBank.verifyEduBankHeaderText(EduBank.java:70)
	at com.eduven.modules.HomePage.clickOnEduBank(HomePage.java:347)
	at com.eduven.testcase.HomePageTestCases.homePageRecipesListTest(HomePageTestCases.java:67)
	at sun.reflect.NativeMethodAccessorImpl.invoke0(Native Method)
	at sun.reflect.NativeMethodAccessorImpl.invoke(NativeMethodAccessorImpl.java:62)
	at sun.reflect.DelegatingMethodAccessorImpl.invoke(DelegatingMethodAccessorImpl.java:43)
	at java.lang.reflect.Method.invoke(Method.java:498)
	at org.testng.internal.MethodInvocationHelper.invokeMethod(MethodInvocationHelper.java:85)
	at org.testng.internal.Invoker.invokeMethod(Invoker.java:639)
	at org.testng.internal.Invoker.invokeTestMethod(Invoker.java:816)
	at org.testng.internal.Invoker.invokeTestMethods(Invoker.java:1124)
	at org.testng.internal.TestMethodWorker.invokeTestMethods(TestMethodWorker.java:125)
	at org.testng.internal.TestMethodWorker.run(TestMethodWorker.java:108)
	at org.testng.TestRunner.privateRun(TestRunner.java:774)
	at org.testng.TestRunner.run(TestRunner.java:624)
	at org.testng.SuiteRunner.runTest(SuiteRunner.java:359)
	at org.testng.SuiteRunner.runSequentially(SuiteRunner.java:354)
	at org.testng.SuiteRunner.privateRun(SuiteRunner.java:312)
	at org.testng.SuiteRunner.run(SuiteRunner.java:261)
	at org.testng.SuiteRunnerWorker.runSuite(SuiteRunnerWorker.java:52)
	at org.testng.SuiteRunnerWorker.run(SuiteRunnerWorker.java:86)
	at org.testng.TestNG.runSuitesSequentially(TestNG.java:1215)
	at org.testng.TestNG.runSuitesLocally(TestNG.java:1140)
	at org.testng.TestNG.run(TestNG.java:1048)
	at com.eduven.utils.RunTestng.main(RunTestng.java:60)
</pre></div><a href='#' onClick='toggleBox("stack-trace1662592920", this, "Click to show all stack frames", "Click to hide stack frames")'>Click to show all stack frames</a>
<div class='stack-trace' id='stack-trace1662592920'><pre>java.lang.AssertionError: Error Mesage!!Toast Message not matched with expected one. expected [true] but found [false]
	at org.testng.Assert.fail(Assert.java:94)
	at org.testng.Assert.failNotEquals(Assert.java:496)
	at org.testng.Assert.assertTrue(Assert.java:42)
	at com.eduven.utils.Reusables.verifyToastMessageUsingImage(Reusables.java:842)
	at com.eduven.modules.EduBank.verifyEduBankHeaderText(EduBank.java:70)
	at com.eduven.modules.HomePage.clickOnEduBank(HomePage.java:347)
	at com.eduven.testcase.HomePageTestCases.homePageRecipesListTest(HomePageTestCases.java:67)
	at sun.reflect.NativeMethodAccessorImpl.invoke0(Native Method)
	at sun.reflect.NativeMethodAccessorImpl.invoke(NativeMethodAccessorImpl.java:62)
	at sun.reflect.DelegatingMethodAccessorImpl.invoke(DelegatingMethodAccessorImpl.java:43)
	at java.lang.reflect.Method.invoke(Method.java:498)
	at org.testng.internal.MethodInvocationHelper.invokeMethod(MethodInvocationHelper.java:85)
	at org.testng.internal.Invoker.invokeMethod(Invoker.java:639)
	at org.testng.internal.Invoker.invokeTestMethod(Invoker.java:816)
	at org.testng.internal.Invoker.invokeTestMethods(Invoker.java:1124)
	at org.testng.internal.TestMethodWorker.invokeTestMethods(TestMethodWorker.java:125)
	at org.testng.internal.TestMethodWorker.run(TestMethodWorker.java:108)
	at org.testng.TestRunner.privateRun(TestRunner.java:774)
	at org.testng.TestRunner.run(TestRunner.java:624)
	at org.testng.SuiteRunner.runTest(SuiteRunner.java:359)
	at org.testng.SuiteRunner.runSequentially(SuiteRunner.java:354)
	at org.testng.SuiteRunner.privateRun(SuiteRunner.java:312)
	at org.testng.SuiteRunner.run(SuiteRunner.java:261)
	at org.testng.SuiteRunnerWorker.runSuite(SuiteRunnerWorker.java:52)
	at org.testng.SuiteRunnerWorker.run(SuiteRunnerWorker.java:86)
	at org.testng.TestNG.runSuitesSequentially(TestNG.java:1215)
	at org.testng.TestNG.runSuitesLocally(TestNG.java:1140)
	at org.testng.TestNG.run(TestNG.java:1048)
	at com.eduven.utils.RunTestng.main(RunTestng.java:60)
</pre></div></td>
<td>306</td>
<td>com.eduven.testcase.HomePageTestCases@233795b6</td></tr>
<tr>
<td title='com.eduven.testcase.FilterPageTestCasesForMeatLovers.verifyAppNameTest()'><b>verifyAppNameTest</b><br>Test class: com.eduven.testcase.FilterPageTestCasesForMeatLovers</td>
<td><div><pre>org.openqa.selenium.remote.SessionNotFoundException: 
Command duration or timeout: 8 milliseconds
Build info: version: &apos;2.51.0&apos;, revision: &apos;1af067d&apos;, time: &apos;2016-02-05 19:11:55&apos;
System info: host: &apos;Bhardwaj.local&apos;, ip: &apos;10.30.30.61&apos;, os.name: &apos;Mac OS X&apos;, os.arch: &apos;x86_64&apos;, os.version: &apos;10.11.6&apos;, java.version: &apos;1.8.0_74&apos;
Driver info: io.appium.java_client.android.AndroidDriver
Capabilities [{app=/Users/hiteshbhardwaj/Desktop/Automation/app/RecipeFrameworkForAndroid/new/meat_lovers/CCMeatLovers.apk, appPackage=com.eduven.cc.meatlovers, networkConnectionEnabled=true, warnings={}, appiumVersion=1.4.13, databaseEnabled=false, deviceName=ZX1D63L8BN, platform=LINUX, appActivity=cc.eduven.com.chefchili.activity.Splash, desired={app=/Users/hiteshbhardwaj/Desktop/Automation/app/RecipeFrameworkForAndroid/new/meat_lovers/CCMeatLovers.apk, appPackage=com.eduven.cc.meatlovers, appActivity=cc.eduven.com.chefchili.activity.Splash, platformVersion=5.1, appiumVersion=1.4.13, automationName=Appium, platformName=Android, deviceName=ZX1D63L8BN}, platformVersion=6.0, webStorageEnabled=false, locationContextEnabled=false, automationName=Appium, browserName=Android, takesScreenshot=true, javascriptEnabled=true, platformName=Android}]
Session ID: 997b8444-8454-49a9-b588-b247d2f9b067
*** Element info: {Using=id, value=com.eduven.cc.meatlovers:id/next}
	at sun.reflect.NativeConstructorAccessorImpl.newInstance0(Native Method)
	at sun.reflect.NativeConstructorAccessorImpl.newInstance(NativeConstructorAccessorImpl.java:62)
	at sun.reflect.DelegatingConstructorAccessorImpl.newInstance(DelegatingConstructorAccessorImpl.java:45)
	at java.lang.reflect.Constructor.newInstance(Constructor.java:423)
	at org.openqa.selenium.remote.ErrorHandler.createThrowable(ErrorHandler.java:206)
	at org.openqa.selenium.remote.ErrorHandler.throwIfResponseFailed(ErrorHandler.java:164)
	at org.openqa.selenium.remote.RemoteWebDriver.execute(RemoteWebDriver.java:678)
	at io.appium.java_client.DefaultGenericMobileDriver.execute(DefaultGenericMobileDriver.java:43)
	at io.appium.java_client.AppiumDriver.execute(AppiumDriver.java:1)
	at io.appium.java_client.android.AndroidDriver.execute(AndroidDriver.java:1)
	at org.openqa.selenium.remote.RemoteWebDriver.findElement(RemoteWebDriver.java:363)
	at org.openqa.selenium.remote.RemoteWebDriver.findElementById(RemoteWebDriver.java:413)
	at io.appium.java_client.DefaultGenericMobileDriver.findElementById(DefaultGenericMobileDriver.java:59)
	at io.appium.java_client.AppiumDriver.findElementById(AppiumDriver.java:1)
	at io.appium.java_client.android.AndroidDriver.findElementById(AndroidDriver.java:1)
	at org.openqa.selenium.By$ById.findElement(By.java:218)
	at org.openqa.selenium.remote.RemoteWebDriver.findElement(RemoteWebDriver.java:355)
	at io.appium.java_client.DefaultGenericMobileDriver.findElement(DefaultGenericMobileDriver.java:51)
	at io.appium.java_client.AppiumDriver.findElement(AppiumDriver.java:1)
	at io.appium.java_client.android.AndroidDriver.findElement(AndroidDriver.java:1)
	at org.openqa.selenium.support.ui.ExpectedConditions.findElement(ExpectedConditions.java:911)
	at org.openqa.selenium.support.ui.ExpectedConditions.access$0(ExpectedConditions.java:909)
	at org.openqa.selenium.support.ui.ExpectedConditions$7.apply(ExpectedConditions.java:205)
	at org.openqa.selenium.support.ui.ExpectedConditions$7.apply(ExpectedConditions.java:1)
	at org.openqa.selenium.support.ui.FluentWait.until(FluentWait.java:238)
	at com.eduven.utils.Reusables.waitForElement(Reusables.java:70)
	at com.eduven.modules.HomePage.verifyAppName(HomePage.java:66)
	at com.eduven.testcase.FilterPageTestCasesForMeatLovers.verifyAppNameTest(FilterPageTestCasesForMeatLovers.java:41)
	at sun.reflect.NativeMethodAccessorImpl.invoke0(Native Method)
	at sun.reflect.NativeMethodAccessorImpl.invoke(NativeMethodAccessorImpl.java:62)
	at sun.reflect.DelegatingMethodAccessorImpl.invoke(DelegatingMethodAccessorImpl.java:43)
	at java.lang.reflect.Method.invoke(Method.java:498)
	at org.testng.internal.MethodInvocationHelper.invokeMethod(MethodInvocationHelper.java:85)
	at org.testng.internal.Invoker.invokeMethod(Invoker.java:639)
	at org.testng.internal.Invoker.invokeTestMethod(Invoker.java:816)
	at org.testng.internal.Invoker.invokeTestMethods(Invoker.java:1124)
	at org.testng.internal.TestMethodWorker.invokeTestMethods(TestMethodWorker.java:125)
	at org.testng.internal.TestMethodWorker.run(TestMethodWorker.java:108)
	at org.testng.TestRunner.privateRun(TestRunner.java:774)
	at org.testng.TestRunner.run(TestRunner.java:624)
	at org.testng.SuiteRunner.runTest(SuiteRunner.java:359)
	at org.testng.SuiteRunner.runSequentially(SuiteRunner.java:354)
	at org.testng.SuiteRunner.privateRun(SuiteRunner.java:312)
	at org.testng.SuiteRunner.run(SuiteRunner.java:261)
	at org.testng.SuiteRunnerWorker.runSuite(SuiteRunnerWorker.java:52)
	at org.testng.SuiteRunnerWorker.run(SuiteRunnerWorker.java:86)
	at org.testng.TestNG.runSuitesSequentially(TestNG.java:1215)
	at org.testng.TestNG.runSuitesLocally(TestNG.java:1140)
	at org.testng.TestNG.run(TestNG.java:1048)
	at com.eduven.utils.RunTestng.main(RunTestng.java:60)
</pre></div><a href='#' onClick='toggleBox("stack-trace379430898", this, "Click to show all stack frames", "Click to hide stack frames")'>Click to show all stack frames</a>
<div class='stack-trace' id='stack-trace379430898'><pre>org.openqa.selenium.remote.SessionNotFoundException: 
Command duration or timeout: 8 milliseconds
Build info: version: &apos;2.51.0&apos;, revision: &apos;1af067d&apos;, time: &apos;2016-02-05 19:11:55&apos;
System info: host: &apos;Bhardwaj.local&apos;, ip: &apos;10.30.30.61&apos;, os.name: &apos;Mac OS X&apos;, os.arch: &apos;x86_64&apos;, os.version: &apos;10.11.6&apos;, java.version: &apos;1.8.0_74&apos;
Driver info: io.appium.java_client.android.AndroidDriver
Capabilities [{app=/Users/hiteshbhardwaj/Desktop/Automation/app/RecipeFrameworkForAndroid/new/meat_lovers/CCMeatLovers.apk, appPackage=com.eduven.cc.meatlovers, networkConnectionEnabled=true, warnings={}, appiumVersion=1.4.13, databaseEnabled=false, deviceName=ZX1D63L8BN, platform=LINUX, appActivity=cc.eduven.com.chefchili.activity.Splash, desired={app=/Users/hiteshbhardwaj/Desktop/Automation/app/RecipeFrameworkForAndroid/new/meat_lovers/CCMeatLovers.apk, appPackage=com.eduven.cc.meatlovers, appActivity=cc.eduven.com.chefchili.activity.Splash, platformVersion=5.1, appiumVersion=1.4.13, automationName=Appium, platformName=Android, deviceName=ZX1D63L8BN}, platformVersion=6.0, webStorageEnabled=false, locationContextEnabled=false, automationName=Appium, browserName=Android, takesScreenshot=true, javascriptEnabled=true, platformName=Android}]
Session ID: 997b8444-8454-49a9-b588-b247d2f9b067
*** Element info: {Using=id, value=com.eduven.cc.meatlovers:id/next}
	at sun.reflect.NativeConstructorAccessorImpl.newInstance0(Native Method)
	at sun.reflect.NativeConstructorAccessorImpl.newInstance(NativeConstructorAccessorImpl.java:62)
	at sun.reflect.DelegatingConstructorAccessorImpl.newInstance(DelegatingConstructorAccessorImpl.java:45)
	at java.lang.reflect.Constructor.newInstance(Constructor.java:423)
	at org.openqa.selenium.remote.ErrorHandler.createThrowable(ErrorHandler.java:206)
	at org.openqa.selenium.remote.ErrorHandler.throwIfResponseFailed(ErrorHandler.java:164)
	at org.openqa.selenium.remote.RemoteWebDriver.execute(RemoteWebDriver.java:678)
	at io.appium.java_client.DefaultGenericMobileDriver.execute(DefaultGenericMobileDriver.java:43)
	at io.appium.java_client.AppiumDriver.execute(AppiumDriver.java:1)
	at io.appium.java_client.android.AndroidDriver.execute(AndroidDriver.java:1)
	at org.openqa.selenium.remote.RemoteWebDriver.findElement(RemoteWebDriver.java:363)
	at org.openqa.selenium.remote.RemoteWebDriver.findElementById(RemoteWebDriver.java:413)
	at io.appium.java_client.DefaultGenericMobileDriver.findElementById(DefaultGenericMobileDriver.java:59)
	at io.appium.java_client.AppiumDriver.findElementById(AppiumDriver.java:1)
	at io.appium.java_client.android.AndroidDriver.findElementById(AndroidDriver.java:1)
	at org.openqa.selenium.By$ById.findElement(By.java:218)
	at org.openqa.selenium.remote.RemoteWebDriver.findElement(RemoteWebDriver.java:355)
	at io.appium.java_client.DefaultGenericMobileDriver.findElement(DefaultGenericMobileDriver.java:51)
	at io.appium.java_client.AppiumDriver.findElement(AppiumDriver.java:1)
	at io.appium.java_client.android.AndroidDriver.findElement(AndroidDriver.java:1)
	at org.openqa.selenium.support.ui.ExpectedConditions.findElement(ExpectedConditions.java:911)
	at org.openqa.selenium.support.ui.ExpectedConditions.access$0(ExpectedConditions.java:909)
	at org.openqa.selenium.support.ui.ExpectedConditions$7.apply(ExpectedConditions.java:205)
	at org.openqa.selenium.support.ui.ExpectedConditions$7.apply(ExpectedConditions.java:1)
	at org.openqa.selenium.support.ui.FluentWait.until(FluentWait.java:238)
	at com.eduven.utils.Reusables.waitForElement(Reusables.java:70)
	at com.eduven.modules.HomePage.verifyAppName(HomePage.java:66)
	at com.eduven.testcase.FilterPageTestCasesForMeatLovers.verifyAppNameTest(FilterPageTestCasesForMeatLovers.java:41)
	at sun.reflect.NativeMethodAccessorImpl.invoke0(Native Method)
	at sun.reflect.NativeMethodAccessorImpl.invoke(NativeMethodAccessorImpl.java:62)
	at sun.reflect.DelegatingMethodAccessorImpl.invoke(DelegatingMethodAccessorImpl.java:43)
	at java.lang.reflect.Method.invoke(Method.java:498)
	at org.testng.internal.MethodInvocationHelper.invokeMethod(MethodInvocationHelper.java:85)
	at org.testng.internal.Invoker.invokeMethod(Invoker.java:639)
	at org.testng.internal.Invoker.invokeTestMethod(Invoker.java:816)
	at org.testng.internal.Invoker.invokeTestMethods(Invoker.java:1124)
	at org.testng.internal.TestMethodWorker.invokeTestMethods(TestMethodWorker.java:125)
	at org.testng.internal.TestMethodWorker.run(TestMethodWorker.java:108)
	at org.testng.TestRunner.privateRun(TestRunner.java:774)
	at org.testng.TestRunner.run(TestRunner.java:624)
	at org.testng.SuiteRunner.runTest(SuiteRunner.java:359)
	at org.testng.SuiteRunner.runSequentially(SuiteRunner.java:354)
	at org.testng.SuiteRunner.privateRun(SuiteRunner.java:312)
	at org.testng.SuiteRunner.run(SuiteRunner.java:261)
	at org.testng.SuiteRunnerWorker.runSuite(SuiteRunnerWorker.java:52)
	at org.testng.SuiteRunnerWorker.run(SuiteRunnerWorker.java:86)
	at org.testng.TestNG.runSuitesSequentially(TestNG.java:1215)
	at org.testng.TestNG.runSuitesLocally(TestNG.java:1140)
	at org.testng.TestNG.run(TestNG.java:1048)
	at com.eduven.utils.RunTestng.main(RunTestng.java:60)
</pre></div></td>
<td>10</td>
<td>com.eduven.testcase.FilterPageTestCasesForMeatLovers@185a6e9</td></tr>
<tr>
<td title='com.eduven.testcase.AllRecipesPageTestCasesForMeatLovers.verifyAppNameTest()'><b>verifyAppNameTest</b><br>Test class: com.eduven.testcase.AllRecipesPageTestCasesForMeatLovers</td>
<td><div><pre>org.openqa.selenium.remote.SessionNotFoundException: 
Command duration or timeout: 7 milliseconds
Build info: version: &apos;2.51.0&apos;, revision: &apos;1af067d&apos;, time: &apos;2016-02-05 19:11:55&apos;
System info: host: &apos;Bhardwaj.local&apos;, ip: &apos;10.30.30.61&apos;, os.name: &apos;Mac OS X&apos;, os.arch: &apos;x86_64&apos;, os.version: &apos;10.11.6&apos;, java.version: &apos;1.8.0_74&apos;
Driver info: io.appium.java_client.android.AndroidDriver
Capabilities [{app=/Users/hiteshbhardwaj/Desktop/Automation/app/RecipeFrameworkForAndroid/new/meat_lovers/CCMeatLovers.apk, appPackage=com.eduven.cc.meatlovers, networkConnectionEnabled=true, warnings={}, appiumVersion=1.4.13, databaseEnabled=false, deviceName=ZX1D63L8BN, platform=LINUX, appActivity=cc.eduven.com.chefchili.activity.Splash, desired={app=/Users/hiteshbhardwaj/Desktop/Automation/app/RecipeFrameworkForAndroid/new/meat_lovers/CCMeatLovers.apk, appPackage=com.eduven.cc.meatlovers, appActivity=cc.eduven.com.chefchili.activity.Splash, platformVersion=5.1, appiumVersion=1.4.13, automationName=Appium, platformName=Android, deviceName=ZX1D63L8BN}, platformVersion=6.0, webStorageEnabled=false, locationContextEnabled=false, automationName=Appium, browserName=Android, takesScreenshot=true, javascriptEnabled=true, platformName=Android}]
Session ID: 997b8444-8454-49a9-b588-b247d2f9b067
*** Element info: {Using=id, value=com.eduven.cc.meatlovers:id/next}
	at sun.reflect.NativeConstructorAccessorImpl.newInstance0(Native Method)
	at sun.reflect.NativeConstructorAccessorImpl.newInstance(NativeConstructorAccessorImpl.java:62)
	at sun.reflect.DelegatingConstructorAccessorImpl.newInstance(DelegatingConstructorAccessorImpl.java:45)
	at java.lang.reflect.Constructor.newInstance(Constructor.java:423)
	at org.openqa.selenium.remote.ErrorHandler.createThrowable(ErrorHandler.java:206)
	at org.openqa.selenium.remote.ErrorHandler.throwIfResponseFailed(ErrorHandler.java:164)
	at org.openqa.selenium.remote.RemoteWebDriver.execute(RemoteWebDriver.java:678)
	at io.appium.java_client.DefaultGenericMobileDriver.execute(DefaultGenericMobileDriver.java:43)
	at io.appium.java_client.AppiumDriver.execute(AppiumDriver.java:1)
	at io.appium.java_client.android.AndroidDriver.execute(AndroidDriver.java:1)
	at org.openqa.selenium.remote.RemoteWebDriver.findElement(RemoteWebDriver.java:363)
	at org.openqa.selenium.remote.RemoteWebDriver.findElementById(RemoteWebDriver.java:413)
	at io.appium.java_client.DefaultGenericMobileDriver.findElementById(DefaultGenericMobileDriver.java:59)
	at io.appium.java_client.AppiumDriver.findElementById(AppiumDriver.java:1)
	at io.appium.java_client.android.AndroidDriver.findElementById(AndroidDriver.java:1)
	at org.openqa.selenium.By$ById.findElement(By.java:218)
	at org.openqa.selenium.remote.RemoteWebDriver.findElement(RemoteWebDriver.java:355)
	at io.appium.java_client.DefaultGenericMobileDriver.findElement(DefaultGenericMobileDriver.java:51)
	at io.appium.java_client.AppiumDriver.findElement(AppiumDriver.java:1)
	at io.appium.java_client.android.AndroidDriver.findElement(AndroidDriver.java:1)
	at org.openqa.selenium.support.ui.ExpectedConditions.findElement(ExpectedConditions.java:911)
	at org.openqa.selenium.support.ui.ExpectedConditions.access$0(ExpectedConditions.java:909)
	at org.openqa.selenium.support.ui.ExpectedConditions$7.apply(ExpectedConditions.java:205)
	at org.openqa.selenium.support.ui.ExpectedConditions$7.apply(ExpectedConditions.java:1)
	at org.openqa.selenium.support.ui.FluentWait.until(FluentWait.java:238)
	at com.eduven.utils.Reusables.waitForElement(Reusables.java:70)
	at com.eduven.modules.HomePage.verifyAppName(HomePage.java:66)
	at com.eduven.testcase.AllRecipesPageTestCasesForMeatLovers.verifyAppNameTest(AllRecipesPageTestCasesForMeatLovers.java:29)
	at sun.reflect.NativeMethodAccessorImpl.invoke0(Native Method)
	at sun.reflect.NativeMethodAccessorImpl.invoke(NativeMethodAccessorImpl.java:62)
	at sun.reflect.DelegatingMethodAccessorImpl.invoke(DelegatingMethodAccessorImpl.java:43)
	at java.lang.reflect.Method.invoke(Method.java:498)
	at org.testng.internal.MethodInvocationHelper.invokeMethod(MethodInvocationHelper.java:85)
	at org.testng.internal.Invoker.invokeMethod(Invoker.java:639)
	at org.testng.internal.Invoker.invokeTestMethod(Invoker.java:816)
	at org.testng.internal.Invoker.invokeTestMethods(Invoker.java:1124)
	at org.testng.internal.TestMethodWorker.invokeTestMethods(TestMethodWorker.java:125)
	at org.testng.internal.TestMethodWorker.run(TestMethodWorker.java:108)
	at org.testng.TestRunner.privateRun(TestRunner.java:774)
	at org.testng.TestRunner.run(TestRunner.java:624)
	at org.testng.SuiteRunner.runTest(SuiteRunner.java:359)
	at org.testng.SuiteRunner.runSequentially(SuiteRunner.java:354)
	at org.testng.SuiteRunner.privateRun(SuiteRunner.java:312)
	at org.testng.SuiteRunner.run(SuiteRunner.java:261)
	at org.testng.SuiteRunnerWorker.runSuite(SuiteRunnerWorker.java:52)
	at org.testng.SuiteRunnerWorker.run(SuiteRunnerWorker.java:86)
	at org.testng.TestNG.runSuitesSequentially(TestNG.java:1215)
	at org.testng.TestNG.runSuitesLocally(TestNG.java:1140)
	at org.testng.TestNG.run(TestNG.java:1048)
	at com.eduven.utils.RunTestng.main(RunTestng.java:60)
</pre></div><a href='#' onClick='toggleBox("stack-trace1481594007", this, "Click to show all stack frames", "Click to hide stack frames")'>Click to show all stack frames</a>
<div class='stack-trace' id='stack-trace1481594007'><pre>org.openqa.selenium.remote.SessionNotFoundException: 
Command duration or timeout: 7 milliseconds
Build info: version: &apos;2.51.0&apos;, revision: &apos;1af067d&apos;, time: &apos;2016-02-05 19:11:55&apos;
System info: host: &apos;Bhardwaj.local&apos;, ip: &apos;10.30.30.61&apos;, os.name: &apos;Mac OS X&apos;, os.arch: &apos;x86_64&apos;, os.version: &apos;10.11.6&apos;, java.version: &apos;1.8.0_74&apos;
Driver info: io.appium.java_client.android.AndroidDriver
Capabilities [{app=/Users/hiteshbhardwaj/Desktop/Automation/app/RecipeFrameworkForAndroid/new/meat_lovers/CCMeatLovers.apk, appPackage=com.eduven.cc.meatlovers, networkConnectionEnabled=true, warnings={}, appiumVersion=1.4.13, databaseEnabled=false, deviceName=ZX1D63L8BN, platform=LINUX, appActivity=cc.eduven.com.chefchili.activity.Splash, desired={app=/Users/hiteshbhardwaj/Desktop/Automation/app/RecipeFrameworkForAndroid/new/meat_lovers/CCMeatLovers.apk, appPackage=com.eduven.cc.meatlovers, appActivity=cc.eduven.com.chefchili.activity.Splash, platformVersion=5.1, appiumVersion=1.4.13, automationName=Appium, platformName=Android, deviceName=ZX1D63L8BN}, platformVersion=6.0, webStorageEnabled=false, locationContextEnabled=false, automationName=Appium, browserName=Android, takesScreenshot=true, javascriptEnabled=true, platformName=Android}]
Session ID: 997b8444-8454-49a9-b588-b247d2f9b067
*** Element info: {Using=id, value=com.eduven.cc.meatlovers:id/next}
	at sun.reflect.NativeConstructorAccessorImpl.newInstance0(Native Method)
	at sun.reflect.NativeConstructorAccessorImpl.newInstance(NativeConstructorAccessorImpl.java:62)
	at sun.reflect.DelegatingConstructorAccessorImpl.newInstance(DelegatingConstructorAccessorImpl.java:45)
	at java.lang.reflect.Constructor.newInstance(Constructor.java:423)
	at org.openqa.selenium.remote.ErrorHandler.createThrowable(ErrorHandler.java:206)
	at org.openqa.selenium.remote.ErrorHandler.throwIfResponseFailed(ErrorHandler.java:164)
	at org.openqa.selenium.remote.RemoteWebDriver.execute(RemoteWebDriver.java:678)
	at io.appium.java_client.DefaultGenericMobileDriver.execute(DefaultGenericMobileDriver.java:43)
	at io.appium.java_client.AppiumDriver.execute(AppiumDriver.java:1)
	at io.appium.java_client.android.AndroidDriver.execute(AndroidDriver.java:1)
	at org.openqa.selenium.remote.RemoteWebDriver.findElement(RemoteWebDriver.java:363)
	at org.openqa.selenium.remote.RemoteWebDriver.findElementById(RemoteWebDriver.java:413)
	at io.appium.java_client.DefaultGenericMobileDriver.findElementById(DefaultGenericMobileDriver.java:59)
	at io.appium.java_client.AppiumDriver.findElementById(AppiumDriver.java:1)
	at io.appium.java_client.android.AndroidDriver.findElementById(AndroidDriver.java:1)
	at org.openqa.selenium.By$ById.findElement(By.java:218)
	at org.openqa.selenium.remote.RemoteWebDriver.findElement(RemoteWebDriver.java:355)
	at io.appium.java_client.DefaultGenericMobileDriver.findElement(DefaultGenericMobileDriver.java:51)
	at io.appium.java_client.AppiumDriver.findElement(AppiumDriver.java:1)
	at io.appium.java_client.android.AndroidDriver.findElement(AndroidDriver.java:1)
	at org.openqa.selenium.support.ui.ExpectedConditions.findElement(ExpectedConditions.java:911)
	at org.openqa.selenium.support.ui.ExpectedConditions.access$0(ExpectedConditions.java:909)
	at org.openqa.selenium.support.ui.ExpectedConditions$7.apply(ExpectedConditions.java:205)
	at org.openqa.selenium.support.ui.ExpectedConditions$7.apply(ExpectedConditions.java:1)
	at org.openqa.selenium.support.ui.FluentWait.until(FluentWait.java:238)
	at com.eduven.utils.Reusables.waitForElement(Reusables.java:70)
	at com.eduven.modules.HomePage.verifyAppName(HomePage.java:66)
	at com.eduven.testcase.AllRecipesPageTestCasesForMeatLovers.verifyAppNameTest(AllRecipesPageTestCasesForMeatLovers.java:29)
	at sun.reflect.NativeMethodAccessorImpl.invoke0(Native Method)
	at sun.reflect.NativeMethodAccessorImpl.invoke(NativeMethodAccessorImpl.java:62)
	at sun.reflect.DelegatingMethodAccessorImpl.invoke(DelegatingMethodAccessorImpl.java:43)
	at java.lang.reflect.Method.invoke(Method.java:498)
	at org.testng.internal.MethodInvocationHelper.invokeMethod(MethodInvocationHelper.java:85)
	at org.testng.internal.Invoker.invokeMethod(Invoker.java:639)
	at org.testng.internal.Invoker.invokeTestMethod(Invoker.java:816)
	at org.testng.internal.Invoker.invokeTestMethods(Invoker.java:1124)
	at org.testng.internal.TestMethodWorker.invokeTestMethods(TestMethodWorker.java:125)
	at org.testng.internal.TestMethodWorker.run(TestMethodWorker.java:108)
	at org.testng.TestRunner.privateRun(TestRunner.java:774)
	at org.testng.TestRunner.run(TestRunner.java:624)
	at org.testng.SuiteRunner.runTest(SuiteRunner.java:359)
	at org.testng.SuiteRunner.runSequentially(SuiteRunner.java:354)
	at org.testng.SuiteRunner.privateRun(SuiteRunner.java:312)
	at org.testng.SuiteRunner.run(SuiteRunner.java:261)
	at org.testng.SuiteRunnerWorker.runSuite(SuiteRunnerWorker.java:52)
	at org.testng.SuiteRunnerWorker.run(SuiteRunnerWorker.java:86)
	at org.testng.TestNG.runSuitesSequentially(TestNG.java:1215)
	at org.testng.TestNG.runSuitesLocally(TestNG.java:1140)
	at org.testng.TestNG.run(TestNG.java:1048)
	at com.eduven.utils.RunTestng.main(RunTestng.java:60)
</pre></div></td>
<td>10</td>
<td>com.eduven.testcase.AllRecipesPageTestCasesForMeatLovers@6f03482</td></tr>
<tr>
<td title='com.eduven.testcase.SearchPageTestCasesForMeatLovers.verifyAppNameTest()'><b>verifyAppNameTest</b><br>Test class: com.eduven.testcase.SearchPageTestCasesForMeatLovers</td>
<td><div><pre>org.openqa.selenium.remote.SessionNotFoundException: 
Command duration or timeout: 5 milliseconds
Build info: version: &apos;2.51.0&apos;, revision: &apos;1af067d&apos;, time: &apos;2016-02-05 19:11:55&apos;
System info: host: &apos;Bhardwaj.local&apos;, ip: &apos;10.30.30.61&apos;, os.name: &apos;Mac OS X&apos;, os.arch: &apos;x86_64&apos;, os.version: &apos;10.11.6&apos;, java.version: &apos;1.8.0_74&apos;
Driver info: io.appium.java_client.android.AndroidDriver
Capabilities [{app=/Users/hiteshbhardwaj/Desktop/Automation/app/RecipeFrameworkForAndroid/new/meat_lovers/CCMeatLovers.apk, appPackage=com.eduven.cc.meatlovers, networkConnectionEnabled=true, warnings={}, appiumVersion=1.4.13, databaseEnabled=false, deviceName=ZX1D63L8BN, platform=LINUX, appActivity=cc.eduven.com.chefchili.activity.Splash, desired={app=/Users/hiteshbhardwaj/Desktop/Automation/app/RecipeFrameworkForAndroid/new/meat_lovers/CCMeatLovers.apk, appPackage=com.eduven.cc.meatlovers, appActivity=cc.eduven.com.chefchili.activity.Splash, platformVersion=5.1, appiumVersion=1.4.13, automationName=Appium, platformName=Android, deviceName=ZX1D63L8BN}, platformVersion=6.0, webStorageEnabled=false, locationContextEnabled=false, automationName=Appium, browserName=Android, takesScreenshot=true, javascriptEnabled=true, platformName=Android}]
Session ID: 997b8444-8454-49a9-b588-b247d2f9b067
*** Element info: {Using=id, value=com.eduven.cc.meatlovers:id/next}
	at sun.reflect.NativeConstructorAccessorImpl.newInstance0(Native Method)
	at sun.reflect.NativeConstructorAccessorImpl.newInstance(NativeConstructorAccessorImpl.java:62)
	at sun.reflect.DelegatingConstructorAccessorImpl.newInstance(DelegatingConstructorAccessorImpl.java:45)
	at java.lang.reflect.Constructor.newInstance(Constructor.java:423)
	at org.openqa.selenium.remote.ErrorHandler.createThrowable(ErrorHandler.java:206)
	at org.openqa.selenium.remote.ErrorHandler.throwIfResponseFailed(ErrorHandler.java:164)
	at org.openqa.selenium.remote.RemoteWebDriver.execute(RemoteWebDriver.java:678)
	at io.appium.java_client.DefaultGenericMobileDriver.execute(DefaultGenericMobileDriver.java:43)
	at io.appium.java_client.AppiumDriver.execute(AppiumDriver.java:1)
	at io.appium.java_client.android.AndroidDriver.execute(AndroidDriver.java:1)
	at org.openqa.selenium.remote.RemoteWebDriver.findElement(RemoteWebDriver.java:363)
	at org.openqa.selenium.remote.RemoteWebDriver.findElementById(RemoteWebDriver.java:413)
	at io.appium.java_client.DefaultGenericMobileDriver.findElementById(DefaultGenericMobileDriver.java:59)
	at io.appium.java_client.AppiumDriver.findElementById(AppiumDriver.java:1)
	at io.appium.java_client.android.AndroidDriver.findElementById(AndroidDriver.java:1)
	at org.openqa.selenium.By$ById.findElement(By.java:218)
	at org.openqa.selenium.remote.RemoteWebDriver.findElement(RemoteWebDriver.java:355)
	at io.appium.java_client.DefaultGenericMobileDriver.findElement(DefaultGenericMobileDriver.java:51)
	at io.appium.java_client.AppiumDriver.findElement(AppiumDriver.java:1)
	at io.appium.java_client.android.AndroidDriver.findElement(AndroidDriver.java:1)
	at org.openqa.selenium.support.ui.ExpectedConditions.findElement(ExpectedConditions.java:911)
	at org.openqa.selenium.support.ui.ExpectedConditions.access$0(ExpectedConditions.java:909)
	at org.openqa.selenium.support.ui.ExpectedConditions$7.apply(ExpectedConditions.java:205)
	at org.openqa.selenium.support.ui.ExpectedConditions$7.apply(ExpectedConditions.java:1)
	at org.openqa.selenium.support.ui.FluentWait.until(FluentWait.java:238)
	at com.eduven.utils.Reusables.waitForElement(Reusables.java:70)
	at com.eduven.modules.HomePage.verifyAppName(HomePage.java:66)
	at com.eduven.testcase.SearchPageTestCasesForMeatLovers.verifyAppNameTest(SearchPageTestCasesForMeatLovers.java:27)
	at sun.reflect.NativeMethodAccessorImpl.invoke0(Native Method)
	at sun.reflect.NativeMethodAccessorImpl.invoke(NativeMethodAccessorImpl.java:62)
	at sun.reflect.DelegatingMethodAccessorImpl.invoke(DelegatingMethodAccessorImpl.java:43)
	at java.lang.reflect.Method.invoke(Method.java:498)
	at org.testng.internal.MethodInvocationHelper.invokeMethod(MethodInvocationHelper.java:85)
	at org.testng.internal.Invoker.invokeMethod(Invoker.java:639)
	at org.testng.internal.Invoker.invokeTestMethod(Invoker.java:816)
	at org.testng.internal.Invoker.invokeTestMethods(Invoker.java:1124)
	at org.testng.internal.TestMethodWorker.invokeTestMethods(TestMethodWorker.java:125)
	at org.testng.internal.TestMethodWorker.run(TestMethodWorker.java:108)
	at org.testng.TestRunner.privateRun(TestRunner.java:774)
	at org.testng.TestRunner.run(TestRunner.java:624)
	at org.testng.SuiteRunner.runTest(SuiteRunner.java:359)
	at org.testng.SuiteRunner.runSequentially(SuiteRunner.java:354)
	at org.testng.SuiteRunner.privateRun(SuiteRunner.java:312)
	at org.testng.SuiteRunner.run(SuiteRunner.java:261)
	at org.testng.SuiteRunnerWorker.runSuite(SuiteRunnerWorker.java:52)
	at org.testng.SuiteRunnerWorker.run(SuiteRunnerWorker.java:86)
	at org.testng.TestNG.runSuitesSequentially(TestNG.java:1215)
	at org.testng.TestNG.runSuitesLocally(TestNG.java:1140)
	at org.testng.TestNG.run(TestNG.java:1048)
	at com.eduven.utils.RunTestng.main(RunTestng.java:60)
</pre></div><a href='#' onClick='toggleBox("stack-trace215632153", this, "Click to show all stack frames", "Click to hide stack frames")'>Click to show all stack frames</a>
<div class='stack-trace' id='stack-trace215632153'><pre>org.openqa.selenium.remote.SessionNotFoundException: 
Command duration or timeout: 5 milliseconds
Build info: version: &apos;2.51.0&apos;, revision: &apos;1af067d&apos;, time: &apos;2016-02-05 19:11:55&apos;
System info: host: &apos;Bhardwaj.local&apos;, ip: &apos;10.30.30.61&apos;, os.name: &apos;Mac OS X&apos;, os.arch: &apos;x86_64&apos;, os.version: &apos;10.11.6&apos;, java.version: &apos;1.8.0_74&apos;
Driver info: io.appium.java_client.android.AndroidDriver
Capabilities [{app=/Users/hiteshbhardwaj/Desktop/Automation/app/RecipeFrameworkForAndroid/new/meat_lovers/CCMeatLovers.apk, appPackage=com.eduven.cc.meatlovers, networkConnectionEnabled=true, warnings={}, appiumVersion=1.4.13, databaseEnabled=false, deviceName=ZX1D63L8BN, platform=LINUX, appActivity=cc.eduven.com.chefchili.activity.Splash, desired={app=/Users/hiteshbhardwaj/Desktop/Automation/app/RecipeFrameworkForAndroid/new/meat_lovers/CCMeatLovers.apk, appPackage=com.eduven.cc.meatlovers, appActivity=cc.eduven.com.chefchili.activity.Splash, platformVersion=5.1, appiumVersion=1.4.13, automationName=Appium, platformName=Android, deviceName=ZX1D63L8BN}, platformVersion=6.0, webStorageEnabled=false, locationContextEnabled=false, automationName=Appium, browserName=Android, takesScreenshot=true, javascriptEnabled=true, platformName=Android}]
Session ID: 997b8444-8454-49a9-b588-b247d2f9b067
*** Element info: {Using=id, value=com.eduven.cc.meatlovers:id/next}
	at sun.reflect.NativeConstructorAccessorImpl.newInstance0(Native Method)
	at sun.reflect.NativeConstructorAccessorImpl.newInstance(NativeConstructorAccessorImpl.java:62)
	at sun.reflect.DelegatingConstructorAccessorImpl.newInstance(DelegatingConstructorAccessorImpl.java:45)
	at java.lang.reflect.Constructor.newInstance(Constructor.java:423)
	at org.openqa.selenium.remote.ErrorHandler.createThrowable(ErrorHandler.java:206)
	at org.openqa.selenium.remote.ErrorHandler.throwIfResponseFailed(ErrorHandler.java:164)
	at org.openqa.selenium.remote.RemoteWebDriver.execute(RemoteWebDriver.java:678)
	at io.appium.java_client.DefaultGenericMobileDriver.execute(DefaultGenericMobileDriver.java:43)
	at io.appium.java_client.AppiumDriver.execute(AppiumDriver.java:1)
	at io.appium.java_client.android.AndroidDriver.execute(AndroidDriver.java:1)
	at org.openqa.selenium.remote.RemoteWebDriver.findElement(RemoteWebDriver.java:363)
	at org.openqa.selenium.remote.RemoteWebDriver.findElementById(RemoteWebDriver.java:413)
	at io.appium.java_client.DefaultGenericMobileDriver.findElementById(DefaultGenericMobileDriver.java:59)
	at io.appium.java_client.AppiumDriver.findElementById(AppiumDriver.java:1)
	at io.appium.java_client.android.AndroidDriver.findElementById(AndroidDriver.java:1)
	at org.openqa.selenium.By$ById.findElement(By.java:218)
	at org.openqa.selenium.remote.RemoteWebDriver.findElement(RemoteWebDriver.java:355)
	at io.appium.java_client.DefaultGenericMobileDriver.findElement(DefaultGenericMobileDriver.java:51)
	at io.appium.java_client.AppiumDriver.findElement(AppiumDriver.java:1)
	at io.appium.java_client.android.AndroidDriver.findElement(AndroidDriver.java:1)
	at org.openqa.selenium.support.ui.ExpectedConditions.findElement(ExpectedConditions.java:911)
	at org.openqa.selenium.support.ui.ExpectedConditions.access$0(ExpectedConditions.java:909)
	at org.openqa.selenium.support.ui.ExpectedConditions$7.apply(ExpectedConditions.java:205)
	at org.openqa.selenium.support.ui.ExpectedConditions$7.apply(ExpectedConditions.java:1)
	at org.openqa.selenium.support.ui.FluentWait.until(FluentWait.java:238)
	at com.eduven.utils.Reusables.waitForElement(Reusables.java:70)
	at com.eduven.modules.HomePage.verifyAppName(HomePage.java:66)
	at com.eduven.testcase.SearchPageTestCasesForMeatLovers.verifyAppNameTest(SearchPageTestCasesForMeatLovers.java:27)
	at sun.reflect.NativeMethodAccessorImpl.invoke0(Native Method)
	at sun.reflect.NativeMethodAccessorImpl.invoke(NativeMethodAccessorImpl.java:62)
	at sun.reflect.DelegatingMethodAccessorImpl.invoke(DelegatingMethodAccessorImpl.java:43)
	at java.lang.reflect.Method.invoke(Method.java:498)
	at org.testng.internal.MethodInvocationHelper.invokeMethod(MethodInvocationHelper.java:85)
	at org.testng.internal.Invoker.invokeMethod(Invoker.java:639)
	at org.testng.internal.Invoker.invokeTestMethod(Invoker.java:816)
	at org.testng.internal.Invoker.invokeTestMethods(Invoker.java:1124)
	at org.testng.internal.TestMethodWorker.invokeTestMethods(TestMethodWorker.java:125)
	at org.testng.internal.TestMethodWorker.run(TestMethodWorker.java:108)
	at org.testng.TestRunner.privateRun(TestRunner.java:774)
	at org.testng.TestRunner.run(TestRunner.java:624)
	at org.testng.SuiteRunner.runTest(SuiteRunner.java:359)
	at org.testng.SuiteRunner.runSequentially(SuiteRunner.java:354)
	at org.testng.SuiteRunner.privateRun(SuiteRunner.java:312)
	at org.testng.SuiteRunner.run(SuiteRunner.java:261)
	at org.testng.SuiteRunnerWorker.runSuite(SuiteRunnerWorker.java:52)
	at org.testng.SuiteRunnerWorker.run(SuiteRunnerWorker.java:86)
	at org.testng.TestNG.runSuitesSequentially(TestNG.java:1215)
	at org.testng.TestNG.runSuitesLocally(TestNG.java:1140)
	at org.testng.TestNG.run(TestNG.java:1048)
	at com.eduven.utils.RunTestng.main(RunTestng.java:60)
</pre></div></td>
<td>10</td>
<td>com.eduven.testcase.SearchPageTestCasesForMeatLovers@9d5509a</td></tr>
<tr>
<td title='com.eduven.testcase.TasteBudPageTestCasesForMeatLovers.verifyAppNameTest()'><b>verifyAppNameTest</b><br>Test class: com.eduven.testcase.TasteBudPageTestCasesForMeatLovers</td>
<td><div><pre>org.openqa.selenium.remote.SessionNotFoundException: 
Command duration or timeout: 6 milliseconds
Build info: version: &apos;2.51.0&apos;, revision: &apos;1af067d&apos;, time: &apos;2016-02-05 19:11:55&apos;
System info: host: &apos;Bhardwaj.local&apos;, ip: &apos;10.30.30.61&apos;, os.name: &apos;Mac OS X&apos;, os.arch: &apos;x86_64&apos;, os.version: &apos;10.11.6&apos;, java.version: &apos;1.8.0_74&apos;
Driver info: io.appium.java_client.android.AndroidDriver
Capabilities [{app=/Users/hiteshbhardwaj/Desktop/Automation/app/RecipeFrameworkForAndroid/new/meat_lovers/CCMeatLovers.apk, appPackage=com.eduven.cc.meatlovers, networkConnectionEnabled=true, warnings={}, appiumVersion=1.4.13, databaseEnabled=false, deviceName=ZX1D63L8BN, platform=LINUX, appActivity=cc.eduven.com.chefchili.activity.Splash, desired={app=/Users/hiteshbhardwaj/Desktop/Automation/app/RecipeFrameworkForAndroid/new/meat_lovers/CCMeatLovers.apk, appPackage=com.eduven.cc.meatlovers, appActivity=cc.eduven.com.chefchili.activity.Splash, platformVersion=5.1, appiumVersion=1.4.13, automationName=Appium, platformName=Android, deviceName=ZX1D63L8BN}, platformVersion=6.0, webStorageEnabled=false, locationContextEnabled=false, automationName=Appium, browserName=Android, takesScreenshot=true, javascriptEnabled=true, platformName=Android}]
Session ID: 997b8444-8454-49a9-b588-b247d2f9b067
*** Element info: {Using=id, value=com.eduven.cc.meatlovers:id/next}
	at sun.reflect.NativeConstructorAccessorImpl.newInstance0(Native Method)
	at sun.reflect.NativeConstructorAccessorImpl.newInstance(NativeConstructorAccessorImpl.java:62)
	at sun.reflect.DelegatingConstructorAccessorImpl.newInstance(DelegatingConstructorAccessorImpl.java:45)
	at java.lang.reflect.Constructor.newInstance(Constructor.java:423)
	at org.openqa.selenium.remote.ErrorHandler.createThrowable(ErrorHandler.java:206)
	at org.openqa.selenium.remote.ErrorHandler.throwIfResponseFailed(ErrorHandler.java:164)
	at org.openqa.selenium.remote.RemoteWebDriver.execute(RemoteWebDriver.java:678)
	at io.appium.java_client.DefaultGenericMobileDriver.execute(DefaultGenericMobileDriver.java:43)
	at io.appium.java_client.AppiumDriver.execute(AppiumDriver.java:1)
	at io.appium.java_client.android.AndroidDriver.execute(AndroidDriver.java:1)
	at org.openqa.selenium.remote.RemoteWebDriver.findElement(RemoteWebDriver.java:363)
	at org.openqa.selenium.remote.RemoteWebDriver.findElementById(RemoteWebDriver.java:413)
	at io.appium.java_client.DefaultGenericMobileDriver.findElementById(DefaultGenericMobileDriver.java:59)
	at io.appium.java_client.AppiumDriver.findElementById(AppiumDriver.java:1)
	at io.appium.java_client.android.AndroidDriver.findElementById(AndroidDriver.java:1)
	at org.openqa.selenium.By$ById.findElement(By.java:218)
	at org.openqa.selenium.remote.RemoteWebDriver.findElement(RemoteWebDriver.java:355)
	at io.appium.java_client.DefaultGenericMobileDriver.findElement(DefaultGenericMobileDriver.java:51)
	at io.appium.java_client.AppiumDriver.findElement(AppiumDriver.java:1)
	at io.appium.java_client.android.AndroidDriver.findElement(AndroidDriver.java:1)
	at org.openqa.selenium.support.ui.ExpectedConditions.findElement(ExpectedConditions.java:911)
	at org.openqa.selenium.support.ui.ExpectedConditions.access$0(ExpectedConditions.java:909)
	at org.openqa.selenium.support.ui.ExpectedConditions$7.apply(ExpectedConditions.java:205)
	at org.openqa.selenium.support.ui.ExpectedConditions$7.apply(ExpectedConditions.java:1)
	at org.openqa.selenium.support.ui.FluentWait.until(FluentWait.java:238)
	at com.eduven.utils.Reusables.waitForElement(Reusables.java:70)
	at com.eduven.modules.HomePage.verifyAppName(HomePage.java:66)
	at com.eduven.testcase.TasteBudPageTestCasesForMeatLovers.verifyAppNameTest(TasteBudPageTestCasesForMeatLovers.java:38)
	at sun.reflect.NativeMethodAccessorImpl.invoke0(Native Method)
	at sun.reflect.NativeMethodAccessorImpl.invoke(NativeMethodAccessorImpl.java:62)
	at sun.reflect.DelegatingMethodAccessorImpl.invoke(DelegatingMethodAccessorImpl.java:43)
	at java.lang.reflect.Method.invoke(Method.java:498)
	at org.testng.internal.MethodInvocationHelper.invokeMethod(MethodInvocationHelper.java:85)
	at org.testng.internal.Invoker.invokeMethod(Invoker.java:639)
	at org.testng.internal.Invoker.invokeTestMethod(Invoker.java:816)
	at org.testng.internal.Invoker.invokeTestMethods(Invoker.java:1124)
	at org.testng.internal.TestMethodWorker.invokeTestMethods(TestMethodWorker.java:125)
	at org.testng.internal.TestMethodWorker.run(TestMethodWorker.java:108)
	at org.testng.TestRunner.privateRun(TestRunner.java:774)
	at org.testng.TestRunner.run(TestRunner.java:624)
	at org.testng.SuiteRunner.runTest(SuiteRunner.java:359)
	at org.testng.SuiteRunner.runSequentially(SuiteRunner.java:354)
	at org.testng.SuiteRunner.privateRun(SuiteRunner.java:312)
	at org.testng.SuiteRunner.run(SuiteRunner.java:261)
	at org.testng.SuiteRunnerWorker.runSuite(SuiteRunnerWorker.java:52)
	at org.testng.SuiteRunnerWorker.run(SuiteRunnerWorker.java:86)
	at org.testng.TestNG.runSuitesSequentially(TestNG.java:1215)
	at org.testng.TestNG.runSuitesLocally(TestNG.java:1140)
	at org.testng.TestNG.run(TestNG.java:1048)
	at com.eduven.utils.RunTestng.main(RunTestng.java:60)
</pre></div><a href='#' onClick='toggleBox("stack-trace1699443392", this, "Click to show all stack frames", "Click to hide stack frames")'>Click to show all stack frames</a>
<div class='stack-trace' id='stack-trace1699443392'><pre>org.openqa.selenium.remote.SessionNotFoundException: 
Command duration or timeout: 6 milliseconds
Build info: version: &apos;2.51.0&apos;, revision: &apos;1af067d&apos;, time: &apos;2016-02-05 19:11:55&apos;
System info: host: &apos;Bhardwaj.local&apos;, ip: &apos;10.30.30.61&apos;, os.name: &apos;Mac OS X&apos;, os.arch: &apos;x86_64&apos;, os.version: &apos;10.11.6&apos;, java.version: &apos;1.8.0_74&apos;
Driver info: io.appium.java_client.android.AndroidDriver
Capabilities [{app=/Users/hiteshbhardwaj/Desktop/Automation/app/RecipeFrameworkForAndroid/new/meat_lovers/CCMeatLovers.apk, appPackage=com.eduven.cc.meatlovers, networkConnectionEnabled=true, warnings={}, appiumVersion=1.4.13, databaseEnabled=false, deviceName=ZX1D63L8BN, platform=LINUX, appActivity=cc.eduven.com.chefchili.activity.Splash, desired={app=/Users/hiteshbhardwaj/Desktop/Automation/app/RecipeFrameworkForAndroid/new/meat_lovers/CCMeatLovers.apk, appPackage=com.eduven.cc.meatlovers, appActivity=cc.eduven.com.chefchili.activity.Splash, platformVersion=5.1, appiumVersion=1.4.13, automationName=Appium, platformName=Android, deviceName=ZX1D63L8BN}, platformVersion=6.0, webStorageEnabled=false, locationContextEnabled=false, automationName=Appium, browserName=Android, takesScreenshot=true, javascriptEnabled=true, platformName=Android}]
Session ID: 997b8444-8454-49a9-b588-b247d2f9b067
*** Element info: {Using=id, value=com.eduven.cc.meatlovers:id/next}
	at sun.reflect.NativeConstructorAccessorImpl.newInstance0(Native Method)
	at sun.reflect.NativeConstructorAccessorImpl.newInstance(NativeConstructorAccessorImpl.java:62)
	at sun.reflect.DelegatingConstructorAccessorImpl.newInstance(DelegatingConstructorAccessorImpl.java:45)
	at java.lang.reflect.Constructor.newInstance(Constructor.java:423)
	at org.openqa.selenium.remote.ErrorHandler.createThrowable(ErrorHandler.java:206)
	at org.openqa.selenium.remote.ErrorHandler.throwIfResponseFailed(ErrorHandler.java:164)
	at org.openqa.selenium.remote.RemoteWebDriver.execute(RemoteWebDriver.java:678)
	at io.appium.java_client.DefaultGenericMobileDriver.execute(DefaultGenericMobileDriver.java:43)
	at io.appium.java_client.AppiumDriver.execute(AppiumDriver.java:1)
	at io.appium.java_client.android.AndroidDriver.execute(AndroidDriver.java:1)
	at org.openqa.selenium.remote.RemoteWebDriver.findElement(RemoteWebDriver.java:363)
	at org.openqa.selenium.remote.RemoteWebDriver.findElementById(RemoteWebDriver.java:413)
	at io.appium.java_client.DefaultGenericMobileDriver.findElementById(DefaultGenericMobileDriver.java:59)
	at io.appium.java_client.AppiumDriver.findElementById(AppiumDriver.java:1)
	at io.appium.java_client.android.AndroidDriver.findElementById(AndroidDriver.java:1)
	at org.openqa.selenium.By$ById.findElement(By.java:218)
	at org.openqa.selenium.remote.RemoteWebDriver.findElement(RemoteWebDriver.java:355)
	at io.appium.java_client.DefaultGenericMobileDriver.findElement(DefaultGenericMobileDriver.java:51)
	at io.appium.java_client.AppiumDriver.findElement(AppiumDriver.java:1)
	at io.appium.java_client.android.AndroidDriver.findElement(AndroidDriver.java:1)
	at org.openqa.selenium.support.ui.ExpectedConditions.findElement(ExpectedConditions.java:911)
	at org.openqa.selenium.support.ui.ExpectedConditions.access$0(ExpectedConditions.java:909)
	at org.openqa.selenium.support.ui.ExpectedConditions$7.apply(ExpectedConditions.java:205)
	at org.openqa.selenium.support.ui.ExpectedConditions$7.apply(ExpectedConditions.java:1)
	at org.openqa.selenium.support.ui.FluentWait.until(FluentWait.java:238)
	at com.eduven.utils.Reusables.waitForElement(Reusables.java:70)
	at com.eduven.modules.HomePage.verifyAppName(HomePage.java:66)
	at com.eduven.testcase.TasteBudPageTestCasesForMeatLovers.verifyAppNameTest(TasteBudPageTestCasesForMeatLovers.java:38)
	at sun.reflect.NativeMethodAccessorImpl.invoke0(Native Method)
	at sun.reflect.NativeMethodAccessorImpl.invoke(NativeMethodAccessorImpl.java:62)
	at sun.reflect.DelegatingMethodAccessorImpl.invoke(DelegatingMethodAccessorImpl.java:43)
	at java.lang.reflect.Method.invoke(Method.java:498)
	at org.testng.internal.MethodInvocationHelper.invokeMethod(MethodInvocationHelper.java:85)
	at org.testng.internal.Invoker.invokeMethod(Invoker.java:639)
	at org.testng.internal.Invoker.invokeTestMethod(Invoker.java:816)
	at org.testng.internal.Invoker.invokeTestMethods(Invoker.java:1124)
	at org.testng.internal.TestMethodWorker.invokeTestMethods(TestMethodWorker.java:125)
	at org.testng.internal.TestMethodWorker.run(TestMethodWorker.java:108)
	at org.testng.TestRunner.privateRun(TestRunner.java:774)
	at org.testng.TestRunner.run(TestRunner.java:624)
	at org.testng.SuiteRunner.runTest(SuiteRunner.java:359)
	at org.testng.SuiteRunner.runSequentially(SuiteRunner.java:354)
	at org.testng.SuiteRunner.privateRun(SuiteRunner.java:312)
	at org.testng.SuiteRunner.run(SuiteRunner.java:261)
	at org.testng.SuiteRunnerWorker.runSuite(SuiteRunnerWorker.java:52)
	at org.testng.SuiteRunnerWorker.run(SuiteRunnerWorker.java:86)
	at org.testng.TestNG.runSuitesSequentially(TestNG.java:1215)
	at org.testng.TestNG.runSuitesLocally(TestNG.java:1140)
	at org.testng.TestNG.run(TestNG.java:1048)
	at com.eduven.utils.RunTestng.main(RunTestng.java:60)
</pre></div></td>
<td>10</td>
<td>com.eduven.testcase.TasteBudPageTestCasesForMeatLovers@179ece50</td></tr>
<tr>
<td title='com.eduven.testcase.TipsPageTestCases.verifyAppNameTest()'><b>verifyAppNameTest</b><br>Test class: com.eduven.testcase.TipsPageTestCases</td>
<td><div><pre>org.openqa.selenium.remote.SessionNotFoundException: 
Command duration or timeout: 6 milliseconds
Build info: version: &apos;2.51.0&apos;, revision: &apos;1af067d&apos;, time: &apos;2016-02-05 19:11:55&apos;
System info: host: &apos;Bhardwaj.local&apos;, ip: &apos;10.30.30.61&apos;, os.name: &apos;Mac OS X&apos;, os.arch: &apos;x86_64&apos;, os.version: &apos;10.11.6&apos;, java.version: &apos;1.8.0_74&apos;
Driver info: io.appium.java_client.android.AndroidDriver
Capabilities [{app=/Users/hiteshbhardwaj/Desktop/Automation/app/RecipeFrameworkForAndroid/new/meat_lovers/CCMeatLovers.apk, appPackage=com.eduven.cc.meatlovers, networkConnectionEnabled=true, warnings={}, appiumVersion=1.4.13, databaseEnabled=false, deviceName=ZX1D63L8BN, platform=LINUX, appActivity=cc.eduven.com.chefchili.activity.Splash, desired={app=/Users/hiteshbhardwaj/Desktop/Automation/app/RecipeFrameworkForAndroid/new/meat_lovers/CCMeatLovers.apk, appPackage=com.eduven.cc.meatlovers, appActivity=cc.eduven.com.chefchili.activity.Splash, platformVersion=5.1, appiumVersion=1.4.13, automationName=Appium, platformName=Android, deviceName=ZX1D63L8BN}, platformVersion=6.0, webStorageEnabled=false, locationContextEnabled=false, automationName=Appium, browserName=Android, takesScreenshot=true, javascriptEnabled=true, platformName=Android}]
Session ID: 997b8444-8454-49a9-b588-b247d2f9b067
*** Element info: {Using=id, value=com.eduven.cc.meatlovers:id/next}
	at sun.reflect.NativeConstructorAccessorImpl.newInstance0(Native Method)
	at sun.reflect.NativeConstructorAccessorImpl.newInstance(NativeConstructorAccessorImpl.java:62)
	at sun.reflect.DelegatingConstructorAccessorImpl.newInstance(DelegatingConstructorAccessorImpl.java:45)
	at java.lang.reflect.Constructor.newInstance(Constructor.java:423)
	at org.openqa.selenium.remote.ErrorHandler.createThrowable(ErrorHandler.java:206)
	at org.openqa.selenium.remote.ErrorHandler.throwIfResponseFailed(ErrorHandler.java:164)
	at org.openqa.selenium.remote.RemoteWebDriver.execute(RemoteWebDriver.java:678)
	at io.appium.java_client.DefaultGenericMobileDriver.execute(DefaultGenericMobileDriver.java:43)
	at io.appium.java_client.AppiumDriver.execute(AppiumDriver.java:1)
	at io.appium.java_client.android.AndroidDriver.execute(AndroidDriver.java:1)
	at org.openqa.selenium.remote.RemoteWebDriver.findElement(RemoteWebDriver.java:363)
	at org.openqa.selenium.remote.RemoteWebDriver.findElementById(RemoteWebDriver.java:413)
	at io.appium.java_client.DefaultGenericMobileDriver.findElementById(DefaultGenericMobileDriver.java:59)
	at io.appium.java_client.AppiumDriver.findElementById(AppiumDriver.java:1)
	at io.appium.java_client.android.AndroidDriver.findElementById(AndroidDriver.java:1)
	at org.openqa.selenium.By$ById.findElement(By.java:218)
	at org.openqa.selenium.remote.RemoteWebDriver.findElement(RemoteWebDriver.java:355)
	at io.appium.java_client.DefaultGenericMobileDriver.findElement(DefaultGenericMobileDriver.java:51)
	at io.appium.java_client.AppiumDriver.findElement(AppiumDriver.java:1)
	at io.appium.java_client.android.AndroidDriver.findElement(AndroidDriver.java:1)
	at org.openqa.selenium.support.ui.ExpectedConditions.findElement(ExpectedConditions.java:911)
	at org.openqa.selenium.support.ui.ExpectedConditions.access$0(ExpectedConditions.java:909)
	at org.openqa.selenium.support.ui.ExpectedConditions$7.apply(ExpectedConditions.java:205)
	at org.openqa.selenium.support.ui.ExpectedConditions$7.apply(ExpectedConditions.java:1)
	at org.openqa.selenium.support.ui.FluentWait.until(FluentWait.java:238)
	at com.eduven.utils.Reusables.waitForElement(Reusables.java:70)
	at com.eduven.modules.HomePage.verifyAppName(HomePage.java:66)
	at com.eduven.testcase.TipsPageTestCases.verifyAppNameTest(TipsPageTestCases.java:26)
	at sun.reflect.NativeMethodAccessorImpl.invoke0(Native Method)
	at sun.reflect.NativeMethodAccessorImpl.invoke(NativeMethodAccessorImpl.java:62)
	at sun.reflect.DelegatingMethodAccessorImpl.invoke(DelegatingMethodAccessorImpl.java:43)
	at java.lang.reflect.Method.invoke(Method.java:498)
	at org.testng.internal.MethodInvocationHelper.invokeMethod(MethodInvocationHelper.java:85)
	at org.testng.internal.Invoker.invokeMethod(Invoker.java:639)
	at org.testng.internal.Invoker.invokeTestMethod(Invoker.java:816)
	at org.testng.internal.Invoker.invokeTestMethods(Invoker.java:1124)
	at org.testng.internal.TestMethodWorker.invokeTestMethods(TestMethodWorker.java:125)
	at org.testng.internal.TestMethodWorker.run(TestMethodWorker.java:108)
	at org.testng.TestRunner.privateRun(TestRunner.java:774)
	at org.testng.TestRunner.run(TestRunner.java:624)
	at org.testng.SuiteRunner.runTest(SuiteRunner.java:359)
	at org.testng.SuiteRunner.runSequentially(SuiteRunner.java:354)
	at org.testng.SuiteRunner.privateRun(SuiteRunner.java:312)
	at org.testng.SuiteRunner.run(SuiteRunner.java:261)
	at org.testng.SuiteRunnerWorker.runSuite(SuiteRunnerWorker.java:52)
	at org.testng.SuiteRunnerWorker.run(SuiteRunnerWorker.java:86)
	at org.testng.TestNG.runSuitesSequentially(TestNG.java:1215)
	at org.testng.TestNG.runSuitesLocally(TestNG.java:1140)
	at org.testng.TestNG.run(TestNG.java:1048)
	at com.eduven.utils.RunTestng.main(RunTestng.java:60)
</pre></div><a href='#' onClick='toggleBox("stack-trace761863997", this, "Click to show all stack frames", "Click to hide stack frames")'>Click to show all stack frames</a>
<div class='stack-trace' id='stack-trace761863997'><pre>org.openqa.selenium.remote.SessionNotFoundException: 
Command duration or timeout: 6 milliseconds
Build info: version: &apos;2.51.0&apos;, revision: &apos;1af067d&apos;, time: &apos;2016-02-05 19:11:55&apos;
System info: host: &apos;Bhardwaj.local&apos;, ip: &apos;10.30.30.61&apos;, os.name: &apos;Mac OS X&apos;, os.arch: &apos;x86_64&apos;, os.version: &apos;10.11.6&apos;, java.version: &apos;1.8.0_74&apos;
Driver info: io.appium.java_client.android.AndroidDriver
Capabilities [{app=/Users/hiteshbhardwaj/Desktop/Automation/app/RecipeFrameworkForAndroid/new/meat_lovers/CCMeatLovers.apk, appPackage=com.eduven.cc.meatlovers, networkConnectionEnabled=true, warnings={}, appiumVersion=1.4.13, databaseEnabled=false, deviceName=ZX1D63L8BN, platform=LINUX, appActivity=cc.eduven.com.chefchili.activity.Splash, desired={app=/Users/hiteshbhardwaj/Desktop/Automation/app/RecipeFrameworkForAndroid/new/meat_lovers/CCMeatLovers.apk, appPackage=com.eduven.cc.meatlovers, appActivity=cc.eduven.com.chefchili.activity.Splash, platformVersion=5.1, appiumVersion=1.4.13, automationName=Appium, platformName=Android, deviceName=ZX1D63L8BN}, platformVersion=6.0, webStorageEnabled=false, locationContextEnabled=false, automationName=Appium, browserName=Android, takesScreenshot=true, javascriptEnabled=true, platformName=Android}]
Session ID: 997b8444-8454-49a9-b588-b247d2f9b067
*** Element info: {Using=id, value=com.eduven.cc.meatlovers:id/next}
	at sun.reflect.NativeConstructorAccessorImpl.newInstance0(Native Method)
	at sun.reflect.NativeConstructorAccessorImpl.newInstance(NativeConstructorAccessorImpl.java:62)
	at sun.reflect.DelegatingConstructorAccessorImpl.newInstance(DelegatingConstructorAccessorImpl.java:45)
	at java.lang.reflect.Constructor.newInstance(Constructor.java:423)
	at org.openqa.selenium.remote.ErrorHandler.createThrowable(ErrorHandler.java:206)
	at org.openqa.selenium.remote.ErrorHandler.throwIfResponseFailed(ErrorHandler.java:164)
	at org.openqa.selenium.remote.RemoteWebDriver.execute(RemoteWebDriver.java:678)
	at io.appium.java_client.DefaultGenericMobileDriver.execute(DefaultGenericMobileDriver.java:43)
	at io.appium.java_client.AppiumDriver.execute(AppiumDriver.java:1)
	at io.appium.java_client.android.AndroidDriver.execute(AndroidDriver.java:1)
	at org.openqa.selenium.remote.RemoteWebDriver.findElement(RemoteWebDriver.java:363)
	at org.openqa.selenium.remote.RemoteWebDriver.findElementById(RemoteWebDriver.java:413)
	at io.appium.java_client.DefaultGenericMobileDriver.findElementById(DefaultGenericMobileDriver.java:59)
	at io.appium.java_client.AppiumDriver.findElementById(AppiumDriver.java:1)
	at io.appium.java_client.android.AndroidDriver.findElementById(AndroidDriver.java:1)
	at org.openqa.selenium.By$ById.findElement(By.java:218)
	at org.openqa.selenium.remote.RemoteWebDriver.findElement(RemoteWebDriver.java:355)
	at io.appium.java_client.DefaultGenericMobileDriver.findElement(DefaultGenericMobileDriver.java:51)
	at io.appium.java_client.AppiumDriver.findElement(AppiumDriver.java:1)
	at io.appium.java_client.android.AndroidDriver.findElement(AndroidDriver.java:1)
	at org.openqa.selenium.support.ui.ExpectedConditions.findElement(ExpectedConditions.java:911)
	at org.openqa.selenium.support.ui.ExpectedConditions.access$0(ExpectedConditions.java:909)
	at org.openqa.selenium.support.ui.ExpectedConditions$7.apply(ExpectedConditions.java:205)
	at org.openqa.selenium.support.ui.ExpectedConditions$7.apply(ExpectedConditions.java:1)
	at org.openqa.selenium.support.ui.FluentWait.until(FluentWait.java:238)
	at com.eduven.utils.Reusables.waitForElement(Reusables.java:70)
	at com.eduven.modules.HomePage.verifyAppName(HomePage.java:66)
	at com.eduven.testcase.TipsPageTestCases.verifyAppNameTest(TipsPageTestCases.java:26)
	at sun.reflect.NativeMethodAccessorImpl.invoke0(Native Method)
	at sun.reflect.NativeMethodAccessorImpl.invoke(NativeMethodAccessorImpl.java:62)
	at sun.reflect.DelegatingMethodAccessorImpl.invoke(DelegatingMethodAccessorImpl.java:43)
	at java.lang.reflect.Method.invoke(Method.java:498)
	at org.testng.internal.MethodInvocationHelper.invokeMethod(MethodInvocationHelper.java:85)
	at org.testng.internal.Invoker.invokeMethod(Invoker.java:639)
	at org.testng.internal.Invoker.invokeTestMethod(Invoker.java:816)
	at org.testng.internal.Invoker.invokeTestMethods(Invoker.java:1124)
	at org.testng.internal.TestMethodWorker.invokeTestMethods(TestMethodWorker.java:125)
	at org.testng.internal.TestMethodWorker.run(TestMethodWorker.java:108)
	at org.testng.TestRunner.privateRun(TestRunner.java:774)
	at org.testng.TestRunner.run(TestRunner.java:624)
	at org.testng.SuiteRunner.runTest(SuiteRunner.java:359)
	at org.testng.SuiteRunner.runSequentially(SuiteRunner.java:354)
	at org.testng.SuiteRunner.privateRun(SuiteRunner.java:312)
	at org.testng.SuiteRunner.run(SuiteRunner.java:261)
	at org.testng.SuiteRunnerWorker.runSuite(SuiteRunnerWorker.java:52)
	at org.testng.SuiteRunnerWorker.run(SuiteRunnerWorker.java:86)
	at org.testng.TestNG.runSuitesSequentially(TestNG.java:1215)
	at org.testng.TestNG.runSuitesLocally(TestNG.java:1140)
	at org.testng.TestNG.run(TestNG.java:1048)
	at com.eduven.utils.RunTestng.main(RunTestng.java:60)
</pre></div></td>
<td>10</td>
<td>com.eduven.testcase.TipsPageTestCases@3b0090a4</td></tr>
<tr>
<td title='com.eduven.testcase.RecipeDetailPageTestCases.verifyAppNameTest()'><b>verifyAppNameTest</b><br>Test class: com.eduven.testcase.RecipeDetailPageTestCases</td>
<td><div><pre>org.openqa.selenium.remote.SessionNotFoundException: 
Command duration or timeout: 6 milliseconds
Build info: version: &apos;2.51.0&apos;, revision: &apos;1af067d&apos;, time: &apos;2016-02-05 19:11:55&apos;
System info: host: &apos;Bhardwaj.local&apos;, ip: &apos;10.30.30.61&apos;, os.name: &apos;Mac OS X&apos;, os.arch: &apos;x86_64&apos;, os.version: &apos;10.11.6&apos;, java.version: &apos;1.8.0_74&apos;
Driver info: io.appium.java_client.android.AndroidDriver
Capabilities [{app=/Users/hiteshbhardwaj/Desktop/Automation/app/RecipeFrameworkForAndroid/new/meat_lovers/CCMeatLovers.apk, appPackage=com.eduven.cc.meatlovers, networkConnectionEnabled=true, warnings={}, appiumVersion=1.4.13, databaseEnabled=false, deviceName=ZX1D63L8BN, platform=LINUX, appActivity=cc.eduven.com.chefchili.activity.Splash, desired={app=/Users/hiteshbhardwaj/Desktop/Automation/app/RecipeFrameworkForAndroid/new/meat_lovers/CCMeatLovers.apk, appPackage=com.eduven.cc.meatlovers, appActivity=cc.eduven.com.chefchili.activity.Splash, platformVersion=5.1, appiumVersion=1.4.13, automationName=Appium, platformName=Android, deviceName=ZX1D63L8BN}, platformVersion=6.0, webStorageEnabled=false, locationContextEnabled=false, automationName=Appium, browserName=Android, takesScreenshot=true, javascriptEnabled=true, platformName=Android}]
Session ID: 997b8444-8454-49a9-b588-b247d2f9b067
*** Element info: {Using=id, value=com.eduven.cc.meatlovers:id/next}
	at sun.reflect.NativeConstructorAccessorImpl.newInstance0(Native Method)
	at sun.reflect.NativeConstructorAccessorImpl.newInstance(NativeConstructorAccessorImpl.java:62)
	at sun.reflect.DelegatingConstructorAccessorImpl.newInstance(DelegatingConstructorAccessorImpl.java:45)
	at java.lang.reflect.Constructor.newInstance(Constructor.java:423)
	at org.openqa.selenium.remote.ErrorHandler.createThrowable(ErrorHandler.java:206)
	at org.openqa.selenium.remote.ErrorHandler.throwIfResponseFailed(ErrorHandler.java:164)
	at org.openqa.selenium.remote.RemoteWebDriver.execute(RemoteWebDriver.java:678)
	at io.appium.java_client.DefaultGenericMobileDriver.execute(DefaultGenericMobileDriver.java:43)
	at io.appium.java_client.AppiumDriver.execute(AppiumDriver.java:1)
	at io.appium.java_client.android.AndroidDriver.execute(AndroidDriver.java:1)
	at org.openqa.selenium.remote.RemoteWebDriver.findElement(RemoteWebDriver.java:363)
	at org.openqa.selenium.remote.RemoteWebDriver.findElementById(RemoteWebDriver.java:413)
	at io.appium.java_client.DefaultGenericMobileDriver.findElementById(DefaultGenericMobileDriver.java:59)
	at io.appium.java_client.AppiumDriver.findElementById(AppiumDriver.java:1)
	at io.appium.java_client.android.AndroidDriver.findElementById(AndroidDriver.java:1)
	at org.openqa.selenium.By$ById.findElement(By.java:218)
	at org.openqa.selenium.remote.RemoteWebDriver.findElement(RemoteWebDriver.java:355)
	at io.appium.java_client.DefaultGenericMobileDriver.findElement(DefaultGenericMobileDriver.java:51)
	at io.appium.java_client.AppiumDriver.findElement(AppiumDriver.java:1)
	at io.appium.java_client.android.AndroidDriver.findElement(AndroidDriver.java:1)
	at org.openqa.selenium.support.ui.ExpectedConditions.findElement(ExpectedConditions.java:911)
	at org.openqa.selenium.support.ui.ExpectedConditions.access$0(ExpectedConditions.java:909)
	at org.openqa.selenium.support.ui.ExpectedConditions$7.apply(ExpectedConditions.java:205)
	at org.openqa.selenium.support.ui.ExpectedConditions$7.apply(ExpectedConditions.java:1)
	at org.openqa.selenium.support.ui.FluentWait.until(FluentWait.java:238)
	at com.eduven.utils.Reusables.waitForElement(Reusables.java:70)
	at com.eduven.modules.HomePage.verifyAppName(HomePage.java:66)
	at com.eduven.testcase.RecipeDetailPageTestCases.verifyAppNameTest(RecipeDetailPageTestCases.java:37)
	at sun.reflect.NativeMethodAccessorImpl.invoke0(Native Method)
	at sun.reflect.NativeMethodAccessorImpl.invoke(NativeMethodAccessorImpl.java:62)
	at sun.reflect.DelegatingMethodAccessorImpl.invoke(DelegatingMethodAccessorImpl.java:43)
	at java.lang.reflect.Method.invoke(Method.java:498)
	at org.testng.internal.MethodInvocationHelper.invokeMethod(MethodInvocationHelper.java:85)
	at org.testng.internal.Invoker.invokeMethod(Invoker.java:639)
	at org.testng.internal.Invoker.invokeTestMethod(Invoker.java:816)
	at org.testng.internal.Invoker.invokeTestMethods(Invoker.java:1124)
	at org.testng.internal.TestMethodWorker.invokeTestMethods(TestMethodWorker.java:125)
	at org.testng.internal.TestMethodWorker.run(TestMethodWorker.java:108)
	at org.testng.TestRunner.privateRun(TestRunner.java:774)
	at org.testng.TestRunner.run(TestRunner.java:624)
	at org.testng.SuiteRunner.runTest(SuiteRunner.java:359)
	at org.testng.SuiteRunner.runSequentially(SuiteRunner.java:354)
	at org.testng.SuiteRunner.privateRun(SuiteRunner.java:312)
	at org.testng.SuiteRunner.run(SuiteRunner.java:261)
	at org.testng.SuiteRunnerWorker.runSuite(SuiteRunnerWorker.java:52)
	at org.testng.SuiteRunnerWorker.run(SuiteRunnerWorker.java:86)
	at org.testng.TestNG.runSuitesSequentially(TestNG.java:1215)
	at org.testng.TestNG.runSuitesLocally(TestNG.java:1140)
	at org.testng.TestNG.run(TestNG.java:1048)
	at com.eduven.utils.RunTestng.main(RunTestng.java:60)
</pre></div><a href='#' onClick='toggleBox("stack-trace1921553024", this, "Click to show all stack frames", "Click to hide stack frames")'>Click to show all stack frames</a>
<div class='stack-trace' id='stack-trace1921553024'><pre>org.openqa.selenium.remote.SessionNotFoundException: 
Command duration or timeout: 6 milliseconds
Build info: version: &apos;2.51.0&apos;, revision: &apos;1af067d&apos;, time: &apos;2016-02-05 19:11:55&apos;
System info: host: &apos;Bhardwaj.local&apos;, ip: &apos;10.30.30.61&apos;, os.name: &apos;Mac OS X&apos;, os.arch: &apos;x86_64&apos;, os.version: &apos;10.11.6&apos;, java.version: &apos;1.8.0_74&apos;
Driver info: io.appium.java_client.android.AndroidDriver
Capabilities [{app=/Users/hiteshbhardwaj/Desktop/Automation/app/RecipeFrameworkForAndroid/new/meat_lovers/CCMeatLovers.apk, appPackage=com.eduven.cc.meatlovers, networkConnectionEnabled=true, warnings={}, appiumVersion=1.4.13, databaseEnabled=false, deviceName=ZX1D63L8BN, platform=LINUX, appActivity=cc.eduven.com.chefchili.activity.Splash, desired={app=/Users/hiteshbhardwaj/Desktop/Automation/app/RecipeFrameworkForAndroid/new/meat_lovers/CCMeatLovers.apk, appPackage=com.eduven.cc.meatlovers, appActivity=cc.eduven.com.chefchili.activity.Splash, platformVersion=5.1, appiumVersion=1.4.13, automationName=Appium, platformName=Android, deviceName=ZX1D63L8BN}, platformVersion=6.0, webStorageEnabled=false, locationContextEnabled=false, automationName=Appium, browserName=Android, takesScreenshot=true, javascriptEnabled=true, platformName=Android}]
Session ID: 997b8444-8454-49a9-b588-b247d2f9b067
*** Element info: {Using=id, value=com.eduven.cc.meatlovers:id/next}
	at sun.reflect.NativeConstructorAccessorImpl.newInstance0(Native Method)
	at sun.reflect.NativeConstructorAccessorImpl.newInstance(NativeConstructorAccessorImpl.java:62)
	at sun.reflect.DelegatingConstructorAccessorImpl.newInstance(DelegatingConstructorAccessorImpl.java:45)
	at java.lang.reflect.Constructor.newInstance(Constructor.java:423)
	at org.openqa.selenium.remote.ErrorHandler.createThrowable(ErrorHandler.java:206)
	at org.openqa.selenium.remote.ErrorHandler.throwIfResponseFailed(ErrorHandler.java:164)
	at org.openqa.selenium.remote.RemoteWebDriver.execute(RemoteWebDriver.java:678)
	at io.appium.java_client.DefaultGenericMobileDriver.execute(DefaultGenericMobileDriver.java:43)
	at io.appium.java_client.AppiumDriver.execute(AppiumDriver.java:1)
	at io.appium.java_client.android.AndroidDriver.execute(AndroidDriver.java:1)
	at org.openqa.selenium.remote.RemoteWebDriver.findElement(RemoteWebDriver.java:363)
	at org.openqa.selenium.remote.RemoteWebDriver.findElementById(RemoteWebDriver.java:413)
	at io.appium.java_client.DefaultGenericMobileDriver.findElementById(DefaultGenericMobileDriver.java:59)
	at io.appium.java_client.AppiumDriver.findElementById(AppiumDriver.java:1)
	at io.appium.java_client.android.AndroidDriver.findElementById(AndroidDriver.java:1)
	at org.openqa.selenium.By$ById.findElement(By.java:218)
	at org.openqa.selenium.remote.RemoteWebDriver.findElement(RemoteWebDriver.java:355)
	at io.appium.java_client.DefaultGenericMobileDriver.findElement(DefaultGenericMobileDriver.java:51)
	at io.appium.java_client.AppiumDriver.findElement(AppiumDriver.java:1)
	at io.appium.java_client.android.AndroidDriver.findElement(AndroidDriver.java:1)
	at org.openqa.selenium.support.ui.ExpectedConditions.findElement(ExpectedConditions.java:911)
	at org.openqa.selenium.support.ui.ExpectedConditions.access$0(ExpectedConditions.java:909)
	at org.openqa.selenium.support.ui.ExpectedConditions$7.apply(ExpectedConditions.java:205)
	at org.openqa.selenium.support.ui.ExpectedConditions$7.apply(ExpectedConditions.java:1)
	at org.openqa.selenium.support.ui.FluentWait.until(FluentWait.java:238)
	at com.eduven.utils.Reusables.waitForElement(Reusables.java:70)
	at com.eduven.modules.HomePage.verifyAppName(HomePage.java:66)
	at com.eduven.testcase.RecipeDetailPageTestCases.verifyAppNameTest(RecipeDetailPageTestCases.java:37)
	at sun.reflect.NativeMethodAccessorImpl.invoke0(Native Method)
	at sun.reflect.NativeMethodAccessorImpl.invoke(NativeMethodAccessorImpl.java:62)
	at sun.reflect.DelegatingMethodAccessorImpl.invoke(DelegatingMethodAccessorImpl.java:43)
	at java.lang.reflect.Method.invoke(Method.java:498)
	at org.testng.internal.MethodInvocationHelper.invokeMethod(MethodInvocationHelper.java:85)
	at org.testng.internal.Invoker.invokeMethod(Invoker.java:639)
	at org.testng.internal.Invoker.invokeTestMethod(Invoker.java:816)
	at org.testng.internal.Invoker.invokeTestMethods(Invoker.java:1124)
	at org.testng.internal.TestMethodWorker.invokeTestMethods(TestMethodWorker.java:125)
	at org.testng.internal.TestMethodWorker.run(TestMethodWorker.java:108)
	at org.testng.TestRunner.privateRun(TestRunner.java:774)
	at org.testng.TestRunner.run(TestRunner.java:624)
	at org.testng.SuiteRunner.runTest(SuiteRunner.java:359)
	at org.testng.SuiteRunner.runSequentially(SuiteRunner.java:354)
	at org.testng.SuiteRunner.privateRun(SuiteRunner.java:312)
	at org.testng.SuiteRunner.run(SuiteRunner.java:261)
	at org.testng.SuiteRunnerWorker.runSuite(SuiteRunnerWorker.java:52)
	at org.testng.SuiteRunnerWorker.run(SuiteRunnerWorker.java:86)
	at org.testng.TestNG.runSuitesSequentially(TestNG.java:1215)
	at org.testng.TestNG.runSuitesLocally(TestNG.java:1140)
	at org.testng.TestNG.run(TestNG.java:1048)
	at com.eduven.utils.RunTestng.main(RunTestng.java:60)
</pre></div></td>
<td>10</td>
<td>com.eduven.testcase.RecipeDetailPageTestCases@3cd3e762</td></tr>
<tr>
<td title='com.eduven.testcase.CoursesPageTestCasesForMeatLovers.verifyCookingTimeTest()'><b>verifyCookingTimeTest</b><br>Test class: com.eduven.testcase.CoursesPageTestCasesForMeatLovers</td>
<td><div><pre>java.lang.AssertionError: Error Message!Actual and Expected Cooking time not matched. expected [] but found [0:10 hr]
	at org.testng.Assert.fail(Assert.java:94)
	at org.testng.Assert.failNotEquals(Assert.java:496)
	at org.testng.Assert.assertEquals(Assert.java:125)
	at org.testng.Assert.assertEquals(Assert.java:178)
	at com.eduven.utils.Reusables.verifyEqualMessage(Reusables.java:805)
	at com.eduven.modules.EntityDetailPageUpperPart.verifyRecipeCookingTimeValue(EntityDetailPageUpperPart.java:172)
	at com.eduven.testcase.CoursesPageTestCasesForMeatLovers.verifyCookingTimeTest(CoursesPageTestCasesForMeatLovers.java:86)
	at sun.reflect.NativeMethodAccessorImpl.invoke0(Native Method)
	at sun.reflect.NativeMethodAccessorImpl.invoke(NativeMethodAccessorImpl.java:62)
	at sun.reflect.DelegatingMethodAccessorImpl.invoke(DelegatingMethodAccessorImpl.java:43)
	at java.lang.reflect.Method.invoke(Method.java:498)
	at org.testng.internal.MethodInvocationHelper.invokeMethod(MethodInvocationHelper.java:85)
	at org.testng.internal.Invoker.invokeMethod(Invoker.java:639)
	at org.testng.internal.Invoker.invokeTestMethod(Invoker.java:816)
	at org.testng.internal.Invoker.invokeTestMethods(Invoker.java:1124)
	at org.testng.internal.TestMethodWorker.invokeTestMethods(TestMethodWorker.java:125)
	at org.testng.internal.TestMethodWorker.run(TestMethodWorker.java:108)
	at org.testng.TestRunner.privateRun(TestRunner.java:774)
	at org.testng.TestRunner.run(TestRunner.java:624)
	at org.testng.SuiteRunner.runTest(SuiteRunner.java:359)
	at org.testng.SuiteRunner.runSequentially(SuiteRunner.java:354)
	at org.testng.SuiteRunner.privateRun(SuiteRunner.java:312)
	at org.testng.SuiteRunner.run(SuiteRunner.java:261)
	at org.testng.SuiteRunnerWorker.runSuite(SuiteRunnerWorker.java:52)
	at org.testng.SuiteRunnerWorker.run(SuiteRunnerWorker.java:86)
	at org.testng.TestNG.runSuitesSequentially(TestNG.java:1215)
	at org.testng.TestNG.runSuitesLocally(TestNG.java:1140)
	at org.testng.TestNG.run(TestNG.java:1048)
	at com.eduven.utils.RunTestng.main(RunTestng.java:60)
</pre></div><a href='#' onClick='toggleBox("stack-trace579447973", this, "Click to show all stack frames", "Click to hide stack frames")'>Click to show all stack frames</a>
<div class='stack-trace' id='stack-trace579447973'><pre>java.lang.AssertionError: Error Message!Actual and Expected Cooking time not matched. expected [] but found [0:10 hr]
	at org.testng.Assert.fail(Assert.java:94)
	at org.testng.Assert.failNotEquals(Assert.java:496)
	at org.testng.Assert.assertEquals(Assert.java:125)
	at org.testng.Assert.assertEquals(Assert.java:178)
	at com.eduven.utils.Reusables.verifyEqualMessage(Reusables.java:805)
	at com.eduven.modules.EntityDetailPageUpperPart.verifyRecipeCookingTimeValue(EntityDetailPageUpperPart.java:172)
	at com.eduven.testcase.CoursesPageTestCasesForMeatLovers.verifyCookingTimeTest(CoursesPageTestCasesForMeatLovers.java:86)
	at sun.reflect.NativeMethodAccessorImpl.invoke0(Native Method)
	at sun.reflect.NativeMethodAccessorImpl.invoke(NativeMethodAccessorImpl.java:62)
	at sun.reflect.DelegatingMethodAccessorImpl.invoke(DelegatingMethodAccessorImpl.java:43)
	at java.lang.reflect.Method.invoke(Method.java:498)
	at org.testng.internal.MethodInvocationHelper.invokeMethod(MethodInvocationHelper.java:85)
	at org.testng.internal.Invoker.invokeMethod(Invoker.java:639)
	at org.testng.internal.Invoker.invokeTestMethod(Invoker.java:816)
	at org.testng.internal.Invoker.invokeTestMethods(Invoker.java:1124)
	at org.testng.internal.TestMethodWorker.invokeTestMethods(TestMethodWorker.java:125)
	at org.testng.internal.TestMethodWorker.run(TestMethodWorker.java:108)
	at org.testng.TestRunner.privateRun(TestRunner.java:774)
	at org.testng.TestRunner.run(TestRunner.java:624)
	at org.testng.SuiteRunner.runTest(SuiteRunner.java:359)
	at org.testng.SuiteRunner.runSequentially(SuiteRunner.java:354)
	at org.testng.SuiteRunner.privateRun(SuiteRunner.java:312)
	at org.testng.SuiteRunner.run(SuiteRunner.java:261)
	at org.testng.SuiteRunnerWorker.runSuite(SuiteRunnerWorker.java:52)
	at org.testng.SuiteRunnerWorker.run(SuiteRunnerWorker.java:86)
	at org.testng.TestNG.runSuitesSequentially(TestNG.java:1215)
	at org.testng.TestNG.runSuitesLocally(TestNG.java:1140)
	at org.testng.TestNG.run(TestNG.java:1048)
	at com.eduven.utils.RunTestng.main(RunTestng.java:60)
</pre></div></td>
<td>6</td>
<td>com.eduven.testcase.CoursesPageTestCasesForMeatLovers@3eb738bb</td></tr>
<tr>
<td title='com.eduven.testcase.CoursesPageTestCasesForMeatLovers.verifyCoursesRecipePageLoadTest()'><b>verifyCoursesRecipePageLoadTest</b><br>Test class: com.eduven.testcase.CoursesPageTestCasesForMeatLovers</td>
<td><div><pre>org.openqa.selenium.WebDriverException: An unknown server-side error occurred while processing the command. (WARNING: The server did not provide any stacktrace information)
Command duration or timeout: 26 milliseconds
Build info: version: &apos;2.51.0&apos;, revision: &apos;1af067d&apos;, time: &apos;2016-02-05 19:11:55&apos;
System info: host: &apos;Bhardwaj.local&apos;, ip: &apos;10.30.30.61&apos;, os.name: &apos;Mac OS X&apos;, os.arch: &apos;x86_64&apos;, os.version: &apos;10.11.6&apos;, java.version: &apos;1.8.0_74&apos;
Driver info: io.appium.java_client.android.AndroidDriver
Capabilities [{app=/Users/hiteshbhardwaj/Desktop/Automation/app/RecipeFrameworkForAndroid/new/meat_lovers/CCMeatLovers.apk, appPackage=com.eduven.cc.meatlovers, networkConnectionEnabled=true, warnings={}, appiumVersion=1.4.13, databaseEnabled=false, deviceName=ZX1D63L8BN, platform=LINUX, appActivity=cc.eduven.com.chefchili.activity.Splash, desired={app=/Users/hiteshbhardwaj/Desktop/Automation/app/RecipeFrameworkForAndroid/new/meat_lovers/CCMeatLovers.apk, appPackage=com.eduven.cc.meatlovers, appActivity=cc.eduven.com.chefchili.activity.Splash, platformVersion=5.1, appiumVersion=1.4.13, automationName=Appium, platformName=Android, deviceName=ZX1D63L8BN}, platformVersion=6.0, webStorageEnabled=false, locationContextEnabled=false, automationName=Appium, browserName=Android, takesScreenshot=true, javascriptEnabled=true, platformName=Android}]
Session ID: 997b8444-8454-49a9-b588-b247d2f9b067
	at sun.reflect.NativeConstructorAccessorImpl.newInstance0(Native Method)
	at sun.reflect.NativeConstructorAccessorImpl.newInstance(NativeConstructorAccessorImpl.java:62)
	at sun.reflect.DelegatingConstructorAccessorImpl.newInstance(DelegatingConstructorAccessorImpl.java:45)
	at java.lang.reflect.Constructor.newInstance(Constructor.java:423)
	at org.openqa.selenium.remote.ErrorHandler.createThrowable(ErrorHandler.java:206)
	at org.openqa.selenium.remote.ErrorHandler.throwIfResponseFailed(ErrorHandler.java:158)
	at org.openqa.selenium.remote.RemoteWebDriver.execute(RemoteWebDriver.java:678)
	at io.appium.java_client.DefaultGenericMobileDriver.execute(DefaultGenericMobileDriver.java:43)
	at io.appium.java_client.AppiumDriver.execute(AppiumDriver.java:1)
	at io.appium.java_client.android.AndroidDriver.execute(AndroidDriver.java:1)
	at io.appium.java_client.AppiumDriver.performTouchAction(AppiumDriver.java:316)
	at io.appium.java_client.TouchAction.perform(TouchAction.java:318)
	at io.appium.java_client.AppiumDriver.swipe(AppiumDriver.java:365)
	at com.eduven.utils.Reusables.swipeUp(Reusables.java:280)
	at com.eduven.modules.Courses.clickOnRandomCourseCategory(Courses.java:145)
	at com.eduven.testcase.CoursesPageTestCasesForMeatLovers.verifyCoursesRecipePageLoadTest(CoursesPageTestCasesForMeatLovers.java:62)
	at sun.reflect.NativeMethodAccessorImpl.invoke0(Native Method)
	at sun.reflect.NativeMethodAccessorImpl.invoke(NativeMethodAccessorImpl.java:62)
	at sun.reflect.DelegatingMethodAccessorImpl.invoke(DelegatingMethodAccessorImpl.java:43)
	at java.lang.reflect.Method.invoke(Method.java:498)
	at org.testng.internal.MethodInvocationHelper.invokeMethod(MethodInvocationHelper.java:85)
	at org.testng.internal.Invoker.invokeMethod(Invoker.java:639)
	at org.testng.internal.Invoker.invokeTestMethod(Invoker.java:816)
	at org.testng.internal.Invoker.invokeTestMethods(Invoker.java:1124)
	at org.testng.internal.TestMethodWorker.invokeTestMethods(TestMethodWorker.java:125)
	at org.testng.internal.TestMethodWorker.run(TestMethodWorker.java:108)
	at org.testng.TestRunner.privateRun(TestRunner.java:774)
	at org.testng.TestRunner.run(TestRunner.java:624)
	at org.testng.SuiteRunner.runTest(SuiteRunner.java:359)
	at org.testng.SuiteRunner.runSequentially(SuiteRunner.java:354)
	at org.testng.SuiteRunner.privateRun(SuiteRunner.java:312)
	at org.testng.SuiteRunner.run(SuiteRunner.java:261)
	at org.testng.SuiteRunnerWorker.runSuite(SuiteRunnerWorker.java:52)
	at org.testng.SuiteRunnerWorker.run(SuiteRunnerWorker.java:86)
	at org.testng.TestNG.runSuitesSequentially(TestNG.java:1215)
	at org.testng.TestNG.runSuitesLocally(TestNG.java:1140)
	at org.testng.TestNG.run(TestNG.java:1048)
	at com.eduven.utils.RunTestng.main(RunTestng.java:60)
</pre></div><a href='#' onClick='toggleBox("stack-trace820677667", this, "Click to show all stack frames", "Click to hide stack frames")'>Click to show all stack frames</a>
<div class='stack-trace' id='stack-trace820677667'><pre>org.openqa.selenium.WebDriverException: An unknown server-side error occurred while processing the command. (WARNING: The server did not provide any stacktrace information)
Command duration or timeout: 26 milliseconds
Build info: version: &apos;2.51.0&apos;, revision: &apos;1af067d&apos;, time: &apos;2016-02-05 19:11:55&apos;
System info: host: &apos;Bhardwaj.local&apos;, ip: &apos;10.30.30.61&apos;, os.name: &apos;Mac OS X&apos;, os.arch: &apos;x86_64&apos;, os.version: &apos;10.11.6&apos;, java.version: &apos;1.8.0_74&apos;
Driver info: io.appium.java_client.android.AndroidDriver
Capabilities [{app=/Users/hiteshbhardwaj/Desktop/Automation/app/RecipeFrameworkForAndroid/new/meat_lovers/CCMeatLovers.apk, appPackage=com.eduven.cc.meatlovers, networkConnectionEnabled=true, warnings={}, appiumVersion=1.4.13, databaseEnabled=false, deviceName=ZX1D63L8BN, platform=LINUX, appActivity=cc.eduven.com.chefchili.activity.Splash, desired={app=/Users/hiteshbhardwaj/Desktop/Automation/app/RecipeFrameworkForAndroid/new/meat_lovers/CCMeatLovers.apk, appPackage=com.eduven.cc.meatlovers, appActivity=cc.eduven.com.chefchili.activity.Splash, platformVersion=5.1, appiumVersion=1.4.13, automationName=Appium, platformName=Android, deviceName=ZX1D63L8BN}, platformVersion=6.0, webStorageEnabled=false, locationContextEnabled=false, automationName=Appium, browserName=Android, takesScreenshot=true, javascriptEnabled=true, platformName=Android}]
Session ID: 997b8444-8454-49a9-b588-b247d2f9b067
	at sun.reflect.NativeConstructorAccessorImpl.newInstance0(Native Method)
	at sun.reflect.NativeConstructorAccessorImpl.newInstance(NativeConstructorAccessorImpl.java:62)
	at sun.reflect.DelegatingConstructorAccessorImpl.newInstance(DelegatingConstructorAccessorImpl.java:45)
	at java.lang.reflect.Constructor.newInstance(Constructor.java:423)
	at org.openqa.selenium.remote.ErrorHandler.createThrowable(ErrorHandler.java:206)
	at org.openqa.selenium.remote.ErrorHandler.throwIfResponseFailed(ErrorHandler.java:158)
	at org.openqa.selenium.remote.RemoteWebDriver.execute(RemoteWebDriver.java:678)
	at io.appium.java_client.DefaultGenericMobileDriver.execute(DefaultGenericMobileDriver.java:43)
	at io.appium.java_client.AppiumDriver.execute(AppiumDriver.java:1)
	at io.appium.java_client.android.AndroidDriver.execute(AndroidDriver.java:1)
	at io.appium.java_client.AppiumDriver.performTouchAction(AppiumDriver.java:316)
	at io.appium.java_client.TouchAction.perform(TouchAction.java:318)
	at io.appium.java_client.AppiumDriver.swipe(AppiumDriver.java:365)
	at com.eduven.utils.Reusables.swipeUp(Reusables.java:280)
	at com.eduven.modules.Courses.clickOnRandomCourseCategory(Courses.java:145)
	at com.eduven.testcase.CoursesPageTestCasesForMeatLovers.verifyCoursesRecipePageLoadTest(CoursesPageTestCasesForMeatLovers.java:62)
	at sun.reflect.NativeMethodAccessorImpl.invoke0(Native Method)
	at sun.reflect.NativeMethodAccessorImpl.invoke(NativeMethodAccessorImpl.java:62)
	at sun.reflect.DelegatingMethodAccessorImpl.invoke(DelegatingMethodAccessorImpl.java:43)
	at java.lang.reflect.Method.invoke(Method.java:498)
	at org.testng.internal.MethodInvocationHelper.invokeMethod(MethodInvocationHelper.java:85)
	at org.testng.internal.Invoker.invokeMethod(Invoker.java:639)
	at org.testng.internal.Invoker.invokeTestMethod(Invoker.java:816)
	at org.testng.internal.Invoker.invokeTestMethods(Invoker.java:1124)
	at org.testng.internal.TestMethodWorker.invokeTestMethods(TestMethodWorker.java:125)
	at org.testng.internal.TestMethodWorker.run(TestMethodWorker.java:108)
	at org.testng.TestRunner.privateRun(TestRunner.java:774)
	at org.testng.TestRunner.run(TestRunner.java:624)
	at org.testng.SuiteRunner.runTest(SuiteRunner.java:359)
	at org.testng.SuiteRunner.runSequentially(SuiteRunner.java:354)
	at org.testng.SuiteRunner.privateRun(SuiteRunner.java:312)
	at org.testng.SuiteRunner.run(SuiteRunner.java:261)
	at org.testng.SuiteRunnerWorker.runSuite(SuiteRunnerWorker.java:52)
	at org.testng.SuiteRunnerWorker.run(SuiteRunnerWorker.java:86)
	at org.testng.TestNG.runSuitesSequentially(TestNG.java:1215)
	at org.testng.TestNG.runSuitesLocally(TestNG.java:1140)
	at org.testng.TestNG.run(TestNG.java:1048)
	at com.eduven.utils.RunTestng.main(RunTestng.java:60)
</pre></div></td>
<td>45193</td>
<td>com.eduven.testcase.CoursesPageTestCasesForMeatLovers@3eb738bb</td></tr>
<tr>
<td title='com.eduven.testcase.EduBankPageTestCases.verifyEdubankHeaderTest()'><b>verifyEdubankHeaderTest</b><br>Test class: com.eduven.testcase.EduBankPageTestCases</td>
<td><div><pre>java.lang.AssertionError: Error Mesage!!Toast Message not matched with expected one. expected [true] but found [false]
	at org.testng.Assert.fail(Assert.java:94)
	at org.testng.Assert.failNotEquals(Assert.java:496)
	at org.testng.Assert.assertTrue(Assert.java:42)
	at com.eduven.utils.Reusables.verifyToastMessageUsingImage(Reusables.java:842)
	at com.eduven.modules.EduBank.verifyEduBankHeaderText(EduBank.java:70)
	at com.eduven.testcase.EduBankPageTestCases.verifyEdubankHeaderTest(EduBankPageTestCases.java:49)
	at sun.reflect.NativeMethodAccessorImpl.invoke0(Native Method)
	at sun.reflect.NativeMethodAccessorImpl.invoke(NativeMethodAccessorImpl.java:62)
	at sun.reflect.DelegatingMethodAccessorImpl.invoke(DelegatingMethodAccessorImpl.java:43)
	at java.lang.reflect.Method.invoke(Method.java:498)
	at org.testng.internal.MethodInvocationHelper.invokeMethod(MethodInvocationHelper.java:85)
	at org.testng.internal.Invoker.invokeMethod(Invoker.java:639)
	at org.testng.internal.Invoker.invokeTestMethod(Invoker.java:816)
	at org.testng.internal.Invoker.invokeTestMethods(Invoker.java:1124)
	at org.testng.internal.TestMethodWorker.invokeTestMethods(TestMethodWorker.java:125)
	at org.testng.internal.TestMethodWorker.run(TestMethodWorker.java:108)
	at org.testng.TestRunner.privateRun(TestRunner.java:774)
	at org.testng.TestRunner.run(TestRunner.java:624)
	at org.testng.SuiteRunner.runTest(SuiteRunner.java:359)
	at org.testng.SuiteRunner.runSequentially(SuiteRunner.java:354)
	at org.testng.SuiteRunner.privateRun(SuiteRunner.java:312)
	at org.testng.SuiteRunner.run(SuiteRunner.java:261)
	at org.testng.SuiteRunnerWorker.runSuite(SuiteRunnerWorker.java:52)
	at org.testng.SuiteRunnerWorker.run(SuiteRunnerWorker.java:86)
	at org.testng.TestNG.runSuitesSequentially(TestNG.java:1215)
	at org.testng.TestNG.runSuitesLocally(TestNG.java:1140)
	at org.testng.TestNG.run(TestNG.java:1048)
	at com.eduven.utils.RunTestng.main(RunTestng.java:60)
</pre></div><a href='#' onClick='toggleBox("stack-trace185203393", this, "Click to show all stack frames", "Click to hide stack frames")'>Click to show all stack frames</a>
<div class='stack-trace' id='stack-trace185203393'><pre>java.lang.AssertionError: Error Mesage!!Toast Message not matched with expected one. expected [true] but found [false]
	at org.testng.Assert.fail(Assert.java:94)
	at org.testng.Assert.failNotEquals(Assert.java:496)
	at org.testng.Assert.assertTrue(Assert.java:42)
	at com.eduven.utils.Reusables.verifyToastMessageUsingImage(Reusables.java:842)
	at com.eduven.modules.EduBank.verifyEduBankHeaderText(EduBank.java:70)
	at com.eduven.testcase.EduBankPageTestCases.verifyEdubankHeaderTest(EduBankPageTestCases.java:49)
	at sun.reflect.NativeMethodAccessorImpl.invoke0(Native Method)
	at sun.reflect.NativeMethodAccessorImpl.invoke(NativeMethodAccessorImpl.java:62)
	at sun.reflect.DelegatingMethodAccessorImpl.invoke(DelegatingMethodAccessorImpl.java:43)
	at java.lang.reflect.Method.invoke(Method.java:498)
	at org.testng.internal.MethodInvocationHelper.invokeMethod(MethodInvocationHelper.java:85)
	at org.testng.internal.Invoker.invokeMethod(Invoker.java:639)
	at org.testng.internal.Invoker.invokeTestMethod(Invoker.java:816)
	at org.testng.internal.Invoker.invokeTestMethods(Invoker.java:1124)
	at org.testng.internal.TestMethodWorker.invokeTestMethods(TestMethodWorker.java:125)
	at org.testng.internal.TestMethodWorker.run(TestMethodWorker.java:108)
	at org.testng.TestRunner.privateRun(TestRunner.java:774)
	at org.testng.TestRunner.run(TestRunner.java:624)
	at org.testng.SuiteRunner.runTest(SuiteRunner.java:359)
	at org.testng.SuiteRunner.runSequentially(SuiteRunner.java:354)
	at org.testng.SuiteRunner.privateRun(SuiteRunner.java:312)
	at org.testng.SuiteRunner.run(SuiteRunner.java:261)
	at org.testng.SuiteRunnerWorker.runSuite(SuiteRunnerWorker.java:52)
	at org.testng.SuiteRunnerWorker.run(SuiteRunnerWorker.java:86)
	at org.testng.TestNG.runSuitesSequentially(TestNG.java:1215)
	at org.testng.TestNG.runSuitesLocally(TestNG.java:1140)
	at org.testng.TestNG.run(TestNG.java:1048)
	at com.eduven.utils.RunTestng.main(RunTestng.java:60)
</pre></div></td>
<td>12</td>
<td>com.eduven.testcase.EduBankPageTestCases@5bda8e08</td></tr>
<tr>
<td title='com.eduven.testcase.CoursesPageTestCasesForMeatLovers.verifyMethodTest()'><b>verifyMethodTest</b><br>Test class: com.eduven.testcase.CoursesPageTestCasesForMeatLovers</td>
<td><div><pre>java.lang.AssertionError: Error Message!Actual and Expected text not matched.  expected [friends coming over for dinner? serve them tea flavored vodka and see the magic. let meat lovers  tell you how to make it.

1. fill the glass with ice cubes.

2. add vodka and grapefruit juice. 

3. then take the bottle of grenadine, place your thumb over the top and slowly add a dash, trying to aim for the center of the glass.

4. enjoy!] but found [friends coming over for dinner? serve them tea flavored vodka and see the magic. let meat lovers tell you how to make it.

1. fill the glass with ice cubes.

2. add vodka and grapefruit juice. 

3. then take the bottle of grenadine, place your thumb over the top and slowly add a dash, trying to aim for the center of the glass.

4. enjoy!]
	at org.testng.Assert.fail(Assert.java:94)
	at org.testng.Assert.failNotEquals(Assert.java:496)
	at org.testng.Assert.assertEquals(Assert.java:125)
	at org.testng.Assert.assertEquals(Assert.java:178)
	at com.eduven.utils.Reusables.verifyEqualMessage(Reusables.java:805)
	at com.eduven.modules.EntityDetailPageLowerPart.verifyMethodListText(EntityDetailPageLowerPart.java:239)
	at com.eduven.testcase.CoursesPageTestCasesForMeatLovers.verifyMethodTest(CoursesPageTestCasesForMeatLovers.java:148)
	at sun.reflect.NativeMethodAccessorImpl.invoke0(Native Method)
	at sun.reflect.NativeMethodAccessorImpl.invoke(NativeMethodAccessorImpl.java:62)
	at sun.reflect.DelegatingMethodAccessorImpl.invoke(DelegatingMethodAccessorImpl.java:43)
	at java.lang.reflect.Method.invoke(Method.java:498)
	at org.testng.internal.MethodInvocationHelper.invokeMethod(MethodInvocationHelper.java:85)
	at org.testng.internal.Invoker.invokeMethod(Invoker.java:639)
	at org.testng.internal.Invoker.invokeTestMethod(Invoker.java:816)
	at org.testng.internal.Invoker.invokeTestMethods(Invoker.java:1124)
	at org.testng.internal.TestMethodWorker.invokeTestMethods(TestMethodWorker.java:125)
	at org.testng.internal.TestMethodWorker.run(TestMethodWorker.java:108)
	at org.testng.TestRunner.privateRun(TestRunner.java:774)
	at org.testng.TestRunner.run(TestRunner.java:624)
	at org.testng.SuiteRunner.runTest(SuiteRunner.java:359)
	at org.testng.SuiteRunner.runSequentially(SuiteRunner.java:354)
	at org.testng.SuiteRunner.privateRun(SuiteRunner.java:312)
	at org.testng.SuiteRunner.run(SuiteRunner.java:261)
	at org.testng.SuiteRunnerWorker.runSuite(SuiteRunnerWorker.java:52)
	at org.testng.SuiteRunnerWorker.run(SuiteRunnerWorker.java:86)
	at org.testng.TestNG.runSuitesSequentially(TestNG.java:1215)
	at org.testng.TestNG.runSuitesLocally(TestNG.java:1140)
	at org.testng.TestNG.run(TestNG.java:1048)
	at com.eduven.utils.RunTestng.main(RunTestng.java:60)
</pre></div><a href='#' onClick='toggleBox("stack-trace574077658", this, "Click to show all stack frames", "Click to hide stack frames")'>Click to show all stack frames</a>
<div class='stack-trace' id='stack-trace574077658'><pre>java.lang.AssertionError: Error Message!Actual and Expected text not matched.  expected [friends coming over for dinner? serve them tea flavored vodka and see the magic. let meat lovers  tell you how to make it.

1. fill the glass with ice cubes.

2. add vodka and grapefruit juice. 

3. then take the bottle of grenadine, place your thumb over the top and slowly add a dash, trying to aim for the center of the glass.

4. enjoy!] but found [friends coming over for dinner? serve them tea flavored vodka and see the magic. let meat lovers tell you how to make it.

1. fill the glass with ice cubes.

2. add vodka and grapefruit juice. 

3. then take the bottle of grenadine, place your thumb over the top and slowly add a dash, trying to aim for the center of the glass.

4. enjoy!]
	at org.testng.Assert.fail(Assert.java:94)
	at org.testng.Assert.failNotEquals(Assert.java:496)
	at org.testng.Assert.assertEquals(Assert.java:125)
	at org.testng.Assert.assertEquals(Assert.java:178)
	at com.eduven.utils.Reusables.verifyEqualMessage(Reusables.java:805)
	at com.eduven.modules.EntityDetailPageLowerPart.verifyMethodListText(EntityDetailPageLowerPart.java:239)
	at com.eduven.testcase.CoursesPageTestCasesForMeatLovers.verifyMethodTest(CoursesPageTestCasesForMeatLovers.java:148)
	at sun.reflect.NativeMethodAccessorImpl.invoke0(Native Method)
	at sun.reflect.NativeMethodAccessorImpl.invoke(NativeMethodAccessorImpl.java:62)
	at sun.reflect.DelegatingMethodAccessorImpl.invoke(DelegatingMethodAccessorImpl.java:43)
	at java.lang.reflect.Method.invoke(Method.java:498)
	at org.testng.internal.MethodInvocationHelper.invokeMethod(MethodInvocationHelper.java:85)
	at org.testng.internal.Invoker.invokeMethod(Invoker.java:639)
	at org.testng.internal.Invoker.invokeTestMethod(Invoker.java:816)
	at org.testng.internal.Invoker.invokeTestMethods(Invoker.java:1124)
	at org.testng.internal.TestMethodWorker.invokeTestMethods(TestMethodWorker.java:125)
	at org.testng.internal.TestMethodWorker.run(TestMethodWorker.java:108)
	at org.testng.TestRunner.privateRun(TestRunner.java:774)
	at org.testng.TestRunner.run(TestRunner.java:624)
	at org.testng.SuiteRunner.runTest(SuiteRunner.java:359)
	at org.testng.SuiteRunner.runSequentially(SuiteRunner.java:354)
	at org.testng.SuiteRunner.privateRun(SuiteRunner.java:312)
	at org.testng.SuiteRunner.run(SuiteRunner.java:261)
	at org.testng.SuiteRunnerWorker.runSuite(SuiteRunnerWorker.java:52)
	at org.testng.SuiteRunnerWorker.run(SuiteRunnerWorker.java:86)
	at org.testng.TestNG.runSuitesSequentially(TestNG.java:1215)
	at org.testng.TestNG.runSuitesLocally(TestNG.java:1140)
	at org.testng.TestNG.run(TestNG.java:1048)
	at com.eduven.utils.RunTestng.main(RunTestng.java:60)
</pre></div></td>
<td>7</td>
<td>com.eduven.testcase.CoursesPageTestCasesForMeatLovers@3eb738bb</td></tr>
<tr>
<td title='com.eduven.testcase.CoursesPageTestCasesForMeatLovers.verifyRecipeRatingValueTest()'><b>verifyRecipeRatingValueTest</b><br>Test class: com.eduven.testcase.CoursesPageTestCasesForMeatLovers</td>
<td><div><pre>java.lang.AssertionError: Error Message!Actual and Expected Recipe Rating not matched. expected [] but found [5]
	at org.testng.Assert.fail(Assert.java:94)
	at org.testng.Assert.failNotEquals(Assert.java:496)
	at org.testng.Assert.assertEquals(Assert.java:125)
	at org.testng.Assert.assertEquals(Assert.java:178)
	at com.eduven.utils.Reusables.verifyEqualMessage(Reusables.java:805)
	at com.eduven.modules.EntityDetailPageUpperPart.verifyChefRecipeRatingValue(EntityDetailPageUpperPart.java:204)
	at com.eduven.testcase.CoursesPageTestCasesForMeatLovers.verifyRecipeRatingValueTest(CoursesPageTestCasesForMeatLovers.java:91)
	at sun.reflect.NativeMethodAccessorImpl.invoke0(Native Method)
	at sun.reflect.NativeMethodAccessorImpl.invoke(NativeMethodAccessorImpl.java:62)
	at sun.reflect.DelegatingMethodAccessorImpl.invoke(DelegatingMethodAccessorImpl.java:43)
	at java.lang.reflect.Method.invoke(Method.java:498)
	at org.testng.internal.MethodInvocationHelper.invokeMethod(MethodInvocationHelper.java:85)
	at org.testng.internal.Invoker.invokeMethod(Invoker.java:639)
	at org.testng.internal.Invoker.invokeTestMethod(Invoker.java:816)
	at org.testng.internal.Invoker.invokeTestMethods(Invoker.java:1124)
	at org.testng.internal.TestMethodWorker.invokeTestMethods(TestMethodWorker.java:125)
	at org.testng.internal.TestMethodWorker.run(TestMethodWorker.java:108)
	at org.testng.TestRunner.privateRun(TestRunner.java:774)
	at org.testng.TestRunner.run(TestRunner.java:624)
	at org.testng.SuiteRunner.runTest(SuiteRunner.java:359)
	at org.testng.SuiteRunner.runSequentially(SuiteRunner.java:354)
	at org.testng.SuiteRunner.privateRun(SuiteRunner.java:312)
	at org.testng.SuiteRunner.run(SuiteRunner.java:261)
	at org.testng.SuiteRunnerWorker.runSuite(SuiteRunnerWorker.java:52)
	at org.testng.SuiteRunnerWorker.run(SuiteRunnerWorker.java:86)
	at org.testng.TestNG.runSuitesSequentially(TestNG.java:1215)
	at org.testng.TestNG.runSuitesLocally(TestNG.java:1140)
	at org.testng.TestNG.run(TestNG.java:1048)
	at com.eduven.utils.RunTestng.main(RunTestng.java:60)
</pre></div><a href='#' onClick='toggleBox("stack-trace407148497", this, "Click to show all stack frames", "Click to hide stack frames")'>Click to show all stack frames</a>
<div class='stack-trace' id='stack-trace407148497'><pre>java.lang.AssertionError: Error Message!Actual and Expected Recipe Rating not matched. expected [] but found [5]
	at org.testng.Assert.fail(Assert.java:94)
	at org.testng.Assert.failNotEquals(Assert.java:496)
	at org.testng.Assert.assertEquals(Assert.java:125)
	at org.testng.Assert.assertEquals(Assert.java:178)
	at com.eduven.utils.Reusables.verifyEqualMessage(Reusables.java:805)
	at com.eduven.modules.EntityDetailPageUpperPart.verifyChefRecipeRatingValue(EntityDetailPageUpperPart.java:204)
	at com.eduven.testcase.CoursesPageTestCasesForMeatLovers.verifyRecipeRatingValueTest(CoursesPageTestCasesForMeatLovers.java:91)
	at sun.reflect.NativeMethodAccessorImpl.invoke0(Native Method)
	at sun.reflect.NativeMethodAccessorImpl.invoke(NativeMethodAccessorImpl.java:62)
	at sun.reflect.DelegatingMethodAccessorImpl.invoke(DelegatingMethodAccessorImpl.java:43)
	at java.lang.reflect.Method.invoke(Method.java:498)
	at org.testng.internal.MethodInvocationHelper.invokeMethod(MethodInvocationHelper.java:85)
	at org.testng.internal.Invoker.invokeMethod(Invoker.java:639)
	at org.testng.internal.Invoker.invokeTestMethod(Invoker.java:816)
	at org.testng.internal.Invoker.invokeTestMethods(Invoker.java:1124)
	at org.testng.internal.TestMethodWorker.invokeTestMethods(TestMethodWorker.java:125)
	at org.testng.internal.TestMethodWorker.run(TestMethodWorker.java:108)
	at org.testng.TestRunner.privateRun(TestRunner.java:774)
	at org.testng.TestRunner.run(TestRunner.java:624)
	at org.testng.SuiteRunner.runTest(SuiteRunner.java:359)
	at org.testng.SuiteRunner.runSequentially(SuiteRunner.java:354)
	at org.testng.SuiteRunner.privateRun(SuiteRunner.java:312)
	at org.testng.SuiteRunner.run(SuiteRunner.java:261)
	at org.testng.SuiteRunnerWorker.runSuite(SuiteRunnerWorker.java:52)
	at org.testng.SuiteRunnerWorker.run(SuiteRunnerWorker.java:86)
	at org.testng.TestNG.runSuitesSequentially(TestNG.java:1215)
	at org.testng.TestNG.runSuitesLocally(TestNG.java:1140)
	at org.testng.TestNG.run(TestNG.java:1048)
	at com.eduven.utils.RunTestng.main(RunTestng.java:60)
</pre></div></td>
<td>1</td>
<td>com.eduven.testcase.CoursesPageTestCasesForMeatLovers@3eb738bb</td></tr>
<tr>
<td title='com.eduven.testcase.CoursesPageTestCasesForMeatLovers.verifyRecipeServingsValueTest()'><b>verifyRecipeServingsValueTest</b><br>Test class: com.eduven.testcase.CoursesPageTestCasesForMeatLovers</td>
<td><div><pre>java.lang.AssertionError: Error Message!Actual and Expected Recipe Servings value not matched. expected [2] but found []
	at org.testng.Assert.fail(Assert.java:94)
	at org.testng.Assert.failNotEquals(Assert.java:496)
	at org.testng.Assert.assertEquals(Assert.java:125)
	at org.testng.Assert.assertEquals(Assert.java:178)
	at com.eduven.utils.Reusables.verifyEqualMessage(Reusables.java:805)
	at com.eduven.modules.EntityDetailPageUpperPart.verifyRecipeServingsValue(EntityDetailPageUpperPart.java:140)
	at com.eduven.testcase.CoursesPageTestCasesForMeatLovers.verifyRecipeServingsValueTest(CoursesPageTestCasesForMeatLovers.java:81)
	at sun.reflect.NativeMethodAccessorImpl.invoke0(Native Method)
	at sun.reflect.NativeMethodAccessorImpl.invoke(NativeMethodAccessorImpl.java:62)
	at sun.reflect.DelegatingMethodAccessorImpl.invoke(DelegatingMethodAccessorImpl.java:43)
	at java.lang.reflect.Method.invoke(Method.java:498)
	at org.testng.internal.MethodInvocationHelper.invokeMethod(MethodInvocationHelper.java:85)
	at org.testng.internal.Invoker.invokeMethod(Invoker.java:639)
	at org.testng.internal.Invoker.invokeTestMethod(Invoker.java:816)
	at org.testng.internal.Invoker.invokeTestMethods(Invoker.java:1124)
	at org.testng.internal.TestMethodWorker.invokeTestMethods(TestMethodWorker.java:125)
	at org.testng.internal.TestMethodWorker.run(TestMethodWorker.java:108)
	at org.testng.TestRunner.privateRun(TestRunner.java:774)
	at org.testng.TestRunner.run(TestRunner.java:624)
	at org.testng.SuiteRunner.runTest(SuiteRunner.java:359)
	at org.testng.SuiteRunner.runSequentially(SuiteRunner.java:354)
	at org.testng.SuiteRunner.privateRun(SuiteRunner.java:312)
	at org.testng.SuiteRunner.run(SuiteRunner.java:261)
	at org.testng.SuiteRunnerWorker.runSuite(SuiteRunnerWorker.java:52)
	at org.testng.SuiteRunnerWorker.run(SuiteRunnerWorker.java:86)
	at org.testng.TestNG.runSuitesSequentially(TestNG.java:1215)
	at org.testng.TestNG.runSuitesLocally(TestNG.java:1140)
	at org.testng.TestNG.run(TestNG.java:1048)
	at com.eduven.utils.RunTestng.main(RunTestng.java:60)
</pre></div><a href='#' onClick='toggleBox("stack-trace1108706191", this, "Click to show all stack frames", "Click to hide stack frames")'>Click to show all stack frames</a>
<div class='stack-trace' id='stack-trace1108706191'><pre>java.lang.AssertionError: Error Message!Actual and Expected Recipe Servings value not matched. expected [2] but found []
	at org.testng.Assert.fail(Assert.java:94)
	at org.testng.Assert.failNotEquals(Assert.java:496)
	at org.testng.Assert.assertEquals(Assert.java:125)
	at org.testng.Assert.assertEquals(Assert.java:178)
	at com.eduven.utils.Reusables.verifyEqualMessage(Reusables.java:805)
	at com.eduven.modules.EntityDetailPageUpperPart.verifyRecipeServingsValue(EntityDetailPageUpperPart.java:140)
	at com.eduven.testcase.CoursesPageTestCasesForMeatLovers.verifyRecipeServingsValueTest(CoursesPageTestCasesForMeatLovers.java:81)
	at sun.reflect.NativeMethodAccessorImpl.invoke0(Native Method)
	at sun.reflect.NativeMethodAccessorImpl.invoke(NativeMethodAccessorImpl.java:62)
	at sun.reflect.DelegatingMethodAccessorImpl.invoke(DelegatingMethodAccessorImpl.java:43)
	at java.lang.reflect.Method.invoke(Method.java:498)
	at org.testng.internal.MethodInvocationHelper.invokeMethod(MethodInvocationHelper.java:85)
	at org.testng.internal.Invoker.invokeMethod(Invoker.java:639)
	at org.testng.internal.Invoker.invokeTestMethod(Invoker.java:816)
	at org.testng.internal.Invoker.invokeTestMethods(Invoker.java:1124)
	at org.testng.internal.TestMethodWorker.invokeTestMethods(TestMethodWorker.java:125)
	at org.testng.internal.TestMethodWorker.run(TestMethodWorker.java:108)
	at org.testng.TestRunner.privateRun(TestRunner.java:774)
	at org.testng.TestRunner.run(TestRunner.java:624)
	at org.testng.SuiteRunner.runTest(SuiteRunner.java:359)
	at org.testng.SuiteRunner.runSequentially(SuiteRunner.java:354)
	at org.testng.SuiteRunner.privateRun(SuiteRunner.java:312)
	at org.testng.SuiteRunner.run(SuiteRunner.java:261)
	at org.testng.SuiteRunnerWorker.runSuite(SuiteRunnerWorker.java:52)
	at org.testng.SuiteRunnerWorker.run(SuiteRunnerWorker.java:86)
	at org.testng.TestNG.runSuitesSequentially(TestNG.java:1215)
	at org.testng.TestNG.runSuitesLocally(TestNG.java:1140)
	at org.testng.TestNG.run(TestNG.java:1048)
	at com.eduven.utils.RunTestng.main(RunTestng.java:60)
</pre></div></td>
<td>1</td>
<td>com.eduven.testcase.CoursesPageTestCasesForMeatLovers@3eb738bb</td></tr>
</table><p>
<table width='100%' border='1' class='invocation-passed'>
<tr><td colspan='4' align='center'><b>PASSED TESTS</b></td></tr>
<tr><td><b>Test method</b></td>
<td width="30%"><b>Exception</b></td>
<td width="10%"><b>Time (seconds)</b></td>
<td><b>Instance</b></td>
</tr>
<tr>
<td title='com.eduven.testcase.EduBankPageTestCases.addRecipeNameToEdubankTest()'><b>addRecipeNameToEdubankTest</b><br>Test class: com.eduven.testcase.EduBankPageTestCases</td>
<td></td>
<td>13</td>
<td>com.eduven.testcase.EduBankPageTestCases@5bda8e08</td></tr>
<tr>
<td title='com.eduven.testcase.CoursesPageTestCasesForMeatLovers.coursesPageNavigationTest()'><b>coursesPageNavigationTest</b><br>Test class: com.eduven.testcase.CoursesPageTestCasesForMeatLovers</td>
<td></td>
<td>45</td>
<td>com.eduven.testcase.CoursesPageTestCasesForMeatLovers@3eb738bb</td></tr>
<tr>
<td title='com.eduven.testcase.EduBankPageTestCases.edubankNavigateToTasteBudPageTest()'><b>edubankNavigateToTasteBudPageTest</b><br>Test class: com.eduven.testcase.EduBankPageTestCases</td>
<td></td>
<td>122</td>
<td>com.eduven.testcase.EduBankPageTestCases@5bda8e08</td></tr>
<tr>
<td title='com.eduven.testcase.EduBankPageTestCases.edubankVerifyAddedRecipeInEdubankTest()'><b>edubankVerifyAddedRecipeInEdubankTest</b><br>Test class: com.eduven.testcase.EduBankPageTestCases</td>
<td></td>
<td>75</td>
<td>com.eduven.testcase.EduBankPageTestCases@5bda8e08</td></tr>
<tr>
<td title='com.eduven.testcase.EvMenuPageTestCases.evmenuMoreAppsTest()'><b>evmenuMoreAppsTest</b><br>Test class: com.eduven.testcase.EvMenuPageTestCases</td>
<td></td>
<td>19</td>
<td>com.eduven.testcase.EvMenuPageTestCases@1e800aaa</td></tr>
<tr>
<td title='com.eduven.testcase.EvMenuPageTestCases.evmenuTipsTest()'><b>evmenuTipsTest</b><br>Test class: com.eduven.testcase.EvMenuPageTestCases</td>
<td></td>
<td>16</td>
<td>com.eduven.testcase.EvMenuPageTestCases@1e800aaa</td></tr>
<tr>
<td title='com.eduven.testcase.HomePageTestCases.homePageAppHeaderTextTest()'><b>homePageAppHeaderTextTest</b><br>Test class: com.eduven.testcase.HomePageTestCases</td>
<td></td>
<td>2</td>
<td>com.eduven.testcase.HomePageTestCases@233795b6</td></tr>
<tr>
<td title='com.eduven.testcase.HomePageTestCases.homePageEvMenuTest()'><b>homePageEvMenuTest</b><br>Test class: com.eduven.testcase.HomePageTestCases</td>
<td></td>
<td>7</td>
<td>com.eduven.testcase.HomePageTestCases@233795b6</td></tr>
<tr>
<td title='com.eduven.testcase.HomePageTestCases.homePageSearchTest()'><b>homePageSearchTest</b><br>Test class: com.eduven.testcase.HomePageTestCases</td>
<td></td>
<td>8</td>
<td>com.eduven.testcase.HomePageTestCases@233795b6</td></tr>
<tr>
<td title='com.eduven.testcase.HomePageTestCases.inAppPurchaseTest()'><b>inAppPurchaseTest</b><br>Test class: com.eduven.testcase.HomePageTestCases</td>
<td></td>
<td>52</td>
<td>com.eduven.testcase.HomePageTestCases@233795b6</td></tr>
<tr>
<td title='com.eduven.testcase.CoursesPageTestCasesForMeatLovers.inAppPurchaseTest()'><b>inAppPurchaseTest</b><br>Test class: com.eduven.testcase.CoursesPageTestCasesForMeatLovers</td>
<td></td>
<td>51</td>
<td>com.eduven.testcase.CoursesPageTestCasesForMeatLovers@3eb738bb</td></tr>
<tr>
<td title='com.eduven.testcase.EduBankPageTestCases.inAppPurchaseTest()'><b>inAppPurchaseTest</b><br>Test class: com.eduven.testcase.EduBankPageTestCases</td>
<td></td>
<td>51</td>
<td>com.eduven.testcase.EduBankPageTestCases@5bda8e08</td></tr>
<tr>
<td title='com.eduven.testcase.EvMenuPageTestCases.inAppPurchaseTest()'><b>inAppPurchaseTest</b><br>Test class: com.eduven.testcase.EvMenuPageTestCases</td>
<td></td>
<td>52</td>
<td>com.eduven.testcase.EvMenuPageTestCases@1e800aaa</td></tr>
<tr>
<td title='com.eduven.testcase.EduBankPageTestCases.navigateToEdubankPageTest()'><b>navigateToEdubankPageTest</b><br>Test class: com.eduven.testcase.EduBankPageTestCases</td>
<td></td>
<td>38</td>
<td>com.eduven.testcase.EduBankPageTestCases@5bda8e08</td></tr>
<tr>
<td title='com.eduven.testcase.EvMenuPageTestCases.navigateToEvmenuTest()'><b>navigateToEvmenuTest</b><br>Test class: com.eduven.testcase.EvMenuPageTestCases</td>
<td></td>
<td>8</td>
<td>com.eduven.testcase.EvMenuPageTestCases@1e800aaa</td></tr>
<tr>
<td title='com.eduven.testcase.HomePageTestCases.selectFirstTypeOfDietTest()'><b>selectFirstTypeOfDietTest</b><br>Test class: com.eduven.testcase.HomePageTestCases</td>
<td></td>
<td>33</td>
<td>com.eduven.testcase.HomePageTestCases@233795b6</td></tr>
<tr>
<td title='com.eduven.testcase.EduBankPageTestCases.selectFirstTypeOfDietTest()'><b>selectFirstTypeOfDietTest</b><br>Test class: com.eduven.testcase.EduBankPageTestCases</td>
<td></td>
<td>33</td>
<td>com.eduven.testcase.EduBankPageTestCases@5bda8e08</td></tr>
<tr>
<td title='com.eduven.testcase.EvMenuPageTestCases.selectFirstTypeOfDietTest()'><b>selectFirstTypeOfDietTest</b><br>Test class: com.eduven.testcase.EvMenuPageTestCases</td>
<td></td>
<td>33</td>
<td>com.eduven.testcase.EvMenuPageTestCases@1e800aaa</td></tr>
<tr>
<td title='com.eduven.testcase.HomePageTestCases.verifyAppNameTest()'><b>verifyAppNameTest</b><br>Test class: com.eduven.testcase.HomePageTestCases</td>
<td></td>
<td>111</td>
<td>com.eduven.testcase.HomePageTestCases@233795b6</td></tr>
<tr>
<td title='com.eduven.testcase.CoursesPageTestCasesForMeatLovers.verifyAppNameTest()'><b>verifyAppNameTest</b><br>Test class: com.eduven.testcase.CoursesPageTestCasesForMeatLovers</td>
<td></td>
<td>65</td>
<td>com.eduven.testcase.CoursesPageTestCasesForMeatLovers@3eb738bb</td></tr>
<tr>
<td title='com.eduven.testcase.EduBankPageTestCases.verifyAppNameTest()'><b>verifyAppNameTest</b><br>Test class: com.eduven.testcase.EduBankPageTestCases</td>
<td></td>
<td>64</td>
<td>com.eduven.testcase.EduBankPageTestCases@5bda8e08</td></tr>
<tr>
<td title='com.eduven.testcase.EvMenuPageTestCases.verifyAppNameTest()'><b>verifyAppNameTest</b><br>Test class: com.eduven.testcase.EvMenuPageTestCases</td>
<td></td>
<td>65</td>
<td>com.eduven.testcase.EvMenuPageTestCases@1e800aaa</td></tr>
<tr>
<td title='com.eduven.testcase.CoursesPageTestCasesForMeatLovers.verifyCoursesListTest()'><b>verifyCoursesListTest</b><br>Test class: com.eduven.testcase.CoursesPageTestCasesForMeatLovers</td>
<td></td>
<td>118</td>
<td>com.eduven.testcase.CoursesPageTestCasesForMeatLovers@3eb738bb</td></tr>
<tr>
<td title='com.eduven.testcase.CoursesPageTestCasesForMeatLovers.verifyFreeCoursesRecipeTest()'><b>verifyFreeCoursesRecipeTest</b><br>Test class: com.eduven.testcase.CoursesPageTestCasesForMeatLovers</td>
<td></td>
<td>238</td>
<td>com.eduven.testcase.CoursesPageTestCasesForMeatLovers@3eb738bb</td></tr>
<tr>
<td title='com.eduven.testcase.CoursesPageTestCasesForMeatLovers.verifyIngredientNameListTest()'><b>verifyIngredientNameListTest</b><br>Test class: com.eduven.testcase.CoursesPageTestCasesForMeatLovers</td>
<td></td>
<td>52</td>
<td>com.eduven.testcase.CoursesPageTestCasesForMeatLovers@3eb738bb</td></tr>
<tr>
<td title='com.eduven.testcase.CoursesPageTestCasesForMeatLovers.verifyIngredientNutritionTest()'><b>verifyIngredientNutritionTest</b><br>Test class: com.eduven.testcase.CoursesPageTestCasesForMeatLovers</td>
<td></td>
<td>724</td>
<td>com.eduven.testcase.CoursesPageTestCasesForMeatLovers@3eb738bb</td></tr>
<tr>
<td title='com.eduven.testcase.CoursesPageTestCasesForMeatLovers.verifyIngredientTipsTest()'><b>verifyIngredientTipsTest</b><br>Test class: com.eduven.testcase.CoursesPageTestCasesForMeatLovers</td>
<td></td>
<td>45</td>
<td>com.eduven.testcase.CoursesPageTestCasesForMeatLovers@3eb738bb</td></tr>
<tr>
<td title='com.eduven.testcase.CoursesPageTestCasesForMeatLovers.verifyMenuPlannerTest()'><b>verifyMenuPlannerTest</b><br>Test class: com.eduven.testcase.CoursesPageTestCasesForMeatLovers</td>
<td></td>
<td>107</td>
<td>com.eduven.testcase.CoursesPageTestCasesForMeatLovers@3eb738bb</td></tr>
<tr>
<td title='com.eduven.testcase.CoursesPageTestCasesForMeatLovers.verifyRecipeNutritionTest()'><b>verifyRecipeNutritionTest</b><br>Test class: com.eduven.testcase.CoursesPageTestCasesForMeatLovers</td>
<td></td>
<td>17</td>
<td>com.eduven.testcase.CoursesPageTestCasesForMeatLovers@3eb738bb</td></tr>
<tr>
<td title='com.eduven.testcase.CoursesPageTestCasesForMeatLovers.verifyTagsTest()'><b>verifyTagsTest</b><br>Test class: com.eduven.testcase.CoursesPageTestCasesForMeatLovers</td>
<td></td>
<td>4</td>
<td>com.eduven.testcase.CoursesPageTestCasesForMeatLovers@3eb738bb</td></tr>
</table><p>
<table width='100%' border='1' class='invocation-skipped'>
<tr><td colspan='4' align='center'><b>SKIPPED TESTS</b></td></tr>
<tr><td><b>Test method</b></td>
<td width="30%"><b>Exception</b></td>
<td width="10%"><b>Time (seconds)</b></td>
<td><b>Instance</b></td>
</tr>
<tr>
<td title='com.eduven.testcase.AllRecipesPageTestCasesForMeatLovers.allRecipesPageNavigationTest()'><b>allRecipesPageNavigationTest</b><br>Test class: com.eduven.testcase.AllRecipesPageTestCasesForMeatLovers</td>
<td></td>
<td>0</td>
<td>com.eduven.testcase.AllRecipesPageTestCasesForMeatLovers@6f03482</td></tr>
<tr>
<td title='com.eduven.testcase.AllRecipesPageTestCasesForMeatLovers.allRecipesPageSelectRandomRecipeNameTest()'><b>allRecipesPageSelectRandomRecipeNameTest</b><br>Test class: com.eduven.testcase.AllRecipesPageTestCasesForMeatLovers</td>
<td></td>
<td>0</td>
<td>com.eduven.testcase.AllRecipesPageTestCasesForMeatLovers@6f03482</td></tr>
<tr>
<td title='com.eduven.testcase.AllRecipesPageTestCasesForMeatLovers.allRecipesPageVerifyallRecipesTermsTest()'><b>allRecipesPageVerifyallRecipesTermsTest</b><br>Test class: com.eduven.testcase.AllRecipesPageTestCasesForMeatLovers</td>
<td></td>
<td>0</td>
<td>com.eduven.testcase.AllRecipesPageTestCasesForMeatLovers@6f03482</td></tr>
<tr>
<td title='com.eduven.testcase.EvMenuPageTestCases.evmenuFacebookMessageSharingTest()'><b>evmenuFacebookMessageSharingTest</b><br>Test class: com.eduven.testcase.EvMenuPageTestCases</td>
<td></td>
<td>0</td>
<td>com.eduven.testcase.EvMenuPageTestCases@1e800aaa</td></tr>
<tr>
<td title='com.eduven.testcase.EvMenuPageTestCases.evmenuFeedbackGetInTouchTest()'><b>evmenuFeedbackGetInTouchTest</b><br>Test class: com.eduven.testcase.EvMenuPageTestCases</td>
<td></td>
<td>0</td>
<td>com.eduven.testcase.EvMenuPageTestCases@1e800aaa</td></tr>
<tr>
<td title='com.eduven.testcase.EvMenuPageTestCases.evmenuInformationAndSupportForDisclaimerTest()'><b>evmenuInformationAndSupportForDisclaimerTest</b><br>Test class: com.eduven.testcase.EvMenuPageTestCases</td>
<td></td>
<td>0</td>
<td>com.eduven.testcase.EvMenuPageTestCases@1e800aaa</td></tr>
<tr>
<td title='com.eduven.testcase.EvMenuPageTestCases.evmenuInformationAndSupportForPrivacyPolicyTest()'><b>evmenuInformationAndSupportForPrivacyPolicyTest</b><br>Test class: com.eduven.testcase.EvMenuPageTestCases</td>
<td></td>
<td>0</td>
<td>com.eduven.testcase.EvMenuPageTestCases@1e800aaa</td></tr>
<tr>
<td title='com.eduven.testcase.EvMenuPageTestCases.evmenuInformationAndSupportForTermAndConditionTest()'><b>evmenuInformationAndSupportForTermAndConditionTest</b><br>Test class: com.eduven.testcase.EvMenuPageTestCases</td>
<td></td>
<td>0</td>
<td>com.eduven.testcase.EvMenuPageTestCases@1e800aaa</td></tr>
<tr>
<td title='com.eduven.testcase.EvMenuPageTestCases.evmenuLoginFacebookTest()'><b>evmenuLoginFacebookTest</b><br>Test class: com.eduven.testcase.EvMenuPageTestCases</td>
<td></td>
<td>0</td>
<td>com.eduven.testcase.EvMenuPageTestCases@1e800aaa</td></tr>
<tr>
<td title='com.eduven.testcase.EvMenuPageTestCases.evmenuRateAppTest()'><b>evmenuRateAppTest</b><br>Test class: com.eduven.testcase.EvMenuPageTestCases</td>
<td></td>
<td>0</td>
<td>com.eduven.testcase.EvMenuPageTestCases@1e800aaa</td></tr>
<tr>
<td title='com.eduven.testcase.EvMenuPageTestCases.evmenuSelectAudienceTest()'><b>evmenuSelectAudienceTest</b><br>Test class: com.eduven.testcase.EvMenuPageTestCases</td>
<td></td>
<td>0</td>
<td>com.eduven.testcase.EvMenuPageTestCases@1e800aaa</td></tr>
<tr>
<td title='com.eduven.testcase.EvMenuPageTestCases.evmenuShareAppTest()'><b>evmenuShareAppTest</b><br>Test class: com.eduven.testcase.EvMenuPageTestCases</td>
<td></td>
<td>0</td>
<td>com.eduven.testcase.EvMenuPageTestCases@1e800aaa</td></tr>
<tr>
<td title='com.eduven.testcase.FilterPageTestCasesForMeatLovers.filtePageWithDietaryNeedTest()'><b>filtePageWithDietaryNeedTest</b><br>Test class: com.eduven.testcase.FilterPageTestCasesForMeatLovers</td>
<td></td>
<td>0</td>
<td>com.eduven.testcase.FilterPageTestCasesForMeatLovers@185a6e9</td></tr>
<tr>
<td title='com.eduven.testcase.FilterPageTestCasesForMeatLovers.filtePageWithExcludeIngredientTest()'><b>filtePageWithExcludeIngredientTest</b><br>Test class: com.eduven.testcase.FilterPageTestCasesForMeatLovers</td>
<td></td>
<td>0</td>
<td>com.eduven.testcase.FilterPageTestCasesForMeatLovers@185a6e9</td></tr>
<tr>
<td title='com.eduven.testcase.FilterPageTestCasesForMeatLovers.filtePageWithIncludeIngredientTest()'><b>filtePageWithIncludeIngredientTest</b><br>Test class: com.eduven.testcase.FilterPageTestCasesForMeatLovers</td>
<td></td>
<td>0</td>
<td>com.eduven.testcase.FilterPageTestCasesForMeatLovers@185a6e9</td></tr>
<tr>
<td title='com.eduven.testcase.FilterPageTestCasesForMeatLovers.filterPageVerifyExcludeIngredientNameInFilterRecipeTest()'><b>filterPageVerifyExcludeIngredientNameInFilterRecipeTest</b><br>Test class: com.eduven.testcase.FilterPageTestCasesForMeatLovers</td>
<td></td>
<td>0</td>
<td>com.eduven.testcase.FilterPageTestCasesForMeatLovers@185a6e9</td></tr>
<tr>
<td title='com.eduven.testcase.FilterPageTestCasesForMeatLovers.filterPageVerifyHeaderTextTest()'><b>filterPageVerifyHeaderTextTest</b><br>Test class: com.eduven.testcase.FilterPageTestCasesForMeatLovers</td>
<td></td>
<td>0</td>
<td>com.eduven.testcase.FilterPageTestCasesForMeatLovers@185a6e9</td></tr>
<tr>
<td title='com.eduven.testcase.FilterPageTestCasesForMeatLovers.filterPageVerifyIncludeIngredientNameInFilterRecipeTest()'><b>filterPageVerifyIncludeIngredientNameInFilterRecipeTest</b><br>Test class: com.eduven.testcase.FilterPageTestCasesForMeatLovers</td>
<td></td>
<td>0</td>
<td>com.eduven.testcase.FilterPageTestCasesForMeatLovers@185a6e9</td></tr>
<tr>
<td title='com.eduven.testcase.SearchPageTestCasesForMeatLovers.homePageAppHeaderTextTest()'><b>homePageAppHeaderTextTest</b><br>Test class: com.eduven.testcase.SearchPageTestCasesForMeatLovers</td>
<td></td>
<td>0</td>
<td>com.eduven.testcase.SearchPageTestCasesForMeatLovers@9d5509a</td></tr>
<tr>
<td title='com.eduven.testcase.FilterPageTestCasesForMeatLovers.inAppPurchaseTest()'><b>inAppPurchaseTest</b><br>Test class: com.eduven.testcase.FilterPageTestCasesForMeatLovers</td>
<td></td>
<td>0</td>
<td>com.eduven.testcase.FilterPageTestCasesForMeatLovers@185a6e9</td></tr>
<tr>
<td title='com.eduven.testcase.AllRecipesPageTestCasesForMeatLovers.inAppPurchaseTest()'><b>inAppPurchaseTest</b><br>Test class: com.eduven.testcase.AllRecipesPageTestCasesForMeatLovers</td>
<td></td>
<td>0</td>
<td>com.eduven.testcase.AllRecipesPageTestCasesForMeatLovers@6f03482</td></tr>
<tr>
<td title='com.eduven.testcase.SearchPageTestCasesForMeatLovers.inAppPurchaseTest()'><b>inAppPurchaseTest</b><br>Test class: com.eduven.testcase.SearchPageTestCasesForMeatLovers</td>
<td></td>
<td>0</td>
<td>com.eduven.testcase.SearchPageTestCasesForMeatLovers@9d5509a</td></tr>
<tr>
<td title='com.eduven.testcase.TasteBudPageTestCasesForMeatLovers.inAppPurchaseTest()'><b>inAppPurchaseTest</b><br>Test class: com.eduven.testcase.TasteBudPageTestCasesForMeatLovers</td>
<td></td>
<td>0</td>
<td>com.eduven.testcase.TasteBudPageTestCasesForMeatLovers@179ece50</td></tr>
<tr>
<td title='com.eduven.testcase.TipsPageTestCases.inAppPurchaseTest()'><b>inAppPurchaseTest</b><br>Test class: com.eduven.testcase.TipsPageTestCases</td>
<td></td>
<td>0</td>
<td>com.eduven.testcase.TipsPageTestCases@3b0090a4</td></tr>
<tr>
<td title='com.eduven.testcase.RecipeDetailPageTestCases.inAppPurchaseTest()'><b>inAppPurchaseTest</b><br>Test class: com.eduven.testcase.RecipeDetailPageTestCases</td>
<td></td>
<td>0</td>
<td>com.eduven.testcase.RecipeDetailPageTestCases@3cd3e762</td></tr>
<tr>
<td title='com.eduven.testcase.RecipeDetailPageTestCases.navigateToDetailPage()'><b>navigateToDetailPage</b><br>Test class: com.eduven.testcase.RecipeDetailPageTestCases</td>
<td></td>
<td>0</td>
<td>com.eduven.testcase.RecipeDetailPageTestCases@3cd3e762</td></tr>
<tr>
<td title='com.eduven.testcase.SearchPageTestCasesForMeatLovers.searchByLookupByIngredientForNonVegTest()'><b>searchByLookupByIngredientForNonVegTest</b><br>Test class: com.eduven.testcase.SearchPageTestCasesForMeatLovers</td>
<td></td>
<td>0</td>
<td>com.eduven.testcase.SearchPageTestCasesForMeatLovers@9d5509a</td></tr>
<tr>
<td title='com.eduven.testcase.SearchPageTestCasesForMeatLovers.searchByLookupByRecipeForNonVegetarianTest()'><b>searchByLookupByRecipeForNonVegetarianTest</b><br>Test class: com.eduven.testcase.SearchPageTestCasesForMeatLovers</td>
<td></td>
<td>0</td>
<td>com.eduven.testcase.SearchPageTestCasesForMeatLovers@9d5509a</td></tr>
<tr>
<td title='com.eduven.testcase.SearchPageTestCasesForMeatLovers.searchPageHeaderTextTest()'><b>searchPageHeaderTextTest</b><br>Test class: com.eduven.testcase.SearchPageTestCasesForMeatLovers</td>
<td></td>
<td>0</td>
<td>com.eduven.testcase.SearchPageTestCasesForMeatLovers@9d5509a</td></tr>
<tr>
<td title='com.eduven.testcase.SearchPageTestCasesForMeatLovers.searchPageNaviagateToTurboSearchPageTest()'><b>searchPageNaviagateToTurboSearchPageTest</b><br>Test class: com.eduven.testcase.SearchPageTestCasesForMeatLovers</td>
<td></td>
<td>0</td>
<td>com.eduven.testcase.SearchPageTestCasesForMeatLovers@9d5509a</td></tr>
<tr>
<td title='com.eduven.testcase.SearchPageTestCasesForMeatLovers.searchPageSelectSearchCategoryFromTurboTest()'><b>searchPageSelectSearchCategoryFromTurboTest</b><br>Test class: com.eduven.testcase.SearchPageTestCasesForMeatLovers</td>
<td></td>
<td>0</td>
<td>com.eduven.testcase.SearchPageTestCasesForMeatLovers@9d5509a</td></tr>
<tr>
<td title='com.eduven.testcase.SearchPageTestCasesForMeatLovers.searchPageVerifySearchCategoryAndSubCategryValueTest()'><b>searchPageVerifySearchCategoryAndSubCategryValueTest</b><br>Test class: com.eduven.testcase.SearchPageTestCasesForMeatLovers</td>
<td></td>
<td>0</td>
<td>com.eduven.testcase.SearchPageTestCasesForMeatLovers@9d5509a</td></tr>
<tr>
<td title='com.eduven.testcase.SearchPageTestCasesForMeatLovers.searchPageVerifyTurboSearchTest()'><b>searchPageVerifyTurboSearchTest</b><br>Test class: com.eduven.testcase.SearchPageTestCasesForMeatLovers</td>
<td></td>
<td>0</td>
<td>com.eduven.testcase.SearchPageTestCasesForMeatLovers@9d5509a</td></tr>
<tr>
<td title='com.eduven.testcase.TipsPageTestCases.selectFirstTypeOfDietTest()'><b>selectFirstTypeOfDietTest</b><br>Test class: com.eduven.testcase.TipsPageTestCases</td>
<td></td>
<td>0</td>
<td>com.eduven.testcase.TipsPageTestCases@3b0090a4</td></tr>
<tr>
<td title='com.eduven.testcase.RecipeDetailPageTestCases.selectFirstTypeOfDietTest()'><b>selectFirstTypeOfDietTest</b><br>Test class: com.eduven.testcase.RecipeDetailPageTestCases</td>
<td></td>
<td>0</td>
<td>com.eduven.testcase.RecipeDetailPageTestCases@3cd3e762</td></tr>
<tr>
<td title='com.eduven.testcase.TasteBudPageTestCasesForMeatLovers.tasteBudPageVerifyFreeTasteBudRecipeTest()'><b>tasteBudPageVerifyFreeTasteBudRecipeTest</b><br>Test class: com.eduven.testcase.TasteBudPageTestCasesForMeatLovers</td>
<td></td>
<td>0</td>
<td>com.eduven.testcase.TasteBudPageTestCasesForMeatLovers@179ece50</td></tr>
<tr>
<td title='com.eduven.testcase.TasteBudPageTestCasesForMeatLovers.tasteBudPageVerifyTasteBudCategoryTest()'><b>tasteBudPageVerifyTasteBudCategoryTest</b><br>Test class: com.eduven.testcase.TasteBudPageTestCasesForMeatLovers</td>
<td></td>
<td>0</td>
<td>com.eduven.testcase.TasteBudPageTestCasesForMeatLovers@179ece50</td></tr>
<tr>
<td title='com.eduven.testcase.TasteBudPageTestCasesForMeatLovers.tasteBudPageVerifyTasteBudRecipeTermTest()'><b>tasteBudPageVerifyTasteBudRecipeTermTest</b><br>Test class: com.eduven.testcase.TasteBudPageTestCasesForMeatLovers</td>
<td></td>
<td>0</td>
<td>com.eduven.testcase.TasteBudPageTestCasesForMeatLovers@179ece50</td></tr>
<tr>
<td title='com.eduven.testcase.FilterPageTestCasesForMeatLovers.testeBudPageNavigationTest()'><b>testeBudPageNavigationTest</b><br>Test class: com.eduven.testcase.FilterPageTestCasesForMeatLovers</td>
<td></td>
<td>0</td>
<td>com.eduven.testcase.FilterPageTestCasesForMeatLovers@185a6e9</td></tr>
<tr>
<td title='com.eduven.testcase.TasteBudPageTestCasesForMeatLovers.testeBudPageNavigationTest()'><b>testeBudPageNavigationTest</b><br>Test class: com.eduven.testcase.TasteBudPageTestCasesForMeatLovers</td>
<td></td>
<td>0</td>
<td>com.eduven.testcase.TasteBudPageTestCasesForMeatLovers@179ece50</td></tr>
<tr>
<td title='com.eduven.testcase.RecipeDetailPageTestCases.testeBudPageNavigationTest()'><b>testeBudPageNavigationTest</b><br>Test class: com.eduven.testcase.RecipeDetailPageTestCases</td>
<td></td>
<td>0</td>
<td>com.eduven.testcase.RecipeDetailPageTestCases@3cd3e762</td></tr>
<tr>
<td title='com.eduven.testcase.TipsPageTestCases.tipsPageNavigationTest()'><b>tipsPageNavigationTest</b><br>Test class: com.eduven.testcase.TipsPageTestCases</td>
<td></td>
<td>0</td>
<td>com.eduven.testcase.TipsPageTestCases@3b0090a4</td></tr>
<tr>
<td title='com.eduven.testcase.TasteBudPageTestCasesForMeatLovers.verifyCookingTimeTest()'><b>verifyCookingTimeTest</b><br>Test class: com.eduven.testcase.TasteBudPageTestCasesForMeatLovers</td>
<td></td>
<td>0</td>
<td>com.eduven.testcase.TasteBudPageTestCasesForMeatLovers@179ece50</td></tr>
<tr>
<td title='com.eduven.testcase.RecipeDetailPageTestCases.verifyCookingTimeTest()'><b>verifyCookingTimeTest</b><br>Test class: com.eduven.testcase.RecipeDetailPageTestCases</td>
<td></td>
<td>0</td>
<td>com.eduven.testcase.RecipeDetailPageTestCases@3cd3e762</td></tr>
<tr>
<td title='com.eduven.testcase.TasteBudPageTestCasesForMeatLovers.verifyIngredientNameListTest()'><b>verifyIngredientNameListTest</b><br>Test class: com.eduven.testcase.TasteBudPageTestCasesForMeatLovers</td>
<td></td>
<td>0</td>
<td>com.eduven.testcase.TasteBudPageTestCasesForMeatLovers@179ece50</td></tr>
<tr>
<td title='com.eduven.testcase.RecipeDetailPageTestCases.verifyIngredientNameListTest()'><b>verifyIngredientNameListTest</b><br>Test class: com.eduven.testcase.RecipeDetailPageTestCases</td>
<td></td>
<td>0</td>
<td>com.eduven.testcase.RecipeDetailPageTestCases@3cd3e762</td></tr>
<tr>
<td title='com.eduven.testcase.TasteBudPageTestCasesForMeatLovers.verifyIngredientNutritionTest()'><b>verifyIngredientNutritionTest</b><br>Test class: com.eduven.testcase.TasteBudPageTestCasesForMeatLovers</td>
<td></td>
<td>0</td>
<td>com.eduven.testcase.TasteBudPageTestCasesForMeatLovers@179ece50</td></tr>
<tr>
<td title='com.eduven.testcase.RecipeDetailPageTestCases.verifyIngredientNutritionTest()'><b>verifyIngredientNutritionTest</b><br>Test class: com.eduven.testcase.RecipeDetailPageTestCases</td>
<td></td>
<td>0</td>
<td>com.eduven.testcase.RecipeDetailPageTestCases@3cd3e762</td></tr>
<tr>
<td title='com.eduven.testcase.TasteBudPageTestCasesForMeatLovers.verifyIngredientTipsTest()'><b>verifyIngredientTipsTest</b><br>Test class: com.eduven.testcase.TasteBudPageTestCasesForMeatLovers</td>
<td></td>
<td>0</td>
<td>com.eduven.testcase.TasteBudPageTestCasesForMeatLovers@179ece50</td></tr>
<tr>
<td title='com.eduven.testcase.RecipeDetailPageTestCases.verifyIngredientTipsTest()'><b>verifyIngredientTipsTest</b><br>Test class: com.eduven.testcase.RecipeDetailPageTestCases</td>
<td></td>
<td>0</td>
<td>com.eduven.testcase.RecipeDetailPageTestCases@3cd3e762</td></tr>
<tr>
<td title='com.eduven.testcase.TasteBudPageTestCasesForMeatLovers.verifyMenuPlannerTest()'><b>verifyMenuPlannerTest</b><br>Test class: com.eduven.testcase.TasteBudPageTestCasesForMeatLovers</td>
<td></td>
<td>0</td>
<td>com.eduven.testcase.TasteBudPageTestCasesForMeatLovers@179ece50</td></tr>
<tr>
<td title='com.eduven.testcase.RecipeDetailPageTestCases.verifyMenuPlannerTest()'><b>verifyMenuPlannerTest</b><br>Test class: com.eduven.testcase.RecipeDetailPageTestCases</td>
<td></td>
<td>0</td>
<td>com.eduven.testcase.RecipeDetailPageTestCases@3cd3e762</td></tr>
<tr>
<td title='com.eduven.testcase.TasteBudPageTestCasesForMeatLovers.verifyMethodTest()'><b>verifyMethodTest</b><br>Test class: com.eduven.testcase.TasteBudPageTestCasesForMeatLovers</td>
<td></td>
<td>0</td>
<td>com.eduven.testcase.TasteBudPageTestCasesForMeatLovers@179ece50</td></tr>
<tr>
<td title='com.eduven.testcase.RecipeDetailPageTestCases.verifyMethodTest()'><b>verifyMethodTest</b><br>Test class: com.eduven.testcase.RecipeDetailPageTestCases</td>
<td></td>
<td>0</td>
<td>com.eduven.testcase.RecipeDetailPageTestCases@3cd3e762</td></tr>
<tr>
<td title='com.eduven.testcase.TasteBudPageTestCasesForMeatLovers.verifyRecipeNutritionTest()'><b>verifyRecipeNutritionTest</b><br>Test class: com.eduven.testcase.TasteBudPageTestCasesForMeatLovers</td>
<td></td>
<td>0</td>
<td>com.eduven.testcase.TasteBudPageTestCasesForMeatLovers@179ece50</td></tr>
<tr>
<td title='com.eduven.testcase.RecipeDetailPageTestCases.verifyRecipeNutritionTest()'><b>verifyRecipeNutritionTest</b><br>Test class: com.eduven.testcase.RecipeDetailPageTestCases</td>
<td></td>
<td>0</td>
<td>com.eduven.testcase.RecipeDetailPageTestCases@3cd3e762</td></tr>
<tr>
<td title='com.eduven.testcase.TasteBudPageTestCasesForMeatLovers.verifyRecipeRatingValueTest()'><b>verifyRecipeRatingValueTest</b><br>Test class: com.eduven.testcase.TasteBudPageTestCasesForMeatLovers</td>
<td></td>
<td>0</td>
<td>com.eduven.testcase.TasteBudPageTestCasesForMeatLovers@179ece50</td></tr>
<tr>
<td title='com.eduven.testcase.RecipeDetailPageTestCases.verifyRecipeRatingValueTest()'><b>verifyRecipeRatingValueTest</b><br>Test class: com.eduven.testcase.RecipeDetailPageTestCases</td>
<td></td>
<td>0</td>
<td>com.eduven.testcase.RecipeDetailPageTestCases@3cd3e762</td></tr>
<tr>
<td title='com.eduven.testcase.TasteBudPageTestCasesForMeatLovers.verifyRecipeServingsValueTest()'><b>verifyRecipeServingsValueTest</b><br>Test class: com.eduven.testcase.TasteBudPageTestCasesForMeatLovers</td>
<td></td>
<td>0</td>
<td>com.eduven.testcase.TasteBudPageTestCasesForMeatLovers@179ece50</td></tr>
<tr>
<td title='com.eduven.testcase.RecipeDetailPageTestCases.verifyRecipeServingsValueTest()'><b>verifyRecipeServingsValueTest</b><br>Test class: com.eduven.testcase.RecipeDetailPageTestCases</td>
<td></td>
<td>0</td>
<td>com.eduven.testcase.RecipeDetailPageTestCases@3cd3e762</td></tr>
<tr>
<td title='com.eduven.testcase.TasteBudPageTestCasesForMeatLovers.verifyTagsTest()'><b>verifyTagsTest</b><br>Test class: com.eduven.testcase.TasteBudPageTestCasesForMeatLovers</td>
<td></td>
<td>0</td>
<td>com.eduven.testcase.TasteBudPageTestCasesForMeatLovers@179ece50</td></tr>
<tr>
<td title='com.eduven.testcase.RecipeDetailPageTestCases.verifyTagsTest()'><b>verifyTagsTest</b><br>Test class: com.eduven.testcase.RecipeDetailPageTestCases</td>
<td></td>
<td>0</td>
<td>com.eduven.testcase.RecipeDetailPageTestCases@3cd3e762</td></tr>
<tr>
<td title='com.eduven.testcase.TipsPageTestCases.verifyTipsPageDescriptionTest()'><b>verifyTipsPageDescriptionTest</b><br>Test class: com.eduven.testcase.TipsPageTestCases</td>
<td></td>
<td>0</td>
<td>com.eduven.testcase.TipsPageTestCases@3b0090a4</td></tr>
<tr>
<td title='com.eduven.testcase.SearchPageTestCasesForMeatLovers.verifyTurboSearchRecipeTest()'><b>verifyTurboSearchRecipeTest</b><br>Test class: com.eduven.testcase.SearchPageTestCasesForMeatLovers</td>
<td></td>
<td>0</td>
<td>com.eduven.testcase.SearchPageTestCasesForMeatLovers@9d5509a</td></tr>
</table><p>
</body>
</html>