<html>
<head>
<title>TestNG:  Default test</title>
<link href="../testng.css" rel="stylesheet" type="text/css" />
<link href="../my-testng.css" rel="stylesheet" type="text/css" />

<style type="text/css">
.log { display: none;} 
.stack-trace { display: none;} 
</style>
<script type="text/javascript">
<!--
function flip(e) {
  current = e.style.display;
  if (current == 'block') {
    e.style.display = 'none';
    return 0;
  }
  else {
    e.style.display = 'block';
    return 1;
  }
}

function toggleBox(szDivId, elem, msg1, msg2)
{
  var res = -1;  if (document.getElementById) {
    res = flip(document.getElementById(szDivId));
  }
  else if (document.all) {
    // this is the way old msie versions work
    res = flip(document.all[szDivId]);
  }
  if(elem) {
    if(res == 0) elem.innerHTML = msg1; else elem.innerHTML = msg2;
  }

}

function toggleAllBoxes() {
  if (document.getElementsByTagName) {
    d = document.getElementsByTagName('div');
    for (i = 0; i < d.length; i++) {
      if (d[i].className == 'log') {
        flip(d[i]);
      }
    }
  }
}

// -->
</script>

</head>
<body>
<h2 align='center'>Default test</h2><table border='1' align="center">
<tr>
<td>Tests passed/Failed/Skipped:</td><td>7/3/9</td>
</tr><tr>
<td>Started on:</td><td>Thu Nov 03 17:34:38 IST 2016</td>
</tr>
<tr><td>Total time:</td><td>390 seconds (390375 ms)</td>
</tr><tr>
<td>Included groups:</td><td></td>
</tr><tr>
<td>Excluded groups:</td><td></td>
</tr>
</table><p/>
<small><i>(Hover the method name to see the test class name)</i></small><p/>
<table width='100%' border='1' class='invocation-failed'>
<tr><td colspan='4' align='center'><b>FAILED CONFIGURATIONS</b></td></tr>
<tr><td><b>Test method</b></td>
<td width="30%"><b>Exception</b></td>
<td width="10%"><b>Time (seconds)</b></td>
<td><b>Instance</b></td>
</tr>
<tr>
<td title='com.eduven.testcase.EvMenuPageTestCases.tearDown()'><b>tearDown</b><br>Test class: com.eduven.testcase.EvMenuPageTestCases<br>Parameters: [TestResult name=verifyContributePageWithRequiredTextTest status=FAILURE method=EvMenuPageTestCases.verifyContributePageWithRequiredTextTest()[pri:80, instance:com.eduven.testcase.EvMenuPageTestCases@4cf777e8] output={null}]</td>
<td><div><pre>org.openqa.selenium.remote.UnreachableBrowserException: Error communicating with the remote browser. It may have died.
Build info: version: &apos;2.51.0&apos;, revision: &apos;1af067d&apos;, time: &apos;2016-02-05 19:11:55&apos;
System info: host: &apos;Bhardwaj.local&apos;, ip: &apos;10.30.30.61&apos;, os.name: &apos;Mac OS X&apos;, os.arch: &apos;x86_64&apos;, os.version: &apos;10.11.6&apos;, java.version: &apos;1.8.0_74&apos;
Driver info: driver.version: RemoteWebDriver
Capabilities [{app=/Users/hiteshbhardwaj/Desktop/Automation/app/LanguagesForAndroid/portuguese/app-portuguese-debug.apk, appPackage=com.eduven.ld.lang.portuguese, networkConnectionEnabled=true, warnings={}, appiumVersion=1.4.13, databaseEnabled=false, deviceName=TA9330G5QE, platform=LINUX, appActivity=com.eduven.ld.lang.activity.SplashActivity, desired={app=/Users/hiteshbhardwaj/Desktop/Automation/app/LanguagesForAndroid/portuguese/app-portuguese-debug.apk, appPackage=com.eduven.ld.lang.portuguese, appActivity=com.eduven.ld.lang.activity.SplashActivity, newCommandTimeout=2000, platformVersion=6.0.1, appiumVersion=1.4.13, automationName=Appium, platformName=Android, deviceName=TA9330G5QE}, newCommandTimeout=2000, platformVersion=5.1, webStorageEnabled=false, locationContextEnabled=false, automationName=Appium, browserName=Android, takesScreenshot=true, javascriptEnabled=true, platformName=Android}]
Session ID: 74e38506-6d2a-4238-9658-2111e2c7aa65
	at org.openqa.selenium.remote.RemoteWebDriver.execute(RemoteWebDriver.java:665)
	at io.appium.java_client.DefaultGenericMobileDriver.execute(DefaultGenericMobileDriver.java:43)
	at io.appium.java_client.AppiumDriver.execute(AppiumDriver.java:216)
	at org.openqa.selenium.remote.RemoteWebDriver.getScreenshotAs(RemoteWebDriver.java:335)
	at com.eduven.utils.ScreenShot.takesScreenShotCapture(ScreenShot.java:30)
	at com.eduven.testcase.EvMenuPageTestCases.tearDown(EvMenuPageTestCases.java:198)
	at sun.reflect.NativeMethodAccessorImpl.invoke0(Native Method)
	at sun.reflect.NativeMethodAccessorImpl.invoke(NativeMethodAccessorImpl.java:62)
	at sun.reflect.DelegatingMethodAccessorImpl.invoke(DelegatingMethodAccessorImpl.java:43)
	at java.lang.reflect.Method.invoke(Method.java:498)
	at org.testng.internal.MethodInvocationHelper.invokeMethod(MethodInvocationHelper.java:85)
	at org.testng.internal.Invoker.invokeConfigurationMethod(Invoker.java:510)
	at org.testng.internal.Invoker.invokeConfigurations(Invoker.java:211)
	at org.testng.internal.Invoker.invokeMethod(Invoker.java:703)
	at org.testng.internal.Invoker.invokeTestMethod(Invoker.java:816)
	at org.testng.internal.Invoker.invokeTestMethods(Invoker.java:1124)
	at org.testng.internal.TestMethodWorker.invokeTestMethods(TestMethodWorker.java:125)
	at org.testng.internal.TestMethodWorker.run(TestMethodWorker.java:108)
	at org.testng.TestRunner.privateRun(TestRunner.java:774)
	at org.testng.TestRunner.run(TestRunner.java:624)
	at org.testng.SuiteRunner.runTest(SuiteRunner.java:359)
	at org.testng.SuiteRunner.runSequentially(SuiteRunner.java:354)
	at org.testng.SuiteRunner.privateRun(SuiteRunner.java:312)
	at org.testng.SuiteRunner.run(SuiteRunner.java:261)
	at org.testng.SuiteRunnerWorker.runSuite(SuiteRunnerWorker.java:52)
	at org.testng.SuiteRunnerWorker.run(SuiteRunnerWorker.java:86)
	at org.testng.TestNG.runSuitesSequentially(TestNG.java:1215)
	at org.testng.TestNG.runSuitesLocally(TestNG.java:1140)
	at org.testng.TestNG.run(TestNG.java:1048)
	at org.testng.remote.AbstractRemoteTestNG.run(AbstractRemoteTestNG.java:126)
	at org.testng.remote.RemoteTestNG.initAndRun(RemoteTestNG.java:152)
	at org.testng.remote.RemoteTestNG.main(RemoteTestNG.java:57)
Caused by: org.openqa.selenium.WebDriverException: org.apache.http.conn.HttpHostConnectException: Connect to 127.0.0.1:4723 [/127.0.0.1] failed: Connection refused
Build info: version: &apos;2.51.0&apos;, revision: &apos;1af067d&apos;, time: &apos;2016-02-05 19:11:55&apos;
System info: host: &apos;Bhardwaj.local&apos;, ip: &apos;10.30.30.61&apos;, os.name: &apos;Mac OS X&apos;, os.arch: &apos;x86_64&apos;, os.version: &apos;10.11.6&apos;, java.version: &apos;1.8.0_74&apos;
Driver info: driver.version: RemoteWebDriver
	at io.appium.java_client.remote.AppiumCommandExecutor.execute(AppiumCommandExecutor.java:76)
	at org.openqa.selenium.remote.RemoteWebDriver.execute(RemoteWebDriver.java:644)
	... 31 more
Caused by: org.apache.http.conn.HttpHostConnectException: Connect to 127.0.0.1:4723 [/127.0.0.1] failed: Connection refused
	at org.apache.http.impl.conn.DefaultHttpClientConnectionOperator.connect(DefaultHttpClientConnectionOperator.java:151)
	at org.apache.http.impl.conn.PoolingHttpClientConnectionManager.connect(PoolingHttpClientConnectionManager.java:353)
	at org.apache.http.impl.execchain.MainClientExec.establishRoute(MainClientExec.java:380)
	at org.apache.http.impl.execchain.MainClientExec.execute(MainClientExec.java:236)
	at org.apache.http.impl.execchain.ProtocolExec.execute(ProtocolExec.java:184)
	at org.apache.http.impl.execchain.RetryExec.execute(RetryExec.java:88)
	at org.apache.http.impl.execchain.RedirectExec.execute(RedirectExec.java:110)
	at org.apache.http.impl.client.InternalHttpClient.doExecute(InternalHttpClient.java:184)
	at org.apache.http.impl.client.CloseableHttpClient.execute(CloseableHttpClient.java:71)
	at org.apache.http.impl.client.CloseableHttpClient.execute(CloseableHttpClient.java:55)
	at org.openqa.selenium.remote.internal.ApacheHttpClient.fallBackExecute(ApacheHttpClient.java:144)
	at org.openqa.selenium.remote.internal.ApacheHttpClient.execute(ApacheHttpClient.java:90)
	at org.openqa.selenium.remote.HttpCommandExecutor.execute(HttpCommandExecutor.java:142)
	at io.appium.java_client.remote.AppiumCommandExecutor.execute(AppiumCommandExecutor.java:64)
	... 32 more
Caused by: java.net.ConnectException: Connection refused
	at java.net.PlainSocketImpl.socketConnect(Native Method)
	at java.net.AbstractPlainSocketImpl.doConnect(AbstractPlainSocketImpl.java:350)
	at java.net.AbstractPlainSocketImpl.connectToAddress(AbstractPlainSocketImpl.java:206)
	at java.net.AbstractPlainSocketImpl.connect(AbstractPlainSocketImpl.java:188)
	at java.net.SocksSocketImpl.connect(SocksSocketImpl.java:392)
	at java.net.Socket.connect(Socket.java:589)
	at org.apache.http.conn.socket.PlainConnectionSocketFactory.connectSocket(PlainConnectionSocketFactory.java:74)
	at org.apache.http.impl.conn.DefaultHttpClientConnectionOperator.connect(DefaultHttpClientConnectionOperator.java:134)
	... 45 more
</pre></div><a href='#' onClick='toggleBox("stack-trace1281414889", this, "Click to show all stack frames", "Click to hide stack frames")'>Click to show all stack frames</a>
<div class='stack-trace' id='stack-trace1281414889'><pre>org.openqa.selenium.remote.UnreachableBrowserException: Error communicating with the remote browser. It may have died.
Build info: version: &apos;2.51.0&apos;, revision: &apos;1af067d&apos;, time: &apos;2016-02-05 19:11:55&apos;
System info: host: &apos;Bhardwaj.local&apos;, ip: &apos;10.30.30.61&apos;, os.name: &apos;Mac OS X&apos;, os.arch: &apos;x86_64&apos;, os.version: &apos;10.11.6&apos;, java.version: &apos;1.8.0_74&apos;
Driver info: driver.version: RemoteWebDriver
Capabilities [{app=/Users/hiteshbhardwaj/Desktop/Automation/app/LanguagesForAndroid/portuguese/app-portuguese-debug.apk, appPackage=com.eduven.ld.lang.portuguese, networkConnectionEnabled=true, warnings={}, appiumVersion=1.4.13, databaseEnabled=false, deviceName=TA9330G5QE, platform=LINUX, appActivity=com.eduven.ld.lang.activity.SplashActivity, desired={app=/Users/hiteshbhardwaj/Desktop/Automation/app/LanguagesForAndroid/portuguese/app-portuguese-debug.apk, appPackage=com.eduven.ld.lang.portuguese, appActivity=com.eduven.ld.lang.activity.SplashActivity, newCommandTimeout=2000, platformVersion=6.0.1, appiumVersion=1.4.13, automationName=Appium, platformName=Android, deviceName=TA9330G5QE}, newCommandTimeout=2000, platformVersion=5.1, webStorageEnabled=false, locationContextEnabled=false, automationName=Appium, browserName=Android, takesScreenshot=true, javascriptEnabled=true, platformName=Android}]
Session ID: 74e38506-6d2a-4238-9658-2111e2c7aa65
	at org.openqa.selenium.remote.RemoteWebDriver.execute(RemoteWebDriver.java:665)
	at io.appium.java_client.DefaultGenericMobileDriver.execute(DefaultGenericMobileDriver.java:43)
	at io.appium.java_client.AppiumDriver.execute(AppiumDriver.java:216)
	at org.openqa.selenium.remote.RemoteWebDriver.getScreenshotAs(RemoteWebDriver.java:335)
	at com.eduven.utils.ScreenShot.takesScreenShotCapture(ScreenShot.java:30)
	at com.eduven.testcase.EvMenuPageTestCases.tearDown(EvMenuPageTestCases.java:198)
	at sun.reflect.NativeMethodAccessorImpl.invoke0(Native Method)
	at sun.reflect.NativeMethodAccessorImpl.invoke(NativeMethodAccessorImpl.java:62)
	at sun.reflect.DelegatingMethodAccessorImpl.invoke(DelegatingMethodAccessorImpl.java:43)
	at java.lang.reflect.Method.invoke(Method.java:498)
	at org.testng.internal.MethodInvocationHelper.invokeMethod(MethodInvocationHelper.java:85)
	at org.testng.internal.Invoker.invokeConfigurationMethod(Invoker.java:510)
	at org.testng.internal.Invoker.invokeConfigurations(Invoker.java:211)
	at org.testng.internal.Invoker.invokeMethod(Invoker.java:703)
	at org.testng.internal.Invoker.invokeTestMethod(Invoker.java:816)
	at org.testng.internal.Invoker.invokeTestMethods(Invoker.java:1124)
	at org.testng.internal.TestMethodWorker.invokeTestMethods(TestMethodWorker.java:125)
	at org.testng.internal.TestMethodWorker.run(TestMethodWorker.java:108)
	at org.testng.TestRunner.privateRun(TestRunner.java:774)
	at org.testng.TestRunner.run(TestRunner.java:624)
	at org.testng.SuiteRunner.runTest(SuiteRunner.java:359)
	at org.testng.SuiteRunner.runSequentially(SuiteRunner.java:354)
	at org.testng.SuiteRunner.privateRun(SuiteRunner.java:312)
	at org.testng.SuiteRunner.run(SuiteRunner.java:261)
	at org.testng.SuiteRunnerWorker.runSuite(SuiteRunnerWorker.java:52)
	at org.testng.SuiteRunnerWorker.run(SuiteRunnerWorker.java:86)
	at org.testng.TestNG.runSuitesSequentially(TestNG.java:1215)
	at org.testng.TestNG.runSuitesLocally(TestNG.java:1140)
	at org.testng.TestNG.run(TestNG.java:1048)
	at org.testng.remote.AbstractRemoteTestNG.run(AbstractRemoteTestNG.java:126)
	at org.testng.remote.RemoteTestNG.initAndRun(RemoteTestNG.java:152)
	at org.testng.remote.RemoteTestNG.main(RemoteTestNG.java:57)
Caused by: org.openqa.selenium.WebDriverException: org.apache.http.conn.HttpHostConnectException: Connect to 127.0.0.1:4723 [/127.0.0.1] failed: Connection refused
Build info: version: &apos;2.51.0&apos;, revision: &apos;1af067d&apos;, time: &apos;2016-02-05 19:11:55&apos;
System info: host: &apos;Bhardwaj.local&apos;, ip: &apos;10.30.30.61&apos;, os.name: &apos;Mac OS X&apos;, os.arch: &apos;x86_64&apos;, os.version: &apos;10.11.6&apos;, java.version: &apos;1.8.0_74&apos;
Driver info: driver.version: RemoteWebDriver
	at io.appium.java_client.remote.AppiumCommandExecutor.execute(AppiumCommandExecutor.java:76)
	at org.openqa.selenium.remote.RemoteWebDriver.execute(RemoteWebDriver.java:644)
	... 31 more
Caused by: org.apache.http.conn.HttpHostConnectException: Connect to 127.0.0.1:4723 [/127.0.0.1] failed: Connection refused
	at org.apache.http.impl.conn.DefaultHttpClientConnectionOperator.connect(DefaultHttpClientConnectionOperator.java:151)
	at org.apache.http.impl.conn.PoolingHttpClientConnectionManager.connect(PoolingHttpClientConnectionManager.java:353)
	at org.apache.http.impl.execchain.MainClientExec.establishRoute(MainClientExec.java:380)
	at org.apache.http.impl.execchain.MainClientExec.execute(MainClientExec.java:236)
	at org.apache.http.impl.execchain.ProtocolExec.execute(ProtocolExec.java:184)
	at org.apache.http.impl.execchain.RetryExec.execute(RetryExec.java:88)
	at org.apache.http.impl.execchain.RedirectExec.execute(RedirectExec.java:110)
	at org.apache.http.impl.client.InternalHttpClient.doExecute(InternalHttpClient.java:184)
	at org.apache.http.impl.client.CloseableHttpClient.execute(CloseableHttpClient.java:71)
	at org.apache.http.impl.client.CloseableHttpClient.execute(CloseableHttpClient.java:55)
	at org.openqa.selenium.remote.internal.ApacheHttpClient.fallBackExecute(ApacheHttpClient.java:144)
	at org.openqa.selenium.remote.internal.ApacheHttpClient.execute(ApacheHttpClient.java:90)
	at org.openqa.selenium.remote.HttpCommandExecutor.execute(HttpCommandExecutor.java:142)
	at io.appium.java_client.remote.AppiumCommandExecutor.execute(AppiumCommandExecutor.java:64)
	... 32 more
Caused by: java.net.ConnectException: Connection refused
	at java.net.PlainSocketImpl.socketConnect(Native Method)
	at java.net.AbstractPlainSocketImpl.doConnect(AbstractPlainSocketImpl.java:350)
	at java.net.AbstractPlainSocketImpl.connectToAddress(AbstractPlainSocketImpl.java:206)
	at java.net.AbstractPlainSocketImpl.connect(AbstractPlainSocketImpl.java:188)
	at java.net.SocksSocketImpl.connect(SocksSocketImpl.java:392)
	at java.net.Socket.connect(Socket.java:589)
	at org.apache.http.conn.socket.PlainConnectionSocketFactory.connectSocket(PlainConnectionSocketFactory.java:74)
	at org.apache.http.impl.conn.DefaultHttpClientConnectionOperator.connect(DefaultHttpClientConnectionOperator.java:134)
	... 45 more
</pre></div></td>
<td>0</td>
<td>com.eduven.testcase.EvMenuPageTestCases@4cf777e8</td></tr>
</table><p>
<table width='100%' border='1' class='invocation-skipped'>
<tr><td colspan='4' align='center'><b>SKIPPED CONFIGURATIONS</b></td></tr>
<tr><td><b>Test method</b></td>
<td width="30%"><b>Exception</b></td>
<td width="10%"><b>Time (seconds)</b></td>
<td><b>Instance</b></td>
</tr>
<tr>
<td title='com.eduven.testcase.EvMenuPageTestCases.tearDown()'><b>tearDown</b><br>Test class: com.eduven.testcase.EvMenuPageTestCases</td>
<td></td>
<td>0</td>
<td>com.eduven.testcase.EvMenuPageTestCases@4cf777e8</td></tr>
<tr>
<td title='com.eduven.testcase.EvMenuPageTestCases.tearDown()'><b>tearDown</b><br>Test class: com.eduven.testcase.EvMenuPageTestCases</td>
<td></td>
<td>0</td>
<td>com.eduven.testcase.EvMenuPageTestCases@4cf777e8</td></tr>
<tr>
<td title='com.eduven.testcase.EvMenuPageTestCases.tearDown()'><b>tearDown</b><br>Test class: com.eduven.testcase.EvMenuPageTestCases</td>
<td></td>
<td>0</td>
<td>com.eduven.testcase.EvMenuPageTestCases@4cf777e8</td></tr>
<tr>
<td title='com.eduven.testcase.EvMenuPageTestCases.tearDown()'><b>tearDown</b><br>Test class: com.eduven.testcase.EvMenuPageTestCases</td>
<td></td>
<td>0</td>
<td>com.eduven.testcase.EvMenuPageTestCases@4cf777e8</td></tr>
<tr>
<td title='com.eduven.testcase.EvMenuPageTestCases.tearDown()'><b>tearDown</b><br>Test class: com.eduven.testcase.EvMenuPageTestCases</td>
<td></td>
<td>0</td>
<td>com.eduven.testcase.EvMenuPageTestCases@4cf777e8</td></tr>
<tr>
<td title='com.eduven.testcase.EvMenuPageTestCases.tearDown()'><b>tearDown</b><br>Test class: com.eduven.testcase.EvMenuPageTestCases</td>
<td></td>
<td>0</td>
<td>com.eduven.testcase.EvMenuPageTestCases@4cf777e8</td></tr>
<tr>
<td title='com.eduven.testcase.EvMenuPageTestCases.tearDown()'><b>tearDown</b><br>Test class: com.eduven.testcase.EvMenuPageTestCases</td>
<td></td>
<td>0</td>
<td>com.eduven.testcase.EvMenuPageTestCases@4cf777e8</td></tr>
<tr>
<td title='com.eduven.testcase.EvMenuPageTestCases.tearDown()'><b>tearDown</b><br>Test class: com.eduven.testcase.EvMenuPageTestCases</td>
<td></td>
<td>0</td>
<td>com.eduven.testcase.EvMenuPageTestCases@4cf777e8</td></tr>
<tr>
<td title='com.eduven.testcase.EvMenuPageTestCases.tearDown()'><b>tearDown</b><br>Test class: com.eduven.testcase.EvMenuPageTestCases</td>
<td></td>
<td>0</td>
<td>com.eduven.testcase.EvMenuPageTestCases@4cf777e8</td></tr>
<tr>
<td title='com.eduven.testcase.EvMenuPageTestCases.closeApp()'><b>closeApp</b><br>Test class: com.eduven.testcase.EvMenuPageTestCases</td>
<td></td>
<td>0</td>
<td>com.eduven.testcase.EvMenuPageTestCases@4cf777e8</td></tr>
</table><p>
<table width='100%' border='1' class='invocation-failed'>
<tr><td colspan='4' align='center'><b>FAILED TESTS</b></td></tr>
<tr><td><b>Test method</b></td>
<td width="30%"><b>Exception</b></td>
<td width="10%"><b>Time (seconds)</b></td>
<td><b>Instance</b></td>
</tr>
<tr>
<td title='com.eduven.testcase.EvMenuPageTestCases.navigateToAppListPageTest()'><b>navigateToAppListPageTest</b><br>Test class: com.eduven.testcase.EvMenuPageTestCases</td>
<td><div><pre>org.openqa.selenium.TimeoutException: Timed out after 60 seconds waiting for visibility of element located by By.id: com.eduven.ld.lang.portuguese:id/moreappsAnimation
Build info: version: &apos;2.51.0&apos;, revision: &apos;1af067d&apos;, time: &apos;2016-02-05 19:11:55&apos;
System info: host: &apos;Bhardwaj.local&apos;, ip: &apos;10.30.30.61&apos;, os.name: &apos;Mac OS X&apos;, os.arch: &apos;x86_64&apos;, os.version: &apos;10.11.6&apos;, java.version: &apos;1.8.0_74&apos;
Driver info: io.appium.java_client.android.AndroidDriver
Capabilities [{app=/Users/hiteshbhardwaj/Desktop/Automation/app/LanguagesForAndroid/portuguese/app-portuguese-debug.apk, appPackage=com.eduven.ld.lang.portuguese, networkConnectionEnabled=true, warnings={}, appiumVersion=1.4.13, databaseEnabled=false, deviceName=TA9330G5QE, platform=LINUX, appActivity=com.eduven.ld.lang.activity.SplashActivity, desired={app=/Users/hiteshbhardwaj/Desktop/Automation/app/LanguagesForAndroid/portuguese/app-portuguese-debug.apk, appPackage=com.eduven.ld.lang.portuguese, appActivity=com.eduven.ld.lang.activity.SplashActivity, newCommandTimeout=2000, platformVersion=6.0.1, appiumVersion=1.4.13, automationName=Appium, platformName=Android, deviceName=TA9330G5QE}, newCommandTimeout=2000, platformVersion=5.1, webStorageEnabled=false, locationContextEnabled=false, automationName=Appium, browserName=Android, takesScreenshot=true, javascriptEnabled=true, platformName=Android}]
Session ID: 74e38506-6d2a-4238-9658-2111e2c7aa65
	at org.openqa.selenium.support.ui.WebDriverWait.timeoutException(WebDriverWait.java:80)
	at org.openqa.selenium.support.ui.FluentWait.until(FluentWait.java:261)
	at com.eduven.utils.Reusables.waitForElement(Reusables.java:76)
	at com.eduven.modules.EvMenu.navigateToMoreAppsListPage(EvMenu.java:892)
	at com.eduven.testcase.EvMenuPageTestCases.navigateToAppListPageTest(EvMenuPageTestCases.java:49)
	at sun.reflect.NativeMethodAccessorImpl.invoke0(Native Method)
	at sun.reflect.NativeMethodAccessorImpl.invoke(NativeMethodAccessorImpl.java:62)
	at sun.reflect.DelegatingMethodAccessorImpl.invoke(DelegatingMethodAccessorImpl.java:43)
	at java.lang.reflect.Method.invoke(Method.java:498)
	at org.testng.internal.MethodInvocationHelper.invokeMethod(MethodInvocationHelper.java:85)
	at org.testng.internal.Invoker.invokeMethod(Invoker.java:639)
	at org.testng.internal.Invoker.invokeTestMethod(Invoker.java:816)
	at org.testng.internal.Invoker.invokeTestMethods(Invoker.java:1124)
	at org.testng.internal.TestMethodWorker.invokeTestMethods(TestMethodWorker.java:125)
	at org.testng.internal.TestMethodWorker.run(TestMethodWorker.java:108)
	at org.testng.TestRunner.privateRun(TestRunner.java:774)
	at org.testng.TestRunner.run(TestRunner.java:624)
	at org.testng.SuiteRunner.runTest(SuiteRunner.java:359)
	at org.testng.SuiteRunner.runSequentially(SuiteRunner.java:354)
	at org.testng.SuiteRunner.privateRun(SuiteRunner.java:312)
	at org.testng.SuiteRunner.run(SuiteRunner.java:261)
	at org.testng.SuiteRunnerWorker.runSuite(SuiteRunnerWorker.java:52)
	at org.testng.SuiteRunnerWorker.run(SuiteRunnerWorker.java:86)
	at org.testng.TestNG.runSuitesSequentially(TestNG.java:1215)
	at org.testng.TestNG.runSuitesLocally(TestNG.java:1140)
	at org.testng.TestNG.run(TestNG.java:1048)
	at org.testng.remote.AbstractRemoteTestNG.run(AbstractRemoteTestNG.java:126)
	at org.testng.remote.RemoteTestNG.initAndRun(RemoteTestNG.java:152)
	at org.testng.remote.RemoteTestNG.main(RemoteTestNG.java:57)
Caused by: org.openqa.selenium.NoSuchElementException: An element could not be located on the page using the given search parameters. (WARNING: The server did not provide any stacktrace information)
Command duration or timeout: 20.03 seconds
For documentation on this error, please visit: http://seleniumhq.org/exceptions/no_such_element.html
Build info: version: &apos;2.51.0&apos;, revision: &apos;1af067d&apos;, time: &apos;2016-02-05 19:11:55&apos;
System info: host: &apos;Bhardwaj.local&apos;, ip: &apos;10.30.30.61&apos;, os.name: &apos;Mac OS X&apos;, os.arch: &apos;x86_64&apos;, os.version: &apos;10.11.6&apos;, java.version: &apos;1.8.0_74&apos;
Driver info: io.appium.java_client.android.AndroidDriver
Capabilities [{app=/Users/hiteshbhardwaj/Desktop/Automation/app/LanguagesForAndroid/portuguese/app-portuguese-debug.apk, appPackage=com.eduven.ld.lang.portuguese, networkConnectionEnabled=true, warnings={}, appiumVersion=1.4.13, databaseEnabled=false, deviceName=TA9330G5QE, platform=LINUX, appActivity=com.eduven.ld.lang.activity.SplashActivity, desired={app=/Users/hiteshbhardwaj/Desktop/Automation/app/LanguagesForAndroid/portuguese/app-portuguese-debug.apk, appPackage=com.eduven.ld.lang.portuguese, appActivity=com.eduven.ld.lang.activity.SplashActivity, newCommandTimeout=2000, platformVersion=6.0.1, appiumVersion=1.4.13, automationName=Appium, platformName=Android, deviceName=TA9330G5QE}, newCommandTimeout=2000, platformVersion=5.1, webStorageEnabled=false, locationContextEnabled=false, automationName=Appium, browserName=Android, takesScreenshot=true, javascriptEnabled=true, platformName=Android}]
Session ID: 74e38506-6d2a-4238-9658-2111e2c7aa65
*** Element info: {Using=id, value=com.eduven.ld.lang.portuguese:id/moreappsAnimation}
	at sun.reflect.NativeConstructorAccessorImpl.newInstance0(Native Method)
	at sun.reflect.NativeConstructorAccessorImpl.newInstance(NativeConstructorAccessorImpl.java:62)
	at sun.reflect.DelegatingConstructorAccessorImpl.newInstance(DelegatingConstructorAccessorImpl.java:45)
	at java.lang.reflect.Constructor.newInstance(Constructor.java:423)
	at org.openqa.selenium.remote.ErrorHandler.createThrowable(ErrorHandler.java:206)
	at org.openqa.selenium.remote.ErrorHandler.throwIfResponseFailed(ErrorHandler.java:158)
	at org.openqa.selenium.remote.RemoteWebDriver.execute(RemoteWebDriver.java:678)
	at io.appium.java_client.DefaultGenericMobileDriver.execute(DefaultGenericMobileDriver.java:43)
	at io.appium.java_client.AppiumDriver.execute(AppiumDriver.java:1)
	at io.appium.java_client.android.AndroidDriver.execute(AndroidDriver.java:1)
	at org.openqa.selenium.remote.RemoteWebDriver.findElement(RemoteWebDriver.java:363)
	at org.openqa.selenium.remote.RemoteWebDriver.findElementById(RemoteWebDriver.java:413)
	at io.appium.java_client.DefaultGenericMobileDriver.findElementById(DefaultGenericMobileDriver.java:59)
	at io.appium.java_client.AppiumDriver.findElementById(AppiumDriver.java:1)
	at io.appium.java_client.android.AndroidDriver.findElementById(AndroidDriver.java:1)
	at org.openqa.selenium.By$ById.findElement(By.java:218)
	at org.openqa.selenium.remote.RemoteWebDriver.findElement(RemoteWebDriver.java:355)
	at io.appium.java_client.DefaultGenericMobileDriver.findElement(DefaultGenericMobileDriver.java:51)
	at io.appium.java_client.AppiumDriver.findElement(AppiumDriver.java:1)
	at io.appium.java_client.android.AndroidDriver.findElement(AndroidDriver.java:1)
	at org.openqa.selenium.support.ui.ExpectedConditions.findElement(ExpectedConditions.java:911)
	at org.openqa.selenium.support.ui.ExpectedConditions.access$0(ExpectedConditions.java:909)
	at org.openqa.selenium.support.ui.ExpectedConditions$7.apply(ExpectedConditions.java:205)
	at org.openqa.selenium.support.ui.ExpectedConditions$7.apply(ExpectedConditions.java:1)
	at org.openqa.selenium.support.ui.FluentWait.until(FluentWait.java:238)
	... 27 more
</pre></div><a href='#' onClick='toggleBox("stack-trace2130192211", this, "Click to show all stack frames", "Click to hide stack frames")'>Click to show all stack frames</a>
<div class='stack-trace' id='stack-trace2130192211'><pre>org.openqa.selenium.TimeoutException: Timed out after 60 seconds waiting for visibility of element located by By.id: com.eduven.ld.lang.portuguese:id/moreappsAnimation
Build info: version: &apos;2.51.0&apos;, revision: &apos;1af067d&apos;, time: &apos;2016-02-05 19:11:55&apos;
System info: host: &apos;Bhardwaj.local&apos;, ip: &apos;10.30.30.61&apos;, os.name: &apos;Mac OS X&apos;, os.arch: &apos;x86_64&apos;, os.version: &apos;10.11.6&apos;, java.version: &apos;1.8.0_74&apos;
Driver info: io.appium.java_client.android.AndroidDriver
Capabilities [{app=/Users/hiteshbhardwaj/Desktop/Automation/app/LanguagesForAndroid/portuguese/app-portuguese-debug.apk, appPackage=com.eduven.ld.lang.portuguese, networkConnectionEnabled=true, warnings={}, appiumVersion=1.4.13, databaseEnabled=false, deviceName=TA9330G5QE, platform=LINUX, appActivity=com.eduven.ld.lang.activity.SplashActivity, desired={app=/Users/hiteshbhardwaj/Desktop/Automation/app/LanguagesForAndroid/portuguese/app-portuguese-debug.apk, appPackage=com.eduven.ld.lang.portuguese, appActivity=com.eduven.ld.lang.activity.SplashActivity, newCommandTimeout=2000, platformVersion=6.0.1, appiumVersion=1.4.13, automationName=Appium, platformName=Android, deviceName=TA9330G5QE}, newCommandTimeout=2000, platformVersion=5.1, webStorageEnabled=false, locationContextEnabled=false, automationName=Appium, browserName=Android, takesScreenshot=true, javascriptEnabled=true, platformName=Android}]
Session ID: 74e38506-6d2a-4238-9658-2111e2c7aa65
	at org.openqa.selenium.support.ui.WebDriverWait.timeoutException(WebDriverWait.java:80)
	at org.openqa.selenium.support.ui.FluentWait.until(FluentWait.java:261)
	at com.eduven.utils.Reusables.waitForElement(Reusables.java:76)
	at com.eduven.modules.EvMenu.navigateToMoreAppsListPage(EvMenu.java:892)
	at com.eduven.testcase.EvMenuPageTestCases.navigateToAppListPageTest(EvMenuPageTestCases.java:49)
	at sun.reflect.NativeMethodAccessorImpl.invoke0(Native Method)
	at sun.reflect.NativeMethodAccessorImpl.invoke(NativeMethodAccessorImpl.java:62)
	at sun.reflect.DelegatingMethodAccessorImpl.invoke(DelegatingMethodAccessorImpl.java:43)
	at java.lang.reflect.Method.invoke(Method.java:498)
	at org.testng.internal.MethodInvocationHelper.invokeMethod(MethodInvocationHelper.java:85)
	at org.testng.internal.Invoker.invokeMethod(Invoker.java:639)
	at org.testng.internal.Invoker.invokeTestMethod(Invoker.java:816)
	at org.testng.internal.Invoker.invokeTestMethods(Invoker.java:1124)
	at org.testng.internal.TestMethodWorker.invokeTestMethods(TestMethodWorker.java:125)
	at org.testng.internal.TestMethodWorker.run(TestMethodWorker.java:108)
	at org.testng.TestRunner.privateRun(TestRunner.java:774)
	at org.testng.TestRunner.run(TestRunner.java:624)
	at org.testng.SuiteRunner.runTest(SuiteRunner.java:359)
	at org.testng.SuiteRunner.runSequentially(SuiteRunner.java:354)
	at org.testng.SuiteRunner.privateRun(SuiteRunner.java:312)
	at org.testng.SuiteRunner.run(SuiteRunner.java:261)
	at org.testng.SuiteRunnerWorker.runSuite(SuiteRunnerWorker.java:52)
	at org.testng.SuiteRunnerWorker.run(SuiteRunnerWorker.java:86)
	at org.testng.TestNG.runSuitesSequentially(TestNG.java:1215)
	at org.testng.TestNG.runSuitesLocally(TestNG.java:1140)
	at org.testng.TestNG.run(TestNG.java:1048)
	at org.testng.remote.AbstractRemoteTestNG.run(AbstractRemoteTestNG.java:126)
	at org.testng.remote.RemoteTestNG.initAndRun(RemoteTestNG.java:152)
	at org.testng.remote.RemoteTestNG.main(RemoteTestNG.java:57)
Caused by: org.openqa.selenium.NoSuchElementException: An element could not be located on the page using the given search parameters. (WARNING: The server did not provide any stacktrace information)
Command duration or timeout: 20.03 seconds
For documentation on this error, please visit: http://seleniumhq.org/exceptions/no_such_element.html
Build info: version: &apos;2.51.0&apos;, revision: &apos;1af067d&apos;, time: &apos;2016-02-05 19:11:55&apos;
System info: host: &apos;Bhardwaj.local&apos;, ip: &apos;10.30.30.61&apos;, os.name: &apos;Mac OS X&apos;, os.arch: &apos;x86_64&apos;, os.version: &apos;10.11.6&apos;, java.version: &apos;1.8.0_74&apos;
Driver info: io.appium.java_client.android.AndroidDriver
Capabilities [{app=/Users/hiteshbhardwaj/Desktop/Automation/app/LanguagesForAndroid/portuguese/app-portuguese-debug.apk, appPackage=com.eduven.ld.lang.portuguese, networkConnectionEnabled=true, warnings={}, appiumVersion=1.4.13, databaseEnabled=false, deviceName=TA9330G5QE, platform=LINUX, appActivity=com.eduven.ld.lang.activity.SplashActivity, desired={app=/Users/hiteshbhardwaj/Desktop/Automation/app/LanguagesForAndroid/portuguese/app-portuguese-debug.apk, appPackage=com.eduven.ld.lang.portuguese, appActivity=com.eduven.ld.lang.activity.SplashActivity, newCommandTimeout=2000, platformVersion=6.0.1, appiumVersion=1.4.13, automationName=Appium, platformName=Android, deviceName=TA9330G5QE}, newCommandTimeout=2000, platformVersion=5.1, webStorageEnabled=false, locationContextEnabled=false, automationName=Appium, browserName=Android, takesScreenshot=true, javascriptEnabled=true, platformName=Android}]
Session ID: 74e38506-6d2a-4238-9658-2111e2c7aa65
*** Element info: {Using=id, value=com.eduven.ld.lang.portuguese:id/moreappsAnimation}
	at sun.reflect.NativeConstructorAccessorImpl.newInstance0(Native Method)
	at sun.reflect.NativeConstructorAccessorImpl.newInstance(NativeConstructorAccessorImpl.java:62)
	at sun.reflect.DelegatingConstructorAccessorImpl.newInstance(DelegatingConstructorAccessorImpl.java:45)
	at java.lang.reflect.Constructor.newInstance(Constructor.java:423)
	at org.openqa.selenium.remote.ErrorHandler.createThrowable(ErrorHandler.java:206)
	at org.openqa.selenium.remote.ErrorHandler.throwIfResponseFailed(ErrorHandler.java:158)
	at org.openqa.selenium.remote.RemoteWebDriver.execute(RemoteWebDriver.java:678)
	at io.appium.java_client.DefaultGenericMobileDriver.execute(DefaultGenericMobileDriver.java:43)
	at io.appium.java_client.AppiumDriver.execute(AppiumDriver.java:1)
	at io.appium.java_client.android.AndroidDriver.execute(AndroidDriver.java:1)
	at org.openqa.selenium.remote.RemoteWebDriver.findElement(RemoteWebDriver.java:363)
	at org.openqa.selenium.remote.RemoteWebDriver.findElementById(RemoteWebDriver.java:413)
	at io.appium.java_client.DefaultGenericMobileDriver.findElementById(DefaultGenericMobileDriver.java:59)
	at io.appium.java_client.AppiumDriver.findElementById(AppiumDriver.java:1)
	at io.appium.java_client.android.AndroidDriver.findElementById(AndroidDriver.java:1)
	at org.openqa.selenium.By$ById.findElement(By.java:218)
	at org.openqa.selenium.remote.RemoteWebDriver.findElement(RemoteWebDriver.java:355)
	at io.appium.java_client.DefaultGenericMobileDriver.findElement(DefaultGenericMobileDriver.java:51)
	at io.appium.java_client.AppiumDriver.findElement(AppiumDriver.java:1)
	at io.appium.java_client.android.AndroidDriver.findElement(AndroidDriver.java:1)
	at org.openqa.selenium.support.ui.ExpectedConditions.findElement(ExpectedConditions.java:911)
	at org.openqa.selenium.support.ui.ExpectedConditions.access$0(ExpectedConditions.java:909)
	at org.openqa.selenium.support.ui.ExpectedConditions$7.apply(ExpectedConditions.java:205)
	at org.openqa.selenium.support.ui.ExpectedConditions$7.apply(ExpectedConditions.java:1)
	at org.openqa.selenium.support.ui.FluentWait.until(FluentWait.java:238)
	... 27 more
</pre></div></td>
<td>61</td>
<td>com.eduven.testcase.EvMenuPageTestCases@4cf777e8</td></tr>
<tr>
<td title='com.eduven.testcase.EvMenuPageTestCases.verifyContributePageWithRequiredTextTest()'><b>verifyContributePageWithRequiredTextTest</b><br>Test class: com.eduven.testcase.EvMenuPageTestCases</td>
<td><div><pre>org.openqa.selenium.remote.UnreachableBrowserException: Error communicating with the remote browser. It may have died.
Build info: version: &apos;2.51.0&apos;, revision: &apos;1af067d&apos;, time: &apos;2016-02-05 19:11:55&apos;
System info: host: &apos;Bhardwaj.local&apos;, ip: &apos;10.30.30.61&apos;, os.name: &apos;Mac OS X&apos;, os.arch: &apos;x86_64&apos;, os.version: &apos;10.11.6&apos;, java.version: &apos;1.8.0_74&apos;
Driver info: driver.version: AndroidDriver
Capabilities [{app=/Users/hiteshbhardwaj/Desktop/Automation/app/LanguagesForAndroid/portuguese/app-portuguese-debug.apk, appPackage=com.eduven.ld.lang.portuguese, networkConnectionEnabled=true, warnings={}, appiumVersion=1.4.13, databaseEnabled=false, deviceName=TA9330G5QE, platform=LINUX, appActivity=com.eduven.ld.lang.activity.SplashActivity, desired={app=/Users/hiteshbhardwaj/Desktop/Automation/app/LanguagesForAndroid/portuguese/app-portuguese-debug.apk, appPackage=com.eduven.ld.lang.portuguese, appActivity=com.eduven.ld.lang.activity.SplashActivity, newCommandTimeout=2000, platformVersion=6.0.1, appiumVersion=1.4.13, automationName=Appium, platformName=Android, deviceName=TA9330G5QE}, newCommandTimeout=2000, platformVersion=5.1, webStorageEnabled=false, locationContextEnabled=false, automationName=Appium, browserName=Android, takesScreenshot=true, javascriptEnabled=true, platformName=Android}]
Session ID: 74e38506-6d2a-4238-9658-2111e2c7aa65
	at org.openqa.selenium.remote.RemoteWebDriver.execute(RemoteWebDriver.java:665)
	at io.appium.java_client.DefaultGenericMobileDriver.execute(DefaultGenericMobileDriver.java:43)
	at io.appium.java_client.AppiumDriver.execute(AppiumDriver.java:1)
	at io.appium.java_client.android.AndroidDriver.execute(AndroidDriver.java:1)
	at org.openqa.selenium.remote.RemoteWebDriver.findElement(RemoteWebDriver.java:363)
	at org.openqa.selenium.remote.RemoteWebDriver.findElementByName(RemoteWebDriver.java:461)
	at io.appium.java_client.DefaultGenericMobileDriver.findElementByName(DefaultGenericMobileDriver.java:99)
	at io.appium.java_client.AppiumDriver.findElementByName(AppiumDriver.java:1)
	at io.appium.java_client.android.AndroidDriver.findElementByName(AndroidDriver.java:1)
	at org.openqa.selenium.By$ByName.findElement(By.java:303)
	at org.openqa.selenium.remote.RemoteWebDriver.findElement(RemoteWebDriver.java:355)
	at io.appium.java_client.DefaultGenericMobileDriver.findElement(DefaultGenericMobileDriver.java:51)
	at io.appium.java_client.AppiumDriver.findElement(AppiumDriver.java:1)
	at io.appium.java_client.android.AndroidDriver.findElement(AndroidDriver.java:1)
	at com.eduven.utils.Reusables.clickCommand(Reusables.java:285)
	at com.eduven.modules.EvMenu.selectRandomCategoryValue(EvMenu.java:807)
	at com.eduven.testcase.EvMenuPageTestCases.verifyContributePageWithRequiredTextTest(EvMenuPageTestCases.java:91)
	at sun.reflect.NativeMethodAccessorImpl.invoke0(Native Method)
	at sun.reflect.NativeMethodAccessorImpl.invoke(NativeMethodAccessorImpl.java:62)
	at sun.reflect.DelegatingMethodAccessorImpl.invoke(DelegatingMethodAccessorImpl.java:43)
	at java.lang.reflect.Method.invoke(Method.java:498)
	at org.testng.internal.MethodInvocationHelper.invokeMethod(MethodInvocationHelper.java:85)
	at org.testng.internal.Invoker.invokeMethod(Invoker.java:639)
	at org.testng.internal.Invoker.invokeTestMethod(Invoker.java:816)
	at org.testng.internal.Invoker.invokeTestMethods(Invoker.java:1124)
	at org.testng.internal.TestMethodWorker.invokeTestMethods(TestMethodWorker.java:125)
	at org.testng.internal.TestMethodWorker.run(TestMethodWorker.java:108)
	at org.testng.TestRunner.privateRun(TestRunner.java:774)
	at org.testng.TestRunner.run(TestRunner.java:624)
	at org.testng.SuiteRunner.runTest(SuiteRunner.java:359)
	at org.testng.SuiteRunner.runSequentially(SuiteRunner.java:354)
	at org.testng.SuiteRunner.privateRun(SuiteRunner.java:312)
	at org.testng.SuiteRunner.run(SuiteRunner.java:261)
	at org.testng.SuiteRunnerWorker.runSuite(SuiteRunnerWorker.java:52)
	at org.testng.SuiteRunnerWorker.run(SuiteRunnerWorker.java:86)
	at org.testng.TestNG.runSuitesSequentially(TestNG.java:1215)
	at org.testng.TestNG.runSuitesLocally(TestNG.java:1140)
	at org.testng.TestNG.run(TestNG.java:1048)
	at org.testng.remote.AbstractRemoteTestNG.run(AbstractRemoteTestNG.java:126)
	at org.testng.remote.RemoteTestNG.initAndRun(RemoteTestNG.java:152)
	at org.testng.remote.RemoteTestNG.main(RemoteTestNG.java:57)
Caused by: org.openqa.selenium.WebDriverException: org.apache.http.conn.HttpHostConnectException: Connect to 127.0.0.1:4723 [/127.0.0.1] failed: Connection refused
Build info: version: &apos;2.51.0&apos;, revision: &apos;1af067d&apos;, time: &apos;2016-02-05 19:11:55&apos;
System info: host: &apos;Bhardwaj.local&apos;, ip: &apos;10.30.30.61&apos;, os.name: &apos;Mac OS X&apos;, os.arch: &apos;x86_64&apos;, os.version: &apos;10.11.6&apos;, java.version: &apos;1.8.0_74&apos;
Driver info: driver.version: AndroidDriver
	at io.appium.java_client.remote.AppiumCommandExecutor.execute(AppiumCommandExecutor.java:76)
	at org.openqa.selenium.remote.RemoteWebDriver.execute(RemoteWebDriver.java:644)
	... 40 more
Caused by: org.apache.http.conn.HttpHostConnectException: Connect to 127.0.0.1:4723 [/127.0.0.1] failed: Connection refused
	at org.apache.http.impl.conn.DefaultHttpClientConnectionOperator.connect(DefaultHttpClientConnectionOperator.java:151)
	at org.apache.http.impl.conn.PoolingHttpClientConnectionManager.connect(PoolingHttpClientConnectionManager.java:353)
	at org.apache.http.impl.execchain.MainClientExec.establishRoute(MainClientExec.java:380)
	at org.apache.http.impl.execchain.MainClientExec.execute(MainClientExec.java:236)
	at org.apache.http.impl.execchain.ProtocolExec.execute(ProtocolExec.java:184)
	at org.apache.http.impl.execchain.RetryExec.execute(RetryExec.java:88)
	at org.apache.http.impl.execchain.RedirectExec.execute(RedirectExec.java:110)
	at org.apache.http.impl.client.InternalHttpClient.doExecute(InternalHttpClient.java:184)
	at org.apache.http.impl.client.CloseableHttpClient.execute(CloseableHttpClient.java:71)
	at org.apache.http.impl.client.CloseableHttpClient.execute(CloseableHttpClient.java:55)
	at org.openqa.selenium.remote.internal.ApacheHttpClient.fallBackExecute(ApacheHttpClient.java:144)
	at org.openqa.selenium.remote.internal.ApacheHttpClient.execute(ApacheHttpClient.java:90)
	at org.openqa.selenium.remote.HttpCommandExecutor.execute(HttpCommandExecutor.java:142)
	at io.appium.java_client.remote.AppiumCommandExecutor.execute(AppiumCommandExecutor.java:64)
	... 41 more
Caused by: java.net.ConnectException: Connection refused
	at java.net.PlainSocketImpl.socketConnect(Native Method)
	at java.net.AbstractPlainSocketImpl.doConnect(AbstractPlainSocketImpl.java:350)
	at java.net.AbstractPlainSocketImpl.connectToAddress(AbstractPlainSocketImpl.java:206)
	at java.net.AbstractPlainSocketImpl.connect(AbstractPlainSocketImpl.java:188)
	at java.net.SocksSocketImpl.connect(SocksSocketImpl.java:392)
	at java.net.Socket.connect(Socket.java:589)
	at org.apache.http.conn.socket.PlainConnectionSocketFactory.connectSocket(PlainConnectionSocketFactory.java:74)
	at org.apache.http.impl.conn.DefaultHttpClientConnectionOperator.connect(DefaultHttpClientConnectionOperator.java:134)
	... 54 more
</pre></div><a href='#' onClick='toggleBox("stack-trace1408974251", this, "Click to show all stack frames", "Click to hide stack frames")'>Click to show all stack frames</a>
<div class='stack-trace' id='stack-trace1408974251'><pre>org.openqa.selenium.remote.UnreachableBrowserException: Error communicating with the remote browser. It may have died.
Build info: version: &apos;2.51.0&apos;, revision: &apos;1af067d&apos;, time: &apos;2016-02-05 19:11:55&apos;
System info: host: &apos;Bhardwaj.local&apos;, ip: &apos;10.30.30.61&apos;, os.name: &apos;Mac OS X&apos;, os.arch: &apos;x86_64&apos;, os.version: &apos;10.11.6&apos;, java.version: &apos;1.8.0_74&apos;
Driver info: driver.version: AndroidDriver
Capabilities [{app=/Users/hiteshbhardwaj/Desktop/Automation/app/LanguagesForAndroid/portuguese/app-portuguese-debug.apk, appPackage=com.eduven.ld.lang.portuguese, networkConnectionEnabled=true, warnings={}, appiumVersion=1.4.13, databaseEnabled=false, deviceName=TA9330G5QE, platform=LINUX, appActivity=com.eduven.ld.lang.activity.SplashActivity, desired={app=/Users/hiteshbhardwaj/Desktop/Automation/app/LanguagesForAndroid/portuguese/app-portuguese-debug.apk, appPackage=com.eduven.ld.lang.portuguese, appActivity=com.eduven.ld.lang.activity.SplashActivity, newCommandTimeout=2000, platformVersion=6.0.1, appiumVersion=1.4.13, automationName=Appium, platformName=Android, deviceName=TA9330G5QE}, newCommandTimeout=2000, platformVersion=5.1, webStorageEnabled=false, locationContextEnabled=false, automationName=Appium, browserName=Android, takesScreenshot=true, javascriptEnabled=true, platformName=Android}]
Session ID: 74e38506-6d2a-4238-9658-2111e2c7aa65
	at org.openqa.selenium.remote.RemoteWebDriver.execute(RemoteWebDriver.java:665)
	at io.appium.java_client.DefaultGenericMobileDriver.execute(DefaultGenericMobileDriver.java:43)
	at io.appium.java_client.AppiumDriver.execute(AppiumDriver.java:1)
	at io.appium.java_client.android.AndroidDriver.execute(AndroidDriver.java:1)
	at org.openqa.selenium.remote.RemoteWebDriver.findElement(RemoteWebDriver.java:363)
	at org.openqa.selenium.remote.RemoteWebDriver.findElementByName(RemoteWebDriver.java:461)
	at io.appium.java_client.DefaultGenericMobileDriver.findElementByName(DefaultGenericMobileDriver.java:99)
	at io.appium.java_client.AppiumDriver.findElementByName(AppiumDriver.java:1)
	at io.appium.java_client.android.AndroidDriver.findElementByName(AndroidDriver.java:1)
	at org.openqa.selenium.By$ByName.findElement(By.java:303)
	at org.openqa.selenium.remote.RemoteWebDriver.findElement(RemoteWebDriver.java:355)
	at io.appium.java_client.DefaultGenericMobileDriver.findElement(DefaultGenericMobileDriver.java:51)
	at io.appium.java_client.AppiumDriver.findElement(AppiumDriver.java:1)
	at io.appium.java_client.android.AndroidDriver.findElement(AndroidDriver.java:1)
	at com.eduven.utils.Reusables.clickCommand(Reusables.java:285)
	at com.eduven.modules.EvMenu.selectRandomCategoryValue(EvMenu.java:807)
	at com.eduven.testcase.EvMenuPageTestCases.verifyContributePageWithRequiredTextTest(EvMenuPageTestCases.java:91)
	at sun.reflect.NativeMethodAccessorImpl.invoke0(Native Method)
	at sun.reflect.NativeMethodAccessorImpl.invoke(NativeMethodAccessorImpl.java:62)
	at sun.reflect.DelegatingMethodAccessorImpl.invoke(DelegatingMethodAccessorImpl.java:43)
	at java.lang.reflect.Method.invoke(Method.java:498)
	at org.testng.internal.MethodInvocationHelper.invokeMethod(MethodInvocationHelper.java:85)
	at org.testng.internal.Invoker.invokeMethod(Invoker.java:639)
	at org.testng.internal.Invoker.invokeTestMethod(Invoker.java:816)
	at org.testng.internal.Invoker.invokeTestMethods(Invoker.java:1124)
	at org.testng.internal.TestMethodWorker.invokeTestMethods(TestMethodWorker.java:125)
	at org.testng.internal.TestMethodWorker.run(TestMethodWorker.java:108)
	at org.testng.TestRunner.privateRun(TestRunner.java:774)
	at org.testng.TestRunner.run(TestRunner.java:624)
	at org.testng.SuiteRunner.runTest(SuiteRunner.java:359)
	at org.testng.SuiteRunner.runSequentially(SuiteRunner.java:354)
	at org.testng.SuiteRunner.privateRun(SuiteRunner.java:312)
	at org.testng.SuiteRunner.run(SuiteRunner.java:261)
	at org.testng.SuiteRunnerWorker.runSuite(SuiteRunnerWorker.java:52)
	at org.testng.SuiteRunnerWorker.run(SuiteRunnerWorker.java:86)
	at org.testng.TestNG.runSuitesSequentially(TestNG.java:1215)
	at org.testng.TestNG.runSuitesLocally(TestNG.java:1140)
	at org.testng.TestNG.run(TestNG.java:1048)
	at org.testng.remote.AbstractRemoteTestNG.run(AbstractRemoteTestNG.java:126)
	at org.testng.remote.RemoteTestNG.initAndRun(RemoteTestNG.java:152)
	at org.testng.remote.RemoteTestNG.main(RemoteTestNG.java:57)
Caused by: org.openqa.selenium.WebDriverException: org.apache.http.conn.HttpHostConnectException: Connect to 127.0.0.1:4723 [/127.0.0.1] failed: Connection refused
Build info: version: &apos;2.51.0&apos;, revision: &apos;1af067d&apos;, time: &apos;2016-02-05 19:11:55&apos;
System info: host: &apos;Bhardwaj.local&apos;, ip: &apos;10.30.30.61&apos;, os.name: &apos;Mac OS X&apos;, os.arch: &apos;x86_64&apos;, os.version: &apos;10.11.6&apos;, java.version: &apos;1.8.0_74&apos;
Driver info: driver.version: AndroidDriver
	at io.appium.java_client.remote.AppiumCommandExecutor.execute(AppiumCommandExecutor.java:76)
	at org.openqa.selenium.remote.RemoteWebDriver.execute(RemoteWebDriver.java:644)
	... 40 more
Caused by: org.apache.http.conn.HttpHostConnectException: Connect to 127.0.0.1:4723 [/127.0.0.1] failed: Connection refused
	at org.apache.http.impl.conn.DefaultHttpClientConnectionOperator.connect(DefaultHttpClientConnectionOperator.java:151)
	at org.apache.http.impl.conn.PoolingHttpClientConnectionManager.connect(PoolingHttpClientConnectionManager.java:353)
	at org.apache.http.impl.execchain.MainClientExec.establishRoute(MainClientExec.java:380)
	at org.apache.http.impl.execchain.MainClientExec.execute(MainClientExec.java:236)
	at org.apache.http.impl.execchain.ProtocolExec.execute(ProtocolExec.java:184)
	at org.apache.http.impl.execchain.RetryExec.execute(RetryExec.java:88)
	at org.apache.http.impl.execchain.RedirectExec.execute(RedirectExec.java:110)
	at org.apache.http.impl.client.InternalHttpClient.doExecute(InternalHttpClient.java:184)
	at org.apache.http.impl.client.CloseableHttpClient.execute(CloseableHttpClient.java:71)
	at org.apache.http.impl.client.CloseableHttpClient.execute(CloseableHttpClient.java:55)
	at org.openqa.selenium.remote.internal.ApacheHttpClient.fallBackExecute(ApacheHttpClient.java:144)
	at org.openqa.selenium.remote.internal.ApacheHttpClient.execute(ApacheHttpClient.java:90)
	at org.openqa.selenium.remote.HttpCommandExecutor.execute(HttpCommandExecutor.java:142)
	at io.appium.java_client.remote.AppiumCommandExecutor.execute(AppiumCommandExecutor.java:64)
	... 41 more
Caused by: java.net.ConnectException: Connection refused
	at java.net.PlainSocketImpl.socketConnect(Native Method)
	at java.net.AbstractPlainSocketImpl.doConnect(AbstractPlainSocketImpl.java:350)
	at java.net.AbstractPlainSocketImpl.connectToAddress(AbstractPlainSocketImpl.java:206)
	at java.net.AbstractPlainSocketImpl.connect(AbstractPlainSocketImpl.java:188)
	at java.net.SocksSocketImpl.connect(SocksSocketImpl.java:392)
	at java.net.Socket.connect(Socket.java:589)
	at org.apache.http.conn.socket.PlainConnectionSocketFactory.connectSocket(PlainConnectionSocketFactory.java:74)
	at org.apache.http.impl.conn.DefaultHttpClientConnectionOperator.connect(DefaultHttpClientConnectionOperator.java:134)
	... 54 more
</pre></div></td>
<td>6</td>
<td>com.eduven.testcase.EvMenuPageTestCases@4cf777e8</td></tr>
<tr>
<td title='com.eduven.testcase.EvMenuPageTestCases.verifyMoreAppsPageLoadedTest()'><b>verifyMoreAppsPageLoadedTest</b><br>Test class: com.eduven.testcase.EvMenuPageTestCases</td>
<td><div><pre>org.openqa.selenium.TimeoutException: Timed out after 60 seconds waiting for visibility of element located by By.id: com.eduven.ld.lang.portuguese:id/moreappsAnimation
Build info: version: &apos;2.51.0&apos;, revision: &apos;1af067d&apos;, time: &apos;2016-02-05 19:11:55&apos;
System info: host: &apos;Bhardwaj.local&apos;, ip: &apos;10.30.30.61&apos;, os.name: &apos;Mac OS X&apos;, os.arch: &apos;x86_64&apos;, os.version: &apos;10.11.6&apos;, java.version: &apos;1.8.0_74&apos;
Driver info: io.appium.java_client.android.AndroidDriver
Capabilities [{app=/Users/hiteshbhardwaj/Desktop/Automation/app/LanguagesForAndroid/portuguese/app-portuguese-debug.apk, appPackage=com.eduven.ld.lang.portuguese, networkConnectionEnabled=true, warnings={}, appiumVersion=1.4.13, databaseEnabled=false, deviceName=TA9330G5QE, platform=LINUX, appActivity=com.eduven.ld.lang.activity.SplashActivity, desired={app=/Users/hiteshbhardwaj/Desktop/Automation/app/LanguagesForAndroid/portuguese/app-portuguese-debug.apk, appPackage=com.eduven.ld.lang.portuguese, appActivity=com.eduven.ld.lang.activity.SplashActivity, newCommandTimeout=2000, platformVersion=6.0.1, appiumVersion=1.4.13, automationName=Appium, platformName=Android, deviceName=TA9330G5QE}, newCommandTimeout=2000, platformVersion=5.1, webStorageEnabled=false, locationContextEnabled=false, automationName=Appium, browserName=Android, takesScreenshot=true, javascriptEnabled=true, platformName=Android}]
Session ID: 74e38506-6d2a-4238-9658-2111e2c7aa65
	at org.openqa.selenium.support.ui.WebDriverWait.timeoutException(WebDriverWait.java:80)
	at org.openqa.selenium.support.ui.FluentWait.until(FluentWait.java:261)
	at com.eduven.utils.Reusables.waitForElement(Reusables.java:76)
	at com.eduven.modules.EvMenu.verifyMoreAppsPageLoaded(EvMenu.java:879)
	at com.eduven.testcase.EvMenuPageTestCases.verifyMoreAppsPageLoadedTest(EvMenuPageTestCases.java:44)
	at sun.reflect.NativeMethodAccessorImpl.invoke0(Native Method)
	at sun.reflect.NativeMethodAccessorImpl.invoke(NativeMethodAccessorImpl.java:62)
	at sun.reflect.DelegatingMethodAccessorImpl.invoke(DelegatingMethodAccessorImpl.java:43)
	at java.lang.reflect.Method.invoke(Method.java:498)
	at org.testng.internal.MethodInvocationHelper.invokeMethod(MethodInvocationHelper.java:85)
	at org.testng.internal.Invoker.invokeMethod(Invoker.java:639)
	at org.testng.internal.Invoker.invokeTestMethod(Invoker.java:816)
	at org.testng.internal.Invoker.invokeTestMethods(Invoker.java:1124)
	at org.testng.internal.TestMethodWorker.invokeTestMethods(TestMethodWorker.java:125)
	at org.testng.internal.TestMethodWorker.run(TestMethodWorker.java:108)
	at org.testng.TestRunner.privateRun(TestRunner.java:774)
	at org.testng.TestRunner.run(TestRunner.java:624)
	at org.testng.SuiteRunner.runTest(SuiteRunner.java:359)
	at org.testng.SuiteRunner.runSequentially(SuiteRunner.java:354)
	at org.testng.SuiteRunner.privateRun(SuiteRunner.java:312)
	at org.testng.SuiteRunner.run(SuiteRunner.java:261)
	at org.testng.SuiteRunnerWorker.runSuite(SuiteRunnerWorker.java:52)
	at org.testng.SuiteRunnerWorker.run(SuiteRunnerWorker.java:86)
	at org.testng.TestNG.runSuitesSequentially(TestNG.java:1215)
	at org.testng.TestNG.runSuitesLocally(TestNG.java:1140)
	at org.testng.TestNG.run(TestNG.java:1048)
	at org.testng.remote.AbstractRemoteTestNG.run(AbstractRemoteTestNG.java:126)
	at org.testng.remote.RemoteTestNG.initAndRun(RemoteTestNG.java:152)
	at org.testng.remote.RemoteTestNG.main(RemoteTestNG.java:57)
Caused by: org.openqa.selenium.NoSuchElementException: An element could not be located on the page using the given search parameters. (WARNING: The server did not provide any stacktrace information)
Command duration or timeout: 20.48 seconds
For documentation on this error, please visit: http://seleniumhq.org/exceptions/no_such_element.html
Build info: version: &apos;2.51.0&apos;, revision: &apos;1af067d&apos;, time: &apos;2016-02-05 19:11:55&apos;
System info: host: &apos;Bhardwaj.local&apos;, ip: &apos;10.30.30.61&apos;, os.name: &apos;Mac OS X&apos;, os.arch: &apos;x86_64&apos;, os.version: &apos;10.11.6&apos;, java.version: &apos;1.8.0_74&apos;
Driver info: io.appium.java_client.android.AndroidDriver
Capabilities [{app=/Users/hiteshbhardwaj/Desktop/Automation/app/LanguagesForAndroid/portuguese/app-portuguese-debug.apk, appPackage=com.eduven.ld.lang.portuguese, networkConnectionEnabled=true, warnings={}, appiumVersion=1.4.13, databaseEnabled=false, deviceName=TA9330G5QE, platform=LINUX, appActivity=com.eduven.ld.lang.activity.SplashActivity, desired={app=/Users/hiteshbhardwaj/Desktop/Automation/app/LanguagesForAndroid/portuguese/app-portuguese-debug.apk, appPackage=com.eduven.ld.lang.portuguese, appActivity=com.eduven.ld.lang.activity.SplashActivity, newCommandTimeout=2000, platformVersion=6.0.1, appiumVersion=1.4.13, automationName=Appium, platformName=Android, deviceName=TA9330G5QE}, newCommandTimeout=2000, platformVersion=5.1, webStorageEnabled=false, locationContextEnabled=false, automationName=Appium, browserName=Android, takesScreenshot=true, javascriptEnabled=true, platformName=Android}]
Session ID: 74e38506-6d2a-4238-9658-2111e2c7aa65
*** Element info: {Using=id, value=com.eduven.ld.lang.portuguese:id/moreappsAnimation}
	at sun.reflect.NativeConstructorAccessorImpl.newInstance0(Native Method)
	at sun.reflect.NativeConstructorAccessorImpl.newInstance(NativeConstructorAccessorImpl.java:62)
	at sun.reflect.DelegatingConstructorAccessorImpl.newInstance(DelegatingConstructorAccessorImpl.java:45)
	at java.lang.reflect.Constructor.newInstance(Constructor.java:423)
	at org.openqa.selenium.remote.ErrorHandler.createThrowable(ErrorHandler.java:206)
	at org.openqa.selenium.remote.ErrorHandler.throwIfResponseFailed(ErrorHandler.java:158)
	at org.openqa.selenium.remote.RemoteWebDriver.execute(RemoteWebDriver.java:678)
	at io.appium.java_client.DefaultGenericMobileDriver.execute(DefaultGenericMobileDriver.java:43)
	at io.appium.java_client.AppiumDriver.execute(AppiumDriver.java:1)
	at io.appium.java_client.android.AndroidDriver.execute(AndroidDriver.java:1)
	at org.openqa.selenium.remote.RemoteWebDriver.findElement(RemoteWebDriver.java:363)
	at org.openqa.selenium.remote.RemoteWebDriver.findElementById(RemoteWebDriver.java:413)
	at io.appium.java_client.DefaultGenericMobileDriver.findElementById(DefaultGenericMobileDriver.java:59)
	at io.appium.java_client.AppiumDriver.findElementById(AppiumDriver.java:1)
	at io.appium.java_client.android.AndroidDriver.findElementById(AndroidDriver.java:1)
	at org.openqa.selenium.By$ById.findElement(By.java:218)
	at org.openqa.selenium.remote.RemoteWebDriver.findElement(RemoteWebDriver.java:355)
	at io.appium.java_client.DefaultGenericMobileDriver.findElement(DefaultGenericMobileDriver.java:51)
	at io.appium.java_client.AppiumDriver.findElement(AppiumDriver.java:1)
	at io.appium.java_client.android.AndroidDriver.findElement(AndroidDriver.java:1)
	at org.openqa.selenium.support.ui.ExpectedConditions.findElement(ExpectedConditions.java:911)
	at org.openqa.selenium.support.ui.ExpectedConditions.access$0(ExpectedConditions.java:909)
	at org.openqa.selenium.support.ui.ExpectedConditions$7.apply(ExpectedConditions.java:205)
	at org.openqa.selenium.support.ui.ExpectedConditions$7.apply(ExpectedConditions.java:1)
	at org.openqa.selenium.support.ui.FluentWait.until(FluentWait.java:238)
	... 27 more
</pre></div><a href='#' onClick='toggleBox("stack-trace707157673", this, "Click to show all stack frames", "Click to hide stack frames")'>Click to show all stack frames</a>
<div class='stack-trace' id='stack-trace707157673'><pre>org.openqa.selenium.TimeoutException: Timed out after 60 seconds waiting for visibility of element located by By.id: com.eduven.ld.lang.portuguese:id/moreappsAnimation
Build info: version: &apos;2.51.0&apos;, revision: &apos;1af067d&apos;, time: &apos;2016-02-05 19:11:55&apos;
System info: host: &apos;Bhardwaj.local&apos;, ip: &apos;10.30.30.61&apos;, os.name: &apos;Mac OS X&apos;, os.arch: &apos;x86_64&apos;, os.version: &apos;10.11.6&apos;, java.version: &apos;1.8.0_74&apos;
Driver info: io.appium.java_client.android.AndroidDriver
Capabilities [{app=/Users/hiteshbhardwaj/Desktop/Automation/app/LanguagesForAndroid/portuguese/app-portuguese-debug.apk, appPackage=com.eduven.ld.lang.portuguese, networkConnectionEnabled=true, warnings={}, appiumVersion=1.4.13, databaseEnabled=false, deviceName=TA9330G5QE, platform=LINUX, appActivity=com.eduven.ld.lang.activity.SplashActivity, desired={app=/Users/hiteshbhardwaj/Desktop/Automation/app/LanguagesForAndroid/portuguese/app-portuguese-debug.apk, appPackage=com.eduven.ld.lang.portuguese, appActivity=com.eduven.ld.lang.activity.SplashActivity, newCommandTimeout=2000, platformVersion=6.0.1, appiumVersion=1.4.13, automationName=Appium, platformName=Android, deviceName=TA9330G5QE}, newCommandTimeout=2000, platformVersion=5.1, webStorageEnabled=false, locationContextEnabled=false, automationName=Appium, browserName=Android, takesScreenshot=true, javascriptEnabled=true, platformName=Android}]
Session ID: 74e38506-6d2a-4238-9658-2111e2c7aa65
	at org.openqa.selenium.support.ui.WebDriverWait.timeoutException(WebDriverWait.java:80)
	at org.openqa.selenium.support.ui.FluentWait.until(FluentWait.java:261)
	at com.eduven.utils.Reusables.waitForElement(Reusables.java:76)
	at com.eduven.modules.EvMenu.verifyMoreAppsPageLoaded(EvMenu.java:879)
	at com.eduven.testcase.EvMenuPageTestCases.verifyMoreAppsPageLoadedTest(EvMenuPageTestCases.java:44)
	at sun.reflect.NativeMethodAccessorImpl.invoke0(Native Method)
	at sun.reflect.NativeMethodAccessorImpl.invoke(NativeMethodAccessorImpl.java:62)
	at sun.reflect.DelegatingMethodAccessorImpl.invoke(DelegatingMethodAccessorImpl.java:43)
	at java.lang.reflect.Method.invoke(Method.java:498)
	at org.testng.internal.MethodInvocationHelper.invokeMethod(MethodInvocationHelper.java:85)
	at org.testng.internal.Invoker.invokeMethod(Invoker.java:639)
	at org.testng.internal.Invoker.invokeTestMethod(Invoker.java:816)
	at org.testng.internal.Invoker.invokeTestMethods(Invoker.java:1124)
	at org.testng.internal.TestMethodWorker.invokeTestMethods(TestMethodWorker.java:125)
	at org.testng.internal.TestMethodWorker.run(TestMethodWorker.java:108)
	at org.testng.TestRunner.privateRun(TestRunner.java:774)
	at org.testng.TestRunner.run(TestRunner.java:624)
	at org.testng.SuiteRunner.runTest(SuiteRunner.java:359)
	at org.testng.SuiteRunner.runSequentially(SuiteRunner.java:354)
	at org.testng.SuiteRunner.privateRun(SuiteRunner.java:312)
	at org.testng.SuiteRunner.run(SuiteRunner.java:261)
	at org.testng.SuiteRunnerWorker.runSuite(SuiteRunnerWorker.java:52)
	at org.testng.SuiteRunnerWorker.run(SuiteRunnerWorker.java:86)
	at org.testng.TestNG.runSuitesSequentially(TestNG.java:1215)
	at org.testng.TestNG.runSuitesLocally(TestNG.java:1140)
	at org.testng.TestNG.run(TestNG.java:1048)
	at org.testng.remote.AbstractRemoteTestNG.run(AbstractRemoteTestNG.java:126)
	at org.testng.remote.RemoteTestNG.initAndRun(RemoteTestNG.java:152)
	at org.testng.remote.RemoteTestNG.main(RemoteTestNG.java:57)
Caused by: org.openqa.selenium.NoSuchElementException: An element could not be located on the page using the given search parameters. (WARNING: The server did not provide any stacktrace information)
Command duration or timeout: 20.48 seconds
For documentation on this error, please visit: http://seleniumhq.org/exceptions/no_such_element.html
Build info: version: &apos;2.51.0&apos;, revision: &apos;1af067d&apos;, time: &apos;2016-02-05 19:11:55&apos;
System info: host: &apos;Bhardwaj.local&apos;, ip: &apos;10.30.30.61&apos;, os.name: &apos;Mac OS X&apos;, os.arch: &apos;x86_64&apos;, os.version: &apos;10.11.6&apos;, java.version: &apos;1.8.0_74&apos;
Driver info: io.appium.java_client.android.AndroidDriver
Capabilities [{app=/Users/hiteshbhardwaj/Desktop/Automation/app/LanguagesForAndroid/portuguese/app-portuguese-debug.apk, appPackage=com.eduven.ld.lang.portuguese, networkConnectionEnabled=true, warnings={}, appiumVersion=1.4.13, databaseEnabled=false, deviceName=TA9330G5QE, platform=LINUX, appActivity=com.eduven.ld.lang.activity.SplashActivity, desired={app=/Users/hiteshbhardwaj/Desktop/Automation/app/LanguagesForAndroid/portuguese/app-portuguese-debug.apk, appPackage=com.eduven.ld.lang.portuguese, appActivity=com.eduven.ld.lang.activity.SplashActivity, newCommandTimeout=2000, platformVersion=6.0.1, appiumVersion=1.4.13, automationName=Appium, platformName=Android, deviceName=TA9330G5QE}, newCommandTimeout=2000, platformVersion=5.1, webStorageEnabled=false, locationContextEnabled=false, automationName=Appium, browserName=Android, takesScreenshot=true, javascriptEnabled=true, platformName=Android}]
Session ID: 74e38506-6d2a-4238-9658-2111e2c7aa65
*** Element info: {Using=id, value=com.eduven.ld.lang.portuguese:id/moreappsAnimation}
	at sun.reflect.NativeConstructorAccessorImpl.newInstance0(Native Method)
	at sun.reflect.NativeConstructorAccessorImpl.newInstance(NativeConstructorAccessorImpl.java:62)
	at sun.reflect.DelegatingConstructorAccessorImpl.newInstance(DelegatingConstructorAccessorImpl.java:45)
	at java.lang.reflect.Constructor.newInstance(Constructor.java:423)
	at org.openqa.selenium.remote.ErrorHandler.createThrowable(ErrorHandler.java:206)
	at org.openqa.selenium.remote.ErrorHandler.throwIfResponseFailed(ErrorHandler.java:158)
	at org.openqa.selenium.remote.RemoteWebDriver.execute(RemoteWebDriver.java:678)
	at io.appium.java_client.DefaultGenericMobileDriver.execute(DefaultGenericMobileDriver.java:43)
	at io.appium.java_client.AppiumDriver.execute(AppiumDriver.java:1)
	at io.appium.java_client.android.AndroidDriver.execute(AndroidDriver.java:1)
	at org.openqa.selenium.remote.RemoteWebDriver.findElement(RemoteWebDriver.java:363)
	at org.openqa.selenium.remote.RemoteWebDriver.findElementById(RemoteWebDriver.java:413)
	at io.appium.java_client.DefaultGenericMobileDriver.findElementById(DefaultGenericMobileDriver.java:59)
	at io.appium.java_client.AppiumDriver.findElementById(AppiumDriver.java:1)
	at io.appium.java_client.android.AndroidDriver.findElementById(AndroidDriver.java:1)
	at org.openqa.selenium.By$ById.findElement(By.java:218)
	at org.openqa.selenium.remote.RemoteWebDriver.findElement(RemoteWebDriver.java:355)
	at io.appium.java_client.DefaultGenericMobileDriver.findElement(DefaultGenericMobileDriver.java:51)
	at io.appium.java_client.AppiumDriver.findElement(AppiumDriver.java:1)
	at io.appium.java_client.android.AndroidDriver.findElement(AndroidDriver.java:1)
	at org.openqa.selenium.support.ui.ExpectedConditions.findElement(ExpectedConditions.java:911)
	at org.openqa.selenium.support.ui.ExpectedConditions.access$0(ExpectedConditions.java:909)
	at org.openqa.selenium.support.ui.ExpectedConditions$7.apply(ExpectedConditions.java:205)
	at org.openqa.selenium.support.ui.ExpectedConditions$7.apply(ExpectedConditions.java:1)
	at org.openqa.selenium.support.ui.FluentWait.until(FluentWait.java:238)
	... 27 more
</pre></div></td>
<td>61</td>
<td>com.eduven.testcase.EvMenuPageTestCases@4cf777e8</td></tr>
</table><p>
<table width='100%' border='1' class='invocation-passed'>
<tr><td colspan='4' align='center'><b>PASSED TESTS</b></td></tr>
<tr><td><b>Test method</b></td>
<td width="30%"><b>Exception</b></td>
<td width="10%"><b>Time (seconds)</b></td>
<td><b>Instance</b></td>
</tr>
<tr>
<td title='com.eduven.testcase.EvMenuPageTestCases.installAppAndLanguageSelectionTest()'><b>installAppAndLanguageSelectionTest</b><br>Test class: com.eduven.testcase.EvMenuPageTestCases</td>
<td></td>
<td>102</td>
<td>com.eduven.testcase.EvMenuPageTestCases@4cf777e8</td></tr>
<tr>
<td title='com.eduven.testcase.EvMenuPageTestCases.navigateContributePageTest()'><b>navigateContributePageTest</b><br>Test class: com.eduven.testcase.EvMenuPageTestCases</td>
<td></td>
<td>5</td>
<td>com.eduven.testcase.EvMenuPageTestCases@4cf777e8</td></tr>
<tr>
<td title='com.eduven.testcase.EvMenuPageTestCases.navigateToMoreAppsPageTest()'><b>navigateToMoreAppsPageTest</b><br>Test class: com.eduven.testcase.EvMenuPageTestCases</td>
<td></td>
<td>7</td>
<td>com.eduven.testcase.EvMenuPageTestCases@4cf777e8</td></tr>
<tr>
<td title='com.eduven.testcase.EvMenuPageTestCases.verifyContributePageWithCategoryTest()'><b>verifyContributePageWithCategoryTest</b><br>Test class: com.eduven.testcase.EvMenuPageTestCases</td>
<td></td>
<td>18</td>
<td>com.eduven.testcase.EvMenuPageTestCases@4cf777e8</td></tr>
<tr>
<td title='com.eduven.testcase.EvMenuPageTestCases.verifyContributePageWithWordTest()'><b>verifyContributePageWithWordTest</b><br>Test class: com.eduven.testcase.EvMenuPageTestCases</td>
<td></td>
<td>22</td>
<td>com.eduven.testcase.EvMenuPageTestCases@4cf777e8</td></tr>
<tr>
<td title='com.eduven.testcase.EvMenuPageTestCases.verifyContributePageWithoutTextTest()'><b>verifyContributePageWithoutTextTest</b><br>Test class: com.eduven.testcase.EvMenuPageTestCases</td>
<td></td>
<td>13</td>
<td>com.eduven.testcase.EvMenuPageTestCases@4cf777e8</td></tr>
<tr>
<td title='com.eduven.testcase.EvMenuPageTestCases.verifyGooglePlayStorePageLoadedTest()'><b>verifyGooglePlayStorePageLoadedTest</b><br>Test class: com.eduven.testcase.EvMenuPageTestCases</td>
<td></td>
<td>88</td>
<td>com.eduven.testcase.EvMenuPageTestCases@4cf777e8</td></tr>
</table><p>
<table width='100%' border='1' class='invocation-skipped'>
<tr><td colspan='4' align='center'><b>SKIPPED TESTS</b></td></tr>
<tr><td><b>Test method</b></td>
<td width="30%"><b>Exception</b></td>
<td width="10%"><b>Time (seconds)</b></td>
<td><b>Instance</b></td>
</tr>
<tr>
<td title='com.eduven.testcase.EvMenuPageTestCases.categorySettingPageTest()'><b>categorySettingPageTest</b><br>Test class: com.eduven.testcase.EvMenuPageTestCases</td>
<td></td>
<td>0</td>
<td>com.eduven.testcase.EvMenuPageTestCases@4cf777e8</td></tr>
<tr>
<td title='com.eduven.testcase.EvMenuPageTestCases.checkAllCategoryInCategorySettingTest()'><b>checkAllCategoryInCategorySettingTest</b><br>Test class: com.eduven.testcase.EvMenuPageTestCases</td>
<td></td>
<td>0</td>
<td>com.eduven.testcase.EvMenuPageTestCases@4cf777e8</td></tr>
<tr>
<td title='com.eduven.testcase.EvMenuPageTestCases.getInTouchPageTest()'><b>getInTouchPageTest</b><br>Test class: com.eduven.testcase.EvMenuPageTestCases</td>
<td></td>
<td>0</td>
<td>com.eduven.testcase.EvMenuPageTestCases@4cf777e8</td></tr>
<tr>
<td title='com.eduven.testcase.EvMenuPageTestCases.verifyDislcaimerTest()'><b>verifyDislcaimerTest</b><br>Test class: com.eduven.testcase.EvMenuPageTestCases</td>
<td></td>
<td>0</td>
<td>com.eduven.testcase.EvMenuPageTestCases@4cf777e8</td></tr>
<tr>
<td title='com.eduven.testcase.EvMenuPageTestCases.verifyFaqsTest()'><b>verifyFaqsTest</b><br>Test class: com.eduven.testcase.EvMenuPageTestCases</td>
<td></td>
<td>0</td>
<td>com.eduven.testcase.EvMenuPageTestCases@4cf777e8</td></tr>
<tr>
<td title='com.eduven.testcase.EvMenuPageTestCases.verifyPrivacyPolicyTest()'><b>verifyPrivacyPolicyTest</b><br>Test class: com.eduven.testcase.EvMenuPageTestCases</td>
<td></td>
<td>0</td>
<td>com.eduven.testcase.EvMenuPageTestCases@4cf777e8</td></tr>
<tr>
<td title='com.eduven.testcase.EvMenuPageTestCases.verifyRateThisAppTest()'><b>verifyRateThisAppTest</b><br>Test class: com.eduven.testcase.EvMenuPageTestCases</td>
<td></td>
<td>0</td>
<td>com.eduven.testcase.EvMenuPageTestCases@4cf777e8</td></tr>
<tr>
<td title='com.eduven.testcase.EvMenuPageTestCases.verifyTermAndConditionTest()'><b>verifyTermAndConditionTest</b><br>Test class: com.eduven.testcase.EvMenuPageTestCases</td>
<td></td>
<td>0</td>
<td>com.eduven.testcase.EvMenuPageTestCases@4cf777e8</td></tr>
<tr>
<td title='com.eduven.testcase.EvMenuPageTestCases.wordOfDayTest()'><b>wordOfDayTest</b><br>Test class: com.eduven.testcase.EvMenuPageTestCases</td>
<td></td>
<td>0</td>
<td>com.eduven.testcase.EvMenuPageTestCases@4cf777e8</td></tr>
</table><p>
</body>
</html>