<?xml version="1.0" encoding="UTF-8"?>
<!-- Generated by org.testng.reporters.JUnitXMLReporter -->
<testsuite hostname="Akashs-Mac-mini.local" name="Regression Testing" tests="124" failures="17" timestamp="17 Mar 2016 15:37:34 GMT" time="5398.719" errors="0">
  <testcase name="@AfterMethod afterMethod" time="0.0" classname="com.eduven.testcase.EduBankPageTestCases">
    <failure type="org.openqa.selenium.remote.SessionNotFoundException" message="
Command duration or timeout: 5 milliseconds
Build info: version: &amp;apos;2.51.0&amp;apos;, revision: &amp;apos;1af067d&amp;apos;, time: &amp;apos;2016-02-05 19:15:17&amp;apos;
System info: host: &amp;apos;Akashs-Mac-mini.local&amp;apos;, ip: &amp;apos;10.30.30.97&amp;apos;, os.name: &amp;apos;Mac OS X&amp;apos;, os.arch: &amp;apos;x86_64&amp;apos;, os.version: &amp;apos;10.10.5&amp;apos;, java.version: &amp;apos;1.8.0_74&amp;apos;
Driver info: io.appium.java_client.android.AndroidDriver
Capabilities [{app=/Users/hiteshbhardwaj/Desktop/Automation/app/canada/CGCanada.apk, appPackage=com.eduven.cg.canada, networkConnectionEnabled=true, warnings={}, appiumVersion=1.4.13, databaseEnabled=false, deviceName=014E0F500200D002, platform=LINUX, appActivity=com.eduven.cg.activity.CheckSDCard, desired={app=/Users/hiteshbhardwaj/Desktop/Automation/app/canada/CGCanada.apk, appPackage=com.eduven.cg.canada, appActivity=com.eduven.cg.activity.CheckSDCard, platformVersion=4.4, appiumVersion=1.4.13, automationName=Appium, platformName=Android, deviceName=014E0F500200D002}, platformVersion=4.3, webStorageEnabled=false, locationContextEnabled=false, automationName=Appium, browserName=Android, takesScreenshot=true, javascriptEnabled=true, platformName=Android}]
Session ID: 250b5b4b-418b-46cf-85af-65c8710cbcb1">
      <![CDATA[org.openqa.selenium.remote.SessionNotFoundException: 
Command duration or timeout: 5 milliseconds
Build info: version: '2.51.0', revision: '1af067d', time: '2016-02-05 19:15:17'
System info: host: 'Akashs-Mac-mini.local', ip: '10.30.30.97', os.name: 'Mac OS X', os.arch: 'x86_64', os.version: '10.10.5', java.version: '1.8.0_74'
Driver info: io.appium.java_client.android.AndroidDriver
Capabilities [{app=/Users/hiteshbhardwaj/Desktop/Automation/app/canada/CGCanada.apk, appPackage=com.eduven.cg.canada, networkConnectionEnabled=true, warnings={}, appiumVersion=1.4.13, databaseEnabled=false, deviceName=014E0F500200D002, platform=LINUX, appActivity=com.eduven.cg.activity.CheckSDCard, desired={app=/Users/hiteshbhardwaj/Desktop/Automation/app/canada/CGCanada.apk, appPackage=com.eduven.cg.canada, appActivity=com.eduven.cg.activity.CheckSDCard, platformVersion=4.4, appiumVersion=1.4.13, automationName=Appium, platformName=Android, deviceName=014E0F500200D002}, platformVersion=4.3, webStorageEnabled=false, locationContextEnabled=false, automationName=Appium, browserName=Android, takesScreenshot=true, javascriptEnabled=true, platformName=Android}]
Session ID: 250b5b4b-418b-46cf-85af-65c8710cbcb1
	at sun.reflect.NativeConstructorAccessorImpl.newInstance0(Native Method)
	at sun.reflect.NativeConstructorAccessorImpl.newInstance(NativeConstructorAccessorImpl.java:62)
	at sun.reflect.DelegatingConstructorAccessorImpl.newInstance(DelegatingConstructorAccessorImpl.java:45)
	at java.lang.reflect.Constructor.newInstance(Constructor.java:423)
	at org.openqa.selenium.remote.ErrorHandler.createThrowable(ErrorHandler.java:206)
	at org.openqa.selenium.remote.ErrorHandler.throwIfResponseFailed(ErrorHandler.java:164)
	at org.openqa.selenium.remote.RemoteWebDriver.execute(RemoteWebDriver.java:678)
	at io.appium.java_client.DefaultGenericMobileDriver.execute(DefaultGenericMobileDriver.java:42)
	at io.appium.java_client.AppiumDriver.execute(AppiumDriver.java:206)
	at org.openqa.selenium.remote.RemoteWebDriver.getScreenshotAs(RemoteWebDriver.java:335)
	at com.eduven.utils.ScreenShot.takescreenShotCapture(ScreenShot.java:28)
	at com.eduven.testcase.EduBankPageTestCases.afterMethod(EduBankPageTestCases.java:74)
	at sun.reflect.NativeMethodAccessorImpl.invoke0(Native Method)
	at sun.reflect.NativeMethodAccessorImpl.invoke(NativeMethodAccessorImpl.java:62)
	at sun.reflect.DelegatingMethodAccessorImpl.invoke(DelegatingMethodAccessorImpl.java:43)
	at java.lang.reflect.Method.invoke(Method.java:498)
	at org.testng.internal.MethodInvocationHelper.invokeMethod(MethodInvocationHelper.java:85)
	at org.testng.internal.Invoker.invokeConfigurationMethod(Invoker.java:510)
	at org.testng.internal.Invoker.invokeConfigurations(Invoker.java:211)
	at org.testng.internal.Invoker.invokeMethod(Invoker.java:703)
	at org.testng.internal.Invoker.invokeTestMethod(Invoker.java:816)
	at org.testng.internal.Invoker.invokeTestMethods(Invoker.java:1124)
	at org.testng.internal.TestMethodWorker.invokeTestMethods(TestMethodWorker.java:125)
	at org.testng.internal.TestMethodWorker.run(TestMethodWorker.java:108)
	at org.testng.TestRunner.privateRun(TestRunner.java:774)
	at org.testng.TestRunner.run(TestRunner.java:624)
	at org.testng.SuiteRunner.runTest(SuiteRunner.java:359)
	at org.testng.SuiteRunner.runSequentially(SuiteRunner.java:354)
	at org.testng.SuiteRunner.privateRun(SuiteRunner.java:312)
	at org.testng.SuiteRunner.run(SuiteRunner.java:261)
	at org.testng.SuiteRunnerWorker.runSuite(SuiteRunnerWorker.java:52)
	at org.testng.SuiteRunnerWorker.run(SuiteRunnerWorker.java:86)
	at org.testng.TestNG.runSuitesSequentially(TestNG.java:1215)
	at org.testng.TestNG.runSuitesLocally(TestNG.java:1140)
	at org.testng.TestNG.run(TestNG.java:1048)
	at com.eduven.utils.RunTestng.main(RunTestng.java:65)
]]>
    </failure>
  </testcase> <!-- @AfterMethod afterMethod -->
  <testcase name="@AfterMethod afterMethod" time="0.0" classname="com.eduven.testcase.EduBankPageTestCases">
    <skipped/>
  </testcase> <!-- @AfterMethod afterMethod -->
  <testcase name="@AfterMethod afterMethod" time="0.0" classname="com.eduven.testcase.EduBankPageTestCases">
    <skipped/>
  </testcase> <!-- @AfterMethod afterMethod -->
  <testcase name="@AfterMethod afterMethod" time="0.0" classname="com.eduven.testcase.EduBankPageTestCases">
    <skipped/>
  </testcase> <!-- @AfterMethod afterMethod -->
  <testcase name="@AfterClass close_app" time="0.0" classname="com.eduven.testcase.EduBankPageTestCases">
    <skipped/>
  </testcase> <!-- @AfterClass close_app -->
  <testcase name="@AfterMethod afterMethod" time="0.0" classname="com.eduven.testcase.SpiritualSanctuariesPageTestCases">
    <failure type="org.openqa.selenium.remote.SessionNotFoundException" message="
Command duration or timeout: 5 milliseconds
Build info: version: &amp;apos;2.51.0&amp;apos;, revision: &amp;apos;1af067d&amp;apos;, time: &amp;apos;2016-02-05 19:15:17&amp;apos;
System info: host: &amp;apos;Akashs-Mac-mini.local&amp;apos;, ip: &amp;apos;10.30.30.97&amp;apos;, os.name: &amp;apos;Mac OS X&amp;apos;, os.arch: &amp;apos;x86_64&amp;apos;, os.version: &amp;apos;10.10.5&amp;apos;, java.version: &amp;apos;1.8.0_74&amp;apos;
Driver info: io.appium.java_client.android.AndroidDriver
Capabilities [{app=/Users/hiteshbhardwaj/Desktop/Automation/app/canada/CGCanada.apk, appPackage=com.eduven.cg.canada, networkConnectionEnabled=true, warnings={}, appiumVersion=1.4.13, databaseEnabled=false, deviceName=014E0F500200D002, platform=LINUX, appActivity=com.eduven.cg.activity.CheckSDCard, desired={app=/Users/hiteshbhardwaj/Desktop/Automation/app/canada/CGCanada.apk, appPackage=com.eduven.cg.canada, appActivity=com.eduven.cg.activity.CheckSDCard, platformVersion=4.4, appiumVersion=1.4.13, automationName=Appium, platformName=Android, deviceName=014E0F500200D002}, platformVersion=4.3, webStorageEnabled=false, locationContextEnabled=false, automationName=Appium, browserName=Android, takesScreenshot=true, javascriptEnabled=true, platformName=Android}]
Session ID: 250b5b4b-418b-46cf-85af-65c8710cbcb1">
      <![CDATA[org.openqa.selenium.remote.SessionNotFoundException: 
Command duration or timeout: 5 milliseconds
Build info: version: '2.51.0', revision: '1af067d', time: '2016-02-05 19:15:17'
System info: host: 'Akashs-Mac-mini.local', ip: '10.30.30.97', os.name: 'Mac OS X', os.arch: 'x86_64', os.version: '10.10.5', java.version: '1.8.0_74'
Driver info: io.appium.java_client.android.AndroidDriver
Capabilities [{app=/Users/hiteshbhardwaj/Desktop/Automation/app/canada/CGCanada.apk, appPackage=com.eduven.cg.canada, networkConnectionEnabled=true, warnings={}, appiumVersion=1.4.13, databaseEnabled=false, deviceName=014E0F500200D002, platform=LINUX, appActivity=com.eduven.cg.activity.CheckSDCard, desired={app=/Users/hiteshbhardwaj/Desktop/Automation/app/canada/CGCanada.apk, appPackage=com.eduven.cg.canada, appActivity=com.eduven.cg.activity.CheckSDCard, platformVersion=4.4, appiumVersion=1.4.13, automationName=Appium, platformName=Android, deviceName=014E0F500200D002}, platformVersion=4.3, webStorageEnabled=false, locationContextEnabled=false, automationName=Appium, browserName=Android, takesScreenshot=true, javascriptEnabled=true, platformName=Android}]
Session ID: 250b5b4b-418b-46cf-85af-65c8710cbcb1
	at sun.reflect.NativeConstructorAccessorImpl.newInstance0(Native Method)
	at sun.reflect.NativeConstructorAccessorImpl.newInstance(NativeConstructorAccessorImpl.java:62)
	at sun.reflect.DelegatingConstructorAccessorImpl.newInstance(DelegatingConstructorAccessorImpl.java:45)
	at java.lang.reflect.Constructor.newInstance(Constructor.java:423)
	at org.openqa.selenium.remote.ErrorHandler.createThrowable(ErrorHandler.java:206)
	at org.openqa.selenium.remote.ErrorHandler.throwIfResponseFailed(ErrorHandler.java:164)
	at org.openqa.selenium.remote.RemoteWebDriver.execute(RemoteWebDriver.java:678)
	at io.appium.java_client.DefaultGenericMobileDriver.execute(DefaultGenericMobileDriver.java:42)
	at io.appium.java_client.AppiumDriver.execute(AppiumDriver.java:206)
	at org.openqa.selenium.remote.RemoteWebDriver.getScreenshotAs(RemoteWebDriver.java:335)
	at com.eduven.utils.ScreenShot.takescreenShotCapture(ScreenShot.java:28)
	at com.eduven.testcase.SpiritualSanctuariesPageTestCases.afterMethod(SpiritualSanctuariesPageTestCases.java:62)
	at sun.reflect.NativeMethodAccessorImpl.invoke0(Native Method)
	at sun.reflect.NativeMethodAccessorImpl.invoke(NativeMethodAccessorImpl.java:62)
	at sun.reflect.DelegatingMethodAccessorImpl.invoke(DelegatingMethodAccessorImpl.java:43)
	at java.lang.reflect.Method.invoke(Method.java:498)
	at org.testng.internal.MethodInvocationHelper.invokeMethod(MethodInvocationHelper.java:85)
	at org.testng.internal.Invoker.invokeConfigurationMethod(Invoker.java:510)
	at org.testng.internal.Invoker.invokeConfigurations(Invoker.java:211)
	at org.testng.internal.Invoker.invokeMethod(Invoker.java:703)
	at org.testng.internal.Invoker.invokeTestMethod(Invoker.java:816)
	at org.testng.internal.Invoker.invokeTestMethods(Invoker.java:1124)
	at org.testng.internal.TestMethodWorker.invokeTestMethods(TestMethodWorker.java:125)
	at org.testng.internal.TestMethodWorker.run(TestMethodWorker.java:108)
	at org.testng.TestRunner.privateRun(TestRunner.java:774)
	at org.testng.TestRunner.run(TestRunner.java:624)
	at org.testng.SuiteRunner.runTest(SuiteRunner.java:359)
	at org.testng.SuiteRunner.runSequentially(SuiteRunner.java:354)
	at org.testng.SuiteRunner.privateRun(SuiteRunner.java:312)
	at org.testng.SuiteRunner.run(SuiteRunner.java:261)
	at org.testng.SuiteRunnerWorker.runSuite(SuiteRunnerWorker.java:52)
	at org.testng.SuiteRunnerWorker.run(SuiteRunnerWorker.java:86)
	at org.testng.TestNG.runSuitesSequentially(TestNG.java:1215)
	at org.testng.TestNG.runSuitesLocally(TestNG.java:1140)
	at org.testng.TestNG.run(TestNG.java:1048)
	at com.eduven.utils.RunTestng.main(RunTestng.java:65)
]]>
    </failure>
  </testcase> <!-- @AfterMethod afterMethod -->
  <testcase name="@AfterMethod afterMethod" time="0.0" classname="com.eduven.testcase.SpiritualSanctuariesPageTestCases">
    <skipped/>
  </testcase> <!-- @AfterMethod afterMethod -->
  <testcase name="@AfterMethod afterMethod" time="0.0" classname="com.eduven.testcase.SpiritualSanctuariesPageTestCases">
    <skipped/>
  </testcase> <!-- @AfterMethod afterMethod -->
  <testcase name="@AfterMethod afterMethod" time="0.0" classname="com.eduven.testcase.SpiritualSanctuariesPageTestCases">
    <skipped/>
  </testcase> <!-- @AfterMethod afterMethod -->
  <testcase name="@AfterMethod afterMethod" time="0.0" classname="com.eduven.testcase.SpiritualSanctuariesPageTestCases">
    <skipped/>
  </testcase> <!-- @AfterMethod afterMethod -->
  <testcase name="@AfterClass close_app" time="0.0" classname="com.eduven.testcase.SpiritualSanctuariesPageTestCases">
    <skipped/>
  </testcase> <!-- @AfterClass close_app -->
  <testcase name="@AfterMethod afterMethod" time="0.0" classname="com.eduven.testcase.LanguagePhrasesPageTestCases">
    <failure type="org.openqa.selenium.remote.SessionNotFoundException" message="
Command duration or timeout: 4 milliseconds
Build info: version: &amp;apos;2.51.0&amp;apos;, revision: &amp;apos;1af067d&amp;apos;, time: &amp;apos;2016-02-05 19:15:17&amp;apos;
System info: host: &amp;apos;Akashs-Mac-mini.local&amp;apos;, ip: &amp;apos;10.30.30.97&amp;apos;, os.name: &amp;apos;Mac OS X&amp;apos;, os.arch: &amp;apos;x86_64&amp;apos;, os.version: &amp;apos;10.10.5&amp;apos;, java.version: &amp;apos;1.8.0_74&amp;apos;
Driver info: io.appium.java_client.android.AndroidDriver
Capabilities [{app=/Users/hiteshbhardwaj/Desktop/Automation/app/canada/CGCanada.apk, appPackage=com.eduven.cg.canada, networkConnectionEnabled=true, warnings={}, appiumVersion=1.4.13, databaseEnabled=false, deviceName=014E0F500200D002, platform=LINUX, appActivity=com.eduven.cg.activity.CheckSDCard, desired={app=/Users/hiteshbhardwaj/Desktop/Automation/app/canada/CGCanada.apk, appPackage=com.eduven.cg.canada, appActivity=com.eduven.cg.activity.CheckSDCard, platformVersion=4.4, appiumVersion=1.4.13, automationName=Appium, platformName=Android, deviceName=014E0F500200D002}, platformVersion=4.3, webStorageEnabled=false, locationContextEnabled=false, automationName=Appium, browserName=Android, takesScreenshot=true, javascriptEnabled=true, platformName=Android}]
Session ID: 250b5b4b-418b-46cf-85af-65c8710cbcb1">
      <![CDATA[org.openqa.selenium.remote.SessionNotFoundException: 
Command duration or timeout: 4 milliseconds
Build info: version: '2.51.0', revision: '1af067d', time: '2016-02-05 19:15:17'
System info: host: 'Akashs-Mac-mini.local', ip: '10.30.30.97', os.name: 'Mac OS X', os.arch: 'x86_64', os.version: '10.10.5', java.version: '1.8.0_74'
Driver info: io.appium.java_client.android.AndroidDriver
Capabilities [{app=/Users/hiteshbhardwaj/Desktop/Automation/app/canada/CGCanada.apk, appPackage=com.eduven.cg.canada, networkConnectionEnabled=true, warnings={}, appiumVersion=1.4.13, databaseEnabled=false, deviceName=014E0F500200D002, platform=LINUX, appActivity=com.eduven.cg.activity.CheckSDCard, desired={app=/Users/hiteshbhardwaj/Desktop/Automation/app/canada/CGCanada.apk, appPackage=com.eduven.cg.canada, appActivity=com.eduven.cg.activity.CheckSDCard, platformVersion=4.4, appiumVersion=1.4.13, automationName=Appium, platformName=Android, deviceName=014E0F500200D002}, platformVersion=4.3, webStorageEnabled=false, locationContextEnabled=false, automationName=Appium, browserName=Android, takesScreenshot=true, javascriptEnabled=true, platformName=Android}]
Session ID: 250b5b4b-418b-46cf-85af-65c8710cbcb1
	at sun.reflect.GeneratedConstructorAccessor51.newInstance(Unknown Source)
	at sun.reflect.DelegatingConstructorAccessorImpl.newInstance(DelegatingConstructorAccessorImpl.java:45)
	at java.lang.reflect.Constructor.newInstance(Constructor.java:423)
	at org.openqa.selenium.remote.ErrorHandler.createThrowable(ErrorHandler.java:206)
	at org.openqa.selenium.remote.ErrorHandler.throwIfResponseFailed(ErrorHandler.java:164)
	at org.openqa.selenium.remote.RemoteWebDriver.execute(RemoteWebDriver.java:678)
	at io.appium.java_client.DefaultGenericMobileDriver.execute(DefaultGenericMobileDriver.java:42)
	at io.appium.java_client.AppiumDriver.execute(AppiumDriver.java:206)
	at org.openqa.selenium.remote.RemoteWebDriver.getScreenshotAs(RemoteWebDriver.java:335)
	at com.eduven.utils.ScreenShot.takescreenShotCapture(ScreenShot.java:28)
	at com.eduven.testcase.LanguagePhrasesPageTestCases.afterMethod(LanguagePhrasesPageTestCases.java:70)
	at sun.reflect.NativeMethodAccessorImpl.invoke0(Native Method)
	at sun.reflect.NativeMethodAccessorImpl.invoke(NativeMethodAccessorImpl.java:62)
	at sun.reflect.DelegatingMethodAccessorImpl.invoke(DelegatingMethodAccessorImpl.java:43)
	at java.lang.reflect.Method.invoke(Method.java:498)
	at org.testng.internal.MethodInvocationHelper.invokeMethod(MethodInvocationHelper.java:85)
	at org.testng.internal.Invoker.invokeConfigurationMethod(Invoker.java:510)
	at org.testng.internal.Invoker.invokeConfigurations(Invoker.java:211)
	at org.testng.internal.Invoker.invokeMethod(Invoker.java:703)
	at org.testng.internal.Invoker.invokeTestMethod(Invoker.java:816)
	at org.testng.internal.Invoker.invokeTestMethods(Invoker.java:1124)
	at org.testng.internal.TestMethodWorker.invokeTestMethods(TestMethodWorker.java:125)
	at org.testng.internal.TestMethodWorker.run(TestMethodWorker.java:108)
	at org.testng.TestRunner.privateRun(TestRunner.java:774)
	at org.testng.TestRunner.run(TestRunner.java:624)
	at org.testng.SuiteRunner.runTest(SuiteRunner.java:359)
	at org.testng.SuiteRunner.runSequentially(SuiteRunner.java:354)
	at org.testng.SuiteRunner.privateRun(SuiteRunner.java:312)
	at org.testng.SuiteRunner.run(SuiteRunner.java:261)
	at org.testng.SuiteRunnerWorker.runSuite(SuiteRunnerWorker.java:52)
	at org.testng.SuiteRunnerWorker.run(SuiteRunnerWorker.java:86)
	at org.testng.TestNG.runSuitesSequentially(TestNG.java:1215)
	at org.testng.TestNG.runSuitesLocally(TestNG.java:1140)
	at org.testng.TestNG.run(TestNG.java:1048)
	at com.eduven.utils.RunTestng.main(RunTestng.java:65)
]]>
    </failure>
  </testcase> <!-- @AfterMethod afterMethod -->
  <testcase name="@AfterMethod afterMethod" time="0.0" classname="com.eduven.testcase.LanguagePhrasesPageTestCases">
    <skipped/>
  </testcase> <!-- @AfterMethod afterMethod -->
  <testcase name="@AfterMethod afterMethod" time="0.0" classname="com.eduven.testcase.LanguagePhrasesPageTestCases">
    <skipped/>
  </testcase> <!-- @AfterMethod afterMethod -->
  <testcase name="@AfterMethod afterMethod" time="0.0" classname="com.eduven.testcase.LanguagePhrasesPageTestCases">
    <skipped/>
  </testcase> <!-- @AfterMethod afterMethod -->
  <testcase name="@AfterMethod afterMethod" time="0.0" classname="com.eduven.testcase.LanguagePhrasesPageTestCases">
    <skipped/>
  </testcase> <!-- @AfterMethod afterMethod -->
  <testcase name="@AfterClass close_app" time="0.0" classname="com.eduven.testcase.LanguagePhrasesPageTestCases">
    <skipped/>
  </testcase> <!-- @AfterClass close_app -->
  <testcase name="@AfterMethod afterMethod" time="0.0" classname="com.eduven.testcase.CuisinePageTestCases">
    <failure type="org.openqa.selenium.remote.SessionNotFoundException" message="
Command duration or timeout: 4 milliseconds
Build info: version: &amp;apos;2.51.0&amp;apos;, revision: &amp;apos;1af067d&amp;apos;, time: &amp;apos;2016-02-05 19:15:17&amp;apos;
System info: host: &amp;apos;Akashs-Mac-mini.local&amp;apos;, ip: &amp;apos;10.30.30.97&amp;apos;, os.name: &amp;apos;Mac OS X&amp;apos;, os.arch: &amp;apos;x86_64&amp;apos;, os.version: &amp;apos;10.10.5&amp;apos;, java.version: &amp;apos;1.8.0_74&amp;apos;
Driver info: io.appium.java_client.android.AndroidDriver
Capabilities [{app=/Users/hiteshbhardwaj/Desktop/Automation/app/canada/CGCanada.apk, appPackage=com.eduven.cg.canada, networkConnectionEnabled=true, warnings={}, appiumVersion=1.4.13, databaseEnabled=false, deviceName=014E0F500200D002, platform=LINUX, appActivity=com.eduven.cg.activity.CheckSDCard, desired={app=/Users/hiteshbhardwaj/Desktop/Automation/app/canada/CGCanada.apk, appPackage=com.eduven.cg.canada, appActivity=com.eduven.cg.activity.CheckSDCard, platformVersion=4.4, appiumVersion=1.4.13, automationName=Appium, platformName=Android, deviceName=014E0F500200D002}, platformVersion=4.3, webStorageEnabled=false, locationContextEnabled=false, automationName=Appium, browserName=Android, takesScreenshot=true, javascriptEnabled=true, platformName=Android}]
Session ID: 250b5b4b-418b-46cf-85af-65c8710cbcb1">
      <![CDATA[org.openqa.selenium.remote.SessionNotFoundException: 
Command duration or timeout: 4 milliseconds
Build info: version: '2.51.0', revision: '1af067d', time: '2016-02-05 19:15:17'
System info: host: 'Akashs-Mac-mini.local', ip: '10.30.30.97', os.name: 'Mac OS X', os.arch: 'x86_64', os.version: '10.10.5', java.version: '1.8.0_74'
Driver info: io.appium.java_client.android.AndroidDriver
Capabilities [{app=/Users/hiteshbhardwaj/Desktop/Automation/app/canada/CGCanada.apk, appPackage=com.eduven.cg.canada, networkConnectionEnabled=true, warnings={}, appiumVersion=1.4.13, databaseEnabled=false, deviceName=014E0F500200D002, platform=LINUX, appActivity=com.eduven.cg.activity.CheckSDCard, desired={app=/Users/hiteshbhardwaj/Desktop/Automation/app/canada/CGCanada.apk, appPackage=com.eduven.cg.canada, appActivity=com.eduven.cg.activity.CheckSDCard, platformVersion=4.4, appiumVersion=1.4.13, automationName=Appium, platformName=Android, deviceName=014E0F500200D002}, platformVersion=4.3, webStorageEnabled=false, locationContextEnabled=false, automationName=Appium, browserName=Android, takesScreenshot=true, javascriptEnabled=true, platformName=Android}]
Session ID: 250b5b4b-418b-46cf-85af-65c8710cbcb1
	at sun.reflect.GeneratedConstructorAccessor51.newInstance(Unknown Source)
	at sun.reflect.DelegatingConstructorAccessorImpl.newInstance(DelegatingConstructorAccessorImpl.java:45)
	at java.lang.reflect.Constructor.newInstance(Constructor.java:423)
	at org.openqa.selenium.remote.ErrorHandler.createThrowable(ErrorHandler.java:206)
	at org.openqa.selenium.remote.ErrorHandler.throwIfResponseFailed(ErrorHandler.java:164)
	at org.openqa.selenium.remote.RemoteWebDriver.execute(RemoteWebDriver.java:678)
	at io.appium.java_client.DefaultGenericMobileDriver.execute(DefaultGenericMobileDriver.java:42)
	at io.appium.java_client.AppiumDriver.execute(AppiumDriver.java:206)
	at org.openqa.selenium.remote.RemoteWebDriver.getScreenshotAs(RemoteWebDriver.java:335)
	at com.eduven.utils.ScreenShot.takescreenShotCapture(ScreenShot.java:28)
	at com.eduven.testcase.CuisinePageTestCases.afterMethod(CuisinePageTestCases.java:93)
	at sun.reflect.NativeMethodAccessorImpl.invoke0(Native Method)
	at sun.reflect.NativeMethodAccessorImpl.invoke(NativeMethodAccessorImpl.java:62)
	at sun.reflect.DelegatingMethodAccessorImpl.invoke(DelegatingMethodAccessorImpl.java:43)
	at java.lang.reflect.Method.invoke(Method.java:498)
	at org.testng.internal.MethodInvocationHelper.invokeMethod(MethodInvocationHelper.java:85)
	at org.testng.internal.Invoker.invokeConfigurationMethod(Invoker.java:510)
	at org.testng.internal.Invoker.invokeConfigurations(Invoker.java:211)
	at org.testng.internal.Invoker.invokeMethod(Invoker.java:703)
	at org.testng.internal.Invoker.invokeTestMethod(Invoker.java:816)
	at org.testng.internal.Invoker.invokeTestMethods(Invoker.java:1124)
	at org.testng.internal.TestMethodWorker.invokeTestMethods(TestMethodWorker.java:125)
	at org.testng.internal.TestMethodWorker.run(TestMethodWorker.java:108)
	at org.testng.TestRunner.privateRun(TestRunner.java:774)
	at org.testng.TestRunner.run(TestRunner.java:624)
	at org.testng.SuiteRunner.runTest(SuiteRunner.java:359)
	at org.testng.SuiteRunner.runSequentially(SuiteRunner.java:354)
	at org.testng.SuiteRunner.privateRun(SuiteRunner.java:312)
	at org.testng.SuiteRunner.run(SuiteRunner.java:261)
	at org.testng.SuiteRunnerWorker.runSuite(SuiteRunnerWorker.java:52)
	at org.testng.SuiteRunnerWorker.run(SuiteRunnerWorker.java:86)
	at org.testng.TestNG.runSuitesSequentially(TestNG.java:1215)
	at org.testng.TestNG.runSuitesLocally(TestNG.java:1140)
	at org.testng.TestNG.run(TestNG.java:1048)
	at com.eduven.utils.RunTestng.main(RunTestng.java:65)
]]>
    </failure>
  </testcase> <!-- @AfterMethod afterMethod -->
  <testcase name="@AfterMethod afterMethod" time="0.0" classname="com.eduven.testcase.CuisinePageTestCases">
    <skipped/>
  </testcase> <!-- @AfterMethod afterMethod -->
  <testcase name="@AfterMethod afterMethod" time="0.0" classname="com.eduven.testcase.CuisinePageTestCases">
    <skipped/>
  </testcase> <!-- @AfterMethod afterMethod -->
  <testcase name="@AfterMethod afterMethod" time="0.0" classname="com.eduven.testcase.CuisinePageTestCases">
    <skipped/>
  </testcase> <!-- @AfterMethod afterMethod -->
  <testcase name="@AfterMethod afterMethod" time="0.0" classname="com.eduven.testcase.CuisinePageTestCases">
    <skipped/>
  </testcase> <!-- @AfterMethod afterMethod -->
  <testcase name="@AfterMethod afterMethod" time="0.0" classname="com.eduven.testcase.CuisinePageTestCases">
    <skipped/>
  </testcase> <!-- @AfterMethod afterMethod -->
  <testcase name="@AfterMethod afterMethod" time="0.0" classname="com.eduven.testcase.CuisinePageTestCases">
    <skipped/>
  </testcase> <!-- @AfterMethod afterMethod -->
  <testcase name="@AfterMethod afterMethod" time="0.0" classname="com.eduven.testcase.CuisinePageTestCases">
    <skipped/>
  </testcase> <!-- @AfterMethod afterMethod -->
  <testcase name="@AfterMethod afterMethod" time="0.0" classname="com.eduven.testcase.CuisinePageTestCases">
    <skipped/>
  </testcase> <!-- @AfterMethod afterMethod -->
  <testcase name="@AfterMethod afterMethod" time="0.0" classname="com.eduven.testcase.CuisinePageTestCases">
    <skipped/>
  </testcase> <!-- @AfterMethod afterMethod -->
  <testcase name="@AfterClass close_app" time="0.0" classname="com.eduven.testcase.CuisinePageTestCases">
    <skipped/>
  </testcase> <!-- @AfterClass close_app -->
  <testcase name="@AfterMethod afterMethod" time="0.0" classname="com.eduven.testcase.MoviesPageTestCases">
    <failure type="org.openqa.selenium.remote.SessionNotFoundException" message="
Command duration or timeout: 4 milliseconds
Build info: version: &amp;apos;2.51.0&amp;apos;, revision: &amp;apos;1af067d&amp;apos;, time: &amp;apos;2016-02-05 19:15:17&amp;apos;
System info: host: &amp;apos;Akashs-Mac-mini.local&amp;apos;, ip: &amp;apos;10.30.30.97&amp;apos;, os.name: &amp;apos;Mac OS X&amp;apos;, os.arch: &amp;apos;x86_64&amp;apos;, os.version: &amp;apos;10.10.5&amp;apos;, java.version: &amp;apos;1.8.0_74&amp;apos;
Driver info: io.appium.java_client.android.AndroidDriver
Capabilities [{app=/Users/hiteshbhardwaj/Desktop/Automation/app/canada/CGCanada.apk, appPackage=com.eduven.cg.canada, networkConnectionEnabled=true, warnings={}, appiumVersion=1.4.13, databaseEnabled=false, deviceName=014E0F500200D002, platform=LINUX, appActivity=com.eduven.cg.activity.CheckSDCard, desired={app=/Users/hiteshbhardwaj/Desktop/Automation/app/canada/CGCanada.apk, appPackage=com.eduven.cg.canada, appActivity=com.eduven.cg.activity.CheckSDCard, platformVersion=4.4, appiumVersion=1.4.13, automationName=Appium, platformName=Android, deviceName=014E0F500200D002}, platformVersion=4.3, webStorageEnabled=false, locationContextEnabled=false, automationName=Appium, browserName=Android, takesScreenshot=true, javascriptEnabled=true, platformName=Android}]
Session ID: 250b5b4b-418b-46cf-85af-65c8710cbcb1">
      <![CDATA[org.openqa.selenium.remote.SessionNotFoundException: 
Command duration or timeout: 4 milliseconds
Build info: version: '2.51.0', revision: '1af067d', time: '2016-02-05 19:15:17'
System info: host: 'Akashs-Mac-mini.local', ip: '10.30.30.97', os.name: 'Mac OS X', os.arch: 'x86_64', os.version: '10.10.5', java.version: '1.8.0_74'
Driver info: io.appium.java_client.android.AndroidDriver
Capabilities [{app=/Users/hiteshbhardwaj/Desktop/Automation/app/canada/CGCanada.apk, appPackage=com.eduven.cg.canada, networkConnectionEnabled=true, warnings={}, appiumVersion=1.4.13, databaseEnabled=false, deviceName=014E0F500200D002, platform=LINUX, appActivity=com.eduven.cg.activity.CheckSDCard, desired={app=/Users/hiteshbhardwaj/Desktop/Automation/app/canada/CGCanada.apk, appPackage=com.eduven.cg.canada, appActivity=com.eduven.cg.activity.CheckSDCard, platformVersion=4.4, appiumVersion=1.4.13, automationName=Appium, platformName=Android, deviceName=014E0F500200D002}, platformVersion=4.3, webStorageEnabled=false, locationContextEnabled=false, automationName=Appium, browserName=Android, takesScreenshot=true, javascriptEnabled=true, platformName=Android}]
Session ID: 250b5b4b-418b-46cf-85af-65c8710cbcb1
	at sun.reflect.GeneratedConstructorAccessor51.newInstance(Unknown Source)
	at sun.reflect.DelegatingConstructorAccessorImpl.newInstance(DelegatingConstructorAccessorImpl.java:45)
	at java.lang.reflect.Constructor.newInstance(Constructor.java:423)
	at org.openqa.selenium.remote.ErrorHandler.createThrowable(ErrorHandler.java:206)
	at org.openqa.selenium.remote.ErrorHandler.throwIfResponseFailed(ErrorHandler.java:164)
	at org.openqa.selenium.remote.RemoteWebDriver.execute(RemoteWebDriver.java:678)
	at io.appium.java_client.DefaultGenericMobileDriver.execute(DefaultGenericMobileDriver.java:42)
	at io.appium.java_client.AppiumDriver.execute(AppiumDriver.java:206)
	at org.openqa.selenium.remote.RemoteWebDriver.getScreenshotAs(RemoteWebDriver.java:335)
	at com.eduven.utils.ScreenShot.takescreenShotCapture(ScreenShot.java:28)
	at com.eduven.testcase.MoviesPageTestCases.afterMethod(MoviesPageTestCases.java:59)
	at sun.reflect.NativeMethodAccessorImpl.invoke0(Native Method)
	at sun.reflect.NativeMethodAccessorImpl.invoke(NativeMethodAccessorImpl.java:62)
	at sun.reflect.DelegatingMethodAccessorImpl.invoke(DelegatingMethodAccessorImpl.java:43)
	at java.lang.reflect.Method.invoke(Method.java:498)
	at org.testng.internal.MethodInvocationHelper.invokeMethod(MethodInvocationHelper.java:85)
	at org.testng.internal.Invoker.invokeConfigurationMethod(Invoker.java:510)
	at org.testng.internal.Invoker.invokeConfigurations(Invoker.java:211)
	at org.testng.internal.Invoker.invokeMethod(Invoker.java:703)
	at org.testng.internal.Invoker.invokeTestMethod(Invoker.java:816)
	at org.testng.internal.Invoker.invokeTestMethods(Invoker.java:1124)
	at org.testng.internal.TestMethodWorker.invokeTestMethods(TestMethodWorker.java:125)
	at org.testng.internal.TestMethodWorker.run(TestMethodWorker.java:108)
	at org.testng.TestRunner.privateRun(TestRunner.java:774)
	at org.testng.TestRunner.run(TestRunner.java:624)
	at org.testng.SuiteRunner.runTest(SuiteRunner.java:359)
	at org.testng.SuiteRunner.runSequentially(SuiteRunner.java:354)
	at org.testng.SuiteRunner.privateRun(SuiteRunner.java:312)
	at org.testng.SuiteRunner.run(SuiteRunner.java:261)
	at org.testng.SuiteRunnerWorker.runSuite(SuiteRunnerWorker.java:52)
	at org.testng.SuiteRunnerWorker.run(SuiteRunnerWorker.java:86)
	at org.testng.TestNG.runSuitesSequentially(TestNG.java:1215)
	at org.testng.TestNG.runSuitesLocally(TestNG.java:1140)
	at org.testng.TestNG.run(TestNG.java:1048)
	at com.eduven.utils.RunTestng.main(RunTestng.java:65)
]]>
    </failure>
  </testcase> <!-- @AfterMethod afterMethod -->
  <testcase name="@AfterMethod afterMethod" time="0.0" classname="com.eduven.testcase.MoviesPageTestCases">
    <skipped/>
  </testcase> <!-- @AfterMethod afterMethod -->
  <testcase name="@AfterMethod afterMethod" time="0.0" classname="com.eduven.testcase.MoviesPageTestCases">
    <skipped/>
  </testcase> <!-- @AfterMethod afterMethod -->
  <testcase name="@AfterMethod afterMethod" time="0.0" classname="com.eduven.testcase.MoviesPageTestCases">
    <skipped/>
  </testcase> <!-- @AfterMethod afterMethod -->
  <testcase name="@AfterMethod afterMethod" time="0.0" classname="com.eduven.testcase.MoviesPageTestCases">
    <skipped/>
  </testcase> <!-- @AfterMethod afterMethod -->
  <testcase name="@AfterClass close_app" time="0.0" classname="com.eduven.testcase.MoviesPageTestCases">
    <skipped/>
  </testcase> <!-- @AfterClass close_app -->
  <testcase name="@AfterMethod afterMethod" time="0.0" classname="com.eduven.testcase.CarnivalsFestivalsPageTestCases">
    <failure type="org.openqa.selenium.remote.SessionNotFoundException" message="
Command duration or timeout: 5 milliseconds
Build info: version: &amp;apos;2.51.0&amp;apos;, revision: &amp;apos;1af067d&amp;apos;, time: &amp;apos;2016-02-05 19:15:17&amp;apos;
System info: host: &amp;apos;Akashs-Mac-mini.local&amp;apos;, ip: &amp;apos;10.30.30.97&amp;apos;, os.name: &amp;apos;Mac OS X&amp;apos;, os.arch: &amp;apos;x86_64&amp;apos;, os.version: &amp;apos;10.10.5&amp;apos;, java.version: &amp;apos;1.8.0_74&amp;apos;
Driver info: io.appium.java_client.android.AndroidDriver
Capabilities [{app=/Users/hiteshbhardwaj/Desktop/Automation/app/canada/CGCanada.apk, appPackage=com.eduven.cg.canada, networkConnectionEnabled=true, warnings={}, appiumVersion=1.4.13, databaseEnabled=false, deviceName=014E0F500200D002, platform=LINUX, appActivity=com.eduven.cg.activity.CheckSDCard, desired={app=/Users/hiteshbhardwaj/Desktop/Automation/app/canada/CGCanada.apk, appPackage=com.eduven.cg.canada, appActivity=com.eduven.cg.activity.CheckSDCard, platformVersion=4.4, appiumVersion=1.4.13, automationName=Appium, platformName=Android, deviceName=014E0F500200D002}, platformVersion=4.3, webStorageEnabled=false, locationContextEnabled=false, automationName=Appium, browserName=Android, takesScreenshot=true, javascriptEnabled=true, platformName=Android}]
Session ID: 250b5b4b-418b-46cf-85af-65c8710cbcb1">
      <![CDATA[org.openqa.selenium.remote.SessionNotFoundException: 
Command duration or timeout: 5 milliseconds
Build info: version: '2.51.0', revision: '1af067d', time: '2016-02-05 19:15:17'
System info: host: 'Akashs-Mac-mini.local', ip: '10.30.30.97', os.name: 'Mac OS X', os.arch: 'x86_64', os.version: '10.10.5', java.version: '1.8.0_74'
Driver info: io.appium.java_client.android.AndroidDriver
Capabilities [{app=/Users/hiteshbhardwaj/Desktop/Automation/app/canada/CGCanada.apk, appPackage=com.eduven.cg.canada, networkConnectionEnabled=true, warnings={}, appiumVersion=1.4.13, databaseEnabled=false, deviceName=014E0F500200D002, platform=LINUX, appActivity=com.eduven.cg.activity.CheckSDCard, desired={app=/Users/hiteshbhardwaj/Desktop/Automation/app/canada/CGCanada.apk, appPackage=com.eduven.cg.canada, appActivity=com.eduven.cg.activity.CheckSDCard, platformVersion=4.4, appiumVersion=1.4.13, automationName=Appium, platformName=Android, deviceName=014E0F500200D002}, platformVersion=4.3, webStorageEnabled=false, locationContextEnabled=false, automationName=Appium, browserName=Android, takesScreenshot=true, javascriptEnabled=true, platformName=Android}]
Session ID: 250b5b4b-418b-46cf-85af-65c8710cbcb1
	at sun.reflect.GeneratedConstructorAccessor51.newInstance(Unknown Source)
	at sun.reflect.DelegatingConstructorAccessorImpl.newInstance(DelegatingConstructorAccessorImpl.java:45)
	at java.lang.reflect.Constructor.newInstance(Constructor.java:423)
	at org.openqa.selenium.remote.ErrorHandler.createThrowable(ErrorHandler.java:206)
	at org.openqa.selenium.remote.ErrorHandler.throwIfResponseFailed(ErrorHandler.java:164)
	at org.openqa.selenium.remote.RemoteWebDriver.execute(RemoteWebDriver.java:678)
	at io.appium.java_client.DefaultGenericMobileDriver.execute(DefaultGenericMobileDriver.java:42)
	at io.appium.java_client.AppiumDriver.execute(AppiumDriver.java:206)
	at org.openqa.selenium.remote.RemoteWebDriver.getScreenshotAs(RemoteWebDriver.java:335)
	at com.eduven.utils.ScreenShot.takescreenShotCapture(ScreenShot.java:28)
	at com.eduven.testcase.CarnivalsFestivalsPageTestCases.afterMethod(CarnivalsFestivalsPageTestCases.java:71)
	at sun.reflect.NativeMethodAccessorImpl.invoke0(Native Method)
	at sun.reflect.NativeMethodAccessorImpl.invoke(NativeMethodAccessorImpl.java:62)
	at sun.reflect.DelegatingMethodAccessorImpl.invoke(DelegatingMethodAccessorImpl.java:43)
	at java.lang.reflect.Method.invoke(Method.java:498)
	at org.testng.internal.MethodInvocationHelper.invokeMethod(MethodInvocationHelper.java:85)
	at org.testng.internal.Invoker.invokeConfigurationMethod(Invoker.java:510)
	at org.testng.internal.Invoker.invokeConfigurations(Invoker.java:211)
	at org.testng.internal.Invoker.invokeMethod(Invoker.java:703)
	at org.testng.internal.Invoker.invokeTestMethod(Invoker.java:816)
	at org.testng.internal.Invoker.invokeTestMethods(Invoker.java:1124)
	at org.testng.internal.TestMethodWorker.invokeTestMethods(TestMethodWorker.java:125)
	at org.testng.internal.TestMethodWorker.run(TestMethodWorker.java:108)
	at org.testng.TestRunner.privateRun(TestRunner.java:774)
	at org.testng.TestRunner.run(TestRunner.java:624)
	at org.testng.SuiteRunner.runTest(SuiteRunner.java:359)
	at org.testng.SuiteRunner.runSequentially(SuiteRunner.java:354)
	at org.testng.SuiteRunner.privateRun(SuiteRunner.java:312)
	at org.testng.SuiteRunner.run(SuiteRunner.java:261)
	at org.testng.SuiteRunnerWorker.runSuite(SuiteRunnerWorker.java:52)
	at org.testng.SuiteRunnerWorker.run(SuiteRunnerWorker.java:86)
	at org.testng.TestNG.runSuitesSequentially(TestNG.java:1215)
	at org.testng.TestNG.runSuitesLocally(TestNG.java:1140)
	at org.testng.TestNG.run(TestNG.java:1048)
	at com.eduven.utils.RunTestng.main(RunTestng.java:65)
]]>
    </failure>
  </testcase> <!-- @AfterMethod afterMethod -->
  <testcase name="@AfterMethod afterMethod" time="0.0" classname="com.eduven.testcase.CarnivalsFestivalsPageTestCases">
    <skipped/>
  </testcase> <!-- @AfterMethod afterMethod -->
  <testcase name="@AfterMethod afterMethod" time="0.0" classname="com.eduven.testcase.CarnivalsFestivalsPageTestCases">
    <skipped/>
  </testcase> <!-- @AfterMethod afterMethod -->
  <testcase name="@AfterMethod afterMethod" time="0.0" classname="com.eduven.testcase.CarnivalsFestivalsPageTestCases">
    <skipped/>
  </testcase> <!-- @AfterMethod afterMethod -->
  <testcase name="@AfterMethod afterMethod" time="0.0" classname="com.eduven.testcase.CarnivalsFestivalsPageTestCases">
    <skipped/>
  </testcase> <!-- @AfterMethod afterMethod -->
  <testcase name="@AfterMethod afterMethod" time="0.0" classname="com.eduven.testcase.CarnivalsFestivalsPageTestCases">
    <skipped/>
  </testcase> <!-- @AfterMethod afterMethod -->
  <testcase name="@AfterClass close_app" time="0.0" classname="com.eduven.testcase.CarnivalsFestivalsPageTestCases">
    <skipped/>
  </testcase> <!-- @AfterClass close_app -->
  <testcase name="historical_hangouts_page_test" time="103.185" classname="com.eduven.testcase.HistoricalHangoutsPageTestCases"/>
  <testcase name="historical_hangout_page_header_test" time="45.437" classname="com.eduven.testcase.HistoricalHangoutsPageTestCases"/>
  <testcase name="historical_hangout_page_entity_test" time="41.9" classname="com.eduven.testcase.HistoricalHangoutsPageTestCases"/>
  <testcase name="historical_hangout_page_free_entity_test" time="103.002" classname="com.eduven.testcase.HistoricalHangoutsPageTestCases"/>
  <testcase name="historical_hangout_page_paid_entity_test" time="158.644" classname="com.eduven.testcase.HistoricalHangoutsPageTestCases">
    <failure type="org.openqa.selenium.NoSuchElementException" message="An element could not be located on the page using the given search parameters. (WARNING: The server did not provide any stacktrace information)
Command duration or timeout: 80.08 seconds
For documentation on this error, please visit: http://seleniumhq.org/exceptions/no_such_element.html
Build info: version: &amp;apos;2.51.0&amp;apos;, revision: &amp;apos;1af067d&amp;apos;, time: &amp;apos;2016-02-05 19:15:17&amp;apos;
System info: host: &amp;apos;Akashs-Mac-mini.local&amp;apos;, ip: &amp;apos;10.30.30.97&amp;apos;, os.name: &amp;apos;Mac OS X&amp;apos;, os.arch: &amp;apos;x86_64&amp;apos;, os.version: &amp;apos;10.10.5&amp;apos;, java.version: &amp;apos;1.8.0_74&amp;apos;
Driver info: io.appium.java_client.android.AndroidDriver
Capabilities [{app=/Users/hiteshbhardwaj/Desktop/Automation/app/canada/CGCanada.apk, appPackage=com.eduven.cg.canada, networkConnectionEnabled=true, warnings={}, appiumVersion=1.4.13, databaseEnabled=false, deviceName=014E0F500200D002, platform=LINUX, appActivity=com.eduven.cg.activity.CheckSDCard, desired={app=/Users/hiteshbhardwaj/Desktop/Automation/app/canada/CGCanada.apk, appPackage=com.eduven.cg.canada, appActivity=com.eduven.cg.activity.CheckSDCard, platformVersion=4.4, appiumVersion=1.4.13, automationName=Appium, platformName=Android, deviceName=014E0F500200D002}, platformVersion=4.3, webStorageEnabled=false, locationContextEnabled=false, automationName=Appium, browserName=Android, takesScreenshot=true, javascriptEnabled=true, platformName=Android}]
Session ID: 250b5b4b-418b-46cf-85af-65c8710cbcb1
*** Element info: {Using=-android uiautomator, value=new UiScrollable(new UiSelector().scrollable(true).instance(0)).scrollIntoView(new UiSelector().description(&amp;quot;Aero Space Museum&amp;quot;).instance(0));new UiScrollable(new UiSelector().scrollable(true).instance(0)).scrollIntoView(new UiSelector().text(&amp;quot;Aero Space Museum&amp;quot;).instance(0));}">
      <![CDATA[org.openqa.selenium.NoSuchElementException: An element could not be located on the page using the given search parameters. (WARNING: The server did not provide any stacktrace information)
Command duration or timeout: 80.08 seconds
For documentation on this error, please visit: http://seleniumhq.org/exceptions/no_such_element.html
Build info: version: '2.51.0', revision: '1af067d', time: '2016-02-05 19:15:17'
System info: host: 'Akashs-Mac-mini.local', ip: '10.30.30.97', os.name: 'Mac OS X', os.arch: 'x86_64', os.version: '10.10.5', java.version: '1.8.0_74'
Driver info: io.appium.java_client.android.AndroidDriver
Capabilities [{app=/Users/hiteshbhardwaj/Desktop/Automation/app/canada/CGCanada.apk, appPackage=com.eduven.cg.canada, networkConnectionEnabled=true, warnings={}, appiumVersion=1.4.13, databaseEnabled=false, deviceName=014E0F500200D002, platform=LINUX, appActivity=com.eduven.cg.activity.CheckSDCard, desired={app=/Users/hiteshbhardwaj/Desktop/Automation/app/canada/CGCanada.apk, appPackage=com.eduven.cg.canada, appActivity=com.eduven.cg.activity.CheckSDCard, platformVersion=4.4, appiumVersion=1.4.13, automationName=Appium, platformName=Android, deviceName=014E0F500200D002}, platformVersion=4.3, webStorageEnabled=false, locationContextEnabled=false, automationName=Appium, browserName=Android, takesScreenshot=true, javascriptEnabled=true, platformName=Android}]
Session ID: 250b5b4b-418b-46cf-85af-65c8710cbcb1
*** Element info: {Using=-android uiautomator, value=new UiScrollable(new UiSelector().scrollable(true).instance(0)).scrollIntoView(new UiSelector().description("Aero Space Museum").instance(0));new UiScrollable(new UiSelector().scrollable(true).instance(0)).scrollIntoView(new UiSelector().text("Aero Space Museum").instance(0));}
	at sun.reflect.NativeConstructorAccessorImpl.newInstance0(Native Method)
	at sun.reflect.NativeConstructorAccessorImpl.newInstance(NativeConstructorAccessorImpl.java:62)
	at sun.reflect.DelegatingConstructorAccessorImpl.newInstance(DelegatingConstructorAccessorImpl.java:45)
	at java.lang.reflect.Constructor.newInstance(Constructor.java:423)
	at org.openqa.selenium.remote.ErrorHandler.createThrowable(ErrorHandler.java:206)
	at org.openqa.selenium.remote.ErrorHandler.throwIfResponseFailed(ErrorHandler.java:158)
	at org.openqa.selenium.remote.RemoteWebDriver.execute(RemoteWebDriver.java:678)
	at io.appium.java_client.DefaultGenericMobileDriver.execute(DefaultGenericMobileDriver.java:42)
	at io.appium.java_client.AppiumDriver.execute(AppiumDriver.java:1)
	at io.appium.java_client.android.AndroidDriver.execute(AndroidDriver.java:1)
	at org.openqa.selenium.remote.RemoteWebDriver.findElement(RemoteWebDriver.java:363)
	at io.appium.java_client.android.AndroidDriver.findElementByAndroidUIAutomator(AndroidDriver.java:394)
	at io.appium.java_client.android.AndroidDriver.scrollToExact(AndroidDriver.java:149)
	at com.eduven.utils.Reusables.click_using_scroll_to_exact_txt(Reusables.java:564)
	at com.eduven.utils.Reusables.check_premium_entity(Reusables.java:429)
	at com.eduven.testcase.HistoricalHangoutsPageTestCases.historical_hangout_page_paid_entity_test(HistoricalHangoutsPageTestCases.java:52)
	at sun.reflect.NativeMethodAccessorImpl.invoke0(Native Method)
	at sun.reflect.NativeMethodAccessorImpl.invoke(NativeMethodAccessorImpl.java:62)
	at sun.reflect.DelegatingMethodAccessorImpl.invoke(DelegatingMethodAccessorImpl.java:43)
	at java.lang.reflect.Method.invoke(Method.java:498)
	at org.testng.internal.MethodInvocationHelper.invokeMethod(MethodInvocationHelper.java:85)
	at org.testng.internal.Invoker.invokeMethod(Invoker.java:639)
	at org.testng.internal.Invoker.invokeTestMethod(Invoker.java:816)
	at org.testng.internal.Invoker.invokeTestMethods(Invoker.java:1124)
	at org.testng.internal.TestMethodWorker.invokeTestMethods(TestMethodWorker.java:125)
	at org.testng.internal.TestMethodWorker.run(TestMethodWorker.java:108)
	at org.testng.TestRunner.privateRun(TestRunner.java:774)
	at org.testng.TestRunner.run(TestRunner.java:624)
	at org.testng.SuiteRunner.runTest(SuiteRunner.java:359)
	at org.testng.SuiteRunner.runSequentially(SuiteRunner.java:354)
	at org.testng.SuiteRunner.privateRun(SuiteRunner.java:312)
	at org.testng.SuiteRunner.run(SuiteRunner.java:261)
	at org.testng.SuiteRunnerWorker.runSuite(SuiteRunnerWorker.java:52)
	at org.testng.SuiteRunnerWorker.run(SuiteRunnerWorker.java:86)
	at org.testng.TestNG.runSuitesSequentially(TestNG.java:1215)
	at org.testng.TestNG.runSuitesLocally(TestNG.java:1140)
	at org.testng.TestNG.run(TestNG.java:1048)
	at com.eduven.utils.RunTestng.main(RunTestng.java:65)
]]>
    </failure>
  </testcase> <!-- historical_hangout_page_paid_entity_test -->
  <testcase name="historical_hangout_page_verify_contribute_entity" time="21.304" classname="com.eduven.testcase.HistoricalHangoutsPageTestCases"/>
  <testcase name="business_boulevards_page_test" time="64.809" classname="com.eduven.testcase.BusinessBoulevardsPageTestCases"/>
  <testcase name="business_boulevards_page_header_test" time="51.837" classname="com.eduven.testcase.BusinessBoulevardsPageTestCases"/>
  <testcase name="business_boulevards_page_entity_test" time="5.221" classname="com.eduven.testcase.BusinessBoulevardsPageTestCases"/>
  <testcase name="business_boulevards_page_free_entity_test" time="90.605" classname="com.eduven.testcase.BusinessBoulevardsPageTestCases"/>
  <testcase name="business_boulevards_page_premium_entity_test" time="76.538" classname="com.eduven.testcase.BusinessBoulevardsPageTestCases">
    <failure type="org.openqa.selenium.NoSuchElementException" message="An element could not be located on the page using the given search parameters. (WARNING: The server did not provide any stacktrace information)
Command duration or timeout: 36.21 seconds
For documentation on this error, please visit: http://seleniumhq.org/exceptions/no_such_element.html
Build info: version: &amp;apos;2.51.0&amp;apos;, revision: &amp;apos;1af067d&amp;apos;, time: &amp;apos;2016-02-05 19:15:17&amp;apos;
System info: host: &amp;apos;Akashs-Mac-mini.local&amp;apos;, ip: &amp;apos;10.30.30.97&amp;apos;, os.name: &amp;apos;Mac OS X&amp;apos;, os.arch: &amp;apos;x86_64&amp;apos;, os.version: &amp;apos;10.10.5&amp;apos;, java.version: &amp;apos;1.8.0_74&amp;apos;
Driver info: io.appium.java_client.android.AndroidDriver
Capabilities [{app=/Users/hiteshbhardwaj/Desktop/Automation/app/canada/CGCanada.apk, appPackage=com.eduven.cg.canada, networkConnectionEnabled=true, warnings={}, appiumVersion=1.4.13, databaseEnabled=false, deviceName=014E0F500200D002, platform=LINUX, appActivity=com.eduven.cg.activity.CheckSDCard, desired={app=/Users/hiteshbhardwaj/Desktop/Automation/app/canada/CGCanada.apk, appPackage=com.eduven.cg.canada, appActivity=com.eduven.cg.activity.CheckSDCard, platformVersion=4.4, appiumVersion=1.4.13, automationName=Appium, platformName=Android, deviceName=014E0F500200D002}, platformVersion=4.3, webStorageEnabled=false, locationContextEnabled=false, automationName=Appium, browserName=Android, takesScreenshot=true, javascriptEnabled=true, platformName=Android}]
Session ID: 250b5b4b-418b-46cf-85af-65c8710cbcb1
*** Element info: {Using=-android uiautomator, value=new UiScrollable(new UiSelector().scrollable(true).instance(0)).scrollIntoView(new UiSelector().description(&amp;quot;Agrium&amp;quot;).instance(0));new UiScrollable(new UiSelector().scrollable(true).instance(0)).scrollIntoView(new UiSelector().text(&amp;quot;Agrium&amp;quot;).instance(0));}">
      <![CDATA[org.openqa.selenium.NoSuchElementException: An element could not be located on the page using the given search parameters. (WARNING: The server did not provide any stacktrace information)
Command duration or timeout: 36.21 seconds
For documentation on this error, please visit: http://seleniumhq.org/exceptions/no_such_element.html
Build info: version: '2.51.0', revision: '1af067d', time: '2016-02-05 19:15:17'
System info: host: 'Akashs-Mac-mini.local', ip: '10.30.30.97', os.name: 'Mac OS X', os.arch: 'x86_64', os.version: '10.10.5', java.version: '1.8.0_74'
Driver info: io.appium.java_client.android.AndroidDriver
Capabilities [{app=/Users/hiteshbhardwaj/Desktop/Automation/app/canada/CGCanada.apk, appPackage=com.eduven.cg.canada, networkConnectionEnabled=true, warnings={}, appiumVersion=1.4.13, databaseEnabled=false, deviceName=014E0F500200D002, platform=LINUX, appActivity=com.eduven.cg.activity.CheckSDCard, desired={app=/Users/hiteshbhardwaj/Desktop/Automation/app/canada/CGCanada.apk, appPackage=com.eduven.cg.canada, appActivity=com.eduven.cg.activity.CheckSDCard, platformVersion=4.4, appiumVersion=1.4.13, automationName=Appium, platformName=Android, deviceName=014E0F500200D002}, platformVersion=4.3, webStorageEnabled=false, locationContextEnabled=false, automationName=Appium, browserName=Android, takesScreenshot=true, javascriptEnabled=true, platformName=Android}]
Session ID: 250b5b4b-418b-46cf-85af-65c8710cbcb1
*** Element info: {Using=-android uiautomator, value=new UiScrollable(new UiSelector().scrollable(true).instance(0)).scrollIntoView(new UiSelector().description("Agrium").instance(0));new UiScrollable(new UiSelector().scrollable(true).instance(0)).scrollIntoView(new UiSelector().text("Agrium").instance(0));}
	at sun.reflect.NativeConstructorAccessorImpl.newInstance0(Native Method)
	at sun.reflect.NativeConstructorAccessorImpl.newInstance(NativeConstructorAccessorImpl.java:62)
	at sun.reflect.DelegatingConstructorAccessorImpl.newInstance(DelegatingConstructorAccessorImpl.java:45)
	at java.lang.reflect.Constructor.newInstance(Constructor.java:423)
	at org.openqa.selenium.remote.ErrorHandler.createThrowable(ErrorHandler.java:206)
	at org.openqa.selenium.remote.ErrorHandler.throwIfResponseFailed(ErrorHandler.java:158)
	at org.openqa.selenium.remote.RemoteWebDriver.execute(RemoteWebDriver.java:678)
	at io.appium.java_client.DefaultGenericMobileDriver.execute(DefaultGenericMobileDriver.java:42)
	at io.appium.java_client.AppiumDriver.execute(AppiumDriver.java:1)
	at io.appium.java_client.android.AndroidDriver.execute(AndroidDriver.java:1)
	at org.openqa.selenium.remote.RemoteWebDriver.findElement(RemoteWebDriver.java:363)
	at io.appium.java_client.android.AndroidDriver.findElementByAndroidUIAutomator(AndroidDriver.java:394)
	at io.appium.java_client.android.AndroidDriver.scrollToExact(AndroidDriver.java:149)
	at com.eduven.utils.Reusables.click_using_scroll_to_exact_txt(Reusables.java:564)
	at com.eduven.utils.Reusables.check_premium_entity(Reusables.java:429)
	at com.eduven.testcase.BusinessBoulevardsPageTestCases.business_boulevards_page_premium_entity_test(BusinessBoulevardsPageTestCases.java:50)
	at sun.reflect.NativeMethodAccessorImpl.invoke0(Native Method)
	at sun.reflect.NativeMethodAccessorImpl.invoke(NativeMethodAccessorImpl.java:62)
	at sun.reflect.DelegatingMethodAccessorImpl.invoke(DelegatingMethodAccessorImpl.java:43)
	at java.lang.reflect.Method.invoke(Method.java:498)
	at org.testng.internal.MethodInvocationHelper.invokeMethod(MethodInvocationHelper.java:85)
	at org.testng.internal.Invoker.invokeMethod(Invoker.java:639)
	at org.testng.internal.Invoker.invokeTestMethod(Invoker.java:816)
	at org.testng.internal.Invoker.invokeTestMethods(Invoker.java:1124)
	at org.testng.internal.TestMethodWorker.invokeTestMethods(TestMethodWorker.java:125)
	at org.testng.internal.TestMethodWorker.run(TestMethodWorker.java:108)
	at org.testng.TestRunner.privateRun(TestRunner.java:774)
	at org.testng.TestRunner.run(TestRunner.java:624)
	at org.testng.SuiteRunner.runTest(SuiteRunner.java:359)
	at org.testng.SuiteRunner.runSequentially(SuiteRunner.java:354)
	at org.testng.SuiteRunner.privateRun(SuiteRunner.java:312)
	at org.testng.SuiteRunner.run(SuiteRunner.java:261)
	at org.testng.SuiteRunnerWorker.runSuite(SuiteRunnerWorker.java:52)
	at org.testng.SuiteRunnerWorker.run(SuiteRunnerWorker.java:86)
	at org.testng.TestNG.runSuitesSequentially(TestNG.java:1215)
	at org.testng.TestNG.runSuitesLocally(TestNG.java:1140)
	at org.testng.TestNG.run(TestNG.java:1048)
	at com.eduven.utils.RunTestng.main(RunTestng.java:65)
]]>
    </failure>
  </testcase> <!-- business_boulevards_page_premium_entity_test -->
  <testcase name="business_boulevards_page_verify_contribute_entity" time="10.887" classname="com.eduven.testcase.BusinessBoulevardsPageTestCases"/>
  <testcase name="routes_page_test" time="30.431" classname="com.eduven.testcase.RoutesPageTestCases"/>
  <testcase name="routes_page_header_test" time="28.646" classname="com.eduven.testcase.RoutesPageTestCases"/>
  <testcase name="routes_page_entity_test" time="9.827" classname="com.eduven.testcase.RoutesPageTestCases"/>
  <testcase name="routes_page_free_entity_test" time="79.365" classname="com.eduven.testcase.RoutesPageTestCases"/>
  <testcase name="routes_page_premium_entity_test" time="76.451" classname="com.eduven.testcase.RoutesPageTestCases">
    <failure type="org.openqa.selenium.NoSuchElementException" message="An element could not be located on the page using the given search parameters. (WARNING: The server did not provide any stacktrace information)
Command duration or timeout: 36.13 seconds
For documentation on this error, please visit: http://seleniumhq.org/exceptions/no_such_element.html
Build info: version: &amp;apos;2.51.0&amp;apos;, revision: &amp;apos;1af067d&amp;apos;, time: &amp;apos;2016-02-05 19:15:17&amp;apos;
System info: host: &amp;apos;Akashs-Mac-mini.local&amp;apos;, ip: &amp;apos;10.30.30.97&amp;apos;, os.name: &amp;apos;Mac OS X&amp;apos;, os.arch: &amp;apos;x86_64&amp;apos;, os.version: &amp;apos;10.10.5&amp;apos;, java.version: &amp;apos;1.8.0_74&amp;apos;
Driver info: io.appium.java_client.android.AndroidDriver
Capabilities [{app=/Users/hiteshbhardwaj/Desktop/Automation/app/canada/CGCanada.apk, appPackage=com.eduven.cg.canada, networkConnectionEnabled=true, warnings={}, appiumVersion=1.4.13, databaseEnabled=false, deviceName=014E0F500200D002, platform=LINUX, appActivity=com.eduven.cg.activity.CheckSDCard, desired={app=/Users/hiteshbhardwaj/Desktop/Automation/app/canada/CGCanada.apk, appPackage=com.eduven.cg.canada, appActivity=com.eduven.cg.activity.CheckSDCard, platformVersion=4.4, appiumVersion=1.4.13, automationName=Appium, platformName=Android, deviceName=014E0F500200D002}, platformVersion=4.3, webStorageEnabled=false, locationContextEnabled=false, automationName=Appium, browserName=Android, takesScreenshot=true, javascriptEnabled=true, platformName=Android}]
Session ID: 250b5b4b-418b-46cf-85af-65c8710cbcb1
*** Element info: {Using=-android uiautomator, value=new UiScrollable(new UiSelector().scrollable(true).instance(0)).scrollIntoView(new UiSelector().description(&amp;quot;Historic District of Old Quebec, Quebec&amp;quot;).instance(0));new UiScrollable(new UiSelector().scrollable(true).instance(0)).scrollIntoView(new UiSelector().text(&amp;quot;Historic District of Old Quebec, Quebec&amp;quot;).instance(0));}">
      <![CDATA[org.openqa.selenium.NoSuchElementException: An element could not be located on the page using the given search parameters. (WARNING: The server did not provide any stacktrace information)
Command duration or timeout: 36.13 seconds
For documentation on this error, please visit: http://seleniumhq.org/exceptions/no_such_element.html
Build info: version: '2.51.0', revision: '1af067d', time: '2016-02-05 19:15:17'
System info: host: 'Akashs-Mac-mini.local', ip: '10.30.30.97', os.name: 'Mac OS X', os.arch: 'x86_64', os.version: '10.10.5', java.version: '1.8.0_74'
Driver info: io.appium.java_client.android.AndroidDriver
Capabilities [{app=/Users/hiteshbhardwaj/Desktop/Automation/app/canada/CGCanada.apk, appPackage=com.eduven.cg.canada, networkConnectionEnabled=true, warnings={}, appiumVersion=1.4.13, databaseEnabled=false, deviceName=014E0F500200D002, platform=LINUX, appActivity=com.eduven.cg.activity.CheckSDCard, desired={app=/Users/hiteshbhardwaj/Desktop/Automation/app/canada/CGCanada.apk, appPackage=com.eduven.cg.canada, appActivity=com.eduven.cg.activity.CheckSDCard, platformVersion=4.4, appiumVersion=1.4.13, automationName=Appium, platformName=Android, deviceName=014E0F500200D002}, platformVersion=4.3, webStorageEnabled=false, locationContextEnabled=false, automationName=Appium, browserName=Android, takesScreenshot=true, javascriptEnabled=true, platformName=Android}]
Session ID: 250b5b4b-418b-46cf-85af-65c8710cbcb1
*** Element info: {Using=-android uiautomator, value=new UiScrollable(new UiSelector().scrollable(true).instance(0)).scrollIntoView(new UiSelector().description("Historic District of Old Quebec, Quebec").instance(0));new UiScrollable(new UiSelector().scrollable(true).instance(0)).scrollIntoView(new UiSelector().text("Historic District of Old Quebec, Quebec").instance(0));}
	at sun.reflect.GeneratedConstructorAccessor49.newInstance(Unknown Source)
	at sun.reflect.DelegatingConstructorAccessorImpl.newInstance(DelegatingConstructorAccessorImpl.java:45)
	at java.lang.reflect.Constructor.newInstance(Constructor.java:423)
	at org.openqa.selenium.remote.ErrorHandler.createThrowable(ErrorHandler.java:206)
	at org.openqa.selenium.remote.ErrorHandler.throwIfResponseFailed(ErrorHandler.java:158)
	at org.openqa.selenium.remote.RemoteWebDriver.execute(RemoteWebDriver.java:678)
	at io.appium.java_client.DefaultGenericMobileDriver.execute(DefaultGenericMobileDriver.java:42)
	at io.appium.java_client.AppiumDriver.execute(AppiumDriver.java:1)
	at io.appium.java_client.android.AndroidDriver.execute(AndroidDriver.java:1)
	at org.openqa.selenium.remote.RemoteWebDriver.findElement(RemoteWebDriver.java:363)
	at io.appium.java_client.android.AndroidDriver.findElementByAndroidUIAutomator(AndroidDriver.java:394)
	at io.appium.java_client.android.AndroidDriver.scrollToExact(AndroidDriver.java:149)
	at com.eduven.utils.Reusables.click_using_scroll_to_exact_txt(Reusables.java:564)
	at com.eduven.utils.Reusables.check_premium_entity(Reusables.java:429)
	at com.eduven.testcase.RoutesPageTestCases.routes_page_premium_entity_test(RoutesPageTestCases.java:50)
	at sun.reflect.NativeMethodAccessorImpl.invoke0(Native Method)
	at sun.reflect.NativeMethodAccessorImpl.invoke(NativeMethodAccessorImpl.java:62)
	at sun.reflect.DelegatingMethodAccessorImpl.invoke(DelegatingMethodAccessorImpl.java:43)
	at java.lang.reflect.Method.invoke(Method.java:498)
	at org.testng.internal.MethodInvocationHelper.invokeMethod(MethodInvocationHelper.java:85)
	at org.testng.internal.Invoker.invokeMethod(Invoker.java:639)
	at org.testng.internal.Invoker.invokeTestMethod(Invoker.java:816)
	at org.testng.internal.Invoker.invokeTestMethods(Invoker.java:1124)
	at org.testng.internal.TestMethodWorker.invokeTestMethods(TestMethodWorker.java:125)
	at org.testng.internal.TestMethodWorker.run(TestMethodWorker.java:108)
	at org.testng.TestRunner.privateRun(TestRunner.java:774)
	at org.testng.TestRunner.run(TestRunner.java:624)
	at org.testng.SuiteRunner.runTest(SuiteRunner.java:359)
	at org.testng.SuiteRunner.runSequentially(SuiteRunner.java:354)
	at org.testng.SuiteRunner.privateRun(SuiteRunner.java:312)
	at org.testng.SuiteRunner.run(SuiteRunner.java:261)
	at org.testng.SuiteRunnerWorker.runSuite(SuiteRunnerWorker.java:52)
	at org.testng.SuiteRunnerWorker.run(SuiteRunnerWorker.java:86)
	at org.testng.TestNG.runSuitesSequentially(TestNG.java:1215)
	at org.testng.TestNG.runSuitesLocally(TestNG.java:1140)
	at org.testng.TestNG.run(TestNG.java:1048)
	at com.eduven.utils.RunTestng.main(RunTestng.java:65)
]]>
    </failure>
  </testcase> <!-- routes_page_premium_entity_test -->
  <testcase name="routes_page_entity_detail_play_button_existance_test" time="80.53" classname="com.eduven.testcase.RoutesPageTestCases"/>
  <testcase name="routes_page_entity_detail_play_button_action_existance_test" time="7.309" classname="com.eduven.testcase.RoutesPageTestCases"/>
  <testcase name="routes_page_entity_detail_verify_pause_button_existance_test" time="1.273" classname="com.eduven.testcase.RoutesPageTestCases"/>
  <testcase name="routes_page_entity_detail_street_view_button_existance_test" time="1.314" classname="com.eduven.testcase.RoutesPageTestCases"/>
  <testcase name="routes_page_entity_detail_speed_up_button_existance_test" time="3.099" classname="com.eduven.testcase.RoutesPageTestCases"/>
  <testcase name="routes_page_entity_detail_pause_button_action_test" time="3.302" classname="com.eduven.testcase.RoutesPageTestCases"/>
  <testcase name="routes_page_entity_detail_street_view_button_action_test" time="3.574" classname="com.eduven.testcase.RoutesPageTestCases"/>
  <testcase name="route_page_entity_detail_select_speed_up_test" time="12.318" classname="com.eduven.testcase.RoutesPageTestCases"/>
  <testcase name="route_page_entity_detail_verify_coordinates_test" time="61.279" classname="com.eduven.testcase.RoutesPageTestCases">
    <failure type="org.openqa.selenium.NoSuchElementException" message="An element could not be located on the page using the given search parameters. (WARNING: The server did not provide any stacktrace information)
Command duration or timeout: 30.23 seconds
For documentation on this error, please visit: http://seleniumhq.org/exceptions/no_such_element.html
Build info: version: &amp;apos;2.51.0&amp;apos;, revision: &amp;apos;1af067d&amp;apos;, time: &amp;apos;2016-02-05 19:15:17&amp;apos;
System info: host: &amp;apos;Akashs-Mac-mini.local&amp;apos;, ip: &amp;apos;10.30.30.97&amp;apos;, os.name: &amp;apos;Mac OS X&amp;apos;, os.arch: &amp;apos;x86_64&amp;apos;, os.version: &amp;apos;10.10.5&amp;apos;, java.version: &amp;apos;1.8.0_74&amp;apos;
Driver info: io.appium.java_client.android.AndroidDriver
Capabilities [{app=/Users/hiteshbhardwaj/Desktop/Automation/app/canada/CGCanada.apk, appPackage=com.eduven.cg.canada, networkConnectionEnabled=true, warnings={}, appiumVersion=1.4.13, databaseEnabled=false, deviceName=014E0F500200D002, platform=LINUX, appActivity=com.eduven.cg.activity.CheckSDCard, desired={app=/Users/hiteshbhardwaj/Desktop/Automation/app/canada/CGCanada.apk, appPackage=com.eduven.cg.canada, appActivity=com.eduven.cg.activity.CheckSDCard, platformVersion=4.4, appiumVersion=1.4.13, automationName=Appium, platformName=Android, deviceName=014E0F500200D002}, platformVersion=4.3, webStorageEnabled=false, locationContextEnabled=false, automationName=Appium, browserName=Android, takesScreenshot=true, javascriptEnabled=true, platformName=Android}]
Session ID: 250b5b4b-418b-46cf-85af-65c8710cbcb1
*** Element info: {Using=xpath, value=//UIAButton[starts-with(@name, &amp;apos;GMSMarker&amp;apos;)][0]}">
      <![CDATA[org.openqa.selenium.NoSuchElementException: An element could not be located on the page using the given search parameters. (WARNING: The server did not provide any stacktrace information)
Command duration or timeout: 30.23 seconds
For documentation on this error, please visit: http://seleniumhq.org/exceptions/no_such_element.html
Build info: version: '2.51.0', revision: '1af067d', time: '2016-02-05 19:15:17'
System info: host: 'Akashs-Mac-mini.local', ip: '10.30.30.97', os.name: 'Mac OS X', os.arch: 'x86_64', os.version: '10.10.5', java.version: '1.8.0_74'
Driver info: io.appium.java_client.android.AndroidDriver
Capabilities [{app=/Users/hiteshbhardwaj/Desktop/Automation/app/canada/CGCanada.apk, appPackage=com.eduven.cg.canada, networkConnectionEnabled=true, warnings={}, appiumVersion=1.4.13, databaseEnabled=false, deviceName=014E0F500200D002, platform=LINUX, appActivity=com.eduven.cg.activity.CheckSDCard, desired={app=/Users/hiteshbhardwaj/Desktop/Automation/app/canada/CGCanada.apk, appPackage=com.eduven.cg.canada, appActivity=com.eduven.cg.activity.CheckSDCard, platformVersion=4.4, appiumVersion=1.4.13, automationName=Appium, platformName=Android, deviceName=014E0F500200D002}, platformVersion=4.3, webStorageEnabled=false, locationContextEnabled=false, automationName=Appium, browserName=Android, takesScreenshot=true, javascriptEnabled=true, platformName=Android}]
Session ID: 250b5b4b-418b-46cf-85af-65c8710cbcb1
*** Element info: {Using=xpath, value=//UIAButton[starts-with(@name, 'GMSMarker')][0]}
	at sun.reflect.GeneratedConstructorAccessor49.newInstance(Unknown Source)
	at sun.reflect.DelegatingConstructorAccessorImpl.newInstance(DelegatingConstructorAccessorImpl.java:45)
	at java.lang.reflect.Constructor.newInstance(Constructor.java:423)
	at org.openqa.selenium.remote.ErrorHandler.createThrowable(ErrorHandler.java:206)
	at org.openqa.selenium.remote.ErrorHandler.throwIfResponseFailed(ErrorHandler.java:158)
	at org.openqa.selenium.remote.RemoteWebDriver.execute(RemoteWebDriver.java:678)
	at io.appium.java_client.DefaultGenericMobileDriver.execute(DefaultGenericMobileDriver.java:42)
	at io.appium.java_client.AppiumDriver.execute(AppiumDriver.java:1)
	at io.appium.java_client.android.AndroidDriver.execute(AndroidDriver.java:1)
	at org.openqa.selenium.remote.RemoteWebDriver.findElement(RemoteWebDriver.java:363)
	at org.openqa.selenium.remote.RemoteWebDriver.findElementByXPath(RemoteWebDriver.java:500)
	at io.appium.java_client.DefaultGenericMobileDriver.findElementByXPath(DefaultGenericMobileDriver.java:132)
	at io.appium.java_client.AppiumDriver.findElementByXPath(AppiumDriver.java:1)
	at io.appium.java_client.android.AndroidDriver.findElementByXPath(AndroidDriver.java:1)
	at org.openqa.selenium.By$ByXPath.findElement(By.java:361)
	at org.openqa.selenium.remote.RemoteWebDriver.findElement(RemoteWebDriver.java:355)
	at io.appium.java_client.DefaultGenericMobileDriver.findElement(DefaultGenericMobileDriver.java:52)
	at io.appium.java_client.AppiumDriver.findElement(AppiumDriver.java:1)
	at io.appium.java_client.android.AndroidDriver.findElement(AndroidDriver.java:1)
	at com.eduven.utils.Reusables.get_element(Reusables.java:399)
	at com.eduven.modules.Routes.get_gsm_coordinate_value(Routes.java:256)
	at com.eduven.testcase.RoutesPageTestCases.route_page_entity_detail_verify_coordinates_test(RoutesPageTestCases.java:102)
	at sun.reflect.NativeMethodAccessorImpl.invoke0(Native Method)
	at sun.reflect.NativeMethodAccessorImpl.invoke(NativeMethodAccessorImpl.java:62)
	at sun.reflect.DelegatingMethodAccessorImpl.invoke(DelegatingMethodAccessorImpl.java:43)
	at java.lang.reflect.Method.invoke(Method.java:498)
	at org.testng.internal.MethodInvocationHelper.invokeMethod(MethodInvocationHelper.java:85)
	at org.testng.internal.Invoker.invokeMethod(Invoker.java:639)
	at org.testng.internal.Invoker.invokeTestMethod(Invoker.java:816)
	at org.testng.internal.Invoker.invokeTestMethods(Invoker.java:1124)
	at org.testng.internal.TestMethodWorker.invokeTestMethods(TestMethodWorker.java:125)
	at org.testng.internal.TestMethodWorker.run(TestMethodWorker.java:108)
	at org.testng.TestRunner.privateRun(TestRunner.java:774)
	at org.testng.TestRunner.run(TestRunner.java:624)
	at org.testng.SuiteRunner.runTest(SuiteRunner.java:359)
	at org.testng.SuiteRunner.runSequentially(SuiteRunner.java:354)
	at org.testng.SuiteRunner.privateRun(SuiteRunner.java:312)
	at org.testng.SuiteRunner.run(SuiteRunner.java:261)
	at org.testng.SuiteRunnerWorker.runSuite(SuiteRunnerWorker.java:52)
	at org.testng.SuiteRunnerWorker.run(SuiteRunnerWorker.java:86)
	at org.testng.TestNG.runSuitesSequentially(TestNG.java:1215)
	at org.testng.TestNG.runSuitesLocally(TestNG.java:1140)
	at org.testng.TestNG.run(TestNG.java:1048)
	at com.eduven.utils.RunTestng.main(RunTestng.java:65)
]]>
    </failure>
  </testcase> <!-- route_page_entity_detail_verify_coordinates_test -->
  <testcase name="art_aficionados_page_test" time="64.625" classname="com.eduven.testcase.ArtAficionadosPageTestCases"/>
  <testcase name="art_aficionados_page_header_test" time="46.188" classname="com.eduven.testcase.ArtAficionadosPageTestCases"/>
  <testcase name="art_aficionados_page_entity_test" time="36.122" classname="com.eduven.testcase.ArtAficionadosPageTestCases"/>
  <testcase name="art_aficionados_page_free_entity_test" time="115.413" classname="com.eduven.testcase.ArtAficionadosPageTestCases"/>
  <testcase name="art_aficionados_page_premium_entity_test" time="164.078" classname="com.eduven.testcase.ArtAficionadosPageTestCases"/>
  <testcase name="art_aficionados_page_verify_contribute_entity" time="20.741" classname="com.eduven.testcase.ArtAficionadosPageTestCases"/>
  <testcase name="category_page_test" time="64.451" classname="com.eduven.testcase.CategoriesPageTestcases"/>
  <testcase name="home_page_test" time="64.359" classname="com.eduven.testcase.WildlifeWanderingsPageTestCases"/>
  <testcase name="wildlife_wanderings_page_header_test" time="51.044" classname="com.eduven.testcase.WildlifeWanderingsPageTestCases"/>
  <testcase name="willife_wanderings_page_entity_test" time="8.168" classname="com.eduven.testcase.WildlifeWanderingsPageTestCases"/>
  <testcase name="wildlife_wanderings_page_free_entity_test" time="113.973" classname="com.eduven.testcase.WildlifeWanderingsPageTestCases"/>
  <testcase name="wildlife_wanderings_page_premium_entity_test" time="69.857" classname="com.eduven.testcase.WildlifeWanderingsPageTestCases"/>
  <testcase name="wildlife_wanderings_page_verfiy_contribute_entity_test" time="58.799" classname="com.eduven.testcase.WildlifeWanderingsPageTestCases"/>
  <testcase name="home_page_splash_screen_test" time="64.174" classname="com.eduven.testcase.HomePageTestCases"/>
  <testcase name="home_page_app_header_txt_test" time="1.459" classname="com.eduven.testcase.HomePageTestCases"/>
  <testcase name="home_page_header_txt_test" time="0.23" classname="com.eduven.testcase.HomePageTestCases"/>
  <testcase name="home_page_ev_menu_test" time="0.239" classname="com.eduven.testcase.HomePageTestCases"/>
  <testcase name="home_page_categories_test" time="0.228" classname="com.eduven.testcase.HomePageTestCases"/>
  <testcase name="home_page_cities_test" time="3.644" classname="com.eduven.testcase.HomePageTestCases"/>
  <testcase name="home_page_evMenu_test" time="0.25" classname="com.eduven.testcase.HomePageTestCases"/>
  <testcase name="sports_page_test" time="64.332" classname="com.eduven.testcase.SportsPageTestCases"/>
  <testcase name="sports_page_header_test" time="36.818" classname="com.eduven.testcase.SportsPageTestCases"/>
  <testcase name="sports_page_entity_test" time="13.119" classname="com.eduven.testcase.SportsPageTestCases"/>
  <testcase name="sports_page_free_entity_test" time="584.067" classname="com.eduven.testcase.SportsPageTestCases">
    <failure type="org.openqa.selenium.NoSuchElementException" message="An element could not be located on the page using the given search parameters. (WARNING: The server did not provide any stacktrace information)
Command duration or timeout: 568.83 seconds
For documentation on this error, please visit: http://seleniumhq.org/exceptions/no_such_element.html
Build info: version: &amp;apos;2.51.0&amp;apos;, revision: &amp;apos;1af067d&amp;apos;, time: &amp;apos;2016-02-05 19:15:17&amp;apos;
System info: host: &amp;apos;Akashs-Mac-mini.local&amp;apos;, ip: &amp;apos;10.30.30.97&amp;apos;, os.name: &amp;apos;Mac OS X&amp;apos;, os.arch: &amp;apos;x86_64&amp;apos;, os.version: &amp;apos;10.10.5&amp;apos;, java.version: &amp;apos;1.8.0_74&amp;apos;
Driver info: io.appium.java_client.android.AndroidDriver
Capabilities [{app=/Users/hiteshbhardwaj/Desktop/Automation/app/canada/CGCanada.apk, appPackage=com.eduven.cg.canada, networkConnectionEnabled=true, warnings={}, appiumVersion=1.4.13, databaseEnabled=false, deviceName=014E0F500200D002, platform=LINUX, appActivity=com.eduven.cg.activity.CheckSDCard, desired={app=/Users/hiteshbhardwaj/Desktop/Automation/app/canada/CGCanada.apk, appPackage=com.eduven.cg.canada, appActivity=com.eduven.cg.activity.CheckSDCard, platformVersion=4.4, appiumVersion=1.4.13, automationName=Appium, platformName=Android, deviceName=014E0F500200D002}, platformVersion=4.3, webStorageEnabled=false, locationContextEnabled=false, automationName=Appium, browserName=Android, takesScreenshot=true, javascriptEnabled=true, platformName=Android}]
Session ID: 250b5b4b-418b-46cf-85af-65c8710cbcb1
*** Element info: {Using=-android uiautomator, value=new UiScrollable(new UiSelector().scrollable(true).instance(0)).scrollIntoView(new UiSelector().description(&amp;quot;Acadia Recreation Complex Ice Skating...&amp;quot;).instance(0));new UiScrollable(new UiSelector().scrollable(true).instance(0)).scrollIntoView(new UiSelector().text(&amp;quot;Acadia Recreation Complex Ice Skating...&amp;quot;).instance(0));}">
      <![CDATA[org.openqa.selenium.NoSuchElementException: An element could not be located on the page using the given search parameters. (WARNING: The server did not provide any stacktrace information)
Command duration or timeout: 568.83 seconds
For documentation on this error, please visit: http://seleniumhq.org/exceptions/no_such_element.html
Build info: version: '2.51.0', revision: '1af067d', time: '2016-02-05 19:15:17'
System info: host: 'Akashs-Mac-mini.local', ip: '10.30.30.97', os.name: 'Mac OS X', os.arch: 'x86_64', os.version: '10.10.5', java.version: '1.8.0_74'
Driver info: io.appium.java_client.android.AndroidDriver
Capabilities [{app=/Users/hiteshbhardwaj/Desktop/Automation/app/canada/CGCanada.apk, appPackage=com.eduven.cg.canada, networkConnectionEnabled=true, warnings={}, appiumVersion=1.4.13, databaseEnabled=false, deviceName=014E0F500200D002, platform=LINUX, appActivity=com.eduven.cg.activity.CheckSDCard, desired={app=/Users/hiteshbhardwaj/Desktop/Automation/app/canada/CGCanada.apk, appPackage=com.eduven.cg.canada, appActivity=com.eduven.cg.activity.CheckSDCard, platformVersion=4.4, appiumVersion=1.4.13, automationName=Appium, platformName=Android, deviceName=014E0F500200D002}, platformVersion=4.3, webStorageEnabled=false, locationContextEnabled=false, automationName=Appium, browserName=Android, takesScreenshot=true, javascriptEnabled=true, platformName=Android}]
Session ID: 250b5b4b-418b-46cf-85af-65c8710cbcb1
*** Element info: {Using=-android uiautomator, value=new UiScrollable(new UiSelector().scrollable(true).instance(0)).scrollIntoView(new UiSelector().description("Acadia Recreation Complex Ice Skating...").instance(0));new UiScrollable(new UiSelector().scrollable(true).instance(0)).scrollIntoView(new UiSelector().text("Acadia Recreation Complex Ice Skating...").instance(0));}
	at sun.reflect.NativeConstructorAccessorImpl.newInstance0(Native Method)
	at sun.reflect.NativeConstructorAccessorImpl.newInstance(NativeConstructorAccessorImpl.java:62)
	at sun.reflect.DelegatingConstructorAccessorImpl.newInstance(DelegatingConstructorAccessorImpl.java:45)
	at java.lang.reflect.Constructor.newInstance(Constructor.java:423)
	at org.openqa.selenium.remote.ErrorHandler.createThrowable(ErrorHandler.java:206)
	at org.openqa.selenium.remote.ErrorHandler.throwIfResponseFailed(ErrorHandler.java:158)
	at org.openqa.selenium.remote.RemoteWebDriver.execute(RemoteWebDriver.java:678)
	at io.appium.java_client.DefaultGenericMobileDriver.execute(DefaultGenericMobileDriver.java:42)
	at io.appium.java_client.AppiumDriver.execute(AppiumDriver.java:1)
	at io.appium.java_client.android.AndroidDriver.execute(AndroidDriver.java:1)
	at org.openqa.selenium.remote.RemoteWebDriver.findElement(RemoteWebDriver.java:363)
	at io.appium.java_client.android.AndroidDriver.findElementByAndroidUIAutomator(AndroidDriver.java:394)
	at io.appium.java_client.android.AndroidDriver.scrollToExact(AndroidDriver.java:149)
	at com.eduven.utils.Reusables.click_using_scroll_to_exact_txt(Reusables.java:564)
	at com.eduven.utils.Reusables.check_free_entity(Reusables.java:456)
	at com.eduven.testcase.SportsPageTestCases.sports_page_free_entity_test(SportsPageTestCases.java:43)
	at sun.reflect.NativeMethodAccessorImpl.invoke0(Native Method)
	at sun.reflect.NativeMethodAccessorImpl.invoke(NativeMethodAccessorImpl.java:62)
	at sun.reflect.DelegatingMethodAccessorImpl.invoke(DelegatingMethodAccessorImpl.java:43)
	at java.lang.reflect.Method.invoke(Method.java:498)
	at org.testng.internal.MethodInvocationHelper.invokeMethod(MethodInvocationHelper.java:85)
	at org.testng.internal.Invoker.invokeMethod(Invoker.java:639)
	at org.testng.internal.Invoker.invokeTestMethod(Invoker.java:816)
	at org.testng.internal.Invoker.invokeTestMethods(Invoker.java:1124)
	at org.testng.internal.TestMethodWorker.invokeTestMethods(TestMethodWorker.java:125)
	at org.testng.internal.TestMethodWorker.run(TestMethodWorker.java:108)
	at org.testng.TestRunner.privateRun(TestRunner.java:774)
	at org.testng.TestRunner.run(TestRunner.java:624)
	at org.testng.SuiteRunner.runTest(SuiteRunner.java:359)
	at org.testng.SuiteRunner.runSequentially(SuiteRunner.java:354)
	at org.testng.SuiteRunner.privateRun(SuiteRunner.java:312)
	at org.testng.SuiteRunner.run(SuiteRunner.java:261)
	at org.testng.SuiteRunnerWorker.runSuite(SuiteRunnerWorker.java:52)
	at org.testng.SuiteRunnerWorker.run(SuiteRunnerWorker.java:86)
	at org.testng.TestNG.runSuitesSequentially(TestNG.java:1215)
	at org.testng.TestNG.runSuitesLocally(TestNG.java:1140)
	at org.testng.TestNG.run(TestNG.java:1048)
	at com.eduven.utils.RunTestng.main(RunTestng.java:65)
]]>
    </failure>
  </testcase> <!-- sports_page_free_entity_test -->
  <testcase name="sports_page_premium_entity_test" time="90.53" classname="com.eduven.testcase.SportsPageTestCases">
    <failure type="org.openqa.selenium.NoSuchElementException" message="An element could not be located on the page using the given search parameters. (WARNING: The server did not provide any stacktrace information)
Command duration or timeout: 50.15 seconds
For documentation on this error, please visit: http://seleniumhq.org/exceptions/no_such_element.html
Build info: version: &amp;apos;2.51.0&amp;apos;, revision: &amp;apos;1af067d&amp;apos;, time: &amp;apos;2016-02-05 19:15:17&amp;apos;
System info: host: &amp;apos;Akashs-Mac-mini.local&amp;apos;, ip: &amp;apos;10.30.30.97&amp;apos;, os.name: &amp;apos;Mac OS X&amp;apos;, os.arch: &amp;apos;x86_64&amp;apos;, os.version: &amp;apos;10.10.5&amp;apos;, java.version: &amp;apos;1.8.0_74&amp;apos;
Driver info: io.appium.java_client.android.AndroidDriver
Capabilities [{app=/Users/hiteshbhardwaj/Desktop/Automation/app/canada/CGCanada.apk, appPackage=com.eduven.cg.canada, networkConnectionEnabled=true, warnings={}, appiumVersion=1.4.13, databaseEnabled=false, deviceName=014E0F500200D002, platform=LINUX, appActivity=com.eduven.cg.activity.CheckSDCard, desired={app=/Users/hiteshbhardwaj/Desktop/Automation/app/canada/CGCanada.apk, appPackage=com.eduven.cg.canada, appActivity=com.eduven.cg.activity.CheckSDCard, platformVersion=4.4, appiumVersion=1.4.13, automationName=Appium, platformName=Android, deviceName=014E0F500200D002}, platformVersion=4.3, webStorageEnabled=false, locationContextEnabled=false, automationName=Appium, browserName=Android, takesScreenshot=true, javascriptEnabled=true, platformName=Android}]
Session ID: 250b5b4b-418b-46cf-85af-65c8710cbcb1
*** Element info: {Using=-android uiautomator, value=new UiScrollable(new UiSelector().scrollable(true).instance(0)).scrollIntoView(new UiSelector().description(&amp;quot;Lynn Valley Trail&amp;quot;).instance(0));new UiScrollable(new UiSelector().scrollable(true).instance(0)).scrollIntoView(new UiSelector().text(&amp;quot;Lynn Valley Trail&amp;quot;).instance(0));}">
      <![CDATA[org.openqa.selenium.NoSuchElementException: An element could not be located on the page using the given search parameters. (WARNING: The server did not provide any stacktrace information)
Command duration or timeout: 50.15 seconds
For documentation on this error, please visit: http://seleniumhq.org/exceptions/no_such_element.html
Build info: version: '2.51.0', revision: '1af067d', time: '2016-02-05 19:15:17'
System info: host: 'Akashs-Mac-mini.local', ip: '10.30.30.97', os.name: 'Mac OS X', os.arch: 'x86_64', os.version: '10.10.5', java.version: '1.8.0_74'
Driver info: io.appium.java_client.android.AndroidDriver
Capabilities [{app=/Users/hiteshbhardwaj/Desktop/Automation/app/canada/CGCanada.apk, appPackage=com.eduven.cg.canada, networkConnectionEnabled=true, warnings={}, appiumVersion=1.4.13, databaseEnabled=false, deviceName=014E0F500200D002, platform=LINUX, appActivity=com.eduven.cg.activity.CheckSDCard, desired={app=/Users/hiteshbhardwaj/Desktop/Automation/app/canada/CGCanada.apk, appPackage=com.eduven.cg.canada, appActivity=com.eduven.cg.activity.CheckSDCard, platformVersion=4.4, appiumVersion=1.4.13, automationName=Appium, platformName=Android, deviceName=014E0F500200D002}, platformVersion=4.3, webStorageEnabled=false, locationContextEnabled=false, automationName=Appium, browserName=Android, takesScreenshot=true, javascriptEnabled=true, platformName=Android}]
Session ID: 250b5b4b-418b-46cf-85af-65c8710cbcb1
*** Element info: {Using=-android uiautomator, value=new UiScrollable(new UiSelector().scrollable(true).instance(0)).scrollIntoView(new UiSelector().description("Lynn Valley Trail").instance(0));new UiScrollable(new UiSelector().scrollable(true).instance(0)).scrollIntoView(new UiSelector().text("Lynn Valley Trail").instance(0));}
	at sun.reflect.NativeConstructorAccessorImpl.newInstance0(Native Method)
	at sun.reflect.NativeConstructorAccessorImpl.newInstance(NativeConstructorAccessorImpl.java:62)
	at sun.reflect.DelegatingConstructorAccessorImpl.newInstance(DelegatingConstructorAccessorImpl.java:45)
	at java.lang.reflect.Constructor.newInstance(Constructor.java:423)
	at org.openqa.selenium.remote.ErrorHandler.createThrowable(ErrorHandler.java:206)
	at org.openqa.selenium.remote.ErrorHandler.throwIfResponseFailed(ErrorHandler.java:158)
	at org.openqa.selenium.remote.RemoteWebDriver.execute(RemoteWebDriver.java:678)
	at io.appium.java_client.DefaultGenericMobileDriver.execute(DefaultGenericMobileDriver.java:42)
	at io.appium.java_client.AppiumDriver.execute(AppiumDriver.java:1)
	at io.appium.java_client.android.AndroidDriver.execute(AndroidDriver.java:1)
	at org.openqa.selenium.remote.RemoteWebDriver.findElement(RemoteWebDriver.java:363)
	at io.appium.java_client.android.AndroidDriver.findElementByAndroidUIAutomator(AndroidDriver.java:394)
	at io.appium.java_client.android.AndroidDriver.scrollToExact(AndroidDriver.java:149)
	at com.eduven.utils.Reusables.click_using_scroll_to_exact_txt(Reusables.java:564)
	at com.eduven.utils.Reusables.check_premium_entity(Reusables.java:429)
	at com.eduven.testcase.SportsPageTestCases.sports_page_premium_entity_test(SportsPageTestCases.java:50)
	at sun.reflect.NativeMethodAccessorImpl.invoke0(Native Method)
	at sun.reflect.NativeMethodAccessorImpl.invoke(NativeMethodAccessorImpl.java:62)
	at sun.reflect.DelegatingMethodAccessorImpl.invoke(DelegatingMethodAccessorImpl.java:43)
	at java.lang.reflect.Method.invoke(Method.java:498)
	at org.testng.internal.MethodInvocationHelper.invokeMethod(MethodInvocationHelper.java:85)
	at org.testng.internal.Invoker.invokeMethod(Invoker.java:639)
	at org.testng.internal.Invoker.invokeTestMethod(Invoker.java:816)
	at org.testng.internal.Invoker.invokeTestMethods(Invoker.java:1124)
	at org.testng.internal.TestMethodWorker.invokeTestMethods(TestMethodWorker.java:125)
	at org.testng.internal.TestMethodWorker.run(TestMethodWorker.java:108)
	at org.testng.TestRunner.privateRun(TestRunner.java:774)
	at org.testng.TestRunner.run(TestRunner.java:624)
	at org.testng.SuiteRunner.runTest(SuiteRunner.java:359)
	at org.testng.SuiteRunner.runSequentially(SuiteRunner.java:354)
	at org.testng.SuiteRunner.privateRun(SuiteRunner.java:312)
	at org.testng.SuiteRunner.run(SuiteRunner.java:261)
	at org.testng.SuiteRunnerWorker.runSuite(SuiteRunnerWorker.java:52)
	at org.testng.SuiteRunnerWorker.run(SuiteRunnerWorker.java:86)
	at org.testng.TestNG.runSuitesSequentially(TestNG.java:1215)
	at org.testng.TestNG.runSuitesLocally(TestNG.java:1140)
	at org.testng.TestNG.run(TestNG.java:1048)
	at com.eduven.utils.RunTestng.main(RunTestng.java:65)
]]>
    </failure>
  </testcase> <!-- sports_page_premium_entity_test -->
  <testcase name="sports_page_verify_contribute_entity_test" time="59.896" classname="com.eduven.testcase.SportsPageTestCases"/>
  <testcase name="wildlife_page_test" time="66.646" classname="com.eduven.testcase.WildlifePageTestCases"/>
  <testcase name="wildlife_page_header_test" time="37.659" classname="com.eduven.testcase.WildlifePageTestCases"/>
  <testcase name="wildlife_page_entity_test" time="10.143" classname="com.eduven.testcase.WildlifePageTestCases"/>
  <testcase name="wildlif_page_free_entity_test" time="84.225" classname="com.eduven.testcase.WildlifePageTestCases"/>
  <testcase name="wildlif_page_premium_entity_test" time="96.345" classname="com.eduven.testcase.WildlifePageTestCases">
    <failure type="org.openqa.selenium.NoSuchElementException" message="An element could not be located on the page using the given search parameters. (WARNING: The server did not provide any stacktrace information)
Command duration or timeout: 46.92 seconds
For documentation on this error, please visit: http://seleniumhq.org/exceptions/no_such_element.html
Build info: version: &amp;apos;2.51.0&amp;apos;, revision: &amp;apos;1af067d&amp;apos;, time: &amp;apos;2016-02-05 19:15:17&amp;apos;
System info: host: &amp;apos;Akashs-Mac-mini.local&amp;apos;, ip: &amp;apos;10.30.30.97&amp;apos;, os.name: &amp;apos;Mac OS X&amp;apos;, os.arch: &amp;apos;x86_64&amp;apos;, os.version: &amp;apos;10.10.5&amp;apos;, java.version: &amp;apos;1.8.0_74&amp;apos;
Driver info: io.appium.java_client.android.AndroidDriver
Capabilities [{app=/Users/hiteshbhardwaj/Desktop/Automation/app/canada/CGCanada.apk, appPackage=com.eduven.cg.canada, networkConnectionEnabled=true, warnings={}, appiumVersion=1.4.13, databaseEnabled=false, deviceName=014E0F500200D002, platform=LINUX, appActivity=com.eduven.cg.activity.CheckSDCard, desired={app=/Users/hiteshbhardwaj/Desktop/Automation/app/canada/CGCanada.apk, appPackage=com.eduven.cg.canada, appActivity=com.eduven.cg.activity.CheckSDCard, platformVersion=4.4, appiumVersion=1.4.13, automationName=Appium, platformName=Android, deviceName=014E0F500200D002}, platformVersion=4.3, webStorageEnabled=false, locationContextEnabled=false, automationName=Appium, browserName=Android, takesScreenshot=true, javascriptEnabled=true, platformName=Android}]
Session ID: 250b5b4b-418b-46cf-85af-65c8710cbcb1
*** Element info: {Using=-android uiautomator, value=new UiScrollable(new UiSelector().scrollable(true).instance(0)).scrollIntoView(new UiSelector().description(&amp;quot;American Goldfinch&amp;quot;).instance(0));new UiScrollable(new UiSelector().scrollable(true).instance(0)).scrollIntoView(new UiSelector().text(&amp;quot;American Goldfinch&amp;quot;).instance(0));}">
      <![CDATA[org.openqa.selenium.NoSuchElementException: An element could not be located on the page using the given search parameters. (WARNING: The server did not provide any stacktrace information)
Command duration or timeout: 46.92 seconds
For documentation on this error, please visit: http://seleniumhq.org/exceptions/no_such_element.html
Build info: version: '2.51.0', revision: '1af067d', time: '2016-02-05 19:15:17'
System info: host: 'Akashs-Mac-mini.local', ip: '10.30.30.97', os.name: 'Mac OS X', os.arch: 'x86_64', os.version: '10.10.5', java.version: '1.8.0_74'
Driver info: io.appium.java_client.android.AndroidDriver
Capabilities [{app=/Users/hiteshbhardwaj/Desktop/Automation/app/canada/CGCanada.apk, appPackage=com.eduven.cg.canada, networkConnectionEnabled=true, warnings={}, appiumVersion=1.4.13, databaseEnabled=false, deviceName=014E0F500200D002, platform=LINUX, appActivity=com.eduven.cg.activity.CheckSDCard, desired={app=/Users/hiteshbhardwaj/Desktop/Automation/app/canada/CGCanada.apk, appPackage=com.eduven.cg.canada, appActivity=com.eduven.cg.activity.CheckSDCard, platformVersion=4.4, appiumVersion=1.4.13, automationName=Appium, platformName=Android, deviceName=014E0F500200D002}, platformVersion=4.3, webStorageEnabled=false, locationContextEnabled=false, automationName=Appium, browserName=Android, takesScreenshot=true, javascriptEnabled=true, platformName=Android}]
Session ID: 250b5b4b-418b-46cf-85af-65c8710cbcb1
*** Element info: {Using=-android uiautomator, value=new UiScrollable(new UiSelector().scrollable(true).instance(0)).scrollIntoView(new UiSelector().description("American Goldfinch").instance(0));new UiScrollable(new UiSelector().scrollable(true).instance(0)).scrollIntoView(new UiSelector().text("American Goldfinch").instance(0));}
	at sun.reflect.GeneratedConstructorAccessor50.newInstance(Unknown Source)
	at sun.reflect.DelegatingConstructorAccessorImpl.newInstance(DelegatingConstructorAccessorImpl.java:45)
	at java.lang.reflect.Constructor.newInstance(Constructor.java:423)
	at org.openqa.selenium.remote.ErrorHandler.createThrowable(ErrorHandler.java:206)
	at org.openqa.selenium.remote.ErrorHandler.throwIfResponseFailed(ErrorHandler.java:158)
	at org.openqa.selenium.remote.RemoteWebDriver.execute(RemoteWebDriver.java:678)
	at io.appium.java_client.DefaultGenericMobileDriver.execute(DefaultGenericMobileDriver.java:42)
	at io.appium.java_client.AppiumDriver.execute(AppiumDriver.java:1)
	at io.appium.java_client.android.AndroidDriver.execute(AndroidDriver.java:1)
	at org.openqa.selenium.remote.RemoteWebDriver.findElement(RemoteWebDriver.java:363)
	at io.appium.java_client.android.AndroidDriver.findElementByAndroidUIAutomator(AndroidDriver.java:394)
	at io.appium.java_client.android.AndroidDriver.scrollToExact(AndroidDriver.java:149)
	at com.eduven.utils.Reusables.click_using_scroll_to_exact_txt(Reusables.java:564)
	at com.eduven.utils.Reusables.check_premium_entity(Reusables.java:429)
	at com.eduven.testcase.WildlifePageTestCases.wildlif_page_premium_entity_test(WildlifePageTestCases.java:50)
	at sun.reflect.NativeMethodAccessorImpl.invoke0(Native Method)
	at sun.reflect.NativeMethodAccessorImpl.invoke(NativeMethodAccessorImpl.java:62)
	at sun.reflect.DelegatingMethodAccessorImpl.invoke(DelegatingMethodAccessorImpl.java:43)
	at java.lang.reflect.Method.invoke(Method.java:498)
	at org.testng.internal.MethodInvocationHelper.invokeMethod(MethodInvocationHelper.java:85)
	at org.testng.internal.Invoker.invokeMethod(Invoker.java:639)
	at org.testng.internal.Invoker.invokeTestMethod(Invoker.java:816)
	at org.testng.internal.Invoker.invokeTestMethods(Invoker.java:1124)
	at org.testng.internal.TestMethodWorker.invokeTestMethods(TestMethodWorker.java:125)
	at org.testng.internal.TestMethodWorker.run(TestMethodWorker.java:108)
	at org.testng.TestRunner.privateRun(TestRunner.java:774)
	at org.testng.TestRunner.run(TestRunner.java:624)
	at org.testng.SuiteRunner.runTest(SuiteRunner.java:359)
	at org.testng.SuiteRunner.runSequentially(SuiteRunner.java:354)
	at org.testng.SuiteRunner.privateRun(SuiteRunner.java:312)
	at org.testng.SuiteRunner.run(SuiteRunner.java:261)
	at org.testng.SuiteRunnerWorker.runSuite(SuiteRunnerWorker.java:52)
	at org.testng.SuiteRunnerWorker.run(SuiteRunnerWorker.java:86)
	at org.testng.TestNG.runSuitesSequentially(TestNG.java:1215)
	at org.testng.TestNG.runSuitesLocally(TestNG.java:1140)
	at org.testng.TestNG.run(TestNG.java:1048)
	at com.eduven.utils.RunTestng.main(RunTestng.java:65)
]]>
    </failure>
  </testcase> <!-- wildlif_page_premium_entity_test -->
  <testcase name="wildlife_page_verify_contribute_entity_test" time="46.804" classname="com.eduven.testcase.WildlifePageTestCases"/>
  <testcase name="cities_page_splash_screen_test" time="64.185" classname="com.eduven.testcase.CitiesPageTestCases"/>
  <testcase name="cities_page_icon_test" time="1.958" classname="com.eduven.testcase.CitiesPageTestCases"/>
  <testcase name="cities_page_entity_test" time="52.548" classname="com.eduven.testcase.CitiesPageTestCases"/>
  <testcase name="cities_page_click_random_cities_test" time="64.715" classname="com.eduven.testcase.CitiesPageTestCases"/>
  <testcase name="cities_page_verify_contribute_entity_test" time="12.734" classname="com.eduven.testcase.CitiesPageTestCases"/>
  <testcase name="transportation_page_test" time="64.273" classname="com.eduven.testcase.TransportationPageTestCases"/>
  <testcase name="transportation_page_header_test" time="57.079" classname="com.eduven.testcase.TransportationPageTestCases"/>
  <testcase name="transportation_page_entity_test" time="37.534" classname="com.eduven.testcase.TransportationPageTestCases"/>
  <testcase name="transportation_page_free_entity_test" time="290.668" classname="com.eduven.testcase.TransportationPageTestCases">
    <failure type="org.openqa.selenium.NoSuchElementException" message="An element could not be located on the page using the given search parameters. (WARNING: The server did not provide any stacktrace information)
Command duration or timeout: 284.84 seconds
For documentation on this error, please visit: http://seleniumhq.org/exceptions/no_such_element.html
Build info: version: &amp;apos;2.51.0&amp;apos;, revision: &amp;apos;1af067d&amp;apos;, time: &amp;apos;2016-02-05 19:15:17&amp;apos;
System info: host: &amp;apos;Akashs-Mac-mini.local&amp;apos;, ip: &amp;apos;10.30.30.97&amp;apos;, os.name: &amp;apos;Mac OS X&amp;apos;, os.arch: &amp;apos;x86_64&amp;apos;, os.version: &amp;apos;10.10.5&amp;apos;, java.version: &amp;apos;1.8.0_74&amp;apos;
Driver info: io.appium.java_client.android.AndroidDriver
Capabilities [{app=/Users/hiteshbhardwaj/Desktop/Automation/app/canada/CGCanada.apk, appPackage=com.eduven.cg.canada, networkConnectionEnabled=true, warnings={}, appiumVersion=1.4.13, databaseEnabled=false, deviceName=014E0F500200D002, platform=LINUX, appActivity=com.eduven.cg.activity.CheckSDCard, desired={app=/Users/hiteshbhardwaj/Desktop/Automation/app/canada/CGCanada.apk, appPackage=com.eduven.cg.canada, appActivity=com.eduven.cg.activity.CheckSDCard, platformVersion=4.4, appiumVersion=1.4.13, automationName=Appium, platformName=Android, deviceName=014E0F500200D002}, platformVersion=4.3, webStorageEnabled=false, locationContextEnabled=false, automationName=Appium, browserName=Android, takesScreenshot=true, javascriptEnabled=true, platformName=Android}]
Session ID: 250b5b4b-418b-46cf-85af-65c8710cbcb1
*** Element info: {Using=-android uiautomator, value=new UiScrollable(new UiSelector().scrollable(true).instance(0)).scrollIntoView(new UiSelector().description(&amp;quot;Bigger Train Station&amp;quot;).instance(0));new UiScrollable(new UiSelector().scrollable(true).instance(0)).scrollIntoView(new UiSelector().text(&amp;quot;Bigger Train Station&amp;quot;).instance(0));}">
      <![CDATA[org.openqa.selenium.NoSuchElementException: An element could not be located on the page using the given search parameters. (WARNING: The server did not provide any stacktrace information)
Command duration or timeout: 284.84 seconds
For documentation on this error, please visit: http://seleniumhq.org/exceptions/no_such_element.html
Build info: version: '2.51.0', revision: '1af067d', time: '2016-02-05 19:15:17'
System info: host: 'Akashs-Mac-mini.local', ip: '10.30.30.97', os.name: 'Mac OS X', os.arch: 'x86_64', os.version: '10.10.5', java.version: '1.8.0_74'
Driver info: io.appium.java_client.android.AndroidDriver
Capabilities [{app=/Users/hiteshbhardwaj/Desktop/Automation/app/canada/CGCanada.apk, appPackage=com.eduven.cg.canada, networkConnectionEnabled=true, warnings={}, appiumVersion=1.4.13, databaseEnabled=false, deviceName=014E0F500200D002, platform=LINUX, appActivity=com.eduven.cg.activity.CheckSDCard, desired={app=/Users/hiteshbhardwaj/Desktop/Automation/app/canada/CGCanada.apk, appPackage=com.eduven.cg.canada, appActivity=com.eduven.cg.activity.CheckSDCard, platformVersion=4.4, appiumVersion=1.4.13, automationName=Appium, platformName=Android, deviceName=014E0F500200D002}, platformVersion=4.3, webStorageEnabled=false, locationContextEnabled=false, automationName=Appium, browserName=Android, takesScreenshot=true, javascriptEnabled=true, platformName=Android}]
Session ID: 250b5b4b-418b-46cf-85af-65c8710cbcb1
*** Element info: {Using=-android uiautomator, value=new UiScrollable(new UiSelector().scrollable(true).instance(0)).scrollIntoView(new UiSelector().description("Bigger Train Station").instance(0));new UiScrollable(new UiSelector().scrollable(true).instance(0)).scrollIntoView(new UiSelector().text("Bigger Train Station").instance(0));}
	at sun.reflect.GeneratedConstructorAccessor50.newInstance(Unknown Source)
	at sun.reflect.DelegatingConstructorAccessorImpl.newInstance(DelegatingConstructorAccessorImpl.java:45)
	at java.lang.reflect.Constructor.newInstance(Constructor.java:423)
	at org.openqa.selenium.remote.ErrorHandler.createThrowable(ErrorHandler.java:206)
	at org.openqa.selenium.remote.ErrorHandler.throwIfResponseFailed(ErrorHandler.java:158)
	at org.openqa.selenium.remote.RemoteWebDriver.execute(RemoteWebDriver.java:678)
	at io.appium.java_client.DefaultGenericMobileDriver.execute(DefaultGenericMobileDriver.java:42)
	at io.appium.java_client.AppiumDriver.execute(AppiumDriver.java:1)
	at io.appium.java_client.android.AndroidDriver.execute(AndroidDriver.java:1)
	at org.openqa.selenium.remote.RemoteWebDriver.findElement(RemoteWebDriver.java:363)
	at io.appium.java_client.android.AndroidDriver.findElementByAndroidUIAutomator(AndroidDriver.java:394)
	at io.appium.java_client.android.AndroidDriver.scrollToExact(AndroidDriver.java:149)
	at com.eduven.utils.Reusables.click_using_scroll_to_exact_txt(Reusables.java:564)
	at com.eduven.utils.Reusables.check_free_entity(Reusables.java:456)
	at com.eduven.testcase.TransportationPageTestCases.transportation_page_free_entity_test(TransportationPageTestCases.java:42)
	at sun.reflect.NativeMethodAccessorImpl.invoke0(Native Method)
	at sun.reflect.NativeMethodAccessorImpl.invoke(NativeMethodAccessorImpl.java:62)
	at sun.reflect.DelegatingMethodAccessorImpl.invoke(DelegatingMethodAccessorImpl.java:43)
	at java.lang.reflect.Method.invoke(Method.java:498)
	at org.testng.internal.MethodInvocationHelper.invokeMethod(MethodInvocationHelper.java:85)
	at org.testng.internal.Invoker.invokeMethod(Invoker.java:639)
	at org.testng.internal.Invoker.invokeTestMethod(Invoker.java:816)
	at org.testng.internal.Invoker.invokeTestMethods(Invoker.java:1124)
	at org.testng.internal.TestMethodWorker.invokeTestMethods(TestMethodWorker.java:125)
	at org.testng.internal.TestMethodWorker.run(TestMethodWorker.java:108)
	at org.testng.TestRunner.privateRun(TestRunner.java:774)
	at org.testng.TestRunner.run(TestRunner.java:624)
	at org.testng.SuiteRunner.runTest(SuiteRunner.java:359)
	at org.testng.SuiteRunner.runSequentially(SuiteRunner.java:354)
	at org.testng.SuiteRunner.privateRun(SuiteRunner.java:312)
	at org.testng.SuiteRunner.run(SuiteRunner.java:261)
	at org.testng.SuiteRunnerWorker.runSuite(SuiteRunnerWorker.java:52)
	at org.testng.SuiteRunnerWorker.run(SuiteRunnerWorker.java:86)
	at org.testng.TestNG.runSuitesSequentially(TestNG.java:1215)
	at org.testng.TestNG.runSuitesLocally(TestNG.java:1140)
	at org.testng.TestNG.run(TestNG.java:1048)
	at com.eduven.utils.RunTestng.main(RunTestng.java:65)
]]>
    </failure>
  </testcase> <!-- transportation_page_free_entity_test -->
  <testcase name="transportation_page_premium_entity_test" time="7.313" classname="com.eduven.testcase.TransportationPageTestCases">
    <failure type="java.lang.IndexOutOfBoundsException" message="Index: 1, Size: 1">
      <![CDATA[java.lang.IndexOutOfBoundsException: Index: 1, Size: 1
	at java.util.ArrayList.rangeCheck(ArrayList.java:653)
	at java.util.ArrayList.get(ArrayList.java:429)
	at com.eduven.utils.Reusables.check_premium_entity(Reusables.java:421)
	at com.eduven.testcase.TransportationPageTestCases.transportation_page_premium_entity_test(TransportationPageTestCases.java:49)
	at sun.reflect.NativeMethodAccessorImpl.invoke0(Native Method)
	at sun.reflect.NativeMethodAccessorImpl.invoke(NativeMethodAccessorImpl.java:62)
	at sun.reflect.DelegatingMethodAccessorImpl.invoke(DelegatingMethodAccessorImpl.java:43)
	at java.lang.reflect.Method.invoke(Method.java:498)
	at org.testng.internal.MethodInvocationHelper.invokeMethod(MethodInvocationHelper.java:85)
	at org.testng.internal.Invoker.invokeMethod(Invoker.java:639)
	at org.testng.internal.Invoker.invokeTestMethod(Invoker.java:816)
	at org.testng.internal.Invoker.invokeTestMethods(Invoker.java:1124)
	at org.testng.internal.TestMethodWorker.invokeTestMethods(TestMethodWorker.java:125)
	at org.testng.internal.TestMethodWorker.run(TestMethodWorker.java:108)
	at org.testng.TestRunner.privateRun(TestRunner.java:774)
	at org.testng.TestRunner.run(TestRunner.java:624)
	at org.testng.SuiteRunner.runTest(SuiteRunner.java:359)
	at org.testng.SuiteRunner.runSequentially(SuiteRunner.java:354)
	at org.testng.SuiteRunner.privateRun(SuiteRunner.java:312)
	at org.testng.SuiteRunner.run(SuiteRunner.java:261)
	at org.testng.SuiteRunnerWorker.runSuite(SuiteRunnerWorker.java:52)
	at org.testng.SuiteRunnerWorker.run(SuiteRunnerWorker.java:86)
	at org.testng.TestNG.runSuitesSequentially(TestNG.java:1215)
	at org.testng.TestNG.runSuitesLocally(TestNG.java:1140)
	at org.testng.TestNG.run(TestNG.java:1048)
	at com.eduven.utils.RunTestng.main(RunTestng.java:65)
]]>
    </failure>
  </testcase> <!-- transportation_page_premium_entity_test -->
  <testcase name="transportation_page_verify_contribute_entity_test" time="13.445" classname="com.eduven.testcase.TransportationPageTestCases"/>
  <testcase name="nature_nomads_page_test" time="66.279" classname="com.eduven.testcase.NatureNomadsPageTestCases"/>
  <testcase name="nature_nomads_page_header_test" time="9.832" classname="com.eduven.testcase.NatureNomadsPageTestCases"/>
  <testcase name="nature_nomads_page_entity_test" time="16.012" classname="com.eduven.testcase.NatureNomadsPageTestCases"/>
  <testcase name="nature_nomads_page_free_entity_test" time="114.333" classname="com.eduven.testcase.NatureNomadsPageTestCases"/>
  <testcase name="nature_nomads_page_premium_entity_test" time="54.287" classname="com.eduven.testcase.NatureNomadsPageTestCases"/>
  <testcase name="nature_nomads_page_verify_contribute_entity_test" time="16.261" classname="com.eduven.testcase.NatureNomadsPageTestCases"/>
  <testcase name="celebrities_cells_page_test" time="64.332" classname="com.eduven.testcase.CelebritiesCellsPageTestCases"/>
  <testcase name="celebrities_cells_page_header_test" time="51.597" classname="com.eduven.testcase.CelebritiesCellsPageTestCases"/>
  <testcase name="celebrities_cells_page_entity_test" time="35.451" classname="com.eduven.testcase.CelebritiesCellsPageTestCases">
    <failure type="java.lang.NullPointerException">
      <![CDATA[java.lang.NullPointerException
	at com.eduven.modules.CelebritiesCells.verify_celebrities_cells_entity_list(CelebritiesCells.java:68)
	at com.eduven.testcase.CelebritiesCellsPageTestCases.celebrities_cells_page_entity_test(CelebritiesCellsPageTestCases.java:36)
	at sun.reflect.NativeMethodAccessorImpl.invoke0(Native Method)
	at sun.reflect.NativeMethodAccessorImpl.invoke(NativeMethodAccessorImpl.java:62)
	at sun.reflect.DelegatingMethodAccessorImpl.invoke(DelegatingMethodAccessorImpl.java:43)
	at java.lang.reflect.Method.invoke(Method.java:498)
	at org.testng.internal.MethodInvocationHelper.invokeMethod(MethodInvocationHelper.java:85)
	at org.testng.internal.Invoker.invokeMethod(Invoker.java:639)
	at org.testng.internal.Invoker.invokeTestMethod(Invoker.java:816)
	at org.testng.internal.Invoker.invokeTestMethods(Invoker.java:1124)
	at org.testng.internal.TestMethodWorker.invokeTestMethods(TestMethodWorker.java:125)
	at org.testng.internal.TestMethodWorker.run(TestMethodWorker.java:108)
	at org.testng.TestRunner.privateRun(TestRunner.java:774)
	at org.testng.TestRunner.run(TestRunner.java:624)
	at org.testng.SuiteRunner.runTest(SuiteRunner.java:359)
	at org.testng.SuiteRunner.runSequentially(SuiteRunner.java:354)
	at org.testng.SuiteRunner.privateRun(SuiteRunner.java:312)
	at org.testng.SuiteRunner.run(SuiteRunner.java:261)
	at org.testng.SuiteRunnerWorker.runSuite(SuiteRunnerWorker.java:52)
	at org.testng.SuiteRunnerWorker.run(SuiteRunnerWorker.java:86)
	at org.testng.TestNG.runSuitesSequentially(TestNG.java:1215)
	at org.testng.TestNG.runSuitesLocally(TestNG.java:1140)
	at org.testng.TestNG.run(TestNG.java:1048)
	at com.eduven.utils.RunTestng.main(RunTestng.java:65)
]]>
    </failure>
  </testcase> <!-- celebrities_cells_page_entity_test -->
  <testcase name="celebrities_cells_page_free_entity_test" time="81.531" classname="com.eduven.testcase.CelebritiesCellsPageTestCases"/>
  <testcase name="celebrities_cells_page_premium_entity_test" time="88.058" classname="com.eduven.testcase.CelebritiesCellsPageTestCases">
    <failure type="org.openqa.selenium.NoSuchElementException" message="An element could not be located on the page using the given search parameters. (WARNING: The server did not provide any stacktrace information)
Command duration or timeout: 42.62 seconds
For documentation on this error, please visit: http://seleniumhq.org/exceptions/no_such_element.html
Build info: version: &amp;apos;2.51.0&amp;apos;, revision: &amp;apos;1af067d&amp;apos;, time: &amp;apos;2016-02-05 19:15:17&amp;apos;
System info: host: &amp;apos;Akashs-Mac-mini.local&amp;apos;, ip: &amp;apos;10.30.30.97&amp;apos;, os.name: &amp;apos;Mac OS X&amp;apos;, os.arch: &amp;apos;x86_64&amp;apos;, os.version: &amp;apos;10.10.5&amp;apos;, java.version: &amp;apos;1.8.0_74&amp;apos;
Driver info: io.appium.java_client.android.AndroidDriver
Capabilities [{app=/Users/hiteshbhardwaj/Desktop/Automation/app/canada/CGCanada.apk, appPackage=com.eduven.cg.canada, networkConnectionEnabled=true, warnings={}, appiumVersion=1.4.13, databaseEnabled=false, deviceName=014E0F500200D002, platform=LINUX, appActivity=com.eduven.cg.activity.CheckSDCard, desired={app=/Users/hiteshbhardwaj/Desktop/Automation/app/canada/CGCanada.apk, appPackage=com.eduven.cg.canada, appActivity=com.eduven.cg.activity.CheckSDCard, platformVersion=4.4, appiumVersion=1.4.13, automationName=Appium, platformName=Android, deviceName=014E0F500200D002}, platformVersion=4.3, webStorageEnabled=false, locationContextEnabled=false, automationName=Appium, browserName=Android, takesScreenshot=true, javascriptEnabled=true, platformName=Android}]
Session ID: 250b5b4b-418b-46cf-85af-65c8710cbcb1
*** Element info: {Using=-android uiautomator, value=new UiScrollable(new UiSelector().scrollable(true).instance(0)).scrollIntoView(new UiSelector().description(&amp;quot;Donald Sutherland&amp;quot;).instance(0));new UiScrollable(new UiSelector().scrollable(true).instance(0)).scrollIntoView(new UiSelector().text(&amp;quot;Donald Sutherland&amp;quot;).instance(0));}">
      <![CDATA[org.openqa.selenium.NoSuchElementException: An element could not be located on the page using the given search parameters. (WARNING: The server did not provide any stacktrace information)
Command duration or timeout: 42.62 seconds
For documentation on this error, please visit: http://seleniumhq.org/exceptions/no_such_element.html
Build info: version: '2.51.0', revision: '1af067d', time: '2016-02-05 19:15:17'
System info: host: 'Akashs-Mac-mini.local', ip: '10.30.30.97', os.name: 'Mac OS X', os.arch: 'x86_64', os.version: '10.10.5', java.version: '1.8.0_74'
Driver info: io.appium.java_client.android.AndroidDriver
Capabilities [{app=/Users/hiteshbhardwaj/Desktop/Automation/app/canada/CGCanada.apk, appPackage=com.eduven.cg.canada, networkConnectionEnabled=true, warnings={}, appiumVersion=1.4.13, databaseEnabled=false, deviceName=014E0F500200D002, platform=LINUX, appActivity=com.eduven.cg.activity.CheckSDCard, desired={app=/Users/hiteshbhardwaj/Desktop/Automation/app/canada/CGCanada.apk, appPackage=com.eduven.cg.canada, appActivity=com.eduven.cg.activity.CheckSDCard, platformVersion=4.4, appiumVersion=1.4.13, automationName=Appium, platformName=Android, deviceName=014E0F500200D002}, platformVersion=4.3, webStorageEnabled=false, locationContextEnabled=false, automationName=Appium, browserName=Android, takesScreenshot=true, javascriptEnabled=true, platformName=Android}]
Session ID: 250b5b4b-418b-46cf-85af-65c8710cbcb1
*** Element info: {Using=-android uiautomator, value=new UiScrollable(new UiSelector().scrollable(true).instance(0)).scrollIntoView(new UiSelector().description("Donald Sutherland").instance(0));new UiScrollable(new UiSelector().scrollable(true).instance(0)).scrollIntoView(new UiSelector().text("Donald Sutherland").instance(0));}
	at sun.reflect.GeneratedConstructorAccessor50.newInstance(Unknown Source)
	at sun.reflect.DelegatingConstructorAccessorImpl.newInstance(DelegatingConstructorAccessorImpl.java:45)
	at java.lang.reflect.Constructor.newInstance(Constructor.java:423)
	at org.openqa.selenium.remote.ErrorHandler.createThrowable(ErrorHandler.java:206)
	at org.openqa.selenium.remote.ErrorHandler.throwIfResponseFailed(ErrorHandler.java:158)
	at org.openqa.selenium.remote.RemoteWebDriver.execute(RemoteWebDriver.java:678)
	at io.appium.java_client.DefaultGenericMobileDriver.execute(DefaultGenericMobileDriver.java:42)
	at io.appium.java_client.AppiumDriver.execute(AppiumDriver.java:1)
	at io.appium.java_client.android.AndroidDriver.execute(AndroidDriver.java:1)
	at org.openqa.selenium.remote.RemoteWebDriver.findElement(RemoteWebDriver.java:363)
	at io.appium.java_client.android.AndroidDriver.findElementByAndroidUIAutomator(AndroidDriver.java:394)
	at io.appium.java_client.android.AndroidDriver.scrollToExact(AndroidDriver.java:149)
	at com.eduven.utils.Reusables.click_using_scroll_to_exact_txt(Reusables.java:564)
	at com.eduven.utils.Reusables.check_premium_entity(Reusables.java:429)
	at com.eduven.testcase.CelebritiesCellsPageTestCases.celebrities_cells_page_premium_entity_test(CelebritiesCellsPageTestCases.java:50)
	at sun.reflect.NativeMethodAccessorImpl.invoke0(Native Method)
	at sun.reflect.NativeMethodAccessorImpl.invoke(NativeMethodAccessorImpl.java:62)
	at sun.reflect.DelegatingMethodAccessorImpl.invoke(DelegatingMethodAccessorImpl.java:43)
	at java.lang.reflect.Method.invoke(Method.java:498)
	at org.testng.internal.MethodInvocationHelper.invokeMethod(MethodInvocationHelper.java:85)
	at org.testng.internal.Invoker.invokeMethod(Invoker.java:639)
	at org.testng.internal.Invoker.invokeTestMethod(Invoker.java:816)
	at org.testng.internal.Invoker.invokeTestMethods(Invoker.java:1124)
	at org.testng.internal.TestMethodWorker.invokeTestMethods(TestMethodWorker.java:125)
	at org.testng.internal.TestMethodWorker.run(TestMethodWorker.java:108)
	at org.testng.TestRunner.privateRun(TestRunner.java:774)
	at org.testng.TestRunner.run(TestRunner.java:624)
	at org.testng.SuiteRunner.runTest(SuiteRunner.java:359)
	at org.testng.SuiteRunner.runSequentially(SuiteRunner.java:354)
	at org.testng.SuiteRunner.privateRun(SuiteRunner.java:312)
	at org.testng.SuiteRunner.run(SuiteRunner.java:261)
	at org.testng.SuiteRunnerWorker.runSuite(SuiteRunnerWorker.java:52)
	at org.testng.SuiteRunnerWorker.run(SuiteRunnerWorker.java:86)
	at org.testng.TestNG.runSuitesSequentially(TestNG.java:1215)
	at org.testng.TestNG.runSuitesLocally(TestNG.java:1140)
	at org.testng.TestNG.run(TestNG.java:1048)
	at com.eduven.utils.RunTestng.main(RunTestng.java:65)
]]>
    </failure>
  </testcase> <!-- celebrities_cells_page_premium_entity_test -->
  <testcase name="celebrities_cells_page_verify_contribute_entity" time="7.368" classname="com.eduven.testcase.CelebritiesCellsPageTestCases"/>
  <testcase name="eduBank_page_splash_screen_test" time="65.021" classname="com.eduven.testcase.EduBankPageTestCases"/>
  <testcase name="eduBank_page_check_entity_in_eduBank_test" time="4.744" classname="com.eduven.testcase.EduBankPageTestCases"/>
  <testcase name="eduBank_page_navigate_to_entity_detail_test" time="120.835" classname="com.eduven.testcase.EduBankPageTestCases"/>
  <testcase name="eduBank_page_add_favourite_to_eduBank_test" time="67.263" classname="com.eduven.testcase.EduBankPageTestCases">
    <failure type="org.openqa.selenium.remote.SessionNotFoundException" message="
Command duration or timeout: 7 milliseconds
Build info: version: &amp;apos;2.51.0&amp;apos;, revision: &amp;apos;1af067d&amp;apos;, time: &amp;apos;2016-02-05 19:15:17&amp;apos;
System info: host: &amp;apos;Akashs-Mac-mini.local&amp;apos;, ip: &amp;apos;10.30.30.97&amp;apos;, os.name: &amp;apos;Mac OS X&amp;apos;, os.arch: &amp;apos;x86_64&amp;apos;, os.version: &amp;apos;10.10.5&amp;apos;, java.version: &amp;apos;1.8.0_74&amp;apos;
Driver info: io.appium.java_client.android.AndroidDriver
Capabilities [{app=/Users/hiteshbhardwaj/Desktop/Automation/app/canada/CGCanada.apk, appPackage=com.eduven.cg.canada, networkConnectionEnabled=true, warnings={}, appiumVersion=1.4.13, databaseEnabled=false, deviceName=014E0F500200D002, platform=LINUX, appActivity=com.eduven.cg.activity.CheckSDCard, desired={app=/Users/hiteshbhardwaj/Desktop/Automation/app/canada/CGCanada.apk, appPackage=com.eduven.cg.canada, appActivity=com.eduven.cg.activity.CheckSDCard, platformVersion=4.4, appiumVersion=1.4.13, automationName=Appium, platformName=Android, deviceName=014E0F500200D002}, platformVersion=4.3, webStorageEnabled=false, locationContextEnabled=false, automationName=Appium, browserName=Android, takesScreenshot=true, javascriptEnabled=true, platformName=Android}]
Session ID: 250b5b4b-418b-46cf-85af-65c8710cbcb1
*** Element info: {Using=id, value=com.eduven.cg.canada:id/title_textView}">
      <![CDATA[org.openqa.selenium.remote.SessionNotFoundException: 
Command duration or timeout: 7 milliseconds
Build info: version: '2.51.0', revision: '1af067d', time: '2016-02-05 19:15:17'
System info: host: 'Akashs-Mac-mini.local', ip: '10.30.30.97', os.name: 'Mac OS X', os.arch: 'x86_64', os.version: '10.10.5', java.version: '1.8.0_74'
Driver info: io.appium.java_client.android.AndroidDriver
Capabilities [{app=/Users/hiteshbhardwaj/Desktop/Automation/app/canada/CGCanada.apk, appPackage=com.eduven.cg.canada, networkConnectionEnabled=true, warnings={}, appiumVersion=1.4.13, databaseEnabled=false, deviceName=014E0F500200D002, platform=LINUX, appActivity=com.eduven.cg.activity.CheckSDCard, desired={app=/Users/hiteshbhardwaj/Desktop/Automation/app/canada/CGCanada.apk, appPackage=com.eduven.cg.canada, appActivity=com.eduven.cg.activity.CheckSDCard, platformVersion=4.4, appiumVersion=1.4.13, automationName=Appium, platformName=Android, deviceName=014E0F500200D002}, platformVersion=4.3, webStorageEnabled=false, locationContextEnabled=false, automationName=Appium, browserName=Android, takesScreenshot=true, javascriptEnabled=true, platformName=Android}]
Session ID: 250b5b4b-418b-46cf-85af-65c8710cbcb1
*** Element info: {Using=id, value=com.eduven.cg.canada:id/title_textView}
	at sun.reflect.NativeConstructorAccessorImpl.newInstance0(Native Method)
	at sun.reflect.NativeConstructorAccessorImpl.newInstance(NativeConstructorAccessorImpl.java:62)
	at sun.reflect.DelegatingConstructorAccessorImpl.newInstance(DelegatingConstructorAccessorImpl.java:45)
	at java.lang.reflect.Constructor.newInstance(Constructor.java:423)
	at org.openqa.selenium.remote.ErrorHandler.createThrowable(ErrorHandler.java:206)
	at org.openqa.selenium.remote.ErrorHandler.throwIfResponseFailed(ErrorHandler.java:164)
	at org.openqa.selenium.remote.RemoteWebDriver.execute(RemoteWebDriver.java:678)
	at io.appium.java_client.DefaultGenericMobileDriver.execute(DefaultGenericMobileDriver.java:42)
	at io.appium.java_client.AppiumDriver.execute(AppiumDriver.java:1)
	at io.appium.java_client.android.AndroidDriver.execute(AndroidDriver.java:1)
	at org.openqa.selenium.remote.RemoteWebDriver.findElement(RemoteWebDriver.java:363)
	at org.openqa.selenium.remote.RemoteWebDriver.findElementById(RemoteWebDriver.java:413)
	at io.appium.java_client.DefaultGenericMobileDriver.findElementById(DefaultGenericMobileDriver.java:62)
	at io.appium.java_client.AppiumDriver.findElementById(AppiumDriver.java:1)
	at io.appium.java_client.android.AndroidDriver.findElementById(AndroidDriver.java:1)
	at org.openqa.selenium.By$ById.findElement(By.java:218)
	at org.openqa.selenium.remote.RemoteWebDriver.findElement(RemoteWebDriver.java:355)
	at io.appium.java_client.DefaultGenericMobileDriver.findElement(DefaultGenericMobileDriver.java:52)
	at io.appium.java_client.AppiumDriver.findElement(AppiumDriver.java:1)
	at io.appium.java_client.android.AndroidDriver.findElement(AndroidDriver.java:1)
	at com.eduven.utils.Reusables.get_element(Reusables.java:399)
	at com.eduven.modules.EduBank.get_favourite_entity_name(EduBank.java:100)
	at com.eduven.testcase.EduBankPageTestCases.eduBank_page_add_favourite_to_eduBank_test(EduBankPageTestCases.java:42)
	at sun.reflect.NativeMethodAccessorImpl.invoke0(Native Method)
	at sun.reflect.NativeMethodAccessorImpl.invoke(NativeMethodAccessorImpl.java:62)
	at sun.reflect.DelegatingMethodAccessorImpl.invoke(DelegatingMethodAccessorImpl.java:43)
	at java.lang.reflect.Method.invoke(Method.java:498)
	at org.testng.internal.MethodInvocationHelper.invokeMethod(MethodInvocationHelper.java:85)
	at org.testng.internal.Invoker.invokeMethod(Invoker.java:639)
	at org.testng.internal.Invoker.invokeTestMethod(Invoker.java:816)
	at org.testng.internal.Invoker.invokeTestMethods(Invoker.java:1124)
	at org.testng.internal.TestMethodWorker.invokeTestMethods(TestMethodWorker.java:125)
	at org.testng.internal.TestMethodWorker.run(TestMethodWorker.java:108)
	at org.testng.TestRunner.privateRun(TestRunner.java:774)
	at org.testng.TestRunner.run(TestRunner.java:624)
	at org.testng.SuiteRunner.runTest(SuiteRunner.java:359)
	at org.testng.SuiteRunner.runSequentially(SuiteRunner.java:354)
	at org.testng.SuiteRunner.privateRun(SuiteRunner.java:312)
	at org.testng.SuiteRunner.run(SuiteRunner.java:261)
	at org.testng.SuiteRunnerWorker.runSuite(SuiteRunnerWorker.java:52)
	at org.testng.SuiteRunnerWorker.run(SuiteRunnerWorker.java:86)
	at org.testng.TestNG.runSuitesSequentially(TestNG.java:1215)
	at org.testng.TestNG.runSuitesLocally(TestNG.java:1140)
	at org.testng.TestNG.run(TestNG.java:1048)
	at com.eduven.utils.RunTestng.main(RunTestng.java:65)
]]>
    </failure>
  </testcase> <!-- eduBank_page_add_favourite_to_eduBank_test -->
  <testcase name="navigate_to_edubank_test" time="0.0" classname="com.eduven.testcase.EduBankPageTestCases">
    <skipped/>
  </testcase> <!-- navigate_to_edubank_test -->
  <testcase name="verify_eduBank_add_entity_test" time="0.0" classname="com.eduven.testcase.EduBankPageTestCases">
    <skipped/>
  </testcase> <!-- verify_eduBank_add_entity_test -->
  <testcase name="remove_entity_from_eduBank" time="0.0" classname="com.eduven.testcase.EduBankPageTestCases">
    <skipped/>
  </testcase> <!-- remove_entity_from_eduBank -->
  <testcase name="spiritual_sanctuaries_page_test" time="3.035" classname="com.eduven.testcase.SpiritualSanctuariesPageTestCases"/>
  <testcase name="spiritual_sanctuaries_page_header_test" time="1.024" classname="com.eduven.testcase.SpiritualSanctuariesPageTestCases">
    <failure type="org.openqa.selenium.remote.SessionNotFoundException" message="
Command duration or timeout: 5 milliseconds
Build info: version: &amp;apos;2.51.0&amp;apos;, revision: &amp;apos;1af067d&amp;apos;, time: &amp;apos;2016-02-05 19:15:17&amp;apos;
System info: host: &amp;apos;Akashs-Mac-mini.local&amp;apos;, ip: &amp;apos;10.30.30.97&amp;apos;, os.name: &amp;apos;Mac OS X&amp;apos;, os.arch: &amp;apos;x86_64&amp;apos;, os.version: &amp;apos;10.10.5&amp;apos;, java.version: &amp;apos;1.8.0_74&amp;apos;
Driver info: io.appium.java_client.android.AndroidDriver
Capabilities [{app=/Users/hiteshbhardwaj/Desktop/Automation/app/canada/CGCanada.apk, appPackage=com.eduven.cg.canada, networkConnectionEnabled=true, warnings={}, appiumVersion=1.4.13, databaseEnabled=false, deviceName=014E0F500200D002, platform=LINUX, appActivity=com.eduven.cg.activity.CheckSDCard, desired={app=/Users/hiteshbhardwaj/Desktop/Automation/app/canada/CGCanada.apk, appPackage=com.eduven.cg.canada, appActivity=com.eduven.cg.activity.CheckSDCard, platformVersion=4.4, appiumVersion=1.4.13, automationName=Appium, platformName=Android, deviceName=014E0F500200D002}, platformVersion=4.3, webStorageEnabled=false, locationContextEnabled=false, automationName=Appium, browserName=Android, takesScreenshot=true, javascriptEnabled=true, platformName=Android}]
Session ID: 250b5b4b-418b-46cf-85af-65c8710cbcb1">
      <![CDATA[org.openqa.selenium.remote.SessionNotFoundException: 
Command duration or timeout: 5 milliseconds
Build info: version: '2.51.0', revision: '1af067d', time: '2016-02-05 19:15:17'
System info: host: 'Akashs-Mac-mini.local', ip: '10.30.30.97', os.name: 'Mac OS X', os.arch: 'x86_64', os.version: '10.10.5', java.version: '1.8.0_74'
Driver info: io.appium.java_client.android.AndroidDriver
Capabilities [{app=/Users/hiteshbhardwaj/Desktop/Automation/app/canada/CGCanada.apk, appPackage=com.eduven.cg.canada, networkConnectionEnabled=true, warnings={}, appiumVersion=1.4.13, databaseEnabled=false, deviceName=014E0F500200D002, platform=LINUX, appActivity=com.eduven.cg.activity.CheckSDCard, desired={app=/Users/hiteshbhardwaj/Desktop/Automation/app/canada/CGCanada.apk, appPackage=com.eduven.cg.canada, appActivity=com.eduven.cg.activity.CheckSDCard, platformVersion=4.4, appiumVersion=1.4.13, automationName=Appium, platformName=Android, deviceName=014E0F500200D002}, platformVersion=4.3, webStorageEnabled=false, locationContextEnabled=false, automationName=Appium, browserName=Android, takesScreenshot=true, javascriptEnabled=true, platformName=Android}]
Session ID: 250b5b4b-418b-46cf-85af-65c8710cbcb1
	at sun.reflect.NativeConstructorAccessorImpl.newInstance0(Native Method)
	at sun.reflect.NativeConstructorAccessorImpl.newInstance(NativeConstructorAccessorImpl.java:62)
	at sun.reflect.DelegatingConstructorAccessorImpl.newInstance(DelegatingConstructorAccessorImpl.java:45)
	at java.lang.reflect.Constructor.newInstance(Constructor.java:423)
	at org.openqa.selenium.remote.ErrorHandler.createThrowable(ErrorHandler.java:206)
	at org.openqa.selenium.remote.ErrorHandler.throwIfResponseFailed(ErrorHandler.java:164)
	at org.openqa.selenium.remote.RemoteWebDriver.execute(RemoteWebDriver.java:678)
	at io.appium.java_client.DefaultGenericMobileDriver.execute(DefaultGenericMobileDriver.java:42)
	at io.appium.java_client.AppiumDriver.execute(AppiumDriver.java:206)
	at org.openqa.selenium.remote.RemoteWebDriver$RemoteNavigation.back(RemoteWebDriver.java:961)
	at com.eduven.utils.Reusables.stepBack(Reusables.java:175)
	at com.eduven.testcase.SpiritualSanctuariesPageTestCases.spiritual_sanctuaries_page_header_test(SpiritualSanctuariesPageTestCases.java:29)
	at sun.reflect.NativeMethodAccessorImpl.invoke0(Native Method)
	at sun.reflect.NativeMethodAccessorImpl.invoke(NativeMethodAccessorImpl.java:62)
	at sun.reflect.DelegatingMethodAccessorImpl.invoke(DelegatingMethodAccessorImpl.java:43)
	at java.lang.reflect.Method.invoke(Method.java:498)
	at org.testng.internal.MethodInvocationHelper.invokeMethod(MethodInvocationHelper.java:85)
	at org.testng.internal.Invoker.invokeMethod(Invoker.java:639)
	at org.testng.internal.Invoker.invokeTestMethod(Invoker.java:816)
	at org.testng.internal.Invoker.invokeTestMethods(Invoker.java:1124)
	at org.testng.internal.TestMethodWorker.invokeTestMethods(TestMethodWorker.java:125)
	at org.testng.internal.TestMethodWorker.run(TestMethodWorker.java:108)
	at org.testng.TestRunner.privateRun(TestRunner.java:774)
	at org.testng.TestRunner.run(TestRunner.java:624)
	at org.testng.SuiteRunner.runTest(SuiteRunner.java:359)
	at org.testng.SuiteRunner.runSequentially(SuiteRunner.java:354)
	at org.testng.SuiteRunner.privateRun(SuiteRunner.java:312)
	at org.testng.SuiteRunner.run(SuiteRunner.java:261)
	at org.testng.SuiteRunnerWorker.runSuite(SuiteRunnerWorker.java:52)
	at org.testng.SuiteRunnerWorker.run(SuiteRunnerWorker.java:86)
	at org.testng.TestNG.runSuitesSequentially(TestNG.java:1215)
	at org.testng.TestNG.runSuitesLocally(TestNG.java:1140)
	at org.testng.TestNG.run(TestNG.java:1048)
	at com.eduven.utils.RunTestng.main(RunTestng.java:65)
]]>
    </failure>
  </testcase> <!-- spiritual_sanctuaries_page_header_test -->
  <testcase name="spiritual_sanctuaries_page_entity_test" time="0.0" classname="com.eduven.testcase.SpiritualSanctuariesPageTestCases">
    <skipped/>
  </testcase> <!-- spiritual_sanctuaries_page_entity_test -->
  <testcase name="spiritual_sanctuaries_page_free_entity_test" time="0.0" classname="com.eduven.testcase.SpiritualSanctuariesPageTestCases">
    <skipped/>
  </testcase> <!-- spiritual_sanctuaries_page_free_entity_test -->
  <testcase name="spiritual_sanctuaries_page_premium_entity_test" time="0.0" classname="com.eduven.testcase.SpiritualSanctuariesPageTestCases">
    <skipped/>
  </testcase> <!-- spiritual_sanctuaries_page_premium_entity_test -->
  <testcase name="spiritual_sanctuaries_page_verify_contribute_entity_test" time="0.0" classname="com.eduven.testcase.SpiritualSanctuariesPageTestCases">
    <skipped/>
  </testcase> <!-- spiritual_sanctuaries_page_verify_contribute_entity_test -->
  <testcase name="language_phrases_test" time="3.043" classname="com.eduven.testcase.LanguagePhrasesPageTestCases"/>
  <testcase name="language_phrases_page_header_test" time="2.036" classname="com.eduven.testcase.LanguagePhrasesPageTestCases">
    <failure type="org.openqa.selenium.remote.SessionNotFoundException" message="
Command duration or timeout: 6 milliseconds
Build info: version: &amp;apos;2.51.0&amp;apos;, revision: &amp;apos;1af067d&amp;apos;, time: &amp;apos;2016-02-05 19:15:17&amp;apos;
System info: host: &amp;apos;Akashs-Mac-mini.local&amp;apos;, ip: &amp;apos;10.30.30.97&amp;apos;, os.name: &amp;apos;Mac OS X&amp;apos;, os.arch: &amp;apos;x86_64&amp;apos;, os.version: &amp;apos;10.10.5&amp;apos;, java.version: &amp;apos;1.8.0_74&amp;apos;
Driver info: io.appium.java_client.android.AndroidDriver
Capabilities [{app=/Users/hiteshbhardwaj/Desktop/Automation/app/canada/CGCanada.apk, appPackage=com.eduven.cg.canada, networkConnectionEnabled=true, warnings={}, appiumVersion=1.4.13, databaseEnabled=false, deviceName=014E0F500200D002, platform=LINUX, appActivity=com.eduven.cg.activity.CheckSDCard, desired={app=/Users/hiteshbhardwaj/Desktop/Automation/app/canada/CGCanada.apk, appPackage=com.eduven.cg.canada, appActivity=com.eduven.cg.activity.CheckSDCard, platformVersion=4.4, appiumVersion=1.4.13, automationName=Appium, platformName=Android, deviceName=014E0F500200D002}, platformVersion=4.3, webStorageEnabled=false, locationContextEnabled=false, automationName=Appium, browserName=Android, takesScreenshot=true, javascriptEnabled=true, platformName=Android}]
Session ID: 250b5b4b-418b-46cf-85af-65c8710cbcb1">
      <![CDATA[org.openqa.selenium.remote.SessionNotFoundException: 
Command duration or timeout: 6 milliseconds
Build info: version: '2.51.0', revision: '1af067d', time: '2016-02-05 19:15:17'
System info: host: 'Akashs-Mac-mini.local', ip: '10.30.30.97', os.name: 'Mac OS X', os.arch: 'x86_64', os.version: '10.10.5', java.version: '1.8.0_74'
Driver info: io.appium.java_client.android.AndroidDriver
Capabilities [{app=/Users/hiteshbhardwaj/Desktop/Automation/app/canada/CGCanada.apk, appPackage=com.eduven.cg.canada, networkConnectionEnabled=true, warnings={}, appiumVersion=1.4.13, databaseEnabled=false, deviceName=014E0F500200D002, platform=LINUX, appActivity=com.eduven.cg.activity.CheckSDCard, desired={app=/Users/hiteshbhardwaj/Desktop/Automation/app/canada/CGCanada.apk, appPackage=com.eduven.cg.canada, appActivity=com.eduven.cg.activity.CheckSDCard, platformVersion=4.4, appiumVersion=1.4.13, automationName=Appium, platformName=Android, deviceName=014E0F500200D002}, platformVersion=4.3, webStorageEnabled=false, locationContextEnabled=false, automationName=Appium, browserName=Android, takesScreenshot=true, javascriptEnabled=true, platformName=Android}]
Session ID: 250b5b4b-418b-46cf-85af-65c8710cbcb1
	at sun.reflect.NativeConstructorAccessorImpl.newInstance0(Native Method)
	at sun.reflect.NativeConstructorAccessorImpl.newInstance(NativeConstructorAccessorImpl.java:62)
	at sun.reflect.DelegatingConstructorAccessorImpl.newInstance(DelegatingConstructorAccessorImpl.java:45)
	at java.lang.reflect.Constructor.newInstance(Constructor.java:423)
	at org.openqa.selenium.remote.ErrorHandler.createThrowable(ErrorHandler.java:206)
	at org.openqa.selenium.remote.ErrorHandler.throwIfResponseFailed(ErrorHandler.java:164)
	at org.openqa.selenium.remote.RemoteWebDriver.execute(RemoteWebDriver.java:678)
	at io.appium.java_client.DefaultGenericMobileDriver.execute(DefaultGenericMobileDriver.java:42)
	at io.appium.java_client.AppiumDriver.execute(AppiumDriver.java:206)
	at org.openqa.selenium.remote.RemoteWebDriver$RemoteNavigation.back(RemoteWebDriver.java:961)
	at com.eduven.utils.Reusables.stepBack(Reusables.java:175)
	at com.eduven.testcase.LanguagePhrasesPageTestCases.language_phrases_page_header_test(LanguagePhrasesPageTestCases.java:29)
	at sun.reflect.NativeMethodAccessorImpl.invoke0(Native Method)
	at sun.reflect.NativeMethodAccessorImpl.invoke(NativeMethodAccessorImpl.java:62)
	at sun.reflect.DelegatingMethodAccessorImpl.invoke(DelegatingMethodAccessorImpl.java:43)
	at java.lang.reflect.Method.invoke(Method.java:498)
	at org.testng.internal.MethodInvocationHelper.invokeMethod(MethodInvocationHelper.java:85)
	at org.testng.internal.Invoker.invokeMethod(Invoker.java:639)
	at org.testng.internal.Invoker.invokeTestMethod(Invoker.java:816)
	at org.testng.internal.Invoker.invokeTestMethods(Invoker.java:1124)
	at org.testng.internal.TestMethodWorker.invokeTestMethods(TestMethodWorker.java:125)
	at org.testng.internal.TestMethodWorker.run(TestMethodWorker.java:108)
	at org.testng.TestRunner.privateRun(TestRunner.java:774)
	at org.testng.TestRunner.run(TestRunner.java:624)
	at org.testng.SuiteRunner.runTest(SuiteRunner.java:359)
	at org.testng.SuiteRunner.runSequentially(SuiteRunner.java:354)
	at org.testng.SuiteRunner.privateRun(SuiteRunner.java:312)
	at org.testng.SuiteRunner.run(SuiteRunner.java:261)
	at org.testng.SuiteRunnerWorker.runSuite(SuiteRunnerWorker.java:52)
	at org.testng.SuiteRunnerWorker.run(SuiteRunnerWorker.java:86)
	at org.testng.TestNG.runSuitesSequentially(TestNG.java:1215)
	at org.testng.TestNG.runSuitesLocally(TestNG.java:1140)
	at org.testng.TestNG.run(TestNG.java:1048)
	at com.eduven.utils.RunTestng.main(RunTestng.java:65)
]]>
    </failure>
  </testcase> <!-- language_phrases_page_header_test -->
  <testcase name="language_phrases_page_entity_test" time="0.0" classname="com.eduven.testcase.LanguagePhrasesPageTestCases">
    <skipped/>
  </testcase> <!-- language_phrases_page_entity_test -->
  <testcase name="language_phrase_page_select_random_category_test" time="0.0" classname="com.eduven.testcase.LanguagePhrasesPageTestCases">
    <skipped/>
  </testcase> <!-- language_phrase_page_select_random_category_test -->
  <testcase name="language_phrases_page_verify_lock_unlock_btn_test" time="0.0" classname="com.eduven.testcase.LanguagePhrasesPageTestCases">
    <skipped/>
  </testcase> <!-- language_phrases_page_verify_lock_unlock_btn_test -->
  <testcase name="language_phrase_page_open_first_lock_word" time="0.0" classname="com.eduven.testcase.LanguagePhrasesPageTestCases">
    <skipped/>
  </testcase> <!-- language_phrase_page_open_first_lock_word -->
  <testcase name="cuisine_page_test" time="3.042" classname="com.eduven.testcase.CuisinePageTestCases"/>
  <testcase name="cuisine_page_header_test" time="1.024" classname="com.eduven.testcase.CuisinePageTestCases">
    <failure type="org.openqa.selenium.remote.SessionNotFoundException" message="
Command duration or timeout: 5 milliseconds
Build info: version: &amp;apos;2.51.0&amp;apos;, revision: &amp;apos;1af067d&amp;apos;, time: &amp;apos;2016-02-05 19:15:17&amp;apos;
System info: host: &amp;apos;Akashs-Mac-mini.local&amp;apos;, ip: &amp;apos;10.30.30.97&amp;apos;, os.name: &amp;apos;Mac OS X&amp;apos;, os.arch: &amp;apos;x86_64&amp;apos;, os.version: &amp;apos;10.10.5&amp;apos;, java.version: &amp;apos;1.8.0_74&amp;apos;
Driver info: io.appium.java_client.android.AndroidDriver
Capabilities [{app=/Users/hiteshbhardwaj/Desktop/Automation/app/canada/CGCanada.apk, appPackage=com.eduven.cg.canada, networkConnectionEnabled=true, warnings={}, appiumVersion=1.4.13, databaseEnabled=false, deviceName=014E0F500200D002, platform=LINUX, appActivity=com.eduven.cg.activity.CheckSDCard, desired={app=/Users/hiteshbhardwaj/Desktop/Automation/app/canada/CGCanada.apk, appPackage=com.eduven.cg.canada, appActivity=com.eduven.cg.activity.CheckSDCard, platformVersion=4.4, appiumVersion=1.4.13, automationName=Appium, platformName=Android, deviceName=014E0F500200D002}, platformVersion=4.3, webStorageEnabled=false, locationContextEnabled=false, automationName=Appium, browserName=Android, takesScreenshot=true, javascriptEnabled=true, platformName=Android}]
Session ID: 250b5b4b-418b-46cf-85af-65c8710cbcb1">
      <![CDATA[org.openqa.selenium.remote.SessionNotFoundException: 
Command duration or timeout: 5 milliseconds
Build info: version: '2.51.0', revision: '1af067d', time: '2016-02-05 19:15:17'
System info: host: 'Akashs-Mac-mini.local', ip: '10.30.30.97', os.name: 'Mac OS X', os.arch: 'x86_64', os.version: '10.10.5', java.version: '1.8.0_74'
Driver info: io.appium.java_client.android.AndroidDriver
Capabilities [{app=/Users/hiteshbhardwaj/Desktop/Automation/app/canada/CGCanada.apk, appPackage=com.eduven.cg.canada, networkConnectionEnabled=true, warnings={}, appiumVersion=1.4.13, databaseEnabled=false, deviceName=014E0F500200D002, platform=LINUX, appActivity=com.eduven.cg.activity.CheckSDCard, desired={app=/Users/hiteshbhardwaj/Desktop/Automation/app/canada/CGCanada.apk, appPackage=com.eduven.cg.canada, appActivity=com.eduven.cg.activity.CheckSDCard, platformVersion=4.4, appiumVersion=1.4.13, automationName=Appium, platformName=Android, deviceName=014E0F500200D002}, platformVersion=4.3, webStorageEnabled=false, locationContextEnabled=false, automationName=Appium, browserName=Android, takesScreenshot=true, javascriptEnabled=true, platformName=Android}]
Session ID: 250b5b4b-418b-46cf-85af-65c8710cbcb1
	at sun.reflect.GeneratedConstructorAccessor51.newInstance(Unknown Source)
	at sun.reflect.DelegatingConstructorAccessorImpl.newInstance(DelegatingConstructorAccessorImpl.java:45)
	at java.lang.reflect.Constructor.newInstance(Constructor.java:423)
	at org.openqa.selenium.remote.ErrorHandler.createThrowable(ErrorHandler.java:206)
	at org.openqa.selenium.remote.ErrorHandler.throwIfResponseFailed(ErrorHandler.java:164)
	at org.openqa.selenium.remote.RemoteWebDriver.execute(RemoteWebDriver.java:678)
	at io.appium.java_client.DefaultGenericMobileDriver.execute(DefaultGenericMobileDriver.java:42)
	at io.appium.java_client.AppiumDriver.execute(AppiumDriver.java:206)
	at org.openqa.selenium.remote.RemoteWebDriver$RemoteNavigation.back(RemoteWebDriver.java:961)
	at com.eduven.utils.Reusables.stepBack(Reusables.java:175)
	at com.eduven.testcase.CuisinePageTestCases.cuisine_page_header_test(CuisinePageTestCases.java:29)
	at sun.reflect.NativeMethodAccessorImpl.invoke0(Native Method)
	at sun.reflect.NativeMethodAccessorImpl.invoke(NativeMethodAccessorImpl.java:62)
	at sun.reflect.DelegatingMethodAccessorImpl.invoke(DelegatingMethodAccessorImpl.java:43)
	at java.lang.reflect.Method.invoke(Method.java:498)
	at org.testng.internal.MethodInvocationHelper.invokeMethod(MethodInvocationHelper.java:85)
	at org.testng.internal.Invoker.invokeMethod(Invoker.java:639)
	at org.testng.internal.Invoker.invokeTestMethod(Invoker.java:816)
	at org.testng.internal.Invoker.invokeTestMethods(Invoker.java:1124)
	at org.testng.internal.TestMethodWorker.invokeTestMethods(TestMethodWorker.java:125)
	at org.testng.internal.TestMethodWorker.run(TestMethodWorker.java:108)
	at org.testng.TestRunner.privateRun(TestRunner.java:774)
	at org.testng.TestRunner.run(TestRunner.java:624)
	at org.testng.SuiteRunner.runTest(SuiteRunner.java:359)
	at org.testng.SuiteRunner.runSequentially(SuiteRunner.java:354)
	at org.testng.SuiteRunner.privateRun(SuiteRunner.java:312)
	at org.testng.SuiteRunner.run(SuiteRunner.java:261)
	at org.testng.SuiteRunnerWorker.runSuite(SuiteRunnerWorker.java:52)
	at org.testng.SuiteRunnerWorker.run(SuiteRunnerWorker.java:86)
	at org.testng.TestNG.runSuitesSequentially(TestNG.java:1215)
	at org.testng.TestNG.runSuitesLocally(TestNG.java:1140)
	at org.testng.TestNG.run(TestNG.java:1048)
	at com.eduven.utils.RunTestng.main(RunTestng.java:65)
]]>
    </failure>
  </testcase> <!-- cuisine_page_header_test -->
  <testcase name="cuisine_page_entity_test" time="0.0" classname="com.eduven.testcase.CuisinePageTestCases">
    <skipped/>
  </testcase> <!-- cuisine_page_entity_test -->
  <testcase name="cuisine_page_free_entity_test" time="0.0" classname="com.eduven.testcase.CuisinePageTestCases">
    <skipped/>
  </testcase> <!-- cuisine_page_free_entity_test -->
  <testcase name="cuisine_page_premium_entity_test" time="0.0" classname="com.eduven.testcase.CuisinePageTestCases">
    <skipped/>
  </testcase> <!-- cuisine_page_premium_entity_test -->
  <testcase name="cuisine_page_navigate_to_entity_detail_test" time="0.0" classname="com.eduven.testcase.CuisinePageTestCases">
    <skipped/>
  </testcase> <!-- cuisine_page_navigate_to_entity_detail_test -->
  <testcase name="cuisine_page_verify_ingredients_and_directions_button_test" time="0.001" classname="com.eduven.testcase.CuisinePageTestCases">
    <skipped/>
  </testcase> <!-- cuisine_page_verify_ingredients_and_directions_button_test -->
  <testcase name="cuisine_page_verify_ingredients_and_directions_button_action_test" time="0.0" classname="com.eduven.testcase.CuisinePageTestCases">
    <skipped/>
  </testcase> <!-- cuisine_page_verify_ingredients_and_directions_button_action_test -->
  <testcase name="cuisine_page_verify_cooking_servings_test" time="0.0" classname="com.eduven.testcase.CuisinePageTestCases">
    <skipped/>
  </testcase> <!-- cuisine_page_verify_cooking_servings_test -->
  <testcase name="cuisine_page_verify_nutrition_test" time="0.0" classname="com.eduven.testcase.CuisinePageTestCases">
    <skipped/>
  </testcase> <!-- cuisine_page_verify_nutrition_test -->
  <testcase name="cuisine_page_verify_contibute_entity" time="0.0" classname="com.eduven.testcase.CuisinePageTestCases">
    <skipped/>
  </testcase> <!-- cuisine_page_verify_contibute_entity -->
  <testcase name="movies_page_test" time="3.038" classname="com.eduven.testcase.MoviesPageTestCases"/>
  <testcase name="movies_page_header_test" time="1.019" classname="com.eduven.testcase.MoviesPageTestCases">
    <failure type="org.openqa.selenium.remote.SessionNotFoundException" message="
Command duration or timeout: 5 milliseconds
Build info: version: &amp;apos;2.51.0&amp;apos;, revision: &amp;apos;1af067d&amp;apos;, time: &amp;apos;2016-02-05 19:15:17&amp;apos;
System info: host: &amp;apos;Akashs-Mac-mini.local&amp;apos;, ip: &amp;apos;10.30.30.97&amp;apos;, os.name: &amp;apos;Mac OS X&amp;apos;, os.arch: &amp;apos;x86_64&amp;apos;, os.version: &amp;apos;10.10.5&amp;apos;, java.version: &amp;apos;1.8.0_74&amp;apos;
Driver info: io.appium.java_client.android.AndroidDriver
Capabilities [{app=/Users/hiteshbhardwaj/Desktop/Automation/app/canada/CGCanada.apk, appPackage=com.eduven.cg.canada, networkConnectionEnabled=true, warnings={}, appiumVersion=1.4.13, databaseEnabled=false, deviceName=014E0F500200D002, platform=LINUX, appActivity=com.eduven.cg.activity.CheckSDCard, desired={app=/Users/hiteshbhardwaj/Desktop/Automation/app/canada/CGCanada.apk, appPackage=com.eduven.cg.canada, appActivity=com.eduven.cg.activity.CheckSDCard, platformVersion=4.4, appiumVersion=1.4.13, automationName=Appium, platformName=Android, deviceName=014E0F500200D002}, platformVersion=4.3, webStorageEnabled=false, locationContextEnabled=false, automationName=Appium, browserName=Android, takesScreenshot=true, javascriptEnabled=true, platformName=Android}]
Session ID: 250b5b4b-418b-46cf-85af-65c8710cbcb1">
      <![CDATA[org.openqa.selenium.remote.SessionNotFoundException: 
Command duration or timeout: 5 milliseconds
Build info: version: '2.51.0', revision: '1af067d', time: '2016-02-05 19:15:17'
System info: host: 'Akashs-Mac-mini.local', ip: '10.30.30.97', os.name: 'Mac OS X', os.arch: 'x86_64', os.version: '10.10.5', java.version: '1.8.0_74'
Driver info: io.appium.java_client.android.AndroidDriver
Capabilities [{app=/Users/hiteshbhardwaj/Desktop/Automation/app/canada/CGCanada.apk, appPackage=com.eduven.cg.canada, networkConnectionEnabled=true, warnings={}, appiumVersion=1.4.13, databaseEnabled=false, deviceName=014E0F500200D002, platform=LINUX, appActivity=com.eduven.cg.activity.CheckSDCard, desired={app=/Users/hiteshbhardwaj/Desktop/Automation/app/canada/CGCanada.apk, appPackage=com.eduven.cg.canada, appActivity=com.eduven.cg.activity.CheckSDCard, platformVersion=4.4, appiumVersion=1.4.13, automationName=Appium, platformName=Android, deviceName=014E0F500200D002}, platformVersion=4.3, webStorageEnabled=false, locationContextEnabled=false, automationName=Appium, browserName=Android, takesScreenshot=true, javascriptEnabled=true, platformName=Android}]
Session ID: 250b5b4b-418b-46cf-85af-65c8710cbcb1
	at sun.reflect.GeneratedConstructorAccessor51.newInstance(Unknown Source)
	at sun.reflect.DelegatingConstructorAccessorImpl.newInstance(DelegatingConstructorAccessorImpl.java:45)
	at java.lang.reflect.Constructor.newInstance(Constructor.java:423)
	at org.openqa.selenium.remote.ErrorHandler.createThrowable(ErrorHandler.java:206)
	at org.openqa.selenium.remote.ErrorHandler.throwIfResponseFailed(ErrorHandler.java:164)
	at org.openqa.selenium.remote.RemoteWebDriver.execute(RemoteWebDriver.java:678)
	at io.appium.java_client.DefaultGenericMobileDriver.execute(DefaultGenericMobileDriver.java:42)
	at io.appium.java_client.AppiumDriver.execute(AppiumDriver.java:206)
	at org.openqa.selenium.remote.RemoteWebDriver$RemoteNavigation.back(RemoteWebDriver.java:961)
	at com.eduven.utils.Reusables.stepBack(Reusables.java:175)
	at com.eduven.testcase.MoviesPageTestCases.movies_page_header_test(MoviesPageTestCases.java:27)
	at sun.reflect.NativeMethodAccessorImpl.invoke0(Native Method)
	at sun.reflect.NativeMethodAccessorImpl.invoke(NativeMethodAccessorImpl.java:62)
	at sun.reflect.DelegatingMethodAccessorImpl.invoke(DelegatingMethodAccessorImpl.java:43)
	at java.lang.reflect.Method.invoke(Method.java:498)
	at org.testng.internal.MethodInvocationHelper.invokeMethod(MethodInvocationHelper.java:85)
	at org.testng.internal.Invoker.invokeMethod(Invoker.java:639)
	at org.testng.internal.Invoker.invokeTestMethod(Invoker.java:816)
	at org.testng.internal.Invoker.invokeTestMethods(Invoker.java:1124)
	at org.testng.internal.TestMethodWorker.invokeTestMethods(TestMethodWorker.java:125)
	at org.testng.internal.TestMethodWorker.run(TestMethodWorker.java:108)
	at org.testng.TestRunner.privateRun(TestRunner.java:774)
	at org.testng.TestRunner.run(TestRunner.java:624)
	at org.testng.SuiteRunner.runTest(SuiteRunner.java:359)
	at org.testng.SuiteRunner.runSequentially(SuiteRunner.java:354)
	at org.testng.SuiteRunner.privateRun(SuiteRunner.java:312)
	at org.testng.SuiteRunner.run(SuiteRunner.java:261)
	at org.testng.SuiteRunnerWorker.runSuite(SuiteRunnerWorker.java:52)
	at org.testng.SuiteRunnerWorker.run(SuiteRunnerWorker.java:86)
	at org.testng.TestNG.runSuitesSequentially(TestNG.java:1215)
	at org.testng.TestNG.runSuitesLocally(TestNG.java:1140)
	at org.testng.TestNG.run(TestNG.java:1048)
	at com.eduven.utils.RunTestng.main(RunTestng.java:65)
]]>
    </failure>
  </testcase> <!-- movies_page_header_test -->
  <testcase name="movies_page_entity_test" time="0.0" classname="com.eduven.testcase.MoviesPageTestCases">
    <skipped/>
  </testcase> <!-- movies_page_entity_test -->
  <testcase name="movies_page_free_entity_test" time="0.0" classname="com.eduven.testcase.MoviesPageTestCases">
    <skipped/>
  </testcase> <!-- movies_page_free_entity_test -->
  <testcase name="movies_page_premium_entity_test" time="0.0" classname="com.eduven.testcase.MoviesPageTestCases">
    <skipped/>
  </testcase> <!-- movies_page_premium_entity_test -->
  <testcase name="movies_page_verify_contribute_entity_test" time="0.0" classname="com.eduven.testcase.MoviesPageTestCases">
    <skipped/>
  </testcase> <!-- movies_page_verify_contribute_entity_test -->
  <testcase name="carnivals_festivals_page_test" time="1.009" classname="com.eduven.testcase.CarnivalsFestivalsPageTestCases"/>
  <testcase name="carnivals_festivals_page_header_test" time="1.026" classname="com.eduven.testcase.CarnivalsFestivalsPageTestCases">
    <failure type="org.openqa.selenium.remote.SessionNotFoundException" message="
Command duration or timeout: 6 milliseconds
Build info: version: &amp;apos;2.51.0&amp;apos;, revision: &amp;apos;1af067d&amp;apos;, time: &amp;apos;2016-02-05 19:15:17&amp;apos;
System info: host: &amp;apos;Akashs-Mac-mini.local&amp;apos;, ip: &amp;apos;10.30.30.97&amp;apos;, os.name: &amp;apos;Mac OS X&amp;apos;, os.arch: &amp;apos;x86_64&amp;apos;, os.version: &amp;apos;10.10.5&amp;apos;, java.version: &amp;apos;1.8.0_74&amp;apos;
Driver info: io.appium.java_client.android.AndroidDriver
Capabilities [{app=/Users/hiteshbhardwaj/Desktop/Automation/app/canada/CGCanada.apk, appPackage=com.eduven.cg.canada, networkConnectionEnabled=true, warnings={}, appiumVersion=1.4.13, databaseEnabled=false, deviceName=014E0F500200D002, platform=LINUX, appActivity=com.eduven.cg.activity.CheckSDCard, desired={app=/Users/hiteshbhardwaj/Desktop/Automation/app/canada/CGCanada.apk, appPackage=com.eduven.cg.canada, appActivity=com.eduven.cg.activity.CheckSDCard, platformVersion=4.4, appiumVersion=1.4.13, automationName=Appium, platformName=Android, deviceName=014E0F500200D002}, platformVersion=4.3, webStorageEnabled=false, locationContextEnabled=false, automationName=Appium, browserName=Android, takesScreenshot=true, javascriptEnabled=true, platformName=Android}]
Session ID: 250b5b4b-418b-46cf-85af-65c8710cbcb1">
      <![CDATA[org.openqa.selenium.remote.SessionNotFoundException: 
Command duration or timeout: 6 milliseconds
Build info: version: '2.51.0', revision: '1af067d', time: '2016-02-05 19:15:17'
System info: host: 'Akashs-Mac-mini.local', ip: '10.30.30.97', os.name: 'Mac OS X', os.arch: 'x86_64', os.version: '10.10.5', java.version: '1.8.0_74'
Driver info: io.appium.java_client.android.AndroidDriver
Capabilities [{app=/Users/hiteshbhardwaj/Desktop/Automation/app/canada/CGCanada.apk, appPackage=com.eduven.cg.canada, networkConnectionEnabled=true, warnings={}, appiumVersion=1.4.13, databaseEnabled=false, deviceName=014E0F500200D002, platform=LINUX, appActivity=com.eduven.cg.activity.CheckSDCard, desired={app=/Users/hiteshbhardwaj/Desktop/Automation/app/canada/CGCanada.apk, appPackage=com.eduven.cg.canada, appActivity=com.eduven.cg.activity.CheckSDCard, platformVersion=4.4, appiumVersion=1.4.13, automationName=Appium, platformName=Android, deviceName=014E0F500200D002}, platformVersion=4.3, webStorageEnabled=false, locationContextEnabled=false, automationName=Appium, browserName=Android, takesScreenshot=true, javascriptEnabled=true, platformName=Android}]
Session ID: 250b5b4b-418b-46cf-85af-65c8710cbcb1
	at sun.reflect.GeneratedConstructorAccessor51.newInstance(Unknown Source)
	at sun.reflect.DelegatingConstructorAccessorImpl.newInstance(DelegatingConstructorAccessorImpl.java:45)
	at java.lang.reflect.Constructor.newInstance(Constructor.java:423)
	at org.openqa.selenium.remote.ErrorHandler.createThrowable(ErrorHandler.java:206)
	at org.openqa.selenium.remote.ErrorHandler.throwIfResponseFailed(ErrorHandler.java:164)
	at org.openqa.selenium.remote.RemoteWebDriver.execute(RemoteWebDriver.java:678)
	at io.appium.java_client.DefaultGenericMobileDriver.execute(DefaultGenericMobileDriver.java:42)
	at io.appium.java_client.AppiumDriver.execute(AppiumDriver.java:206)
	at org.openqa.selenium.remote.RemoteWebDriver$RemoteNavigation.back(RemoteWebDriver.java:961)
	at com.eduven.utils.Reusables.stepBack(Reusables.java:175)
	at com.eduven.testcase.CarnivalsFestivalsPageTestCases.carnivals_festivals_page_header_test(CarnivalsFestivalsPageTestCases.java:29)
	at sun.reflect.NativeMethodAccessorImpl.invoke0(Native Method)
	at sun.reflect.NativeMethodAccessorImpl.invoke(NativeMethodAccessorImpl.java:62)
	at sun.reflect.DelegatingMethodAccessorImpl.invoke(DelegatingMethodAccessorImpl.java:43)
	at java.lang.reflect.Method.invoke(Method.java:498)
	at org.testng.internal.MethodInvocationHelper.invokeMethod(MethodInvocationHelper.java:85)
	at org.testng.internal.Invoker.invokeMethod(Invoker.java:639)
	at org.testng.internal.Invoker.invokeTestMethod(Invoker.java:816)
	at org.testng.internal.Invoker.invokeTestMethods(Invoker.java:1124)
	at org.testng.internal.TestMethodWorker.invokeTestMethods(TestMethodWorker.java:125)
	at org.testng.internal.TestMethodWorker.run(TestMethodWorker.java:108)
	at org.testng.TestRunner.privateRun(TestRunner.java:774)
	at org.testng.TestRunner.run(TestRunner.java:624)
	at org.testng.SuiteRunner.runTest(SuiteRunner.java:359)
	at org.testng.SuiteRunner.runSequentially(SuiteRunner.java:354)
	at org.testng.SuiteRunner.privateRun(SuiteRunner.java:312)
	at org.testng.SuiteRunner.run(SuiteRunner.java:261)
	at org.testng.SuiteRunnerWorker.runSuite(SuiteRunnerWorker.java:52)
	at org.testng.SuiteRunnerWorker.run(SuiteRunnerWorker.java:86)
	at org.testng.TestNG.runSuitesSequentially(TestNG.java:1215)
	at org.testng.TestNG.runSuitesLocally(TestNG.java:1140)
	at org.testng.TestNG.run(TestNG.java:1048)
	at com.eduven.utils.RunTestng.main(RunTestng.java:65)
]]>
    </failure>
  </testcase> <!-- carnivals_festivals_page_header_test -->
  <testcase name="carnivals_festivals_page_entity_test" time="0.0" classname="com.eduven.testcase.CarnivalsFestivalsPageTestCases">
    <skipped/>
  </testcase> <!-- carnivals_festivals_page_entity_test -->
  <testcase name="carnivals_festivals_page_free_entity_test" time="0.001" classname="com.eduven.testcase.CarnivalsFestivalsPageTestCases">
    <skipped/>
  </testcase> <!-- carnivals_festivals_page_free_entity_test -->
  <testcase name="carnivals_festivals_page_premium_entity_test" time="0.0" classname="com.eduven.testcase.CarnivalsFestivalsPageTestCases">
    <skipped/>
  </testcase> <!-- carnivals_festivals_page_premium_entity_test -->
  <testcase name="carnivals_festivals_page_verify_contribute_entity_test" time="0.0" classname="com.eduven.testcase.CarnivalsFestivalsPageTestCases">
    <skipped/>
  </testcase> <!-- carnivals_festivals_page_verify_contribute_entity_test -->
  <testcase name="carnivals_festivals_page_buy_subscription" time="0.0" classname="com.eduven.testcase.CarnivalsFestivalsPageTestCases">
    <skipped/>
  </testcase> <!-- carnivals_festivals_page_buy_subscription -->
</testsuite> <!-- Regression Testing -->
