<html>
<head>
<title>TestNG:  TestBrowser</title>
<link href="../testng.css" rel="stylesheet" type="text/css" />
<link href="../my-testng.css" rel="stylesheet" type="text/css" />

<style type="text/css">
.log { display: none;} 
.stack-trace { display: none;} 
</style>
<script type="text/javascript">
<!--
function flip(e) {
  current = e.style.display;
  if (current == 'block') {
    e.style.display = 'none';
    return 0;
  }
  else {
    e.style.display = 'block';
    return 1;
  }
}

function toggleBox(szDivId, elem, msg1, msg2)
{
  var res = -1;  if (document.getElementById) {
    res = flip(document.getElementById(szDivId));
  }
  else if (document.all) {
    // this is the way old msie versions work
    res = flip(document.all[szDivId]);
  }
  if(elem) {
    if(res == 0) elem.innerHTML = msg1; else elem.innerHTML = msg2;
  }

}

function toggleAllBoxes() {
  if (document.getElementsByTagName) {
    d = document.getElementsByTagName('div');
    for (i = 0; i < d.length; i++) {
      if (d[i].className == 'log') {
        flip(d[i]);
      }
    }
  }
}

// -->
</script>

</head>
<body>
<h2 align='center'>TestBrowser</h2><table border='1' align="center">
<tr>
<td>Tests passed/Failed/Skipped:</td><td>0/1/0</td>
</tr><tr>
<td>Started on:</td><td>Fri Apr 29 15:39:48 IST 2016</td>
</tr>
<tr><td>Total time:</td><td>18 seconds (18195 ms)</td>
</tr><tr>
<td>Included groups:</td><td></td>
</tr><tr>
<td>Excluded groups:</td><td></td>
</tr>
</table><p/>
<small><i>(Hover the method name to see the test class name)</i></small><p/>
<table width='100%' border='1' class='invocation-failed'>
<tr><td colspan='4' align='center'><b>FAILED TESTS</b></td></tr>
<tr><td><b>Test method</b></td>
<td width="30%"><b>Exception</b></td>
<td width="10%"><b>Time (seconds)</b></td>
<td><b>Instance</b></td>
</tr>
<tr>
<td title='testing.NewTest1.testParameters()'><b>testParameters</b><br>Test class: testing.NewTest1<br>Parameters: FF</td>
<td><div><pre>org.openqa.selenium.WebDriverException: [JavaScript Error: &quot;target.selectedBrowser is undefined&quot; {file: &quot;resource://gre/modules/RemoteAddonsParent.jsm&quot; line: 881}]&apos;[JavaScript Error: &quot;target.selectedBrowser is undefined&quot; {file: &quot;resource://gre/modules/RemoteAddonsParent.jsm&quot; line: 881}]&apos; when calling method: [nsICommandProcessor::execute]
Command duration or timeout: 1.28 seconds
Build info: version: &apos;2.51.0&apos;, revision: &apos;1af067d&apos;, time: &apos;2016-02-05 19:11:55&apos;
System info: host: &apos;Hitesh-Mac-Mini.local&apos;, ip: &apos;10.30.30.97&apos;, os.name: &apos;Mac OS X&apos;, os.arch: &apos;x86_64&apos;, os.version: &apos;10.10.5&apos;, java.version: &apos;1.8.0_74&apos;
Driver info: org.openqa.selenium.firefox.FirefoxDriver
Capabilities [{applicationCacheEnabled=true, rotatable=false, handlesAlerts=true, databaseEnabled=true, version=45.0.2, platform=MAC, nativeEvents=false, acceptSslCerts=true, webStorageEnabled=true, locationContextEnabled=true, browserName=firefox, takesScreenshot=true, javascriptEnabled=true, cssSelectorsEnabled=true}]
Session ID: 6c3699bb-03b1-334d-b3ab-64430aa1be39
	at org.openqa.selenium.remote.ErrorHandler.createThrowable(ErrorHandler.java:206)
	at org.openqa.selenium.remote.ErrorHandler.throwIfResponseFailed(ErrorHandler.java:158)
	at org.openqa.selenium.remote.RemoteWebDriver.execute(RemoteWebDriver.java:678)
	at org.openqa.selenium.remote.RemoteWebDriver.get(RemoteWebDriver.java:316)
	at testing.NewTest1.testParameters(NewTest1.java:19)
Caused by: org.openqa.selenium.WebDriverException: [JavaScript Error: &quot;target.selectedBrowser is undefined&quot; {file: &quot;resource://gre/modules/RemoteAddonsParent.jsm&quot; line: 881}]&apos;[JavaScript Error: &quot;target.selectedBrowser is undefined&quot; {file: &quot;resource://gre/modules/RemoteAddonsParent.jsm&quot; line: 881}]&apos; when calling method: [nsICommandProcessor::execute]
Build info: version: &apos;2.51.0&apos;, revision: &apos;1af067d&apos;, time: &apos;2016-02-05 19:11:55&apos;
System info: host: &apos;Hitesh-Mac-Mini.local&apos;, ip: &apos;10.30.30.97&apos;, os.name: &apos;Mac OS X&apos;, os.arch: &apos;x86_64&apos;, os.version: &apos;10.10.5&apos;, java.version: &apos;1.8.0_74&apos;
Driver info: driver.version: unknown
	at &lt;anonymous class&gt;.Dispatcher.executeAs/&lt;(file:///var/folders/v2/s_nhjz013yvdf6djb20d1f640000gp/T/anonymous3816577095157510783webdriver-profile/extensions/fxdriver@googlecode.com/components/driver-component.js:9511)
	at &lt;anonymous class&gt;.Resource.prototype.handle(file:///var/folders/v2/s_nhjz013yvdf6djb20d1f640000gp/T/anonymous3816577095157510783webdriver-profile/extensions/fxdriver@googlecode.com/components/driver-component.js:9658)
	at &lt;anonymous class&gt;.Dispatcher.prototype.dispatch(file:///var/folders/v2/s_nhjz013yvdf6djb20d1f640000gp/T/anonymous3816577095157510783webdriver-profile/extensions/fxdriver@googlecode.com/components/driver-component.js:9605)
	at &lt;anonymous class&gt;.WebDriverServer/&lt;.handle(file:///var/folders/v2/s_nhjz013yvdf6djb20d1f640000gp/T/anonymous3816577095157510783webdriver-profile/extensions/fxdriver@googlecode.com/components/driver-component.js:12458)
	at &lt;anonymous class&gt;.createHandlerFunc/&lt;(file:///var/folders/v2/s_nhjz013yvdf6djb20d1f640000gp/T/anonymous3816577095157510783webdriver-profile/extensions/fxdriver@googlecode.com/components/httpd.js:2054)
	at &lt;anonymous class&gt;.ServerHandler.prototype.handleResponse(file:///var/folders/v2/s_nhjz013yvdf6djb20d1f640000gp/T/anonymous3816577095157510783webdriver-profile/extensions/fxdriver@googlecode.com/components/httpd.js:2387)
	at &lt;anonymous class&gt;.Connection.prototype.process(file:///var/folders/v2/s_nhjz013yvdf6djb20d1f640000gp/T/anonymous3816577095157510783webdriver-profile/extensions/fxdriver@googlecode.com/components/httpd.js:1223)
	at &lt;anonymous class&gt;.RequestReader.prototype._handleResponse(file:///var/folders/v2/s_nhjz013yvdf6djb20d1f640000gp/T/anonymous3816577095157510783webdriver-profile/extensions/fxdriver@googlecode.com/components/httpd.js:1677)
	at &lt;anonymous class&gt;.RequestReader.prototype._processBody(file:///var/folders/v2/s_nhjz013yvdf6djb20d1f640000gp/T/anonymous3816577095157510783webdriver-profile/extensions/fxdriver@googlecode.com/components/httpd.js:1525)
	at &lt;anonymous class&gt;.RequestReader.prototype.onInputStreamReady(file:///var/folders/v2/s_nhjz013yvdf6djb20d1f640000gp/T/anonymous3816577095157510783webdriver-profile/extensions/fxdriver@googlecode.com/components/httpd.js:1393)
... Removed 28 stack frames</pre></div><a href='#' onClick='toggleBox("stack-trace193388045", this, "Click to show all stack frames", "Click to hide stack frames")'>Click to show all stack frames</a>
<div class='stack-trace' id='stack-trace193388045'><pre>org.openqa.selenium.WebDriverException: [JavaScript Error: &quot;target.selectedBrowser is undefined&quot; {file: &quot;resource://gre/modules/RemoteAddonsParent.jsm&quot; line: 881}]&apos;[JavaScript Error: &quot;target.selectedBrowser is undefined&quot; {file: &quot;resource://gre/modules/RemoteAddonsParent.jsm&quot; line: 881}]&apos; when calling method: [nsICommandProcessor::execute]
Command duration or timeout: 1.28 seconds
Build info: version: &apos;2.51.0&apos;, revision: &apos;1af067d&apos;, time: &apos;2016-02-05 19:11:55&apos;
System info: host: &apos;Hitesh-Mac-Mini.local&apos;, ip: &apos;10.30.30.97&apos;, os.name: &apos;Mac OS X&apos;, os.arch: &apos;x86_64&apos;, os.version: &apos;10.10.5&apos;, java.version: &apos;1.8.0_74&apos;
Driver info: org.openqa.selenium.firefox.FirefoxDriver
Capabilities [{applicationCacheEnabled=true, rotatable=false, handlesAlerts=true, databaseEnabled=true, version=45.0.2, platform=MAC, nativeEvents=false, acceptSslCerts=true, webStorageEnabled=true, locationContextEnabled=true, browserName=firefox, takesScreenshot=true, javascriptEnabled=true, cssSelectorsEnabled=true}]
Session ID: 6c3699bb-03b1-334d-b3ab-64430aa1be39
	at sun.reflect.NativeConstructorAccessorImpl.newInstance0(Native Method)
	at sun.reflect.NativeConstructorAccessorImpl.newInstance(NativeConstructorAccessorImpl.java:62)
	at sun.reflect.DelegatingConstructorAccessorImpl.newInstance(DelegatingConstructorAccessorImpl.java:45)
	at java.lang.reflect.Constructor.newInstance(Constructor.java:423)
	at org.openqa.selenium.remote.ErrorHandler.createThrowable(ErrorHandler.java:206)
	at org.openqa.selenium.remote.ErrorHandler.throwIfResponseFailed(ErrorHandler.java:158)
	at org.openqa.selenium.remote.RemoteWebDriver.execute(RemoteWebDriver.java:678)
	at org.openqa.selenium.remote.RemoteWebDriver.get(RemoteWebDriver.java:316)
	at testing.NewTest1.testParameters(NewTest1.java:19)
	at sun.reflect.NativeMethodAccessorImpl.invoke0(Native Method)
	at sun.reflect.NativeMethodAccessorImpl.invoke(NativeMethodAccessorImpl.java:62)
	at sun.reflect.DelegatingMethodAccessorImpl.invoke(DelegatingMethodAccessorImpl.java:43)
	at java.lang.reflect.Method.invoke(Method.java:498)
	at org.testng.internal.MethodInvocationHelper.invokeMethod(MethodInvocationHelper.java:86)
	at org.testng.internal.Invoker.invokeMethod(Invoker.java:645)
	at org.testng.internal.Invoker.invokeTestMethod(Invoker.java:822)
	at org.testng.internal.Invoker.invokeTestMethods(Invoker.java:1130)
	at org.testng.internal.TestMethodWorker.invokeTestMethods(TestMethodWorker.java:129)
	at org.testng.internal.TestMethodWorker.run(TestMethodWorker.java:112)
	at org.testng.TestRunner.privateRun(TestRunner.java:782)
	at org.testng.TestRunner.run(TestRunner.java:632)
	at org.testng.SuiteRunner.runTest(SuiteRunner.java:366)
	at org.testng.SuiteRunner.runSequentially(SuiteRunner.java:361)
	at org.testng.SuiteRunner.privateRun(SuiteRunner.java:319)
	at org.testng.SuiteRunner.run(SuiteRunner.java:268)
	at org.testng.SuiteRunnerWorker.runSuite(SuiteRunnerWorker.java:52)
	at org.testng.SuiteRunnerWorker.run(SuiteRunnerWorker.java:86)
	at org.testng.TestNG.runSuitesSequentially(TestNG.java:1244)
	at org.testng.TestNG.runSuitesLocally(TestNG.java:1169)
	at org.testng.TestNG.run(TestNG.java:1064)
	at org.testng.remote.RemoteTestNG.run(RemoteTestNG.java:113)
	at org.testng.remote.RemoteTestNG.initAndRun(RemoteTestNG.java:206)
	at org.testng.remote.RemoteTestNG.main(RemoteTestNG.java:177)
Caused by: org.openqa.selenium.WebDriverException: [JavaScript Error: &quot;target.selectedBrowser is undefined&quot; {file: &quot;resource://gre/modules/RemoteAddonsParent.jsm&quot; line: 881}]&apos;[JavaScript Error: &quot;target.selectedBrowser is undefined&quot; {file: &quot;resource://gre/modules/RemoteAddonsParent.jsm&quot; line: 881}]&apos; when calling method: [nsICommandProcessor::execute]
Build info: version: &apos;2.51.0&apos;, revision: &apos;1af067d&apos;, time: &apos;2016-02-05 19:11:55&apos;
System info: host: &apos;Hitesh-Mac-Mini.local&apos;, ip: &apos;10.30.30.97&apos;, os.name: &apos;Mac OS X&apos;, os.arch: &apos;x86_64&apos;, os.version: &apos;10.10.5&apos;, java.version: &apos;1.8.0_74&apos;
Driver info: driver.version: unknown
	at &lt;anonymous class&gt;.Dispatcher.executeAs/&lt;(file:///var/folders/v2/s_nhjz013yvdf6djb20d1f640000gp/T/anonymous3816577095157510783webdriver-profile/extensions/fxdriver@googlecode.com/components/driver-component.js:9511)
	at &lt;anonymous class&gt;.Resource.prototype.handle(file:///var/folders/v2/s_nhjz013yvdf6djb20d1f640000gp/T/anonymous3816577095157510783webdriver-profile/extensions/fxdriver@googlecode.com/components/driver-component.js:9658)
	at &lt;anonymous class&gt;.Dispatcher.prototype.dispatch(file:///var/folders/v2/s_nhjz013yvdf6djb20d1f640000gp/T/anonymous3816577095157510783webdriver-profile/extensions/fxdriver@googlecode.com/components/driver-component.js:9605)
	at &lt;anonymous class&gt;.WebDriverServer/&lt;.handle(file:///var/folders/v2/s_nhjz013yvdf6djb20d1f640000gp/T/anonymous3816577095157510783webdriver-profile/extensions/fxdriver@googlecode.com/components/driver-component.js:12458)
	at &lt;anonymous class&gt;.createHandlerFunc/&lt;(file:///var/folders/v2/s_nhjz013yvdf6djb20d1f640000gp/T/anonymous3816577095157510783webdriver-profile/extensions/fxdriver@googlecode.com/components/httpd.js:2054)
	at &lt;anonymous class&gt;.ServerHandler.prototype.handleResponse(file:///var/folders/v2/s_nhjz013yvdf6djb20d1f640000gp/T/anonymous3816577095157510783webdriver-profile/extensions/fxdriver@googlecode.com/components/httpd.js:2387)
	at &lt;anonymous class&gt;.Connection.prototype.process(file:///var/folders/v2/s_nhjz013yvdf6djb20d1f640000gp/T/anonymous3816577095157510783webdriver-profile/extensions/fxdriver@googlecode.com/components/httpd.js:1223)
	at &lt;anonymous class&gt;.RequestReader.prototype._handleResponse(file:///var/folders/v2/s_nhjz013yvdf6djb20d1f640000gp/T/anonymous3816577095157510783webdriver-profile/extensions/fxdriver@googlecode.com/components/httpd.js:1677)
	at &lt;anonymous class&gt;.RequestReader.prototype._processBody(file:///var/folders/v2/s_nhjz013yvdf6djb20d1f640000gp/T/anonymous3816577095157510783webdriver-profile/extensions/fxdriver@googlecode.com/components/httpd.js:1525)
	at &lt;anonymous class&gt;.RequestReader.prototype.onInputStreamReady(file:///var/folders/v2/s_nhjz013yvdf6djb20d1f640000gp/T/anonymous3816577095157510783webdriver-profile/extensions/fxdriver@googlecode.com/components/httpd.js:1393)
</pre></div></td>
<td>18</td>
<td>testing.NewTest1@3498ed</td></tr>
</table><p>
</body>
</html>