<?xml version="1.0" encoding="UTF-8"?>
<!-- Generated by org.testng.reporters.JUnitXMLReporter -->
<testsuite hostname="Hitesh-Mac-Mini.local" name="TestBrowser"
	tests="1" failures="1" timestamp="29 Apr 2016 10:10:07 GMT" time="18.195"
	errors="0">
	<testcase name="testParameters" time="18.086" classname="testing.NewTest1">
		<failure type="org.openqa.selenium.WebDriverException"
			message="[JavaScript Error: &amp;quot;target.selectedBrowser is undefined&amp;quot; {file: &amp;quot;resource://gre/modules/RemoteAddonsParent.jsm&amp;quot; line: 881}]&amp;apos;[JavaScript Error: &amp;quot;target.selectedBrowser is undefined&amp;quot; {file: &amp;quot;resource://gre/modules/RemoteAddonsParent.jsm&amp;quot; line: 881}]&amp;apos; when calling method: [nsICommandProcessor::execute]
Command duration or timeout: 1.28 seconds
Build info: version: &amp;apos;2.51.0&amp;apos;, revision: &amp;apos;1af067d&amp;apos;, time: &amp;apos;2016-02-05 19:11:55&amp;apos;
System info: host: &amp;apos;Hitesh-Mac-Mini.local&amp;apos;, ip: &amp;apos;10.30.30.97&amp;apos;, os.name: &amp;apos;Mac OS X&amp;apos;, os.arch: &amp;apos;x86_64&amp;apos;, os.version: &amp;apos;10.10.5&amp;apos;, java.version: &amp;apos;1.8.0_74&amp;apos;
Driver info: org.openqa.selenium.firefox.FirefoxDriver
Capabilities [{applicationCacheEnabled=true, rotatable=false, handlesAlerts=true, databaseEnabled=true, version=45.0.2, platform=MAC, nativeEvents=false, acceptSslCerts=true, webStorageEnabled=true, locationContextEnabled=true, browserName=firefox, takesScreenshot=true, javascriptEnabled=true, cssSelectorsEnabled=true}]
Session ID: 6c3699bb-03b1-334d-b3ab-64430aa1be39">
      <![CDATA[org.openqa.selenium.WebDriverException: [JavaScript Error: "target.selectedBrowser is undefined" {file: "resource://gre/modules/RemoteAddonsParent.jsm" line: 881}]'[JavaScript Error: "target.selectedBrowser is undefined" {file: "resource://gre/modules/RemoteAddonsParent.jsm" line: 881}]' when calling method: [nsICommandProcessor::execute]
Command duration or timeout: 1.28 seconds
Build info: version: '2.51.0', revision: '1af067d', time: '2016-02-05 19:11:55'
System info: host: 'Hitesh-Mac-Mini.local', ip: '10.30.30.97', os.name: 'Mac OS X', os.arch: 'x86_64', os.version: '10.10.5', java.version: '1.8.0_74'
Driver info: org.openqa.selenium.firefox.FirefoxDriver
Capabilities [{applicationCacheEnabled=true, rotatable=false, handlesAlerts=true, databaseEnabled=true, version=45.0.2, platform=MAC, nativeEvents=false, acceptSslCerts=true, webStorageEnabled=true, locationContextEnabled=true, browserName=firefox, takesScreenshot=true, javascriptEnabled=true, cssSelectorsEnabled=true}]
Session ID: 6c3699bb-03b1-334d-b3ab-64430aa1be39
	at org.openqa.selenium.remote.ErrorHandler.createThrowable(ErrorHandler.java:206)
	at org.openqa.selenium.remote.ErrorHandler.throwIfResponseFailed(ErrorHandler.java:158)
	at org.openqa.selenium.remote.RemoteWebDriver.execute(RemoteWebDriver.java:678)
	at org.openqa.selenium.remote.RemoteWebDriver.get(RemoteWebDriver.java:316)
	at testing.NewTest1.testParameters(NewTest1.java:19)
Caused by: org.openqa.selenium.WebDriverException: [JavaScript Error: "target.selectedBrowser is undefined" {file: "resource://gre/modules/RemoteAddonsParent.jsm" line: 881}]'[JavaScript Error: "target.selectedBrowser is undefined" {file: "resource://gre/modules/RemoteAddonsParent.jsm" line: 881}]' when calling method: [nsICommandProcessor::execute]
Build info: version: '2.51.0', revision: '1af067d', time: '2016-02-05 19:11:55'
System info: host: 'Hitesh-Mac-Mini.local', ip: '10.30.30.97', os.name: 'Mac OS X', os.arch: 'x86_64', os.version: '10.10.5', java.version: '1.8.0_74'
Driver info: driver.version: unknown
	at <anonymous class>.Dispatcher.executeAs/<(file:///var/folders/v2/s_nhjz013yvdf6djb20d1f640000gp/T/anonymous3816577095157510783webdriver-profile/extensions/fxdriver@googlecode.com/components/driver-component.js:9511)
	at <anonymous class>.Resource.prototype.handle(file:///var/folders/v2/s_nhjz013yvdf6djb20d1f640000gp/T/anonymous3816577095157510783webdriver-profile/extensions/fxdriver@googlecode.com/components/driver-component.js:9658)
	at <anonymous class>.Dispatcher.prototype.dispatch(file:///var/folders/v2/s_nhjz013yvdf6djb20d1f640000gp/T/anonymous3816577095157510783webdriver-profile/extensions/fxdriver@googlecode.com/components/driver-component.js:9605)
	at <anonymous class>.WebDriverServer/<.handle(file:///var/folders/v2/s_nhjz013yvdf6djb20d1f640000gp/T/anonymous3816577095157510783webdriver-profile/extensions/fxdriver@googlecode.com/components/driver-component.js:12458)
	at <anonymous class>.createHandlerFunc/<(file:///var/folders/v2/s_nhjz013yvdf6djb20d1f640000gp/T/anonymous3816577095157510783webdriver-profile/extensions/fxdriver@googlecode.com/components/httpd.js:2054)
	at <anonymous class>.ServerHandler.prototype.handleResponse(file:///var/folders/v2/s_nhjz013yvdf6djb20d1f640000gp/T/anonymous3816577095157510783webdriver-profile/extensions/fxdriver@googlecode.com/components/httpd.js:2387)
	at <anonymous class>.Connection.prototype.process(file:///var/folders/v2/s_nhjz013yvdf6djb20d1f640000gp/T/anonymous3816577095157510783webdriver-profile/extensions/fxdriver@googlecode.com/components/httpd.js:1223)
	at <anonymous class>.RequestReader.prototype._handleResponse(file:///var/folders/v2/s_nhjz013yvdf6djb20d1f640000gp/T/anonymous3816577095157510783webdriver-profile/extensions/fxdriver@googlecode.com/components/httpd.js:1677)
	at <anonymous class>.RequestReader.prototype._processBody(file:///var/folders/v2/s_nhjz013yvdf6djb20d1f640000gp/T/anonymous3816577095157510783webdriver-profile/extensions/fxdriver@googlecode.com/components/httpd.js:1525)
	at <anonymous class>.RequestReader.prototype.onInputStreamReady(file:///var/folders/v2/s_nhjz013yvdf6djb20d1f640000gp/T/anonymous3816577095157510783webdriver-profile/extensions/fxdriver@googlecode.com/components/httpd.js:1393)
... Removed 28 stack frames]]>
		</failure>
	</testcase> <!-- testParameters -->
</testsuite> <!-- TestBrowser -->
