<?xml version="1.0" encoding="UTF-8"?>
<!-- Generated by org.testng.reporters.JUnitXMLReporter -->
<testsuite hostname="Bhardwaj.local" name="Regression Testing" tests="115" failures="1" timestamp="3 Nov 2016 07:54:51 GMT" time="8191.251" errors="0">
  <testcase name="@AfterTest tearDown" time="0.0" classname="com.eduven.testcase.CheckInterstetialBeforePurchase">
    <failure type="java.lang.IllegalArgumentException" message="wrong number of arguments">
      <![CDATA[java.lang.IllegalArgumentException: wrong number of arguments
	at sun.reflect.NativeMethodAccessorImpl.invoke0(Native Method)
	at sun.reflect.NativeMethodAccessorImpl.invoke(NativeMethodAccessorImpl.java:62)
	at sun.reflect.DelegatingMethodAccessorImpl.invoke(DelegatingMethodAccessorImpl.java:43)
	at java.lang.reflect.Method.invoke(Method.java:498)
	at org.testng.internal.MethodInvocationHelper.invokeMethod(MethodInvocationHelper.java:85)
	at org.testng.internal.Invoker.invokeConfigurationMethod(Invoker.java:510)
	at org.testng.internal.Invoker.invokeConfigurations(Invoker.java:211)
	at org.testng.internal.Invoker.invokeConfigurations(Invoker.java:138)
	at org.testng.TestRunner.afterRun(TestRunner.java:1023)
	at org.testng.TestRunner.run(TestRunner.java:628)
	at org.testng.SuiteRunner.runTest(SuiteRunner.java:359)
	at org.testng.SuiteRunner.runSequentially(SuiteRunner.java:354)
	at org.testng.SuiteRunner.privateRun(SuiteRunner.java:312)
	at org.testng.SuiteRunner.run(SuiteRunner.java:261)
	at org.testng.SuiteRunnerWorker.runSuite(SuiteRunnerWorker.java:52)
	at org.testng.SuiteRunnerWorker.run(SuiteRunnerWorker.java:86)
	at org.testng.TestNG.runSuitesSequentially(TestNG.java:1215)
	at org.testng.TestNG.runSuitesLocally(TestNG.java:1140)
	at org.testng.TestNG.run(TestNG.java:1048)
	at com.eduven.utils.RunTestng.main(RunTestng.java:62)
]]>
    </failure>
  </testcase> <!-- @AfterTest tearDown -->
  <testcase name="@AfterTest tearDown" time="0.0" classname="com.eduven.testcase.CheckInterstetialBeforePurchase">
    <skipped/>
  </testcase> <!-- @AfterTest tearDown -->
  <testcase name="install_app_and_language_selection_test" time="101.472" classname="com.eduven.testcase.HomePageTestCases"/>
  <testcase name="verify_element_on_homePage_test" time="3.656" classname="com.eduven.testcase.HomePageTestCases"/>
  <testcase name="verify_footer_element_on_home_page_test" time="1.329" classname="com.eduven.testcase.HomePageTestCases"/>
  <testcase name="installAppAndLanguageSelectionTest" time="38.828" classname="com.eduven.testcase.CategoryPageTestCases"/>
  <testcase name="verifyCategoryHeaderTxtTest" time="3.166" classname="com.eduven.testcase.CategoryPageTestCases"/>
  <testcase name="verifyCategoryListTest" time="329.658" classname="com.eduven.testcase.CategoryPageTestCases"/>
  <testcase name="verifyCategoryTermCountTest" time="585.845" classname="com.eduven.testcase.CategoryPageTestCases"/>
  <testcase name="installAppAndLanguageSelectionTest" time="40.478" classname="com.eduven.testcase.EduBankPageTestCases"/>
  <testcase name="navigateToEdubankTest" time="49.122" classname="com.eduven.testcase.EduBankPageTestCases"/>
  <testcase name="navigateToTermPageTest" time="55.705" classname="com.eduven.testcase.EduBankPageTestCases"/>
  <testcase name="addTermInEdubankTest" time="6.333" classname="com.eduven.testcase.EduBankPageTestCases"/>
  <testcase name="verifyAddedTermInEdubankTest" time="6.499" classname="com.eduven.testcase.EduBankPageTestCases"/>
  <testcase name="remove_terms_from_Edubank_test" time="4.365" classname="com.eduven.testcase.EduBankPageTestCases"/>
  <testcase name="verifyAddedTermInEdubankAfterRemoveOneTermTest" time="23.367" classname="com.eduven.testcase.EduBankPageTestCases"/>
  <testcase name="removeAllTermsFromEdubankTest" time="2.58" classname="com.eduven.testcase.EduBankPageTestCases"/>
  <testcase name="navigateToEdubankQuicklistTest" time="48.959" classname="com.eduven.testcase.EduBankPageTestCases"/>
  <testcase name="navigateToEquicklistPageTest" time="7.59" classname="com.eduven.testcase.EduBankPageTestCases"/>
  <testcase name="navigateToQuicklistTermPageTest" time="5.377" classname="com.eduven.testcase.EduBankPageTestCases"/>
  <testcase name="addTermInEdubankForQuicklistTest" time="10.209" classname="com.eduven.testcase.EduBankPageTestCases"/>
  <testcase name="verifyAddedTermInEdubankForQuicklistTest" time="6.455" classname="com.eduven.testcase.EduBankPageTestCases"/>
  <testcase name="removeTermsFromEdubankForQuicklistTest" time="4.461" classname="com.eduven.testcase.EduBankPageTestCases"/>
  <testcase name="verifyAddedTermInEdubankForQuicklistAfterRemoveOnTermTest" time="23.792" classname="com.eduven.testcase.EduBankPageTestCases"/>
  <testcase name="removeAllTermsFromEdubankForQuicklistTest" time="1.29" classname="com.eduven.testcase.EduBankPageTestCases"/>
  <testcase name="install_app_and_language_selection_test" time="39.3" classname="com.eduven.testcase.SearchPageTestCases"/>
  <testcase name="navigate_to_search_page_test" time="2.001" classname="com.eduven.testcase.SearchPageTestCases"/>
  <testcase name="verify_search_page_header_test" time="3.115" classname="com.eduven.testcase.SearchPageTestCases"/>
  <testcase name="search_word_for_Unlock_term_test" time="59.974" classname="com.eduven.testcase.SearchPageTestCases"/>
  <testcase name="search_page_audio_test" time="7.282" classname="com.eduven.testcase.SearchPageTestCases"/>
  <testcase name="search_word_test" time="27.932" classname="com.eduven.testcase.SearchPageTestCases"/>
  <testcase name="installAppAndLanguageSelectionTest" time="40.558" classname="com.eduven.testcase.GamesPageTestCases"/>
  <testcase name="navigateToGaemPageTest" time="8.225" classname="com.eduven.testcase.GamesPageTestCases"/>
  <testcase name="verifyGameListNavigationTest" time="889.691" classname="com.eduven.testcase.GamesPageTestCases"/>
  <testcase name="selectGameFromGameListTest" time="13.919" classname="com.eduven.testcase.GamesPageTestCases"/>
  <testcase name="verifyElementOnGameHomeScreenTest" time="2.393" classname="com.eduven.testcase.GamesPageTestCases"/>
  <testcase name="questionCountTest" time="1.075" classname="com.eduven.testcase.GamesPageTestCases"/>
  <testcase name="startGameTest" time="5.052" classname="com.eduven.testcase.GamesPageTestCases"/>
  <testcase name="verifyElementOnMainGamePageScreenTest" time="9.597" classname="com.eduven.testcase.GamesPageTestCases"/>
  <testcase name="selectRandomOptionForQuestionTest" time="12.397" classname="com.eduven.testcase.GamesPageTestCases"/>
  <testcase name="verifyAttemptedQuestionOnScoreBoardTest" time="0.001" classname="com.eduven.testcase.GamesPageTestCases"/>
  <testcase name="verifyWrongAttemptedQuestionOnScoreBoardTest" time="1.055" classname="com.eduven.testcase.GamesPageTestCases"/>
  <testcase name="installAppAndLanguageSelectionTest" time="40.809" classname="com.eduven.testcase.EvMenuPageTestCases"/>
  <testcase name="navigateToMoreAppsPageTest" time="8.475" classname="com.eduven.testcase.EvMenuPageTestCases"/>
  <testcase name="verifyMoreAppsPageLoadedTest" time="4.984" classname="com.eduven.testcase.EvMenuPageTestCases"/>
  <testcase name="navigateToAppListPageTest" time="3.793" classname="com.eduven.testcase.EvMenuPageTestCases"/>
  <testcase name="verifyGooglePlayStorePageLoadedTest" time="10.02" classname="com.eduven.testcase.EvMenuPageTestCases"/>
  <testcase name="navigateContributePageTest" time="7.158" classname="com.eduven.testcase.EvMenuPageTestCases"/>
  <testcase name="verifyContributePageWithoutTextTest" time="13.768" classname="com.eduven.testcase.EvMenuPageTestCases"/>
  <testcase name="verifyContributePageWithCategoryTest" time="19.511" classname="com.eduven.testcase.EvMenuPageTestCases"/>
  <testcase name="verifyContributePageWithWordTest" time="22.502" classname="com.eduven.testcase.EvMenuPageTestCases"/>
  <testcase name="verifyContributePageWithRequiredTextTest" time="67.384" classname="com.eduven.testcase.EvMenuPageTestCases"/>
  <testcase name="categorySettingPageTest" time="431.591" classname="com.eduven.testcase.EvMenuPageTestCases"/>
  <testcase name="wordOfDayTest" time="19.815" classname="com.eduven.testcase.EvMenuPageTestCases"/>
  <testcase name="verifyDislcaimerTest" time="15.266" classname="com.eduven.testcase.EvMenuPageTestCases"/>
  <testcase name="verifyFaqsTest" time="14.597" classname="com.eduven.testcase.EvMenuPageTestCases"/>
  <testcase name="verifyTermAndConditionTest" time="37.325" classname="com.eduven.testcase.EvMenuPageTestCases"/>
  <testcase name="verifyPrivacyPolicyTest" time="58.505" classname="com.eduven.testcase.EvMenuPageTestCases"/>
  <testcase name="checkAllCategoryInCategorySettingTest" time="255.215" classname="com.eduven.testcase.EvMenuPageTestCases"/>
  <testcase name="getInTouchPageTest" time="44.215" classname="com.eduven.testcase.EvMenuPageTestCases"/>
  <testcase name="verifyRateThisAppTest" time="68.773" classname="com.eduven.testcase.EvMenuPageTestCases"/>
  <testcase name="installAppAndLanguageSelectionTest" time="40.031" classname="com.eduven.testcase.TermListPageTestCases"/>
  <testcase name="navigateToEditTermPageTest" time="129.887" classname="com.eduven.testcase.TermListPageTestCases"/>
  <testcase name="verifyContributePageWithoutTextTest" time="12.943" classname="com.eduven.testcase.TermListPageTestCases"/>
  <testcase name="verifyContributePageWithTest" time="21.699" classname="com.eduven.testcase.TermListPageTestCases"/>
  <testcase name="install_app_and_language_selection_test" time="40.975" classname="com.eduven.testcase.QuickListPageTestCases"/>
  <testcase name="navigate_to_quick_list_test" time="5.779" classname="com.eduven.testcase.QuickListPageTestCases"/>
  <testcase name="verify_quick_list_headertxt_test" time="1.087" classname="com.eduven.testcase.QuickListPageTestCases"/>
  <testcase name="verify_quick_list_category_test" time="96.318" classname="com.eduven.testcase.QuickListPageTestCases"/>
  <testcase name="navigate_to_quick_list_term_test" time="5.907" classname="com.eduven.testcase.QuickListPageTestCases"/>
  <testcase name="verify_terms_name_on_termlist_page_test" time="93.03" classname="com.eduven.testcase.QuickListPageTestCases"/>
  <testcase name="verify_unlock_term_name_on_term_list_page_test" time="214.806" classname="com.eduven.testcase.QuickListPageTestCases"/>
  <testcase name="verify_lock_term_name_on_term_list_page_test" time="150.063" classname="com.eduven.testcase.QuickListPageTestCases"/>
  <testcase name="installAppAndLanguageSelectionTest" time="40.182" classname="com.eduven.testcase.AutoPlayPageTestCases"/>
  <testcase name="handlingRateAppPopupTest" time="0.0" classname="com.eduven.testcase.AutoPlayPageTestCases"/>
  <testcase name="verifyCategoryHeaderTxt" time="3.106" classname="com.eduven.testcase.AutoPlayPageTestCases"/>
  <testcase name="selectRandomCategoryTest" time="105.042" classname="com.eduven.testcase.AutoPlayPageTestCases"/>
  <testcase name="verifyButtonsRelatedAutPlayTest" time="4.553" classname="com.eduven.testcase.AutoPlayPageTestCases"/>
  <testcase name="getFirstTermNameBeforeStartTest" time="0.13" classname="com.eduven.testcase.AutoPlayPageTestCases"/>
  <testcase name="increaseDelayTimeTest" time="43.125" classname="com.eduven.testcase.AutoPlayPageTestCases"/>
  <testcase name="startTurboPlayTest" time="22.662" classname="com.eduven.testcase.AutoPlayPageTestCases"/>
  <testcase name="verifyElementAfterStartTurboPlayTest" time="1.075" classname="com.eduven.testcase.AutoPlayPageTestCases">
    <failure type="java.lang.AssertionError" message="Error Message!! Shuffle button is enable. expected [false] but found [true]">
      <![CDATA[java.lang.AssertionError: Error Message!! Shuffle button is enable. expected [false] but found [true]
	at org.testng.Assert.fail(Assert.java:94)
	at org.testng.Assert.failNotEquals(Assert.java:496)
	at org.testng.Assert.assertFalse(Assert.java:63)
	at com.eduven.utils.Reusables.verifyElementDisable(Reusables.java:708)
	at com.eduven.modules.AutoPlay.verifyButtonAfterStartPlayButton(AutoPlay.java:150)
	at com.eduven.testcase.AutoPlayPageTestCases.verifyElementAfterStartTurboPlayTest(AutoPlayPageTestCases.java:69)
	at sun.reflect.NativeMethodAccessorImpl.invoke0(Native Method)
	at sun.reflect.NativeMethodAccessorImpl.invoke(NativeMethodAccessorImpl.java:62)
	at sun.reflect.DelegatingMethodAccessorImpl.invoke(DelegatingMethodAccessorImpl.java:43)
	at java.lang.reflect.Method.invoke(Method.java:498)
	at org.testng.internal.MethodInvocationHelper.invokeMethod(MethodInvocationHelper.java:85)
	at org.testng.internal.Invoker.invokeMethod(Invoker.java:639)
	at org.testng.internal.Invoker.invokeTestMethod(Invoker.java:816)
	at org.testng.internal.Invoker.invokeTestMethods(Invoker.java:1124)
	at org.testng.internal.TestMethodWorker.invokeTestMethods(TestMethodWorker.java:125)
	at org.testng.internal.TestMethodWorker.run(TestMethodWorker.java:108)
	at org.testng.TestRunner.privateRun(TestRunner.java:774)
	at org.testng.TestRunner.run(TestRunner.java:624)
	at org.testng.SuiteRunner.runTest(SuiteRunner.java:359)
	at org.testng.SuiteRunner.runSequentially(SuiteRunner.java:354)
	at org.testng.SuiteRunner.privateRun(SuiteRunner.java:312)
	at org.testng.SuiteRunner.run(SuiteRunner.java:261)
	at org.testng.SuiteRunnerWorker.runSuite(SuiteRunnerWorker.java:52)
	at org.testng.SuiteRunnerWorker.run(SuiteRunnerWorker.java:86)
	at org.testng.TestNG.runSuitesSequentially(TestNG.java:1215)
	at org.testng.TestNG.runSuitesLocally(TestNG.java:1140)
	at org.testng.TestNG.run(TestNG.java:1048)
	at com.eduven.utils.RunTestng.main(RunTestng.java:62)
]]>
    </failure>
  </testcase> <!-- verifyElementAfterStartTurboPlayTest -->
  <testcase name="verifyAutoPlayWorksTest" time="20.228" classname="com.eduven.testcase.AutoPlayPageTestCases"/>
  <testcase name="installAppAndLanguageSelectionTest" time="40.478" classname="com.eduven.testcase.NetworkRelatedTestCases"/>
  <testcase name="turnoffNetworkConnectionTest" time="43.254" classname="com.eduven.testcase.NetworkRelatedTestCases"/>
  <testcase name="verifyEVMenuForNetworkConnectionTest" time="35.74" classname="com.eduven.testcase.NetworkRelatedTestCases"/>
  <testcase name="verifyPurchaseAppRelatedNetworkConnectionTest" time="17.715" classname="com.eduven.testcase.NetworkRelatedTestCases"/>
  <testcase name="verifySwicthLingoRelatedNetworkConnectionTest" time="39.574" classname="com.eduven.testcase.NetworkRelatedTestCases"/>
  <testcase name="turnOnNetworkConnectionTest" time="28.756" classname="com.eduven.testcase.NetworkRelatedTestCases"/>
  <testcase name="handlingRateAppPopupTest" time="0.001" classname="com.eduven.testcase.CheckInterstetialBeforePurchase"/>
  <testcase name="installAppAndLanguageSelectionTest" time="40.767" classname="com.eduven.testcase.CheckInterstetialBeforePurchase"/>
  <testcase name="verifyInterstetialForWordListTest" time="252.784" classname="com.eduven.testcase.CheckInterstetialBeforePurchase"/>
  <testcase name="verifyInterstetialForSearchTest" time="96.252" classname="com.eduven.testcase.CheckInterstetialBeforePurchase"/>
  <testcase name="verifyInterstetialForQuicklistTest" time="30.818" classname="com.eduven.testcase.CheckInterstetialBeforePurchase"/>
  <testcase name="verifyInterstetialForGamesTest" time="196.094" classname="com.eduven.testcase.CheckInterstetialBeforePurchase"/>
  <testcase name="verifyInterstetialForInAppTest" time="32.074" classname="com.eduven.testcase.CheckInterstetialBeforePurchase"/>
  <testcase name="installAppAndLanguageSelectionTest" time="39.931" classname="com.eduven.testcase.PurchaseTestCases"/>
  <testcase name="verify_lock_term_before_purchase_test" time="137.391" classname="com.eduven.testcase.PurchaseTestCases"/>
  <testcase name="navigate_to_buy_test" time="4.585" classname="com.eduven.testcase.PurchaseTestCases"/>
  <testcase name="premium_word_purchase_test" time="47.415" classname="com.eduven.testcase.PurchaseTestCases"/>
  <testcase name="verify_more_app_btn_after_purchase" time="6.366" classname="com.eduven.testcase.PurchaseTestCases"/>
  <testcase name="verify_lock_term_appear_as_unlock_term_test" time="146.887" classname="com.eduven.testcase.PurchaseTestCases"/>
  <testcase name="verify_interstetial_for_games_test" time="238.048" classname="com.eduven.testcase.PurchaseTestCases"/>
  <testcase name="verify_interstetial_for_word_list_test" time="609.647" classname="com.eduven.testcase.PurchaseTestCases"/>
  <testcase name="verify_interstetial_for_search_test" time="111.723" classname="com.eduven.testcase.PurchaseTestCases"/>
  <testcase name="verify_interstetial_for_quicklist_test" time="49.828" classname="com.eduven.testcase.PurchaseTestCases"/>
  <testcase name="install_app_and_language_selection_test" time="39.781" classname="com.eduven.testcase.SwitchLanguagePageTestCases"/>
  <testcase name="navigate_to_switch_lingo_page_test" time="12.889" classname="com.eduven.testcase.SwitchLanguagePageTestCases"/>
  <testcase name="switch_lingo_change_base_language_test" time="23.325" classname="com.eduven.testcase.SwitchLanguagePageTestCases"/>
  <testcase name="purchase_native_langugae_test" time="20.369" classname="com.eduven.testcase.SwitchLanguagePageTestCases"/>
  <testcase name="verify_category_list_after_base_language_change_test" time="307.239" classname="com.eduven.testcase.SwitchLanguagePageTestCases"/>
  <testcase name="verify_term_header_and_term_name_test" time="342.496" classname="com.eduven.testcase.SwitchLanguagePageTestCases"/>
  <testcase name="navigate_to_quick_list_test" time="5.959" classname="com.eduven.testcase.SwitchLanguagePageTestCases"/>
  <testcase name="verify_quick_list_headertxt_test" time="1.121" classname="com.eduven.testcase.SwitchLanguagePageTestCases"/>
  <testcase name="verify_quick_list_category_test" time="94.529" classname="com.eduven.testcase.SwitchLanguagePageTestCases"/>
  <testcase name="navigate_to_quick_list_term_test" time="75.624" classname="com.eduven.testcase.SwitchLanguagePageTestCases"/>
  <testcase name="verify_terms_name_on_termlist_page_test" time="1.17" classname="com.eduven.testcase.SwitchLanguagePageTestCases"/>
</testsuite> <!-- Regression Testing -->
