<?xml version="1.0" encoding="UTF-8"?>
<!-- Generated by org.testng.reporters.JUnitXMLReporter -->
<testsuite hostname="Hitesh-Mac-Mini.local" name="Default test" tests="9" failures="1" timestamp="7 Dec 2016 11:45:53 GMT" time="583.783" errors="0">
  <testcase name="@AfterMethod tearDown" time="0.0" classname="com.eduven.testcase.TermListPageTestCases">
    <failure type="org.openqa.selenium.remote.UnreachableBrowserException" message="Error communicating with the remote browser. It may have died.
Build info: version: &amp;apos;2.51.0&amp;apos;, revision: &amp;apos;1af067d&amp;apos;, time: &amp;apos;2016-02-05 19:11:55&amp;apos;
System info: host: &amp;apos;Hitesh-Mac-Mini.local&amp;apos;, ip: &amp;apos;10.30.30.98&amp;apos;, os.name: &amp;apos;Mac OS X&amp;apos;, os.arch: &amp;apos;x86_64&amp;apos;, os.version: &amp;apos;10.11.6&amp;apos;, java.version: &amp;apos;1.8.0_74&amp;apos;
Driver info: driver.version: RemoteWebDriver
Capabilities [{app=/Users/hiteshbhardwaj/Desktop/Automation/app/LanguagesForIOS/Indonesian/indonesian.ipa, networkConnectionEnabled=false, warnings={}, appiumVersion=1.4.13, databaseEnabled=false, deviceName=Tester (9.3.5), platform=UNIX, desired={app=/Users/hiteshbhardwaj/Desktop/Automation/app/LanguagesForIOS/Indonesian/indonesian.ipa, appiumVersion=1.4.13, platformVersion=9.2, automationName=Appium, udid=7bcb4358baa692ac8207ca4db28eaacc80a14498, platformName=iOS, deviceName=Tester (9.3.5), platform=IOS}, platformVersion=9.2, webStorageEnabled=false, locationContextEnabled=false, automationName=Appium, browserName=iOS, takesScreenshot=true, javascriptEnabled=true, udid=7bcb4358baa692ac8207ca4db28eaacc80a14498, platformName=iOS}]
Session ID: fa0ae55b-8fc3-4d39-8259-f053bab7d6fe">
      <![CDATA[org.openqa.selenium.remote.UnreachableBrowserException: Error communicating with the remote browser. It may have died.
Build info: version: '2.51.0', revision: '1af067d', time: '2016-02-05 19:11:55'
System info: host: 'Hitesh-Mac-Mini.local', ip: '10.30.30.98', os.name: 'Mac OS X', os.arch: 'x86_64', os.version: '10.11.6', java.version: '1.8.0_74'
Driver info: driver.version: RemoteWebDriver
Capabilities [{app=/Users/hiteshbhardwaj/Desktop/Automation/app/LanguagesForIOS/Indonesian/indonesian.ipa, networkConnectionEnabled=false, warnings={}, appiumVersion=1.4.13, databaseEnabled=false, deviceName=Tester (9.3.5), platform=UNIX, desired={app=/Users/hiteshbhardwaj/Desktop/Automation/app/LanguagesForIOS/Indonesian/indonesian.ipa, appiumVersion=1.4.13, platformVersion=9.2, automationName=Appium, udid=7bcb4358baa692ac8207ca4db28eaacc80a14498, platformName=iOS, deviceName=Tester (9.3.5), platform=IOS}, platformVersion=9.2, webStorageEnabled=false, locationContextEnabled=false, automationName=Appium, browserName=iOS, takesScreenshot=true, javascriptEnabled=true, udid=7bcb4358baa692ac8207ca4db28eaacc80a14498, platformName=iOS}]
Session ID: fa0ae55b-8fc3-4d39-8259-f053bab7d6fe
	at org.openqa.selenium.remote.RemoteWebDriver.execute(RemoteWebDriver.java:665)
	at io.appium.java_client.DefaultGenericMobileDriver.execute(DefaultGenericMobileDriver.java:43)
	at io.appium.java_client.AppiumDriver.execute(AppiumDriver.java:216)
	at org.openqa.selenium.remote.RemoteWebDriver.getScreenshotAs(RemoteWebDriver.java:335)
	at com.eduven.report.ScreenShot.takesScreenShotCapture(ScreenShot.java:33)
	at com.eduven.testcase.TermListPageTestCases.tearDown(TermListPageTestCases.java:112)
	at sun.reflect.NativeMethodAccessorImpl.invoke0(Native Method)
	at sun.reflect.NativeMethodAccessorImpl.invoke(NativeMethodAccessorImpl.java:62)
	at sun.reflect.DelegatingMethodAccessorImpl.invoke(DelegatingMethodAccessorImpl.java:43)
	at java.lang.reflect.Method.invoke(Method.java:498)
	at org.testng.internal.MethodInvocationHelper.invokeMethod(MethodInvocationHelper.java:85)
	at org.testng.internal.Invoker.invokeConfigurationMethod(Invoker.java:510)
	at org.testng.internal.Invoker.invokeConfigurations(Invoker.java:211)
	at org.testng.internal.Invoker.invokeMethod(Invoker.java:703)
	at org.testng.internal.Invoker.invokeTestMethod(Invoker.java:816)
	at org.testng.internal.Invoker.invokeTestMethods(Invoker.java:1124)
	at org.testng.internal.TestMethodWorker.invokeTestMethods(TestMethodWorker.java:125)
	at org.testng.internal.TestMethodWorker.run(TestMethodWorker.java:108)
	at org.testng.TestRunner.privateRun(TestRunner.java:774)
	at org.testng.TestRunner.run(TestRunner.java:624)
	at org.testng.SuiteRunner.runTest(SuiteRunner.java:359)
	at org.testng.SuiteRunner.runSequentially(SuiteRunner.java:354)
	at org.testng.SuiteRunner.privateRun(SuiteRunner.java:312)
	at org.testng.SuiteRunner.run(SuiteRunner.java:261)
	at org.testng.SuiteRunnerWorker.runSuite(SuiteRunnerWorker.java:52)
	at org.testng.SuiteRunnerWorker.run(SuiteRunnerWorker.java:86)
	at org.testng.TestNG.runSuitesSequentially(TestNG.java:1215)
	at org.testng.TestNG.runSuitesLocally(TestNG.java:1140)
	at org.testng.TestNG.run(TestNG.java:1048)
	at org.testng.remote.RemoteTestNG.run(RemoteTestNG.java:112)
	at org.testng.remote.RemoteTestNG.initAndRun(RemoteTestNG.java:205)
	at org.testng.remote.RemoteTestNG.main(RemoteTestNG.java:176)
Caused by: org.openqa.selenium.WebDriverException: org.apache.http.conn.HttpHostConnectException: Connect to 127.0.0.1:4723 [/127.0.0.1] failed: Connection refused
Build info: version: '2.51.0', revision: '1af067d', time: '2016-02-05 19:11:55'
System info: host: 'Hitesh-Mac-Mini.local', ip: '10.30.30.98', os.name: 'Mac OS X', os.arch: 'x86_64', os.version: '10.11.6', java.version: '1.8.0_74'
Driver info: driver.version: RemoteWebDriver
	at io.appium.java_client.remote.AppiumCommandExecutor.execute(AppiumCommandExecutor.java:76)
	at org.openqa.selenium.remote.RemoteWebDriver.execute(RemoteWebDriver.java:644)
	... 31 more
Caused by: org.apache.http.conn.HttpHostConnectException: Connect to 127.0.0.1:4723 [/127.0.0.1] failed: Connection refused
	at org.apache.http.impl.conn.DefaultHttpClientConnectionOperator.connect(DefaultHttpClientConnectionOperator.java:151)
	at org.apache.http.impl.conn.PoolingHttpClientConnectionManager.connect(PoolingHttpClientConnectionManager.java:353)
	at org.apache.http.impl.execchain.MainClientExec.establishRoute(MainClientExec.java:380)
	at org.apache.http.impl.execchain.MainClientExec.execute(MainClientExec.java:236)
	at org.apache.http.impl.execchain.ProtocolExec.execute(ProtocolExec.java:184)
	at org.apache.http.impl.execchain.RetryExec.execute(RetryExec.java:88)
	at org.apache.http.impl.execchain.RedirectExec.execute(RedirectExec.java:110)
	at org.apache.http.impl.client.InternalHttpClient.doExecute(InternalHttpClient.java:184)
	at org.apache.http.impl.client.CloseableHttpClient.execute(CloseableHttpClient.java:71)
	at org.apache.http.impl.client.CloseableHttpClient.execute(CloseableHttpClient.java:55)
	at org.openqa.selenium.remote.internal.ApacheHttpClient.fallBackExecute(ApacheHttpClient.java:144)
	at org.openqa.selenium.remote.internal.ApacheHttpClient.execute(ApacheHttpClient.java:90)
	at org.openqa.selenium.remote.HttpCommandExecutor.execute(HttpCommandExecutor.java:142)
	at io.appium.java_client.remote.AppiumCommandExecutor.execute(AppiumCommandExecutor.java:64)
	... 32 more
Caused by: java.net.ConnectException: Connection refused
	at java.net.PlainSocketImpl.socketConnect(Native Method)
	at java.net.AbstractPlainSocketImpl.doConnect(AbstractPlainSocketImpl.java:350)
	at java.net.AbstractPlainSocketImpl.connectToAddress(AbstractPlainSocketImpl.java:206)
	at java.net.AbstractPlainSocketImpl.connect(AbstractPlainSocketImpl.java:188)
	at java.net.SocksSocketImpl.connect(SocksSocketImpl.java:392)
	at java.net.Socket.connect(Socket.java:589)
	at org.apache.http.conn.socket.PlainConnectionSocketFactory.connectSocket(PlainConnectionSocketFactory.java:74)
	at org.apache.http.impl.conn.DefaultHttpClientConnectionOperator.connect(DefaultHttpClientConnectionOperator.java:134)
	... 45 more
]]>
    </failure>
  </testcase> <!-- @AfterMethod tearDown -->
  <testcase name="@AfterMethod tearDown" time="0.0" classname="com.eduven.testcase.TermListPageTestCases">
    <skipped/>
  </testcase> <!-- @AfterMethod tearDown -->
  <testcase name="@AfterMethod tearDown" time="0.0" classname="com.eduven.testcase.TermListPageTestCases">
    <skipped/>
  </testcase> <!-- @AfterMethod tearDown -->
  <testcase name="@AfterMethod tearDown" time="0.0" classname="com.eduven.testcase.TermListPageTestCases">
    <skipped/>
  </testcase> <!-- @AfterMethod tearDown -->
  <testcase name="@AfterClass closApp" time="0.0" classname="com.eduven.testcase.TermListPageTestCases">
    <skipped/>
  </testcase> <!-- @AfterClass closApp -->
  <testcase name="handlingRateTheAppPopupTest" time="93.899" classname="com.eduven.testcase.TermListPageTestCases"/>
  <testcase name="languageSelectionTest" time="42.632" classname="com.eduven.testcase.TermListPageTestCases"/>
  <testcase name="navigateToTermlistPageTest" time="60.781" classname="com.eduven.testcase.TermListPageTestCases"/>
  <testcase name="verifyTermsNameOnTermlistPageTest" time="197.416" classname="com.eduven.testcase.TermListPageTestCases"/>
  <testcase name="verifyUnlockTermNameTest" time="125.177" classname="com.eduven.testcase.TermListPageTestCases"/>
  <testcase name="verifyLockTermNameTest" time="63.41" classname="com.eduven.testcase.TermListPageTestCases">
    <failure type="org.openqa.selenium.remote.UnreachableBrowserException" message="Error communicating with the remote browser. It may have died.
Build info: version: &amp;apos;2.51.0&amp;apos;, revision: &amp;apos;1af067d&amp;apos;, time: &amp;apos;2016-02-05 19:11:55&amp;apos;
System info: host: &amp;apos;Hitesh-Mac-Mini.local&amp;apos;, ip: &amp;apos;10.30.30.98&amp;apos;, os.name: &amp;apos;Mac OS X&amp;apos;, os.arch: &amp;apos;x86_64&amp;apos;, os.version: &amp;apos;10.11.6&amp;apos;, java.version: &amp;apos;1.8.0_74&amp;apos;
Driver info: driver.version: AppiumDriver
Capabilities [{app=/Users/hiteshbhardwaj/Desktop/Automation/app/LanguagesForIOS/Indonesian/indonesian.ipa, networkConnectionEnabled=false, warnings={}, appiumVersion=1.4.13, databaseEnabled=false, deviceName=Tester (9.3.5), platform=UNIX, desired={app=/Users/hiteshbhardwaj/Desktop/Automation/app/LanguagesForIOS/Indonesian/indonesian.ipa, appiumVersion=1.4.13, platformVersion=9.2, automationName=Appium, udid=7bcb4358baa692ac8207ca4db28eaacc80a14498, platformName=iOS, deviceName=Tester (9.3.5), platform=IOS}, platformVersion=9.2, webStorageEnabled=false, locationContextEnabled=false, automationName=Appium, browserName=iOS, takesScreenshot=true, javascriptEnabled=true, udid=7bcb4358baa692ac8207ca4db28eaacc80a14498, platformName=iOS}]
Session ID: fa0ae55b-8fc3-4d39-8259-f053bab7d6fe">
      <![CDATA[org.openqa.selenium.remote.UnreachableBrowserException: Error communicating with the remote browser. It may have died.
Build info: version: '2.51.0', revision: '1af067d', time: '2016-02-05 19:11:55'
System info: host: 'Hitesh-Mac-Mini.local', ip: '10.30.30.98', os.name: 'Mac OS X', os.arch: 'x86_64', os.version: '10.11.6', java.version: '1.8.0_74'
Driver info: driver.version: AppiumDriver
Capabilities [{app=/Users/hiteshbhardwaj/Desktop/Automation/app/LanguagesForIOS/Indonesian/indonesian.ipa, networkConnectionEnabled=false, warnings={}, appiumVersion=1.4.13, databaseEnabled=false, deviceName=Tester (9.3.5), platform=UNIX, desired={app=/Users/hiteshbhardwaj/Desktop/Automation/app/LanguagesForIOS/Indonesian/indonesian.ipa, appiumVersion=1.4.13, platformVersion=9.2, automationName=Appium, udid=7bcb4358baa692ac8207ca4db28eaacc80a14498, platformName=iOS, deviceName=Tester (9.3.5), platform=IOS}, platformVersion=9.2, webStorageEnabled=false, locationContextEnabled=false, automationName=Appium, browserName=iOS, takesScreenshot=true, javascriptEnabled=true, udid=7bcb4358baa692ac8207ca4db28eaacc80a14498, platformName=iOS}]
Session ID: fa0ae55b-8fc3-4d39-8259-f053bab7d6fe
	at org.openqa.selenium.remote.RemoteWebDriver.execute(RemoteWebDriver.java:665)
	at io.appium.java_client.DefaultGenericMobileDriver.execute(DefaultGenericMobileDriver.java:43)
	at io.appium.java_client.AppiumDriver.execute(AppiumDriver.java:1)
	at io.appium.java_client.ios.IOSDriver.execute(IOSDriver.java:1)
	at org.openqa.selenium.remote.RemoteWebDriver.findElements(RemoteWebDriver.java:388)
	at org.openqa.selenium.remote.RemoteWebDriver.findElementsById(RemoteWebDriver.java:421)
	at io.appium.java_client.DefaultGenericMobileDriver.findElementsById(DefaultGenericMobileDriver.java:55)
	at io.appium.java_client.AppiumDriver.findElementsById(AppiumDriver.java:180)
	at org.openqa.selenium.By$ById.findElements(By.java:210)
	at org.openqa.selenium.remote.RemoteWebDriver.findElements(RemoteWebDriver.java:351)
	at io.appium.java_client.DefaultGenericMobileDriver.findElements(DefaultGenericMobileDriver.java:47)
	at io.appium.java_client.AppiumDriver.findElements(AppiumDriver.java:176)
	at com.eduven.utils.Reusables.getElementsList(Reusables.java:776)
	at com.eduven.modules.TermList.verifyLockTermName(TermList.java:234)
	at com.eduven.testcase.TermListPageTestCases.verifyLockTermNameTest(TermListPageTestCases.java:66)
	at sun.reflect.NativeMethodAccessorImpl.invoke0(Native Method)
	at sun.reflect.NativeMethodAccessorImpl.invoke(NativeMethodAccessorImpl.java:62)
	at sun.reflect.DelegatingMethodAccessorImpl.invoke(DelegatingMethodAccessorImpl.java:43)
	at java.lang.reflect.Method.invoke(Method.java:498)
	at org.testng.internal.MethodInvocationHelper.invokeMethod(MethodInvocationHelper.java:85)
	at org.testng.internal.Invoker.invokeMethod(Invoker.java:639)
	at org.testng.internal.Invoker.invokeTestMethod(Invoker.java:816)
	at org.testng.internal.Invoker.invokeTestMethods(Invoker.java:1124)
	at org.testng.internal.TestMethodWorker.invokeTestMethods(TestMethodWorker.java:125)
	at org.testng.internal.TestMethodWorker.run(TestMethodWorker.java:108)
	at org.testng.TestRunner.privateRun(TestRunner.java:774)
	at org.testng.TestRunner.run(TestRunner.java:624)
	at org.testng.SuiteRunner.runTest(SuiteRunner.java:359)
	at org.testng.SuiteRunner.runSequentially(SuiteRunner.java:354)
	at org.testng.SuiteRunner.privateRun(SuiteRunner.java:312)
	at org.testng.SuiteRunner.run(SuiteRunner.java:261)
	at org.testng.SuiteRunnerWorker.runSuite(SuiteRunnerWorker.java:52)
	at org.testng.SuiteRunnerWorker.run(SuiteRunnerWorker.java:86)
	at org.testng.TestNG.runSuitesSequentially(TestNG.java:1215)
	at org.testng.TestNG.runSuitesLocally(TestNG.java:1140)
	at org.testng.TestNG.run(TestNG.java:1048)
	at org.testng.remote.RemoteTestNG.run(RemoteTestNG.java:112)
	at org.testng.remote.RemoteTestNG.initAndRun(RemoteTestNG.java:205)
	at org.testng.remote.RemoteTestNG.main(RemoteTestNG.java:176)
Caused by: org.openqa.selenium.WebDriverException: org.apache.http.conn.HttpHostConnectException: Connect to 127.0.0.1:4723 [/127.0.0.1] failed: Connection refused
Build info: version: '2.51.0', revision: '1af067d', time: '2016-02-05 19:11:55'
System info: host: 'Hitesh-Mac-Mini.local', ip: '10.30.30.98', os.name: 'Mac OS X', os.arch: 'x86_64', os.version: '10.11.6', java.version: '1.8.0_74'
Driver info: driver.version: AppiumDriver
	at io.appium.java_client.remote.AppiumCommandExecutor.execute(AppiumCommandExecutor.java:76)
	at org.openqa.selenium.remote.RemoteWebDriver.execute(RemoteWebDriver.java:644)
	... 38 more
Caused by: org.apache.http.conn.HttpHostConnectException: Connect to 127.0.0.1:4723 [/127.0.0.1] failed: Connection refused
	at org.apache.http.impl.conn.DefaultHttpClientConnectionOperator.connect(DefaultHttpClientConnectionOperator.java:151)
	at org.apache.http.impl.conn.PoolingHttpClientConnectionManager.connect(PoolingHttpClientConnectionManager.java:353)
	at org.apache.http.impl.execchain.MainClientExec.establishRoute(MainClientExec.java:380)
	at org.apache.http.impl.execchain.MainClientExec.execute(MainClientExec.java:236)
	at org.apache.http.impl.execchain.ProtocolExec.execute(ProtocolExec.java:184)
	at org.apache.http.impl.execchain.RetryExec.execute(RetryExec.java:88)
	at org.apache.http.impl.execchain.RedirectExec.execute(RedirectExec.java:110)
	at org.apache.http.impl.client.InternalHttpClient.doExecute(InternalHttpClient.java:184)
	at org.apache.http.impl.client.CloseableHttpClient.execute(CloseableHttpClient.java:71)
	at org.apache.http.impl.client.CloseableHttpClient.execute(CloseableHttpClient.java:55)
	at org.openqa.selenium.remote.internal.ApacheHttpClient.fallBackExecute(ApacheHttpClient.java:162)
	at org.openqa.selenium.remote.internal.ApacheHttpClient.execute(ApacheHttpClient.java:90)
	at org.openqa.selenium.remote.HttpCommandExecutor.execute(HttpCommandExecutor.java:142)
	at io.appium.java_client.remote.AppiumCommandExecutor.execute(AppiumCommandExecutor.java:64)
	... 39 more
Caused by: java.net.ConnectException: Connection refused
	at java.net.PlainSocketImpl.socketConnect(Native Method)
	at java.net.AbstractPlainSocketImpl.doConnect(AbstractPlainSocketImpl.java:350)
	at java.net.AbstractPlainSocketImpl.connectToAddress(AbstractPlainSocketImpl.java:206)
	at java.net.AbstractPlainSocketImpl.connect(AbstractPlainSocketImpl.java:188)
	at java.net.SocksSocketImpl.connect(SocksSocketImpl.java:392)
	at java.net.Socket.connect(Socket.java:589)
	at org.apache.http.conn.socket.PlainConnectionSocketFactory.connectSocket(PlainConnectionSocketFactory.java:74)
	at org.apache.http.impl.conn.DefaultHttpClientConnectionOperator.connect(DefaultHttpClientConnectionOperator.java:134)
	... 52 more
]]>
    </failure>
  </testcase> <!-- verifyLockTermNameTest -->
  <testcase name="navigateToEditTermPageTest" time="0.001" classname="com.eduven.testcase.TermListPageTestCases">
    <skipped/>
  </testcase> <!-- navigateToEditTermPageTest -->
  <testcase name="verifyContributePageWithoutTextTest" time="0.001" classname="com.eduven.testcase.TermListPageTestCases">
    <skipped/>
  </testcase> <!-- verifyContributePageWithoutTextTest -->
  <testcase name="verifyContributePageWithWordTest" time="0.001" classname="com.eduven.testcase.TermListPageTestCases">
    <skipped/>
  </testcase> <!-- verifyContributePageWithWordTest -->
</testsuite> <!-- Default test -->
