<html xmlns:math="http://exslt.org/math" xmlns:testng="http://testng.org">
   <head>
      <title>TestNG Results</title>
      <meta http-equiv="content-type" content="text/html; charset=utf-8"></meta>
      <meta http-equiv="pragma" content="no-cache"></meta>
      <meta http-equiv="cache-control" content="max-age=0"></meta>
      <meta http-equiv="cache-control" content="no-cache"></meta>
      <meta http-equiv="cache-control" content="no-store"></meta>
      <LINK rel="stylesheet" href="style.css"></LINK>
      <script type="text/javascript" src="main.js"></script>
   </head>
   <body>
      <table width="100%" style="font-size: 16px; margin-bottom: 10px;" cellspacing="1">
         <tr>
            <td width="100%">
               Test case
               
               <b>Default test</b>
            </td>
            <td style="background-color: #FFBBBB; padding: 3px 3px 3px 0;" align="center">
               <div style="width: 50px;">0</div>
            </td>
            <td style="background-color: lightgreen; padding: 3px 3px 3px 0;" align="center">
               <div style="width: 50px;">6</div>
            </td>
            <td style="background-color: #FFFFBB; padding: 3px 3px 3px 0;" align="center">
               <div style="width: 50px;">0</div>
            </td>
            <td align="center" style="background-color: #eaf0f7; padding: 3px 3px 3px 0;">
               <div style="width: 50px;">6</div>
            </td>
            <td align="center"
                style="font-weight: bold; background-color: #eaf0f7; padding: 3px 3px 3px 0;">
               <div style="width: 50px;">100%</div>
            </td>
            <td style="background-color: #eaf0f7; padding: 3px 3px 3px 0;" align="center"
                nowrap="true">13m
               32s
               
            </td>
         </tr>
      </table>
      <div style="width: 200px;">
         <label for="groupMethodsCheckBox" style="font-weight: bold; margin: 0;">
            <input id="groupMethodsCheckBox" type="checkbox" onclick="switchTestMethodsView(this)"
                   checked=""></input>
            Group by class
            
         </label>
         <br></br>
         <label for="methodsFilter_ALL" style="font-weight: bold; margin: 0;">
            <input id="methodsFilter_ALL" type="checkbox"
                   onclick="testMethodsFilterChanged(this, 'ALL')"
                   checked=""></input>
            All
            
         </label>
      </div>
      <label for="methodsFilter_FAIL" style="margin-left: 20px;">
         <input id="methodsFilter_FAIL" type="checkbox"
                onclick="testMethodsFilterChanged(this, 'FAIL')"
                checked=""></input>
         Failed
         
      </label>
      <label for="methodsFilter_PASS">
         <input id="methodsFilter_PASS" type="checkbox"
                onclick="testMethodsFilterChanged(this, 'PASS')"
                checked=""></input>
         Passed
         
      </label>
      <label for="methodsFilter_SKIP">
         <input id="methodsFilter_SKIP" type="checkbox"
                onclick="testMethodsFilterChanged(this, 'SKIP')"
                checked=""></input>
         Skipped
         
      </label>
      <label for="methodsFilter_CONF">
         <input id="methodsFilter_CONF" type="checkbox"
                onclick="testMethodsFilterChanged(this, 'CONF')"
                checked=""></input>
         Config
         
      </label>
      <br></br>
      <div id="testMethodsByStatus" style="display: none;">
         <table class="testMethodsTable" cellpadding="0" cellspacing="0">
            <tr class="methodsTableHeader">
               <td width="100%">Name</td>
               <td nowrap="true">Started</td>
               <td nowrap="true">Duration</td>
               <td>Exception</td>
            </tr>
            <tr id="com.eduven.testcase.PurchaseTestCases_tearDown_byStatus_failed_FAIL1_row"
                class="testMethodStatusFAIL testMethodStatusCONF">
               <td width="100%" class="firstMethodCell">
                  <a onclick="toggleDetailsVisibility('com.eduven.testcase.PurchaseTestCases_tearDown_byStatus_failed_FAIL1_details')">tearDown()</a>
               </td>
               <td nowrap="true">10:57:41</td>
               <td nowrap="true" align="right">0 ms
                  
               </td>
               <td nowrap="true">
                  <a onclick="toggleDetailsVisibility('com.eduven.testcase.PurchaseTestCases_tearDown_byStatus_failed_FAIL1_exception')">java.lang.IllegalArgumentException: 
                     wrong number of arguments
                     
                  </a>
                   
                  
               </td>
            </tr>
            <tr>
               <td colspan="4" class="detailsBox">
                  <div id="com.eduven.testcase.PurchaseTestCases_tearDown_byStatus_failed_FAIL1_details"
                       class="testMethodDetails">
                     <div>
                        <b>Name: </b>tearDown
                     </div>
                     <div>
                        <b>Signature: </b>tearDown(org.testng.ITestResult)[pri:0, instance:com.eduven.testcase.PurchaseTestCases@3fb6a447]
                     </div>
                     <div>
                        <b>Start time: </b>10:57:41
                     </div>
                     <div>
                        <b>End time: </b>10:57:41
                     </div>
                     <div>
                        <b>Duration: </b>0 ms
                        
                     </div>
                  </div>
               </td>
            </tr>
            <tr>
               <td colspan="4" class="detailsBox">
                  <div id="com.eduven.testcase.PurchaseTestCases_tearDown_byStatus_failed_FAIL1_exception"
                       class="testMethodDetails">
                     <pre style="padding: 5px; margin: 0;">java.lang.IllegalArgumentException: wrong number of arguments
                        	at sun.reflect.NativeMethodAccessorImpl.invoke0(Native Method)
                        	at sun.reflect.NativeMethodAccessorImpl.invoke(NativeMethodAccessorImpl.java:62)
                        	at sun.reflect.DelegatingMethodAccessorImpl.invoke(DelegatingMethodAccessorImpl.java:43)
                        	at java.lang.reflect.Method.invoke(Method.java:498)
                        	at org.testng.internal.MethodInvocationHelper.invokeMethod(MethodInvocationHelper.java:85)
                        	at org.testng.internal.Invoker.invokeConfigurationMethod(Invoker.java:510)
                        	at org.testng.internal.Invoker.invokeConfigurations(Invoker.java:211)
                        	at org.testng.internal.Invoker.invokeConfigurations(Invoker.java:138)
                        	at org.testng.TestRunner.afterRun(TestRunner.java:1023)
                        	at org.testng.TestRunner.run(TestRunner.java:628)
                        	at org.testng.SuiteRunner.runTest(SuiteRunner.java:359)
                        	at org.testng.SuiteRunner.runSequentially(SuiteRunner.java:354)
                        	at org.testng.SuiteRunner.privateRun(SuiteRunner.java:312)
                        	at org.testng.SuiteRunner.run(SuiteRunner.java:261)
                        	at org.testng.SuiteRunnerWorker.runSuite(SuiteRunnerWorker.java:52)
                        	at org.testng.SuiteRunnerWorker.run(SuiteRunnerWorker.java:86)
                        	at org.testng.TestNG.runSuitesSequentially(TestNG.java:1215)
                        	at org.testng.TestNG.runSuitesLocally(TestNG.java:1140)
                        	at org.testng.TestNG.run(TestNG.java:1048)
                        	at org.testng.remote.RemoteTestNG.run(RemoteTestNG.java:112)
                        	at org.testng.remote.RemoteTestNG.initAndRun(RemoteTestNG.java:205)
                        	at org.testng.remote.RemoteTestNG.main(RemoteTestNG.java:176)
                     </pre>
                  </div>
               </td>
            </tr>
            <tr id="com.eduven.testcase.PurchaseTestCases_install_app_and_language_selection_test_byStatus_passed_PASS1_row"
                class="testMethodStatusPASS">
               <td width="100%" class="firstMethodCell">
                  <a onclick="toggleDetailsVisibility('com.eduven.testcase.PurchaseTestCases_install_app_and_language_selection_test_byStatus_passed_PASS1_details')">install_app_and_language_selection_test()</a>
               </td>
               <td nowrap="true">10:44:08</td>
               <td nowrap="true" align="right">2m
                  37s
                  
               </td>
               <td nowrap="true">
                   
                  
               </td>
            </tr>
            <tr>
               <td colspan="4" class="detailsBox">
                  <div id="com.eduven.testcase.PurchaseTestCases_install_app_and_language_selection_test_byStatus_passed_PASS1_details"
                       class="testMethodDetails">
                     <div>
                        <b>Name: </b>install_app_and_language_selection_test
                     </div>
                     <div>
                        <b>Signature: </b>install_app_and_language_selection_test()[pri:1, instance:com.eduven.testcase.PurchaseTestCases@3fb6a447]
                     </div>
                     <div>
                        <b>Start time: </b>10:44:08
                     </div>
                     <div>
                        <b>End time: </b>10:46:46
                     </div>
                     <div>
                        <b>Duration: </b>2m
                        37s
                        
                     </div>
                  </div>
               </td>
            </tr>
            <tr></tr>
            <tr id="com.eduven.testcase.PurchaseTestCases_verify_lock_term_before_purchase_test_byStatus_passed_PASS2_row"
                class="testMethodStatusPASS">
               <td width="100%" class="firstMethodCell">
                  <a onclick="toggleDetailsVisibility('com.eduven.testcase.PurchaseTestCases_verify_lock_term_before_purchase_test_byStatus_passed_PASS2_details')">verify_lock_term_before_purchase_test()</a>
               </td>
               <td nowrap="true">10:46:46</td>
               <td nowrap="true" align="right">4m
                  30s
                  
               </td>
               <td nowrap="true">
                   
                  
               </td>
            </tr>
            <tr>
               <td colspan="4" class="detailsBox">
                  <div id="com.eduven.testcase.PurchaseTestCases_verify_lock_term_before_purchase_test_byStatus_passed_PASS2_details"
                       class="testMethodDetails">
                     <div>
                        <b>Name: </b>verify_lock_term_before_purchase_test
                     </div>
                     <div>
                        <b>Signature: </b>verify_lock_term_before_purchase_test()[pri:3, instance:com.eduven.testcase.PurchaseTestCases@3fb6a447]
                     </div>
                     <div>
                        <b>Start time: </b>10:46:46
                     </div>
                     <div>
                        <b>End time: </b>10:51:16
                     </div>
                     <div>
                        <b>Duration: </b>4m
                        30s
                        
                     </div>
                  </div>
               </td>
            </tr>
            <tr></tr>
            <tr id="com.eduven.testcase.PurchaseTestCases_navigate_to_buy_test_byStatus_passed_PASS3_row"
                class="testMethodStatusPASS">
               <td width="100%" class="firstMethodCell">
                  <a onclick="toggleDetailsVisibility('com.eduven.testcase.PurchaseTestCases_navigate_to_buy_test_byStatus_passed_PASS3_details')">navigate_to_buy_test()</a>
               </td>
               <td nowrap="true">10:51:16</td>
               <td nowrap="true" align="right">5s
                  
               </td>
               <td nowrap="true">
                   
                  
               </td>
            </tr>
            <tr>
               <td colspan="4" class="detailsBox">
                  <div id="com.eduven.testcase.PurchaseTestCases_navigate_to_buy_test_byStatus_passed_PASS3_details"
                       class="testMethodDetails">
                     <div>
                        <b>Name: </b>navigate_to_buy_test
                     </div>
                     <div>
                        <b>Signature: </b>navigate_to_buy_test()[pri:4, instance:com.eduven.testcase.PurchaseTestCases@3fb6a447]
                     </div>
                     <div>
                        <b>Start time: </b>10:51:16
                     </div>
                     <div>
                        <b>End time: </b>10:51:22
                     </div>
                     <div>
                        <b>Duration: </b>5s
                        
                     </div>
                  </div>
               </td>
            </tr>
            <tr></tr>
            <tr id="com.eduven.testcase.PurchaseTestCases_buy_app_purchase_all_functionality_test_byStatus_passed_PASS4_row"
                class="testMethodStatusPASS">
               <td width="100%" class="firstMethodCell">
                  <a onclick="toggleDetailsVisibility('com.eduven.testcase.PurchaseTestCases_buy_app_purchase_all_functionality_test_byStatus_passed_PASS4_details')">buy_app_purchase_all_functionality_test()</a>
               </td>
               <td nowrap="true">10:51:22</td>
               <td nowrap="true" align="right">1m
                  46s
                  
               </td>
               <td nowrap="true">
                   
                  
               </td>
            </tr>
            <tr>
               <td colspan="4" class="detailsBox">
                  <div id="com.eduven.testcase.PurchaseTestCases_buy_app_purchase_all_functionality_test_byStatus_passed_PASS4_details"
                       class="testMethodDetails">
                     <div>
                        <b>Name: </b>buy_app_purchase_all_functionality_test
                     </div>
                     <div>
                        <b>Signature: </b>buy_app_purchase_all_functionality_test()[pri:5, instance:com.eduven.testcase.PurchaseTestCases@3fb6a447]
                     </div>
                     <div>
                        <b>Start time: </b>10:51:22
                     </div>
                     <div>
                        <b>End time: </b>10:53:08
                     </div>
                     <div>
                        <b>Duration: </b>1m
                        46s
                        
                     </div>
                  </div>
               </td>
            </tr>
            <tr></tr>
            <tr id="com.eduven.testcase.PurchaseTestCases_verify_purchase_btn_after_purchase_byStatus_passed_PASS5_row"
                class="testMethodStatusPASS">
               <td width="100%" class="firstMethodCell">
                  <a onclick="toggleDetailsVisibility('com.eduven.testcase.PurchaseTestCases_verify_purchase_btn_after_purchase_byStatus_passed_PASS5_details')">verify_purchase_btn_after_purchase()</a>
               </td>
               <td nowrap="true">10:53:08</td>
               <td nowrap="true" align="right">1s
                  
               </td>
               <td nowrap="true">
                   
                  
               </td>
            </tr>
            <tr>
               <td colspan="4" class="detailsBox">
                  <div id="com.eduven.testcase.PurchaseTestCases_verify_purchase_btn_after_purchase_byStatus_passed_PASS5_details"
                       class="testMethodDetails">
                     <div>
                        <b>Name: </b>verify_purchase_btn_after_purchase
                     </div>
                     <div>
                        <b>Signature: </b>verify_purchase_btn_after_purchase()[pri:6, instance:com.eduven.testcase.PurchaseTestCases@3fb6a447]
                     </div>
                     <div>
                        <b>Start time: </b>10:53:08
                     </div>
                     <div>
                        <b>End time: </b>10:53:10
                     </div>
                     <div>
                        <b>Duration: </b>1s
                        
                     </div>
                  </div>
               </td>
            </tr>
            <tr></tr>
            <tr id="com.eduven.testcase.PurchaseTestCases_verify_lock_term_appear_as_unlock_term_test_byStatus_passed_PASS6_row"
                class="testMethodStatusPASS">
               <td width="100%" class="firstMethodCell">
                  <a onclick="toggleDetailsVisibility('com.eduven.testcase.PurchaseTestCases_verify_lock_term_appear_as_unlock_term_test_byStatus_passed_PASS6_details')">verify_lock_term_appear_as_unlock_term_test()</a>
               </td>
               <td nowrap="true">10:53:10</td>
               <td nowrap="true" align="right">4m
                  
               </td>
               <td nowrap="true">
                   
                  
               </td>
            </tr>
            <tr>
               <td colspan="4" class="detailsBox">
                  <div id="com.eduven.testcase.PurchaseTestCases_verify_lock_term_appear_as_unlock_term_test_byStatus_passed_PASS6_details"
                       class="testMethodDetails">
                     <div>
                        <b>Name: </b>verify_lock_term_appear_as_unlock_term_test
                     </div>
                     <div>
                        <b>Signature: </b>verify_lock_term_appear_as_unlock_term_test()[pri:7, instance:com.eduven.testcase.PurchaseTestCases@3fb6a447]
                     </div>
                     <div>
                        <b>Start time: </b>10:53:10
                     </div>
                     <div>
                        <b>End time: </b>10:57:10
                     </div>
                     <div>
                        <b>Duration: </b>4m
                        
                     </div>
                  </div>
               </td>
            </tr>
            <tr></tr>
            <tr id="com.eduven.testcase.PurchaseTestCases_restartApp_byStatus_passed_PASS7_row"
                class="testMethodStatusPASS testMethodStatusCONF">
               <td width="100%" class="firstMethodCell">
                  <a onclick="toggleDetailsVisibility('com.eduven.testcase.PurchaseTestCases_restartApp_byStatus_passed_PASS7_details')">restartApp()</a>
               </td>
               <td nowrap="true">10:57:10</td>
               <td nowrap="true" align="right">31s
                  
               </td>
               <td nowrap="true">
                   
                  
               </td>
            </tr>
            <tr>
               <td colspan="4" class="detailsBox">
                  <div id="com.eduven.testcase.PurchaseTestCases_restartApp_byStatus_passed_PASS7_details"
                       class="testMethodDetails">
                     <div>
                        <b>Name: </b>restartApp
                     </div>
                     <div>
                        <b>Signature: </b>restartApp()[pri:0, instance:com.eduven.testcase.PurchaseTestCases@3fb6a447]
                     </div>
                     <div>
                        <b>Start time: </b>10:57:10
                     </div>
                     <div>
                        <b>End time: </b>10:57:41
                     </div>
                     <div>
                        <b>Duration: </b>31s
                        
                     </div>
                  </div>
               </td>
            </tr>
            <tr></tr>
         </table>
      </div>
      <div id="testMethodsByClass">
         <table class="testMethodsTable" cellpadding="0" cellspacing="0">
            <tr>
               <td colspan="4">
                  <h3 style="display: inline;">com.eduven.testcase.PurchaseTestCases</h3>
               </td>
            </tr>
            <tr class="methodsTableHeader">
               <td width="100%">Name</td>
               <td nowrap="true">Started</td>
               <td nowrap="true">Duration</td>
               <td>Exception</td>
            </tr>
            <tr id="com.eduven.testcase.PurchaseTestCases_install_app_and_language_selection_test_byClass_PASS1_row"
                class="testMethodStatusPASS">
               <td width="100%" class="firstMethodCell">
                  <a onclick="toggleDetailsVisibility('com.eduven.testcase.PurchaseTestCases_install_app_and_language_selection_test_byClass_PASS1_details')">install_app_and_language_selection_test()</a>
               </td>
               <td nowrap="true">10:44:08</td>
               <td nowrap="true" align="right">2m
                  37s
                  
               </td>
               <td nowrap="true">
                   
                  
               </td>
            </tr>
            <tr>
               <td colspan="4" class="detailsBox">
                  <div id="com.eduven.testcase.PurchaseTestCases_install_app_and_language_selection_test_byClass_PASS1_details"
                       class="testMethodDetails">
                     <div>
                        <b>Name: </b>install_app_and_language_selection_test
                     </div>
                     <div>
                        <b>Signature: </b>install_app_and_language_selection_test()[pri:1, instance:com.eduven.testcase.PurchaseTestCases@3fb6a447]
                     </div>
                     <div>
                        <b>Start time: </b>10:44:08
                     </div>
                     <div>
                        <b>End time: </b>10:46:46
                     </div>
                     <div>
                        <b>Duration: </b>2m
                        37s
                        
                     </div>
                  </div>
               </td>
            </tr>
            <tr></tr>
            <tr id="com.eduven.testcase.PurchaseTestCases_verify_lock_term_before_purchase_test_byClass_PASS2_row"
                class="testMethodStatusPASS">
               <td width="100%" class="firstMethodCell">
                  <a onclick="toggleDetailsVisibility('com.eduven.testcase.PurchaseTestCases_verify_lock_term_before_purchase_test_byClass_PASS2_details')">verify_lock_term_before_purchase_test()</a>
               </td>
               <td nowrap="true">10:46:46</td>
               <td nowrap="true" align="right">4m
                  30s
                  
               </td>
               <td nowrap="true">
                   
                  
               </td>
            </tr>
            <tr>
               <td colspan="4" class="detailsBox">
                  <div id="com.eduven.testcase.PurchaseTestCases_verify_lock_term_before_purchase_test_byClass_PASS2_details"
                       class="testMethodDetails">
                     <div>
                        <b>Name: </b>verify_lock_term_before_purchase_test
                     </div>
                     <div>
                        <b>Signature: </b>verify_lock_term_before_purchase_test()[pri:3, instance:com.eduven.testcase.PurchaseTestCases@3fb6a447]
                     </div>
                     <div>
                        <b>Start time: </b>10:46:46
                     </div>
                     <div>
                        <b>End time: </b>10:51:16
                     </div>
                     <div>
                        <b>Duration: </b>4m
                        30s
                        
                     </div>
                  </div>
               </td>
            </tr>
            <tr></tr>
            <tr id="com.eduven.testcase.PurchaseTestCases_navigate_to_buy_test_byClass_PASS3_row"
                class="testMethodStatusPASS">
               <td width="100%" class="firstMethodCell">
                  <a onclick="toggleDetailsVisibility('com.eduven.testcase.PurchaseTestCases_navigate_to_buy_test_byClass_PASS3_details')">navigate_to_buy_test()</a>
               </td>
               <td nowrap="true">10:51:16</td>
               <td nowrap="true" align="right">5s
                  
               </td>
               <td nowrap="true">
                   
                  
               </td>
            </tr>
            <tr>
               <td colspan="4" class="detailsBox">
                  <div id="com.eduven.testcase.PurchaseTestCases_navigate_to_buy_test_byClass_PASS3_details"
                       class="testMethodDetails">
                     <div>
                        <b>Name: </b>navigate_to_buy_test
                     </div>
                     <div>
                        <b>Signature: </b>navigate_to_buy_test()[pri:4, instance:com.eduven.testcase.PurchaseTestCases@3fb6a447]
                     </div>
                     <div>
                        <b>Start time: </b>10:51:16
                     </div>
                     <div>
                        <b>End time: </b>10:51:22
                     </div>
                     <div>
                        <b>Duration: </b>5s
                        
                     </div>
                  </div>
               </td>
            </tr>
            <tr></tr>
            <tr id="com.eduven.testcase.PurchaseTestCases_buy_app_purchase_all_functionality_test_byClass_PASS4_row"
                class="testMethodStatusPASS">
               <td width="100%" class="firstMethodCell">
                  <a onclick="toggleDetailsVisibility('com.eduven.testcase.PurchaseTestCases_buy_app_purchase_all_functionality_test_byClass_PASS4_details')">buy_app_purchase_all_functionality_test()</a>
               </td>
               <td nowrap="true">10:51:22</td>
               <td nowrap="true" align="right">1m
                  46s
                  
               </td>
               <td nowrap="true">
                   
                  
               </td>
            </tr>
            <tr>
               <td colspan="4" class="detailsBox">
                  <div id="com.eduven.testcase.PurchaseTestCases_buy_app_purchase_all_functionality_test_byClass_PASS4_details"
                       class="testMethodDetails">
                     <div>
                        <b>Name: </b>buy_app_purchase_all_functionality_test
                     </div>
                     <div>
                        <b>Signature: </b>buy_app_purchase_all_functionality_test()[pri:5, instance:com.eduven.testcase.PurchaseTestCases@3fb6a447]
                     </div>
                     <div>
                        <b>Start time: </b>10:51:22
                     </div>
                     <div>
                        <b>End time: </b>10:53:08
                     </div>
                     <div>
                        <b>Duration: </b>1m
                        46s
                        
                     </div>
                  </div>
               </td>
            </tr>
            <tr></tr>
            <tr id="com.eduven.testcase.PurchaseTestCases_verify_purchase_btn_after_purchase_byClass_PASS5_row"
                class="testMethodStatusPASS">
               <td width="100%" class="firstMethodCell">
                  <a onclick="toggleDetailsVisibility('com.eduven.testcase.PurchaseTestCases_verify_purchase_btn_after_purchase_byClass_PASS5_details')">verify_purchase_btn_after_purchase()</a>
               </td>
               <td nowrap="true">10:53:08</td>
               <td nowrap="true" align="right">1s
                  
               </td>
               <td nowrap="true">
                   
                  
               </td>
            </tr>
            <tr>
               <td colspan="4" class="detailsBox">
                  <div id="com.eduven.testcase.PurchaseTestCases_verify_purchase_btn_after_purchase_byClass_PASS5_details"
                       class="testMethodDetails">
                     <div>
                        <b>Name: </b>verify_purchase_btn_after_purchase
                     </div>
                     <div>
                        <b>Signature: </b>verify_purchase_btn_after_purchase()[pri:6, instance:com.eduven.testcase.PurchaseTestCases@3fb6a447]
                     </div>
                     <div>
                        <b>Start time: </b>10:53:08
                     </div>
                     <div>
                        <b>End time: </b>10:53:10
                     </div>
                     <div>
                        <b>Duration: </b>1s
                        
                     </div>
                  </div>
               </td>
            </tr>
            <tr></tr>
            <tr id="com.eduven.testcase.PurchaseTestCases_verify_lock_term_appear_as_unlock_term_test_byClass_PASS6_row"
                class="testMethodStatusPASS">
               <td width="100%" class="firstMethodCell">
                  <a onclick="toggleDetailsVisibility('com.eduven.testcase.PurchaseTestCases_verify_lock_term_appear_as_unlock_term_test_byClass_PASS6_details')">verify_lock_term_appear_as_unlock_term_test()</a>
               </td>
               <td nowrap="true">10:53:10</td>
               <td nowrap="true" align="right">4m
                  
               </td>
               <td nowrap="true">
                   
                  
               </td>
            </tr>
            <tr>
               <td colspan="4" class="detailsBox">
                  <div id="com.eduven.testcase.PurchaseTestCases_verify_lock_term_appear_as_unlock_term_test_byClass_PASS6_details"
                       class="testMethodDetails">
                     <div>
                        <b>Name: </b>verify_lock_term_appear_as_unlock_term_test
                     </div>
                     <div>
                        <b>Signature: </b>verify_lock_term_appear_as_unlock_term_test()[pri:7, instance:com.eduven.testcase.PurchaseTestCases@3fb6a447]
                     </div>
                     <div>
                        <b>Start time: </b>10:53:10
                     </div>
                     <div>
                        <b>End time: </b>10:57:10
                     </div>
                     <div>
                        <b>Duration: </b>4m
                        
                     </div>
                  </div>
               </td>
            </tr>
            <tr></tr>
            <tr id="com.eduven.testcase.PurchaseTestCases_restartApp_byClass_PASS7_row"
                class="testMethodStatusPASS testMethodStatusCONF">
               <td width="100%" class="firstMethodCell">
                  <a onclick="toggleDetailsVisibility('com.eduven.testcase.PurchaseTestCases_restartApp_byClass_PASS7_details')">restartApp()</a>
               </td>
               <td nowrap="true">10:57:10</td>
               <td nowrap="true" align="right">31s
                  
               </td>
               <td nowrap="true">
                   
                  
               </td>
            </tr>
            <tr>
               <td colspan="4" class="detailsBox">
                  <div id="com.eduven.testcase.PurchaseTestCases_restartApp_byClass_PASS7_details"
                       class="testMethodDetails">
                     <div>
                        <b>Name: </b>restartApp
                     </div>
                     <div>
                        <b>Signature: </b>restartApp()[pri:0, instance:com.eduven.testcase.PurchaseTestCases@3fb6a447]
                     </div>
                     <div>
                        <b>Start time: </b>10:57:10
                     </div>
                     <div>
                        <b>End time: </b>10:57:41
                     </div>
                     <div>
                        <b>Duration: </b>31s
                        
                     </div>
                  </div>
               </td>
            </tr>
            <tr></tr>
            <tr id="com.eduven.testcase.PurchaseTestCases_tearDown_byClass_FAIL8_row"
                class="testMethodStatusFAIL testMethodStatusCONF">
               <td width="100%" class="firstMethodCell">
                  <a onclick="toggleDetailsVisibility('com.eduven.testcase.PurchaseTestCases_tearDown_byClass_FAIL8_details')">tearDown()</a>
               </td>
               <td nowrap="true">10:57:41</td>
               <td nowrap="true" align="right">0 ms
                  
               </td>
               <td nowrap="true">
                  <a onclick="toggleDetailsVisibility('com.eduven.testcase.PurchaseTestCases_tearDown_byClass_FAIL8_exception')">java.lang.IllegalArgumentException: 
                     wrong number of arguments
                     
                  </a>
                   
                  
               </td>
            </tr>
            <tr>
               <td colspan="4" class="detailsBox">
                  <div id="com.eduven.testcase.PurchaseTestCases_tearDown_byClass_FAIL8_details"
                       class="testMethodDetails">
                     <div>
                        <b>Name: </b>tearDown
                     </div>
                     <div>
                        <b>Signature: </b>tearDown(org.testng.ITestResult)[pri:0, instance:com.eduven.testcase.PurchaseTestCases@3fb6a447]
                     </div>
                     <div>
                        <b>Start time: </b>10:57:41
                     </div>
                     <div>
                        <b>End time: </b>10:57:41
                     </div>
                     <div>
                        <b>Duration: </b>0 ms
                        
                     </div>
                  </div>
               </td>
            </tr>
            <tr>
               <td colspan="4" class="detailsBox">
                  <div id="com.eduven.testcase.PurchaseTestCases_tearDown_byClass_FAIL8_exception"
                       class="testMethodDetails">
                     <pre style="padding: 5px; margin: 0;">java.lang.IllegalArgumentException: wrong number of arguments
                        	at sun.reflect.NativeMethodAccessorImpl.invoke0(Native Method)
                        	at sun.reflect.NativeMethodAccessorImpl.invoke(NativeMethodAccessorImpl.java:62)
                        	at sun.reflect.DelegatingMethodAccessorImpl.invoke(DelegatingMethodAccessorImpl.java:43)
                        	at java.lang.reflect.Method.invoke(Method.java:498)
                        	at org.testng.internal.MethodInvocationHelper.invokeMethod(MethodInvocationHelper.java:85)
                        	at org.testng.internal.Invoker.invokeConfigurationMethod(Invoker.java:510)
                        	at org.testng.internal.Invoker.invokeConfigurations(Invoker.java:211)
                        	at org.testng.internal.Invoker.invokeConfigurations(Invoker.java:138)
                        	at org.testng.TestRunner.afterRun(TestRunner.java:1023)
                        	at org.testng.TestRunner.run(TestRunner.java:628)
                        	at org.testng.SuiteRunner.runTest(SuiteRunner.java:359)
                        	at org.testng.SuiteRunner.runSequentially(SuiteRunner.java:354)
                        	at org.testng.SuiteRunner.privateRun(SuiteRunner.java:312)
                        	at org.testng.SuiteRunner.run(SuiteRunner.java:261)
                        	at org.testng.SuiteRunnerWorker.runSuite(SuiteRunnerWorker.java:52)
                        	at org.testng.SuiteRunnerWorker.run(SuiteRunnerWorker.java:86)
                        	at org.testng.TestNG.runSuitesSequentially(TestNG.java:1215)
                        	at org.testng.TestNG.runSuitesLocally(TestNG.java:1140)
                        	at org.testng.TestNG.run(TestNG.java:1048)
                        	at org.testng.remote.RemoteTestNG.run(RemoteTestNG.java:112)
                        	at org.testng.remote.RemoteTestNG.initAndRun(RemoteTestNG.java:205)
                        	at org.testng.remote.RemoteTestNG.main(RemoteTestNG.java:176)
                     </pre>
                  </div>
               </td>
            </tr>
         </table>
         <br></br>
      </div>
      <div style="margin-top: 15px; color: gray; text-align: center; font-size: 9px;">
         Generated with
         
         <a href="http://code.google.com/p/testng-xslt/" style="color: #8888aa;"
            target="_blank">
            TestNG XSLT
            
         </a>
      </div>
   </body>
</html>