<?xml version="1.0" encoding="UTF-8"?>
<!-- Generated by org.testng.reporters.JUnitXMLReporter -->
<testsuite hostname="Akashs-Mac-mini.local" name="ArtAficionadosPageTestCases" tests="4" failures="1" timestamp="26 Feb 2016 11:01:06 GMT" time="0.007" errors="0">
  <testcase name="@AfterMethod afterMethod" time="0.0" classname="com.eduven.testcase.ArtAficionadosPageTestCases">
    <failure type="java.lang.NoClassDefFoundError" message="Could not initialize class com.eduven.utils.ScreenShot">
      <![CDATA[java.lang.NoClassDefFoundError: Could not initialize class com.eduven.utils.ScreenShot
	at com.eduven.testcase.ArtAficionadosPageTestCases.afterMethod(ArtAficionadosPageTestCases.java:48)
... Removed 26 stack frames]]>
    </failure>
  </testcase> <!-- @AfterMethod afterMethod -->
  <testcase name="@AfterMethod afterMethod" time="0.0" classname="com.eduven.testcase.ArtAficionadosPageTestCases">
    <skipped/>
  </testcase> <!-- @AfterMethod afterMethod -->
  <testcase name="@AfterMethod afterMethod" time="0.0" classname="com.eduven.testcase.ArtAficionadosPageTestCases">
    <skipped/>
  </testcase> <!-- @AfterMethod afterMethod -->
  <testcase name="@AfterMethod afterMethod" time="0.0" classname="com.eduven.testcase.ArtAficionadosPageTestCases">
    <skipped/>
  </testcase> <!-- @AfterMethod afterMethod -->
  <testcase name="@AfterClass close_app" time="0.0" classname="com.eduven.testcase.ArtAficionadosPageTestCases">
    <skipped/>
  </testcase> <!-- @AfterClass close_app -->
  <testcase name="art_aficionados_page_test" time="0.0" classname="com.eduven.testcase.ArtAficionadosPageTestCases">
    <failure type="java.lang.NoClassDefFoundError" message="Could not initialize class com.eduven.modules.SplashScreen">
      <![CDATA[java.lang.NoClassDefFoundError: Could not initialize class com.eduven.modules.SplashScreen
	at com.eduven.testcase.ArtAficionadosPageTestCases.art_aficionados_page_test(ArtAficionadosPageTestCases.java:18)
... Removed 24 stack frames]]>
    </failure>
  </testcase> <!-- art_aficionados_page_test -->
  <testcase name="art_aficionados_page_header_test" time="0.001" classname="com.eduven.testcase.ArtAficionadosPageTestCases">
    <skipped/>
  </testcase> <!-- art_aficionados_page_header_test -->
  <testcase name="art_aficionados_page_entity_test" time="0.0" classname="com.eduven.testcase.ArtAficionadosPageTestCases">
    <skipped/>
  </testcase> <!-- art_aficionados_page_entity_test -->
  <testcase name="art_aficionados_page_free_entity_test" time="0.0" classname="com.eduven.testcase.ArtAficionadosPageTestCases">
    <skipped/>
  </testcase> <!-- art_aficionados_page_free_entity_test -->
</testsuite> <!-- ArtAficionadosPageTestCases -->
