<?xml version="1.0" encoding="UTF-8"?>
<!-- Generated by org.testng.reporters.JUnitXMLReporter -->
<testsuite hostname="Akashs-Mac-mini.local" name="CuisinePageTestCases" tests="5" failures="1" timestamp="26 Feb 2016 11:01:06 GMT" time="0.006" errors="0">
  <testcase name="@AfterMethod afterMethod" time="0.0" classname="com.eduven.testcase.CuisinePageTestCases">
    <failure type="java.lang.NoClassDefFoundError" message="Could not initialize class com.eduven.utils.ScreenShot">
      <![CDATA[java.lang.NoClassDefFoundError: Could not initialize class com.eduven.utils.ScreenShot
	at com.eduven.testcase.CuisinePageTestCases.afterMethod(CuisinePageTestCases.java:63)
... Removed 26 stack frames]]>
    </failure>
  </testcase> <!-- @AfterMethod afterMethod -->
  <testcase name="@AfterMethod afterMethod" time="0.0" classname="com.eduven.testcase.CuisinePageTestCases">
    <skipped/>
  </testcase> <!-- @AfterMethod afterMethod -->
  <testcase name="@AfterMethod afterMethod" time="0.0" classname="com.eduven.testcase.CuisinePageTestCases">
    <skipped/>
  </testcase> <!-- @AfterMethod afterMethod -->
  <testcase name="@AfterMethod afterMethod" time="0.0" classname="com.eduven.testcase.CuisinePageTestCases">
    <skipped/>
  </testcase> <!-- @AfterMethod afterMethod -->
  <testcase name="@AfterMethod afterMethod" time="0.0" classname="com.eduven.testcase.CuisinePageTestCases">
    <skipped/>
  </testcase> <!-- @AfterMethod afterMethod -->
  <testcase name="@AfterClass close_app" time="0.0" classname="com.eduven.testcase.CuisinePageTestCases">
    <skipped/>
  </testcase> <!-- @AfterClass close_app -->
  <testcase name="cuisine_page_test" time="0.0" classname="com.eduven.testcase.CuisinePageTestCases">
    <failure type="java.lang.NoClassDefFoundError" message="Could not initialize class com.eduven.modules.SplashScreen">
      <![CDATA[java.lang.NoClassDefFoundError: Could not initialize class com.eduven.modules.SplashScreen
	at com.eduven.testcase.CuisinePageTestCases.cuisine_page_test(CuisinePageTestCases.java:20)
... Removed 24 stack frames]]>
    </failure>
  </testcase> <!-- cuisine_page_test -->
  <testcase name="cuisine_page_header_test" time="0.0" classname="com.eduven.testcase.CuisinePageTestCases">
    <skipped/>
  </testcase> <!-- cuisine_page_header_test -->
  <testcase name="cuisine_page_free_entity_test" time="0.0" classname="com.eduven.testcase.CuisinePageTestCases">
    <skipped/>
  </testcase> <!-- cuisine_page_free_entity_test -->
  <testcase name="cuisine_page_premium_entity_test" time="0.0" classname="com.eduven.testcase.CuisinePageTestCases">
    <skipped/>
  </testcase> <!-- cuisine_page_premium_entity_test -->
  <testcase name="cuisine_page_entity_detail_test" time="0.001" classname="com.eduven.testcase.CuisinePageTestCases">
    <skipped/>
  </testcase> <!-- cuisine_page_entity_detail_test -->
</testsuite> <!-- CuisinePageTestCases -->
