<?xml version="1.0" encoding="UTF-8"?>
<!-- Generated by org.testng.reporters.JUnitXMLReporter -->
<testsuite hostname="Akashs-Mac-mini.local" name="EduBankPageTestCases" tests="7" failures="1" timestamp="26 Feb 2016 11:01:06 GMT" time="0.007" errors="0">
  <testcase name="@AfterMethod afterMethod" time="0.0" classname="com.eduven.testcase.EduBankPageTestCases">
    <failure type="java.lang.NoClassDefFoundError" message="Could not initialize class com.eduven.utils.ScreenShot">
      <![CDATA[java.lang.NoClassDefFoundError: Could not initialize class com.eduven.utils.ScreenShot
	at com.eduven.testcase.EduBankPageTestCases.afterMethod(EduBankPageTestCases.java:76)
... Removed 26 stack frames]]>
    </failure>
  </testcase> <!-- @AfterMethod afterMethod -->
  <testcase name="@AfterMethod afterMethod" time="0.0" classname="com.eduven.testcase.EduBankPageTestCases">
    <skipped/>
  </testcase> <!-- @AfterMethod afterMethod -->
  <testcase name="@AfterMethod afterMethod" time="0.0" classname="com.eduven.testcase.EduBankPageTestCases">
    <skipped/>
  </testcase> <!-- @AfterMethod afterMethod -->
  <testcase name="@AfterMethod afterMethod" time="0.0" classname="com.eduven.testcase.EduBankPageTestCases">
    <skipped/>
  </testcase> <!-- @AfterMethod afterMethod -->
  <testcase name="@AfterMethod afterMethod" time="0.0" classname="com.eduven.testcase.EduBankPageTestCases">
    <skipped/>
  </testcase> <!-- @AfterMethod afterMethod -->
  <testcase name="@AfterMethod afterMethod" time="0.0" classname="com.eduven.testcase.EduBankPageTestCases">
    <skipped/>
  </testcase> <!-- @AfterMethod afterMethod -->
  <testcase name="@AfterMethod afterMethod" time="0.0" classname="com.eduven.testcase.EduBankPageTestCases">
    <skipped/>
  </testcase> <!-- @AfterMethod afterMethod -->
  <testcase name="@AfterClass close_app" time="0.0" classname="com.eduven.testcase.EduBankPageTestCases">
    <skipped/>
  </testcase> <!-- @AfterClass close_app -->
  <testcase name="eduBank_page_splash_screen_test" time="0.001" classname="com.eduven.testcase.EduBankPageTestCases">
    <failure type="java.lang.NoClassDefFoundError" message="Could not initialize class com.eduven.modules.SplashScreen">
      <![CDATA[java.lang.NoClassDefFoundError: Could not initialize class com.eduven.modules.SplashScreen
	at com.eduven.testcase.EduBankPageTestCases.eduBank_page_splash_screen_test(EduBankPageTestCases.java:21)
... Removed 24 stack frames]]>
    </failure>
  </testcase> <!-- eduBank_page_splash_screen_test -->
  <testcase name="eduBank_page_check_favourite_and_alert_test" time="0.0" classname="com.eduven.testcase.EduBankPageTestCases">
    <skipped/>
  </testcase> <!-- eduBank_page_check_favourite_and_alert_test -->
  <testcase name="eduBank_page_navigate_to_entity_detail_test" time="0.0" classname="com.eduven.testcase.EduBankPageTestCases">
    <skipped/>
  </testcase> <!-- eduBank_page_navigate_to_entity_detail_test -->
  <testcase name="eduBank_page_add_favourite_to_eduBank_test" time="0.001" classname="com.eduven.testcase.EduBankPageTestCases">
    <skipped/>
  </testcase> <!-- eduBank_page_add_favourite_to_eduBank_test -->
  <testcase name="navigate_to_edubank_test" time="0.0" classname="com.eduven.testcase.EduBankPageTestCases">
    <skipped/>
  </testcase> <!-- navigate_to_edubank_test -->
  <testcase name="verify_eduBank_add_entity_test" time="0.001" classname="com.eduven.testcase.EduBankPageTestCases">
    <skipped/>
  </testcase> <!-- verify_eduBank_add_entity_test -->
  <testcase name="remove_entity_from_eduBank" time="0.0" classname="com.eduven.testcase.EduBankPageTestCases">
    <skipped/>
  </testcase> <!-- remove_entity_from_eduBank -->
</testsuite> <!-- EduBankPageTestCases -->
