<?xml version="1.0" encoding="UTF-8"?>
<!-- Generated by org.testng.reporters.JUnitXMLReporter -->
<testsuite hostname="Akashs-Mac-mini.local" name="HistoricalHangoutsPageTestCases" tests="5" failures="1" timestamp="26 Feb 2016 11:01:05 GMT" time="5.563" errors="0">
  <testcase name="@AfterMethod afterMethod" time="0.0" classname="com.eduven.testcase.HistoricalHangoutsPageTestCases">
    <failure type="java.lang.ExceptionInInitializerError">
      <![CDATA[java.lang.ExceptionInInitializerError
	at com.eduven.testcase.HistoricalHangoutsPageTestCases.afterMethod(HistoricalHangoutsPageTestCases.java:58)
Caused by: org.openqa.selenium.SessionNotCreatedException: A new session could not be created. (Original error: Command failed: /bin/sh -c ideviceinstaller -u 1729b469f8bacbe08fa578a280114ad92400f973 -l 
No iOS device found, is it plugged in?
) (WARNING: The server did not provide any stacktrace information)
Command duration or timeout: 1.45 seconds
Build info: version: '2.51.0', revision: '1af067d', time: '2016-02-05 19:15:17'
System info: host: 'Akashs-Mac-mini.local', ip: '10.30.30.98', os.name: 'Mac OS X', os.arch: 'x86_64', os.version: '10.9.5', java.version: '1.8.0_74'
Driver info: io.appium.java_client.ios.IOSDriver
	at org.openqa.selenium.remote.ErrorHandler.createThrowable(ErrorHandler.java:206)
	at org.openqa.selenium.remote.ErrorHandler.throwIfResponseFailed(ErrorHandler.java:158)
	at org.openqa.selenium.remote.RemoteWebDriver.execute(RemoteWebDriver.java:678)
	at io.appium.java_client.DefaultGenericMobileDriver.execute(DefaultGenericMobileDriver.java:42)
	at io.appium.java_client.AppiumDriver.execute(AppiumDriver.java:1)
	at io.appium.java_client.ios.IOSDriver.execute(IOSDriver.java:1)
	at org.openqa.selenium.remote.RemoteWebDriver.startSession(RemoteWebDriver.java:249)
	at org.openqa.selenium.remote.RemoteWebDriver.<init>(RemoteWebDriver.java:131)
	at org.openqa.selenium.remote.RemoteWebDriver.<init>(RemoteWebDriver.java:144)
	at io.appium.java_client.DefaultGenericMobileDriver.<init>(DefaultGenericMobileDriver.java:37)
	at io.appium.java_client.AppiumDriver.<init>(AppiumDriver.java:161)
	at io.appium.java_client.AppiumDriver.<init>(AppiumDriver.java:170)
	at io.appium.java_client.ios.IOSDriver.<init>(IOSDriver.java:57)
	at com.eduven.utils.DriverInstance.getIosDriver(DriverInstance.java:41)
	at com.eduven.utils.ScreenShot.<clinit>(ScreenShot.java:17)
	... 27 more
... Removed 30 stack frames]]>
    </failure>
  </testcase> <!-- @AfterMethod afterMethod -->
  <testcase name="@AfterMethod afterMethod" time="0.0" classname="com.eduven.testcase.HistoricalHangoutsPageTestCases">
    <skipped/>
  </testcase> <!-- @AfterMethod afterMethod -->
  <testcase name="@AfterMethod afterMethod" time="0.0" classname="com.eduven.testcase.HistoricalHangoutsPageTestCases">
    <skipped/>
  </testcase> <!-- @AfterMethod afterMethod -->
  <testcase name="@AfterMethod afterMethod" time="0.0" classname="com.eduven.testcase.HistoricalHangoutsPageTestCases">
    <skipped/>
  </testcase> <!-- @AfterMethod afterMethod -->
  <testcase name="@AfterMethod afterMethod" time="0.0" classname="com.eduven.testcase.HistoricalHangoutsPageTestCases">
    <skipped/>
  </testcase> <!-- @AfterMethod afterMethod -->
  <testcase name="@AfterClass close_app" time="0.0" classname="com.eduven.testcase.HistoricalHangoutsPageTestCases">
    <skipped/>
  </testcase> <!-- @AfterClass close_app -->
  <testcase name="historical_hangouts_page_test" time="3.757" classname="com.eduven.testcase.HistoricalHangoutsPageTestCases">
    <failure type="java.lang.ExceptionInInitializerError">
      <![CDATA[java.lang.ExceptionInInitializerError
	at com.eduven.testcase.HistoricalHangoutsPageTestCases.historical_hangouts_page_test(HistoricalHangoutsPageTestCases.java:19)
Caused by: org.openqa.selenium.SessionNotCreatedException: A new session could not be created. (Original error: Command failed: /bin/sh -c ideviceinstaller -u 1729b469f8bacbe08fa578a280114ad92400f973 -l 
No iOS device found, is it plugged in?
) (WARNING: The server did not provide any stacktrace information)
Command duration or timeout: 2.81 seconds
Build info: version: '2.51.0', revision: '1af067d', time: '2016-02-05 19:15:17'
System info: host: 'Akashs-Mac-mini.local', ip: '10.30.30.98', os.name: 'Mac OS X', os.arch: 'x86_64', os.version: '10.9.5', java.version: '1.8.0_74'
Driver info: io.appium.java_client.ios.IOSDriver
	at org.openqa.selenium.remote.ErrorHandler.createThrowable(ErrorHandler.java:206)
	at org.openqa.selenium.remote.ErrorHandler.throwIfResponseFailed(ErrorHandler.java:158)
	at org.openqa.selenium.remote.RemoteWebDriver.execute(RemoteWebDriver.java:678)
	at io.appium.java_client.DefaultGenericMobileDriver.execute(DefaultGenericMobileDriver.java:42)
	at io.appium.java_client.AppiumDriver.execute(AppiumDriver.java:1)
	at io.appium.java_client.ios.IOSDriver.execute(IOSDriver.java:1)
	at org.openqa.selenium.remote.RemoteWebDriver.startSession(RemoteWebDriver.java:249)
	at org.openqa.selenium.remote.RemoteWebDriver.<init>(RemoteWebDriver.java:131)
	at org.openqa.selenium.remote.RemoteWebDriver.<init>(RemoteWebDriver.java:144)
	at io.appium.java_client.DefaultGenericMobileDriver.<init>(DefaultGenericMobileDriver.java:37)
	at io.appium.java_client.AppiumDriver.<init>(AppiumDriver.java:161)
	at io.appium.java_client.AppiumDriver.<init>(AppiumDriver.java:170)
	at io.appium.java_client.ios.IOSDriver.<init>(IOSDriver.java:57)
	at com.eduven.utils.DriverInstance.getIosDriver(DriverInstance.java:41)
	at com.eduven.modules.SplashScreen.<clinit>(SplashScreen.java:15)
	... 25 more
... Removed 28 stack frames]]>
    </failure>
  </testcase> <!-- historical_hangouts_page_test -->
  <testcase name="historical_hangout_page_header_test" time="0.0" classname="com.eduven.testcase.HistoricalHangoutsPageTestCases">
    <skipped/>
  </testcase> <!-- historical_hangout_page_header_test -->
  <testcase name="historical_hangout_page_entity_test" time="0.0" classname="com.eduven.testcase.HistoricalHangoutsPageTestCases">
    <skipped/>
  </testcase> <!-- historical_hangout_page_entity_test -->
  <testcase name="historical_hangout_page_free_entity_test" time="0.0" classname="com.eduven.testcase.HistoricalHangoutsPageTestCases">
    <skipped/>
  </testcase> <!-- historical_hangout_page_free_entity_test -->
  <testcase name="historical_hangout_page_paid_entity_test" time="0.0" classname="com.eduven.testcase.HistoricalHangoutsPageTestCases">
    <skipped/>
  </testcase> <!-- historical_hangout_page_paid_entity_test -->
</testsuite> <!-- HistoricalHangoutsPageTestCases -->
