<?xml version="1.0" encoding="UTF-8"?>
<!-- Generated by org.testng.reporters.JUnitXMLReporter -->
<testsuite hostname="Akashs-Mac-mini.local" name="LanguagePhrasesPageTestCases" tests="4" failures="1" timestamp="26 Feb 2016 11:01:06 GMT" time="0.005" errors="0">
  <testcase name="@AfterMethod afterMethod" time="0.0" classname="com.eduven.testcase.LanguagePhrasesPageTestCases">
    <failure type="java.lang.NoClassDefFoundError" message="Could not initialize class com.eduven.utils.ScreenShot">
      <![CDATA[java.lang.NoClassDefFoundError: Could not initialize class com.eduven.utils.ScreenShot
	at com.eduven.testcase.LanguagePhrasesPageTestCases.afterMethod(LanguagePhrasesPageTestCases.java:51)
... Removed 26 stack frames]]>
    </failure>
  </testcase> <!-- @AfterMethod afterMethod -->
  <testcase name="@AfterMethod afterMethod" time="0.0" classname="com.eduven.testcase.LanguagePhrasesPageTestCases">
    <skipped/>
  </testcase> <!-- @AfterMethod afterMethod -->
  <testcase name="@AfterMethod afterMethod" time="0.0" classname="com.eduven.testcase.LanguagePhrasesPageTestCases">
    <skipped/>
  </testcase> <!-- @AfterMethod afterMethod -->
  <testcase name="@AfterMethod afterMethod" time="0.0" classname="com.eduven.testcase.LanguagePhrasesPageTestCases">
    <skipped/>
  </testcase> <!-- @AfterMethod afterMethod -->
  <testcase name="@AfterClass close_app" time="0.0" classname="com.eduven.testcase.LanguagePhrasesPageTestCases">
    <skipped/>
  </testcase> <!-- @AfterClass close_app -->
  <testcase name="language_phrases_test" time="0.001" classname="com.eduven.testcase.LanguagePhrasesPageTestCases">
    <failure type="java.lang.NoClassDefFoundError" message="Could not initialize class com.eduven.modules.SplashScreen">
      <![CDATA[java.lang.NoClassDefFoundError: Could not initialize class com.eduven.modules.SplashScreen
	at com.eduven.testcase.LanguagePhrasesPageTestCases.language_phrases_test(LanguagePhrasesPageTestCases.java:19)
... Removed 24 stack frames]]>
    </failure>
  </testcase> <!-- language_phrases_test -->
  <testcase name="language_phrases_page_header_test" time="0.0" classname="com.eduven.testcase.LanguagePhrasesPageTestCases">
    <skipped/>
  </testcase> <!-- language_phrases_page_header_test -->
  <testcase name="language_phrases_page_entity_test" time="0.001" classname="com.eduven.testcase.LanguagePhrasesPageTestCases">
    <skipped/>
  </testcase> <!-- language_phrases_page_entity_test -->
  <testcase name="language_phrases_page_verify_lock_unlock_btn_test" time="0.001" classname="com.eduven.testcase.LanguagePhrasesPageTestCases">
    <skipped/>
  </testcase> <!-- language_phrases_page_verify_lock_unlock_btn_test -->
</testsuite> <!-- LanguagePhrasesPageTestCases -->
