<?xml version="1.0" encoding="UTF-8"?>
<!-- Generated by org.testng.reporters.JUnitXMLReporter -->
<testsuite hostname="Akashs-Mac-mini.local" name="NatureNomadsPageTestCases" tests="5" failures="1" timestamp="26 Feb 2016 11:01:06 GMT" time="0.007" errors="0">
  <testcase name="@AfterMethod afterMethod" time="0.0" classname="com.eduven.testcase.NatureNomadsPageTestCases">
    <failure type="java.lang.NoClassDefFoundError" message="Could not initialize class com.eduven.utils.ScreenShot">
      <![CDATA[java.lang.NoClassDefFoundError: Could not initialize class com.eduven.utils.ScreenShot
	at com.eduven.testcase.NatureNomadsPageTestCases.afterMethod(NatureNomadsPageTestCases.java:55)
... Removed 26 stack frames]]>
    </failure>
  </testcase> <!-- @AfterMethod afterMethod -->
  <testcase name="@AfterMethod afterMethod" time="0.0" classname="com.eduven.testcase.NatureNomadsPageTestCases">
    <skipped/>
  </testcase> <!-- @AfterMethod afterMethod -->
  <testcase name="@AfterMethod afterMethod" time="0.0" classname="com.eduven.testcase.NatureNomadsPageTestCases">
    <skipped/>
  </testcase> <!-- @AfterMethod afterMethod -->
  <testcase name="@AfterMethod afterMethod" time="0.0" classname="com.eduven.testcase.NatureNomadsPageTestCases">
    <skipped/>
  </testcase> <!-- @AfterMethod afterMethod -->
  <testcase name="@AfterMethod afterMethod" time="0.0" classname="com.eduven.testcase.NatureNomadsPageTestCases">
    <skipped/>
  </testcase> <!-- @AfterMethod afterMethod -->
  <testcase name="@AfterClass close_app" time="0.0" classname="com.eduven.testcase.NatureNomadsPageTestCases">
    <skipped/>
  </testcase> <!-- @AfterClass close_app -->
  <testcase name="nature_nomads_page_test" time="0.0" classname="com.eduven.testcase.NatureNomadsPageTestCases">
    <failure type="java.lang.NoClassDefFoundError" message="Could not initialize class com.eduven.modules.SplashScreen">
      <![CDATA[java.lang.NoClassDefFoundError: Could not initialize class com.eduven.modules.SplashScreen
	at com.eduven.testcase.NatureNomadsPageTestCases.nature_nomads_page_test(NatureNomadsPageTestCases.java:18)
... Removed 24 stack frames]]>
    </failure>
  </testcase> <!-- nature_nomads_page_test -->
  <testcase name="nature_nomads_page_header_test" time="0.0" classname="com.eduven.testcase.NatureNomadsPageTestCases">
    <skipped/>
  </testcase> <!-- nature_nomads_page_header_test -->
  <testcase name="nature_nomads_page_entity_test" time="0.0" classname="com.eduven.testcase.NatureNomadsPageTestCases">
    <skipped/>
  </testcase> <!-- nature_nomads_page_entity_test -->
  <testcase name="nature_nomads_page_free_entity_test" time="0.0" classname="com.eduven.testcase.NatureNomadsPageTestCases">
    <skipped/>
  </testcase> <!-- nature_nomads_page_free_entity_test -->
  <testcase name="nature_nomads_page_premium_entity_test" time="0.0" classname="com.eduven.testcase.NatureNomadsPageTestCases">
    <skipped/>
  </testcase> <!-- nature_nomads_page_premium_entity_test -->
</testsuite> <!-- NatureNomadsPageTestCases -->
