<?xml version="1.0" encoding="UTF-8"?>
<!-- Generated by org.testng.reporters.JUnitXMLReporter -->
<testsuite hostname="Akashs-Mac-mini.local" name="RoutesPageTestCases" tests="5" failures="1" timestamp="26 Feb 2016 11:01:06 GMT" time="0.005" errors="0">
  <testcase name="@AfterMethod afterMethod" time="0.0" classname="com.eduven.testcase.RoutesPageTestCases">
    <failure type="java.lang.NoClassDefFoundError" message="Could not initialize class com.eduven.utils.ScreenShot">
      <![CDATA[java.lang.NoClassDefFoundError: Could not initialize class com.eduven.utils.ScreenShot
	at com.eduven.testcase.RoutesPageTestCases.afterMethod(RoutesPageTestCases.java:56)
... Removed 26 stack frames]]>
    </failure>
  </testcase> <!-- @AfterMethod afterMethod -->
  <testcase name="@AfterMethod afterMethod" time="0.0" classname="com.eduven.testcase.RoutesPageTestCases">
    <skipped/>
  </testcase> <!-- @AfterMethod afterMethod -->
  <testcase name="@AfterMethod afterMethod" time="0.0" classname="com.eduven.testcase.RoutesPageTestCases">
    <skipped/>
  </testcase> <!-- @AfterMethod afterMethod -->
  <testcase name="@AfterMethod afterMethod" time="0.0" classname="com.eduven.testcase.RoutesPageTestCases">
    <skipped/>
  </testcase> <!-- @AfterMethod afterMethod -->
  <testcase name="@AfterMethod afterMethod" time="0.0" classname="com.eduven.testcase.RoutesPageTestCases">
    <skipped/>
  </testcase> <!-- @AfterMethod afterMethod -->
  <testcase name="@AfterClass close_app" time="0.0" classname="com.eduven.testcase.RoutesPageTestCases">
    <skipped/>
  </testcase> <!-- @AfterClass close_app -->
  <testcase name="routes_page_test" time="0.0" classname="com.eduven.testcase.RoutesPageTestCases">
    <failure type="java.lang.NoClassDefFoundError" message="Could not initialize class com.eduven.modules.SplashScreen">
      <![CDATA[java.lang.NoClassDefFoundError: Could not initialize class com.eduven.modules.SplashScreen
	at com.eduven.testcase.RoutesPageTestCases.routes_page_test(RoutesPageTestCases.java:19)
... Removed 24 stack frames]]>
    </failure>
  </testcase> <!-- routes_page_test -->
  <testcase name="routes_page_header_test" time="0.0" classname="com.eduven.testcase.RoutesPageTestCases">
    <skipped/>
  </testcase> <!-- routes_page_header_test -->
  <testcase name="routes_page_entity_test" time="0.001" classname="com.eduven.testcase.RoutesPageTestCases">
    <skipped/>
  </testcase> <!-- routes_page_entity_test -->
  <testcase name="routes_page_free_entity_test" time="0.0" classname="com.eduven.testcase.RoutesPageTestCases">
    <skipped/>
  </testcase> <!-- routes_page_free_entity_test -->
  <testcase name="routes_page_premium_entity_test" time="0.0" classname="com.eduven.testcase.RoutesPageTestCases">
    <skipped/>
  </testcase> <!-- routes_page_premium_entity_test -->
</testsuite> <!-- RoutesPageTestCases -->
