<?xml version="1.0" encoding="UTF-8"?>
<!-- Generated by org.testng.reporters.JUnitXMLReporter -->
<testsuite hostname="Akashs-Mac-mini.local" name="SportsPageTestCases" tests="5" failures="1" timestamp="26 Feb 2016 11:01:05 GMT" time="0.012" errors="0">
  <testcase name="@AfterMethod afterMethod" time="0.0" classname="com.eduven.testcase.SportsPageTestCases">
    <failure type="java.lang.NoClassDefFoundError" message="Could not initialize class com.eduven.utils.ScreenShot">
      <![CDATA[java.lang.NoClassDefFoundError: Could not initialize class com.eduven.utils.ScreenShot
	at com.eduven.testcase.SportsPageTestCases.afterMethod(SportsPageTestCases.java:56)
... Removed 26 stack frames]]>
    </failure>
  </testcase> <!-- @AfterMethod afterMethod -->
  <testcase name="@AfterMethod afterMethod" time="0.0" classname="com.eduven.testcase.SportsPageTestCases">
    <skipped/>
  </testcase> <!-- @AfterMethod afterMethod -->
  <testcase name="@AfterMethod afterMethod" time="0.0" classname="com.eduven.testcase.SportsPageTestCases">
    <skipped/>
  </testcase> <!-- @AfterMethod afterMethod -->
  <testcase name="@AfterMethod afterMethod" time="0.0" classname="com.eduven.testcase.SportsPageTestCases">
    <skipped/>
  </testcase> <!-- @AfterMethod afterMethod -->
  <testcase name="@AfterMethod afterMethod" time="0.0" classname="com.eduven.testcase.SportsPageTestCases">
    <skipped/>
  </testcase> <!-- @AfterMethod afterMethod -->
  <testcase name="@AfterClass close_app" time="0.0" classname="com.eduven.testcase.SportsPageTestCases">
    <skipped/>
  </testcase> <!-- @AfterClass close_app -->
  <testcase name="sports_page_test" time="0.001" classname="com.eduven.testcase.SportsPageTestCases">
    <failure type="java.lang.NoClassDefFoundError" message="Could not initialize class com.eduven.modules.SplashScreen">
      <![CDATA[java.lang.NoClassDefFoundError: Could not initialize class com.eduven.modules.SplashScreen
	at com.eduven.testcase.SportsPageTestCases.sports_page_test(SportsPageTestCases.java:19)
... Removed 24 stack frames]]>
    </failure>
  </testcase> <!-- sports_page_test -->
  <testcase name="sports_page_header_test" time="0.0" classname="com.eduven.testcase.SportsPageTestCases">
    <skipped/>
  </testcase> <!-- sports_page_header_test -->
  <testcase name="sports_page_entity_test" time="0.001" classname="com.eduven.testcase.SportsPageTestCases">
    <skipped/>
  </testcase> <!-- sports_page_entity_test -->
  <testcase name="sports_page_free_entity_test" time="0.001" classname="com.eduven.testcase.SportsPageTestCases">
    <skipped/>
  </testcase> <!-- sports_page_free_entity_test -->
  <testcase name="sports_page_premium_entity_test" time="0.001" classname="com.eduven.testcase.SportsPageTestCases">
    <skipped/>
  </testcase> <!-- sports_page_premium_entity_test -->
</testsuite> <!-- SportsPageTestCases -->
