<?xml version="1.0" encoding="UTF-8"?>
<!-- Generated by org.testng.reporters.JUnitXMLReporter -->
<testsuite hostname="Bhardwaj.local" name="Regression Testing" tests="115" failures="1" timestamp="4 Nov 2016 07:08:32 GMT" time="9630.105" errors="0">
  <testcase name="@AfterTest tearDown" time="0.0" classname="com.eduven.testcase.CheckInterstetialBeforePurchase">
    <failure type="java.lang.IllegalArgumentException" message="wrong number of arguments">
      <![CDATA[java.lang.IllegalArgumentException: wrong number of arguments
	at sun.reflect.NativeMethodAccessorImpl.invoke0(Native Method)
	at sun.reflect.NativeMethodAccessorImpl.invoke(NativeMethodAccessorImpl.java:62)
	at sun.reflect.DelegatingMethodAccessorImpl.invoke(DelegatingMethodAccessorImpl.java:43)
	at java.lang.reflect.Method.invoke(Method.java:498)
	at org.testng.internal.MethodInvocationHelper.invokeMethod(MethodInvocationHelper.java:85)
	at org.testng.internal.Invoker.invokeConfigurationMethod(Invoker.java:510)
	at org.testng.internal.Invoker.invokeConfigurations(Invoker.java:211)
	at org.testng.internal.Invoker.invokeConfigurations(Invoker.java:138)
	at org.testng.TestRunner.afterRun(TestRunner.java:1023)
	at org.testng.TestRunner.run(TestRunner.java:628)
	at org.testng.SuiteRunner.runTest(SuiteRunner.java:359)
	at org.testng.SuiteRunner.runSequentially(SuiteRunner.java:354)
	at org.testng.SuiteRunner.privateRun(SuiteRunner.java:312)
	at org.testng.SuiteRunner.run(SuiteRunner.java:261)
	at org.testng.SuiteRunnerWorker.runSuite(SuiteRunnerWorker.java:52)
	at org.testng.SuiteRunnerWorker.run(SuiteRunnerWorker.java:86)
	at org.testng.TestNG.runSuitesSequentially(TestNG.java:1215)
	at org.testng.TestNG.runSuitesLocally(TestNG.java:1140)
	at org.testng.TestNG.run(TestNG.java:1048)
	at com.eduven.utils.RunTestng.main(RunTestng.java:62)
]]>
    </failure>
  </testcase> <!-- @AfterTest tearDown -->
  <testcase name="@AfterTest tearDown" time="0.0" classname="com.eduven.testcase.CheckInterstetialBeforePurchase">
    <skipped/>
  </testcase> <!-- @AfterTest tearDown -->
  <testcase name="install_app_and_language_selection_test" time="119.653" classname="com.eduven.testcase.HomePageTestCases"/>
  <testcase name="verify_element_on_homePage_test" time="1.481" classname="com.eduven.testcase.HomePageTestCases">
    <failure type="java.lang.AssertionError" message="Error Message!! Actual App Name not matched with Expected app name. expected [speak smart french] but found [learn smart french]">
      <![CDATA[java.lang.AssertionError: Error Message!! Actual App Name not matched with Expected app name. expected [speak smart french] but found [learn smart french]
	at org.testng.Assert.fail(Assert.java:94)
	at org.testng.Assert.failNotEquals(Assert.java:496)
	at org.testng.Assert.assertEquals(Assert.java:125)
	at org.testng.Assert.assertEquals(Assert.java:178)
	at com.eduven.utils.Reusables.verifyEqualMessage(Reusables.java:759)
	at com.eduven.modules.HomePage.verifyAppName(HomePage.java:46)
	at com.eduven.testcase.HomePageTestCases.verify_element_on_homePage_test(HomePageTestCases.java:29)
	at sun.reflect.NativeMethodAccessorImpl.invoke0(Native Method)
	at sun.reflect.NativeMethodAccessorImpl.invoke(NativeMethodAccessorImpl.java:62)
	at sun.reflect.DelegatingMethodAccessorImpl.invoke(DelegatingMethodAccessorImpl.java:43)
	at java.lang.reflect.Method.invoke(Method.java:498)
	at org.testng.internal.MethodInvocationHelper.invokeMethod(MethodInvocationHelper.java:85)
	at org.testng.internal.Invoker.invokeMethod(Invoker.java:639)
	at org.testng.internal.Invoker.invokeTestMethod(Invoker.java:816)
	at org.testng.internal.Invoker.invokeTestMethods(Invoker.java:1124)
	at org.testng.internal.TestMethodWorker.invokeTestMethods(TestMethodWorker.java:125)
	at org.testng.internal.TestMethodWorker.run(TestMethodWorker.java:108)
	at org.testng.TestRunner.privateRun(TestRunner.java:774)
	at org.testng.TestRunner.run(TestRunner.java:624)
	at org.testng.SuiteRunner.runTest(SuiteRunner.java:359)
	at org.testng.SuiteRunner.runSequentially(SuiteRunner.java:354)
	at org.testng.SuiteRunner.privateRun(SuiteRunner.java:312)
	at org.testng.SuiteRunner.run(SuiteRunner.java:261)
	at org.testng.SuiteRunnerWorker.runSuite(SuiteRunnerWorker.java:52)
	at org.testng.SuiteRunnerWorker.run(SuiteRunnerWorker.java:86)
	at org.testng.TestNG.runSuitesSequentially(TestNG.java:1215)
	at org.testng.TestNG.runSuitesLocally(TestNG.java:1140)
	at org.testng.TestNG.run(TestNG.java:1048)
	at com.eduven.utils.RunTestng.main(RunTestng.java:62)
]]>
    </failure>
  </testcase> <!-- verify_element_on_homePage_test -->
  <testcase name="verify_footer_element_on_home_page_test" time="0.728" classname="com.eduven.testcase.HomePageTestCases"/>
  <testcase name="installAppAndLanguageSelectionTest" time="35.032" classname="com.eduven.testcase.CategoryPageTestCases"/>
  <testcase name="verifyCategoryHeaderTxtTest" time="3.504" classname="com.eduven.testcase.CategoryPageTestCases"/>
  <testcase name="verifyCategoryListTest" time="307.23" classname="com.eduven.testcase.CategoryPageTestCases"/>
  <testcase name="verifyCategoryTermCountTest" time="587.189" classname="com.eduven.testcase.CategoryPageTestCases"/>
  <testcase name="installAppAndLanguageSelectionTest" time="35.215" classname="com.eduven.testcase.EduBankPageTestCases"/>
  <testcase name="navigateToEdubankTest" time="49.361" classname="com.eduven.testcase.EduBankPageTestCases"/>
  <testcase name="navigateToTermPageTest" time="82.959" classname="com.eduven.testcase.EduBankPageTestCases"/>
  <testcase name="addTermInEdubankTest" time="6.079" classname="com.eduven.testcase.EduBankPageTestCases"/>
  <testcase name="verifyAddedTermInEdubankTest" time="7.269" classname="com.eduven.testcase.EduBankPageTestCases"/>
  <testcase name="remove_terms_from_Edubank_test" time="4.332" classname="com.eduven.testcase.EduBankPageTestCases"/>
  <testcase name="verifyAddedTermInEdubankAfterRemoveOneTermTest" time="23.572" classname="com.eduven.testcase.EduBankPageTestCases"/>
  <testcase name="removeAllTermsFromEdubankTest" time="2.685" classname="com.eduven.testcase.EduBankPageTestCases"/>
  <testcase name="navigateToEdubankQuicklistTest" time="49.6" classname="com.eduven.testcase.EduBankPageTestCases"/>
  <testcase name="navigateToEquicklistPageTest" time="8.049" classname="com.eduven.testcase.EduBankPageTestCases"/>
  <testcase name="navigateToQuicklistTermPageTest" time="25.153" classname="com.eduven.testcase.EduBankPageTestCases"/>
  <testcase name="addTermInEdubankForQuicklistTest" time="10.207" classname="com.eduven.testcase.EduBankPageTestCases"/>
  <testcase name="verifyAddedTermInEdubankForQuicklistTest" time="6.424" classname="com.eduven.testcase.EduBankPageTestCases"/>
  <testcase name="removeTermsFromEdubankForQuicklistTest" time="4.374" classname="com.eduven.testcase.EduBankPageTestCases"/>
  <testcase name="verifyAddedTermInEdubankForQuicklistAfterRemoveOnTermTest" time="23.84" classname="com.eduven.testcase.EduBankPageTestCases"/>
  <testcase name="removeAllTermsFromEdubankForQuicklistTest" time="1.262" classname="com.eduven.testcase.EduBankPageTestCases"/>
  <testcase name="install_app_and_language_selection_test" time="35.086" classname="com.eduven.testcase.SearchPageTestCases"/>
  <testcase name="navigate_to_search_page_test" time="2.334" classname="com.eduven.testcase.SearchPageTestCases"/>
  <testcase name="verify_search_page_header_test" time="1.659" classname="com.eduven.testcase.SearchPageTestCases"/>
  <testcase name="search_word_for_Unlock_term_test" time="59.817" classname="com.eduven.testcase.SearchPageTestCases"/>
  <testcase name="search_page_audio_test" time="7.203" classname="com.eduven.testcase.SearchPageTestCases"/>
  <testcase name="search_word_test" time="25.292" classname="com.eduven.testcase.SearchPageTestCases"/>
  <testcase name="installAppAndLanguageSelectionTest" time="34.25" classname="com.eduven.testcase.GamesPageTestCases"/>
  <testcase name="navigateToGaemPageTest" time="8.42" classname="com.eduven.testcase.GamesPageTestCases"/>
  <testcase name="verifyGameListNavigationTest" time="890.777" classname="com.eduven.testcase.GamesPageTestCases"/>
  <testcase name="selectGameFromGameListTest" time="13.563" classname="com.eduven.testcase.GamesPageTestCases"/>
  <testcase name="verifyElementOnGameHomeScreenTest" time="2.657" classname="com.eduven.testcase.GamesPageTestCases"/>
  <testcase name="questionCountTest" time="1.076" classname="com.eduven.testcase.GamesPageTestCases"/>
  <testcase name="startGameTest" time="4.617" classname="com.eduven.testcase.GamesPageTestCases"/>
  <testcase name="verifyElementOnMainGamePageScreenTest" time="9.258" classname="com.eduven.testcase.GamesPageTestCases"/>
  <testcase name="selectRandomOptionForQuestionTest" time="11.498" classname="com.eduven.testcase.GamesPageTestCases"/>
  <testcase name="verifyAttemptedQuestionOnScoreBoardTest" time="0.0" classname="com.eduven.testcase.GamesPageTestCases"/>
  <testcase name="verifyWrongAttemptedQuestionOnScoreBoardTest" time="1.08" classname="com.eduven.testcase.GamesPageTestCases"/>
  <testcase name="installAppAndLanguageSelectionTest" time="34.717" classname="com.eduven.testcase.EvMenuPageTestCases"/>
  <testcase name="navigateToMoreAppsPageTest" time="6.846" classname="com.eduven.testcase.EvMenuPageTestCases"/>
  <testcase name="verifyMoreAppsPageLoadedTest" time="6.077" classname="com.eduven.testcase.EvMenuPageTestCases"/>
  <testcase name="navigateToAppListPageTest" time="4.277" classname="com.eduven.testcase.EvMenuPageTestCases"/>
  <testcase name="verifyGooglePlayStorePageLoadedTest" time="8.521" classname="com.eduven.testcase.EvMenuPageTestCases"/>
  <testcase name="navigateContributePageTest" time="5.476" classname="com.eduven.testcase.EvMenuPageTestCases"/>
  <testcase name="verifyContributePageWithoutTextTest" time="15.182" classname="com.eduven.testcase.EvMenuPageTestCases"/>
  <testcase name="verifyContributePageWithCategoryTest" time="36.695" classname="com.eduven.testcase.EvMenuPageTestCases"/>
  <testcase name="verifyContributePageWithWordTest" time="42.613" classname="com.eduven.testcase.EvMenuPageTestCases"/>
  <testcase name="verifyContributePageWithRequiredTextTest" time="84.968" classname="com.eduven.testcase.EvMenuPageTestCases"/>
  <testcase name="categorySettingPageTest" time="859.123" classname="com.eduven.testcase.EvMenuPageTestCases"/>
  <testcase name="wordOfDayTest" time="17.906" classname="com.eduven.testcase.EvMenuPageTestCases"/>
  <testcase name="verifyDislcaimerTest" time="15.352" classname="com.eduven.testcase.EvMenuPageTestCases"/>
  <testcase name="verifyFaqsTest" time="15.245" classname="com.eduven.testcase.EvMenuPageTestCases"/>
  <testcase name="verifyTermAndConditionTest" time="35.971" classname="com.eduven.testcase.EvMenuPageTestCases"/>
  <testcase name="verifyPrivacyPolicyTest" time="58.61" classname="com.eduven.testcase.EvMenuPageTestCases"/>
  <testcase name="checkAllCategoryInCategorySettingTest" time="252.938" classname="com.eduven.testcase.EvMenuPageTestCases"/>
  <testcase name="getInTouchPageTest" time="45.485" classname="com.eduven.testcase.EvMenuPageTestCases"/>
  <testcase name="verifyRateThisAppTest" time="93.58" classname="com.eduven.testcase.EvMenuPageTestCases"/>
  <testcase name="installAppAndLanguageSelectionTest" time="35.748" classname="com.eduven.testcase.TermListPageTestCases"/>
  <testcase name="navigateToEditTermPageTest" time="229.064" classname="com.eduven.testcase.TermListPageTestCases"/>
  <testcase name="verifyContributePageWithoutTextTest" time="14.935" classname="com.eduven.testcase.TermListPageTestCases"/>
  <testcase name="verifyContributePageWithTest" time="80.5" classname="com.eduven.testcase.TermListPageTestCases"/>
  <testcase name="install_app_and_language_selection_test" time="35.224" classname="com.eduven.testcase.QuickListPageTestCases"/>
  <testcase name="navigate_to_quick_list_test" time="5.795" classname="com.eduven.testcase.QuickListPageTestCases"/>
  <testcase name="verify_quick_list_headertxt_test" time="1.706" classname="com.eduven.testcase.QuickListPageTestCases"/>
  <testcase name="verify_quick_list_category_test" time="96.204" classname="com.eduven.testcase.QuickListPageTestCases"/>
  <testcase name="navigate_to_quick_list_term_test" time="58.111" classname="com.eduven.testcase.QuickListPageTestCases"/>
  <testcase name="verify_terms_name_on_termlist_page_test" time="542.88" classname="com.eduven.testcase.QuickListPageTestCases"/>
  <testcase name="verify_unlock_term_name_on_term_list_page_test" time="31.271" classname="com.eduven.testcase.QuickListPageTestCases"/>
  <testcase name="verify_lock_term_name_on_term_list_page_test" time="162.221" classname="com.eduven.testcase.QuickListPageTestCases"/>
  <testcase name="installAppAndLanguageSelectionTest" time="35.184" classname="com.eduven.testcase.AutoPlayPageTestCases"/>
  <testcase name="handlingRateAppPopupTest" time="0.0" classname="com.eduven.testcase.AutoPlayPageTestCases"/>
  <testcase name="verifyCategoryHeaderTxt" time="3.09" classname="com.eduven.testcase.AutoPlayPageTestCases"/>
  <testcase name="selectRandomCategoryTest" time="204.539" classname="com.eduven.testcase.AutoPlayPageTestCases"/>
  <testcase name="verifyButtonsRelatedAutPlayTest" time="4.558" classname="com.eduven.testcase.AutoPlayPageTestCases"/>
  <testcase name="getFirstTermNameBeforeStartTest" time="0.116" classname="com.eduven.testcase.AutoPlayPageTestCases"/>
  <testcase name="increaseDelayTimeTest" time="8.416" classname="com.eduven.testcase.AutoPlayPageTestCases"/>
  <testcase name="startTurboPlayTest" time="22.977" classname="com.eduven.testcase.AutoPlayPageTestCases"/>
  <testcase name="verifyElementAfterStartTurboPlayTest" time="5.085" classname="com.eduven.testcase.AutoPlayPageTestCases"/>
  <testcase name="verifyAutoPlayWorksTest" time="21.936" classname="com.eduven.testcase.AutoPlayPageTestCases"/>
  <testcase name="installAppAndLanguageSelectionTest" time="34.693" classname="com.eduven.testcase.NetworkRelatedTestCases"/>
  <testcase name="turnoffNetworkConnectionTest" time="29.417" classname="com.eduven.testcase.NetworkRelatedTestCases"/>
  <testcase name="verifyEVMenuForNetworkConnectionTest" time="34.81" classname="com.eduven.testcase.NetworkRelatedTestCases"/>
  <testcase name="verifyPurchaseAppRelatedNetworkConnectionTest" time="17.467" classname="com.eduven.testcase.NetworkRelatedTestCases"/>
  <testcase name="verifySwicthLingoRelatedNetworkConnectionTest" time="39.472" classname="com.eduven.testcase.NetworkRelatedTestCases"/>
  <testcase name="turnOnNetworkConnectionTest" time="37.745" classname="com.eduven.testcase.NetworkRelatedTestCases"/>
  <testcase name="handlingRateAppPopupTest" time="0.0" classname="com.eduven.testcase.CheckInterstetialBeforePurchase"/>
  <testcase name="installAppAndLanguageSelectionTest" time="36.231" classname="com.eduven.testcase.CheckInterstetialBeforePurchase"/>
  <testcase name="verifyInterstetialForWordListTest" time="841.157" classname="com.eduven.testcase.CheckInterstetialBeforePurchase"/>
  <testcase name="verifyInterstetialForSearchTest" time="92.875" classname="com.eduven.testcase.CheckInterstetialBeforePurchase"/>
  <testcase name="verifyInterstetialForQuicklistTest" time="30.915" classname="com.eduven.testcase.CheckInterstetialBeforePurchase"/>
  <testcase name="verifyInterstetialForGamesTest" time="196.309" classname="com.eduven.testcase.CheckInterstetialBeforePurchase"/>
  <testcase name="verifyInterstetialForInAppTest" time="31.617" classname="com.eduven.testcase.CheckInterstetialBeforePurchase"/>
  <testcase name="installAppAndLanguageSelectionTest" time="35.059" classname="com.eduven.testcase.PurchaseTestCases"/>
  <testcase name="verify_lock_term_before_purchase_test" time="212.785" classname="com.eduven.testcase.PurchaseTestCases"/>
  <testcase name="navigate_to_buy_test" time="4.473" classname="com.eduven.testcase.PurchaseTestCases"/>
  <testcase name="premium_word_purchase_test" time="47.129" classname="com.eduven.testcase.PurchaseTestCases"/>
  <testcase name="verify_more_app_btn_after_purchase" time="5.364" classname="com.eduven.testcase.PurchaseTestCases"/>
  <testcase name="verify_lock_term_appear_as_unlock_term_test" time="241.089" classname="com.eduven.testcase.PurchaseTestCases"/>
  <testcase name="verify_interstetial_for_games_test" time="233.171" classname="com.eduven.testcase.PurchaseTestCases"/>
  <testcase name="verify_interstetial_for_word_list_test" time="369.405" classname="com.eduven.testcase.PurchaseTestCases"/>
  <testcase name="verify_interstetial_for_search_test" time="112.456" classname="com.eduven.testcase.PurchaseTestCases"/>
  <testcase name="verify_interstetial_for_quicklist_test" time="49.629" classname="com.eduven.testcase.PurchaseTestCases"/>
  <testcase name="install_app_and_language_selection_test" time="35.401" classname="com.eduven.testcase.SwitchLanguagePageTestCases"/>
  <testcase name="navigate_to_switch_lingo_page_test" time="12.442" classname="com.eduven.testcase.SwitchLanguagePageTestCases"/>
  <testcase name="switch_lingo_change_base_language_test" time="22.757" classname="com.eduven.testcase.SwitchLanguagePageTestCases"/>
  <testcase name="purchase_native_langugae_test" time="20.457" classname="com.eduven.testcase.SwitchLanguagePageTestCases"/>
  <testcase name="verify_category_list_after_base_language_change_test" time="304.696" classname="com.eduven.testcase.SwitchLanguagePageTestCases"/>
  <testcase name="verify_term_header_and_term_name_test" time="144.048" classname="com.eduven.testcase.SwitchLanguagePageTestCases"/>
  <testcase name="navigate_to_quick_list_test" time="5.815" classname="com.eduven.testcase.SwitchLanguagePageTestCases"/>
  <testcase name="verify_quick_list_headertxt_test" time="1.068" classname="com.eduven.testcase.SwitchLanguagePageTestCases"/>
  <testcase name="verify_quick_list_category_test" time="95.975" classname="com.eduven.testcase.SwitchLanguagePageTestCases"/>
  <testcase name="navigate_to_quick_list_term_test" time="73.254" classname="com.eduven.testcase.SwitchLanguagePageTestCases"/>
  <testcase name="verify_terms_name_on_termlist_page_test" time="1.152" classname="com.eduven.testcase.SwitchLanguagePageTestCases"/>
</testsuite> <!-- Regression Testing -->
