<?xml version="1.0" encoding="UTF-8"?>
<!-- Generated by org.testng.reporters.JUnitXMLReporter -->
<testsuite hostname="Bhardwaj.local" name="Regression Testing" tests="122" failures="1" timestamp="14 Oct 2016 13:17:31 GMT" time="11084.682" errors="0">
  <testcase name="@AfterTest tearDown" time="0.0" classname="com.eduven.testcase.CheckInterstetialBeforePurchase">
    <failure type="java.lang.IllegalArgumentException" message="wrong number of arguments">
      <![CDATA[java.lang.IllegalArgumentException: wrong number of arguments
	at sun.reflect.NativeMethodAccessorImpl.invoke0(Native Method)
	at sun.reflect.NativeMethodAccessorImpl.invoke(NativeMethodAccessorImpl.java:62)
	at sun.reflect.DelegatingMethodAccessorImpl.invoke(DelegatingMethodAccessorImpl.java:43)
	at java.lang.reflect.Method.invoke(Method.java:498)
	at org.testng.internal.MethodInvocationHelper.invokeMethod(MethodInvocationHelper.java:85)
	at org.testng.internal.Invoker.invokeConfigurationMethod(Invoker.java:510)
	at org.testng.internal.Invoker.invokeConfigurations(Invoker.java:211)
	at org.testng.internal.Invoker.invokeConfigurations(Invoker.java:138)
	at org.testng.TestRunner.afterRun(TestRunner.java:1023)
	at org.testng.TestRunner.run(TestRunner.java:628)
	at org.testng.SuiteRunner.runTest(SuiteRunner.java:359)
	at org.testng.SuiteRunner.runSequentially(SuiteRunner.java:354)
	at org.testng.SuiteRunner.privateRun(SuiteRunner.java:312)
	at org.testng.SuiteRunner.run(SuiteRunner.java:261)
	at org.testng.SuiteRunnerWorker.runSuite(SuiteRunnerWorker.java:52)
	at org.testng.SuiteRunnerWorker.run(SuiteRunnerWorker.java:86)
	at org.testng.TestNG.runSuitesSequentially(TestNG.java:1215)
	at org.testng.TestNG.runSuitesLocally(TestNG.java:1140)
	at org.testng.TestNG.run(TestNG.java:1048)
	at com.eduven.utils.RunTestng.main(RunTestng.java:63)
]]>
    </failure>
  </testcase> <!-- @AfterTest tearDown -->
  <testcase name="@AfterTest tearDown" time="0.0" classname="com.eduven.testcase.CheckInterstetialBeforePurchase">
    <skipped/>
  </testcase> <!-- @AfterTest tearDown -->
  <testcase name="install_app_and_language_selection_test" time="93.317" classname="com.eduven.testcase.HomePageTestCases"/>
  <testcase name="verify_element_on_homePage_test" time="3.689" classname="com.eduven.testcase.HomePageTestCases"/>
  <testcase name="verify_footer_element_on_home_page_test" time="0.856" classname="com.eduven.testcase.HomePageTestCases"/>
  <testcase name="installAppAndLanguageSelectionTest" time="34.734" classname="com.eduven.testcase.CategoryPageTestCases"/>
  <testcase name="verifyCategoryHeaderTxtTest" time="3.943" classname="com.eduven.testcase.CategoryPageTestCases"/>
  <testcase name="verifyCategoryListTest" time="293.756" classname="com.eduven.testcase.CategoryPageTestCases"/>
  <testcase name="verifyCategoryTermCountTest" time="484.96" classname="com.eduven.testcase.CategoryPageTestCases"/>
  <testcase name="installAppAndLanguageSelectionTest" time="34.884" classname="com.eduven.testcase.EduBankPageTestCases"/>
  <testcase name="navigateToEdubankTest" time="49.833" classname="com.eduven.testcase.EduBankPageTestCases"/>
  <testcase name="navigateToTermPageTest" time="87.421" classname="com.eduven.testcase.EduBankPageTestCases"/>
  <testcase name="addTermInEdubankTest" time="7.192" classname="com.eduven.testcase.EduBankPageTestCases"/>
  <testcase name="verifyAddedTermInEdubankTest" time="6.66" classname="com.eduven.testcase.EduBankPageTestCases"/>
  <testcase name="remove_terms_from_Edubank_test" time="4.495" classname="com.eduven.testcase.EduBankPageTestCases"/>
  <testcase name="verifyAddedTermInEdubankAfterRemoveOneTermTest" time="23.729" classname="com.eduven.testcase.EduBankPageTestCases"/>
  <testcase name="removeAllTermsFromEdubankTest" time="2.532" classname="com.eduven.testcase.EduBankPageTestCases"/>
  <testcase name="navigateToEdubankQuicklistTest" time="49.286" classname="com.eduven.testcase.EduBankPageTestCases"/>
  <testcase name="navigateToEquicklistPageTest" time="7.982" classname="com.eduven.testcase.EduBankPageTestCases"/>
  <testcase name="navigateToQuicklistTermPageTest" time="52.039" classname="com.eduven.testcase.EduBankPageTestCases"/>
  <testcase name="addTermInEdubankForQuicklistTest" time="10.733" classname="com.eduven.testcase.EduBankPageTestCases"/>
  <testcase name="verifyAddedTermInEdubankForQuicklistTest" time="6.439" classname="com.eduven.testcase.EduBankPageTestCases"/>
  <testcase name="removeTermsFromEdubankForQuicklistTest" time="4.452" classname="com.eduven.testcase.EduBankPageTestCases"/>
  <testcase name="verifyAddedTermInEdubankForQuicklistAfterRemoveOnTermTest" time="23.443" classname="com.eduven.testcase.EduBankPageTestCases"/>
  <testcase name="removeAllTermsFromEdubankForQuicklistTest" time="1.647" classname="com.eduven.testcase.EduBankPageTestCases"/>
  <testcase name="install_app_and_language_selection_test" time="35.545" classname="com.eduven.testcase.SearchPageTestCases"/>
  <testcase name="navigate_to_search_page_test" time="2.811" classname="com.eduven.testcase.SearchPageTestCases"/>
  <testcase name="verify_search_page_header_test" time="2.04" classname="com.eduven.testcase.SearchPageTestCases"/>
  <testcase name="search_word_for_Unlock_term_test" time="59.966" classname="com.eduven.testcase.SearchPageTestCases"/>
  <testcase name="search_page_audio_test" time="7.226" classname="com.eduven.testcase.SearchPageTestCases"/>
  <testcase name="search_word_test" time="26.303" classname="com.eduven.testcase.SearchPageTestCases"/>
  <testcase name="installAppAndLanguageSelectionTest" time="35.236" classname="com.eduven.testcase.GamesPageTestCases"/>
  <testcase name="navigateToGaemPageTest" time="8.609" classname="com.eduven.testcase.GamesPageTestCases"/>
  <testcase name="verifyGameListNavigationTest" time="658.928" classname="com.eduven.testcase.GamesPageTestCases"/>
  <testcase name="selectGameFromGameListTest" time="4.407" classname="com.eduven.testcase.GamesPageTestCases"/>
  <testcase name="verifyElementOnGameHomeScreenTest" time="2.742" classname="com.eduven.testcase.GamesPageTestCases"/>
  <testcase name="questionCountTest" time="1.119" classname="com.eduven.testcase.GamesPageTestCases"/>
  <testcase name="startGameTest" time="2.976" classname="com.eduven.testcase.GamesPageTestCases"/>
  <testcase name="verifyElementOnMainGamePageScreenTest" time="9.601" classname="com.eduven.testcase.GamesPageTestCases"/>
  <testcase name="selectRandomOptionForQuestionTest" time="11.431" classname="com.eduven.testcase.GamesPageTestCases"/>
  <testcase name="verifyAttemptedQuestionOnScoreBoardTest" time="0.0" classname="com.eduven.testcase.GamesPageTestCases"/>
  <testcase name="verifyWrongAttemptedQuestionOnScoreBoardTest" time="1.121" classname="com.eduven.testcase.GamesPageTestCases"/>
  <testcase name="installAppAndLanguageSelectionTest" time="35.526" classname="com.eduven.testcase.EvMenuPageTestCases"/>
  <testcase name="navigateToMoreAppsPageTest" time="7.723" classname="com.eduven.testcase.EvMenuPageTestCases"/>
  <testcase name="verifyMoreAppsPageLoadedTest" time="4.993" classname="com.eduven.testcase.EvMenuPageTestCases"/>
  <testcase name="navigateToAppListPageTest" time="4.576" classname="com.eduven.testcase.EvMenuPageTestCases"/>
  <testcase name="verifyGooglePlayStorePageLoadedTest" time="8.49" classname="com.eduven.testcase.EvMenuPageTestCases"/>
  <testcase name="navigateContributePageTest" time="5.76" classname="com.eduven.testcase.EvMenuPageTestCases"/>
  <testcase name="verifyContributePageWithoutTextTest" time="14.984" classname="com.eduven.testcase.EvMenuPageTestCases"/>
  <testcase name="verifyContributePageWithCategoryTest" time="37.392" classname="com.eduven.testcase.EvMenuPageTestCases"/>
  <testcase name="verifyContributePageWithWordTest" time="42.348" classname="com.eduven.testcase.EvMenuPageTestCases"/>
  <testcase name="verifyContributePageWithRequiredTextTest" time="83.674" classname="com.eduven.testcase.EvMenuPageTestCases"/>
  <testcase name="categorySettingPageTest" time="1056.617" classname="com.eduven.testcase.EvMenuPageTestCases"/>
  <testcase name="wordOfDayTest" time="19.016" classname="com.eduven.testcase.EvMenuPageTestCases"/>
  <testcase name="verifyDislcaimerTest" time="15.145" classname="com.eduven.testcase.EvMenuPageTestCases"/>
  <testcase name="verifyFaqsTest" time="15.758" classname="com.eduven.testcase.EvMenuPageTestCases"/>
  <testcase name="verifyTermAndConditionTest" time="35.866" classname="com.eduven.testcase.EvMenuPageTestCases"/>
  <testcase name="verifyPrivacyPolicyTest" time="37.083" classname="com.eduven.testcase.EvMenuPageTestCases"/>
  <testcase name="checkAllCategoryInCategorySettingTest" time="239.967" classname="com.eduven.testcase.EvMenuPageTestCases"/>
  <testcase name="getInTouchPageTest" time="42.434" classname="com.eduven.testcase.EvMenuPageTestCases"/>
  <testcase name="navigate_to_app_sharing_test" time="12.638" classname="com.eduven.testcase.EvMenuPageTestCases"/>
  <testcase name="login_into_social_site_test" time="65.386" classname="com.eduven.testcase.EvMenuPageTestCases"/>
  <testcase name="app_sharing_message_test" time="16.787" classname="com.eduven.testcase.EvMenuPageTestCases"/>
  <testcase name="verify_audience_type_and_post_message_test" time="23.693" classname="com.eduven.testcase.EvMenuPageTestCases"/>
  <testcase name="verifyRateThisAppTest" time="42.151" classname="com.eduven.testcase.EvMenuPageTestCases"/>
  <testcase name="installAppAndLanguageSelectionTest" time="34.748" classname="com.eduven.testcase.TermListPageTestCases"/>
  <testcase name="navigateToEditTermPageTest" time="60.812" classname="com.eduven.testcase.TermListPageTestCases"/>
  <testcase name="verifyContributePageWithoutTextTest" time="15.758" classname="com.eduven.testcase.TermListPageTestCases"/>
  <testcase name="verifyContributePageWithTest" time="79.95" classname="com.eduven.testcase.TermListPageTestCases"/>
  <testcase name="install_app_and_language_selection_test" time="34.989" classname="com.eduven.testcase.QuickListPageTestCases"/>
  <testcase name="navigate_to_quick_list_test" time="5.876" classname="com.eduven.testcase.QuickListPageTestCases"/>
  <testcase name="verify_quick_list_headertxt_test" time="1.584" classname="com.eduven.testcase.QuickListPageTestCases"/>
  <testcase name="verify_quick_list_category_test" time="78.749" classname="com.eduven.testcase.QuickListPageTestCases"/>
  <testcase name="navigate_to_quick_list_term_test" time="56.949" classname="com.eduven.testcase.QuickListPageTestCases"/>
  <testcase name="verify_terms_name_on_termlist_page_test" time="39.116" classname="com.eduven.testcase.QuickListPageTestCases"/>
  <testcase name="verify_unlock_term_name_on_term_list_page_test" time="142.501" classname="com.eduven.testcase.QuickListPageTestCases"/>
  <testcase name="verify_lock_term_name_on_term_list_page_test" time="97.786" classname="com.eduven.testcase.QuickListPageTestCases"/>
  <testcase name="installAppAndLanguageSelectionTest" time="36.41" classname="com.eduven.testcase.AutoPlayPageTestCases"/>
  <testcase name="handlingRateAppPopupTest" time="0.0" classname="com.eduven.testcase.AutoPlayPageTestCases"/>
  <testcase name="verifyCategoryHeaderTxt" time="3.245" classname="com.eduven.testcase.AutoPlayPageTestCases"/>
  <testcase name="selectRandomCategoryTest" time="85.721" classname="com.eduven.testcase.AutoPlayPageTestCases"/>
  <testcase name="verifyButtonsRelatedAutPlayTest" time="5.029" classname="com.eduven.testcase.AutoPlayPageTestCases"/>
  <testcase name="getFirstTermNameBeforeStartTest" time="0.429" classname="com.eduven.testcase.AutoPlayPageTestCases"/>
  <testcase name="increaseDelayTimeTest" time="20.632" classname="com.eduven.testcase.AutoPlayPageTestCases"/>
  <testcase name="startTurboPlayTest" time="1.488" classname="com.eduven.testcase.AutoPlayPageTestCases"/>
  <testcase name="verifyElementAfterStartTurboPlayTest" time="4.409" classname="com.eduven.testcase.AutoPlayPageTestCases"/>
  <testcase name="verifyAutoPlayWorksTest" time="2.448" classname="com.eduven.testcase.AutoPlayPageTestCases">
    <failure type="java.lang.AssertionError" message="Error Messsage!!Term Name still matched.">
      <![CDATA[java.lang.AssertionError: Error Messsage!!Term Name still matched.
	at org.testng.Assert.fail(Assert.java:94)
	at org.testng.Assert.assertNotEquals(Assert.java:856)
	at com.eduven.utils.Reusables.verifyNotEqualMessage(Reusables.java:767)
	at com.eduven.modules.AutoPlay.verifyTermNameAfterAutoPlay(AutoPlay.java:202)
	at com.eduven.testcase.AutoPlayPageTestCases.verifyAutoPlayWorksTest(AutoPlayPageTestCases.java:73)
	at sun.reflect.NativeMethodAccessorImpl.invoke0(Native Method)
	at sun.reflect.NativeMethodAccessorImpl.invoke(NativeMethodAccessorImpl.java:62)
	at sun.reflect.DelegatingMethodAccessorImpl.invoke(DelegatingMethodAccessorImpl.java:43)
	at java.lang.reflect.Method.invoke(Method.java:498)
	at org.testng.internal.MethodInvocationHelper.invokeMethod(MethodInvocationHelper.java:85)
	at org.testng.internal.Invoker.invokeMethod(Invoker.java:639)
	at org.testng.internal.Invoker.invokeTestMethod(Invoker.java:816)
	at org.testng.internal.Invoker.invokeTestMethods(Invoker.java:1124)
	at org.testng.internal.TestMethodWorker.invokeTestMethods(TestMethodWorker.java:125)
	at org.testng.internal.TestMethodWorker.run(TestMethodWorker.java:108)
	at org.testng.TestRunner.privateRun(TestRunner.java:774)
	at org.testng.TestRunner.run(TestRunner.java:624)
	at org.testng.SuiteRunner.runTest(SuiteRunner.java:359)
	at org.testng.SuiteRunner.runSequentially(SuiteRunner.java:354)
	at org.testng.SuiteRunner.privateRun(SuiteRunner.java:312)
	at org.testng.SuiteRunner.run(SuiteRunner.java:261)
	at org.testng.SuiteRunnerWorker.runSuite(SuiteRunnerWorker.java:52)
	at org.testng.SuiteRunnerWorker.run(SuiteRunnerWorker.java:86)
	at org.testng.TestNG.runSuitesSequentially(TestNG.java:1215)
	at org.testng.TestNG.runSuitesLocally(TestNG.java:1140)
	at org.testng.TestNG.run(TestNG.java:1048)
	at com.eduven.utils.RunTestng.main(RunTestng.java:63)
]]>
    </failure>
  </testcase> <!-- verifyAutoPlayWorksTest -->
  <testcase name="installAppAndLanguageSelectionTest" time="34.704" classname="com.eduven.testcase.NetworkRelatedTestCases"/>
  <testcase name="turnoffNetworkConnectionTest" time="24.139" classname="com.eduven.testcase.NetworkRelatedTestCases"/>
  <testcase name="verifyEVMenuForNetworkConnectionTest" time="34.632" classname="com.eduven.testcase.NetworkRelatedTestCases"/>
  <testcase name="verifyPurchaseAppRelatedNetworkConnectionTest" time="18.275" classname="com.eduven.testcase.NetworkRelatedTestCases"/>
  <testcase name="verifySwicthLingoRelatedNetworkConnectionTest" time="40.264" classname="com.eduven.testcase.NetworkRelatedTestCases"/>
  <testcase name="turnOnNetworkConnectionTest" time="32.761" classname="com.eduven.testcase.NetworkRelatedTestCases"/>
  <testcase name="handlingRateAppPopupTest" time="0.0" classname="com.eduven.testcase.CheckInterstetialBeforePurchase"/>
  <testcase name="installAppAndLanguageSelectionTest" time="34.442" classname="com.eduven.testcase.CheckInterstetialBeforePurchase"/>
  <testcase name="verifyInterstetialForWordListTest" time="279.266" classname="com.eduven.testcase.CheckInterstetialBeforePurchase"/>
  <testcase name="verifyInterstetialForSearchTest" time="95.75" classname="com.eduven.testcase.CheckInterstetialBeforePurchase"/>
  <testcase name="verifyInterstetialForQuicklistTest" time="31.238" classname="com.eduven.testcase.CheckInterstetialBeforePurchase"/>
  <testcase name="verifyInterstetialForGamesTest" time="90.806" classname="com.eduven.testcase.CheckInterstetialBeforePurchase"/>
  <testcase name="verifyInterstetialForInAppTest" time="32.659" classname="com.eduven.testcase.CheckInterstetialBeforePurchase"/>
  <testcase name="installAppAndLanguageSelectionTest" time="34.411" classname="com.eduven.testcase.ThirtyPercentageFeatureTestCase"/>
  <testcase name="checkFirstTermAsUnlockTermTest" time="3606.11" classname="com.eduven.testcase.ThirtyPercentageFeatureTestCase"/>
  <testcase name="check_thirty_percentage_feature_test" time="0.001" classname="com.eduven.testcase.ThirtyPercentageFeatureTestCase"/>
  <testcase name="installAppAndLanguageSelectionTest" time="34.951" classname="com.eduven.testcase.PurchaseTestCases"/>
  <testcase name="verify_lock_term_before_purchase_test" time="267.768" classname="com.eduven.testcase.PurchaseTestCases"/>
  <testcase name="navigate_to_buy_test" time="4.657" classname="com.eduven.testcase.PurchaseTestCases"/>
  <testcase name="premium_word_purchase_test" time="47.148" classname="com.eduven.testcase.PurchaseTestCases"/>
  <testcase name="verify_more_app_btn_after_purchase" time="5.107" classname="com.eduven.testcase.PurchaseTestCases"/>
  <testcase name="verify_lock_term_appear_as_unlock_term_test" time="94.616" classname="com.eduven.testcase.PurchaseTestCases"/>
  <testcase name="verify_interstetial_for_games_test" time="108.992" classname="com.eduven.testcase.PurchaseTestCases"/>
  <testcase name="verify_interstetial_for_word_list_test" time="264.604" classname="com.eduven.testcase.PurchaseTestCases"/>
  <testcase name="verify_interstetial_for_search_test" time="113.409" classname="com.eduven.testcase.PurchaseTestCases"/>
  <testcase name="verify_interstetial_for_quicklist_test" time="50.828" classname="com.eduven.testcase.PurchaseTestCases"/>
  <testcase name="install_app_and_language_selection_test" time="35.521" classname="com.eduven.testcase.SwitchLanguagePageTestCases"/>
  <testcase name="navigate_to_switch_lingo_page_test" time="12.659" classname="com.eduven.testcase.SwitchLanguagePageTestCases"/>
  <testcase name="switch_lingo_change_base_language_test" time="23.187" classname="com.eduven.testcase.SwitchLanguagePageTestCases"/>
  <testcase name="purchase_native_langugae_test" time="20.207" classname="com.eduven.testcase.SwitchLanguagePageTestCases"/>
  <testcase name="verify_category_list_after_base_language_change_test" time="269.717" classname="com.eduven.testcase.SwitchLanguagePageTestCases"/>
  <testcase name="verify_term_header_and_term_name_test" time="146.909" classname="com.eduven.testcase.SwitchLanguagePageTestCases"/>
  <testcase name="navigate_to_quick_list_test" time="6.055" classname="com.eduven.testcase.SwitchLanguagePageTestCases"/>
  <testcase name="verify_quick_list_headertxt_test" time="1.467" classname="com.eduven.testcase.SwitchLanguagePageTestCases"/>
  <testcase name="verify_quick_list_category_test" time="77.499" classname="com.eduven.testcase.SwitchLanguagePageTestCases"/>
  <testcase name="navigate_to_quick_list_term_test" time="25.341" classname="com.eduven.testcase.SwitchLanguagePageTestCases"/>
  <testcase name="verify_terms_name_on_termlist_page_test" time="1.138" classname="com.eduven.testcase.SwitchLanguagePageTestCases"/>
</testsuite> <!-- Regression Testing -->
